 # S-Yields (as defined by McGuire)

# Atomic number Z= 34  Date:31-10-2019

# Shelli ---> Shellf   RadYield  AugYield  SupYield  ModYield
  K      ---> L1      1.774E-05 1.678E-01 1.678E-01 1.678E-01
  K      ---> L2      1.763E-01 1.907E-01 3.670E-01 4.038E-01
  K      ---> L3      3.420E-01 1.138E-01 4.557E-01 5.716E-01
  K      ---> M1      7.073E-07 2.963E-03 2.964E-03 8.689E-02
  K      ---> M2      2.539E-02 3.373E-03 2.877E-02 3.890E-01
  K      ---> M3      4.981E-02 1.146E-03 5.095E-02 3.170E-01
  K      ---> M4      8.856E-05 3.395E-05 1.225E-04 8.372E-01
  K      ---> M5      1.158E-04 2.029E-05 1.361E-04 4.833E-01

  L1     ---> L2      7.726E-06 2.193E-01 2.193E-01 2.193E-01
  L1     ---> L3      2.905E-05 6.504E-01 6.504E-01 6.540E-01
  L1     ---> M1      1.908E-07 8.324E-02 8.324E-02 1.456E-01
  L1     ---> M2      6.999E-04 1.388E-02 1.458E-02 3.161E-01
  L1     ---> M3      1.279E-03 3.790E-03 5.069E-03 3.052E-01
  L1     ---> M4      4.294E-06 3.062E-02 3.062E-02 7.774E-01
  L1     ---> M5      5.732E-06 4.993E-03 4.999E-03 4.625E-01

  L2     ---> L3      4.072E-10 1.651E-02 1.651E-02 1.651E-02
  L2     ---> M1      6.159E-04 7.228E-02 7.289E-02 7.406E-02
  L2     ---> M2      1.567E-06 4.727E-01 4.727E-01 4.883E-01
  L2     ---> M3      2.705E-06 9.232E-02 9.232E-02 1.285E-01
  L2     ---> M4      1.449E-02 3.387E-01 3.531E-01 8.273E-01
  L2     ---> M5      2.245E-03 1.217E-01 1.240E-01 3.713E-01

  L3     ---> M1      6.059E-04 7.028E-02 7.089E-02 7.089E-02
  L3     ---> M2      1.179E-06 2.692E-01 2.692E-01 2.798E-01
  L3     ---> M3      5.034E-06 3.358E-01 3.358E-01 3.652E-01
  L3     ---> M4      3.258E-03 3.450E-01 3.483E-01 7.733E-01
  L3     ---> M5      1.236E-02 1.641E-01 1.765E-01 5.001E-01

  M1     ---> M2      7.069E-06 1.501E-01 1.501E-01 1.501E-01
  M1     ---> M3      1.876E-05 4.140E-01 4.140E-01 4.140E-01
  M1     ---> M4      1.072E-08 2.494E-01 2.494E-01 5.798E-01
  M1     ---> M5      1.478E-08 2.215E-01 2.215E-01 5.194E-01

  M2     ---> M3      4.046E-13 0.000E+00 4.046E-13 4.046E-13
  M2     ---> M4      6.299E-05 7.865E-01 7.865E-01 7.865E-01
  M2     ---> M5      1.100E-05 3.069E-01 3.069E-01 3.069E-01

  M3     ---> M4      1.629E-05 5.129E-01 5.129E-01 5.129E-01
  M3     ---> M5      6.090E-05 6.082E-01 6.082E-01 6.082E-01

  M4     ---> M5      7.876E-14 0.000E+00 7.876E-14 7.876E-14

