# Atomic number Z= 34  Date:31-10-2019

# Radiative Yields
# Shelli ---> Shellf    Yield
  K      ---> K     1.062E-15
  K      ---> L1    1.774E-05
  K      ---> L2    1.763E-01
  K      ---> L3    3.420E-01
  K      ---> M1    7.073E-07
  K      ---> M2    2.539E-02
  K      ---> M3    4.981E-02
  K      ---> M4    8.856E-05
  K      ---> M5    1.158E-04
  K      ---> N1    4.889E-08
  K      ---> N2    4.366E-03
  K      FLyield    5.981E-01

  L1     ---> L1    3.732E-16
  L1     ---> L2    7.726E-06
  L1     ---> L3    2.905E-05
  L1     ---> M1    1.908E-07
  L1     ---> M2    6.999E-04
  L1     ---> M3    1.279E-03
  L1     ---> M4    4.294E-06
  L1     ---> M5    5.732E-06
  L1     ---> N1    1.845E-08
  L1     ---> N2    1.084E-04
  L1     FLyield    2.134E-03

  L2     ---> L2    1.950E-15
  L2     ---> L3    4.072E-10
  L2     ---> M1    6.159E-04
  L2     ---> M2    1.567E-06
  L2     ---> M3    2.705E-06
  L2     ---> M4    1.449E-02
  L2     ---> M5    2.245E-03
  L2     ---> N1    8.319E-05
  L2     ---> N2    5.557E-07
  L2     FLyield    1.744E-02

  L3     ---> L3    3.142E-15
  L3     ---> M1    6.059E-04
  L3     ---> M2    1.179E-06
  L3     ---> M3    5.034E-06
  L3     ---> M4    3.258E-03
  L3     ---> M5    1.236E-02
  L3     ---> N1    8.126E-05
  L3     ---> N2    2.290E-07
  L3     FLyield    1.631E-02

  M1     ---> M1    7.833E-16
  M1     ---> M2    7.069E-06
  M1     ---> M3    1.876E-05
  M1     ---> M4    1.072E-08
  M1     ---> M5    1.478E-08
  M1     ---> N1    3.487E-11
  M1     ---> N2    1.192E-05
  M1     FLyield    3.777E-05

  M2     ---> M2    2.737E-15
  M2     ---> M3    4.046E-13
  M2     ---> M4    6.299E-05
  M2     ---> M5    1.100E-05
  M2     ---> N1    9.915E-06
  M2     ---> N2    2.498E-09
  M2     FLyield    8.391E-05

  M3     ---> M3    4.125E-15
  M3     ---> M4    1.629E-05
  M3     ---> M5    6.090E-05
  M3     ---> N1    1.018E-05
  M3     ---> N2    1.669E-09
  M3     FLyield    8.737E-05

  M4     ---> M4    5.437E-14
  M4     ---> M5    7.876E-14
  M4     ---> N1    3.826E-10
  M4     ---> N2    4.980E-05
  M4     FLyield    4.980E-05

  M5     ---> M4    1.148E-14
  M5     ---> M5    4.431E-14
  M5     ---> N1    3.500E-10
  M5     ---> N2    4.703E-05
  M5     FLyield    4.704E-05


# Non Radiative Yields

# Shelli ---> Shellf    Yield
  K      ---> L1    1.385E-01
  K      ---> L2    1.812E-01
  K      ---> L3    7.577E-02
  K      ---> M1    2.375E-03
  K      ---> M2    3.142E-03
  K      ---> M3    8.180E-04
  K      ---> M4    3.386E-05
  K      ---> M5    1.970E-05
  K      ---> N1    1.299E-05
  K      ---> N2    6.064E-06
  K      ---> N3    3.576E-07
  K      NRyield    4.019E-01


  L1     ---> L2    2.193E-01
  L1     ---> L3    6.504E-01
  L1     ---> M1    7.733E-02
  L1     ---> M2    1.366E-02
  L1     ---> M3    3.687E-03
  L1     ---> M4    3.009E-02
  L1     ---> M5    3.261E-03
  L1     ---> N1    1.679E-04
  L1     ---> N2    1.143E-06
  L1     ---> N3    7.370E-08
  L1     NRyield    9.979E-01


  L2     ---> L3    1.651E-02
  L2     ---> M1    7.006E-02
  L2     ---> M2    4.321E-01
  L2     ---> M3    7.676E-02
  L2     ---> M4    3.226E-01
  L2     ---> M5    6.386E-02
  L2     ---> N1    2.360E-04
  L2     ---> N2    3.719E-04
  L2     ---> N3    8.413E-06
  L2     NRyield    9.826E-01


  L3     ---> M1    6.810E-02
  L3     ---> M2    2.601E-01
  L3     ---> M3    2.416E-01
  L3     ---> M4    3.276E-01
  L3     ---> M5    8.569E-02
  L3     ---> N1    2.197E-04
  L3     ---> N2    3.275E-04
  L3     ---> N3    3.144E-05
  L3     NRyield    9.837E-01


  M1     ---> M2    1.501E-01
  M1     ---> M3    4.140E-01
  M1     ---> M4    2.410E-01
  M1     ---> M5    1.819E-01
  M1     ---> N1    1.240E-02
  M1     ---> N2    4.692E-04
  M1     ---> N3    2.937E-05
  M1     NRyield    1.000E+00


  M2     ---> M4    7.615E-01
  M2     ---> M5    2.263E-01
  M2     ---> N1    5.390E-03
  M2     ---> N2    6.649E-03
  M2     ---> N3    1.089E-04
  M2     NRyield    9.999E-01


  M3     ---> M4    4.920E-01
  M3     ---> M5    4.980E-01
  M3     ---> N1    4.709E-03
  M3     ---> N2    4.643E-03
  M3     ---> N3    5.558E-04
  M3     NRyield    9.999E-01


  M4     ---> N1    9.623E-01
  M4     ---> N2    3.636E-02
  M4     ---> N3    1.284E-03
  M4     NRyield    1.000E+00


  M5     ---> N1    9.513E-01
  M5     ---> N2    4.581E-02
  M5     ---> N3    2.864E-03
  M5     NRyield    1.000E+00


