# Atomic number Z= 29  Date:10-1-2023

# Number	Shelli	ShellLS 2Ji	Eigi	Total Energy (eV)	Ground Energy(eV)	Partial Width (eV)
	1		K1K1	 1s_1s	 2	 1		-26589.87443		18372.00892
	2		K1K1	 1s_1s	 4	 1		-26589.87157		18372.01178
	3		K1K1	 1s_1s	 4	 2		-26589.47778		18372.40557
	4		K1K1	 1s_1s	 6	 1		-26589.86729		18372.01606
	5		K1L3	 1s_2p	 0	 1		-34952.47764		10009.40571
	6		K1L3	 1s_2p	 0	 2		-34952.18206		10009.70129
	7		K1L3	 1s_2p	 0	 3		-34942.69751		10019.18584
	8		K1L2	 1s_2p	 0	 4		-34919.36542		10042.51793
	9		K1L3	 1s_2p	 10	 1		-34952.69977		10009.18358
	10		K1L3	 1s_2p	 2	 1		-34952.71663		10009.16672
	11		K1L3	 1s_2p	 2	 2		-34952.48006		10009.40329
	12		K1L2	 1s_2p	 2	 11		-34918.61254		10043.27081
	13		K1L3	 1s_2p	 2	 3		-34952.43733		10009.44602
	14		K1L3	 1s_2p	 2	 4		-34952.17293		10009.71042
	15		K1L3	 1s_2p	 2	 5		-34942.77925		10019.1041
	16		K1L3	 1s_2p	 2	 6		-34942.66722		10019.21613
	17		K1L3	 1s_2p	 2	 7		-34942.30963		10019.57372
	18		K1L2	 1s_2p	 2	 8		-43843.84160		1118.04175
	19		K1L2	 1s_2p	 2	 9		-34920.20104		10041.68231
	20		K1L2	 1s_2p	 2	 10		-34918.99527		10042.88808
	21		K1L3	 1s_2p	 4	 1		-34952.70256		10009.18079
	22		K1L3	 1s_2p	 4	 2		-34952.49058		10009.39277
	23		K1L2	 1s_2p	 4	 11		-34919.02869		10042.85466
	24		K1L2	 1s_2p	 4	 12		-34919.02424		10042.85911
	25		K1L2	 1s_2p	 4	 13		-34918.99809		10042.88526
	26		K1L2	 1s_2p	 4	 14		-34918.60500		10043.27835
	27		K1L3	 1s_2p	 4	 3		-34952.45946		10009.42389
	28		K1L3	 1s_2p	 4	 4		-34952.16151		10009.72184
	29		K1L3	 1s_2p	 4	 5		-34942.78009		10019.10326
	30		K1L3	 1s_2p	 4	 6		-34942.67825		10019.2051
	31		K1L3	 1s_2p	 4	 7		-34942.61913		10019.26422
	32		K1L3	 1s_2p	 4	 8		-34942.31053		10019.57282
	33		K1L2	 1s_2p	 4	 9		-34927.67666		10034.20669
	34		K1L2	 1s_2p	 4	 10		-34927.27667		10034.60668
	35		K1L3	 1s_2p	 6	 1		-34952.68857		10009.19478
	36		K1L3	 1s_2p	 6	 2		-34952.50499		10009.37836
	37		K1L2	 1s_2p	 6	 11		-34918.61705		10043.2663
	38		K1L3	 1s_2p	 6	 3		-34952.47624		10009.40711
	39		K1L3	 1s_2p	 6	 4		-34952.15616		10009.72719
	40		K1L3	 1s_2p	 6	 5		-34942.77910		10019.10425
	41		K1L3	 1s_2p	 6	 6		-34942.68718		10019.19617
	42		K1L3	 1s_2p	 6	 7		-34942.31116		10019.57219
	43		K1L2	 1s_2p	 6	 8		-43843.70074		1118.18261
	44		K1L2	 1s_2p	 6	 9		-34919.73372		10042.14963
	45		K1L2	 1s_2p	 6	 10		-34919.00231		10042.88104
	46		K1L3	 1s_2p	 8	 1		-34952.68441		10009.19894
	47		K1L3	 1s_2p	 8	 2		-34952.51443		10009.36892
	48		K1L3	 1s_2p	 8	 3		-34952.17169		10009.71166
	49		K1L3	 1s_2p	 8	 4		-34919.01829		10042.86506
	50		K1L2	 1s_2p	 8	 5		-34923.29458		10038.58877
	51		K1L1	 1s_2s	 0	 1		-34803.92924		10157.95411
	52		K1L1	 1s_2s	 2	 1		-34803.92876		10157.95459
	53		K1L1	 1s_2s	 2	 2		-34803.79329		10158.09006
	54		K1L1	 1s_2s	 2	 3		-34803.42272		10158.46063
	55		K1L1	 1s_2s	 2	 4		-35645.11472		9316.76863
	56		K1L1	 1s_2s	 4	 1		-34803.92775		10157.9556
	57		K1L1	 1s_2s	 4	 2		-34803.79016		10158.09319
	58		K1L1	 1s_2s	 4	 3		-34803.70086		10158.18249
	59		K1L1	 1s_2s	 4	 4		-34803.41747		10158.46588
	60		K1L1	 1s_2s	 4	 5		-34770.95665		10190.9267
	61		K1L1	 1s_2s	 4	 6		-34771.16562		10190.71773
	62		K1L1	 1s_2s	 6	 1		-34803.92609		10157.95726
	63		K1L1	 1s_2s	 6	 2		-34803.79043		10158.09292
	64		K1L1	 1s_2s	 6	 3		-34803.41922		10158.46413
	65		K1L1	 1s_2s	 6	 4		-35645.09746		9316.78589
	66		K1L1	 1s_2s	 8	 1		-34803.92362		10157.95973
	67		K1M5	 1s_3d	 0	 1		-35956.68604		9005.19731
	68		K1M4	 1s_3d	 0	 2		-35956.47674		9005.40661
	69		K1M4	 1s_3d	 0	 3		-35956.35718		9005.52617
	70		K1M4	 1s_3d	 0	 4		-35956.11711		9005.76624
	71		K1M4	 1s_3d	 0	 5		-35955.91842		9005.96493
	72		K1M5	 1s_3d	 0	 6		-35955.06708		9006.81627
	73		K1M5	 1s_3d	 10	 1		-35956.84432		9005.03903
	74		K1M5	 1s_3d	 10	 2		-35956.73473		9005.14862
	75		K1M5	 1s_3d	 10	 3		-35956.59992		9005.28343
	76		K1M4	 1s_3d	 10	 4		-35956.32453		9005.55882
	77		K1M5	 1s_3d	 10	 5		-35956.04877		9005.83458
	78		K1M5	 1s_3d	 12	 1		-35956.89475		9004.9886
	79		K1M5	 1s_3d	 2	 1		-35956.76980		9005.11355
	80		K1M5	 1s_3d	 2	 2		-35956.68747		9005.19588
	81		K1M5	 1s_3d	 2	 11		-35956.00197		9005.88138
	82		K1M4	 1s_3d	 2	 12		-35955.89482		9005.98853
	83		K1M4	 1s_3d	 2	 13		-35955.79736		9006.08599
	84		K1M5	 1s_3d	 2	 14		-35955.20199		9006.68136
	85		K1M5	 1s_3d	 2	 3		-35956.62956		9005.25379
	86		K1M4	 1s_3d	 2	 4		-35956.55496		9005.32839
	87		K1M5	 1s_3d	 2	 5		-35956.43032		9005.45303
	88		K1M4	 1s_3d	 2	 6		-35956.39979		9005.48356
	89		K1M4	 1s_3d	 2	 7		-35956.28245		9005.6009
	90		K1M5	 1s_3d	 2	 8		-35956.35160		9005.53175
	91		K1M4	 1s_3d	 2	 9		-35955.97358		9005.90977
	92		K1M5	 1s_3d	 2	 10		-35956.18739		9005.69596
	93		K1M5	 1s_3d	 4	 1		-35956.99828		9004.88507
	94		K1M5	 1s_3d	 4	 2		-35956.79557		9005.08778
	95		K1M4	 1s_3d	 4	 11		-35956.12258		9005.76077
	96		K1M4	 1s_3d	 4	 12		-35956.24112		9005.64223
	97		K1M5	 1s_3d	 4	 13		-35956.02509		9005.85826
	98		K1M5	 1s_3d	 4	 14		-35955.94284		9005.94051
	99		K1M4	 1s_3d	 4	 15		-35955.82815		9006.0552
	100		K1M4	 1s_3d	 4	 16		-35955.73482		9006.14853
	101		K1M4	 1s_3d	 4	 3		-35956.66499		9005.21836
	102		K1M4	 1s_3d	 4	 4		-35956.60003		9005.28332
	103		K1M5	 1s_3d	 4	 5		-35956.58040		9005.30295
	104		K1M5	 1s_3d	 4	 6		-35956.46468		9005.41867
	105		K1M4	 1s_3d	 4	 7		-35956.39071		9005.49264
	106		K1M4	 1s_3d	 4	 8		-35956.35704		9005.52631
	107		K1M5	 1s_3d	 4	 9		-35956.34998		9005.53337
	108		K1M5	 1s_3d	 4	 10		-35956.26761		9005.61574
	109		K1M5	 1s_3d	 6	 1		-35956.86734		9005.01601
	110		K1M5	 1s_3d	 6	 2		-35956.74104		9005.14231
	111		K1M4	 1s_3d	 6	 11		-35956.23781		9005.64554
	112		K1M4	 1s_3d	 6	 12		-35955.97569		9005.90766
	113		K1M5	 1s_3d	 6	 13		-35955.90918		9005.97417
	114		K1M5	 1s_3d	 6	 14		-35955.82512		9006.05823
	115		K1M4	 1s_3d	 6	 15		-35955.76513		9006.11822
	116		K1M5	 1s_3d	 6	 3		-35956.69104		9005.19231
	117		K1M5	 1s_3d	 6	 4		-35956.57250		9005.31085
	118		K1M4	 1s_3d	 6	 5		-35956.52879		9005.35456
	119		K1M5	 1s_3d	 6	 6		-35956.39430		9005.48905
	120		K1M4	 1s_3d	 6	 7		-35956.36119		9005.52216
	121		K1M4	 1s_3d	 6	 8		-35956.30833		9005.57502
	122		K1M4	 1s_3d	 6	 9		-35956.23572		9005.64763
	123		K1M5	 1s_3d	 6	 10		-35956.16947		9005.71388
	124		K1M5	 1s_3d	 8	 1		-35956.82000		9005.06335
	125		K1M5	 1s_3d	 8	 2		-35956.77367		9005.10968
	126		K1M5	 1s_3d	 8	 11		-35955.84880		9006.03455
	127		K1M5	 1s_3d	 8	 3		-35956.64811		9005.23524
	128		K1M5	 1s_3d	 8	 4		-35956.52833		9005.35502
	129		K1M4	 1s_3d	 8	 5		-35956.41468		9005.46867
	130		K1M5	 1s_3d	 8	 6		-35956.28029		9005.60306
	131		K1M4	 1s_3d	 8	 7		-35956.21766		9005.66569
	132		K1M4	 1s_3d	 8	 8		-35956.31157		9005.57178
	133		K1M5	 1s_3d	 8	 9		-35956.00828		9005.87507
	134		K1M4	 1s_3d	 8	 10		-35955.95976		9005.92359
	135		K1M3	 1s_3p	 0	 1		-35875.56637		9086.31698
	136		K1M3	 1s_3p	 0	 2		-35874.89683		9086.98652
	137		K1M3	 1s_3p	 0	 3		-35874.51882		9087.36453
	138		K1M2	 1s_3p	 0	 4		-35871.35676		9090.52659
	139		K1M3	 1s_3p	 10	 1		-35875.81519		9086.06816
	140		K1M3	 1s_3p	 2	 1		-35875.85995		9086.0234
	141		K1M3	 1s_3p	 2	 2		-35875.56242		9086.32093
	142		K1M2	 1s_3p	 2	 11		-35871.03979		9090.84356
	143		K1M3	 1s_3p	 2	 3		-35874.88884		9086.99451
	144		K1M3	 1s_3p	 2	 4		-35875.17018		9086.71317
	145		K1M3	 1s_3p	 2	 5		-35874.05604		9087.82731
	146		K1M3	 1s_3p	 2	 6		-35874.30960		9087.57375
	147		K1M3	 1s_3p	 2	 7		-35873.94741		9087.93594
	148		K1M2	 1s_3p	 2	 8		-35872.19940		9089.68395
	149		K1M2	 1s_3p	 2	 9		-35871.43631		9090.44704
	150		K1M2	 1s_3p	 2	 10		-35871.34580		9090.53755
	151		K1M3	 1s_3p	 4	 1		-35875.81689		9086.06646
	152		K1M3	 1s_3p	 4	 2		-35875.57367		9086.30968
	153		K1M2	 1s_3p	 4	 11		-35871.51109		9090.37226
	154		K1M2	 1s_3p	 4	 12		-35871.48860		9090.39475
	155		K1M2	 1s_3p	 4	 13		-35871.33793		9090.54542
	156		K1M2	 1s_3p	 4	 14		-35870.98760		9090.89575
	157		K1M3	 1s_3p	 4	 3		-35874.89284		9086.99051
	158		K1M3	 1s_3p	 4	 4		-35875.13080		9086.75255
	159		K1M3	 1s_3p	 4	 5		-35874.20585		9087.6775
	160		K1M3	 1s_3p	 4	 6		-35874.06400		9087.81935
	161		K1M3	 1s_3p	 4	 7		-35874.14373		9087.73962
	162		K1M3	 1s_3p	 4	 8		-35873.94454		9087.93881
	163		K1M2	 1s_3p	 4	 9		-35872.36104		9089.52231
	164		K1M2	 1s_3p	 4	 10		-35871.94450		9089.93885
	165		K1M3	 1s_3p	 6	 1		-35875.77129		9086.11206
	166		K1M3	 1s_3p	 6	 2		-35875.59322		9086.29013
	167		K1M2	 1s_3p	 6	 11		-35871.03075		9090.8526
	168		K1M3	 1s_3p	 6	 3		-35874.86651		9087.01684
	169		K1M3	 1s_3p	 6	 4		-35875.09736		9086.78599
	170		K1M3	 1s_3p	 6	 5		-35873.88825		9087.9951
	171		K1M3	 1s_3p	 6	 6		-35874.34168		9087.54167
	172		K1M2	 1s_3p	 6	 7		-35873.94440		9087.93895
	173		K1M2	 1s_3p	 6	 8		-35872.37010		9089.51325
	174		K1M2	 1s_3p	 6	 9		-35871.46696		9090.41639
	175		K1M2	 1s_3p	 6	 10		-35871.34295		9090.5404
	176		K1M3	 1s_3p	 8	 1		-35875.76372		9086.11963
	177		K1M3	 1s_3p	 8	 2		-35875.60558		9086.27777
	178		K1M3	 1s_3p	 8	 3		-35875.16066		9086.72269
	179		K1M3	 1s_3p	 8	 4		-35874.51100		9087.37235
	180		K1M2	 1s_3p	 8	 5		-35871.38227		9090.50108
	181		K1M1	 1s_3s	 0	 1		-35827.52596		9134.35739
	182		K1M1	 1s_3s	 2	 1		-35827.52544		9134.35791
	183		K1M1	 1s_3s	 2	 2		-35827.38202		9134.50133
	184		K1M1	 1s_3s	 2	 3		-35827.04973		9134.83362
	185		K1M1	 1s_3s	 2	 4		-35825.65035		9136.233
	186		K1M1	 1s_3s	 4	 1		-35827.52436		9134.35899
	187		K1M1	 1s_3s	 4	 2		-35827.37893		9134.50442
	188		K1M1	 1s_3s	 4	 3		-35827.28830		9134.59505
	189		K1M1	 1s_3s	 4	 4		-35827.04712		9134.83623
	190		K1M1	 1s_3s	 4	 5		-35825.65055		9136.2328
	191		K1M1	 1s_3s	 4	 6		-35825.29224		9136.59111
	192		K1M1	 1s_3s	 6	 1		-35827.52267		9134.36068
	193		K1M1	 1s_3s	 6	 2		-35827.37913		9134.50422
	194		K1M1	 1s_3s	 6	 3		-35827.04867		9134.83468
	195		K1M1	 1s_3s	 6	 4		-35825.64449		9136.23886
	196		K1M1	 1s_3s	 8	 1		-35827.52024		9134.36311
	197		K14d	 1s_4d	 0	 1		-35975.80494		8986.07841
	198		K14d	 1s_4d	 2	 1		-35975.89633		8985.98702
	199		K1N1	 1s_4s	 2	 1		-35965.10282		8996.78053
	200		K1N1	 1s_4s	 4	 1		-35965.10321		8996.78014
	201		K1N1	 1s_4s	 4	 2		-35965.09722		8996.78613
	202		K1N1	 1s_4s	 6	 1		-35965.09782		8996.78553
	203		L3L3	 2p_2p	 0	 1		-43030.97010		1930.91325
	204		L3L3	 2p_2p	 0	 2		-43030.54027		1931.34308
	205		L2L3	 2p_2p	 0	 3		-43013.03287		1948.85048
	206		L2L3	 2p_2p	 0	 4		-43002.39598		1959.48737
	207		L2L3	 2p_2p	 0	 5		-43002.01361		1959.86974
	208		L3L3	 2p_2p	 10	 1		-43031.07053		1930.81282
	209		L2L3	 2p_2p	 10	 2		-43002.45578		1959.42757
	210		L3L3	 2p_2p	 2	 1		-43031.06918		1930.81417
	211		L3L3	 2p_2p	 2	 2		-43030.95642		1930.92693
	212		L2L3	 2p_2p	 2	 11		-43002.38278		1959.50057
	213		L2L3	 2p_2p	 2	 12		-43002.00788		1959.87547
	214		L2L2	 2p_2p	 2	 13		-42897.08781		2064.79554
	215		L3L3	 2p_2p	 2	 3		-43030.85180		1931.03155
	216		L3L3	 2p_2p	 2	 4		-43030.54267		1931.34068
	217		L3L3	 2p_2p	 2	 5		-43017.71421		1944.16914
	218		L2L3	 2p_2p	 2	 6		-43013.02377		1948.85958
	219		L2L3	 2p_2p	 2	 7		-43012.90747		1948.97588
	220		L2L3	 2p_2p	 2	 8		-43012.54281		1949.34054
	221		L2L3	 2p_2p	 2	 9		-43002.44432		1959.43903
	222		L2L3	 2p_2p	 2	 10		-43002.39890		1959.48445
	223		L3L3	 2p_2p	 4	 1		-43031.07838		1930.80497
	224		L3L3	 2p_2p	 4	 2		-43030.94218		1930.94117
	225		L2L3	 2p_2p	 4	 11		-43002.43852		1959.44483
	226		L2L3	 2p_2p	 4	 12		-43002.40447		1959.47888
	227		L2L3	 2p_2p	 4	 13		-43002.39438		1959.48897
	228		L2L3	 2p_2p	 4	 14		-43002.00130		1959.88205
	229		L2L2	 2p_2p	 4	 15		-42973.33268		1988.55067
	230		L2L2	 2p_2p	 4	 16		-42972.92087		1988.96248
	231		L3L3	 2p_2p	 4	 3		-43030.83811		1931.04524
	232		L3L3	 2p_2p	 4	 4		-43030.54843		1931.33492
	233		L3L3	 2p_2p	 4	 5		-43017.70829		1944.17506
	234		L3L3	 2p_2p	 4	 6		-43017.28990		1944.59345
	235		L2L3	 2p_2p	 4	 7		-43013.01086		1948.87249
	236		L2L3	 2p_2p	 4	 8		-43012.91325		1948.9701
	237		L2L3	 2p_2p	 4	 9		-43012.86073		1949.02262
	238		L2L3	 2p_2p	 4	 10		-43012.53097		1949.35238
	239		L3L3	 2p_2p	 6	 1		-43031.08525		1930.7981
	240		L3L3	 2p_2p	 6	 2		-43030.94150		1930.94185
	241		L2L3	 2p_2p	 6	 11		-43002.40450		1959.47885
	242		L2L3	 2p_2p	 6	 12		-43002.00127		1959.88208
	243		L2L2	 2p_2p	 6	 13		-42958.49799		2003.38536
	244		L3L3	 2p_2p	 6	 3		-43030.86909		1931.01426
	245		L3L3	 2p_2p	 6	 4		-43030.55329		1931.33006
	246		L3L3	 2p_2p	 6	 5		-43017.69970		1944.18365
	247		L2L3	 2p_2p	 6	 6		-43013.00557		1948.87778
	248		L2L3	 2p_2p	 6	 7		-43012.92521		1948.95814
	249		L2L3	 2p_2p	 6	 8		-43012.54113		1949.34222
	250		L2L3	 2p_2p	 6	 9		-43002.43440		1959.44895
	251		L2L3	 2p_2p	 6	 10		-43002.42732		1959.45603
	252		L3L3	 2p_2p	 8	 1		-43031.08600		1930.79735
	253		L3L3	 2p_2p	 8	 2		-43030.97111		1930.91224
	254		L3L3	 2p_2p	 8	 3		-43030.54977		1931.33358
	255		L2L3	 2p_2p	 8	 4		-43002.41720		1959.46615
	256		L2L3	 2p_2p	 8	 5		-43002.44633		1959.43702
	257		L2L3	 2p_2p	 8	 6		-43002.41712		1959.46623
	258		L2L3	 2p_2p	 8	 7		-43002.02091		1959.86244
	259		L3M5	 2p_3d	 0	 1		-44004.81025		957.0731
	260		L3M5	 2p_3d	 0	 2		-44004.37828		957.50507
	261		L2M5	 2p_3d	 0	 11		-43982.89979		978.98356
	262		L2M5	 2p_3d	 0	 12		-43982.59370		979.28965
	263		L2M4	 2p_3d	 0	 13		-43981.94223		979.94112
	264		L2M5	 2p_3d	 0	 14		-43980.70997		981.17338
	265		L3M4	 2p_3d	 0	 3		-44003.57587		958.30748
	266		L3M4	 2p_3d	 0	 4		-44002.74602		959.13733
	267		L3M4	 2p_3d	 0	 5		-44002.39851		959.48484
	268		L3M5	 2p_3d	 0	 6		-44002.06979		959.81356
	269		L3M5	 2p_3d	 0	 7		-44001.08079		960.80256
	270		L3M5	 2p_3d	 0	 8		-44000.73686		961.14649
	271		L2M4	 2p_3d	 0	 9		-43984.40527		977.47808
	272		L2M4	 2p_3d	 0	 10		-43984.02199		977.86136
	273		L3M5	 2p_3d	 10	 1		-44004.98923		956.89412
	274		L3M5	 2p_3d	 10	 2		-44004.85520		957.02815
	275		L3M5	 2p_3d	 10	 11		-44000.94742		960.93593
	276		L3M5	 2p_3d	 10	 12		-44000.63419		961.24916
	277		L2M4	 2p_3d	 10	 13		-43984.35688		977.52647
	278		L2M5	 2p_3d	 10	 14		-43983.17613		978.70722
	279		L2M5	 2p_3d	 10	 15		-43982.34164		979.54171
	280		L2M5	 2p_3d	 10	 16		-43982.26284		979.62051
	281		L2M5	 2p_3d	 10	 17		-43981.84554		980.03781
	282		L3M5	 2p_3d	 10	 3		-44004.74496		957.13839
	283		L3M5	 2p_3d	 10	 4		-44004.69932		957.18403
	284		L3M5	 2p_3d	 10	 5		-44004.36600		957.51735
	285		L3M4	 2p_3d	 10	 6		-44003.80545		958.0779
	286		L3M5	 2p_3d	 10	 7		-44003.72768		958.15567
	287		L3M4	 2p_3d	 10	 8		-44003.32234		958.56101
	288		L3M4	 2p_3d	 10	 9		-44002.83296		959.05039
	289		L3M5	 2p_3d	 10	 10		-44001.04810		960.83525
	290		L3M5	 2p_3d	 12	 1		-44004.99839		956.88496
	291		L3M5	 2p_3d	 12	 2		-44004.91014		956.97321
	292		L3M4	 2p_3d	 12	 3		-44004.44670		957.43665
	293		L3M5	 2p_3d	 12	 4		-44001.04620		960.83715
	294		L3M5	 2p_3d	 12	 5		-43982.49711		979.38624
	295		L2M5	 2p_3d	 12	 6		-43933.88348		1027.99987
	296		L3M5	 2p_3d	 14	 1		-44005.08926		956.79409
	297		L3M5	 2p_3d	 2	 1		-44004.81177		957.07158
	298		L3M5	 2p_3d	 2	 2		-44004.77547		957.10788
	299		L3M4	 2p_3d	 2	 11		-44002.62637		959.25698
	300		L3M4	 2p_3d	 2	 12		-44002.39623		959.48712
	301		L3M4	 2p_3d	 2	 13		-44002.17346		959.70989
	302		L3M4	 2p_3d	 2	 14		-44002.04215		959.8412
	303		L3M4	 2p_3d	 2	 15		-44001.79231		960.09104
	304		L3M4	 2p_3d	 2	 16		-44001.65583		960.22752
	305		L3M4	 2p_3d	 2	 17		-44001.02129		960.86206
	306		L3M5	 2p_3d	 2	 18		-44000.97344		960.90991
	307		L3M5	 2p_3d	 2	 19		-44000.70903		961.17432
	308		L3M5	 2p_3d	 2	 20		-44000.57621		961.30714
	309		L3M5	 2p_3d	 2	 3		-44004.74357		957.13978
	310		L3M5	 2p_3d	 2	 21		-44000.48507		961.39828
	311		L3M5	 2p_3d	 2	 22		-44000.23963		961.64372
	312		L2M4	 2p_3d	 2	 23		-43984.61378		977.26957
	313		L2M4	 2p_3d	 2	 24		-43984.45343		977.42992
	314		L2M4	 2p_3d	 2	 25		-43984.26379		977.61956
	315		L2M5	 2p_3d	 2	 26		-43983.98101		977.90234
	316		L2M4	 2p_3d	 2	 27		-43983.23746		978.64589
	317		L2M5	 2p_3d	 2	 28		-43982.95591		978.92744
	318		L2M5	 2p_3d	 2	 29		-43982.76220		979.12115
	319		L2M5	 2p_3d	 2	 30		-43982.58982		979.29353
	320		L3M5	 2p_3d	 2	 4		-44004.56930		957.31405
	321		L2M5	 2p_3d	 2	 31		-43982.15073		979.73262
	322		L2M4	 2p_3d	 2	 32		-43981.99455		979.8888
	323		L2M5	 2p_3d	 2	 33		-43981.84728		980.03607
	324		L2M4	 2p_3d	 2	 34		-43981.28750		980.59585
	325		L2M4	 2p_3d	 2	 35		-43981.12431		980.75904
	326		L2M5	 2p_3d	 2	 36		-43980.88547		980.99788
	327		L3M4	 2p_3d	 2	 5		-44004.27508		957.60827
	328		L3M5	 2p_3d	 2	 6		-44003.64932		958.23403
	329		L3M5	 2p_3d	 2	 7		-44003.47006		958.41329
	330		L3M4	 2p_3d	 2	 8		-44003.31623		958.56712
	331		L3M4	 2p_3d	 2	 9		-44002.81645		959.0669
	332		L3M4	 2p_3d	 2	 10		-44002.69996		959.18339
	333		L3M5	 2p_3d	 4	 1		-44004.89186		956.99149
	334		L3M5	 2p_3d	 4	 2		-44004.74223		957.14112
	335		L3M4	 2p_3d	 4	 11		-44003.28305		958.6003
	336		L3M4	 2p_3d	 4	 12		-44002.82504		959.05831
	337		L3M4	 2p_3d	 4	 13		-44002.77692		959.10643
	338		L3M4	 2p_3d	 4	 14		-44002.62976		959.25359
	339		L3M4	 2p_3d	 4	 15		-44002.37951		959.50384
	340		L3M4	 2p_3d	 4	 16		-44002.20239		959.68096
	341		L3M4	 2p_3d	 4	 17		-44002.17508		959.70827
	342		L3M4	 2p_3d	 4	 18		-44002.07181		959.81154
	343		L3M4	 2p_3d	 4	 19		-44001.82903		960.05432
	344		L3M4	 2p_3d	 4	 20		-44001.71664		960.16671
	345		L3M5	 2p_3d	 4	 3		-44004.73792		957.14543
	346		L3M5	 2p_3d	 4	 21		-44001.41740		960.46595
	347		L3M5	 2p_3d	 4	 22		-44001.00960		960.87375
	348		L3M5	 2p_3d	 4	 23		-44000.95547		960.92788
	349		L3M4	 2p_3d	 4	 24		-44000.88156		961.00179
	350		L3M5	 2p_3d	 4	 25		-44000.64184		961.24151
	351		L3M5	 2p_3d	 4	 26		-44000.56617		961.31718
	352		L3M5	 2p_3d	 4	 27		-44000.53163		961.35172
	353		L3M5	 2p_3d	 4	 28		-44000.37448		961.50887
	354		L3M5	 2p_3d	 4	 29		-44000.20282		961.68053
	355		L2M4	 2p_3d	 4	 30		-43984.52885		977.3545
	356		L3M5	 2p_3d	 4	 4		-44004.68188		957.20147
	357		L2M4	 2p_3d	 4	 31		-43984.44440		977.43895
	358		L2M4	 2p_3d	 4	 32		-43984.32113		977.56222
	359		L2M5	 2p_3d	 4	 33		-43983.97425		977.9091
	360		L2M4	 2p_3d	 4	 34		-43983.16650		978.71685
	361		L2M5	 2p_3d	 4	 35		-43982.96699		978.91636
	362		L2M5	 2p_3d	 4	 36		-43982.78820		979.09515
	363		L2M5	 2p_3d	 4	 37		-43982.54137		979.34198
	364		L2M5	 2p_3d	 4	 38		-43982.43666		979.44669
	365		L2M5	 2p_3d	 4	 39		-43982.25163		979.63172
	366		L2M5	 2p_3d	 4	 40		-43982.05734		979.82601
	367		L3M5	 2p_3d	 4	 5		-44004.58346		957.29989
	368		L2M4	 2p_3d	 4	 41		-43981.81308		980.07027
	369		L2M4	 2p_3d	 4	 42		-43981.44330		980.44005
	370		L2M4	 2p_3d	 4	 43		-43981.39713		980.48622
	371		L2M5	 2p_3d	 4	 44		-43981.20655		980.6768
	372		L2M4	 2p_3d	 4	 45		-43980.85615		981.0272
	373		L3M5	 2p_3d	 4	 6		-44004.43055		957.4528
	374		L3M5	 2p_3d	 4	 7		-44004.33540		957.54795
	375		L3M4	 2p_3d	 4	 8		-44003.83057		958.05278
	376		L3M5	 2p_3d	 4	 9		-44003.65482		958.22853
	377		L3M5	 2p_3d	 4	 10		-44003.49955		958.3838
	378		L3M5	 2p_3d	 6	 1		-44005.14658		956.73677
	379		L3M5	 2p_3d	 6	 2		-44004.87071		957.01264
	380		L3M5	 2p_3d	 6	 11		-44003.56094		958.32241
	381		L3M4	 2p_3d	 6	 12		-44003.29678		958.58657
	382		L3M4	 2p_3d	 6	 13		-44002.84516		959.03819
	383		L3M4	 2p_3d	 6	 14		-44002.78798		959.09537
	384		L3M4	 2p_3d	 6	 15		-44002.67771		959.20564
	385		L3M4	 2p_3d	 6	 16		-44002.43698		959.44637
	386		L3M4	 2p_3d	 6	 17		-44002.21996		959.66339
	387		L3M4	 2p_3d	 6	 18		-44002.09360		959.78975
	388		L3M4	 2p_3d	 6	 19		-44001.83811		960.04524
	389		L3M5	 2p_3d	 6	 20		-44001.68513		960.19822
	390		L3M5	 2p_3d	 6	 3		-44004.79698		957.08637
	391		L3M4	 2p_3d	 6	 21		-44001.01537		960.86798
	392		L3M5	 2p_3d	 6	 22		-44000.95852		960.92483
	393		L3M5	 2p_3d	 6	 23		-44000.93418		960.94917
	394		L3M5	 2p_3d	 6	 24		-44000.66701		961.21634
	395		L3M5	 2p_3d	 6	 25		-44000.58166		961.30169
	396		L3M5	 2p_3d	 6	 26		-44000.48317		961.40018
	397		L3M5	 2p_3d	 6	 27		-44000.24281		961.64054
	398		L2M4	 2p_3d	 6	 28		-43984.57165		977.3117
	399		L2M4	 2p_3d	 6	 29		-43984.44392		977.43943
	400		L2M4	 2p_3d	 6	 30		-43984.28668		977.59667
	401		L3M5	 2p_3d	 6	 4		-44004.72439		957.15896
	402		L2M4	 2p_3d	 6	 31		-43983.95183		977.93152
	403		L2M5	 2p_3d	 6	 32		-43983.10255		978.7808
	404		L2M5	 2p_3d	 6	 33		-43982.96239		978.92096
	405		L2M5	 2p_3d	 6	 34		-43982.81936		979.06399
	406		L2M5	 2p_3d	 6	 35		-43982.51422		979.36913
	407		L2M5	 2p_3d	 6	 36		-43982.36463		979.51872
	408		L2M5	 2p_3d	 6	 37		-43982.19555		979.6878
	409		L2M5	 2p_3d	 6	 38		-43982.04372		979.83963
	410		L2M4	 2p_3d	 6	 39		-43981.77756		980.10579
	411		L2M4	 2p_3d	 6	 40		-43981.38583		980.49752
	412		L3M5	 2p_3d	 6	 5		-44004.70723		957.17612
	413		L2M5	 2p_3d	 6	 41		-43981.19791		980.68544
	414		L2M4	 2p_3d	 6	 42		-43980.89905		980.9843
	415		L3M5	 2p_3d	 6	 6		-44004.61074		957.27261
	416		L3M4	 2p_3d	 6	 7		-44004.40992		957.47343
	417		L3M5	 2p_3d	 6	 8		-44004.32766		957.55569
	418		L3M4	 2p_3d	 6	 9		-44003.83772		958.04563
	419		L3M5	 2p_3d	 6	 10		-44003.69553		958.18782
	420		L3M5	 2p_3d	 8	 1		-44005.03798		956.84537
	421		L3M5	 2p_3d	 8	 2		-44004.83457		957.04878
	422		L3M4	 2p_3d	 8	 11		-44003.29995		958.5834
	423		L3M4	 2p_3d	 8	 12		-44002.84691		959.03644
	424		L3M4	 2p_3d	 8	 13		-44002.76722		959.11613
	425		L3M4	 2p_3d	 8	 14		-44002.42365		959.4597
	426		L3M4	 2p_3d	 8	 15		-44002.07524		959.80811
	427		L3M5	 2p_3d	 8	 16		-44001.04909		960.83426
	428		L3M5	 2p_3d	 8	 17		-44000.96009		960.92326
	429		L3M5	 2p_3d	 8	 18		-44000.93650		960.94685
	430		L3M5	 2p_3d	 8	 19		-44000.68653		961.19682
	431		L3M5	 2p_3d	 8	 20		-44000.55915		961.3242
	432		L3M5	 2p_3d	 8	 3		-44004.77516		957.10819
	433		L2M4	 2p_3d	 8	 21		-43984.49683		977.38652
	434		L2M4	 2p_3d	 8	 22		-43984.29807		977.58528
	435		L2M4	 2p_3d	 8	 23		-43984.01612		977.86723
	436		L2M5	 2p_3d	 8	 24		-43983.09063		978.79272
	437		L2M5	 2p_3d	 8	 25		-43982.99289		978.89046
	438		L2M5	 2p_3d	 8	 26		-43982.58433		979.29902
	439		L2M5	 2p_3d	 8	 27		-43982.32992		979.55343
	440		L2M5	 2p_3d	 8	 28		-43982.21938		979.66397
	441		L2M5	 2p_3d	 8	 29		-43982.11980		979.76355
	442		L2M4	 2p_3d	 8	 30		-43981.76296		980.12039
	443		L3M5	 2p_3d	 8	 4		-44004.69067		957.19268
	444		L2M5	 2p_3d	 8	 31		-43981.25869		980.62466
	445		L3M5	 2p_3d	 8	 5		-44004.62300		957.26035
	446		L3M5	 2p_3d	 8	 6		-44004.36607		957.51728
	447		L3M4	 2p_3d	 8	 7		-44004.35989		957.52346
	448		L3M4	 2p_3d	 8	 8		-44003.79601		958.08734
	449		L3M5	 2p_3d	 8	 9		-44003.69998		958.18337
	450		L3M5	 2p_3d	 8	 10		-44003.59511		958.28824
	451		L3M3	 2p_3p	 0	 1		-43928.01025		1033.8731
	452		L3M3	 2p_3p	 0	 2		-43927.48092		1034.40243
	453		L2M3	 2p_3p	 0	 11		-43903.06886		1058.81449
	454		L3M2	 2p_3p	 0	 3		-43922.78502		1039.09833
	455		L3M2	 2p_3p	 0	 4		-43922.43835		1039.445
	456		L3M2	 2p_3p	 0	 5		-43922.16072		1039.72263
	457		L3M2	 2p_3p	 0	 6		-43921.29605		1040.5873
	458		L3M3	 2p_3p	 0	 7		-43920.90632		1040.97703
	459		L2M3	 2p_3p	 0	 8		-43905.08628		1056.79707
	460		L2M2	 2p_3p	 0	 9		-43904.73244		1057.15091
	461		L2M3	 2p_3p	 0	 10		-43903.41541		1058.46794
	462		L3M3	 2p_3p	 10	 1		-43927.91588		1033.96747
	463		L3M3	 2p_3p	 10	 2		-43927.79222		1034.09113
	464		L3M3	 2p_3p	 10	 3		-43927.30297		1034.58038
	465		L3M2	 2p_3p	 10	 4		-43927.22257		1034.66078
	466		L3M3	 2p_3p	 10	 5		-43906.32760		1055.55575
	467		L2M3	 2p_3p	 10	 6		-43893.48278		1068.40057
	468		L3M3	 2p_3p	 12	 1		-43927.98264		1033.90071
	469		L3M3	 2p_3p	 2	 1		-43928.07240		1033.81095
	470		L3M3	 2p_3p	 2	 2		-43927.98833		1033.89502
	471		L3M2	 2p_3p	 2	 11		-43922.16956		1039.71379
	472		L3M2	 2p_3p	 2	 12		-43922.05473		1039.82862
	473		L3M3	 2p_3p	 2	 13		-43921.71844		1040.16491
	474		L3M3	 2p_3p	 2	 14		-43905.23637		1056.64698
	475		L3M3	 2p_3p	 2	 15		-43921.28535		1040.598
	476		L3M2	 2p_3p	 2	 16		-43921.25256		1040.63079
	477		L3M3	 2p_3p	 2	 17		-43920.88219		1041.00116
	478		L3M3	 2p_3p	 2	 18		-43925.37644		1036.50691
	479		L2M2	 2p_3p	 2	 19		-43905.25086		1056.63249
	480		L2M2	 2p_3p	 2	 20		-43905.11174		1056.77161
	481		L3M3	 2p_3p	 2	 3		-43927.74299		1034.14036
	482		L2M3	 2p_3p	 2	 21		-43904.70115		1057.1822
	483		L3M3	 2p_3p	 2	 22		-43906.07394		1055.80941
	484		L2M2	 2p_3p	 2	 23		-43904.44474		1057.43861
	485		L2M3	 2p_3p	 2	 24		-43904.08238		1057.80097
	486		L2M3	 2p_3p	 2	 25		-43903.63284		1058.25051
	487		L2M3	 2p_3p	 2	 26		-43903.41093		1058.47242
	488		L2M3	 2p_3p	 2	 27		-43903.27257		1058.61078
	489		L2M3	 2p_3p	 2	 28		-43903.03625		1058.8471
	490		L3M3	 2p_3p	 2	 29		-43902.70930		1059.17405
	491		L3M3	 2p_3p	 2	 4		-43927.58571		1034.29764
	492		L3M3	 2p_3p	 2	 5		-43927.46229		1034.42106
	493		L3M3	 2p_3p	 2	 6		-43927.32980		1034.55355
	494		L3M2	 2p_3p	 2	 7		-43922.88549		1038.99786
	495		L3M2	 2p_3p	 2	 8		-43922.78458		1039.09877
	496		L3M2	 2p_3p	 2	 9		-43922.64397		1039.23938
	497		L3M2	 2p_3p	 2	 10		-43922.43715		1039.4462
	498		L3M3	 2p_3p	 4	 1		-43928.07362		1033.80973
	499		L3M3	 2p_3p	 4	 2		-43928.02234		1033.86101
	500		L3M2	 2p_3p	 4	 11		-43922.68308		1039.20027
	501		L3M2	 2p_3p	 4	 12		-43922.44393		1039.43942
	502		L3M2	 2p_3p	 4	 13		-43922.18189		1039.70146
	503		L3M2	 2p_3p	 4	 14		-43922.06258		1039.82077
	504		L3M2	 2p_3p	 4	 15		-43921.94855		1039.9348
	505		L3M3	 2p_3p	 4	 16		-43921.68976		1040.19359
	506		L3M3	 2p_3p	 4	 17		-43921.27174		1040.61161
	507		L3M3	 2p_3p	 4	 18		-43921.24538		1040.63797
	508		L3M2	 2p_3p	 4	 19		-43921.22936		1040.65399
	509		L3M3	 2p_3p	 4	 20		-43904.78557		1057.09778
	510		L3M3	 2p_3p	 4	 3		-43927.98022		1033.90313
	511		L3M3	 2p_3p	 4	 21		-43925.35299		1036.53036
	512		L3M3	 2p_3p	 4	 22		-43924.97481		1036.90854
	513		L2M2	 2p_3p	 4	 23		-43905.35386		1056.52949
	514		L2M2	 2p_3p	 4	 24		-43905.31813		1056.56522
	515		L2M2	 2p_3p	 4	 25		-43905.15454		1056.72881
	516		L2M3	 2p_3p	 4	 26		-43904.80447		1057.07888
	517		L2M3	 2p_3p	 4	 27		-43904.64887		1057.23448
	518		L2M2	 2p_3p	 4	 28		-43904.46058		1057.42277
	519		L2M3	 2p_3p	 4	 29		-43904.27715		1057.6062
	520		L2M3	 2p_3p	 4	 30		-43904.04059		1057.84276
	521		L3M3	 2p_3p	 4	 4		-43927.95101		1033.93234
	522		L2M3	 2p_3p	 4	 31		-43903.59898		1058.28437
	523		L2M3	 2p_3p	 4	 32		-43903.41219		1058.47116
	524		L2M3	 2p_3p	 4	 33		-43903.25443		1058.62892
	525		L2M3	 2p_3p	 4	 34		-43902.99971		1058.88364
	526		L2M2	 2p_3p	 4	 35		-43896.99791		1064.88544
	527		L2M2	 2p_3p	 4	 36		-43903.34874		1058.53461
	528		L3M3	 2p_3p	 4	 5		-43927.72857		1034.15478
	529		L3M3	 2p_3p	 4	 6		-43927.63777		1034.24558
	530		L3M3	 2p_3p	 4	 7		-43927.47283		1034.41052
	531		L3M3	 2p_3p	 4	 8		-43927.28565		1034.5977
	532		L3M2	 2p_3p	 4	 9		-43922.91850		1038.96485
	533		L3M2	 2p_3p	 4	 10		-43922.79517		1039.08818
	534		L3M3	 2p_3p	 6	 1		-43928.06209		1033.82126
	535		L3M3	 2p_3p	 6	 2		-43927.99012		1033.89323
	536		L3M2	 2p_3p	 6	 11		-43922.45318		1039.43017
	537		L3M2	 2p_3p	 6	 12		-43922.18788		1039.69547
	538		L3M2	 2p_3p	 6	 13		-43922.07247		1039.81088
	539		L3M3	 2p_3p	 6	 14		-43921.70709		1040.17626
	540		L3M3	 2p_3p	 6	 15		-43921.31125		1040.5721
	541		L3M3	 2p_3p	 6	 16		-43921.23690		1040.64645
	542		L3M2	 2p_3p	 6	 17		-43904.80003		1057.08332
	543		L3M3	 2p_3p	 6	 18		-43920.84115		1041.0422
	544		L3M3	 2p_3p	 6	 19		-43918.37620		1043.50715
	545		L2M2	 2p_3p	 6	 20		-43905.29809		1056.58526
	546		L3M3	 2p_3p	 6	 3		-43927.95876		1033.92459
	547		L2M2	 2p_3p	 6	 21		-43905.19198		1056.69137
	548		L2M3	 2p_3p	 6	 22		-43904.82062		1057.06273
	549		L2M3	 2p_3p	 6	 23		-43904.64115		1057.2422
	550		L2M2	 2p_3p	 6	 24		-43904.47502		1057.40833
	551		L2M3	 2p_3p	 6	 25		-43904.07041		1057.81294
	552		L2M3	 2p_3p	 6	 26		-43903.56618		1058.31717
	553		L2M3	 2p_3p	 6	 27		-43903.43576		1058.44759
	554		L2M3	 2p_3p	 6	 28		-43903.30106		1058.58229
	555		L2M3	 2p_3p	 6	 29		-43902.98369		1058.89966
	556		L2M2	 2p_3p	 6	 30		-43897.01427		1064.86908
	557		L3M3	 2p_3p	 6	 4		-43927.73240		1034.15095
	558		L3M3	 2p_3p	 6	 5		-43927.61125		1034.2721
	559		L3M3	 2p_3p	 6	 6		-43927.49751		1034.38584
	560		L3M3	 2p_3p	 6	 7		-43927.24810		1034.63525
	561		L3M2	 2p_3p	 6	 8		-43922.94644		1038.93691
	562		L3M2	 2p_3p	 6	 9		-43922.80925		1039.0741
	563		L3M2	 2p_3p	 6	 10		-43922.69063		1039.19272
	564		L3M3	 2p_3p	 8	 1		-43928.03717		1033.84618
	565		L3M3	 2p_3p	 8	 2		-43927.91139		1033.97196
	566		L3M3	 2p_3p	 8	 11		-43925.25898		1036.62437
	567		L3M3	 2p_3p	 8	 12		-43920.89226		1040.99109
	568		L2M2	 2p_3p	 8	 13		-43905.16759		1056.71576
	569		L2M3	 2p_3p	 8	 14		-43904.69594		1057.18741
	570		L2M3	 2p_3p	 8	 15		-43903.57032		1058.31303
	571		L2M3	 2p_3p	 8	 16		-43903.45694		1058.42641
	572		L2M3	 2p_3p	 8	 17		-43903.04128		1058.84207
	573		L3M3	 2p_3p	 8	 3		-43927.75348		1034.12987
	574		L3M3	 2p_3p	 8	 4		-43927.55413		1034.32922
	575		L3M3	 2p_3p	 8	 5		-43927.23979		1034.64356
	576		L3M2	 2p_3p	 8	 6		-43922.95760		1038.92575
	577		L3M2	 2p_3p	 8	 7		-43922.81557		1039.06778
	578		L3M2	 2p_3p	 8	 8		-43922.45137		1039.43198
	579		L3M2	 2p_3p	 8	 9		-43922.18136		1039.70199
	580		L3M3	 2p_3p	 8	 10		-43925.32764		1036.55571
	581		L3M1	 2p_3s	 0	 1		-43876.50597		1085.37738
	582		L3M1	 2p_3s	 0	 2		-43876.17561		1085.70774
	583		L3M1	 2p_3s	 0	 3		-43874.77508		1087.10827
	584		L2M1	 2p_3s	 0	 4		-43792.12997		1169.75338
	585		L3M1	 2p_3s	 10	 1		-43876.65145		1085.2319
	586		L3M1	 2p_3s	 2	 1		-43876.66909		1085.21426
	587		L3M1	 2p_3s	 2	 2		-43876.50981		1085.37354
	588		L2M1	 2p_3s	 2	 11		-43854.96310		1106.92025
	589		L3M1	 2p_3s	 2	 3		-43876.40916		1085.47419
	590		L3M1	 2p_3s	 2	 4		-43876.16773		1085.71562
	591		L3M1	 2p_3s	 2	 5		-43874.79798		1087.08537
	592		L3M1	 2p_3s	 2	 6		-43874.76854		1087.11481
	593		L3M1	 2p_3s	 2	 7		-43874.38569		1087.49766
	594		L2M1	 2p_3s	 2	 8		-43856.45760		1105.42575
	595		L2M1	 2p_3s	 2	 9		-43855.50636		1106.37699
	596		L2M1	 2p_3s	 2	 10		-43855.37840		1106.50495
	597		L3M1	 2p_3s	 4	 1		-43876.65358		1085.22977
	598		L3M1	 2p_3s	 4	 2		-43876.51903		1085.36432
	599		L2M1	 2p_3s	 4	 11		-43855.51932		1106.36403
	600		L2M1	 2p_3s	 4	 12		-43855.39288		1106.49047
	601		L2M1	 2p_3s	 4	 13		-43855.31634		1106.56701
	602		L2M1	 2p_3s	 4	 14		-43855.04178		1106.84157
	603		L3M1	 2p_3s	 4	 3		-43876.42806		1085.45529
	604		L3M1	 2p_3s	 4	 4		-43876.15785		1085.7255
	605		L3M1	 2p_3s	 4	 5		-43875.00939		1086.87396
	606		L3M1	 2p_3s	 4	 6		-43874.79633		1087.08702
	607		L3M1	 2p_3s	 4	 7		-43874.75945		1087.1239
	608		L3M1	 2p_3s	 4	 8		-43874.38438		1087.49897
	609		L2M1	 2p_3s	 4	 9		-43856.45736		1105.42599
	610		L2M1	 2p_3s	 4	 10		-43855.98123		1105.90212
	611		L3M1	 2p_3s	 6	 1		-43876.63851		1085.24484
	612		L3M1	 2p_3s	 6	 2		-43876.53007		1085.35328
	613		L2M1	 2p_3s	 6	 11		-43855.04715		1106.8362
	614		L3M1	 2p_3s	 6	 3		-43876.44576		1085.43759
	615		L3M1	 2p_3s	 6	 4		-43876.15369		1085.72966
	616		L3M1	 2p_3s	 6	 5		-43874.81230		1087.07105
	617		L3M1	 2p_3s	 6	 6		-43874.75240		1087.13095
	618		L3M1	 2p_3s	 6	 7		-43874.39498		1087.48837
	619		L2M1	 2p_3s	 6	 8		-43856.46370		1105.41965
	620		L2M1	 2p_3s	 6	 9		-43855.53130		1106.35205
	621		L2M1	 2p_3s	 6	 10		-43855.38975		1106.4936
	622		L3M1	 2p_3s	 8	 1		-43876.63411		1085.24924
	623		L3M1	 2p_3s	 8	 2		-43876.53279		1085.35056
	624		L3M1	 2p_3s	 8	 3		-43876.16912		1085.71423
	625		L3M1	 2p_3s	 8	 4		-43874.53944		1087.34391
	626		L2M1	 2p_3s	 8	 5		-43846.78156		1115.10179
	627		L24d	 2p_4d	 0	 1		-44002.97328		958.91007
	628		L34d	 2p_4d	 2	 1		-44022.95577		938.92758
	629		L24d	 2p_4d	 2	 2		-44002.93215		958.9512
	630		L34d	 2p_4d	 4	 1		-44023.03866		938.84469
	631		L3N1	 2p_4s	 0	 1		-44012.47429		949.40906
	632		L3N1	 2p_4s	 2	 1		-44012.46366		949.41969
	633		L3N1	 2p_4s	 2	 2		-44012.39913		949.48422
	634		L3N1	 2p_4s	 2	 3		-44012.39959		949.48376
	635		L3N1	 2p_4s	 4	 1		-44012.44757		949.43578
	636		L3N1	 2p_4s	 4	 2		-44012.43631		949.44704
	637		L2N1	 2p_4s	 4	 3		-43992.38523		969.49812
	638		L2N1	 2p_4s	 4	 4		-43992.38270		969.50065
	639		L3N1	 2p_4s	 6	 1		-44012.45129		949.43206
	640		L3N1	 2p_4s	 6	 2		-44012.42873		949.45462
	641		L3N1	 2p_4s	 6	 3		-44012.42938		949.45397
	642		L3N1	 2p_4s	 8	 1		-44012.45279		949.43056
	643		L1L3	 2s_2p	 0	 1		-42883.95641		2077.92694
	644		L1L3	 2s_2p	 0	 2		-42883.58406		2078.29929
	645		L1L3	 2s_2p	 0	 3		-42872.65651		2089.22684
	646		L1L2	 2s_2p	 0	 4		-42831.75609		2130.12726
	647		L1L3	 2s_2p	 10	 1		-42884.11180		2077.77155
	648		L1L3	 2s_2p	 2	 1		-42884.12884		2077.75451
	649		L1L3	 2s_2p	 2	 2		-42883.95944		2077.92391
	650		L1L2	 2s_2p	 2	 11		-42831.31956		2130.56379
	651		L1L3	 2s_2p	 2	 3		-42883.84192		2078.04143
	652		L1L3	 2s_2p	 2	 4		-42883.57490		2078.30845
	653		L1L3	 2s_2p	 2	 5		-42872.66394		2089.21941
	654		L1L3	 2s_2p	 2	 6		-42872.58835		2089.295
	655		L1L3	 2s_2p	 2	 7		-42872.20814		2089.67521
	656		L1L2	 2s_2p	 2	 8		-42849.86908		2112.01427
	657		L1L2	 2s_2p	 2	 9		-42831.75613		2130.12722
	658		L1L2	 2s_2p	 2	 10		-42831.70741		2130.17594
	659		L1L3	 2s_2p	 4	 1		-42884.11396		2077.76939
	660		L1L3	 2s_2p	 4	 2		-42883.96744		2077.91591
	661		L1L2	 2s_2p	 4	 11		-42831.75379		2130.12956
	662		L1L2	 2s_2p	 4	 12		-42831.69332		2130.19003
	663		L1L2	 2s_2p	 4	 13		-42831.70617		2130.17718
	664		L1L2	 2s_2p	 4	 14		-42831.30758		2130.57577
	665		L1L3	 2s_2p	 4	 3		-42883.86294		2078.02041
	666		L1L3	 2s_2p	 4	 4		-42883.56358		2078.31977
	667		L1L3	 2s_2p	 4	 5		-42872.67230		2089.21105
	668		L1L3	 2s_2p	 4	 6		-42872.60041		2089.28294
	669		L1L3	 2s_2p	 4	 7		-42872.55894		2089.32441
	670		L1L3	 2s_2p	 4	 8		-42872.21639		2089.66696
	671		L1L2	 2s_2p	 4	 9		-42863.24762		2098.63573
	672		L1L2	 2s_2p	 4	 10		-42862.83407		2099.04928
	673		L1L3	 2s_2p	 6	 1		-42884.09946		2077.78389
	674		L1L3	 2s_2p	 6	 2		-42883.84008		2078.04327
	675		L1L2	 2s_2p	 6	 11		-42831.32334		2130.56001
	676		L1L3	 2s_2p	 6	 3		-42883.87917		2078.00418
	677		L1L3	 2s_2p	 6	 4		-42883.55853		2078.32482
	678		L1L3	 2s_2p	 6	 5		-42872.67623		2089.20712
	679		L1L3	 2s_2p	 6	 6		-42872.60835		2089.275
	680		L1L3	 2s_2p	 6	 7		-42872.21378		2089.66957
	681		L1L2	 2s_2p	 6	 8		-42863.25217		2098.63118
	682		L1L2	 2s_2p	 6	 9		-42831.75788		2130.12547
	683		L1L2	 2s_2p	 6	 10		-42831.69060		2130.19275
	684		L1L3	 2s_2p	 8	 1		-42884.09525		2077.7881
	685		L1L3	 2s_2p	 8	 2		-42883.98240		2077.90095
	686		L1L3	 2s_2p	 8	 3		-42883.57448		2078.30887
	687		L1L3	 2s_2p	 8	 4		-42872.61590		2089.26745
	688		L1L2	 2s_2p	 8	 5		-42805.60887		2156.27448
	689		L1L1	 2s_2s	 2	 1		-42699.28039		2262.60296
	690		L1L1	 2s_2s	 4	 1		-42699.27778		2262.60557
	691		L1L1	 2s_2s	 4	 2		-42698.85271		2263.03064
	692		L1L1	 2s_2s	 6	 1		-42699.27388		2262.60947
	693		L1M4	 2s_3d	 0	 1		-43836.24575		1125.6376
	694		L1M4	 2s_3d	 0	 2		-43836.02915		1125.8542
	695		L1M4	 2s_3d	 0	 3		-43835.56201		1126.32134
	696		L1M5	 2s_3d	 0	 4		-43834.96754		1126.91581
	697		L1M5	 2s_3d	 0	 5		-43833.67641		1128.20694
	698		L1M5	 2s_3d	 0	 6		-43833.18124		1128.70211
	699		L1M5	 2s_3d	 10	 1		-43836.44666		1125.43669
	700		L1M5	 2s_3d	 10	 2		-43836.33309		1125.55026
	701		L1M5	 2s_3d	 10	 3		-43836.14896		1125.73439
	702		L1M5	 2s_3d	 10	 4		-43835.71446		1126.16889
	703		L1M5	 2s_3d	 10	 5		-43833.65614		1128.22721
	704		L1M5	 2s_3d	 12	 1		-43836.50318		1125.38017
	705		L1M4	 2s_3d	 2	 1		-43836.36975		1125.5136
	706		L1M4	 2s_3d	 2	 2		-43836.23627		1125.64708
	707		L1M5	 2s_3d	 2	 11		-43833.67711		1128.20624
	708		L1M5	 2s_3d	 2	 12		-43833.60116		1128.28219
	709		L1M5	 2s_3d	 2	 13		-43833.46856		1128.41479
	710		L1M5	 2s_3d	 2	 14		-43833.25848		1128.62487
	711		L1M4	 2s_3d	 2	 3		-43836.10792		1125.77543
	712		L1M5	 2s_3d	 2	 4		-43836.09907		1125.78428
	713		L1M5	 2s_3d	 2	 5		-43835.95214		1125.93121
	714		L1M5	 2s_3d	 2	 6		-43835.81643		1126.06692
	715		L1M4	 2s_3d	 2	 7		-43835.75626		1126.12709
	716		L1M4	 2s_3d	 2	 8		-43835.58346		1126.29989
	717		L1M5	 2s_3d	 2	 9		-43835.40912		1126.47423
	718		L1M4	 2s_3d	 2	 10		-43835.37696		1126.50639
	719		L1M5	 2s_3d	 4	 1		-43836.60580		1125.27755
	720		L1M5	 2s_3d	 4	 2		-43836.38797		1125.49538
	721		L1M4	 2s_3d	 4	 11		-43835.44681		1126.43654
	722		L1M4	 2s_3d	 4	 12		-43835.31526		1126.56809
	723		L1M5	 2s_3d	 4	 13		-43833.67171		1128.21164
	724		L1M5	 2s_3d	 4	 14		-43833.59558		1128.28777
	725		L1M5	 2s_3d	 4	 15		-43833.55612		1128.32723
	726		L1M5	 2s_3d	 4	 16		-43833.20277		1128.68058
	727		L1M4	 2s_3d	 4	 3		-43836.25067		1125.63268
	728		L1M4	 2s_3d	 4	 4		-43836.19825		1125.6851
	729		L1M4	 2s_3d	 4	 5		-43836.15425		1125.7291
	730		L1M5	 2s_3d	 4	 6		-43836.08224		1125.80111
	731		L1M5	 2s_3d	 4	 7		-43835.95129		1125.93206
	732		L1M4	 2s_3d	 4	 8		-43835.83339		1126.04996
	733		L1M5	 2s_3d	 4	 9		-43835.69103		1126.19232
	734		L1M5	 2s_3d	 4	 10		-43835.67354		1126.20981
	735		L1M5	 2s_3d	 6	 1		-43836.47423		1125.40912
	736		L1M4	 2s_3d	 6	 2		-43836.33376		1125.54959
	737		L1M4	 2s_3d	 6	 11		-43835.35445		1126.5289
	738		L1M5	 2s_3d	 6	 12		-43833.67859		1128.20476
	739		L1M5	 2s_3d	 6	 13		-43833.58779		1128.29556
	740		L1M5	 2s_3d	 6	 14		-43833.54913		1128.33422
	741		L1M5	 2s_3d	 6	 15		-43833.16674		1128.71661
	742		L1M4	 2s_3d	 6	 3		-43836.27050		1125.61285
	743		L1M4	 2s_3d	 6	 4		-43836.13029		1125.75306
	744		L1M4	 2s_3d	 6	 5		-43836.07405		1125.8093
	745		L1M5	 2s_3d	 6	 6		-43835.95515		1125.9282
	746		L1M4	 2s_3d	 6	 7		-43835.87000		1126.01335
	747		L1M5	 2s_3d	 6	 8		-43835.67040		1126.21295
	748		L1M4	 2s_3d	 6	 9		-43835.64317		1126.24018
	749		L1M5	 2s_3d	 6	 10		-43835.44993		1126.43342
	750		L1M5	 2s_3d	 8	 1		-43836.42669		1125.45666
	751		L1M5	 2s_3d	 8	 2		-43836.36326		1125.52009
	752		L1M5	 2s_3d	 8	 11		-43833.25274		1128.63061
	753		L1M4	 2s_3d	 8	 3		-43836.22187		1125.66148
	754		L1M5	 2s_3d	 8	 4		-43836.08936		1125.79399
	755		L1M5	 2s_3d	 8	 5		-43835.98386		1125.89949
	756		L1M4	 2s_3d	 8	 6		-43835.75609		1126.12726
	757		L1M5	 2s_3d	 8	 7		-43835.62630		1126.25705
	758		L1M5	 2s_3d	 8	 8		-43835.47763		1126.40572
	759		L1M5	 2s_3d	 8	 9		-43833.66869		1128.21466
	760		L1M5	 2s_3d	 8	 10		-43833.54057		1128.34278
	761		L1M3	 2s_3p	 0	 1		-43758.14042		1203.74293
	762		L1M3	 2s_3p	 0	 2		-43757.62613		1204.25722
	763		L1M3	 2s_3p	 0	 3		-43757.36089		1204.52246
	764		L1M2	 2s_3p	 0	 4		-43754.45777		1207.42558
	765		L1M3	 2s_3p	 10	 1		-43758.41080		1203.47255
	766		L1M3	 2s_3p	 2	 1		-43758.45685		1203.4265
	767		L1M3	 2s_3p	 2	 2		-43758.13788		1203.74547
	768		L1M2	 2s_3p	 2	 11		-43754.11230		1207.77105
	769		L1M3	 2s_3p	 2	 3		-43757.61783		1204.26552
	770		L1M3	 2s_3p	 2	 4		-43757.71175		1204.1716
	771		L1M3	 2s_3p	 2	 5		-43757.34710		1204.53625
	772		L1M3	 2s_3p	 2	 6		-43757.16191		1204.72144
	773		L1M2	 2s_3p	 2	 7		-43756.79801		1205.08534
	774		L1M3	 2s_3p	 2	 8		-43755.38920		1206.49415
	775		L1M2	 2s_3p	 2	 9		-43754.50086		1207.38249
	776		L1M2	 2s_3p	 2	 10		-43754.44471		1207.43864
	777		L1M3	 2s_3p	 4	 1		-43758.41272		1203.47063
	778		L1M3	 2s_3p	 4	 2		-43758.14506		1203.73829
	779		L1M2	 2s_3p	 4	 11		-43754.54201		1207.34134
	780		L1M2	 2s_3p	 4	 12		-43754.53990		1207.34345
	781		L1M2	 2s_3p	 4	 13		-43754.44690		1207.43645
	782		L1M2	 2s_3p	 4	 14		-43754.06681		1207.81654
	783		L1M3	 2s_3p	 4	 3		-43757.58281		1204.30054
	784		L1M3	 2s_3p	 4	 4		-43757.60313		1204.28022
	785		L1M3	 2s_3p	 4	 5		-43757.05915		1204.8242
	786		L1M3	 2s_3p	 4	 6		-43757.17153		1204.71182
	787		L1M3	 2s_3p	 4	 7		-43757.01892		1204.86443
	788		L1M3	 2s_3p	 4	 8		-43756.79287		1205.09048
	789		L1M2	 2s_3p	 4	 9		-43755.39067		1206.49268
	790		L1M2	 2s_3p	 4	 10		-43754.99002		1206.89333
	791		L1M3	 2s_3p	 6	 1		-43758.36542		1203.51793
	792		L1M3	 2s_3p	 6	 2		-43758.16310		1203.72025
	793		L1M2	 2s_3p	 6	 11		-43754.10555		1207.7778
	794		L1M3	 2s_3p	 6	 3		-43757.57929		1204.30406
	795		L1M3	 2s_3p	 6	 4		-43757.65990		1204.22345
	796		L1M3	 2s_3p	 6	 5		-43757.31470		1204.56865
	797		L1M3	 2s_3p	 6	 6		-43757.19216		1204.69119
	798		L1M2	 2s_3p	 6	 7		-43756.79566		1205.08769
	799		L1M3	 2s_3p	 6	 8		-43755.40117		1206.48218
	800		L1M2	 2s_3p	 6	 9		-43754.52372		1207.35963
	801		L1M2	 2s_3p	 6	 10		-43754.45218		1207.43117
	802		L1M3	 2s_3p	 8	 1		-43758.35727		1203.52608
	803		L1M3	 2s_3p	 8	 2		-43758.17431		1203.70904
	804		L1M3	 2s_3p	 8	 3		-43757.61425		1204.2691
	805		L1M3	 2s_3p	 8	 4		-43757.33712		1204.54623
	806		L1M3	 2s_3p	 8	 5		-43751.26809		1210.61526
	807		L1M1	 2s_3s	 0	 1		-43711.46661		1250.41674
	808		L1M1	 2s_3s	 2	 1		-43711.46606		1250.41729
	809		L1M1	 2s_3s	 2	 2		-43711.30185		1250.5815
	810		L1M1	 2s_3s	 2	 3		-43710.97247		1250.91088
	811		L1M1	 2s_3s	 2	 4		-43709.28293		1252.60042
	812		L1M1	 2s_3s	 4	 1		-43711.46496		1250.41839
	813		L1M1	 2s_3s	 4	 2		-43711.29823		1250.58512
	814		L1M1	 2s_3s	 4	 3		-43711.20340		1250.67995
	815		L1M1	 2s_3s	 4	 4		-43710.96742		1250.91593
	816		L1M1	 2s_3s	 4	 5		-43710.06472		1251.81863
	817		L1M1	 2s_3s	 4	 6		-43709.70673		1252.17662
	818		L1M1	 2s_3s	 6	 1		-43711.46328		1250.42007
	819		L1M1	 2s_3s	 6	 2		-43711.29865		1250.5847
	820		L1M1	 2s_3s	 6	 3		-43710.96929		1250.91406
	821		L1M1	 2s_3s	 6	 4		-43709.27679		1252.60656
	822		L1M1	 2s_3s	 8	 1		-43711.46100		1250.42235
	823		L14d	 2s_4d	 0	 1		-43855.42770		1106.45565
	824		L14d	 2s_4d	 2	 1		-43855.57931		1106.30404
	825		L1N1	 2s_4s	 2	 1		-43845.01881		1116.86454
	826		L1N1	 2s_4s	 4	 1		-43845.01724		1116.86611
	827		L1N1	 2s_4s	 4	 2		-43844.99073		1116.89262
	828		L1N1	 2s_4s	 6	 1		-43845.01407		1116.86928
	829		M4M5	 3d_3d	 0	 1		-44938.16100		23.72235
	830		M4M5	 3d_3d	 0	 2		-44937.84119		24.04216
	831		M4M4	 3d_3d	 0	 3		-44937.12808		24.75527
	832		M4M5	 3d_3d	 0	 4		-44935.72326		26.16009
	833		M5M5	 3d_3d	 0	 5		-44935.52079		26.36256
	834		M4M5	 3d_3d	 0	 6		-44935.32990		26.55345
	835		M5M5	 3d_3d	 0	 7		-44935.08658		26.79677
	836		M4M5	 3d_3d	 0	 8		-44934.45427		27.42908
	837		M4M5	 3d_3d	 10	 1		-44938.37665		23.5067
	838		M5M5	 3d_3d	 10	 2		-44938.29057		23.59278
	839		M4M5	 3d_3d	 10	 11		-44934.50750		27.37585
	840		M4M5	 3d_3d	 10	 12		-44934.31949		27.56386
	841		M4M5	 3d_3d	 10	 13		-44934.31339		27.56996
	842		M4M5	 3d_3d	 10	 14		-44933.95692		27.92643
	843		M4M5	 3d_3d	 10	 3		-44938.20110		23.68225
	844		M5M5	 3d_3d	 10	 4		-44938.04692		23.83643
	845		M4M5	 3d_3d	 10	 5		-44937.95163		23.93172
	846		M4M5	 3d_3d	 10	 6		-44937.45869		24.42466
	847		M4M5	 3d_3d	 10	 7		-44937.36561		24.51774
	848		M5M5	 3d_3d	 10	 8		-44937.19386		24.68949
	849		M5M5	 3d_3d	 10	 9		-44935.75969		26.12366
	850		M4M5	 3d_3d	 10	 10		-44935.41708		26.46627
	851		M4M5	 3d_3d	 12	 1		-44938.39960		23.48375
	852		M5M5	 3d_3d	 12	 2		-44938.31936		23.56399
	853		M4M5	 3d_3d	 12	 3		-44938.09590		23.78745
	854		M5M5	 3d_3d	 12	 4		-44937.41087		24.47248
	855		M4M5	 3d_3d	 12	 5		-44934.50602		27.37733
	856		M4M5	 3d_3d	 12	 6		-44934.31437		27.56898
	857		M4M5	 3d_3d	 12	 7		-44934.09558		27.78777
	858		M5M5	 3d_3d	 14	 1		-44938.43256		23.45079
	859		M4M5	 3d_3d	 14	 2		-44934.50548		27.37787
	860		M4M5	 3d_3d	 2	 1		-44938.23338		23.64997
	861		M4M4	 3d_3d	 2	 2		-44938.09734		23.78601
	862		M5M5	 3d_3d	 2	 11		-44935.66452		26.21883
	863		M5M5	 3d_3d	 2	 12		-44935.50966		26.37369
	864		M4M5	 3d_3d	 2	 13		-44935.38360		26.49975
	865		M4M5	 3d_3d	 2	 14		-44935.35607		26.52728
	866		M4M5	 3d_3d	 2	 15		-44935.30301		26.58034
	867		M4M5	 3d_3d	 2	 16		-44935.09253		26.79082
	868		M4M5	 3d_3d	 2	 17		-44935.06589		26.81746
	869		M4M5	 3d_3d	 2	 18		-44934.58071		27.30264
	870		M4M5	 3d_3d	 2	 19		-44934.53948		27.34387
	871		M4M5	 3d_3d	 2	 20		-44934.41143		27.47192
	872		M4M4	 3d_3d	 2	 3		-44938.03140		23.85195
	873		M4M5	 3d_3d	 2	 21		-44934.22980		27.65355
	874		M5M5	 3d_3d	 2	 22		-44929.15716		32.72619
	875		M5M5	 3d_3d	 2	 4		-44937.92976		23.95359
	876		M5M5	 3d_3d	 2	 5		-44937.62179		24.26156
	877		M4M5	 3d_3d	 2	 6		-44937.42206		24.46129
	878		M4M5	 3d_3d	 2	 7		-44937.21214		24.67121
	879		M4M4	 3d_3d	 2	 8		-44937.13162		24.75173
	880		M4M5	 3d_3d	 2	 9		-44935.74109		26.14226
	881		M5M5	 3d_3d	 2	 10		-44935.69317		26.19018
	882		M4M5	 3d_3d	 4	 1		-44938.34048		23.54287
	883		M4M5	 3d_3d	 4	 2		-44938.18511		23.69824
	884		M4M5	 3d_3d	 4	 11		-44936.95376		24.92959
	885		M5M5	 3d_3d	 4	 12		-44935.77688		26.10647
	886		M5M5	 3d_3d	 4	 13		-44935.71071		26.17264
	887		M5M5	 3d_3d	 4	 14		-44935.67178		26.21157
	888		M4M5	 3d_3d	 4	 15		-44935.49721		26.38614
	889		M4M5	 3d_3d	 4	 16		-44935.39512		26.48823
	890		M4M5	 3d_3d	 4	 17		-44935.34962		26.53373
	891		M4M5	 3d_3d	 4	 18		-44935.23050		26.65285
	892		M4M5	 3d_3d	 4	 19		-44935.14309		26.74026
	893		M4M5	 3d_3d	 4	 20		-44935.08502		26.79833
	894		M4M5	 3d_3d	 4	 3		-44938.10420		23.77915
	895		M4M5	 3d_3d	 4	 21		-44935.07055		26.8128
	896		M4M5	 3d_3d	 4	 22		-44934.58769		27.29566
	897		M4M5	 3d_3d	 4	 23		-44934.55108		27.33227
	898		M4M5	 3d_3d	 4	 24		-44934.41388		27.46947
	899		M4M5	 3d_3d	 4	 25		-44934.39609		27.48726
	900		M4M5	 3d_3d	 4	 26		-44934.33246		27.55089
	901		M4M5	 3d_3d	 4	 27		-44934.23686		27.64649
	902		M4M5	 3d_3d	 4	 28		-44933.97567		27.90768
	903		M5M5	 3d_3d	 4	 29		-44929.15288		32.73047
	904		M5M5	 3d_3d	 4	 30		-44928.78517		33.09818
	905		M4M4	 3d_3d	 4	 4		-44938.06742		23.81593
	906		M5M5	 3d_3d	 4	 5		-44938.01515		23.8682
	907		M4M5	 3d_3d	 4	 6		-44937.86013		24.02322
	908		M4M5	 3d_3d	 4	 7		-44937.65700		24.22635
	909		M5M5	 3d_3d	 4	 8		-44937.40854		24.47481
	910		M4M5	 3d_3d	 4	 9		-44937.27350		24.60985
	911		M4M4	 3d_3d	 4	 10		-44937.07448		24.80887
	912		M5M5	 3d_3d	 6	 1		-44938.44999		23.43336
	913		M5M5	 3d_3d	 6	 2		-44938.30041		23.58294
	914		M4M5	 3d_3d	 6	 11		-44937.15608		24.72727
	915		M4M4	 3d_3d	 6	 12		-44937.07266		24.81069
	916		M5M5	 3d_3d	 6	 13		-44935.80659		26.07676
	917		M5M5	 3d_3d	 6	 14		-44935.70176		26.18159
	918		M5M5	 3d_3d	 6	 15		-44935.66902		26.21433
	919		M4M5	 3d_3d	 6	 16		-44935.49294		26.39041
	920		M4M5	 3d_3d	 6	 17		-44935.40753		26.47582
	921		M4M5	 3d_3d	 6	 18		-44935.36230		26.52105
	922		M4M5	 3d_3d	 6	 19		-44935.32604		26.55731
	923		M4M5	 3d_3d	 6	 20		-44935.15346		26.72989
	924		M4M4	 3d_3d	 6	 3		-44938.19413		23.68922
	925		M5M5	 3d_3d	 6	 21		-44935.11729		26.76606
	926		M5M5	 3d_3d	 6	 22		-44934.63133		27.25202
	927		M4M5	 3d_3d	 6	 23		-44934.59026		27.29309
	928		M4M5	 3d_3d	 6	 24		-44934.43573		27.44762
	929		M4M5	 3d_3d	 6	 25		-44934.37422		27.50913
	930		M4M5	 3d_3d	 6	 26		-44934.31541		27.56794
	931		M4M5	 3d_3d	 6	 27		-44934.15505		27.7283
	932		M4M5	 3d_3d	 6	 28		-44934.02783		27.85552
	933		M5M5	 3d_3d	 6	 29		-44923.71639		38.16696
	934		M4M5	 3d_3d	 6	 4		-44938.09913		23.78422
	935		M4M4	 3d_3d	 6	 5		-44938.03661		23.84674
	936		M5M5	 3d_3d	 6	 6		-44937.96708		23.91627
	937		M4M5	 3d_3d	 6	 7		-44937.80000		24.08335
	938		M5M5	 3d_3d	 6	 8		-44937.71148		24.17187
	939		M4M5	 3d_3d	 6	 9		-44937.42632		24.45703
	940		M5M5	 3d_3d	 6	 10		-44937.37735		24.506
	941		M5M5	 3d_3d	 8	 1		-44938.45077		23.43258
	942		M4M5	 3d_3d	 8	 2		-44938.29115		23.5922
	943		M4M5	 3d_3d	 8	 11		-44937.10473		24.77862
	944		M5M5	 3d_3d	 8	 12		-44935.82144		26.06191
	945		M4M5	 3d_3d	 8	 13		-44935.72292		26.16043
	946		M5M5	 3d_3d	 8	 14		-44935.52844		26.35491
	947		M4M5	 3d_3d	 8	 15		-44935.41575		26.4676
	948		M4M5	 3d_3d	 8	 16		-44935.30472		26.57863
	949		M5M5	 3d_3d	 8	 17		-44935.14333		26.74002
	950		M4M5	 3d_3d	 8	 18		-44934.50439		27.37896
	951		M4M5	 3d_3d	 8	 19		-44934.41059		27.47276
	952		M4M5	 3d_3d	 8	 20		-44934.31772		27.56563
	953		M4M5	 3d_3d	 8	 3		-44938.18710		23.69625
	954		M4M5	 3d_3d	 8	 21		-44934.31360		27.56975
	955		M4M5	 3d_3d	 8	 22		-44933.95993		27.92342
	956		M4M5	 3d_3d	 8	 4		-44938.10141		23.78194
	957		M4M5	 3d_3d	 8	 5		-44938.05600		23.82735
	958		M5M5	 3d_3d	 8	 6		-44937.91698		23.96637
	959		M5M5	 3d_3d	 8	 7		-44937.83050		24.05285
	960		M4M5	 3d_3d	 8	 8		-44937.39802		24.48533
	961		M4M5	 3d_3d	 8	 9		-44937.34865		24.5347
	962		M5M5	 3d_3d	 8	 10		-44937.15899		24.72436
	963		M44d	 3d_4d	 2	 1		-44954.28337		7.59998
	964		M44d	 3d_4d	 4	 1		-44954.41256		7.47079
	965		M54d	 3d_4d	 4	 2		-44953.92648		7.95687
	966		M54d	 3d_4d	 6	 1		-44954.53208		7.35127
	967		M4N1	 3d_4s	 0	 1		-44943.76099		18.12236
	968		M5N1	 3d_4s	 0	 2		-44942.38602		19.49733
	969		M5N1	 3d_4s	 10	 1		-44943.87457		18.00878
	970		M5N1	 3d_4s	 2	 1		-44943.98626		17.89709
	971		M5N1	 3d_4s	 2	 2		-44943.86150		18.02185
	972		M4N1	 3d_4s	 2	 3		-44943.66543		18.21792
	973		M4N1	 3d_4s	 2	 4		-44943.58863		18.29472
	974		M5N1	 3d_4s	 4	 1		-44943.85834		18.02501
	975		M4N1	 3d_4s	 4	 2		-44943.77723		18.10612
	976		M5N1	 3d_4s	 4	 3		-44943.56177		18.32158
	977		M4N1	 3d_4s	 4	 4		-44943.51680		18.36655
	978		M4N1	 3d_4s	 6	 1		-44943.81096		18.07239
	979		M5N1	 3d_4s	 6	 2		-44943.78142		18.10193
	980		M5N1	 3d_4s	 6	 3		-44943.61035		18.273
	981		M4N1	 3d_4s	 6	 4		-44943.52212		18.36123
	982		M5N1	 3d_4s	 8	 1		-44943.86354		18.01981
	983		M4N1	 3d_4s	 8	 2		-44943.77443		18.10892
	984		M5N1	 3d_4s	 8	 3		-44943.59569		18.28766
	985		M3M4	 3p_3d	 0	 1		-44864.53445		97.3489
	986		M3M4	 3p_3d	 0	 2		-44864.22021		97.66314
	987		M2M5	 3p_3d	 0	 11		-44856.93983		104.94352
	988		M2M5	 3p_3d	 0	 12		-44856.71779		105.16556
	989		M2M4	 3p_3d	 0	 13		-44850.52165		111.3617
	990		M2M5	 3p_3d	 0	 14		-44849.39200		112.49135
	991		M2M4	 3p_3d	 0	 3		-44863.93818		97.94517
	992		M3M5	 3p_3d	 0	 4		-44862.54182		99.34153
	993		M2M4	 3p_3d	 0	 5		-44862.23568		99.64767
	994		M3M4	 3p_3d	 0	 6		-44859.72616		102.15719
	995		M3M4	 3p_3d	 0	 7		-44859.13511		102.74824
	996		M3M4	 3p_3d	 0	 8		-44858.57768		103.30567
	997		M3M5	 3p_3d	 0	 9		-44858.06689		103.81646
	998		M3M5	 3p_3d	 0	 10		-44857.55445		104.3289
	999		M3M5	 3p_3d	 10	 1		-44865.66936		96.21399
	1000		M3M5	 3p_3d	 10	 2		-44865.51063		96.37272
	1001		M3M5	 3p_3d	 10	 11		-44858.79414		103.08921
	1002		M3M5	 3p_3d	 10	 12		-44858.60062		103.28273
	1003		M2M5	 3p_3d	 10	 13		-44858.02397		103.85938
	1004		M3M5	 3p_3d	 10	 14		-44857.26060		104.62275
	1005		M2M5	 3p_3d	 10	 15		-44849.55118		112.33217
	1006		M2M5	 3p_3d	 10	 16		-44849.38859		112.49476
	1007		M2M5	 3p_3d	 10	 17		-44849.14544		112.73791
	1008		M3M5	 3p_3d	 10	 3		-44865.25832		96.62503
	1009		M3M4	 3p_3d	 10	 4		-44864.98359		96.89976
	1010		M3M4	 3p_3d	 10	 5		-44864.52059		97.36276
	1011		M3M4	 3p_3d	 10	 6		-44864.19512		97.68823
	1012		M3M5	 3p_3d	 10	 7		-44864.15732		97.72603
	1013		M3M5	 3p_3d	 10	 8		-44863.88639		97.99696
	1014		M2M4	 3p_3d	 10	 9		-44862.49532		99.38803
	1015		M3M5	 3p_3d	 10	 10		-44859.39304		102.49031
	1016		M3M5	 3p_3d	 12	 1		-44865.68896		96.19439
	1017		M3M5	 3p_3d	 12	 2		-44865.58530		96.29805
	1018		M3M4	 3p_3d	 12	 3		-44865.09577		96.78758
	1019		M3M5	 3p_3d	 12	 4		-44864.28977		97.59358
	1020		M2M5	 3p_3d	 12	 5		-44858.79006		103.09329
	1021		M2M5	 3p_3d	 12	 6		-44837.02442		124.85893
	1022		M3M5	 3p_3d	 14	 1		-44865.81228		96.07107
	1023		M3M4	 3p_3d	 2	 1		-44865.16149		96.72186
	1024		M3M4	 3p_3d	 2	 2		-44864.58372		97.29963
	1025		M2M4	 3p_3d	 2	 11		-44862.37357		99.50978
	1026		M2M4	 3p_3d	 2	 12		-44862.14622		99.73713
	1027		M3M4	 3p_3d	 2	 13		-44859.95991		101.92344
	1028		M3M4	 3p_3d	 2	 14		-44859.75752		102.12583
	1029		M3M4	 3p_3d	 2	 15		-44859.49377		102.38958
	1030		M3M4	 3p_3d	 2	 16		-44859.33997		102.54338
	1031		M3M4	 3p_3d	 2	 17		-44859.12163		102.76172
	1032		M2M5	 3p_3d	 2	 18		-44858.98446		102.89889
	1033		M3M5	 3p_3d	 2	 19		-44858.69599		103.18736
	1034		M3M4	 3p_3d	 2	 20		-44856.00473		105.87862
	1035		M3M5	 3p_3d	 2	 3		-44864.53023		97.35312
	1036		M2M4	 3p_3d	 2	 21		-44858.51010		103.37325
	1037		M2M5	 3p_3d	 2	 22		-44858.06195		103.8214
	1038		M2M5	 3p_3d	 2	 23		-44857.98730		103.89605
	1039		M3M4	 3p_3d	 2	 24		-44857.70260		104.18075
	1040		M2M5	 3p_3d	 2	 25		-44857.58014		104.30321
	1041		M3M5	 3p_3d	 2	 26		-44857.29895		104.5844
	1042		M3M5	 3p_3d	 2	 27		-44857.18430		104.69905
	1043		M2M5	 3p_3d	 2	 28		-44856.92377		104.95958
	1044		M3M5	 3p_3d	 2	 29		-44856.67832		105.20503
	1045		M2M5	 3p_3d	 2	 30		-44856.60333		105.28002
	1046		M3M4	 3p_3d	 2	 4		-44864.47360		97.40975
	1047		M2M4	 3p_3d	 2	 31		-44850.53273		111.35062
	1048		M3M5	 3p_3d	 2	 32		-44850.50983		111.37352
	1049		M2M5	 3p_3d	 2	 33		-44850.17877		111.70458
	1050		M3M5	 3p_3d	 2	 34		-44849.47860		112.40475
	1051		M2M5	 3p_3d	 2	 35		-44849.40802		112.47533
	1052		M2M5	 3p_3d	 2	 36		-44849.08254		112.80081
	1053		M3M4	 3p_3d	 2	 5		-44864.19142		97.69193
	1054		M3M5	 3p_3d	 2	 6		-44864.03851		97.84484
	1055		M2M4	 3p_3d	 2	 7		-44863.85395		98.0294
	1056		M2M4	 3p_3d	 2	 8		-44863.79936		98.08399
	1057		M3M4	 3p_3d	 2	 9		-44862.79604		99.08731
	1058		M2M4	 3p_3d	 2	 10		-44862.63567		99.24768
	1059		M3M5	 3p_3d	 4	 1		-44865.53284		96.35051
	1060		M3M5	 3p_3d	 4	 2		-44865.20160		96.68175
	1061		M2M4	 3p_3d	 4	 11		-44863.82609		98.05726
	1062		M2M4	 3p_3d	 4	 12		-44862.72931		99.15404
	1063		M2M4	 3p_3d	 4	 13		-44862.64099		99.24236
	1064		M3M4	 3p_3d	 4	 14		-44862.45386		99.42949
	1065		M2M4	 3p_3d	 4	 15		-44862.13728		99.74607
	1066		M3M4	 3p_3d	 4	 16		-44859.92971		101.95364
	1067		M3M4	 3p_3d	 4	 17		-44859.81824		102.06511
	1068		M3M4	 3p_3d	 4	 18		-44859.63441		102.24894
	1069		M3M4	 3p_3d	 4	 19		-44859.50845		102.3749
	1070		M3M4	 3p_3d	 4	 20		-44859.38491		102.49844
	1071		M3M5	 3p_3d	 4	 3		-44862.90038		98.98297
	1072		M3M5	 3p_3d	 4	 21		-44859.10775		102.7756
	1073		M3M5	 3p_3d	 4	 22		-44859.03932		102.84403
	1074		M3M4	 3p_3d	 4	 23		-44859.02503		102.85832
	1075		M3M5	 3p_3d	 4	 24		-44858.78636		103.09699
	1076		M3M4	 3p_3d	 4	 25		-44858.76087		103.12248
	1077		M3M4	 3p_3d	 4	 26		-44858.61896		103.26439
	1078		M3M5	 3p_3d	 4	 27		-44858.46247		103.42088
	1079		M3M5	 3p_3d	 4	 28		-44858.12452		103.75883
	1080		M3M5	 3p_3d	 4	 29		-44857.99478		103.88857
	1081		M2M5	 3p_3d	 4	 30		-44857.76663		104.11672
	1082		M3M4	 3p_3d	 4	 4		-44864.52186		97.36149
	1083		M3M5	 3p_3d	 4	 31		-44857.69820		104.18515
	1084		M2M5	 3p_3d	 4	 32		-44857.52835		104.355
	1085		M2M5	 3p_3d	 4	 33		-44857.29655		104.5868
	1086		M3M5	 3p_3d	 4	 34		-44857.21223		104.67112
	1087		M2M5	 3p_3d	 4	 35		-44857.02312		104.86023
	1088		M2M4	 3p_3d	 4	 36		-44856.68510		105.19825
	1089		M2M5	 3p_3d	 4	 37		-44856.58643		105.29692
	1090		M3M5	 3p_3d	 4	 38		-44850.58352		111.29983
	1091		M3M5	 3p_3d	 4	 39		-44850.56990		111.31345
	1092		M3M5	 3p_3d	 4	 40		-44850.50932		111.37403
	1093		M3M4	 3p_3d	 4	 5		-44864.46311		97.42024
	1094		M2M5	 3p_3d	 4	 41		-44850.14145		111.7419
	1095		M2M5	 3p_3d	 4	 42		-44849.48170		112.40165
	1096		M3M5	 3p_3d	 4	 43		-44849.44564		112.43771
	1097		M3M4	 3p_3d	 4	 44		-44849.39205		112.4913
	1098		M2M5	 3p_3d	 4	 45		-44849.10003		112.78332
	1099		M3M5	 3p_3d	 4	 6		-44864.44499		97.43836
	1100		M3M5	 3p_3d	 4	 7		-44864.29750		97.58585
	1101		M3M4	 3p_3d	 4	 8		-44864.19091		97.69244
	1102		M2M4	 3p_3d	 4	 9		-44864.03308		97.85027
	1103		M3M4	 3p_3d	 4	 10		-44863.88871		97.99464
	1104		M3M5	 3p_3d	 6	 1		-44865.88943		95.99392
	1105		M3M5	 3p_3d	 6	 2		-44865.53213		96.35122
	1106		M2M4	 3p_3d	 6	 11		-44863.85103		98.03232
	1107		M2M4	 3p_3d	 6	 12		-44863.81189		98.07146
	1108		M3M4	 3p_3d	 6	 13		-44862.79120		99.09215
	1109		M3M4	 3p_3d	 6	 14		-44862.64940		99.23395
	1110		M2M4	 3p_3d	 6	 15		-44862.41036		99.47299
	1111		M2M4	 3p_3d	 6	 16		-44862.11865		99.7647
	1112		M3M4	 3p_3d	 6	 17		-44859.95714		101.92621
	1113		M3M4	 3p_3d	 6	 18		-44859.85409		102.02926
	1114		M3M4	 3p_3d	 6	 19		-44859.54017		102.34318
	1115		M3M4	 3p_3d	 6	 20		-44859.43149		102.45186
	1116		M3M5	 3p_3d	 6	 3		-44865.15176		96.73159
	1117		M3M4	 3p_3d	 6	 21		-44859.18251		102.70084
	1118		M3M5	 3p_3d	 6	 22		-44859.03345		102.8499
	1119		M3M4	 3p_3d	 6	 23		-44858.79312		103.09023
	1120		M3M5	 3p_3d	 6	 24		-44858.73659		103.14676
	1121		M3M4	 3p_3d	 6	 25		-44858.63371		103.24964
	1122		M2M5	 3p_3d	 6	 26		-44858.55365		103.3297
	1123		M3M5	 3p_3d	 6	 27		-44858.13814		103.74521
	1124		M3M4	 3p_3d	 6	 28		-44857.99374		103.88961
	1125		M2M5	 3p_3d	 6	 29		-44857.71927		104.16408
	1126		M3M4	 3p_3d	 6	 30		-44857.57151		104.31184
	1127		M3M4	 3p_3d	 6	 4		-44865.04097		96.84238
	1128		M2M5	 3p_3d	 6	 31		-44857.33003		104.55332
	1129		M2M5	 3p_3d	 6	 32		-44857.21269		104.67066
	1130		M3M5	 3p_3d	 6	 33		-44857.01798		104.86537
	1131		M2M4	 3p_3d	 6	 34		-44856.72957		105.15378
	1132		M2M5	 3p_3d	 6	 35		-44856.55197		105.33138
	1133		M3M5	 3p_3d	 6	 36		-44850.58214		111.30121
	1134		M3M5	 3p_3d	 6	 37		-44850.50898		111.37437
	1135		M2M5	 3p_3d	 6	 38		-44850.19339		111.68996
	1136		M3M5	 3p_3d	 6	 39		-44849.48506		112.39829
	1137		M2M5	 3p_3d	 6	 40		-44849.39633		112.48702
	1138		M3M5	 3p_3d	 6	 5		-44864.55761		97.32574
	1139		M2M5	 3p_3d	 6	 41		-44849.38513		112.49822
	1140		M2M5	 3p_3d	 6	 42		-44849.03726		112.84609
	1141		M3M5	 3p_3d	 6	 6		-44864.48376		97.39959
	1142		M3M5	 3p_3d	 6	 7		-44864.46354		97.41981
	1143		M3M4	 3p_3d	 6	 8		-44864.23621		97.64714
	1144		M3M4	 3p_3d	 6	 9		-44864.20124		97.68211
	1145		M3M5	 3p_3d	 6	 10		-44864.08844		97.79491
	1146		M3M5	 3p_3d	 8	 1		-44865.74146		96.14189
	1147		M3M5	 3p_3d	 8	 2		-44865.48426		96.39909
	1148		M2M4	 3p_3d	 8	 11		-44863.80317		98.08018
	1149		M2M4	 3p_3d	 8	 12		-44862.69690		99.18645
	1150		M3M4	 3p_3d	 8	 13		-44862.42243		99.46092
	1151		M2M4	 3p_3d	 8	 14		-44862.18870		99.69465
	1152		M3M4	 3p_3d	 8	 15		-44859.78602		102.09733
	1153		M3M4	 3p_3d	 8	 16		-44859.44441		102.43894
	1154		M3M4	 3p_3d	 8	 17		-44859.18266		102.70069
	1155		M3M5	 3p_3d	 8	 18		-44858.79212		103.09123
	1156		M3M5	 3p_3d	 8	 19		-44858.62688		103.25647
	1157		M2M5	 3p_3d	 8	 20		-44858.55004		103.33331
	1158		M3M5	 3p_3d	 8	 3		-44865.16796		96.71539
	1159		M3M5	 3p_3d	 8	 21		-44858.18780		103.69555
	1160		M2M5	 3p_3d	 8	 22		-44857.99064		103.89271
	1161		M3M5	 3p_3d	 8	 23		-44857.59696		104.28639
	1162		M2M5	 3p_3d	 8	 24		-44857.20142		104.68193
	1163		M3M5	 3p_3d	 8	 25		-44857.06690		104.81645
	1164		M2M5	 3p_3d	 8	 26		-44856.63817		105.24518
	1165		M3M5	 3p_3d	 8	 27		-44850.58018		111.30317
	1166		M2M5	 3p_3d	 8	 28		-44849.55040		112.33295
	1167		M2M5	 3p_3d	 8	 29		-44849.40198		112.48137
	1168		M2M5	 3p_3d	 8	 30		-44849.38661		112.49674
	1169		M3M4	 3p_3d	 8	 4		-44864.98413		96.89922
	1170		M2M5	 3p_3d	 8	 31		-44849.02751		112.85584
	1171		M3M4	 3p_3d	 8	 5		-44864.55302		97.33033
	1172		M3M5	 3p_3d	 8	 6		-44864.44953		97.43382
	1173		M3M5	 3p_3d	 8	 7		-44864.30882		97.57453
	1174		M3M5	 3p_3d	 8	 8		-44864.16967		97.71368
	1175		M3M5	 3p_3d	 8	 9		-44864.09410		97.78925
	1176		M2M4	 3p_3d	 8	 10		-44863.91269		97.97066
	1177		M3M3	 3p_3p	 0	 1		-44784.39890		177.48445
	1178		M2M3	 3p_3p	 0	 2		-44783.80705		178.0763
	1179		M3M3	 3p_3p	 0	 3		-44782.39973		179.48362
	1180		M2M3	 3p_3p	 0	 4		-44778.85624		183.02711
	1181		M2M3	 3p_3p	 0	 5		-44778.54358		183.33977
	1182		M3M3	 3p_3p	 10	 1		-44784.60852		177.27483
	1183		M2M3	 3p_3p	 10	 2		-44778.92912		182.95423
	1184		M3M3	 3p_3p	 2	 1		-44784.58973		177.29362
	1185		M3M3	 3p_3p	 2	 2		-44784.38197		177.50138
	1186		M2M3	 3p_3p	 2	 11		-44778.78795		183.0954
	1187		M2M3	 3p_3p	 2	 12		-44778.50008		183.38327
	1188		M2M2	 3p_3p	 2	 13		-44772.45012		189.43323
	1189		M3M3	 3p_3p	 2	 3		-44783.97919		177.90416
	1190		M2M3	 3p_3p	 2	 4		-44783.80450		178.07885
	1191		M2M3	 3p_3p	 2	 5		-44782.45495		179.4284
	1192		M3M3	 3p_3p	 2	 6		-44782.39944		179.48391
	1193		M2M3	 3p_3p	 2	 7		-44782.07313		179.81022
	1194		M2M3	 3p_3p	 2	 8		-44781.64356		180.23979
	1195		M2M3	 3p_3p	 2	 9		-44778.95683		182.92652
	1196		M2M3	 3p_3p	 2	 10		-44778.86466		183.01869
	1197		M3M3	 3p_3p	 4	 1		-44784.62960		177.25375
	1198		M3M3	 3p_3p	 4	 2		-44784.36786		177.51549
	1199		M2M3	 3p_3p	 4	 11		-44778.90778		182.97557
	1200		M2M3	 3p_3p	 4	 12		-44778.80453		183.07882
	1201		M2M3	 3p_3p	 4	 13		-44778.77428		183.10907
	1202		M2M3	 3p_3p	 4	 14		-44778.44454		183.43881
	1203		M2M2	 3p_3p	 4	 15		-44772.45428		189.42907
	1204		M2M2	 3p_3p	 4	 16		-44772.07483		189.80852
	1205		M3M3	 3p_3p	 4	 3		-44783.97433		177.90902
	1206		M2M3	 3p_3p	 4	 4		-44783.82947		178.05388
	1207		M2M3	 3p_3p	 4	 5		-44782.46347		179.41988
	1208		M2M3	 3p_3p	 4	 6		-44782.38556		179.49779
	1209		M2M3	 3p_3p	 4	 7		-44782.21453		179.66882
	1210		M2M3	 3p_3p	 4	 8		-44782.07261		179.81074
	1211		M2M3	 3p_3p	 4	 9		-44781.59389		180.28946
	1212		M3M3	 3p_3p	 4	 10		-44781.51434		180.36901
	1213		M3M3	 3p_3p	 6	 1		-44784.66172		177.22163
	1214		M3M3	 3p_3p	 6	 2		-44784.37451		177.50884
	1215		M2M3	 3p_3p	 6	 11		-44778.78350		183.09985
	1216		M2M3	 3p_3p	 6	 12		-44778.42272		183.46063
	1217		M2M2	 3p_3p	 6	 13		-44772.46108		189.42227
	1218		M3M3	 3p_3p	 6	 3		-44784.01375		177.8696
	1219		M3M3	 3p_3p	 6	 4		-44783.84711		178.03624
	1220		M2M3	 3p_3p	 6	 5		-44782.45575		179.4276
	1221		M2M3	 3p_3p	 6	 6		-44782.37050		179.51285
	1222		M2M3	 3p_3p	 6	 7		-44782.09446		179.78889
	1223		M2M3	 3p_3p	 6	 8		-44781.63702		180.24633
	1224		M2M3	 3p_3p	 6	 9		-44778.89810		182.98525
	1225		M2M3	 3p_3p	 6	 10		-44778.83479		183.04856
	1226		M3M3	 3p_3p	 8	 1		-44784.67108		177.21227
	1227		M3M3	 3p_3p	 8	 2		-44784.41379		177.46956
	1228		M2M3	 3p_3p	 8	 3		-44783.82401		178.05934
	1229		M3M3	 3p_3p	 8	 4		-44782.40754		179.47581
	1230		M2M3	 3p_3p	 8	 5		-44778.91329		182.97006
	1231		M2M3	 3p_3p	 8	 6		-44778.79630		183.08705
	1232		M2M3	 3p_3p	 8	 7		-44778.51232		183.37103
	1233		M24d	 3p_4d	 0	 1		-44876.29035		85.593
	1234		M34d	 3p_4d	 2	 1		-44878.56034		83.32301
	1235		M24d	 3p_4d	 2	 2		-44876.14744		85.73591
	1236		M34d	 3p_4d	 4	 1		-44878.80523		83.07812
	1237		M3N1	 3p_4s	 0	 1		-44868.11045		93.7729
	1238		M3N1	 3p_4s	 2	 1		-44868.08098		93.80237
	1239		M3N1	 3p_4s	 2	 2		-44867.94009		93.94326
	1240		M2N1	 3p_4s	 2	 3		-44865.10831		96.77504
	1241		M3N1	 3p_4s	 4	 1		-44868.03381		93.84954
	1242		M3N1	 3p_4s	 4	 2		-44867.98687		93.89648
	1243		M2N1	 3p_4s	 4	 3		-44865.51654		96.36681
	1244		M2N1	 3p_4s	 4	 4		-44865.51583		96.36752
	1245		M3N1	 3p_4s	 6	 1		-44868.03745		93.8459
	1246		M3N1	 3p_4s	 6	 2		-44867.97588		93.90747
	1247		M2N1	 3p_4s	 6	 3		-44865.49345		96.3899
	1248		M3N1	 3p_4s	 8	 1		-44868.05224		93.83111
	1249		M1M4	 3s_3d	 0	 1		-44812.70031		149.18304
	1250		M1M5	 3s_3d	 0	 2		-44812.51932		149.36403
	1251		M1M4	 3s_3d	 0	 3		-44811.98603		149.89732
	1252		M1M5	 3s_3d	 0	 4		-44811.06463		150.81872
	1253		M1M4	 3s_3d	 0	 5		-44807.08115		154.8022
	1254		M1M5	 3s_3d	 0	 6		-44806.61289		155.27046
	1255		M1M5	 3s_3d	 10	 1		-44812.88430		148.99905
	1256		M1M5	 3s_3d	 10	 2		-44812.76447		149.11888
	1257		M1M5	 3s_3d	 10	 3		-44812.60876		149.27459
	1258		M1M5	 3s_3d	 10	 4		-44812.11214		149.77121
	1259		M1M5	 3s_3d	 10	 5		-44807.06863		154.81472
	1260		M1M5	 3s_3d	 12	 1		-44812.93791		148.94544
	1261		M1M4	 3s_3d	 2	 1		-44812.81913		149.06422
	1262		M1M4	 3s_3d	 2	 2		-44812.69684		149.18651
	1263		M1M5	 3s_3d	 2	 11		-44807.08050		154.80285
	1264		M1M5	 3s_3d	 2	 12		-44806.99966		154.88369
	1265		M1M5	 3s_3d	 2	 13		-44806.87303		155.01032
	1266		M1M5	 3s_3d	 2	 14		-44806.70929		155.17406
	1267		M1M4	 3s_3d	 2	 3		-44812.57988		149.30347
	1268		M1M5	 3s_3d	 2	 4		-44812.56319		149.32016
	1269		M1M5	 3s_3d	 2	 5		-44812.39555		149.4878
	1270		M1M5	 3s_3d	 2	 6		-44812.21279		149.67056
	1271		M1M5	 3s_3d	 2	 7		-44812.17586		149.70749
	1272		M1M5	 3s_3d	 2	 8		-44811.96220		149.92115
	1273		M1M4	 3s_3d	 2	 9		-44811.84935		150.034
	1274		M1M5	 3s_3d	 2	 10		-44811.81192		150.07143
	1275		M1M5	 3s_3d	 4	 1		-44813.05661		148.82674
	1276		M1M5	 3s_3d	 4	 2		-44812.83573		149.04762
	1277		M1M4	 3s_3d	 4	 11		-44811.88828		149.99507
	1278		M1M4	 3s_3d	 4	 12		-44811.78224		150.10111
	1279		M1M5	 3s_3d	 4	 13		-44807.07871		154.80464
	1280		M1M5	 3s_3d	 4	 14		-44806.99732		154.88603
	1281		M1M5	 3s_3d	 4	 15		-44806.95159		154.93176
	1282		M1M5	 3s_3d	 4	 16		-44806.64786		155.23549
	1283		M1M4	 3s_3d	 4	 3		-44812.71832		149.16503
	1284		M1M4	 3s_3d	 4	 4		-44812.68693		149.19642
	1285		M1M4	 3s_3d	 4	 5		-44812.57816		149.30519
	1286		M1M5	 3s_3d	 4	 6		-44812.57919		149.30416
	1287		M1M5	 3s_3d	 4	 7		-44812.44767		149.43568
	1288		M1M4	 3s_3d	 4	 8		-44812.34587		149.53748
	1289		M1M5	 3s_3d	 4	 9		-44812.08851		149.79484
	1290		M1M5	 3s_3d	 4	 10		-44812.06806		149.81529
	1291		M1M5	 3s_3d	 6	 1		-44812.90867		148.97468
	1292		M1M4	 3s_3d	 6	 2		-44812.78031		149.10304
	1293		M1M4	 3s_3d	 6	 11		-44811.81698		150.06637
	1294		M1M5	 3s_3d	 6	 12		-44807.07773		154.80562
	1295		M1M5	 3s_3d	 6	 13		-44806.99403		154.88932
	1296		M1M5	 3s_3d	 6	 14		-44806.94878		154.93457
	1297		M1M5	 3s_3d	 6	 15		-44806.61022		155.27313
	1298		M1M4	 3s_3d	 6	 3		-44812.73643		149.14692
	1299		M1M4	 3s_3d	 6	 4		-44812.60789		149.27546
	1300		M1M4	 3s_3d	 6	 5		-44812.52894		149.35441
	1301		M1M5	 3s_3d	 6	 6		-44812.46436		149.41899
	1302		M1M4	 3s_3d	 6	 7		-44812.38362		149.49973
	1303		M1M5	 3s_3d	 6	 8		-44812.06465		149.8187
	1304		M1M4	 3s_3d	 6	 9		-44812.03714		149.84621
	1305		M1M5	 3s_3d	 6	 10		-44811.90506		149.97829
	1306		M1M5	 3s_3d	 8	 1		-44812.85927		149.02408
	1307		M1M5	 3s_3d	 8	 2		-44812.81095		149.0724
	1308		M1M5	 3s_3d	 8	 11		-44806.70285		155.1805
	1309		M1M4	 3s_3d	 8	 3		-44812.67274		149.21061
	1310		M1M4	 3s_3d	 8	 4		-44812.55225		149.3311
	1311		M1M5	 3s_3d	 8	 5		-44812.47584		149.40751
	1312		M1M4	 3s_3d	 8	 6		-44812.15774		149.72561
	1313		M1M5	 3s_3d	 8	 7		-44812.02373		149.85962
	1314		M1M5	 3s_3d	 8	 8		-44811.91387		149.96948
	1315		M1M5	 3s_3d	 8	 9		-44807.07350		154.80985
	1316		M1M5	 3s_3d	 8	 10		-44806.94530		154.93805
	1317		M1M3	 3s_3p	 0	 1		-44740.05490		221.82845
	1318		M1M3	 3s_3p	 0	 2		-44739.68377		222.19958
	1319		M1M3	 3s_3p	 0	 3		-44738.26759		223.61576
	1320		M1M3	 3s_3p	 0	 4		-44723.80942		238.07393
	1321		M1M3	 3s_3p	 10	 1		-44740.31995		221.5634
	1322		M1M3	 3s_3p	 2	 1		-44740.36659		221.51676
	1323		M1M3	 3s_3p	 2	 2		-44740.04379		221.83956
	1324		M1M3	 3s_3p	 2	 11		-44723.52966		238.35369
	1325		M1M3	 3s_3p	 2	 3		-44739.76950		222.11385
	1326		M1M3	 3s_3p	 2	 4		-44739.65055		222.2328
	1327		M1M2	 3s_3p	 2	 5		-44738.52841		223.35494
	1328		M1M3	 3s_3p	 2	 6		-44738.41236		223.47099
	1329		M1M2	 3s_3p	 2	 7		-44738.07048		223.81287
	1330		M1M2	 3s_3p	 2	 8		-44737.41042		224.47293
	1331		M1M3	 3s_3p	 2	 9		-44723.80915		238.0742
	1332		M1M3	 3s_3p	 2	 10		-44723.59088		238.29247
	1333		M1M3	 3s_3p	 4	 1		-44740.32009		221.56326
	1334		M1M3	 3s_3p	 4	 2		-44740.01756		221.86579
	1335		M1M3	 3s_3p	 4	 11		-44723.77109		238.11226
	1336		M1M3	 3s_3p	 4	 12		-44723.63214		238.25121
	1337		M1M3	 3s_3p	 4	 13		-44723.80905		238.0743
	1338		M1M3	 3s_3p	 4	 14		-44723.22608		238.65727
	1339		M1M3	 3s_3p	 4	 3		-44739.78055		222.1028
	1340		M1M3	 3s_3p	 4	 4		-44739.61055		222.2728
	1341		M1M2	 3s_3p	 4	 5		-44738.54886		223.33449
	1342		M1M2	 3s_3p	 4	 6		-44738.40143		223.48192
	1343		M1M3	 3s_3p	 4	 7		-44738.27928		223.60407
	1344		M1M3	 3s_3p	 4	 8		-44738.10970		223.77365
	1345		M1M2	 3s_3p	 4	 9		-44737.43458		224.44877
	1346		M1M2	 3s_3p	 4	 10		-44737.10883		224.77452
	1347		M1M3	 3s_3p	 6	 1		-44740.27182		221.61153
	1348		M1M3	 3s_3p	 6	 2		-44740.03545		221.8479
	1349		M1M3	 3s_3p	 6	 11		-44723.51223		238.37112
	1350		M1M3	 3s_3p	 6	 3		-44739.81541		222.06794
	1351		M1M3	 3s_3p	 6	 4		-44739.59158		222.29177
	1352		M1M2	 3s_3p	 6	 5		-44738.55962		223.32373
	1353		M1M3	 3s_3p	 6	 6		-44738.43110		223.45225
	1354		M1M3	 3s_3p	 6	 7		-44738.08995		223.7934
	1355		M1M2	 3s_3p	 6	 8		-44737.43814		224.44521
	1356		M1M3	 3s_3p	 6	 9		-44723.75601		238.12734
	1357		M1M3	 3s_3p	 6	 10		-44723.60636		238.27699
	1358		M1M3	 3s_3p	 8	 1		-44740.26237		221.62098
	1359		M1M3	 3s_3p	 8	 2		-44740.08835		221.795
	1360		M1M3	 3s_3p	 8	 3		-44739.64258		222.24077
	1361		M1M3	 3s_3p	 8	 4		-44723.96757		237.91578
	1362		M1M3	 3s_3p	 8	 5		-44723.80212		238.08123
	1363		M1M1	 3s_3s	 2	 1		-44683.02960		278.85375
	1364		M1M1	 3s_3s	 4	 1		-44683.02702		278.85633
	1365		M1M1	 3s_3s	 4	 2		-44682.62465		279.2587
	1366		M1M1	 3s_3s	 6	 1		-44683.02321		278.86014
	1367		M14d	 3s_4d	 0	 1		-44829.77821		132.10514
	1368		M14d	 3s_4d	 2	 1		-44829.96236		131.92099
	1369		M1N1	 3s_4s	 2	 1		-44819.22158		142.66177
	1370		M1N1	 3s_4s	 4	 1		-44819.21970		142.66365
	1371		M1N1	 3s_4s	 4	 2		-44819.17187		142.71148
	1372		M1N1	 3s_4s	 6	 1		-44819.21675		142.6666
	1373		N14d	 4s_4d	 0	 1		-44955.26947		6.61388
