# Atomic number Z= 29  Date:10-1-2023

# Number	Shelli	ShellLS 2Ji	Eigi	Total Energy (eV)	Ground Energy(eV)	Partial Width (eV)
	1		K1K1	 1s_1s	 0	 1		-26589.33172		18372.55163
	2		K1K1	 1s_1s	 2	 1		-26589.32154		18372.56181
	3		K1K1	 1s_1s	 2	 2		-26588.80549		18373.07786
	4		K1K1	 1s_1s	 4	 1		-26589.29972		18372.58363
	5		K1L3	 1s_2p	 0	 1		-34951.80649		10010.07686
	6		K1L3	 1s_2p	 0	 2		-34942.06527		10019.81808
	7		K1L3	 1s_2p	 0	 3		-34941.60553		10020.27782
	8		K1L2	 1s_2p	 0	 4		-34935.40094		10026.48241
	9		K1L2	 1s_2p	 0	 5		-34918.40246		10043.48089
	10		K1L2	 1s_2p	 0	 6		-34917.90253		10043.98082
	11		K1L3	 1s_2p	 2	 1		-34951.76729		10010.11606
	12		K1L3	 1s_2p	 2	 2		-34951.83909		10010.04426
	13		K1L2	 1s_2p	 2	 11		-34918.40730		10043.47605
	14		K1L2	 1s_2p	 2	 12		-34918.39990		10043.48345
	15		K1L2	 1s_2p	 2	 13		-34917.89538		10043.98797
	16		K1L3	 1s_2p	 2	 3		-34951.70409		10010.17926
	17		K1L3	 1s_2p	 2	 4		-34942.18791		10019.69544
	18		K1L3	 1s_2p	 2	 5		-34942.08033		10019.80302
	19		K1L3	 1s_2p	 2	 6		-34942.01231		10019.87104
	20		K1L3	 1s_2p	 2	 7		-34941.61015		10020.2732
	21		K1L2	 1s_2p	 2	 8		-34927.08261		10034.80074
	22		K1L2	 1s_2p	 2	 9		-34926.57182		10035.31153
	23		K1L2	 1s_2p	 2	 10		-34918.87441		10043.00894
	24		K1L3	 1s_2p	 4	 1		-34952.12109		10009.76226
	25		K1L3	 1s_2p	 4	 2		-34951.94874		10009.93461
	26		K1L2	 1s_2p	 4	 11		-34917.91302		10043.97033
	27		K1L3	 1s_2p	 4	 3		-34951.86407		10010.01928
	28		K1L3	 1s_2p	 4	 4		-34951.46831		10010.41504
	29		K1L3	 1s_2p	 4	 5		-34942.18183		10019.70152
	30		K1L3	 1s_2p	 4	 6		-34942.08340		10019.79995
	31		K1L3	 1s_2p	 4	 7		-34941.61145		10020.2719
	32		K1L2	 1s_2p	 4	 8		-34927.06964		10034.81371
	33		K1L2	 1s_2p	 4	 9		-34918.89773		10042.98562
	34		K1L2	 1s_2p	 4	 10		-34918.39746		10043.48589
	35		K1L3	 1s_2p	 6	 1		-34952.09325		10009.7901
	36		K1L3	 1s_2p	 6	 2		-34951.95417		10009.92918
	37		K1L3	 1s_2p	 6	 3		-34951.56660		10010.31675
	38		K1L3	 1s_2p	 6	 4		-34942.16376		10019.71959
	39		K1L2	 1s_2p	 6	 5		-34926.71035		10035.173
	40		K1L3	 1s_2p	 8	 1		-34952.09420		10009.78915
	41		K1L1	 1s_2s	 0	 1		-34803.18219		10158.70116
	42		K1L1	 1s_2s	 0	 2		-34802.93356		10158.94979
	43		K1L1	 1s_2s	 0	 3		-34638.45759		10323.42576
	44		K1L1	 1s_2s	 2	 1		-34803.33708		10158.54627
	45		K1L1	 1s_2s	 2	 2		-34803.05678		10158.82657
	46		K1L1	 1s_2s	 2	 3		-34803.08832		10158.79503
	47		K1L1	 1s_2s	 2	 4		-34802.72767		10159.15568
	48		K1L1	 1s_2s	 2	 5		-34799.37237		10162.51098
	49		K1L1	 1s_2s	 2	 6		-34798.85713		10163.02622
	50		K1L1	 1s_2s	 4	 1		-34803.32882		10158.55453
	51		K1L1	 1s_2s	 4	 2		-34803.06757		10158.81578
	52		K1L1	 1s_2s	 4	 3		-34802.72322		10159.16013
	53		K1L1	 1s_2s	 4	 4		-35649.82208		9312.06127
	54		K1L1	 1s_2s	 6	 1		-34803.31346		10158.56989
	55		K1M5	 1s_3d	 0	 1		-35955.96008		9005.92327
	56		K1M4	 1s_3d	 0	 2		-35955.77913		9006.10422
	57		K1M4	 1s_3d	 0	 3		-35955.72119		9006.16216
	58		K1M4	 1s_3d	 0	 4		-35955.26615		9006.6172
	59		K1M5	 1s_3d	 10	 1		-35956.29125		9005.5921
	60		K1M4	 1s_3d	 2	 1		-35956.10894		9005.77441
	61		K1M4	 1s_3d	 2	 2		-35956.01622		9005.86713
	62		K1M4	 1s_3d	 2	 11		-35955.07211		9006.81124
	63		K1M4	 1s_3d	 2	 3		-35955.88544		9005.99791
	64		K1M5	 1s_3d	 2	 4		-35955.79496		9006.08839
	65		K1M5	 1s_3d	 2	 5		-35955.78945		9006.0939
	66		K1M4	 1s_3d	 2	 6		-35955.77181		9006.11154
	67		K1M4	 1s_3d	 2	 7		-35955.54329		9006.34006
	68		K1M4	 1s_3d	 2	 8		-35955.40059		9006.48276
	69		K1M5	 1s_3d	 2	 9		-35955.73736		9006.14599
	70		K1M4	 1s_3d	 2	 10		-35955.25984		9006.62351
	71		K1M5	 1s_3d	 4	 1		-35956.22862		9005.65473
	72		K1M5	 1s_3d	 4	 2		-35956.10701		9005.77634
	73		K1M5	 1s_3d	 4	 11		-35955.49276		9006.39059
	74		K1M5	 1s_3d	 4	 12		-35955.31541		9006.56794
	75		K1M4	 1s_3d	 4	 13		-35955.16790		9006.71545
	76		K1M4	 1s_3d	 4	 14		-35955.10598		9006.77737
	77		K1M5	 1s_3d	 4	 3		-35955.98823		9005.89512
	78		K1M4	 1s_3d	 4	 4		-35955.99566		9005.88769
	79		K1M4	 1s_3d	 4	 5		-35955.81303		9006.07032
	80		K1M4	 1s_3d	 4	 6		-35955.77045		9006.1129
	81		K1M5	 1s_3d	 4	 7		-35955.73196		9006.15139
	82		K1M4	 1s_3d	 4	 8		-35955.69939		9006.18396
	83		K1M4	 1s_3d	 4	 9		-35955.59473		9006.28862
	84		K1M5	 1s_3d	 4	 10		-35955.21508		9006.66827
	85		K1M5	 1s_3d	 6	 1		-35956.35007		9005.53328
	86		K1M5	 1s_3d	 6	 2		-35956.18384		9005.69951
	87		K1M4	 1s_3d	 6	 11		-35955.20246		9006.68089
	88		K1M5	 1s_3d	 6	 3		-35956.07415		9005.8092
	89		K1M5	 1s_3d	 6	 4		-35955.89349		9005.98986
	90		K1M5	 1s_3d	 6	 5		-35955.80179		9006.08156
	91		K1M4	 1s_3d	 6	 6		-35955.74917		9006.13418
	92		K1M4	 1s_3d	 6	 7		-35955.62342		9006.25993
	93		K1M5	 1s_3d	 6	 8		-35955.33980		9006.54355
	94		K1M5	 1s_3d	 6	 9		-35955.41088		9006.47247
	95		K1M5	 1s_3d	 6	 10		-35955.36148		9006.52187
	96		K1M5	 1s_3d	 8	 1		-35956.25049		9005.63286
	97		K1M5	 1s_3d	 8	 2		-35956.16052		9005.72283
	98		K1M5	 1s_3d	 8	 3		-35955.97178		9005.91157
	99		K1M4	 1s_3d	 8	 4		-35955.69112		9006.19223
	100		K1M5	 1s_3d	 8	 5		-35955.44715		9006.4362
	101		K1M3	 1s_3p	 0	 1		-35874.70102		9087.18233
	102		K1M3	 1s_3p	 0	 2		-35873.55228		9088.33107
	103		K1M3	 1s_3p	 0	 3		-35873.26456		9088.61879
	104		K1M2	 1s_3p	 0	 4		-35873.41993		9088.46342
	105		K1M2	 1s_3p	 0	 5		-35870.82683		9091.05652
	106		K1M2	 1s_3p	 0	 6		-35870.34777		9091.53558
	107		K1M3	 1s_3p	 2	 1		-35874.84032		9087.04303
	108		K1M3	 1s_3p	 2	 2		-35874.74932		9087.13403
	109		K1M2	 1s_3p	 2	 11		-35870.89152		9090.99183
	110		K1M2	 1s_3p	 2	 12		-35870.76566		9091.11769
	111		K1M2	 1s_3p	 2	 13		-35870.28140		9091.60195
	112		K1M3	 1s_3p	 2	 3		-35874.14121		9087.74214
	113		K1M3	 1s_3p	 2	 4		-35873.95093		9087.93242
	114		K1M3	 1s_3p	 2	 5		-35873.49126		9088.39209
	115		K1M3	 1s_3p	 2	 6		-35873.54066		9088.34269
	116		K1M3	 1s_3p	 2	 7		-35873.28011		9088.60324
	117		K1M2	 1s_3p	 2	 8		-35871.78075		9090.1026
	118		K1M2	 1s_3p	 2	 9		-35871.28159		9090.60176
	119		K1M2	 1s_3p	 2	 10		-35870.92939		9090.95396
	120		K1M3	 1s_3p	 4	 1		-35875.27279		9086.61056
	121		K1M3	 1s_3p	 4	 2		-35875.01629		9086.86706
	122		K1M2	 1s_3p	 4	 11		-35870.34020		9091.54315
	123		K1M3	 1s_3p	 4	 3		-35874.79355		9087.0898
	124		K1M3	 1s_3p	 4	 4		-35874.55935		9087.324
	125		K1M3	 1s_3p	 4	 5		-35873.93335		9087.95
	126		K1M3	 1s_3p	 4	 6		-35873.76107		9088.12228
	127		K1M3	 1s_3p	 4	 7		-35873.27825		9088.6051
	128		K1M2	 1s_3p	 4	 8		-35873.34145		9088.5419
	129		K1M2	 1s_3p	 4	 9		-35870.87641		9091.00694
	130		K1M2	 1s_3p	 4	 10		-35870.76936		9091.11399
	131		K1M3	 1s_3p	 6	 1		-35875.19059		9086.69276
	132		K1M3	 1s_3p	 6	 2		-35875.02615		9086.8572
	133		K1M3	 1s_3p	 6	 3		-35874.33471		9087.54864
	134		K1M3	 1s_3p	 6	 4		-35870.78566		9091.09769
	135		K1M2	 1s_3p	 6	 5		-35870.77394		9091.10941
	136		K1M3	 1s_3p	 8	 1		-35875.22514		9086.65821
	137		K1M1	 1s_3s	 0	 1		-35826.79165		9135.0917
	138		K1M1	 1s_3s	 0	 2		-35826.57039		9135.31296
	139		K1M1	 1s_3s	 0	 3		-35830.54942		9131.33393
	140		K1M1	 1s_3s	 2	 1		-35826.96211		9134.92124
	141		K1M1	 1s_3s	 2	 2		-35826.64932		9135.23403
	142		K1M1	 1s_3s	 2	 3		-35826.90380		9134.97955
	143		K1M1	 1s_3s	 2	 4		-35826.35929		9135.52406
	144		K1M1	 1s_3s	 2	 5		-35825.06727		9136.81608
	145		K1M1	 1s_3s	 2	 6		-35824.61343		9137.26992
	146		K1M1	 1s_3s	 4	 1		-35826.95352		9134.92983
	147		K1M1	 1s_3s	 4	 2		-35826.65710		9135.22625
	148		K1M1	 1s_3s	 4	 3		-35826.35696		9135.52639
	149		K1M1	 1s_3s	 4	 4		-35825.04597		9136.83738
	150		K1M1	 1s_3s	 6	 1		-35826.93811		9134.94524
	151		K1N1	 1s_4s	 0	 1		-35964.47938		8997.40397
	152		K1N1	 1s_4s	 2	 1		-35964.47720		8997.40615
	153		K1N1	 1s_4s	 2	 2		-35964.43735		8997.446
	154		K1N1	 1s_4s	 4	 1		-35964.45383		8997.42952
	155		K15p	 1s_5p	 0	 1		-35975.80494		8986.07841
	156		K15p	 1s_5p	 2	 1		-35975.89633		8985.98702
	157		L3L3	 2p_2p	 0	 1		-43030.21463		1931.66872
	158		L3L3	 2p_2p	 0	 2		-43017.07902		1944.80433
	159		L2L3	 2p_2p	 0	 3		-43012.26834		1949.61501
	160		L2L3	 2p_2p	 0	 4		-43011.81461		1950.06874
	161		L2L3	 2p_2p	 0	 5		-43001.71873		1960.16462
	162		L2L2	 2p_2p	 0	 6		-42972.69327		1989.19008
	163		L3L3	 2p_2p	 2	 1		-43030.31835		1931.565
	164		L3L3	 2p_2p	 2	 2		-43030.18304		1931.70031
	165		L2L3	 2p_2p	 2	 11		-43001.74554		1960.13781
	166		L2L3	 2p_2p	 2	 12		-43001.26391		1960.61944
	167		L2L2	 2p_2p	 2	 13		-42972.69014		1989.19321
	168		L2L2	 2p_2p	 2	 14		-42972.18543		1989.69792
	169		L3L3	 2p_2p	 2	 3		-43029.81077		1932.07258
	170		L3L3	 2p_2p	 2	 4		-43017.06890		1944.81445
	171		L3L3	 2p_2p	 2	 5		-43016.55297		1945.33038
	172		L2L3	 2p_2p	 2	 6		-43012.38997		1949.49338
	173		L2L3	 2p_2p	 2	 7		-43012.26703		1949.61632
	174		L2L3	 2p_2p	 2	 8		-43012.20768		1949.67567
	175		L2L3	 2p_2p	 2	 9		-43011.80148		1950.08187
	176		L2L3	 2p_2p	 2	 10		-43001.75266		1960.13069
	177		L3L3	 2p_2p	 4	 1		-43030.43827		1931.44508
	178		L3L3	 2p_2p	 4	 2		-43030.28626		1931.59709
	179		L2L3	 2p_2p	 4	 11		-43001.75264		1960.13071
	180		L2L3	 2p_2p	 4	 12		-43001.25971		1960.62364
	181		L2L2	 2p_2p	 4	 13		-42980.90952		1980.97383
	182		L3L3	 2p_2p	 4	 3		-43030.21460		1931.66875
	183		L3L3	 2p_2p	 4	 4		-43029.82850		1932.05485
	184		L3L3	 2p_2p	 4	 5		-43025.24430		1936.63905
	185		L2L3	 2p_2p	 4	 6		-43012.36124		1949.52211
	186		L2L3	 2p_2p	 4	 7		-43012.27457		1949.60878
	187		L2L3	 2p_2p	 4	 8		-43011.81050		1950.07285
	188		L2L3	 2p_2p	 4	 9		-43001.79854		1960.08481
	189		L2L3	 2p_2p	 4	 10		-43001.78896		1960.09439
	190		L3L3	 2p_2p	 6	 1		-43030.44195		1931.4414
	191		L3L3	 2p_2p	 6	 2		-43030.32357		1931.55978
	192		L3L3	 2p_2p	 6	 3		-43029.82522		1932.05813
	193		L2L3	 2p_2p	 6	 4		-43012.36506		1949.51829
	194		L2L3	 2p_2p	 6	 5		-43001.80034		1960.08301
	195		L2L3	 2p_2p	 6	 6		-43009.93941		1951.94394
	196		L2L3	 2p_2p	 6	 7		-43001.28795		1960.5954
	197		L3L3	 2p_2p	 8	 1		-43030.41912		1931.46423
	198		L2L3	 2p_2p	 8	 2		-43001.79404		1960.08931
	199		L3M5	 2p_3d	 0	 1		-44012.50196		949.38139
	200		L3M4	 2p_3d	 0	 2		-44002.01051		959.87284
	201		L2M4	 2p_3d	 0	 11		-43980.24081		981.64254
	202		L3M4	 2p_3d	 0	 3		-44001.60744		960.27591
	203		L3M4	 2p_3d	 0	 4		-44001.19321		960.69014
	204		L3M4	 2p_3d	 0	 5		-44000.95632		960.92703
	205		L3M5	 2p_3d	 0	 6		-43999.93109		961.95226
	206		L3M5	 2p_3d	 0	 7		-43999.58700		962.29635
	207		L2M4	 2p_3d	 0	 8		-43987.54863		974.33472
	208		L2M5	 2p_3d	 0	 9		-43983.96061		977.92274
	209		L2M4	 2p_3d	 0	 10		-43980.71000		981.17335
	210		L3M5	 2p_3d	 10	 1		-44004.35623		957.52712
	211		L3M5	 2p_3d	 10	 2		-44004.26625		957.6171
	212		L3M5	 2p_3d	 10	 3		-44003.73655		958.1468
	213		L3M5	 2p_3d	 10	 4		-44003.19097		958.69238
	214		L3M5	 2p_3d	 10	 5		-44008.45098		953.43237
	215		L2M5	 2p_3d	 10	 6		-43988.36419		973.51916
	216		L3M5	 2p_3d	 12	 1		-44004.42569		957.45766
	217		L3M5	 2p_3d	 2	 1		-44004.15008		957.73327
	218		L3M5	 2p_3d	 2	 2		-44004.10963		957.77372
	219		L3M4	 2p_3d	 2	 11		-44001.20794		960.67541
	220		L3M4	 2p_3d	 2	 12		-44001.07459		960.80876
	221		L3M4	 2p_3d	 2	 13		-44000.70704		961.17631
	222		L3M5	 2p_3d	 2	 14		-44000.37928		961.50407
	223		L3M5	 2p_3d	 2	 15		-44000.09176		961.79159
	224		L3M5	 2p_3d	 2	 16		-43999.97754		961.90581
	225		L3M5	 2p_3d	 2	 17		-43999.89794		961.98541
	226		L3M5	 2p_3d	 2	 18		-43999.47436		962.40899
	227		L2M4	 2p_3d	 2	 19		-43983.91455		977.9688
	228		L2M4	 2p_3d	 2	 20		-43983.79811		978.08524
	229		L3M5	 2p_3d	 2	 3		-44003.61668		958.26667
	230		L2M4	 2p_3d	 2	 21		-43983.29432		978.58903
	231		L2M5	 2p_3d	 2	 22		-43982.34378		979.53957
	232		L2M5	 2p_3d	 2	 23		-43982.15015		979.7332
	233		L2M5	 2p_3d	 2	 24		-43981.90176		979.98159
	234		L2M5	 2p_3d	 2	 25		-43981.44585		980.4375
	235		L2M4	 2p_3d	 2	 26		-43980.81273		981.07062
	236		L2M4	 2p_3d	 2	 27		-43980.76957		981.11378
	237		L2M4	 2p_3d	 2	 28		-43980.60129		981.28206
	238		L2M4	 2p_3d	 2	 29		-43980.12817		981.75518
	239		L3M4	 2p_3d	 2	 4		-44002.91119		958.97216
	240		L3M4	 2p_3d	 2	 5		-44002.12671		959.75664
	241		L3M4	 2p_3d	 2	 6		-44002.02062		959.86273
	242		L3M4	 2p_3d	 2	 7		-44001.73171		960.15164
	243		L3M4	 2p_3d	 2	 8		-44009.44103		952.44232
	244		L3M4	 2p_3d	 2	 9		-44001.57149		960.31186
	245		L3M4	 2p_3d	 2	 10		-44001.43859		960.44476
	246		L3M5	 2p_3d	 4	 1		-44004.16303		957.72032
	247		L3M5	 2p_3d	 4	 2		-44004.11385		957.7695
	248		L3M4	 2p_3d	 4	 11		-44002.04702		959.83633
	249		L3M4	 2p_3d	 4	 12		-44001.75860		960.12475
	250		L3M4	 2p_3d	 4	 13		-44001.57790		960.30545
	251		L3M4	 2p_3d	 4	 14		-44001.47697		960.40638
	252		L3M4	 2p_3d	 4	 15		-44001.20400		960.67935
	253		L3M4	 2p_3d	 4	 16		-44001.02582		960.85753
	254		L3M5	 2p_3d	 4	 17		-44000.38648		961.49687
	255		L3M5	 2p_3d	 4	 18		-44000.29627		961.58708
	256		L3M5	 2p_3d	 4	 19		-44000.04170		961.84165
	257		L3M5	 2p_3d	 4	 20		-43999.97313		961.91022
	258		L3M5	 2p_3d	 4	 3		-44004.09793		957.78542
	259		L3M5	 2p_3d	 4	 21		-43999.89447		961.98888
	260		L3M5	 2p_3d	 4	 22		-43999.51821		962.36514
	261		L2M4	 2p_3d	 4	 23		-43983.93785		977.9455
	262		L2M4	 2p_3d	 4	 24		-43983.82609		978.05726
	263		L2M4	 2p_3d	 4	 25		-43983.67581		978.20754
	264		L2M4	 2p_3d	 4	 26		-43983.21082		978.67253
	265		L2M5	 2p_3d	 4	 27		-43982.57232		979.31103
	266		L2M5	 2p_3d	 4	 28		-43982.33502		979.54833
	267		L2M5	 2p_3d	 4	 29		-43982.18010		979.70325
	268		L2M5	 2p_3d	 4	 30		-43981.80922		980.07413
	269		L3M5	 2p_3d	 4	 4		-44003.96984		957.91351
	270		L2M5	 2p_3d	 4	 31		-43981.58978		980.29357
	271		L2M5	 2p_3d	 4	 32		-43981.40619		980.47716
	272		L2M5	 2p_3d	 4	 33		-43981.13704		980.74631
	273		L2M4	 2p_3d	 4	 34		-43980.74681		981.13654
	274		L2M4	 2p_3d	 4	 35		-43980.56773		981.31562
	275		L2M4	 2p_3d	 4	 36		-43980.18173		981.70162
	276		L3M5	 2p_3d	 4	 5		-44003.59042		958.29293
	277		L3M5	 2p_3d	 4	 6		-44003.04380		958.83955
	278		L3M4	 2p_3d	 4	 7		-44002.91194		958.97141
	279		L3M4	 2p_3d	 4	 8		-44002.61127		959.27208
	280		L3M4	 2p_3d	 4	 9		-44002.21229		959.67106
	281		L3M4	 2p_3d	 4	 10		-44002.15120		959.73215
	282		L3M5	 2p_3d	 6	 1		-44004.23734		957.64601
	283		L3M5	 2p_3d	 6	 2		-44004.13491		957.74844
	284		L3M4	 2p_3d	 6	 11		-44002.22015		959.6632
	285		L3M4	 2p_3d	 6	 12		-44002.13373		959.74962
	286		L3M4	 2p_3d	 6	 13		-44001.75934		960.12401
	287		L3M4	 2p_3d	 6	 14		-44001.44179		960.44156
	288		L3M5	 2p_3d	 6	 15		-44000.40066		961.48269
	289		L3M5	 2p_3d	 6	 16		-44000.39301		961.49034
	290		L3M5	 2p_3d	 6	 17		-44000.29874		961.58461
	291		L3M5	 2p_3d	 6	 18		-44000.04345		961.8399
	292		L3M5	 2p_3d	 6	 19		-43999.80095		962.0824
	293		L2M4	 2p_3d	 6	 20		-43983.84765		978.0357
	294		L3M5	 2p_3d	 6	 3		-44004.04501		957.83834
	295		L2M4	 2p_3d	 6	 21		-43983.66645		978.2169
	296		L2M4	 2p_3d	 6	 22		-43983.29503		978.58832
	297		L2M5	 2p_3d	 6	 23		-43982.45825		979.4251
	298		L2M5	 2p_3d	 6	 24		-43982.35742		979.52593
	299		L2M5	 2p_3d	 6	 25		-43981.95101		979.93234
	300		L2M5	 2p_3d	 6	 26		-43981.78067		980.10268
	301		L2M5	 2p_3d	 6	 27		-43981.57978		980.30357
	302		L2M5	 2p_3d	 6	 28		-43981.47361		980.40974
	303		L2M5	 2p_3d	 6	 29		-43981.03272		980.85063
	304		L2M4	 2p_3d	 6	 30		-43980.60191		981.28144
	305		L3M5	 2p_3d	 6	 4		-44003.97881		957.90454
	306		L3M5	 2p_3d	 6	 5		-44003.73928		958.14407
	307		L3M5	 2p_3d	 6	 6		-44003.63846		958.24489
	308		L3M5	 2p_3d	 6	 7		-44003.21403		958.66932
	309		L3M4	 2p_3d	 6	 8		-44003.06552		958.81783
	310		L3M4	 2p_3d	 6	 9		-44002.95671		958.92664
	311		L3M4	 2p_3d	 6	 10		-44002.59305		959.2903
	312		L3M5	 2p_3d	 8	 1		-44004.46960		957.41375
	313		L3M5	 2p_3d	 8	 2		-44004.21849		957.66486
	314		L3M5	 2p_3d	 8	 11		-44000.31046		961.57289
	315		L3M5	 2p_3d	 8	 12		-43999.90047		961.98288
	316		L2M4	 2p_3d	 8	 13		-43988.69237		973.19098
	317		L2M5	 2p_3d	 8	 14		-43983.69304		978.19031
	318		L2M5	 2p_3d	 8	 15		-43981.70433		980.17902
	319		L2M5	 2p_3d	 8	 16		-43981.61950		980.26385
	320		L2M5	 2p_3d	 8	 17		-43981.12716		980.75619
	321		L3M5	 2p_3d	 8	 3		-44004.09464		957.78871
	322		L3M5	 2p_3d	 8	 4		-44004.04709		957.83626
	323		L3M5	 2p_3d	 8	 5		-44003.65518		958.22817
	324		L3M5	 2p_3d	 8	 6		-44003.17377		958.70958
	325		L3M4	 2p_3d	 8	 7		-44003.08536		958.79799
	326		L3M4	 2p_3d	 8	 8		-44002.61954		959.26381
	327		L3M4	 2p_3d	 8	 9		-44002.19828		959.68507
	328		L3M5	 2p_3d	 8	 10		-44000.39265		961.4907
	329		L3M3	 2p_3p	 0	 1		-43927.41817		1034.46518
	330		L3M3	 2p_3p	 0	 2		-43926.82024		1035.06311
	331		L2M3	 2p_3p	 0	 11		-43903.39976		1058.48359
	332		L2M3	 2p_3p	 0	 12		-43902.57640		1059.30695
	333		L3M3	 2p_3p	 0	 13		-43857.32033		1104.56302
	334		L3M2	 2p_3p	 0	 3		-43921.98940		1039.89395
	335		L3M2	 2p_3p	 0	 4		-43929.60087		1032.28248
	336		L3M2	 2p_3p	 0	 5		-43921.03308		1040.85027
	337		L3M3	 2p_3p	 0	 6		-43904.60949		1057.27386
	338		L3M3	 2p_3p	 0	 7		-43921.03296		1040.85039
	339		L2M2	 2p_3p	 0	 8		-43904.61871		1057.26464
	340		L2M2	 2p_3p	 0	 9		-43904.09032		1057.79303
	341		L2M3	 2p_3p	 0	 10		-43903.75812		1058.12523
	342		L3M3	 2p_3p	 10	 1		-43927.33418		1034.54917
	343		L3M3	 2p_3p	 2	 1		-43927.43770		1034.44565
	344		L3M3	 2p_3p	 2	 2		-43927.35828		1034.52507
	345		L3M2	 2p_3p	 2	 11		-43921.30793		1040.57542
	346		L3M2	 2p_3p	 2	 12		-43920.98726		1040.89609
	347		L3M3	 2p_3p	 2	 13		-43904.71496		1057.16839
	348		L3M3	 2p_3p	 2	 14		-43904.68200		1057.20135
	349		L3M3	 2p_3p	 2	 15		-43916.42714		1045.45621
	350		L3M3	 2p_3p	 2	 16		-43919.47309		1042.41026
	351		L3M3	 2p_3p	 2	 17		-43920.78368		1041.09967
	352		L2M2	 2p_3p	 2	 18		-43904.73059		1057.15276
	353		L2M2	 2p_3p	 2	 19		-43904.69684		1057.18651
	354		L2M2	 2p_3p	 2	 20		-43904.50738		1057.37597
	355		L3M3	 2p_3p	 2	 3		-43927.31351		1034.56984
	356		L2M2	 2p_3p	 2	 21		-43904.09475		1057.7886
	357		L2M3	 2p_3p	 2	 22		-43911.97423		1049.90912
	358		L2M3	 2p_3p	 2	 23		-43903.82674		1058.05661
	359		L2M3	 2p_3p	 2	 24		-43903.62914		1058.25421
	360		L2M3	 2p_3p	 2	 25		-43903.35920		1058.52415
	361		L2M3	 2p_3p	 2	 26		-43902.72455		1059.1588
	362		L2M3	 2p_3p	 2	 27		-43902.61139		1059.27196
	363		L2M3	 2p_3p	 2	 28		-43902.32402		1059.55933
	364		L2M2	 2p_3p	 2	 29		-43904.16801		1057.71534
	365		L2M2	 2p_3p	 2	 30		-43900.50848		1061.37487
	366		L3M3	 2p_3p	 2	 4		-43926.97060		1034.91275
	367		L3M3	 2p_3p	 2	 5		-43926.78472		1035.09863
	368		L3M2	 2p_3p	 2	 6		-43922.14798		1039.73537
	369		L3M2	 2p_3p	 2	 7		-43922.03635		1039.847
	370		L3M2	 2p_3p	 2	 8		-43921.78459		1040.09876
	371		L3M2	 2p_3p	 2	 9		-43921.55888		1040.32447
	372		L3M2	 2p_3p	 2	 10		-43921.42105		1040.4623
	373		L3M3	 2p_3p	 4	 1		-43927.43472		1034.44863
	374		L3M3	 2p_3p	 4	 2		-43927.36022		1034.52313
	375		L3M2	 2p_3p	 4	 11		-43921.56902		1040.31433
	376		L3M2	 2p_3p	 4	 12		-43921.43947		1040.44388
	377		L3M2	 2p_3p	 4	 13		-43920.99937		1040.88398
	378		L3M3	 2p_3p	 4	 14		-43904.64864		1057.23471
	379		L3M3	 2p_3p	 4	 15		-43916.94708		1044.93627
	380		L3M3	 2p_3p	 4	 16		-43904.09595		1057.7874
	381		L3M3	 2p_3p	 4	 17		-43916.39920		1045.48415
	382		L3M3	 2p_3p	 4	 18		-43915.33290		1046.55045
	383		L2M2	 2p_3p	 4	 19		-43904.66355		1057.2198
	384		L2M2	 2p_3p	 4	 20		-43904.56788		1057.31547
	385		L3M3	 2p_3p	 4	 3		-43927.05892		1034.82443
	386		L2M2	 2p_3p	 4	 21		-43904.10873		1057.77462
	387		L2M3	 2p_3p	 4	 22		-43904.02032		1057.86303
	388		L2M3	 2p_3p	 4	 23		-43903.85198		1058.03137
	389		L2M3	 2p_3p	 4	 24		-43903.37873		1058.50462
	390		L2M3	 2p_3p	 4	 25		-43902.99114		1058.89221
	391		L2M3	 2p_3p	 4	 26		-43902.80820		1059.07515
	392		L2M3	 2p_3p	 4	 27		-43902.66527		1059.21808
	393		L2M3	 2p_3p	 4	 28		-43902.27178		1059.61157
	394		L2M2	 2p_3p	 4	 29		-43892.94491		1068.93844
	395		L3M3	 2p_3p	 4	 4		-43926.98665		1034.8967
	396		L3M3	 2p_3p	 4	 5		-43926.86051		1035.02284
	397		L3M3	 2p_3p	 4	 6		-43926.59798		1035.28537
	398		L3M2	 2p_3p	 4	 7		-43922.28485		1039.5985
	399		L3M2	 2p_3p	 4	 8		-43922.17168		1039.71167
	400		L3M2	 2p_3p	 4	 9		-43922.05698		1039.82637
	401		L3M2	 2p_3p	 4	 10		-43921.78027		1040.10308
	402		L3M3	 2p_3p	 6	 1		-43927.41637		1034.46698
	403		L3M3	 2p_3p	 6	 2		-43927.35783		1034.52552
	404		L3M3	 2p_3p	 6	 11		-43917.47323		1044.41012
	405		L3M3	 2p_3p	 6	 12		-43916.41338		1045.46997
	406		L2M2	 2p_3p	 6	 13		-43909.94724		1051.93611
	407		L2M3	 2p_3p	 6	 14		-43904.52337		1057.35998
	408		L2M3	 2p_3p	 6	 15		-43902.94420		1058.93915
	409		L2M3	 2p_3p	 6	 16		-43902.82475		1059.0586
	410		L2M3	 2p_3p	 6	 17		-43902.33467		1059.54868
	411		L3M3	 2p_3p	 6	 3		-43927.13202		1034.75133
	412		L3M3	 2p_3p	 6	 4		-43926.91274		1034.97061
	413		L3M3	 2p_3p	 6	 5		-43926.53732		1035.34603
	414		L3M2	 2p_3p	 6	 6		-43922.33264		1039.55071
	415		L3M2	 2p_3p	 6	 7		-43922.18880		1039.69455
	416		L3M2	 2p_3p	 6	 8		-43921.79708		1040.08627
	417		L3M2	 2p_3p	 6	 9		-43921.54855		1040.3348
	418		L3M3	 2p_3p	 6	 10		-43918.24888		1043.63447
	419		L3M3	 2p_3p	 8	 1		-43927.28657		1034.59678
	420		L3M3	 2p_3p	 8	 2		-43927.16299		1034.72036
	421		L3M3	 2p_3p	 8	 3		-43926.59992		1035.28343
	422		L3M2	 2p_3p	 8	 4		-43922.28351		1039.59984
	423		L3M2	 2p_3p	 8	 5		-43924.21979		1037.66356
	424		L2M3	 2p_3p	 8	 6		-43909.70778		1052.17557
	425		L3M1	 2p_3s	 0	 1		-43883.66708		1078.21627
	426		L3M1	 2p_3s	 0	 2		-43882.32080		1079.56255
	427		L3M1	 2p_3s	 0	 3		-43873.73470		1088.14865
	428		L2M1	 2p_3s	 0	 4		-43864.06894		1097.81441
	429		L2M1	 2p_3s	 0	 5		-43854.60823		1107.27512
	430		L2M1	 2p_3s	 0	 6		-43858.72889		1103.15446
	431		L3M1	 2p_3s	 2	 1		-43875.87958		1086.00377
	432		L3M1	 2p_3s	 2	 2		-43875.79018		1086.09317
	433		L2M1	 2p_3s	 2	 11		-43854.76400		1107.11935
	434		L2M1	 2p_3s	 2	 12		-43854.68226		1107.20109
	435		L2M1	 2p_3s	 2	 13		-43854.31658		1107.56677
	436		L3M1	 2p_3s	 2	 3		-43875.43317		1086.45018
	437		L3M1	 2p_3s	 2	 4		-43874.21898		1087.66437
	438		L3M1	 2p_3s	 2	 5		-43874.15924		1087.72411
	439		L3M1	 2p_3s	 2	 6		-43874.14529		1087.73806
	440		L3M1	 2p_3s	 2	 7		-43873.64809		1088.23526
	441		L2M1	 2p_3s	 2	 8		-43855.83719		1106.04616
	442		L2M1	 2p_3s	 2	 9		-43855.26852		1106.61483
	443		L2M1	 2p_3s	 2	 10		-43854.89025		1106.9931
	444		L3M1	 2p_3s	 4	 1		-43876.03965		1085.8437
	445		L3M1	 2p_3s	 4	 2		-43875.83839		1086.04496
	446		L2M1	 2p_3s	 4	 11		-43854.47273		1107.41062
	447		L3M1	 2p_3s	 4	 3		-43875.81654		1086.06681
	448		L3M1	 2p_3s	 4	 4		-43875.42284		1086.46051
	449		L3M1	 2p_3s	 4	 5		-43874.17771		1087.70564
	450		L3M1	 2p_3s	 4	 6		-43874.12294		1087.76041
	451		L3M1	 2p_3s	 4	 7		-43873.66426		1088.21909
	452		L2M1	 2p_3s	 4	 8		-43855.82625		1106.0571
	453		L2M1	 2p_3s	 4	 9		-43854.90762		1106.97573
	454		L2M1	 2p_3s	 4	 10		-43854.75471		1107.12864
	455		L3M1	 2p_3s	 6	 1		-43876.00971		1085.87364
	456		L3M1	 2p_3s	 6	 2		-43875.81657		1086.06678
	457		L3M1	 2p_3s	 6	 3		-43875.53669		1086.34666
	458		L3M1	 2p_3s	 6	 4		-43879.79078		1082.09257
	459		L2M1	 2p_3s	 6	 5		-43854.88967		1106.99368
	460		L3M1	 2p_3s	 8	 1		-43876.01239		1085.87096
	461		L3N1	 2p_4s	 0	 1		-44011.68427		950.19908
	462		L2N1	 2p_4s	 0	 2		-43997.48352		964.39983
	463		L3N1	 2p_4s	 2	 1		-44011.79467		950.08868
	464		L3N1	 2p_4s	 2	 2		-44011.75455		950.1288
	465		L2N1	 2p_4s	 2	 3		-44011.76365		950.1197
	466		L3N1	 2p_4s	 2	 4		-44017.55886		944.32449
	467		L3N1	 2p_4s	 4	 1		-44011.78017		950.10318
	468		L3N1	 2p_4s	 4	 2		-44011.74331		950.14004
	469		L3N1	 2p_4s	 4	 3		-44017.49491		944.38844
	470		L3N1	 2p_4s	 6	 1		-44011.76409		950.11926
	471		L25p	 2p_5p	 0	 1		-44002.97328		958.91007
	472		L35p	 2p_5p	 2	 1		-44022.95577		938.92758
	473		L25p	 2p_5p	 2	 2		-44002.93215		958.9512
	474		L35p	 2p_5p	 4	 1		-44023.03866		938.84469
	475		L1L3	 2s_2p	 0	 1		-42883.17414		2078.70921
	476		L1L3	 2s_2p	 0	 2		-42871.93600		2089.94735
	477		L1L3	 2s_2p	 0	 3		-42871.46583		2090.41752
	478		L1L2	 2s_2p	 0	 4		-42870.91539		2090.96796
	479		L1L2	 2s_2p	 0	 5		-42831.06504		2130.81831
	480		L1L2	 2s_2p	 0	 6		-42830.58154		2131.30181
	481		L1L3	 2s_2p	 2	 1		-42883.30442		2078.57893
	482		L1L3	 2s_2p	 2	 2		-42883.20695		2078.6764
	483		L1L2	 2s_2p	 2	 11		-42831.09454		2130.78881
	484		L1L2	 2s_2p	 2	 12		-42831.05113		2130.83222
	485		L1L2	 2s_2p	 2	 13		-42830.56889		2131.31446
	486		L1L3	 2s_2p	 2	 3		-42883.06822		2078.81513
	487		L1L3	 2s_2p	 2	 4		-42872.02191		2089.86144
	488		L1L3	 2s_2p	 2	 5		-42871.95499		2089.92836
	489		L1L3	 2s_2p	 2	 6		-42871.90206		2089.98129
	490		L1L3	 2s_2p	 2	 7		-42871.47740		2090.40595
	491		L1L2	 2s_2p	 2	 8		-42862.60342		2099.27993
	492		L1L2	 2s_2p	 2	 9		-42862.09565		2099.7877
	493		L1L2	 2s_2p	 2	 10		-42831.10873		2130.77462
	494		L1L3	 2s_2p	 4	 1		-42883.47303		2078.41032
	495		L1L3	 2s_2p	 4	 2		-42883.25577		2078.62758
	496		L1L2	 2s_2p	 4	 11		-42830.58836		2131.29499
	497		L1L3	 2s_2p	 4	 3		-42883.23102		2078.65233
	498		L1L3	 2s_2p	 4	 4		-42882.83121		2079.05214
	499		L1L3	 2s_2p	 4	 5		-42872.02826		2089.85509
	500		L1L3	 2s_2p	 4	 6		-42871.95280		2089.93055
	501		L1L3	 2s_2p	 4	 7		-42871.47811		2090.40524
	502		L1L2	 2s_2p	 4	 8		-42862.59180		2099.29155
	503		L1L2	 2s_2p	 4	 9		-42831.10977		2130.77358
	504		L1L2	 2s_2p	 4	 10		-42831.10012		2130.78323
	505		L1L3	 2s_2p	 6	 1		-42883.44459		2078.43876
	506		L1L3	 2s_2p	 6	 2		-42883.26587		2078.61748
	507		L1L3	 2s_2p	 6	 3		-42883.31255		2078.5708
	508		L1L3	 2s_2p	 6	 4		-42872.00584		2089.87751
	509		L1L2	 2s_2p	 6	 5		-42831.10242		2130.78093
	510		L1L3	 2s_2p	 8	 1		-42883.44631		2078.43704
	511		L1L1	 2s_2s	 0	 1		-42698.63414		2263.24921
	512		L1L1	 2s_2s	 2	 1		-42698.62528		2263.25807
	513		L1L1	 2s_2s	 2	 2		-42698.11636		2263.76699
	514		L1L1	 2s_2s	 4	 1		-42698.60645		2263.2769
	515		L1M4	 2s_3d	 0	 1		-43835.44783		1126.43552
	516		L1M4	 2s_3d	 0	 2		-43835.26363		1126.61972
	517		L1M4	 2s_3d	 0	 3		-43834.79847		1127.08488
	518		L1M5	 2s_3d	 0	 4		-43833.03260		1128.85075
	519		L1M5	 2s_3d	 10	 1		-43835.83645		1126.0469
	520		L1M4	 2s_3d	 2	 1		-43835.63168		1126.25167
	521		L1M4	 2s_3d	 2	 2		-43835.54800		1126.33535
	522		L1M5	 2s_3d	 2	 11		-43832.54472		1129.33863
	523		L1M4	 2s_3d	 2	 3		-43835.44744		1126.43591
	524		L1M4	 2s_3d	 2	 4		-43835.35657		1126.52678
	525		L1M4	 2s_3d	 2	 5		-43835.24587		1126.63748
	526		L1M5	 2s_3d	 2	 6		-43835.06530		1126.81805
	527		L1M4	 2s_3d	 2	 7		-43834.88093		1127.00242
	528		L1M4	 2s_3d	 2	 8		-43834.62051		1127.26284
	529		L1M5	 2s_3d	 2	 9		-43833.03010		1128.85325
	530		L1M5	 2s_3d	 2	 10		-43832.93170		1128.95165
	531		L1M5	 2s_3d	 4	 1		-43835.75713		1126.12622
	532		L1M4	 2s_3d	 4	 2		-43835.62545		1126.2579
	533		L1M5	 2s_3d	 4	 11		-43833.02938		1128.85397
	534		L1M5	 2s_3d	 4	 12		-43833.02264		1128.86071
	535		L1M5	 2s_3d	 4	 13		-43832.92175		1128.9616
	536		L1M5	 2s_3d	 4	 14		-43832.41023		1129.47312
	537		L1M4	 2s_3d	 4	 3		-43835.50980		1126.37355
	538		L1M5	 2s_3d	 4	 4		-43835.48200		1126.40135
	539		L1M4	 2s_3d	 4	 5		-43835.35129		1126.53206
	540		L1M4	 2s_3d	 4	 6		-43835.28106		1126.60229
	541		L1M5	 2s_3d	 4	 7		-43835.09111		1126.79224
	542		L1M5	 2s_3d	 4	 8		-43835.04451		1126.83884
	543		L1M4	 2s_3d	 4	 9		-43834.78116		1127.10219
	544		L1M4	 2s_3d	 4	 10		-43834.67269		1127.21066
	545		L1M5	 2s_3d	 6	 1		-43835.89321		1125.99014
	546		L1M5	 2s_3d	 6	 2		-43835.71375		1126.1696
	547		L1M5	 2s_3d	 6	 11		-43832.51490		1129.36845
	548		L1M4	 2s_3d	 6	 3		-43835.59142		1126.29193
	549		L1M5	 2s_3d	 6	 4		-43835.46355		1126.4198
	550		L1M5	 2s_3d	 6	 5		-43835.38051		1126.50284
	551		L1M5	 2s_3d	 6	 6		-43835.11291		1126.77044
	552		L1M4	 2s_3d	 6	 7		-43834.95497		1126.92838
	553		L1M5	 2s_3d	 6	 8		-43834.80661		1127.07674
	554		L1M5	 2s_3d	 6	 9		-43833.01142		1128.87193
	555		L1M5	 2s_3d	 6	 10		-43832.90877		1128.97458
	556		L1M5	 2s_3d	 8	 1		-43835.79246		1126.09089
	557		L1M5	 2s_3d	 8	 2		-43835.69877		1126.18458
	558		L1M5	 2s_3d	 8	 3		-43835.51691		1126.36644
	559		L1M5	 2s_3d	 8	 4		-43835.09137		1126.79198
	560		L1M5	 2s_3d	 8	 5		-43839.80839		1122.07496
	561		L1M3	 2s_3p	 0	 1		-43757.19424		1204.68911
	562		L1M3	 2s_3p	 0	 2		-43756.35537		1205.52798
	563		L1M3	 2s_3p	 0	 3		-43756.07142		1205.81193
	564		L1M2	 2s_3p	 0	 4		-43761.86812		1200.01523
	565		L1M2	 2s_3p	 0	 5		-43756.23574		1205.64761
	566		L1M2	 2s_3p	 0	 6		-43753.38015		1208.5032
	567		L1M3	 2s_3p	 2	 1		-43757.38530		1204.49805
	568		L1M3	 2s_3p	 2	 2		-43756.97986		1204.90349
	569		L1M2	 2s_3p	 2	 11		-43753.89558		1207.98777
	570		L1M2	 2s_3p	 2	 12		-43753.81381		1208.06954
	571		L1M2	 2s_3p	 2	 13		-43753.32731		1208.55604
	572		L1M3	 2s_3p	 2	 3		-43756.90763		1204.97572
	573		L1M3	 2s_3p	 2	 4		-43756.40612		1205.47723
	574		L1M3	 2s_3p	 2	 5		-43756.52392		1205.35943
	575		L1M3	 2s_3p	 2	 6		-43756.35779		1205.52556
	576		L1M3	 2s_3p	 2	 7		-43756.08746		1205.79589
	577		L1M2	 2s_3p	 2	 8		-43754.75569		1207.12766
	578		L1M2	 2s_3p	 2	 9		-43754.30218		1207.58117
	579		L1M2	 2s_3p	 2	 10		-43753.92155		1207.9618
	580		L1M3	 2s_3p	 4	 1		-43757.80708		1204.07627
	581		L1M3	 2s_3p	 4	 2		-43757.54576		1204.33759
	582		L1M2	 2s_3p	 4	 11		-43753.37887		1208.50448
	583		L1M3	 2s_3p	 4	 3		-43757.27770		1204.60565
	584		L1M3	 2s_3p	 4	 4		-43756.97622		1204.90713
	585		L1M3	 2s_3p	 4	 5		-43756.33852		1205.54483
	586		L1M3	 2s_3p	 4	 6		-43756.55535		1205.328
	587		L1M3	 2s_3p	 4	 7		-43756.09164		1205.79171
	588		L1M2	 2s_3p	 4	 8		-43756.15815		1205.7252
	589		L1M2	 2s_3p	 4	 9		-43753.88856		1207.99479
	590		L1M2	 2s_3p	 4	 10		-43753.82029		1208.06306
	591		L1M3	 2s_3p	 6	 1		-43757.72340		1204.15995
	592		L1M3	 2s_3p	 6	 2		-43757.55463		1204.32872
	593		L1M3	 2s_3p	 6	 3		-43756.98132		1204.90203
	594		L1M3	 2s_3p	 6	 4		-43756.69960		1205.18375
	595		L1M2	 2s_3p	 6	 5		-43761.72372		1200.15963
	596		L1M3	 2s_3p	 8	 1		-43757.75859		1204.12476
	597		L1M1	 2s_3s	 0	 1		-43717.62612		1244.25723
	598		L1M1	 2s_3s	 0	 2		-43709.81937		1252.06398
	599		L1M1	 2s_3s	 0	 3		-43683.62708		1278.25627
	600		L1M1	 2s_3s	 2	 1		-43710.84176		1251.04159
	601		L1M1	 2s_3s	 2	 2		-43710.52596		1251.35739
	602		L1M1	 2s_3s	 2	 3		-43710.57460		1251.30875
	603		L1M1	 2s_3s	 2	 4		-43710.24188		1251.64147
	604		L1M1	 2s_3s	 2	 5		-43709.43257		1252.45078
	605		L1M1	 2s_3s	 2	 6		-43708.99618		1252.88717
	606		L1M1	 2s_3s	 4	 1		-43710.83281		1251.05054
	607		L1M1	 2s_3s	 4	 2		-43710.53382		1251.34953
	608		L1M1	 2s_3s	 4	 3		-43710.23873		1251.64462
	609		L1M1	 2s_3s	 4	 4		-43683.50768		1278.37567
	610		L1M1	 2s_3s	 6	 1		-43710.81817		1251.06518
	611		L1N1	 2s_4s	 0	 1		-43844.34615		1117.5372
	612		L1N1	 2s_4s	 2	 1		-43844.34286		1117.54049
	613		L1N1	 2s_4s	 2	 2		-43844.30881		1117.57454
	614		L1N1	 2s_4s	 4	 1		-43844.32078		1117.56257
	615		L15p	 2s_5p	 0	 1		-43855.42770		1106.45565
	616		L15p	 2s_5p	 2	 1		-43855.57931		1106.30404
	617		M4M4	 3d_3d	 0	 1		-44945.83259		16.05076
	618		M5M5	 3d_3d	 0	 2		-44934.75752		27.12583
	619		M4M4	 3d_3d	 0	 3		-44934.79899		27.08436
	620		M4M5	 3d_3d	 0	 4		-44934.50992		27.37343
	621		M4M5	 3d_3d	 0	 5		-44933.94534		27.93801
	622		M4M5	 3d_3d	 0	 6		-44933.90420		27.97915
	623		M5M5	 3d_3d	 0	 7		-44928.58607		33.29728
	624		M5M5	 3d_3d	 10	 1		-44937.78265		24.1007
	625		M5M5	 3d_3d	 10	 2		-44937.69838		24.18497
	626		M5M5	 3d_3d	 10	 3		-44937.45300		24.43035
	627		M5M5	 3d_3d	 10	 4		-44942.18088		19.70247
	628		M4M5	 3d_3d	 10	 5		-44933.84383		28.03952
	629		M4M5	 3d_3d	 10	 6		-44933.68796		28.19539
	630		M4M5	 3d_3d	 10	 7		-44933.35631		28.52704
	631		M5M5	 3d_3d	 12	 1		-44937.80682		24.07653
	632		M4M5	 3d_3d	 12	 2		-44933.83419		28.04916
	633		M4M5	 3d_3d	 2	 1		-44937.50454		24.37881
	634		M4M4	 3d_3d	 2	 2		-44937.40638		24.47697
	635		M4M5	 3d_3d	 2	 11		-44934.49806		27.38529
	636		M4M5	 3d_3d	 2	 12		-44934.43921		27.44414
	637		M4M5	 3d_3d	 2	 13		-44934.00647		27.87688
	638		M4M5	 3d_3d	 2	 14		-44933.95121		27.93214
	639		M4M5	 3d_3d	 2	 15		-44933.78690		28.09645
	640		M4M5	 3d_3d	 2	 16		-44933.67916		28.20419
	641		M5M5	 3d_3d	 2	 17		-44928.57616		33.30719
	642		M5M5	 3d_3d	 2	 18		-44928.07209		33.81126
	643		M4M4	 3d_3d	 2	 3		-44937.14152		24.74183
	644		M4M5	 3d_3d	 2	 4		-44936.48137		25.40198
	645		M5M5	 3d_3d	 2	 5		-44935.12704		26.75631
	646		M5M5	 3d_3d	 2	 6		-44935.07022		26.81313
	647		M4M5	 3d_3d	 2	 7		-44934.89925		26.9841
	648		M4M5	 3d_3d	 2	 8		-44934.80384		27.07951
	649		M5M5	 3d_3d	 2	 9		-44934.64420		27.23915
	650		M4M5	 3d_3d	 2	 10		-44934.51427		27.36908
	651		M4M5	 3d_3d	 4	 1		-44937.59736		24.28599
	652		M4M4	 3d_3d	 4	 2		-44937.49093		24.39242
	653		M5M5	 3d_3d	 4	 11		-44935.07242		26.81093
	654		M4M5	 3d_3d	 4	 12		-44934.88291		27.00044
	655		M4M5	 3d_3d	 4	 13		-44934.81210		27.07125
	656		M5M5	 3d_3d	 4	 14		-44934.72299		27.16036
	657		M4M5	 3d_3d	 4	 15		-44934.68748		27.19587
	658		M4M5	 3d_3d	 4	 16		-44934.53460		27.34875
	659		M4M5	 3d_3d	 4	 17		-44934.51547		27.36788
	660		M4M5	 3d_3d	 4	 18		-44934.00552		27.87783
	661		M4M5	 3d_3d	 4	 19		-44933.97741		27.90594
	662		M4M5	 3d_3d	 4	 20		-44933.82422		28.05913
	663		M4M4	 3d_3d	 4	 3		-44937.42913		24.45422
	664		M4M5	 3d_3d	 4	 21		-44933.81151		28.07184
	665		M5M5	 3d_3d	 4	 22		-44928.55588		33.32747
	666		M4M5	 3d_3d	 4	 4		-44937.26446		24.61889
	667		M4M5	 3d_3d	 4	 5		-44937.14657		24.73678
	668		M4M5	 3d_3d	 4	 6		-44936.75634		25.12701
	669		M4M5	 3d_3d	 4	 7		-44936.58042		25.30293
	670		M4M5	 3d_3d	 4	 8		-44936.42835		25.455
	671		M5M5	 3d_3d	 4	 9		-44935.17790		26.70545
	672		M5M5	 3d_3d	 4	 10		-44935.10130		26.78205
	673		M4M5	 3d_3d	 6	 1		-44937.71427		24.16908
	674		M4M5	 3d_3d	 6	 2		-44937.58003		24.30332
	675		M5M5	 3d_3d	 6	 11		-44935.19770		26.68565
	676		M5M5	 3d_3d	 6	 12		-44935.11046		26.77289
	677		M4M5	 3d_3d	 6	 13		-44934.89029		26.99306
	678		M4M5	 3d_3d	 6	 14		-44934.81804		27.06531
	679		M5M5	 3d_3d	 6	 15		-44934.69269		27.19066
	680		M4M5	 3d_3d	 6	 16		-44934.50764		27.37571
	681		M4M5	 3d_3d	 6	 17		-44933.89697		27.98638
	682		M4M5	 3d_3d	 6	 18		-44933.83206		28.05129
	683		M4M5	 3d_3d	 6	 19		-44933.68856		28.19479
	684		M4M5	 3d_3d	 6	 20		-44933.34483		28.53852
	685		M4M5	 3d_3d	 6	 3		-44937.49185		24.3915
	686		M5M5	 3d_3d	 6	 4		-44937.37876		24.50459
	687		M4M5	 3d_3d	 6	 5		-44937.27451		24.60884
	688		M4M5	 3d_3d	 6	 6		-44937.19974		24.68361
	689		M5M5	 3d_3d	 6	 7		-44936.80525		25.0781
	690		M4M5	 3d_3d	 6	 8		-44936.76077		25.12258
	691		M4M5	 3d_3d	 6	 9		-44936.53910		25.34425
	692		M4M5	 3d_3d	 6	 10		-44936.46789		25.41546
	693		M5M5	 3d_3d	 8	 1		-44937.84085		24.0425
	694		M4M5	 3d_3d	 8	 2		-44937.68381		24.19954
	695		M4M5	 3d_3d	 8	 11		-44933.85170		28.03165
	696		M4M5	 3d_3d	 8	 12		-44933.84539		28.03796
	697		M4M5	 3d_3d	 8	 13		-44933.68724		28.19611
	698		M4M5	 3d_3d	 8	 14		-44933.17846		28.70489
	699		M4M5	 3d_3d	 8	 3		-44937.58699		24.29636
	700		M4M5	 3d_3d	 8	 4		-44937.39834		24.48501
	701		M4M5	 3d_3d	 8	 5		-44937.32311		24.56024
	702		M5M5	 3d_3d	 8	 6		-44936.82903		25.05432
	703		M5M5	 3d_3d	 8	 7		-44936.73388		25.14947
	704		M4M5	 3d_3d	 8	 8		-44936.55707		25.32628
	705		M5M5	 3d_3d	 8	 9		-44935.14825		26.7351
	706		M4M5	 3d_3d	 8	 10		-44934.81245		27.0709
	707		M4N1	 3d_4s	 0	 1		-44943.01128		18.87207
	708		M5N1	 3d_4s	 2	 1		-44943.16022		18.72313
	709		M5N1	 3d_4s	 2	 2		-44942.91411		18.96924
	710		M4N1	 3d_4s	 2	 3		-44942.85336		19.02999
	711		M5N1	 3d_4s	 4	 1		-44943.26574		18.61761
	712		M4N1	 3d_4s	 4	 2		-44943.11073		18.77262
	713		M5N1	 3d_4s	 4	 3		-44942.95837		18.92498
	714		M4N1	 3d_4s	 4	 4		-44942.85393		19.02942
	715		M5N1	 3d_4s	 6	 1		-44943.19543		18.68792
	716		M4N1	 3d_4s	 6	 2		-44943.09854		18.78481
	717		M5N1	 3d_4s	 6	 3		-44942.91768		18.96567
	718		M5N1	 3d_4s	 8	 1		-44943.19829		18.68506
	719		M45p	 3d_5p	 2	 1		-44954.28337		7.59998
	720		M45p	 3d_5p	 4	 1		-44954.41256		7.47079
	721		M55p	 3d_5p	 4	 2		-44953.92648		7.95687
	722		M55p	 3d_5p	 6	 1		-44954.53208		7.35127
	723		M3M4	 3p_3d	 0	 1		-44872.32164		89.56171
	724		M2M4	 3p_3d	 0	 2		-44865.52742		96.35593
	725		M3M5	 3p_3d	 0	 11		-44849.53182		112.35153
	726		M3M4	 3p_3d	 0	 3		-44859.36004		102.52331
	727		M3M4	 3p_3d	 0	 4		-44858.87590		103.00745
	728		M3M4	 3p_3d	 0	 5		-44858.39813		103.48522
	729		M3M4	 3p_3d	 0	 6		-44858.09094		103.79241
	730		M2M4	 3p_3d	 0	 7		-44857.09061		104.79274
	731		M2M5	 3p_3d	 0	 8		-44856.65388		105.22947
	732		M2M5	 3p_3d	 0	 9		-44856.68068		105.20267
	733		M3M5	 3p_3d	 0	 10		-44849.92263		111.96072
	734		M3M5	 3p_3d	 10	 1		-44865.06025		96.8231
	735		M3M5	 3p_3d	 10	 2		-44864.95900		96.92435
	736		M3M5	 3p_3d	 10	 3		-44864.41461		97.46874
	737		M3M5	 3p_3d	 10	 4		-44863.64248		98.24087
	738		M3M5	 3p_3d	 10	 5		-44858.17805		103.7053
	739		M2M5	 3p_3d	 10	 6		-44426.60341		535.27994
	740		M3M5	 3p_3d	 12	 1		-44865.16198		96.72137
	741		M3M4	 3p_3d	 2	 1		-44863.95306		97.93029
	742		M3M4	 3p_3d	 2	 2		-44863.85400		98.02935
	743		M3M4	 3p_3d	 2	 11		-44858.89585		102.9875
	744		M3M4	 3p_3d	 2	 12		-44858.53773		103.34562
	745		M3M4	 3p_3d	 2	 13		-44858.43524		103.44811
	746		M3M4	 3p_3d	 2	 14		-44858.40773		103.47562
	747		M3M4	 3p_3d	 2	 15		-44858.14764		103.73571
	748		M3M4	 3p_3d	 2	 16		-44857.94482		103.93853
	749		M3M5	 3p_3d	 2	 17		-44857.52302		104.36033
	750		M2M4	 3p_3d	 2	 18		-44857.16370		104.71965
	751		M2M4	 3p_3d	 2	 19		-44857.12058		104.76277
	752		M2M5	 3p_3d	 2	 20		-44856.98176		104.90159
	753		M3M4	 3p_3d	 2	 3		-44863.59031		98.29304
	754		M2M5	 3p_3d	 2	 21		-44856.62974		105.25361
	755		M2M5	 3p_3d	 2	 22		-44856.39223		105.49112
	756		M2M5	 3p_3d	 2	 23		-44856.08005		105.8033
	757		M2M5	 3p_3d	 2	 24		-44856.01758		105.86577
	758		M3M5	 3p_3d	 2	 25		-44850.01619		111.86716
	759		M2M4	 3p_3d	 2	 26		-44849.96974		111.91361
	760		M3M5	 3p_3d	 2	 27		-44849.91656		111.96679
	761		M3M5	 3p_3d	 2	 28		-44849.41039		112.47296
	762		M2M5	 3p_3d	 2	 29		-44853.89432		107.98903
	763		M3M4	 3p_3d	 2	 4		-44863.24390		98.63945
	764		M2M4	 3p_3d	 2	 5		-44862.14450		99.73885
	765		M2M4	 3p_3d	 2	 6		-44862.01243		99.87092
	766		M2M4	 3p_3d	 2	 7		-44861.50098		100.38237
	767		M3M4	 3p_3d	 2	 8		-44859.33500		102.54835
	768		M3M4	 3p_3d	 2	 9		-44859.16458		102.71877
	769		M3M4	 3p_3d	 2	 10		-44859.01105		102.8723
	770		M3M5	 3p_3d	 4	 1		-44864.54430		97.33905
	771		M3M4	 3p_3d	 4	 2		-44863.93939		97.94396
	772		M2M4	 3p_3d	 4	 11		-44861.81923		100.06412
	773		M2M4	 3p_3d	 4	 12		-44861.39624		100.48711
	774		M3M4	 3p_3d	 4	 13		-44859.33312		102.55023
	775		M3M4	 3p_3d	 4	 14		-44859.25034		102.63301
	776		M3M4	 3p_3d	 4	 15		-44858.91383		102.96952
	777		M3M5	 3p_3d	 4	 16		-44858.77877		103.10458
	778		M3M4	 3p_3d	 4	 17		-44858.53738		103.34597
	779		M3M4	 3p_3d	 4	 18		-44858.39748		103.48587
	780		M3M5	 3p_3d	 4	 19		-44858.15657		103.72678
	781		M3M4	 3p_3d	 4	 20		-44858.00239		103.88096
	782		M3M4	 3p_3d	 4	 3		-44863.90682		97.97653
	783		M3M4	 3p_3d	 4	 21		-44857.92004		103.96331
	784		M2M5	 3p_3d	 4	 22		-44857.49914		104.38421
	785		M3M5	 3p_3d	 4	 23		-44857.36524		104.51811
	786		M2M4	 3p_3d	 4	 24		-44857.10587		104.77748
	787		M2M5	 3p_3d	 4	 25		-44856.95873		104.92462
	788		M2M5	 3p_3d	 4	 26		-44856.70406		105.17929
	789		M2M5	 3p_3d	 4	 27		-44856.66224		105.22111
	790		M2M5	 3p_3d	 4	 28		-44856.39207		105.49128
	791		M2M5	 3p_3d	 4	 29		-44856.12190		105.76145
	792		M2M5	 3p_3d	 4	 30		-44855.89063		105.99272
	793		M3M4	 3p_3d	 4	 4		-44863.85992		98.02343
	794		M3M5	 3p_3d	 4	 31		-44849.95863		111.92472
	795		M3M5	 3p_3d	 4	 32		-44849.90544		111.97791
	796		M3M5	 3p_3d	 4	 33		-44849.46085		112.4225
	797		M2M5	 3p_3d	 4	 34		-44848.87521		113.00814
	798		M2M5	 3p_3d	 4	 35		-44848.77248		113.11087
	799		M2M5	 3p_3d	 4	 36		-44848.38771		113.49564
	800		M3M4	 3p_3d	 4	 5		-44863.59399		98.28936
	801		M3M4	 3p_3d	 4	 6		-44863.47159		98.41176
	802		M3M4	 3p_3d	 4	 7		-44863.22285		98.6605
	803		M3M5	 3p_3d	 4	 8		-44863.13608		98.74727
	804		M2M4	 3p_3d	 4	 9		-44862.17951		99.70384
	805		M2M4	 3p_3d	 4	 10		-44862.04220		99.84115
	806		M3M5	 3p_3d	 6	 1		-44864.90465		96.9787
	807		M3M5	 3p_3d	 6	 2		-44864.54665		97.3367
	808		M2M4	 3p_3d	 6	 11		-44862.06461		99.81874
	809		M2M4	 3p_3d	 6	 12		-44861.80439		100.07896
	810		M2M4	 3p_3d	 6	 13		-44861.49208		100.39127
	811		M3M4	 3p_3d	 6	 14		-44859.18257		102.70078
	812		M3M5	 3p_3d	 6	 15		-44858.84753		103.03582
	813		M3M4	 3p_3d	 6	 16		-44858.56993		103.31342
	814		M3M5	 3p_3d	 6	 17		-44858.19271		103.69064
	815		M3M5	 3p_3d	 6	 18		-44857.97483		103.90852
	816		M3M5	 3p_3d	 6	 19		-44857.90999		103.97336
	817		M3M5	 3p_3d	 6	 20		-44857.56238		104.32097
	818		M3M5	 3p_3d	 6	 3		-44864.39612		97.48723
	819		M3M5	 3p_3d	 6	 21		-44857.33850		104.54485
	820		M2M5	 3p_3d	 6	 22		-44856.97474		104.90861
	821		M2M5	 3p_3d	 6	 23		-44856.58414		105.29921
	822		M2M5	 3p_3d	 6	 24		-44856.44052		105.44283
	823		M2M5	 3p_3d	 6	 25		-44855.97091		105.91244
	824		M3M5	 3p_3d	 6	 26		-44849.94448		111.93887
	825		M2M5	 3p_3d	 6	 27		-44848.91026		112.97309
	826		M2M5	 3p_3d	 6	 28		-44848.89427		112.98908
	827		M2M5	 3p_3d	 6	 29		-44848.77305		113.1103
	828		M2M5	 3p_3d	 6	 30		-44848.26680		113.61655
	829		M3M4	 3p_3d	 6	 4		-44863.93757		97.94578
	830		M3M4	 3p_3d	 6	 5		-44863.82499		98.05836
	831		M3M4	 3p_3d	 6	 6		-44863.68167		98.20168
	832		M3M5	 3p_3d	 6	 7		-44863.66164		98.22171
	833		M3M4	 3p_3d	 6	 8		-44863.46785		98.4155
	834		M3M4	 3p_3d	 6	 9		-44863.25014		98.63321
	835		M3M4	 3p_3d	 6	 10		-44863.09236		98.79099
	836		M3M5	 3p_3d	 8	 1		-44865.21666		96.66669
	837		M3M5	 3p_3d	 8	 2		-44864.88899		96.99436
	838		M3M5	 3p_3d	 8	 11		-44858.19377		103.68958
	839		M3M5	 3p_3d	 8	 12		-44857.98855		103.8948
	840		M2M5	 3p_3d	 8	 13		-44857.35942		104.52393
	841		M2M5	 3p_3d	 8	 14		-44856.63254		105.25081
	842		M2M5	 3p_3d	 8	 15		-44848.90543		112.97792
	843		M2M5	 3p_3d	 8	 16		-44848.77501		113.10834
	844		M2M5	 3p_3d	 8	 17		-44848.41569		113.46766
	845		M3M5	 3p_3d	 8	 3		-44864.62747		97.25588
	846		M3M5	 3p_3d	 8	 4		-44864.30843		97.57492
	847		M3M4	 3p_3d	 8	 5		-44863.89403		97.98932
	848		M3M4	 3p_3d	 8	 6		-44863.56698		98.31637
	849		M3M5	 3p_3d	 8	 7		-44863.52222		98.36113
	850		M3M4	 3p_3d	 8	 8		-44868.56857		93.31478
	851		M2M4	 3p_3d	 8	 9		-44863.26101		98.62234
	852		M3M5	 3p_3d	 8	 10		-44858.78538		103.09797
	853		M3M3	 3p_3p	 0	 1		-44789.85808		172.02527
	854		M2M3	 3p_3p	 0	 2		-44781.85520		180.02815
	855		M2M3	 3p_3p	 0	 3		-44781.39223		180.49112
	856		M2M3	 3p_3p	 0	 4		-44781.76073		180.12262
	857		M2M3	 3p_3p	 0	 5		-44780.01252		181.87083
	858		M2M2	 3p_3p	 0	 6		-44778.18254		183.70081
	859		M3M3	 3p_3p	 2	 1		-44783.75837		178.12498
	860		M3M3	 3p_3p	 2	 2		-44783.34183		178.54152
	861		M2M3	 3p_3p	 2	 11		-44778.16513		183.71822
	862		M2M3	 3p_3p	 2	 12		-44777.74837		184.13498
	863		M2M2	 3p_3p	 2	 13		-44771.84396		190.03939
	864		M2M2	 3p_3p	 2	 14		-44771.34375		190.5396
	865		M3M3	 3p_3p	 2	 3		-44783.13472		178.74863
	866		M2M3	 3p_3p	 2	 4		-44781.86498		180.01837
	867		M2M3	 3p_3p	 2	 5		-44781.81198		180.07137
	868		M2M3	 3p_3p	 2	 6		-44781.59570		180.28765
	869		M2M3	 3p_3p	 2	 7		-44781.41689		180.46646
	870		M2M3	 3p_3p	 2	 8		-44780.97773		180.90562
	871		M2M3	 3p_3p	 2	 9		-44780.86368		181.01967
	872		M2M3	 3p_3p	 2	 10		-44778.21041		183.67294
	873		M3M3	 3p_3p	 4	 1		-44784.02404		177.85931
	874		M3M3	 3p_3p	 4	 2		-44783.72022		178.16313
	875		M2M3	 3p_3p	 4	 11		-44778.17374		183.70961
	876		M2M3	 3p_3p	 4	 12		-44777.67580		184.20755
	877		M2M2	 3p_3p	 4	 13		-44771.83627		190.04708
	878		M3M3	 3p_3p	 4	 3		-44783.39046		178.49289
	879		M3M3	 3p_3p	 4	 4		-44783.20455		178.6788
	880		M2M3	 3p_3p	 4	 5		-44781.84580		180.03755
	881		M2M3	 3p_3p	 4	 6		-44781.75481		180.12854
	882		M2M3	 3p_3p	 4	 7		-44781.45715		180.4262
	883		M2M3	 3p_3p	 4	 8		-44786.64708		175.23627
	884		M2M3	 3p_3p	 4	 9		-44778.28748		183.59587
	885		M2M3	 3p_3p	 4	 10		-44778.27125		183.6121
	886		M3M3	 3p_3p	 6	 1		-44784.06821		177.81514
	887		M3M3	 3p_3p	 6	 2		-44783.81257		178.07078
	888		M3M3	 3p_3p	 6	 3		-44790.03697		171.84638
	889		M2M3	 3p_3p	 6	 4		-44783.18972		178.69363
	890		M2M3	 3p_3p	 6	 5		-44778.28392		183.59943
	891		M2M3	 3p_3p	 6	 6		-44778.18805		183.6953
	892		M2M3	 3p_3p	 6	 7		-44777.79032		184.09303
	893		M3M3	 3p_3p	 8	 1		-44784.00812		177.87523
	894		M2M3	 3p_3p	 8	 2		-44778.28789		183.59546
	895		M3N1	 3p_4s	 0	 1		-44865.41650		96.46685
	896		M2N1	 3p_4s	 0	 2		-44867.16420		94.71915
	897		M3N1	 3p_4s	 2	 1		-44867.45467		94.42868
	898		M3N1	 3p_4s	 2	 2		-44867.32638		94.55697
	899		M2N1	 3p_4s	 2	 3		-44870.87371		91.00964
	900		M2N1	 3p_4s	 2	 4		-44864.84812		97.03523
	901		M3N1	 3p_4s	 4	 1		-44867.38178		94.50157
	902		M3N1	 3p_4s	 4	 2		-44867.31178		94.57157
	903		M2N1	 3p_4s	 4	 3		-44870.71836		91.16499
	904		M3N1	 3p_4s	 6	 1		-44867.38239		94.50096
	905		M25p	 3p_5p	 0	 1		-44876.29035		85.593
	906		M35p	 3p_5p	 2	 1		-44878.56034		83.32301
	907		M25p	 3p_5p	 2	 2		-44876.14744		85.73591
	908		M35p	 3p_5p	 4	 1		-44878.80523		83.07812
	909		M1M4	 3s_3d	 0	 1		-44811.96049		149.92286
	910		M1M4	 3s_3d	 0	 2		-44811.72705		150.1563
	911		M1M4	 3s_3d	 0	 3		-44811.29350		150.58985
	912		M1M5	 3s_3d	 0	 4		-44806.45955		155.4238
	913		M1M5	 3s_3d	 10	 1		-44812.29810		149.58525
	914		M1M4	 3s_3d	 2	 1		-44812.13809		149.74526
	915		M1M4	 3s_3d	 2	 2		-44812.06801		149.81534
	916		M1M5	 3s_3d	 2	 11		-44805.99558		155.88777
	917		M1M4	 3s_3d	 2	 3		-44811.96736		149.91599
	918		M1M4	 3s_3d	 2	 4		-44811.79436		150.08899
	919		M1M4	 3s_3d	 2	 5		-44811.73461		150.14874
	920		M1M5	 3s_3d	 2	 6		-44811.47794		150.40541
	921		M1M5	 3s_3d	 2	 7		-44811.34620		150.53715
	922		M1M4	 3s_3d	 2	 8		-44811.11121		150.77214
	923		M1M5	 3s_3d	 2	 9		-44806.46248		155.42087
	924		M1M5	 3s_3d	 2	 10		-44806.35567		155.52768
	925		M1M5	 3s_3d	 4	 1		-44812.23788		149.64547
	926		M1M4	 3s_3d	 4	 2		-44812.11989		149.76346
	927		M1M5	 3s_3d	 4	 11		-44806.46825		155.4151
	928		M1M5	 3s_3d	 4	 12		-44806.45753		155.42582
	929		M1M5	 3s_3d	 4	 13		-44806.34997		155.53338
	930		M1M5	 3s_3d	 4	 14		-44805.86125		156.0221
	931		M1M4	 3s_3d	 4	 3		-44812.00302		149.88033
	932		M1M5	 3s_3d	 4	 4		-44811.89619		149.98716
	933		M1M4	 3s_3d	 4	 5		-44811.79372		150.08963
	934		M1M4	 3s_3d	 4	 6		-44811.75777		150.12558
	935		M1M5	 3s_3d	 4	 7		-44811.51661		150.36674
	936		M1M4	 3s_3d	 4	 8		-44811.44976		150.43359
	937		M1M5	 3s_3d	 4	 9		-44811.24538		150.63797
	938		M1M4	 3s_3d	 4	 10		-44811.15563		150.72772
	939		M1M5	 3s_3d	 6	 1		-44812.35884		149.52451
	940		M1M5	 3s_3d	 6	 2		-44812.18660		149.69675
	941		M1M5	 3s_3d	 6	 11		-44805.96791		155.91544
	942		M1M4	 3s_3d	 6	 3		-44812.06890		149.81445
	943		M1M5	 3s_3d	 6	 4		-44811.88631		149.99704
	944		M1M5	 3s_3d	 6	 5		-44811.82574		150.05761
	945		M1M5	 3s_3d	 6	 6		-44811.52480		150.35855
	946		M1M4	 3s_3d	 6	 7		-44811.37512		150.50823
	947		M1M5	 3s_3d	 6	 8		-44811.25861		150.62474
	948		M1M5	 3s_3d	 6	 9		-44806.44598		155.43737
	949		M1M5	 3s_3d	 6	 10		-44806.34459		155.53876
	950		M1M5	 3s_3d	 8	 1		-44812.25500		149.62835
	951		M1M5	 3s_3d	 8	 2		-44812.15962		149.72373
	952		M1M5	 3s_3d	 8	 3		-44811.94520		149.93815
	953		M1M5	 3s_3d	 8	 4		-44811.49768		150.38567
	954		M1M5	 3s_3d	 8	 5		-44806.43006		155.45329
	955		M1M3	 3s_3p	 0	 1		-44746.93120		214.95215
	956		M1M2	 3s_3p	 0	 2		-44737.77838		224.10497
	957		M1M3	 3s_3p	 0	 3		-44737.34291		224.54044
	958		M1M2	 3s_3p	 0	 4		-44736.83823		225.04512
	959		M1M3	 3s_3p	 0	 5		-44722.95097		238.93238
	960		M1M3	 3s_3p	 0	 6		-44722.80850		239.07485
	961		M1M3	 3s_3p	 2	 1		-44739.39079		222.49256
	962		M1M3	 3s_3p	 2	 2		-44739.15753		222.72582
	963		M1M3	 3s_3p	 2	 11		-44723.00600		238.87735
	964		M1M3	 3s_3p	 2	 12		-44723.20404		238.67931
	965		M1M3	 3s_3p	 2	 13		-44722.47568		239.40767
	966		M1M3	 3s_3p	 2	 3		-44738.96605		222.9173
	967		M1M2	 3s_3p	 2	 4		-44737.92826		223.95509
	968		M1M2	 3s_3p	 2	 5		-44737.79545		224.0879
	969		M1M3	 3s_3p	 2	 6		-44737.65899		224.22436
	970		M1M3	 3s_3p	 2	 7		-44737.38764		224.49571
	971		M1M2	 3s_3p	 2	 8		-44736.83224		225.05111
	972		M1M2	 3s_3p	 2	 9		-44736.39617		225.48718
	973		M1M3	 3s_3p	 2	 10		-44723.17454		238.70881
	974		M1M3	 3s_3p	 4	 1		-44739.74185		222.1415
	975		M1M3	 3s_3p	 4	 2		-44739.45561		222.42774
	976		M1M3	 3s_3p	 4	 11		-44722.51362		239.36973
	977		M1M3	 3s_3p	 4	 3		-44739.20170		222.68165
	978		M1M3	 3s_3p	 4	 4		-44738.90849		222.97486
	979		M1M2	 3s_3p	 4	 5		-44737.95283		223.93052
	980		M1M3	 3s_3p	 4	 6		-44737.81702		224.06633
	981		M1M3	 3s_3p	 4	 7		-44737.39199		224.49136
	982		M1M2	 3s_3p	 4	 8		-44736.81599		225.06736
	983		M1M3	 3s_3p	 4	 9		-44723.13768		238.74567
	984		M1M3	 3s_3p	 4	 10		-44722.99872		238.88463
	985		M1M3	 3s_3p	 6	 1		-44739.65565		222.2277
	986		M1M3	 3s_3p	 6	 2		-44739.45031		222.43304
	987		M1M3	 3s_3p	 6	 3		-44738.95261		222.93074
	988		M1M3	 3s_3p	 6	 4		-44737.77845		224.1049
	989		M1M3	 3s_3p	 6	 5		-44731.31911		230.56424
	990		M1M3	 3s_3p	 8	 1		-44739.69356		222.18979
	991		M1M1	 3s_3s	 0	 1		-44682.41435		279.469
	992		M1M1	 3s_3s	 2	 1		-44682.40508		279.47827
	993		M1M1	 3s_3s	 2	 2		-44681.90617		279.97718
	994		M1M1	 3s_3s	 4	 1		-44682.38532		279.49803
	995		M1N1	 3s_4s	 0	 1		-44818.57500		143.30835
	996		M1N1	 3s_4s	 2	 1		-44818.56840		143.31495
	997		M1N1	 3s_4s	 2	 2		-44818.49799		143.38536
	998		M1N1	 3s_4s	 4	 1		-44818.54866		143.33469
	999		M15p	 3s_5p	 0	 1		-44829.77821		132.10514
	1000		M15p	 3s_5p	 2	 1		-44829.96236		131.92099
	1001		N15p	 4s_5p	 0	 1		-44955.26947		6.61388
