# Atomic number Z= 29  Date:10-1-2023

# Number	Shelli	ShellLS 2Ji	Eigi	Total Energy (eV)	Ground Energy(eV)	Partial Width (eV)
	1		K1K1	 1s_1s	 0	 1		-26597.86572		18364.01763
	2		K1K1	 1s_1s	 2	 1		-26597.81383		18364.06952
	3		K1K1	 1s_1s	 2	 2		-26593.95060		18367.93275
	4		K1K1	 1s_1s	 4	 1		-26597.71035		18364.173
	5		K1L3	 1s_2p	 0	 1		-34959.94184		10001.94151
	6		K1L3	 1s_2p	 0	 2		-34950.36462		10011.51873
	7		K1L3	 1s_2p	 0	 3		-34946.65399		10015.22936
	8		K1L3	 1s_2p	 0	 4		-34913.76375		10048.1196
	9		K1L2	 1s_2p	 0	 5		-34926.69926		10035.18409
	10		K1L2	 1s_2p	 0	 6		-34922.95610		10038.92725
	11		K1L3	 1s_2p	 2	 1		-34960.24786		10001.63549
	12		K1L3	 1s_2p	 2	 2		-34960.06184		10001.82151
	13		K1L2	 1s_2p	 2	 11		-34926.72959		10035.15376
	14		K1L2	 1s_2p	 2	 12		-34926.68750		10035.19585
	15		K1L2	 1s_2p	 2	 13		-34922.93194		10038.95141
	16		K1L3	 1s_2p	 2	 3		-34956.55019		10005.33316
	17		K1L3	 1s_2p	 2	 4		-34950.59774		10011.28561
	18		K1L3	 1s_2p	 2	 5		-34950.46642		10011.41693
	19		K1L3	 1s_2p	 2	 6		-34950.23660		10011.64675
	20		K1L3	 1s_2p	 2	 7		-34597.46989		10364.41346
	21		K1L2	 1s_2p	 2	 8		-34935.44892		10026.43443
	22		K1L2	 1s_2p	 2	 9		-34931.63407		10030.24928
	23		K1L2	 1s_2p	 2	 10		-34926.85273		10035.03062
	24		K1L3	 1s_2p	 4	 1		-34960.58277		10001.30058
	25		K1L3	 1s_2p	 4	 2		-34960.32954		10001.55381
	26		K1L2	 1s_2p	 4	 11		-34922.93421		10038.94914
	27		K1L3	 1s_2p	 4	 3		-34960.16425		10001.7191
	28		K1L3	 1s_2p	 4	 4		-34956.54220		10005.34115
	29		K1L3	 1s_2p	 4	 5		-34950.56760		10011.31575
	30		K1L3	 1s_2p	 4	 6		-34950.39681		10011.48654
	31		K1L3	 1s_2p	 4	 7		-34946.67876		10015.20459
	32		K1L2	 1s_2p	 4	 8		-34932.85025		10029.0331
	33		K1L2	 1s_2p	 4	 9		-34926.82579		10035.05756
	34		K1L2	 1s_2p	 4	 10		-34926.67731		10035.20604
	35		K1L3	 1s_2p	 6	 1		-34960.45980		10001.42355
	36		K1L3	 1s_2p	 6	 2		-34960.25502		10001.62833
	37		K1L3	 1s_2p	 6	 3		-34956.55088		10005.33247
	38		K1L3	 1s_2p	 6	 4		-34950.47893		10011.40442
	39		K1L3	 1s_2p	 6	 5		-34104.04275		10857.8406
	40		K1L3	 1s_2p	 8	 1		-34960.45210		10001.43125
	41		K1L1	 1s_2s	 0	 1		-34811.50893		10150.37442
	42		K1L1	 1s_2s	 0	 2		-35653.23022		9308.65313
	43		K1L1	 1s_2s	 0	 3		-39428.61788		5533.26547
	44		K1L1	 1s_2s	 2	 1		-34811.74739		10150.13596
	45		K1L1	 1s_2s	 2	 2		-34811.50711		10150.37624
	46		K1L1	 1s_2s	 2	 3		-34811.34120		10150.54215
	47		K1L1	 1s_2s	 2	 4		-35653.09474		9308.78861
	48		K1L1	 1s_2s	 2	 5		-34778.73922		10183.14413
	49		K1L1	 1s_2s	 2	 6		-34774.92779		10186.95556
	50		K1L1	 1s_2s	 4	 1		-34811.70732		10150.17603
	51		K1L1	 1s_2s	 4	 2		-34811.43609		10150.44726
	52		K1L1	 1s_2s	 4	 3		-35653.00420		9308.87915
	53		K1L1	 1s_2s	 4	 4		-35744.64234		9217.24101
	54		K1L1	 1s_2s	 6	 1		-34811.63362		10150.24973
	55		K1M4	 1s_3d	 0	 1		-35964.10436		8997.77899
	56		K1M4	 1s_3d	 0	 2		-35963.92472		8997.95863
	57		K1M5	 1s_3d	 0	 3		-35963.75770		8998.12565
	58		K1M4	 1s_3d	 0	 4		-35960.39245		9001.4909
	59		K1M5	 1s_3d	 10	 1		-35964.69119		8997.19216
	60		K1M4	 1s_3d	 2	 1		-35964.71542		8997.16793
	61		K1M4	 1s_3d	 2	 2		-35964.46182		8997.42153
	62		K1M4	 1s_3d	 2	 11		-35960.02165		9001.8617
	63		K1M4	 1s_3d	 2	 3		-35964.08644		8997.79691
	64		K1M4	 1s_3d	 2	 4		-35963.95988		8997.92347
	65		K1M5	 1s_3d	 2	 5		-35963.80163		8998.08172
	66		K1M4	 1s_3d	 2	 6		-35963.76028		8998.12307
	67		K1M5	 1s_3d	 2	 7		-35963.64330		8998.24005
	68		K1M4	 1s_3d	 2	 8		-35963.60911		8998.27424
	69		K1M5	 1s_3d	 2	 9		-35960.72642		9001.15693
	70		K1M4	 1s_3d	 2	 10		-35960.45752		9001.42583
	71		K1M5	 1s_3d	 4	 1		-35964.87483		8997.00852
	72		K1M5	 1s_3d	 4	 2		-35964.78697		8997.09638
	73		K1M5	 1s_3d	 4	 11		-35960.78504		9001.09831
	74		K1M4	 1s_3d	 4	 12		-35960.42022		9001.46313
	75		K1M5	 1s_3d	 4	 13		-35960.24669		9001.63666
	76		K1M4	 1s_3d	 4	 14		-35960.06098		9001.82237
	77		K1M4	 1s_3d	 4	 3		-35964.54492		8997.33843
	78		K1M5	 1s_3d	 4	 4		-35964.38193		8997.50142
	79		K1M4	 1s_3d	 4	 5		-35964.02044		8997.86291
	80		K1M4	 1s_3d	 4	 6		-35963.98832		8997.89503
	81		K1M5	 1s_3d	 4	 7		-35963.87565		8998.0077
	82		K1M4	 1s_3d	 4	 8		-35963.76151		8998.12184
	83		K1M5	 1s_3d	 4	 9		-35963.67958		8998.20377
	84		K1M4	 1s_3d	 4	 10		-35963.46212		8998.42123
	85		K1M5	 1s_3d	 6	 1		-35965.04493		8996.83842
	86		K1M5	 1s_3d	 6	 2		-35964.60918		8997.27417
	87		K1M5	 1s_3d	 6	 11		-35960.27089		9001.61246
	88		K1M5	 1s_3d	 6	 3		-35964.16384		8997.71951
	89		K1M5	 1s_3d	 6	 4		-35964.08177		8997.80158
	90		K1M5	 1s_3d	 6	 5		-35963.62621		8998.25714
	91		K1M4	 1s_3d	 6	 6		-35963.96976		8997.91359
	92		K1M5	 1s_3d	 6	 7		-35963.76246		8998.12089
	93		K1M5	 1s_3d	 6	 8		-35963.60869		8998.27466
	94		K1M5	 1s_3d	 6	 9		-35960.66115		9001.2222
	95		K1M4	 1s_3d	 6	 10		-35960.46389		9001.41946
	96		K1M5	 1s_3d	 8	 1		-35964.66029		8997.22306
	97		K1M5	 1s_3d	 8	 2		-35964.18817		8997.69518
	98		K1M5	 1s_3d	 8	 3		-35964.00472		8997.87863
	99		K1M4	 1s_3d	 8	 4		-35963.91838		8997.96497
	100		K1M5	 1s_3d	 8	 5		-35960.70630		9001.17705
	101		K1M3	 1s_3p	 0	 1		-35882.19514		9079.68821
	102		K1M3	 1s_3p	 0	 2		-35881.85759		9080.02576
	103		K1M2	 1s_3p	 0	 3		-35880.20538		9081.67797
	104		K1M2	 1s_3p	 0	 4		-35878.96257		9082.92078
	105		K1M3	 1s_3p	 0	 5		-35878.25712		9083.62623
	106		K1M2	 1s_3p	 0	 6		-35875.44756		9086.43579
	107		K1M3	 1s_3p	 2	 1		-35883.17084		9078.71251
	108		K1M3	 1s_3p	 2	 2		-35882.60719		9079.27616
	109		K1M3	 1s_3p	 2	 11		-35878.25711		9083.62624
	110		K1M2	 1s_3p	 2	 12		-35876.34920		9085.53415
	111		K1M2	 1s_3p	 2	 13		-35875.26916		9086.61419
	112		K1M3	 1s_3p	 2	 3		-35882.34117		9079.54218
	113		K1M3	 1s_3p	 2	 4		-35882.01286		9079.87049
	114		K1M3	 1s_3p	 2	 5		-35881.66992		9080.21343
	115		K1M2	 1s_3p	 2	 6		-35880.12399		9081.75936
	116		K1M2	 1s_3p	 2	 7		-35879.55978		9082.32357
	117		K1M2	 1s_3p	 2	 8		-35879.34995		9082.5334
	118		K1M2	 1s_3p	 2	 9		-35879.06042		9082.82293
	119		K1M3	 1s_3p	 2	 10		-35878.65036		9083.23299
	120		K1M3	 1s_3p	 4	 1		-35883.98460		9077.89875
	121		K1M3	 1s_3p	 4	 2		-35883.23692		9078.64643
	122		K1M2	 1s_3p	 4	 11		-35875.44090		9086.44245
	123		K1M3	 1s_3p	 4	 3		-35883.03280		9078.85055
	124		K1M3	 1s_3p	 4	 4		-35882.24523		9079.63812
	125		K1M3	 1s_3p	 4	 5		-35882.05885		9079.8245
	126		K1M2	 1s_3p	 4	 6		-35880.06547		9081.81788
	127		K1M2	 1s_3p	 4	 7		-35879.04599		9082.83736
	128		K1M3	 1s_3p	 4	 8		-35878.93373		9082.94962
	129		K1M3	 1s_3p	 4	 9		-35878.45751		9083.42584
	130		K1M3	 1s_3p	 4	 10		-35882.88343		9078.99992
	131		K1M3	 1s_3p	 6	 1		-35883.51108		9078.37227
	132		K1M3	 1s_3p	 6	 2		-35883.02390		9078.85945
	133		K1M3	 1s_3p	 6	 3		-35882.22455		9079.6588
	134		K1M2	 1s_3p	 6	 4		-35879.07470		9082.80865
	135		K1M3	 1s_3p	 6	 5		-35879.07223		9082.81112
	136		K1M3	 1s_3p	 8	 1		-35883.62208		9078.26127
	137		K1M1	 1s_3s	 0	 1		-35835.03232		9126.85103
	138		K1M1	 1s_3s	 0	 2		-35833.52666		9128.35669
	139		K1M1	 1s_3s	 0	 3		-35830.30248		9131.58087
	140		K1M1	 1s_3s	 2	 1		-35835.38455		9126.4988
	141		K1M1	 1s_3s	 2	 2		-35835.02408		9126.85927
	142		K1M1	 1s_3s	 2	 3		-35834.80190		9127.08145
	143		K1M1	 1s_3s	 2	 4		-35833.47584		9128.40751
	144		K1M1	 1s_3s	 2	 5		-35827.20714		9134.67621
	145		K1M1	 1s_3s	 2	 6		-35826.85308		9135.03027
	146		K1M1	 1s_3s	 4	 1		-35835.34194		9126.54141
	147		K1M1	 1s_3s	 4	 2		-35834.95490		9126.92845
	148		K1M1	 1s_3s	 4	 3		-35833.38483		9128.49852
	149		K1M1	 1s_3s	 4	 4		-35827.55759		9134.32576
	150		K1M1	 1s_3s	 6	 1		-35835.26830		9126.61505
	151		K14p	 1s_4p	 0	 1		-35975.80494		8986.07841
	152		K14p	 1s_4p	 2	 1		-35975.89633		8985.98702
	153		K1N1	 1s_4s	 0	 1		-35970.50459		8991.37876
	154		K1N1	 1s_4s	 2	 1		-35970.49721		8991.38614
	155		K1N1	 1s_4s	 2	 2		-35970.36632		8991.51703
	156		K1N1	 1s_4s	 4	 1		-35970.42088		8991.46247
	157		L3L3	 2p_2p	 0	 1		-43038.43294		1923.45041
	158		L3L3	 2p_2p	 0	 2		-43025.40792		1936.47543
	159		L2L3	 2p_2p	 0	 3		-43020.50783		1941.37552
	160		L2L3	 2p_2p	 0	 4		-43016.85520		1945.02815
	161		L2L3	 2p_2p	 0	 5		-43009.63332		1952.25003
	162		L2L2	 2p_2p	 0	 6		-42980.95730		1980.92605
	163		L3L3	 2p_2p	 2	 1		-43038.58678		1923.29657
	164		L3L3	 2p_2p	 2	 2		-43038.26943		1923.61392
	165		L2L3	 2p_2p	 2	 11		-43009.88735		1951.996
	166		L2L3	 2p_2p	 2	 12		-43006.28347		1955.59988
	167		L2L2	 2p_2p	 2	 13		-42980.93968		1980.94367
	168		L2L2	 2p_2p	 2	 14		-42977.21790		1984.66545
	169		L3L3	 2p_2p	 2	 3		-43034.83089		1927.05246
	170		L3L3	 2p_2p	 2	 4		-43025.35233		1936.53102
	171		L2L3	 2p_2p	 2	 5		-43021.58494		1940.29841
	172		L2L3	 2p_2p	 2	 6		-43020.73120		1941.15215
	173		L2L3	 2p_2p	 2	 7		-43020.52359		1941.35976
	174		L3L3	 2p_2p	 2	 8		-43020.35225		1941.5311
	175		L2L3	 2p_2p	 2	 9		-43016.82629		1945.05706
	176		L2L3	 2p_2p	 2	 10		-43009.94702		1951.93633
	177		L3L3	 2p_2p	 4	 1		-43038.76519		1923.11816
	178		L3L3	 2p_2p	 4	 2		-43038.54225		1923.3411
	179		L2L3	 2p_2p	 4	 11		-43009.93887		1951.94448
	180		L2L3	 2p_2p	 4	 12		-43006.26810		1955.61525
	181		L2L2	 2p_2p	 4	 13		-42980.79422		1981.08913
	182		L3L3	 2p_2p	 4	 3		-43038.18956		1923.69379
	183		L3L3	 2p_2p	 4	 4		-43034.86526		1927.01809
	184		L3L3	 2p_2p	 4	 5		-43025.24443		1936.63892
	185		L2L3	 2p_2p	 4	 6		-43020.60497		1941.27838
	186		L2L3	 2p_2p	 4	 7		-43020.48346		1941.39989
	187		L2L3	 2p_2p	 4	 8		-43016.85514		1945.02821
	188		L2L3	 2p_2p	 4	 9		-43010.13169		1951.75166
	189		L2L3	 2p_2p	 4	 10		-43010.06520		1951.81815
	190		L3L3	 2p_2p	 6	 1		-43038.76504		1923.11831
	191		L3L3	 2p_2p	 6	 2		-43038.55504		1923.32831
	192		L3L3	 2p_2p	 6	 3		-43034.87951		1927.00384
	193		L2L3	 2p_2p	 6	 4		-43009.95206		1951.93129
	194		L2L3	 2p_2p	 6	 5		-43010.11115		1951.7722
	195		L2L3	 2p_2p	 6	 6		-43009.93943		1951.94392
	196		L2L3	 2p_2p	 6	 7		-43006.34315		1955.5402
	197		L3L3	 2p_2p	 8	 1		-43038.65683		1923.22652
	198		L2L3	 2p_2p	 8	 2		-43010.05010		1951.83325
	199		L3M4	 2p_3d	 0	 1		-44012.50197		949.38138
	200		L3M4	 2p_3d	 0	 2		-44010.21078		951.67257
	201		L2M4	 2p_3d	 0	 11		-43985.38572		976.49763
	202		L3M4	 2p_3d	 0	 3		-44009.70952		952.17383
	203		L3M4	 2p_3d	 0	 4		-44009.28070		952.60265
	204		L3M5	 2p_3d	 0	 5		-44008.00886		953.87449
	205		L3M4	 2p_3d	 0	 6		-44005.80266		956.08069
	206		L3M5	 2p_3d	 0	 7		-44004.72126		957.16209
	207		L2M4	 2p_3d	 0	 8		-43992.41549		969.46786
	208		L2M5	 2p_3d	 0	 9		-43990.16278		971.72057
	209		L2M4	 2p_3d	 0	 10		-43988.71775		973.1656
	210		L3M5	 2p_3d	 10	 1		-44012.58262		949.30073
	211		L3M5	 2p_3d	 10	 2		-44012.23033		949.65302
	212		L3M5	 2p_3d	 10	 3		-44011.40926		950.47409
	213		L3M5	 2p_3d	 10	 4		-44008.82319		953.06016
	214		L3M5	 2p_3d	 10	 5		-44008.55456		953.32879
	215		L3M5	 2p_3d	 10	 6		-44004.66699		957.21636
	216		L3M5	 2p_3d	 12	 1		-44012.73434		949.14901
	217		L3M4	 2p_3d	 2	 1		-44012.47942		949.40393
	218		L3M5	 2p_3d	 2	 2		-44012.21320		949.67015
	219		L3M5	 2p_3d	 2	 11		-44008.44911		953.43424
	220		L3M5	 2p_3d	 2	 12		-44008.23187		953.65148
	221		L3M5	 2p_3d	 2	 13		-44008.18865		953.6947
	222		L3M5	 2p_3d	 2	 14		-44007.94189		953.94146
	223		L3M4	 2p_3d	 2	 15		-44006.59890		955.28445
	224		L3M4	 2p_3d	 2	 16		-44006.13606		955.74729
	225		L3M4	 2p_3d	 2	 17		-44005.64382		956.23953
	226		L3M5	 2p_3d	 2	 18		-44004.40089		957.48246
	227		L2M4	 2p_3d	 2	 19		-43992.30495		969.5784
	228		L2M4	 2p_3d	 2	 20		-43991.71930		970.16405
	229		L3M4	 2p_3d	 2	 3		-44010.91716		950.96619
	230		L2M5	 2p_3d	 2	 21		-43990.59492		971.28843
	231		L2M5	 2p_3d	 2	 22		-43990.16964		971.71371
	232		L2M5	 2p_3d	 2	 23		-43989.52245		972.3609
	233		L2M4	 2p_3d	 2	 24		-43989.05123		972.83212
	234		L2M4	 2p_3d	 2	 25		-43989.00170		972.88165
	235		L2M4	 2p_3d	 2	 26		-43988.65492		973.22843
	236		L2M4	 2p_3d	 2	 27		-43987.97719		973.90616
	237		L2M5	 2p_3d	 2	 28		-43987.01157		974.87178
	238		L2M4	 2p_3d	 2	 29		-43985.05441		976.82894
	239		L3M4	 2p_3d	 2	 4		-44010.37641		951.50694
	240		L3M4	 2p_3d	 2	 5		-44010.10260		951.78075
	241		L3M4	 2p_3d	 2	 6		-44009.84688		952.03647
	242		L3M4	 2p_3d	 2	 7		-44009.69829		952.18506
	243		L3M4	 2p_3d	 2	 8		-44009.44108		952.44227
	244		L3M4	 2p_3d	 2	 9		-44009.23701		952.64634
	245		L3M5	 2p_3d	 2	 10		-44008.67987		953.20348
	246		L3M5	 2p_3d	 4	 1		-44012.46333		949.42002
	247		L3M4	 2p_3d	 4	 2		-44012.42826		949.45509
	248		L3M4	 2p_3d	 4	 11		-44009.62875		952.2546
	249		L3M4	 2p_3d	 4	 12		-44009.22473		952.65862
	250		L3M5	 2p_3d	 4	 13		-44008.68411		953.19924
	251		L3M5	 2p_3d	 4	 14		-44008.26596		953.61739
	252		L3M5	 2p_3d	 4	 15		-44008.20389		953.67946
	253		L3M5	 2p_3d	 4	 16		-44008.06174		953.82161
	254		L3M5	 2p_3d	 4	 17		-44007.94984		953.93351
	255		L3M4	 2p_3d	 4	 18		-44007.45753		954.42582
	256		L3M4	 2p_3d	 4	 19		-44006.65364		955.22971
	257		L3M4	 2p_3d	 4	 20		-44006.01592		955.86743
	258		L3M5	 2p_3d	 4	 3		-44012.27709		949.60626
	259		L3M5	 2p_3d	 4	 21		-44004.96847		956.91488
	260		L3M5	 2p_3d	 4	 22		-44004.54588		957.33747
	261		L2M4	 2p_3d	 4	 23		-43992.29884		969.58451
	262		L2M4	 2p_3d	 4	 24		-43992.07724		969.80611
	263		L2M4	 2p_3d	 4	 25		-43991.64895		970.2344
	264		L2M5	 2p_3d	 4	 26		-43991.10503		970.77832
	265		L2M5	 2p_3d	 4	 27		-43990.47889		971.40446
	266		L2M5	 2p_3d	 4	 28		-43990.21285		971.6705
	267		L2M5	 2p_3d	 4	 29		-43989.71136		972.17199
	268		L2M5	 2p_3d	 4	 30		-43989.38267		972.50068
	269		L3M5	 2p_3d	 4	 4		-44011.86363		950.01972
	270		L2M4	 2p_3d	 4	 31		-43988.92720		972.95615
	271		L2M4	 2p_3d	 4	 32		-43988.59006		973.29329
	272		L2M4	 2p_3d	 4	 33		-43987.92760		973.95575
	273		L2M5	 2p_3d	 4	 34		-43986.67909		975.20426
	274		L2M5	 2p_3d	 4	 35		-43986.20211		975.68124
	275		L2M4	 2p_3d	 4	 36		-43985.21780		976.66555
	276		L3M4	 2p_3d	 4	 5		-44011.14091		950.74244
	277		L3M4	 2p_3d	 4	 6		-44010.99028		950.89307
	278		L3M4	 2p_3d	 4	 7		-44010.48455		951.3988
	279		L3M4	 2p_3d	 4	 8		-44010.44251		951.44084
	280		L3M4	 2p_3d	 4	 9		-44010.17781		951.70554
	281		L3M4	 2p_3d	 4	 10		-44009.69478		952.18857
	282		L3M5	 2p_3d	 6	 1		-44012.55932		949.32403
	283		L3M5	 2p_3d	 6	 2		-44012.40175		949.4816
	284		L3M5	 2p_3d	 6	 11		-44008.74577		953.13758
	285		L3M5	 2p_3d	 6	 12		-44008.68164		953.20171
	286		L3M5	 2p_3d	 6	 13		-44008.35760		953.52575
	287		L3M5	 2p_3d	 6	 14		-44008.24664		953.63671
	288		L3M5	 2p_3d	 6	 15		-44008.22322		953.66013
	289		L3M5	 2p_3d	 6	 16		-44008.18253		953.70082
	290		L3M5	 2p_3d	 6	 17		-44007.49484		954.38851
	291		L3M4	 2p_3d	 6	 18		-44006.60866		955.27469
	292		L3M5	 2p_3d	 6	 19		-44004.67762		957.20573
	293		L2M4	 2p_3d	 6	 20		-43992.13030		969.75305
	294		L3M5	 2p_3d	 6	 3		-44012.01224		949.87111
	295		L2M4	 2p_3d	 6	 21		-43991.71972		970.16363
	296		L2M5	 2p_3d	 6	 22		-43990.64031		971.24304
	297		L2M5	 2p_3d	 6	 23		-43990.41413		971.46922
	298		L2M5	 2p_3d	 6	 24		-43990.05869		971.82466
	299		L2M5	 2p_3d	 6	 25		-43989.84027		972.04308
	300		L2M5	 2p_3d	 6	 26		-43989.45056		972.43279
	301		L2M4	 2p_3d	 6	 27		-43988.79453		973.08882
	302		L2M4	 2p_3d	 6	 28		-43988.17020		973.71315
	303		L2M5	 2p_3d	 6	 29		-43986.90822		974.97513
	304		L2M5	 2p_3d	 6	 30		-43985.92521		975.95814
	305		L3M5	 2p_3d	 6	 4		-44011.94149		949.94186
	306		L3M4	 2p_3d	 6	 5		-44011.53667		950.34668
	307		L3M5	 2p_3d	 6	 6		-44011.24784		950.63551
	308		L3M4	 2p_3d	 6	 7		-44011.09829		950.78506
	309		L3M4	 2p_3d	 6	 8		-44010.44618		951.43717
	310		L3M4	 2p_3d	 6	 9		-44010.25057		951.63278
	311		L3M4	 2p_3d	 6	 10		-44009.63735		952.246
	312		L3M5	 2p_3d	 8	 1		-44013.00152		948.88183
	313		L3M5	 2p_3d	 8	 2		-44012.40581		949.47754
	314		L3M4	 2p_3d	 8	 11		-44007.60010		954.28325
	315		L3M5	 2p_3d	 8	 12		-44004.97229		956.91106
	316		L2M4	 2p_3d	 8	 13		-43991.90262		969.98073
	317		L2M5	 2p_3d	 8	 14		-43990.79983		971.08352
	318		L2M5	 2p_3d	 8	 15		-43989.93148		971.95187
	319		L2M5	 2p_3d	 8	 16		-43989.57773		972.30562
	320		L2M5	 2p_3d	 8	 17		-43986.22388		975.65947
	321		L3M5	 2p_3d	 8	 3		-44012.29417		949.58918
	322		L3M5	 2p_3d	 8	 4		-44012.06392		949.81943
	323		L3M5	 2p_3d	 8	 5		-44011.37912		950.50423
	324		L3M4	 2p_3d	 8	 6		-44011.18461		950.69874
	325		L3M4	 2p_3d	 8	 7		-44010.36075		951.5226
	326		L3M5	 2p_3d	 8	 8		-44008.70390		953.17945
	327		L3M5	 2p_3d	 8	 9		-44008.31201		953.57134
	328		L3M5	 2p_3d	 8	 10		-44007.92725		953.9561
	329		L3M3	 2p_3p	 0	 1		-43935.86336		1026.01999
	330		L3M3	 2p_3p	 0	 2		-43931.71916		1030.16419
	331		L2M2	 2p_3p	 0	 11		-43909.07153		1052.81182
	332		L2M3	 2p_3p	 0	 12		-43908.42091		1053.46244
	333		L3M3	 2p_3p	 0	 13		-43903.38006		1058.50329
	334		L3M2	 2p_3p	 0	 3		-43929.97381		1031.90954
	335		L3M2	 2p_3p	 0	 4		-43929.60088		1032.28247
	336		L3M2	 2p_3p	 0	 5		-43916.79309		1045.09026
	337		L3M3	 2p_3p	 0	 6		-43734.51469		1227.36866
	338		L3M2	 2p_3p	 0	 7		-43917.77318		1044.11017
	339		L2M2	 2p_3p	 0	 8		-43912.69463		1049.18872
	340		L2M3	 2p_3p	 0	 9		-43911.86194		1050.02141
	341		L2M3	 2p_3p	 0	 10		-43910.52435		1051.359
	342		L3M3	 2p_3p	 10	 1		-43935.64788		1026.23547
	343		L3M3	 2p_3p	 2	 1		-43935.87561		1026.00774
	344		L3M3	 2p_3p	 2	 2		-43935.60002		1026.28333
	345		L3M2	 2p_3p	 2	 11		-43921.56684		1040.31651
	346		L3M2	 2p_3p	 2	 12		-43921.82501		1040.05834
	347		L3M2	 2p_3p	 2	 13		-43924.49393		1037.38942
	348		L3M2	 2p_3p	 2	 14		-43926.00857		1035.87478
	349		L3M3	 2p_3p	 2	 15		-43917.26742		1044.61593
	350		L3M3	 2p_3p	 2	 16		-43917.84096		1044.04239
	351		L3M3	 2p_3p	 2	 17		-43492.62795		1469.2554
	352		L2M2	 2p_3p	 2	 18		-43913.22458		1048.65877
	353		L2M2	 2p_3p	 2	 19		-43913.08570		1048.79765
	354		L3M2	 2p_3p	 2	 20		-43897.83638		1064.04697
	355		L3M3	 2p_3p	 2	 3		-43935.29065		1026.5927
	356		L2M2	 2p_3p	 2	 21		-43912.26866		1049.61469
	357		L2M3	 2p_3p	 2	 22		-43911.97424		1049.90911
	358		L2M3	 2p_3p	 2	 23		-43911.68058		1050.20277
	359		L2M3	 2p_3p	 2	 24		-43910.71698		1051.16637
	360		L3M3	 2p_3p	 2	 25		-43891.45700		1070.42635
	361		L2M2	 2p_3p	 2	 26		-43909.03588		1052.84747
	362		L2M3	 2p_3p	 2	 27		-43908.30532		1053.57803
	363		L2M3	 2p_3p	 2	 28		-43907.35967		1054.52368
	364		L2M3	 2p_3p	 2	 29		-43900.89686		1060.98649
	365		L3M3	 2p_3p	 2	 30		-43906.85250		1055.03085
	366		L3M3	 2p_3p	 2	 4		-43934.68710		1027.19625
	367		L3M2	 2p_3p	 2	 5		-43931.92045		1029.9629
	368		L3M2	 2p_3p	 2	 6		-43930.38358		1031.49977
	369		L3M3	 2p_3p	 2	 7		-43930.16950		1031.71385
	370		L3M2	 2p_3p	 2	 8		-43929.74899		1032.13436
	371		L3M3	 2p_3p	 2	 9		-43929.55398		1032.32937
	372		L3M2	 2p_3p	 2	 10		-43929.44403		1032.43932
	373		L3M3	 2p_3p	 4	 1		-43935.86945		1026.0139
	374		L3M3	 2p_3p	 4	 2		-43935.56644		1026.31691
	375		L3M3	 2p_3p	 4	 11		-43929.57788		1032.30547
	376		L3M2	 2p_3p	 4	 12		-43911.85134		1050.03201
	377		L3M2	 2p_3p	 4	 13		-43910.82358		1051.05977
	378		L3M3	 2p_3p	 4	 14		-43912.92600		1048.95735
	379		L3M3	 2p_3p	 4	 15		-43912.82986		1049.05349
	380		L3M2	 2p_3p	 4	 16		-43926.02640		1035.85695
	381		L3M2	 2p_3p	 4	 17		-43912.92636		1048.95699
	382		L3M3	 2p_3p	 4	 18		-43915.27541		1046.60794
	383		L2M2	 2p_3p	 4	 19		-43912.98941		1048.89394
	384		L2M2	 2p_3p	 4	 20		-43912.92633		1048.95702
	385		L3M3	 2p_3p	 4	 3		-43935.05644		1026.82691
	386		L2M3	 2p_3p	 4	 21		-43912.14613		1049.73722
	387		L2M3	 2p_3p	 4	 22		-43911.94421		1049.93914
	388		L2M3	 2p_3p	 4	 23		-43911.26771		1050.61564
	389		L2M3	 2p_3p	 4	 24		-43911.06002		1050.82333
	390		L2M3	 2p_3p	 4	 25		-43910.76740		1051.11595
	391		L2M2	 2p_3p	 4	 26		-43909.10856		1052.77479
	392		L2M3	 2p_3p	 4	 27		-43908.45521		1053.42814
	393		L2M3	 2p_3p	 4	 28		-43907.23025		1054.6531
	394		L3M3	 2p_3p	 4	 29		-43904.22072		1057.66263
	395		L3M3	 2p_3p	 4	 4		-43934.87532		1027.00803
	396		L3M3	 2p_3p	 4	 5		-43931.91346		1029.96989
	397		L3M2	 2p_3p	 4	 6		-43931.64556		1030.23779
	398		L3M2	 2p_3p	 4	 7		-43930.53809		1031.34526
	399		L3M2	 2p_3p	 4	 8		-43930.34981		1031.53354
	400		L3M3	 2p_3p	 4	 9		-43930.22950		1031.65385
	401		L3M2	 2p_3p	 4	 10		-43929.75960		1032.12375
	402		L3M3	 2p_3p	 6	 1		-43935.94571		1025.93764
	403		L3M3	 2p_3p	 6	 2		-43935.54939		1026.33396
	404		L3M2	 2p_3p	 6	 11		-43926.68551		1035.19784
	405		L2M3	 2p_3p	 6	 12		-43917.18250		1044.70085
	406		L2M2	 2p_3p	 6	 13		-43912.71757		1049.16578
	407		L2M3	 2p_3p	 6	 14		-43912.32042		1049.56293
	408		L2M3	 2p_3p	 6	 15		-43911.16437		1050.71898
	409		L2M3	 2p_3p	 6	 16		-43910.88680		1050.99655
	410		L2M3	 2p_3p	 6	 17		-43907.43534		1054.44801
	411		L3M3	 2p_3p	 6	 3		-43935.28809		1026.59526
	412		L3M3	 2p_3p	 6	 4		-43935.05087		1026.83248
	413		L3M2	 2p_3p	 6	 5		-43931.52762		1030.35573
	414		L3M2	 2p_3p	 6	 6		-43930.68690		1031.19645
	415		L3M2	 2p_3p	 6	 7		-43930.38405		1031.4993
	416		L3M3	 2p_3p	 6	 8		-43929.79531		1032.08804
	417		L3M2	 2p_3p	 6	 9		-43915.27407		1046.60928
	418		L3M3	 2p_3p	 6	 10		-43927.87197		1034.01138
	419		L3M3	 2p_3p	 8	 1		-43935.49471		1026.38864
	420		L3M3	 2p_3p	 8	 2		-43935.23865		1026.6447
	421		L3M2	 2p_3p	 8	 3		-43931.72333		1030.16002
	422		L3M3	 2p_3p	 8	 4		-43919.77518		1042.10817
	423		L3M3	 2p_3p	 8	 5		-43911.06961		1050.81374
	424		L3M2	 2p_3p	 8	 6		-43904.25042		1057.63293
	425		L3M1	 2p_3s	 0	 1		-43883.66710		1078.21625
	426		L3M1	 2p_3s	 0	 2		-43882.32081		1079.56254
	427		L3M1	 2p_3s	 0	 3		-43878.46666		1083.41669
	428		L2M1	 2p_3s	 0	 4		-43864.13037		1097.75298
	429		L2M1	 2p_3s	 0	 5		-43862.78428		1099.09907
	430		L2M1	 2p_3s	 0	 6		-43859.08491		1102.79844
	431		L3M1	 2p_3s	 2	 1		-43884.00866		1077.87469
	432		L3M1	 2p_3s	 2	 2		-43883.78020		1078.10315
	433		L2M1	 2p_3s	 2	 11		-43862.75790		1099.12545
	434		L2M1	 2p_3s	 2	 12		-43860.01540		1101.86795
	435		L2M1	 2p_3s	 2	 13		-43859.10111		1102.78224
	436		L3M1	 2p_3s	 2	 3		-43882.49169		1079.39166
	437		L3M1	 2p_3s	 2	 4		-43882.39661		1079.48674
	438		L3M1	 2p_3s	 2	 5		-43882.26117		1079.62218
	439		L3M1	 2p_3s	 2	 6		-43880.13280		1081.75055
	440		L3M1	 2p_3s	 2	 7		-43878.48387		1083.39948
	441		L2M1	 2p_3s	 2	 8		-43864.06238		1097.82097
	442		L2M1	 2p_3s	 2	 9		-43863.10891		1098.77444
	443		L2M1	 2p_3s	 2	 10		-43862.92645		1098.9569
	444		L3M1	 2p_3s	 4	 1		-43884.39533		1077.48802
	445		L3M1	 2p_3s	 4	 2		-43884.08931		1077.79404
	446		L2M1	 2p_3s	 4	 11		-43859.11833		1102.76502
	447		L3M1	 2p_3s	 4	 3		-43883.89388		1077.98947
	448		L3M1	 2p_3s	 4	 4		-43882.39769		1079.48566
	449		L3M1	 2p_3s	 4	 5		-43882.25505		1079.6283
	450		L3M1	 2p_3s	 4	 6		-43880.09284		1081.79051
	451		L3M1	 2p_3s	 4	 7		-43878.50371		1083.37964
	452		L2M1	 2p_3s	 4	 8		-43864.00243		1097.88092
	453		L2M1	 2p_3s	 4	 9		-43863.19291		1098.69044
	454		L2M1	 2p_3s	 4	 10		-43862.83787		1099.04548
	455		L3M1	 2p_3s	 6	 1		-43884.25218		1077.63117
	456		L3M1	 2p_3s	 6	 2		-43884.02330		1077.86005
	457		L3M1	 2p_3s	 6	 3		-43882.26772		1079.61563
	458		L3M1	 2p_3s	 6	 4		-43880.14042		1081.74293
	459		L3M1	 2p_3s	 6	 5		-43846.32699		1115.55636
	460		L3M1	 2p_3s	 8	 1		-43884.26136		1077.62199
	461		L24p	 2p_4p	 0	 1		-44002.97328		958.91007
	462		L34p	 2p_4p	 2	 1		-44022.95577		938.92758
	463		L24p	 2p_4p	 2	 2		-44002.93215		958.9512
	464		L34p	 2p_4p	 4	 1		-44023.03866		938.84469
	465		L3N1	 2p_4s	 0	 1		-44017.41621		944.46714
	466		L2N1	 2p_4s	 0	 2		-43997.57897		964.30438
	467		L3N1	 2p_4s	 2	 1		-44017.76103		944.12232
	468		L3N1	 2p_4s	 2	 2		-44017.62713		944.25622
	469		L2N1	 2p_4s	 2	 3		-43997.56816		964.31519
	470		L2N1	 2p_4s	 2	 4		-43992.74950		969.13385
	471		L3N1	 2p_4s	 4	 1		-44017.71089		944.17246
	472		L3N1	 2p_4s	 4	 2		-44017.59185		944.2915
	473		L3N1	 2p_4s	 4	 3		-44015.93186		945.95149
	474		L3N1	 2p_4s	 6	 1		-44017.66178		944.22157
	475		L1L3	 2s_2p	 0	 1		-42891.20714		2070.67621
	476		L1L3	 2s_2p	 0	 2		-42880.10894		2081.77441
	477		L1L3	 2s_2p	 0	 3		-42876.43992		2085.44343
	478		L1L3	 2s_2p	 0	 4		-42870.77862		2091.10473
	479		L1L2	 2s_2p	 0	 5		-42839.28526		2122.59809
	480		L1L2	 2s_2p	 0	 6		-42835.61164		2126.27171
	481		L1L3	 2s_2p	 2	 1		-42891.50271		2070.38064
	482		L1L3	 2s_2p	 2	 2		-42891.13343		2070.74992
	483		L1L2	 2s_2p	 2	 11		-42839.33834		2122.54501
	484		L1L2	 2s_2p	 2	 12		-42839.25246		2122.63089
	485		L1L2	 2s_2p	 2	 13		-42835.57256		2126.31079
	486		L1L3	 2s_2p	 2	 3		-42887.82720		2074.05615
	487		L1L3	 2s_2p	 2	 4		-42880.30459		2081.57876
	488		L1L3	 2s_2p	 2	 5		-42880.21465		2081.6687
	489		L1L3	 2s_2p	 2	 6		-42880.02754		2081.85581
	490		L1L3	 2s_2p	 2	 7		-42876.45117		2085.43218
	491		L1L2	 2s_2p	 2	 8		-42870.85461		2091.02874
	492		L1L2	 2s_2p	 2	 9		-42867.06749		2094.81586
	493		L1L2	 2s_2p	 2	 10		-42839.38249		2122.50086
	494		L1L3	 2s_2p	 4	 1		-42891.81939		2070.06396
	495		L1L3	 2s_2p	 4	 2		-42891.58098		2070.30237
	496		L1L2	 2s_2p	 4	 11		-42835.62431		2126.25904
	497		L1L3	 2s_2p	 4	 3		-42891.42773		2070.45562
	498		L1L3	 2s_2p	 4	 4		-42887.80435		2074.079
	499		L1L3	 2s_2p	 4	 5		-42880.32433		2081.55902
	500		L1L3	 2s_2p	 4	 6		-42880.16600		2081.71735
	501		L1L3	 2s_2p	 4	 7		-42876.45730		2085.42605
	502		L1L2	 2s_2p	 4	 8		-42868.22698		2093.65637
	503		L1L2	 2s_2p	 4	 9		-42839.40452		2122.47883
	504		L1L2	 2s_2p	 4	 10		-42839.23843		2122.64492
	505		L1L3	 2s_2p	 6	 1		-42891.69165		2070.1917
	506		L1L3	 2s_2p	 6	 2		-42891.51008		2070.37327
	507		L1L3	 2s_2p	 6	 3		-42880.22224		2081.66111
	508		L1L3	 2s_2p	 6	 4		-42880.21773		2081.66562
	509		L1L3	 2s_2p	 6	 5		-42839.31669		2122.56666
	510		L1L3	 2s_2p	 8	 1		-42891.69084		2070.19251
	511		L1L1	 2s_2s	 0	 1		-42706.94518		2254.93817
	512		L1L1	 2s_2s	 2	 1		-42706.90105		2254.9823
	513		L1L1	 2s_2s	 2	 2		-42703.13757		2258.74578
	514		L1L1	 2s_2s	 4	 1		-42706.81314		2255.07021
	515		L1M4	 2s_3d	 0	 1		-43843.35802		1118.52533
	516		L1M4	 2s_3d	 0	 2		-43843.34289		1118.54046
	517		L1M5	 2s_3d	 0	 3		-43841.28367		1120.59968
	518		L1M4	 2s_3d	 0	 4		-43839.85346		1122.02989
	519		L1M5	 2s_3d	 10	 1		-43844.10994		1117.77341
	520		L1M4	 2s_3d	 2	 1		-43844.12508		1117.75827
	521		L1M4	 2s_3d	 2	 2		-43843.89107		1117.99228
	522		L1M5	 2s_3d	 2	 11		-43837.60373		1124.27962
	523		L1M4	 2s_3d	 2	 3		-43843.38067		1118.50268
	524		L1M4	 2s_3d	 2	 4		-43843.37764		1118.50571
	525		L1M5	 2s_3d	 2	 5		-43843.07551		1118.80784
	526		L1M4	 2s_3d	 2	 6		-43843.04179		1118.84156
	527		L1M5	 2s_3d	 2	 7		-43841.33505		1120.5483
	528		L1M5	 2s_3d	 2	 8		-43840.85966		1121.02369
	529		L1M4	 2s_3d	 2	 9		-43840.02989		1121.85346
	530		L1M4	 2s_3d	 2	 10		-43839.47470		1122.40865
	531		L1M4	 2s_3d	 4	 1		-43844.26727		1117.61608
	532		L1M4	 2s_3d	 4	 2		-43843.94750		1117.93585
	533		L1M5	 2s_3d	 4	 11		-43840.17725		1121.7061
	534		L1M4	 2s_3d	 4	 12		-43839.81638		1122.06697
	535		L1M4	 2s_3d	 4	 13		-43839.61684		1122.26651
	536		L1M5	 2s_3d	 4	 14		-43837.21734		1124.66601
	537		L1M4	 2s_3d	 4	 3		-43843.43043		1118.45292
	538		L1M5	 2s_3d	 4	 4		-43843.46427		1118.41908
	539		L1M4	 2s_3d	 4	 5		-43843.42991		1118.45344
	540		L1M5	 2s_3d	 4	 6		-43843.15923		1118.72412
	541		L1M5	 2s_3d	 4	 7		-43842.88601		1118.99734
	542		L1M5	 2s_3d	 4	 8		-43841.35294		1120.53041
	543		L1M5	 2s_3d	 4	 9		-43841.34242		1120.54093
	544		L1M5	 2s_3d	 4	 10		-43840.83911		1121.04424
	545		L1M5	 2s_3d	 6	 1		-43844.45162		1117.43173
	546		L1M4	 2s_3d	 6	 2		-43844.01370		1117.86965
	547		L1M5	 2s_3d	 6	 11		-43837.53720		1124.34615
	548		L1M5	 2s_3d	 6	 3		-43843.50871		1118.37464
	549		L1M5	 2s_3d	 6	 4		-43843.50454		1118.37881
	550		L1M5	 2s_3d	 6	 5		-43843.23785		1118.6455
	551		L1M5	 2s_3d	 6	 6		-43843.14273		1118.74062
	552		L1M5	 2s_3d	 6	 7		-43841.29738		1120.58597
	553		L1M5	 2s_3d	 6	 8		-43840.81760		1121.06575
	554		L1M4	 2s_3d	 6	 9		-43840.00641		1121.87694
	555		L1M5	 2s_3d	 6	 10		-43839.78930		1122.09405
	556		L1M5	 2s_3d	 8	 1		-43844.07239		1117.81096
	557		L1M5	 2s_3d	 8	 2		-43843.60081		1118.28254
	558		L1M5	 2s_3d	 8	 3		-43843.56193		1118.32142
	559		L1M5	 2s_3d	 8	 4		-43841.22330		1120.66005
	560		L1M5	 2s_3d	 8	 5		-43810.66925		1151.2141
	561		L1M3	 2s_3p	 0	 1		-43764.99224		1196.89111
	562		L1M3	 2s_3p	 0	 2		-43764.53707		1197.34628
	563		L1M3	 2s_3p	 0	 3		-43763.04478		1198.83857
	564		L1M2	 2s_3p	 0	 4		-43761.86812		1200.01523
	565		L1M3	 2s_3p	 0	 5		-43761.00317		1200.88018
	566		L1M2	 2s_3p	 0	 6		-43758.33865		1203.5447
	567		L1M3	 2s_3p	 2	 1		-43765.58144		1196.30191
	568		L1M3	 2s_3p	 2	 2		-43764.90251		1196.98084
	569		L1M3	 2s_3p	 2	 11		-43760.98458		1200.89877
	570		L1M2	 2s_3p	 2	 12		-43759.21262		1202.67073
	571		L1M2	 2s_3p	 2	 13		-43758.22343		1203.65992
	572		L1M3	 2s_3p	 2	 3		-43764.98585		1196.8975
	573		L1M3	 2s_3p	 2	 4		-43764.70047		1197.18288
	574		L1M3	 2s_3p	 2	 5		-43764.36863		1197.51472
	575		L1M2	 2s_3p	 2	 6		-43762.96809		1198.91526
	576		L1M2	 2s_3p	 2	 7		-43762.23970		1199.64365
	577		L1M2	 2s_3p	 2	 8		-43762.19813		1199.68522
	578		L1M2	 2s_3p	 2	 9		-43761.91908		1199.96427
	579		L1M3	 2s_3p	 2	 10		-43761.52352		1200.35983
	580		L1M3	 2s_3p	 4	 1		-43766.40809		1195.47526
	581		L1M3	 2s_3p	 4	 2		-43765.65687		1196.22648
	582		L1M2	 2s_3p	 4	 11		-43758.38913		1203.49422
	583		L1M3	 2s_3p	 4	 3		-43764.99047		1196.89288
	584		L1M3	 2s_3p	 4	 4		-43764.88832		1196.99503
	585		L1M3	 2s_3p	 4	 5		-43764.65916		1197.22419
	586		L1M2	 2s_3p	 4	 6		-43762.93500		1198.94835
	587		L1M2	 2s_3p	 4	 7		-43762.16197		1199.72138
	588		L1M2	 2s_3p	 4	 8		-43761.91051		1199.97284
	589		L1M3	 2s_3p	 4	 9		-43751.32283		1210.56052
	590		L1M3	 2s_3p	 4	 10		-43761.01380		1200.86955
	591		L1M3	 2s_3p	 6	 1		-43765.91793		1195.96542
	592		L1M3	 2s_3p	 6	 2		-43765.43600		1196.44735
	593		L1M3	 2s_3p	 6	 3		-43764.91000		1196.97335
	594		L1M2	 2s_3p	 6	 4		-43761.97822		1199.90513
	595		L1M3	 2s_3p	 6	 5		-43761.87805		1200.0053
	596		L1M3	 2s_3p	 8	 1		-43766.03184		1195.85151
	597		L1M1	 2s_3s	 0	 1		-43718.79901		1243.08434
	598		L1M1	 2s_3s	 0	 2		-43717.61565		1244.2677
	599		L1M1	 2s_3s	 0	 3		-43715.10809		1246.77526
	600		L1M1	 2s_3s	 2	 1		-43719.14101		1242.74234
	601		L1M1	 2s_3s	 2	 2		-43718.78743		1243.09592
	602		L1M1	 2s_3s	 2	 3		-43718.57892		1243.30443
	603		L1M1	 2s_3s	 2	 4		-43716.90479		1244.97856
	604		L1M1	 2s_3s	 2	 5		-43715.09661		1246.78674
	605		L1M1	 2s_3s	 2	 6		-43713.11819		1248.76516
	606		L1M1	 2s_3s	 4	 1		-43719.09716		1242.78619
	607		L1M1	 2s_3s	 4	 2		-43718.72505		1243.1583
	608		L1M1	 2s_3s	 4	 3		-43712.01168		1249.87167
	609		L1M1	 2s_3s	 4	 4		-43711.78060		1250.10275
	610		L1M1	 2s_3s	 6	 1		-43719.02804		1242.85531
	611		L14p	 2s_4p	 0	 1		-43855.42770		1106.45565
	612		L14p	 2s_4p	 2	 1		-43855.57931		1106.30404
	613		L1N1	 2s_4s	 0	 1		-43850.27539		1111.60796
	614		L1N1	 2s_4s	 2	 1		-43850.26453		1111.61882
	615		L1N1	 2s_4s	 2	 2		-43850.15410		1111.72925
	616		L1N1	 2s_4s	 4	 1		-43850.19337		1111.68998
	617		M4M4	 3d_3d	 0	 1		-44945.83260		16.05075
	618		M5M5	 3d_3d	 0	 2		-44943.15742		18.72593
	619		M4M4	 3d_3d	 0	 3		-44942.89223		18.99112
	620		M4M5	 3d_3d	 0	 4		-44942.27919		19.60416
	621		M4M5	 3d_3d	 0	 5		-44941.54682		20.33653
	622		M4M5	 3d_3d	 0	 6		-44939.20633		22.67702
	623		M5M5	 3d_3d	 0	 7		-44936.72566		25.15769
	624		M4M5	 3d_3d	 10	 1		-44945.97006		15.91329
	625		M5M5	 3d_3d	 10	 2		-44945.75890		16.12445
	626		M4M5	 3d_3d	 10	 3		-44945.25268		16.63067
	627		M4M5	 3d_3d	 10	 4		-44942.18089		19.70246
	628		M4M5	 3d_3d	 10	 5		-44941.54420		20.33915
	629		M5M5	 3d_3d	 10	 6		-44941.37408		20.50927
	630		M4M5	 3d_3d	 10	 7		-44938.45079		23.43256
	631		M5M5	 3d_3d	 12	 1		-44946.00834		15.87501
	632		M4M5	 3d_3d	 12	 2		-44942.12804		19.75531
	633		M4M4	 3d_3d	 2	 1		-44945.87348		16.00987
	634		M4M4	 3d_3d	 2	 2		-44945.46776		16.41559
	635		M4M5	 3d_3d	 2	 11		-44941.81039		20.07296
	636		M4M4	 3d_3d	 2	 12		-44941.33085		20.5525
	637		M5M5	 3d_3d	 2	 13		-44939.45817		22.42518
	638		M5M5	 3d_3d	 2	 14		-44939.17563		22.70772
	639		M4M5	 3d_3d	 2	 15		-44938.89263		22.99072
	640		M4M5	 3d_3d	 2	 16		-44938.53841		23.34494
	641		M5M5	 3d_3d	 2	 17		-44936.69510		25.18825
	642		M5M5	 3d_3d	 2	 18		-44933.03847		28.84488
	643		M4M5	 3d_3d	 2	 3		-44944.89186		16.99149
	644		M4M5	 3d_3d	 2	 4		-44943.54267		18.34068
	645		M5M5	 3d_3d	 2	 5		-44943.25318		18.63017
	646		M5M5	 3d_3d	 2	 6		-44943.09054		18.79281
	647		M4M5	 3d_3d	 2	 7		-44942.89140		18.99195
	648		M4M5	 3d_3d	 2	 8		-44942.34757		19.53578
	649		M4M5	 3d_3d	 2	 9		-44942.25980		19.62355
	650		M4M5	 3d_3d	 2	 10		-44941.96326		19.92009
	651		M4M5	 3d_3d	 4	 1		-44945.96434		15.91901
	652		M4M4	 3d_3d	 4	 2		-44945.75814		16.12521
	653		M4M5	 3d_3d	 4	 11		-44942.88997		18.99338
	654		M5M5	 3d_3d	 4	 12		-44942.41280		19.47055
	655		M4M5	 3d_3d	 4	 13		-44942.29019		19.59316
	656		M4M5	 3d_3d	 4	 14		-44942.24529		19.63806
	657		M4M5	 3d_3d	 4	 15		-44942.01702		19.86633
	658		M4M5	 3d_3d	 4	 16		-44941.91049		19.97286
	659		M4M5	 3d_3d	 4	 17		-44941.39748		20.48587
	660		M4M4	 3d_3d	 4	 18		-44941.39787		20.48548
	661		M5M5	 3d_3d	 4	 19		-44939.64354		22.23981
	662		M4M5	 3d_3d	 4	 20		-44939.23477		22.64858
	663		M4M4	 3d_3d	 4	 3		-44945.50106		16.38229
	664		M4M5	 3d_3d	 4	 21		-44938.92173		22.96162
	665		M5M5	 3d_3d	 4	 22		-44936.59161		25.29174
	666		M5M5	 3d_3d	 4	 4		-44945.01185		16.8715
	667		M4M5	 3d_3d	 4	 5		-44944.80759		17.07576
	668		M5M5	 3d_3d	 4	 6		-44944.45763		17.42572
	669		M4M5	 3d_3d	 4	 7		-44943.58697		18.29638
	670		M5M5	 3d_3d	 4	 8		-44943.30503		18.57832
	671		M5M5	 3d_3d	 4	 9		-44943.21823		18.66512
	672		M4M5	 3d_3d	 4	 10		-44943.03716		18.84619
	673		M4M5	 3d_3d	 6	 1		-44946.09652		15.78683
	674		M4M5	 3d_3d	 6	 2		-44945.82110		16.06225
	675		M4M5	 3d_3d	 6	 11		-44942.88412		18.99923
	676		M4M5	 3d_3d	 6	 12		-44942.29833		19.58502
	677		M4M5	 3d_3d	 6	 13		-44942.04719		19.83616
	678		M4M5	 3d_3d	 6	 14		-44941.71970		20.16365
	679		M5M5	 3d_3d	 6	 15		-44941.60864		20.27471
	680		M4M4	 3d_3d	 6	 16		-44941.35650		20.52685
	681		M4M5	 3d_3d	 6	 17		-44941.20737		20.67598
	682		M5M5	 3d_3d	 6	 18		-44939.58923		22.29412
	683		M4M5	 3d_3d	 6	 19		-44938.98330		22.90005
	684		M4M5	 3d_3d	 6	 20		-44938.39417		23.48918
	685		M4M5	 3d_3d	 6	 3		-44945.55908		16.32427
	686		M4M5	 3d_3d	 6	 4		-44945.13840		16.74495
	687		M5M5	 3d_3d	 6	 5		-44945.09057		16.79278
	688		M5M5	 3d_3d	 6	 6		-44944.91400		16.96935
	689		M4M5	 3d_3d	 6	 7		-44944.50813		17.37522
	690		M4M5	 3d_3d	 6	 8		-44943.59334		18.29001
	691		M5M5	 3d_3d	 6	 9		-44943.27480		18.60855
	692		M5M5	 3d_3d	 6	 10		-44943.16751		18.71584
	693		M5M5	 3d_3d	 8	 1		-44946.26136		15.62199
	694		M4M5	 3d_3d	 8	 2		-44945.89715		15.9862
	695		M4M5	 3d_3d	 8	 11		-44941.77188		20.11147
	696		M4M5	 3d_3d	 8	 12		-44941.44591		20.43744
	697		M5M5	 3d_3d	 8	 13		-44941.37470		20.50865
	698		M4M5	 3d_3d	 8	 14		-44937.91662		23.96673
	699		M4M5	 3d_3d	 8	 3		-44945.64450		16.23885
	700		M5M5	 3d_3d	 8	 4		-44945.26493		16.61842
	701		M4M5	 3d_3d	 8	 5		-44944.97827		16.90508
	702		M4M5	 3d_3d	 8	 6		-44944.79310		17.09025
	703		M5M5	 3d_3d	 8	 7		-44943.24836		18.63499
	704		M4M5	 3d_3d	 8	 8		-44942.86798		19.01537
	705		M4M5	 3d_3d	 8	 9		-44942.22767		19.65568
	706		M4M5	 3d_3d	 8	 10		-44942.10304		19.78031
	707		M44p	 3d_4p	 2	 1		-44954.28337		7.59998
	708		M44p	 3d_4p	 4	 1		-44954.41256		7.47079
	709		M54p	 3d_4p	 4	 2		-44953.92648		7.95687
	710		M54p	 3d_4p	 6	 1		-44954.53208		7.35127
	711		M4N1	 3d_4s	 0	 1		-44949.16271		12.72064
	712		M4N1	 3d_4s	 2	 1		-44949.26864		12.61471
	713		M5N1	 3d_4s	 2	 2		-44948.56802		13.31533
	714		M4N1	 3d_4s	 2	 3		-44948.51675		13.3666
	715		M5N1	 3d_4s	 4	 1		-44949.44554		12.43781
	716		M4N1	 3d_4s	 4	 2		-44949.01812		12.86523
	717		M5N1	 3d_4s	 4	 3		-44948.75410		13.12925
	718		M4N1	 3d_4s	 4	 4		-44948.53374		13.34961
	719		M4N1	 3d_4s	 6	 1		-44949.16622		12.71713
	720		M5N1	 3d_4s	 6	 2		-44948.78525		13.0981
	721		M5N1	 3d_4s	 6	 3		-44948.71523		13.16812
	722		M5N1	 3d_4s	 8	 1		-44949.16938		12.71397
	723		M2M4	 3p_3d	 0	 1		-44872.32165		89.5617
	724		M2M4	 3p_3d	 0	 2		-44870.50185		91.3815
	725		M3M5	 3p_3d	 0	 11		-44854.69141		107.19194
	726		M3M4	 3p_3d	 0	 3		-44867.69415		94.1892
	727		M3M4	 3p_3d	 0	 4		-44866.74673		95.13662
	728		M3M4	 3p_3d	 0	 5		-44866.10013		95.78322
	729		M2M5	 3p_3d	 0	 6		-44865.17103		96.71232
	730		M2M5	 3p_3d	 0	 7		-44864.28146		97.60189
	731		M3M5	 3p_3d	 0	 8		-44863.17204		98.71131
	732		M3M4	 3p_3d	 0	 9		-44861.51917		100.36418
	733		M2M4	 3p_3d	 0	 10		-44857.93291		103.95044
	734		M3M5	 3p_3d	 10	 1		-44873.27890		88.60445
	735		M3M5	 3p_3d	 10	 2		-44872.76850		89.11485
	736		M3M4	 3p_3d	 10	 3		-44871.96596		89.91739
	737		M3M5	 3p_3d	 10	 4		-44869.44010		92.44325
	738		M2M5	 3p_3d	 10	 5		-44855.06134		106.82201
	739		M2M5	 3p_3d	 10	 6		-44855.88254		106.00081
	740		M3M5	 3p_3d	 12	 1		-44873.50481		88.37854
	741		M3M4	 3p_3d	 2	 1		-44872.41306		89.47029
	742		M3M5	 3p_3d	 2	 2		-44872.01634		89.86701
	743		M3M4	 3p_3d	 2	 11		-44866.47982		95.40353
	744		M3M4	 3p_3d	 2	 12		-44866.29560		95.58775
	745		M2M4	 3p_3d	 2	 13		-44865.96680		95.91655
	746		M3M4	 3p_3d	 2	 14		-44865.49773		96.38562
	747		M3M5	 3p_3d	 2	 15		-44865.39159		96.49176
	748		M3M5	 3p_3d	 2	 16		-44865.30792		96.57543
	749		M3M5	 3p_3d	 2	 17		-44865.05410		96.82925
	750		M2M5	 3p_3d	 2	 18		-44864.30968		97.57367
	751		M2M5	 3p_3d	 2	 19		-44864.13635		97.747
	752		M3M4	 3p_3d	 2	 20		-44863.63589		98.24746
	753		M3M4	 3p_3d	 2	 3		-44871.40530		90.47805
	754		M3M4	 3p_3d	 2	 21		-44863.50466		98.37869
	755		M3M4	 3p_3d	 2	 22		-44862.86000		99.02335
	756		M2M5	 3p_3d	 2	 23		-44861.31547		100.56788
	757		M2M4	 3p_3d	 2	 24		-44861.19629		100.68706
	758		M3M5	 3p_3d	 2	 25		-44858.41200		103.47135
	759		M2M4	 3p_3d	 2	 26		-44858.20766		103.67569
	760		M2M4	 3p_3d	 2	 27		-44857.91409		103.96926
	761		M3M4	 3p_3d	 2	 28		-44856.97967		104.90368
	762		M3M5	 3p_3d	 2	 29		-44854.31585		107.5675
	763		M2M4	 3p_3d	 2	 4		-44870.32909		91.55426
	764		M2M4	 3p_3d	 2	 5		-44869.88244		92.00091
	765		M3M4	 3p_3d	 2	 6		-44868.27995		93.6034
	766		M3M4	 3p_3d	 2	 7		-44867.64847		94.23488
	767		M3M4	 3p_3d	 2	 8		-44867.30029		94.58306
	768		M3M4	 3p_3d	 2	 9		-44866.85436		95.02899
	769		M3M4	 3p_3d	 2	 10		-44866.66547		95.21788
	770		M3M4	 3p_3d	 4	 1		-44872.79960		89.08375
	771		M3M4	 3p_3d	 4	 2		-44872.26496		89.61839
	772		M3M4	 3p_3d	 4	 11		-44868.06574		93.81761
	773		M2M5	 3p_3d	 4	 12		-44867.52815		94.3552
	774		M3M4	 3p_3d	 4	 13		-44866.90084		94.98251
	775		M3M4	 3p_3d	 4	 14		-44866.91753		94.96582
	776		M3M4	 3p_3d	 4	 15		-44866.67330		95.21005
	777		M3M4	 3p_3d	 4	 16		-44866.42824		95.45511
	778		M3M4	 3p_3d	 4	 17		-44866.20248		95.68087
	779		M3M4	 3p_3d	 4	 18		-44865.99697		95.88638
	780		M3M4	 3p_3d	 4	 19		-44864.04515		97.8382
	781		M2M5	 3p_3d	 4	 20		-44865.33570		96.54765
	782		M3M5	 3p_3d	 4	 3		-44872.10326		89.78009
	783		M2M4	 3p_3d	 4	 21		-44865.28712		96.59623
	784		M3M5	 3p_3d	 4	 22		-44865.03834		96.84501
	785		M2M5	 3p_3d	 4	 23		-44864.84064		97.04271
	786		M2M5	 3p_3d	 4	 24		-44864.36217		97.52118
	787		M2M5	 3p_3d	 4	 25		-44864.09719		97.78616
	788		M3M4	 3p_3d	 4	 26		-44863.42114		98.46221
	789		M3M4	 3p_3d	 4	 27		-44863.10411		98.77924
	790		M3M5	 3p_3d	 4	 28		-44862.29867		99.58468
	791		M2M4	 3p_3d	 4	 29		-44861.45637		100.42698
	792		M2M5	 3p_3d	 4	 30		-44860.85061		101.03274
	793		M3M5	 3p_3d	 4	 4		-44871.76212		90.12123
	794		M3M5	 3p_3d	 4	 31		-44858.17433		103.70902
	795		M3M5	 3p_3d	 4	 32		-44857.87912		104.00423
	796		M3M4	 3p_3d	 4	 33		-44857.00948		104.87387
	797		M2M5	 3p_3d	 4	 34		-44856.60931		105.27404
	798		M3M5	 3p_3d	 4	 35		-44854.50337		107.37998
	799		M2M5	 3p_3d	 4	 36		-44853.42613		108.45722
	800		M3M5	 3p_3d	 4	 5		-44871.35667		90.52668
	801		M2M4	 3p_3d	 4	 6		-44871.30102		90.58233
	802		M3M5	 3p_3d	 4	 7		-44870.45138		91.43197
	803		M2M4	 3p_3d	 4	 8		-44870.04663		91.83672
	804		M2M4	 3p_3d	 4	 9		-44869.75484		92.12851
	805		M3M4	 3p_3d	 4	 10		-44867.85137		94.03198
	806		M3M5	 3p_3d	 6	 1		-44873.31170		88.57165
	807		M3M4	 3p_3d	 6	 2		-44872.51103		89.37232
	808		M3M5	 3p_3d	 6	 11		-44868.32612		93.55723
	809		M3M4	 3p_3d	 6	 12		-44867.37772		94.50563
	810		M3M4	 3p_3d	 6	 13		-44867.35485		94.5285
	811		M3M5	 3p_3d	 6	 14		-44867.24836		94.63499
	812		M3M5	 3p_3d	 6	 15		-44866.48837		95.39498
	813		M3M4	 3p_3d	 6	 16		-44866.36501		95.51834
	814		M3M5	 3p_3d	 6	 17		-44864.12487		97.75848
	815		M2M4	 3p_3d	 6	 18		-44865.81492		96.06843
	816		M3M5	 3p_3d	 6	 19		-44865.58543		96.29792
	817		M3M5	 3p_3d	 6	 20		-44865.17865		96.7047
	818		M3M5	 3p_3d	 6	 3		-44872.09739		89.78596
	819		M2M5	 3p_3d	 6	 21		-44864.52111		97.36224
	820		M2M5	 3p_3d	 6	 22		-44864.38410		97.49925
	821		M3M4	 3p_3d	 6	 23		-44863.00380		98.87955
	822		M3M5	 3p_3d	 6	 24		-44862.31270		99.57065
	823		M2M5	 3p_3d	 6	 25		-44861.10811		100.77524
	824		M3M5	 3p_3d	 6	 26		-44858.14884		103.73451
	825		M2M5	 3p_3d	 6	 27		-44857.30808		104.57527
	826		M3M5	 3p_3d	 6	 28		-44857.06896		104.81439
	827		M2M5	 3p_3d	 6	 29		-44856.59000		105.29335
	828		M2M5	 3p_3d	 6	 30		-44853.07532		108.80803
	829		M3M5	 3p_3d	 6	 4		-44871.94391		89.93944
	830		M3M4	 3p_3d	 6	 5		-44871.79397		90.08938
	831		M3M5	 3p_3d	 6	 6		-44871.63800		90.24535
	832		M3M5	 3p_3d	 6	 7		-44871.32073		90.56262
	833		M2M4	 3p_3d	 6	 8		-44870.26307		91.62028
	834		M2M4	 3p_3d	 6	 9		-44869.76430		92.11905
	835		M3M4	 3p_3d	 6	 10		-44651.97152		309.91183
	836		M3M5	 3p_3d	 8	 1		-44873.85480		88.02855
	837		M3M5	 3p_3d	 8	 2		-44872.99766		88.88569
	838		M3M5	 3p_3d	 8	 11		-44866.39319		95.49016
	839		M2M5	 3p_3d	 8	 12		-44866.04212		95.84123
	840		M2M5	 3p_3d	 8	 13		-44864.90163		96.98172
	841		M3M5	 3p_3d	 8	 14		-44862.38593		99.49742
	842		M2M5	 3p_3d	 8	 15		-44857.26509		104.61826
	843		M2M5	 3p_3d	 8	 16		-44856.58034		105.30301
	844		M2M5	 3p_3d	 8	 17		-44853.52278		108.36057
	845		M3M5	 3p_3d	 8	 3		-44872.54527		89.33808
	846		M3M5	 3p_3d	 8	 4		-44872.08038		89.80297
	847		M3M5	 3p_3d	 8	 5		-44871.71500		90.16835
	848		M3M4	 3p_3d	 8	 6		-44871.47745		90.4059
	849		M2M4	 3p_3d	 8	 7		-44870.03394		91.84941
	850		M3M5	 3p_3d	 8	 8		-44869.01253		92.87082
	851		M3M4	 3p_3d	 8	 9		-44868.25248		93.63087
	852		M3M5	 3p_3d	 8	 10		-44866.97526		94.90809
	853		M3M3	 3p_3p	 0	 1		-44791.50585		170.3775
	854		M3M3	 3p_3p	 0	 2		-44790.12957		171.75378
	855		M2M3	 3p_3p	 0	 3		-44789.24210		172.64125
	856		M2M3	 3p_3p	 0	 4		-44786.51693		175.36642
	857		M2M3	 3p_3p	 0	 5		-44785.89568		175.98767
	858		M2M2	 3p_3p	 0	 6		-44780.12964		181.75371
	859		M3M3	 3p_3p	 2	 1		-44791.95230		169.93105
	860		M2M3	 3p_3p	 2	 2		-44791.25440		170.62895
	861		M2M3	 3p_3p	 2	 11		-44785.49297		176.39038
	862		M2M3	 3p_3p	 2	 12		-44782.78722		179.09613
	863		M2M2	 3p_3p	 2	 13		-44779.98519		181.89816
	864		M2M2	 3p_3p	 2	 14		-44776.33597		185.54738
	865		M2M3	 3p_3p	 2	 3		-44790.19055		171.6928
	866		M3M3	 3p_3p	 2	 4		-44790.09513		171.78822
	867		M2M3	 3p_3p	 2	 5		-44789.51980		172.36355
	868		M2M3	 3p_3p	 2	 6		-44789.14357		172.73978
	869		M2M3	 3p_3p	 2	 7		-44788.10774		173.77561
	870		M2M3	 3p_3p	 2	 8		-44786.32386		175.55949
	871		M3M3	 3p_3p	 2	 9		-44786.06629		175.81706
	872		M2M3	 3p_3p	 2	 10		-44785.63196		176.25139
	873		M3M3	 3p_3p	 4	 1		-44792.38990		169.49345
	874		M3M3	 3p_3p	 4	 2		-44791.67492		170.20843
	875		M2M3	 3p_3p	 4	 11		-44785.60818		176.27517
	876		M2M3	 3p_3p	 4	 12		-44782.53851		179.34484
	877		M2M2	 3p_3p	 4	 13		-44779.94533		181.93802
	878		M3M3	 3p_3p	 4	 3		-44791.40214		170.48121
	879		M3M3	 3p_3p	 4	 4		-44790.08463		171.79872
	880		M2M3	 3p_3p	 4	 5		-44789.78356		172.09979
	881		M2M3	 3p_3p	 4	 6		-44789.29583		172.58752
	882		M2M3	 3p_3p	 4	 7		-44788.30058		173.58277
	883		M2M3	 3p_3p	 4	 8		-44786.64708		175.23627
	884		M2M3	 3p_3p	 4	 9		-44786.49846		175.38489
	885		M3M3	 3p_3p	 4	 10		-44786.09219		175.79116
	886		M3M3	 3p_3p	 6	 1		-44792.52154		169.36181
	887		M3M3	 3p_3p	 6	 2		-44791.86662		170.01673
	888		M2M3	 3p_3p	 6	 3		-44790.03698		171.84637
	889		M2M3	 3p_3p	 6	 4		-44788.22154		173.66181
	890		M3M3	 3p_3p	 6	 5		-44786.61679		175.26656
	891		M2M3	 3p_3p	 6	 6		-44786.07909		175.80426
	892		M2M3	 3p_3p	 6	 7		-44782.88017		179.00318
	893		M3M3	 3p_3p	 8	 1		-44792.19600		169.68735
	894		M2M3	 3p_3p	 8	 2		-44786.57077		175.31258
	895		M24p	 3p_4p	 0	 1		-44876.29035		85.593
	896		M34p	 3p_4p	 2	 1		-44878.56034		83.32301
	897		M24p	 3p_4p	 2	 2		-44876.14744		85.73591
	898		M34p	 3p_4p	 4	 1		-44878.80523		83.07812
	899		M3N1	 3p_4s	 0	 1		-44872.86821		89.01514
	900		M3N1	 3p_4s	 0	 2		-44861.95559		99.92776
	901		M3N1	 3p_4s	 2	 1		-44873.65689		88.22646
	902		M3N1	 3p_4s	 2	 2		-44873.13917		88.74418
	903		M2N1	 3p_4s	 2	 3		-44870.88197		91.00138
	904		M2N1	 3p_4s	 2	 4		-44870.73293		91.15042
	905		M3N1	 3p_4s	 4	 1		-44873.34306		88.54029
	906		M3N1	 3p_4s	 4	 2		-44873.09320		88.79015
	907		M2N1	 3p_4s	 4	 3		-44870.71918		91.16417
	908		M3N1	 3p_4s	 6	 1		-44873.35295		88.5304
	909		M1M4	 3s_3d	 0	 1		-44819.86192		142.02143
	910		M1M4	 3s_3d	 0	 2		-44819.69445		142.1889
	911		M1M4	 3s_3d	 0	 3		-44816.24863		145.63472
	912		M1M4	 3s_3d	 0	 4		-44814.68724		147.19611
	913		M1M5	 3s_3d	 10	 1		-44820.58226		141.30109
	914		M1M4	 3s_3d	 2	 1		-44820.67156		141.21179
	915		M1M4	 3s_3d	 2	 2		-44820.43297		141.45038
	916		M1M5	 3s_3d	 2	 11		-44810.79634		151.08701
	917		M1M4	 3s_3d	 2	 3		-44819.87695		142.0064
	918		M1M5	 3s_3d	 2	 4		-44819.76237		142.12098
	919		M1M5	 3s_3d	 2	 5		-44819.39074		142.49261
	920		M1M5	 3s_3d	 2	 6		-44819.29915		142.5842
	921		M1M4	 3s_3d	 2	 7		-44816.32756		145.55579
	922		M1M5	 3s_3d	 2	 8		-44815.79775		146.0856
	923		M1M4	 3s_3d	 2	 9		-44814.71199		147.17136
	924		M1M4	 3s_3d	 2	 10		-44814.17706		147.70629
	925		M1M4	 3s_3d	 4	 1		-44820.78717		141.09618
	926		M1M4	 3s_3d	 4	 2		-44820.46602		141.41733
	927		M1M4	 3s_3d	 4	 11		-44814.74797		147.13538
	928		M1M4	 3s_3d	 4	 12		-44814.70695		147.1764
	929		M1M4	 3s_3d	 4	 13		-44814.15948		147.72387
	930		M1M5	 3s_3d	 4	 14		-44810.39772		151.48563
	931		M1M4	 3s_3d	 4	 3		-44819.91105		141.9723
	932		M1M4	 3s_3d	 4	 4		-44819.87838		142.00497
	933		M1M5	 3s_3d	 4	 5		-44819.80998		142.07337
	934		M1M5	 3s_3d	 4	 6		-44819.45734		142.42601
	935		M1M5	 3s_3d	 4	 7		-44819.16618		142.71717
	936		M1M5	 3s_3d	 4	 8		-44816.50294		145.38041
	937		M1M4	 3s_3d	 4	 9		-44816.15548		145.72787
	938		M1M5	 3s_3d	 4	 10		-44815.87547		146.00788
	939		M1M5	 3s_3d	 6	 1		-44820.94705		140.9363
	940		M1M4	 3s_3d	 6	 2		-44820.50830		141.37505
	941		M1M5	 3s_3d	 6	 11		-44810.72761		151.15574
	942		M1M4	 3s_3d	 6	 3		-44819.96692		141.91643
	943		M1M4	 3s_3d	 6	 4		-44819.89571		141.98764
	944		M1M5	 3s_3d	 6	 5		-44819.50940		142.37395
	945		M1M4	 3s_3d	 6	 6		-44819.46010		142.42325
	946		M1M5	 3s_3d	 6	 7		-44816.24913		145.63422
	947		M1M4	 3s_3d	 6	 8		-44816.01157		145.87178
	948		M1M5	 3s_3d	 6	 9		-44814.65943		147.22392
	949		M1M5	 3s_3d	 6	 10		-44814.14431		147.73904
	950		M1M5	 3s_3d	 8	 1		-44820.55081		141.33254
	951		M1M5	 3s_3d	 8	 2		-44820.04561		141.83774
	952		M1M5	 3s_3d	 8	 3		-44819.88256		142.00079
	953		M1M5	 3s_3d	 8	 4		-44816.37866		145.50469
	954		M1M5	 3s_3d	 8	 5		-44814.59268		147.29067
	955		M1M2	 3s_3p	 0	 1		-44746.93114		214.95221
	956		M1M3	 3s_3p	 0	 2		-44745.89206		215.99129
	957		M1M2	 3s_3p	 0	 3		-44744.84486		217.03849
	958		M1M3	 3s_3p	 0	 4		-44637.86491		324.01844
	959		M1M3	 3s_3p	 0	 5		-44731.20174		230.68161
	960		M1M3	 3s_3p	 0	 6		-44727.76265		234.1207
	961		M1M3	 3s_3p	 2	 1		-44747.40487		214.47848
	962		M1M3	 3s_3p	 2	 2		-44747.10286		214.78049
	963		M1M3	 3s_3p	 2	 11		-44731.55361		230.32974
	964		M1M3	 3s_3p	 2	 12		-44731.18210		230.70125
	965		M1M3	 3s_3p	 2	 13		-44727.47872		234.40463
	966		M1M3	 3s_3p	 2	 3		-44746.12666		215.75669
	967		M1M3	 3s_3p	 2	 4		-44745.87388		216.00947
	968		M1M3	 3s_3p	 2	 5		-44745.64617		216.23718
	969		M1M2	 3s_3p	 2	 6		-44744.94908		216.93427
	970		M1M3	 3s_3p	 2	 7		-44663.40437		298.47898
	971		M1M2	 3s_3p	 2	 8		-43494.56798		1467.31537
	972		M1M2	 3s_3p	 2	 9		-43502.97310		1458.91025
	973		M1M3	 3s_3p	 2	 10		-44731.43011		230.45324
	974		M1M3	 3s_3p	 4	 1		-44748.35821		213.52514
	975		M1M3	 3s_3p	 4	 2		-44747.57414		214.30921
	976		M1M3	 3s_3p	 4	 11		-44727.71660		234.16675
	977		M1M2	 3s_3p	 4	 3		-44747.24131		214.64204
	978		M1M3	 3s_3p	 4	 4		-44746.15876		215.72459
	979		M1M3	 3s_3p	 4	 5		-44745.93203		215.95132
	980		M1M2	 3s_3p	 4	 6		-44744.92887		216.95448
	981		M1M3	 3s_3p	 4	 7		-44637.26034		324.62301
	982		M1M3	 3s_3p	 4	 8		-44683.02631		278.85704
	983		M1M3	 3s_3p	 4	 9		-44731.26392		230.61943
	984		M1M3	 3s_3p	 4	 10		-44731.15554		230.72781
	985		M1M3	 3s_3p	 6	 1		-44747.83724		214.04611
	986		M1M3	 3s_3p	 6	 2		-44747.46483		214.41852
	987		M1M3	 3s_3p	 6	 3		-44746.06348		215.81987
	988		M1M3	 3s_3p	 6	 4		-44688.20661		273.67674
	989		M1M3	 3s_3p	 6	 5		-44731.34324		230.54011
	990		M1M3	 3s_3p	 8	 1		-44747.98026		213.90309
	991		M1M1	 3s_3s	 0	 1		-44690.68910		271.19425
	992		M1M1	 3s_3s	 2	 1		-44690.64172		271.24163
	993		M1M1	 3s_3s	 2	 2		-44686.91095		274.9724
	994		M1M1	 3s_3s	 4	 1		-44690.54800		271.33535
	995		M14p	 3s_4p	 0	 1		-44829.77821		132.10514
	996		M14p	 3s_4p	 2	 1		-44829.96236		131.92099
	997		M1N1	 3s_4s	 0	 1		-44824.55142		137.33193
	998		M1N1	 3s_4s	 2	 1		-44824.52856		137.35479
	999		M1N1	 3s_4s	 2	 2		-44824.29030		137.59305
	1000		M1N1	 3s_4s	 4	 1		-44824.46432		137.41903
	1001		N14p	 4s_4p	 0	 1		-44955.26947		6.61388
