# Atomic number Z= 29  Date:10-1-2023

# Number	Shelli	ShellLS 2Ji	Eigi	Total Energy (eV)	Ground Energy(eV)	Partial Width (eV)
	1		K1K1	 1s_1s	 2	 1		-26587.12173		18374.76162
	2		K1K1	 1s_1s	 4	 1		-26587.12046		18374.76289
	3		K1K1	 1s_1s	 4	 2		-26586.96726		18374.91609
	4		K1K1	 1s_1s	 6	 1		-26587.11855		18374.7648
	5		K1L3	 1s_2p	 0	 1		-34949.83779		10012.04556
	6		K1L3	 1s_2p	 0	 2		-34949.64658		10012.23677
	7		K1L3	 1s_2p	 0	 3		-34942.77962		10019.10373
	8		K1L2	 1s_2p	 0	 4		-34916.64901		10045.23434
	9		K1L3	 1s_2p	 10	 1		-34949.93793		10011.94542
	10		K1L3	 1s_2p	 2	 1		-34949.94507		10011.93828
	11		K1L3	 1s_2p	 2	 2		-34949.84038		10012.04297
	12		K1L2	 1s_2p	 2	 11		-34916.10138		10045.78197
	13		K1L3	 1s_2p	 2	 3		-34949.69779		10012.18556
	14		K1L3	 1s_2p	 2	 4		-34949.62817		10012.25518
	15		K1L3	 1s_2p	 2	 5		-34940.01841		10021.86494
	16		K1L3	 1s_2p	 2	 6		-34939.93721		10021.94614
	17		K1L3	 1s_2p	 2	 7		-34939.78467		10022.09868
	18		K1L2	 1s_2p	 2	 8		-34924.91940		10036.96395
	19		K1L2	 1s_2p	 2	 9		-34916.66530		10045.21805
	20		K1L2	 1s_2p	 2	 10		-34916.24797		10045.63538
	21		K1L3	 1s_2p	 4	 1		-34949.93901		10011.94434
	22		K1L3	 1s_2p	 4	 2		-34949.84557		10012.03778
	23		K1L2	 1s_2p	 4	 11		-34916.67753		10045.20582
	24		K1L2	 1s_2p	 4	 12		-34916.26237		10045.62098
	25		K1L2	 1s_2p	 4	 13		-34916.24964		10045.63371
	26		K1L2	 1s_2p	 4	 14		-34916.09790		10045.78545
	27		K1L3	 1s_2p	 4	 3		-34949.70808		10012.17527
	28		K1L3	 1s_2p	 4	 4		-34949.62157		10012.26178
	29		K1L3	 1s_2p	 4	 5		-34940.01875		10021.8646
	30		K1L3	 1s_2p	 4	 6		-34939.94155		10021.9418
	31		K1L3	 1s_2p	 4	 7		-34939.87232		10022.01103
	32		K1L3	 1s_2p	 4	 8		-34939.78299		10022.10036
	33		K1L2	 1s_2p	 4	 9		-34924.92069		10036.96266
	34		K1L2	 1s_2p	 4	 10		-34924.76613		10037.11722
	35		K1L3	 1s_2p	 6	 1		-34949.93305		10011.9503
	36		K1L3	 1s_2p	 6	 2		-34949.85195		10012.0314
	37		K1L2	 1s_2p	 6	 11		-34916.10398		10045.77937
	38		K1L3	 1s_2p	 6	 3		-34949.71555		10012.1678
	39		K1L3	 1s_2p	 6	 4		-34949.61807		10012.26528
	40		K1L3	 1s_2p	 6	 5		-34940.01830		10021.86505
	41		K1L3	 1s_2p	 6	 6		-34939.94864		10021.93471
	42		K1L3	 1s_2p	 6	 7		-34939.78292		10022.10043
	43		K1L2	 1s_2p	 6	 8		-34924.92276		10036.96059
	44		K1L2	 1s_2p	 6	 9		-34916.68261		10045.20074
	45		K1L2	 1s_2p	 6	 10		-34916.25196		10045.63139
	46		K1L3	 1s_2p	 8	 1		-34949.93117		10011.95218
	47		K1L3	 1s_2p	 8	 2		-34949.85529		10012.02806
	48		K1L3	 1s_2p	 8	 3		-34949.64422		10012.23913
	49		K1L3	 1s_2p	 8	 4		-34940.01596		10021.86739
	50		K1L2	 1s_2p	 8	 5		-34916.66434		10045.21901
	51		K1L1	 1s_2s	 0	 1		-34801.16739		10160.71596
	52		K1L1	 1s_2s	 2	 1		-34801.16718		10160.71617
	53		K1L1	 1s_2s	 2	 2		-34801.05840		10160.82495
	54		K1L1	 1s_2s	 2	 3		-34800.88838		10160.99497
	55		K1L1	 1s_2s	 2	 4		-34787.42748		10174.45587
	56		K1L1	 1s_2s	 4	 1		-34801.16673		10160.71662
	57		K1L1	 1s_2s	 4	 2		-34801.05856		10160.82479
	58		K1L1	 1s_2s	 4	 3		-34800.94941		10160.93394
	59		K1L1	 1s_2s	 4	 4		-34800.87318		10161.01017
	60		K1L1	 1s_2s	 4	 5		-34797.21195		10164.6714
	61		K1L1	 1s_2s	 4	 6		-34797.05621		10164.82714
	62		K1L1	 1s_2s	 6	 1		-34801.16600		10160.71735
	63		K1L1	 1s_2s	 6	 2		-34801.05942		10160.82393
	64		K1L1	 1s_2s	 6	 3		-34800.87452		10161.00883
	65		K1L1	 1s_2s	 6	 4		-34797.32846		10164.55489
	66		K1L1	 1s_2s	 8	 1		-34801.16489		10160.71846
	67		K1M5	 1s_3d	 0	 1		-35953.96564		9007.91771
	68		K1M4	 1s_3d	 0	 2		-35953.84706		9008.03629
	69		K1M4	 1s_3d	 0	 3		-35953.60702		9008.27633
	70		K1M4	 1s_3d	 0	 4		-35953.47468		9008.40867
	71		K1M5	 1s_3d	 0	 5		-35953.31534		9008.56801
	72		K1M4	 1s_3d	 0	 6		-35955.06457		9006.81878
	73		K1M5	 1s_3d	 10	 1		-35954.10305		9007.7803
	74		K1M5	 1s_3d	 10	 2		-35954.05147		9007.83188
	75		K1M5	 1s_3d	 10	 3		-35953.98312		9007.90023
	76		K1M4	 1s_3d	 10	 4		-35953.85273		9008.03062
	77		K1M5	 1s_3d	 10	 5		-35953.36946		9008.51389
	78		K1M5	 1s_3d	 12	 1		-35954.13179		9007.75156
	79		K1M5	 1s_3d	 2	 1		-35954.03522		9007.84813
	80		K1M5	 1s_3d	 2	 2		-35953.99276		9007.89059
	81		K1M5	 1s_3d	 2	 11		-35953.33403		9008.54932
	82		K1M4	 1s_3d	 2	 12		-35953.29753		9008.58582
	83		K1M4	 1s_3d	 2	 13		-35953.23068		9008.65267
	84		K1M4	 1s_3d	 2	 14		-35955.19997		9006.68338
	85		K1M5	 1s_3d	 2	 3		-35953.91908		9007.96427
	86		K1M5	 1s_3d	 2	 4		-35953.84966		9008.03369
	87		K1M5	 1s_3d	 2	 5		-35953.80163		9008.08172
	88		K1M4	 1s_3d	 2	 6		-35953.66279		9008.22056
	89		K1M4	 1s_3d	 2	 7		-35953.58629		9008.29706
	90		K1M4	 1s_3d	 2	 8		-35953.56398		9008.31937
	91		K1M5	 1s_3d	 2	 9		-35953.43005		9008.4533
	92		K1M5	 1s_3d	 2	 10		-35956.16327		9005.72008
	93		K1M5	 1s_3d	 4	 1		-35954.16113		9007.72222
	94		K1M5	 1s_3d	 4	 2		-35954.05679		9007.82656
	95		K1M4	 1s_3d	 4	 11		-35953.54121		9008.34214
	96		K1M4	 1s_3d	 4	 12		-35953.39215		9008.4912
	97		K1M5	 1s_3d	 4	 13		-35953.36000		9008.52335
	98		K1M5	 1s_3d	 4	 14		-35953.30492		9008.57843
	99		K1M4	 1s_3d	 4	 15		-35953.25884		9008.62451
	100		K1M4	 1s_3d	 4	 16		-35953.20293		9008.68042
	101		K1M5	 1s_3d	 4	 3		-35953.98059		9007.90276
	102		K1M5	 1s_3d	 4	 4		-35953.95332		9007.93003
	103		K1M4	 1s_3d	 4	 5		-35953.86774		9008.01561
	104		K1M4	 1s_3d	 4	 6		-35953.82183		9008.06152
	105		K1M4	 1s_3d	 4	 7		-35953.73513		9008.14822
	106		K1M4	 1s_3d	 4	 8		-35953.67340		9008.20995
	107		K1M4	 1s_3d	 4	 9		-35953.58492		9008.29843
	108		K1M4	 1s_3d	 4	 10		-35953.53764		9008.34571
	109		K1M5	 1s_3d	 6	 1		-35954.11921		9007.76414
	110		K1M5	 1s_3d	 6	 2		-35954.03419		9007.84916
	111		K1M5	 1s_3d	 6	 11		-35953.38893		9008.49442
	112		K1M5	 1s_3d	 6	 12		-35953.33917		9008.54418
	113		K1M5	 1s_3d	 6	 13		-35953.28834		9008.59501
	114		K1M4	 1s_3d	 6	 14		-35953.26074		9008.62261
	115		K1M4	 1s_3d	 6	 15		-35953.21986		9008.66349
	116		K1M5	 1s_3d	 6	 3		-35953.95911		9007.92424
	117		K1M5	 1s_3d	 6	 4		-35953.96239		9007.92096
	118		K1M4	 1s_3d	 6	 5		-35953.86530		9008.01805
	119		K1M4	 1s_3d	 6	 6		-35953.81538		9008.06797
	120		K1M4	 1s_3d	 6	 7		-35953.68529		9008.19806
	121		K1M4	 1s_3d	 6	 8		-35953.58961		9008.29374
	122		K1M4	 1s_3d	 6	 9		-35953.56409		9008.31926
	123		K1M4	 1s_3d	 6	 10		-35953.50349		9008.37986
	124		K1M5	 1s_3d	 8	 1		-35954.10248		9007.78087
	125		K1M5	 1s_3d	 8	 2		-35954.04356		9007.83979
	126		K1M4	 1s_3d	 8	 11		-35953.27064		9008.61271
	127		K1M5	 1s_3d	 8	 3		-35953.96025		9007.9231
	128		K1M5	 1s_3d	 8	 4		-35953.95467		9007.92868
	129		K1M4	 1s_3d	 8	 5		-35953.83118		9008.05217
	130		K1M4	 1s_3d	 8	 6		-35953.59527		9008.28808
	131		K1M4	 1s_3d	 8	 7		-35953.50611		9008.37724
	132		K1M5	 1s_3d	 8	 8		-35953.42134		9008.46201
	133		K1M5	 1s_3d	 8	 9		-35953.33879		9008.54456
	134		K1M5	 1s_3d	 8	 10		-35953.32658		9008.55677
	135		K1M3	 1s_3p	 0	 1		-35872.94663		9088.93672
	136		K1M3	 1s_3p	 0	 2		-35872.60012		9089.28323
	137		K1M3	 1s_3p	 0	 3		-35871.77539		9090.10796
	138		K1M2	 1s_3p	 0	 4		-35868.62372		9093.25963
	139		K1M3	 1s_3p	 10	 1		-35873.05990		9088.82345
	140		K1M3	 1s_3p	 2	 1		-35873.07658		9088.80677
	141		K1M3	 1s_3p	 2	 2		-35872.94591		9088.93744
	142		K1M2	 1s_3p	 2	 11		-35868.51636		9093.36699
	143		K1M3	 1s_3p	 2	 3		-35872.62772		9089.25563
	144		K1M3	 1s_3p	 2	 4		-35872.22087		9089.66248
	145		K1M3	 1s_3p	 2	 5		-35871.77480		9090.10855
	146		K1M3	 1s_3p	 2	 6		-35871.66118		9090.22217
	147		K1M3	 1s_3p	 2	 7		-35871.38213		9090.50122
	148		K1M2	 1s_3p	 2	 8		-35871.15712		9090.72623
	149		K1M2	 1s_3p	 2	 9		-35868.71880		9093.16455
	150		K1M2	 1s_3p	 2	 10		-35868.62308		9093.26027
	151		K1M3	 1s_3p	 4	 1		-35873.05953		9088.82382
	152		K1M3	 1s_3p	 4	 2		-35872.94776		9088.93559
	153		K1M2	 1s_3p	 4	 11		-35868.76484		9093.11851
	154		K1M2	 1s_3p	 4	 12		-35868.74144		9093.14191
	155		K1M2	 1s_3p	 4	 13		-35868.62009		9093.26326
	156		K1M2	 1s_3p	 4	 14		-35868.49455		9093.3888
	157		K1M3	 1s_3p	 4	 3		-35872.63406		9089.24929
	158		K1M3	 1s_3p	 4	 4		-35872.11700		9089.76635
	159		K1M3	 1s_3p	 4	 5		-35871.77327		9090.11008
	160		K1M3	 1s_3p	 4	 6		-35871.66915		9090.2142
	161		K1M3	 1s_3p	 4	 7		-35871.42617		9090.45718
	162		K1M3	 1s_3p	 4	 8		-35869.25677		9092.62658
	163		K1M2	 1s_3p	 4	 9		-35869.62781		9092.25554
	164		K1M2	 1s_3p	 4	 10		-35869.43709		9092.44626
	165		K1M3	 1s_3p	 6	 1		-35873.04253		9088.84082
	166		K1M3	 1s_3p	 6	 2		-35872.95428		9088.92907
	167		K1M2	 1s_3p	 6	 11		-35868.51242		9093.37093
	168		K1M3	 1s_3p	 6	 3		-35872.64915		9089.2342
	169		K1M3	 1s_3p	 6	 4		-35872.23937		9089.64398
	170		K1M3	 1s_3p	 6	 5		-35871.77170		9090.11165
	171		K1M3	 1s_3p	 6	 6		-35871.67940		9090.20395
	172		K1M3	 1s_3p	 6	 7		-35871.37894		9090.50441
	173		K1M2	 1s_3p	 6	 8		-35872.37037		9089.51298
	174		K1M2	 1s_3p	 6	 9		-35868.73319		9093.15016
	175		K1M2	 1s_3p	 6	 10		-35868.56818		9093.31517
	176		K1M3	 1s_3p	 8	 1		-35873.03904		9088.84431
	177		K1M3	 1s_3p	 8	 2		-35872.96532		9088.91803
	178		K1M3	 1s_3p	 8	 3		-35872.11493		9089.76842
	179		K1M3	 1s_3p	 8	 4		-35868.63581		9093.24754
	180		K1M2	 1s_3p	 8	 5		-35871.38045		9090.5029
	181		K1M1	 1s_3s	 0	 1		-35824.78164		9137.10171
	182		K1M1	 1s_3s	 2	 1		-35824.78141		9137.10194
	183		K1M1	 1s_3s	 2	 2		-35824.66891		9137.21444
	184		K1M1	 1s_3s	 2	 3		-35824.52182		9137.36153
	185		K1M1	 1s_3s	 2	 4		-35825.71430		9136.16905
	186		K1M1	 1s_3s	 4	 1		-35824.78093		9137.10242
	187		K1M1	 1s_3s	 4	 2		-35824.66931		9137.21404
	188		K1M1	 1s_3s	 4	 3		-35824.56974		9137.31361
	189		K1M1	 1s_3s	 4	 4		-35824.50803		9137.37532
	190		K1M1	 1s_3s	 4	 5		-35822.91383		9138.96952
	191		K1M1	 1s_3s	 4	 6		-35822.77800		9139.10535
	192		K1M1	 1s_3s	 6	 1		-35824.78018		9137.10317
	193		K1M1	 1s_3s	 6	 2		-35824.67014		9137.21321
	194		K1M1	 1s_3s	 6	 3		-35824.50837		9137.37498
	195		K1M1	 1s_3s	 6	 4		-35822.91216		9138.97119
	196		K1M1	 1s_3s	 8	 1		-35824.77909		9137.10426
	197		K1N1	 1s_4s	 2	 1		-35962.56652		8999.31683
	198		K1N1	 1s_4s	 4	 1		-35962.56671		8999.31664
	199		K1N1	 1s_4s	 4	 2		-35962.56382		8999.31953
	200		K1N1	 1s_4s	 6	 1		-35962.56410		8999.31925
	201		K15d	 1s_5d	 0	 1		-35975.80494		8986.07841
	202		K15d	 1s_5d	 2	 1		-35975.89633		8985.98702
	203		L3L3	 2p_2p	 0	 1		-43028.23039		1933.65296
	204		L3L3	 2p_2p	 0	 2		-43028.00990		1933.87345
	205		L2L3	 2p_2p	 0	 3		-43010.25419		1951.62916
	206		L2L3	 2p_2p	 0	 4		-42999.64322		1962.24013
	207		L2L3	 2p_2p	 0	 5		-42999.50039		1962.38296
	208		L3L3	 2p_2p	 10	 1		-43028.30292		1933.58043
	209		L2L3	 2p_2p	 10	 2		-42999.67992		1962.20343
	210		L3L3	 2p_2p	 2	 1		-43028.30212		1933.58123
	211		L3L3	 2p_2p	 2	 2		-43028.22444		1933.65891
	212		L2L3	 2p_2p	 2	 11		-42999.63017		1962.25318
	213		L2L3	 2p_2p	 2	 12		-42999.49751		1962.38584
	214		L2L2	 2p_2p	 2	 13		-42970.56607		1991.31728
	215		L3L3	 2p_2p	 2	 3		-43028.09702		1933.78633
	216		L3L3	 2p_2p	 2	 4		-43028.00909		1933.87426
	217		L3L3	 2p_2p	 2	 5		-43014.94322		1946.94013
	218		L2L3	 2p_2p	 2	 6		-43010.25023		1951.63312
	219		L2L3	 2p_2p	 2	 7		-43010.16815		1951.7152
	220		L2L3	 2p_2p	 2	 8		-43010.01487		1951.86848
	221		L2L3	 2p_2p	 2	 9		-42999.67414		1962.20921
	222		L2L3	 2p_2p	 2	 10		-42999.64470		1962.23865
	223		L3L3	 2p_2p	 4	 1		-43028.30602		1933.57733
	224		L3L3	 2p_2p	 4	 2		-43028.21773		1933.66562
	225		L2L3	 2p_2p	 4	 11		-42999.67149		1962.21186
	226		L2L3	 2p_2p	 4	 12		-42999.64839		1962.23496
	227		L2L3	 2p_2p	 4	 13		-42999.63537		1962.24798
	228		L2L3	 2p_2p	 4	 14		-42999.49430		1962.38905
	229		L2L2	 2p_2p	 4	 15		-42970.56874		1991.31461
	230		L2L2	 2p_2p	 4	 16		-42970.41085		1991.4725
	231		L3L3	 2p_2p	 4	 3		-43028.09104		1933.79231
	232		L3L3	 2p_2p	 4	 4		-43028.01212		1933.87123
	233		L3L3	 2p_2p	 4	 5		-43014.94088		1946.94247
	234		L3L3	 2p_2p	 4	 6		-43014.78003		1947.10332
	235		L2L3	 2p_2p	 4	 7		-43010.24474		1951.63861
	236		L2L3	 2p_2p	 4	 8		-43010.17108		1951.71227
	237		L2L3	 2p_2p	 4	 9		-43010.10221		1951.78114
	238		L2L3	 2p_2p	 4	 10		-43010.00658		1951.87677
	239		L3L3	 2p_2p	 6	 1		-43028.30914		1933.57421
	240		L3L3	 2p_2p	 6	 2		-43028.21755		1933.6658
	241		L2L3	 2p_2p	 6	 11		-42999.64250		1962.24085
	242		L2L3	 2p_2p	 6	 12		-42999.49441		1962.38894
	243		L2L2	 2p_2p	 6	 13		-42973.34593		1988.53742
	244		L3L3	 2p_2p	 6	 3		-43028.10522		1933.77813
	245		L3L3	 2p_2p	 6	 4		-43028.01473		1933.86862
	246		L3L3	 2p_2p	 6	 5		-43014.93729		1946.94606
	247		L2L3	 2p_2p	 6	 6		-43010.24251		1951.64084
	248		L2L3	 2p_2p	 6	 7		-43010.17682		1951.70653
	249		L2L3	 2p_2p	 6	 8		-43010.01284		1951.87051
	250		L2L3	 2p_2p	 6	 9		-42999.66847		1962.21488
	251		L2L3	 2p_2p	 6	 10		-42999.65739		1962.22596
	252		L3L3	 2p_2p	 8	 1		-43028.30952		1933.57383
	253		L3L3	 2p_2p	 8	 2		-43028.23349		1933.64986
	254		L3L3	 2p_2p	 8	 3		-43028.01209		1933.87126
	255		L2L3	 2p_2p	 8	 4		-43002.41760		1959.46575
	256		L2L3	 2p_2p	 8	 5		-42999.67289		1962.21046
	257		L2L3	 2p_2p	 8	 6		-42999.65642		1962.22693
	258		L2L3	 2p_2p	 8	 7		-42999.50433		1962.37902
	259		L3M5	 2p_3d	 0	 1		-44002.03313		959.85022
	260		L3M5	 2p_3d	 0	 2		-44001.85744		960.02591
	261		L2M5	 2p_3d	 0	 11		-43980.24264		981.64071
	262		L2M5	 2p_3d	 0	 12		-43980.03722		981.84613
	263		L2M5	 2p_3d	 0	 13		-43979.27705		982.6063
	264		L2M4	 2p_3d	 0	 14		-43978.44614		983.43721
	265		L3M4	 2p_3d	 0	 3		-44000.84052		961.04283
	266		L3M4	 2p_3d	 0	 4		-44000.03597		961.84738
	267		L3M4	 2p_3d	 0	 5		-43999.87171		962.01164
	268		L3M4	 2p_3d	 0	 6		-43999.88484		961.99851
	269		L3M5	 2p_3d	 0	 7		-43998.28162		963.60173
	270		L3M5	 2p_3d	 0	 8		-43997.95990		963.92345
	271		L2M4	 2p_3d	 0	 9		-43981.69882		980.18453
	272		L2M4	 2p_3d	 0	 10		-43981.49398		980.38937
	273		L3M5	 2p_3d	 10	 1		-44002.26914		959.61421
	274		L3M5	 2p_3d	 10	 2		-44002.19277		959.69058
	275		L3M5	 2p_3d	 10	 11		-43998.23519		963.64816
	276		L3M5	 2p_3d	 10	 12		-43998.11492		963.76843
	277		L2M4	 2p_3d	 10	 13		-43984.35688		977.52647
	278		L2M5	 2p_3d	 10	 14		-43981.59319		980.29016
	279		L2M5	 2p_3d	 10	 15		-43979.61008		982.27327
	280		L2M5	 2p_3d	 10	 16		-43979.56197		982.32138
	281		L2M5	 2p_3d	 10	 17		-43979.28498		982.59837
	282		L3M5	 2p_3d	 10	 3		-44001.99058		959.89277
	283		L3M5	 2p_3d	 10	 4		-44001.94167		959.94168
	284		L3M5	 2p_3d	 10	 5		-44001.83336		960.04999
	285		L3M5	 2p_3d	 10	 6		-44001.07323		960.81012
	286		L3M5	 2p_3d	 10	 7		-44001.01599		960.86736
	287		L3M4	 2p_3d	 10	 8		-44000.77498		961.10837
	288		L3M4	 2p_3d	 10	 9		-44002.83093		959.05242
	289		L3M5	 2p_3d	 10	 10		-43998.27170		963.61165
	290		L3M5	 2p_3d	 12	 1		-44002.26920		959.61415
	291		L3M5	 2p_3d	 12	 2		-44002.21921		959.66414
	292		L3M5	 2p_3d	 12	 3		-44001.86994		960.01341
	293		L3M5	 2p_3d	 12	 4		-44001.08450		960.79885
	294		L3M5	 2p_3d	 12	 5		-43982.41932		979.46403
	295		L2M5	 2p_3d	 12	 6		-43982.42257		979.46078
	296		L3M5	 2p_3d	 14	 1		-44002.30746		959.57589
	297		L3M5	 2p_3d	 2	 1		-44002.03717		959.84618
	298		L3M5	 2p_3d	 2	 2		-44002.01399		959.86936
	299		L3M4	 2p_3d	 2	 11		-43999.92658		961.95677
	300		L3M4	 2p_3d	 2	 12		-43999.87363		962.00972
	301		L3M4	 2p_3d	 2	 13		-43999.47000		962.41335
	302		L3M4	 2p_3d	 2	 14		-43999.36021		962.52314
	303		L3M4	 2p_3d	 2	 15		-43999.25600		962.62735
	304		L3M4	 2p_3d	 2	 16		-43999.00572		962.87763
	305		L3M5	 2p_3d	 2	 17		-43998.26206		963.62129
	306		L3M5	 2p_3d	 2	 18		-43998.24266		963.64069
	307		L3M5	 2p_3d	 2	 19		-43998.08481		963.79854
	308		L3M5	 2p_3d	 2	 20		-43997.93521		963.94814
	309		L3M5	 2p_3d	 2	 3		-44001.99544		959.88791
	310		L3M5	 2p_3d	 2	 21		-43997.84511		964.03824
	311		L3M5	 2p_3d	 2	 22		-43997.72787		964.15548
	312		L2M4	 2p_3d	 2	 23		-43981.81597		980.06738
	313		L2M4	 2p_3d	 2	 24		-43981.73786		980.14549
	314		L2M4	 2p_3d	 2	 25		-43981.54906		980.33429
	315		L2M4	 2p_3d	 2	 26		-43981.45964		980.42371
	316		L2M5	 2p_3d	 2	 27		-43980.42407		981.45928
	317		L2M5	 2p_3d	 2	 28		-43980.28189		981.60146
	318		L2M5	 2p_3d	 2	 29		-43980.04465		981.8387
	319		L2M5	 2p_3d	 2	 30		-43982.58764		979.29571
	320		L3M5	 2p_3d	 2	 4		-44001.89102		959.99233
	321		L2M5	 2p_3d	 2	 31		-43979.48151		982.40184
	322		L2M5	 2p_3d	 2	 32		-43979.31468		982.56867
	323		L2M5	 2p_3d	 2	 33		-43979.98012		981.90323
	324		L2M4	 2p_3d	 2	 34		-43978.61505		983.2683
	325		L2M4	 2p_3d	 2	 35		-43978.45448		983.42887
	326		L2M4	 2p_3d	 2	 36		-43978.37655		983.5068
	327		L3M5	 2p_3d	 2	 5		-44001.79222		960.09113
	328		L3M5	 2p_3d	 2	 6		-44000.97760		960.90575
	329		L3M4	 2p_3d	 2	 7		-44000.81496		961.06839
	330		L3M5	 2p_3d	 2	 8		-44003.27591		958.60744
	331		L3M4	 2p_3d	 2	 9		-44000.08863		961.79472
	332		L3M4	 2p_3d	 2	 10		-44000.00972		961.87363
	333		L3M5	 2p_3d	 4	 1		-44002.17189		959.71146
	334		L3M5	 2p_3d	 4	 2		-44002.01572		959.86763
	335		L3M4	 2p_3d	 4	 11		-44000.76505		961.1183
	336		L3M4	 2p_3d	 4	 12		-44000.09113		961.79222
	337		L3M4	 2p_3d	 4	 13		-44000.03686		961.84649
	338		L3M4	 2p_3d	 4	 14		-43999.92895		961.9544
	339		L3M4	 2p_3d	 4	 15		-43999.86731		962.01604
	340		L3M4	 2p_3d	 4	 16		-43999.47711		962.40624
	341		L3M4	 2p_3d	 4	 17		-43999.46946		962.41389
	342		L3M4	 2p_3d	 4	 18		-43999.37224		962.51111
	343		L3M4	 2p_3d	 4	 19		-43999.28213		962.60122
	344		L3M4	 2p_3d	 4	 20		-43999.02923		962.85412
	345		L3M5	 2p_3d	 4	 3		-44002.00306		959.88029
	346		L3M4	 2p_3d	 4	 21		-43998.90436		962.97899
	347		L3M5	 2p_3d	 4	 22		-43998.25708		963.62627
	348		L3M5	 2p_3d	 4	 23		-43998.23517		963.64818
	349		L3M5	 2p_3d	 4	 24		-43998.19912		963.68423
	350		L3M5	 2p_3d	 4	 25		-43998.10136		963.78199
	351		L3M5	 2p_3d	 4	 26		-43997.92183		963.96152
	352		L3M5	 2p_3d	 4	 27		-43997.86106		964.02229
	353		L3M5	 2p_3d	 4	 28		-43997.79246		964.09089
	354		L3M5	 2p_3d	 4	 29		-43997.70437		964.17898
	355		L2M4	 2p_3d	 4	 30		-43981.78403		980.09932
	356		L3M5	 2p_3d	 4	 4		-44001.95458		959.92877
	357		L2M4	 2p_3d	 4	 31		-43981.73622		980.14713
	358		L2M4	 2p_3d	 4	 32		-43981.58462		980.29873
	359		L2M4	 2p_3d	 4	 33		-43981.46517		980.41818
	360		L2M5	 2p_3d	 4	 34		-43980.39699		981.48636
	361		L2M5	 2p_3d	 4	 35		-43980.29495		981.5884
	362		L2M5	 2p_3d	 4	 36		-43980.06957		981.81378
	363		L2M5	 2p_3d	 4	 37		-43980.00006		981.88329
	364		L2M5	 2p_3d	 4	 38		-43979.65020		982.23315
	365		L2M5	 2p_3d	 4	 39		-43979.55300		982.33035
	366		L2M5	 2p_3d	 4	 40		-43979.34025		982.5431
	367		L3M5	 2p_3d	 4	 5		-44001.89645		959.9869
	368		L2M5	 2p_3d	 4	 41		-43979.26736		982.61599
	369		L2M4	 2p_3d	 4	 42		-43978.69333		983.19002
	370		L2M4	 2p_3d	 4	 43		-43978.65979		983.22356
	371		L2M4	 2p_3d	 4	 44		-43978.48336		983.39999
	372		L2M4	 2p_3d	 4	 45		-43978.36063		983.52272
	373		L3M5	 2p_3d	 4	 6		-44001.83624		960.04711
	374		L3M5	 2p_3d	 4	 7		-44001.84048		960.04287
	375		L3M5	 2p_3d	 4	 8		-44001.07885		960.8045
	376		L3M5	 2p_3d	 4	 9		-44000.96599		960.91736
	377		L3M4	 2p_3d	 4	 10		-44000.81207		961.07128
	378		L3M5	 2p_3d	 6	 1		-44002.32734		959.55601
	379		L3M5	 2p_3d	 6	 2		-44002.19637		959.68698
	380		L3M4	 2p_3d	 6	 11		-44000.83858		961.04477
	381		L3M4	 2p_3d	 6	 12		-44000.76323		961.12012
	382		L3M4	 2p_3d	 6	 13		-44000.10367		961.77968
	383		L3M4	 2p_3d	 6	 14		-44000.04602		961.83733
	384		L3M4	 2p_3d	 6	 15		-43999.95178		961.93157
	385		L3M4	 2p_3d	 6	 16		-43999.88995		961.9934
	386		L3M4	 2p_3d	 6	 17		-43999.48427		962.39908
	387		L3M4	 2p_3d	 6	 18		-43999.38620		962.49715
	388		L3M4	 2p_3d	 6	 19		-43999.27693		962.60642
	389		L3M4	 2p_3d	 6	 20		-43999.02403		962.85932
	390		L3M5	 2p_3d	 6	 3		-44002.03579		959.84756
	391		L3M5	 2p_3d	 6	 21		-43998.26008		963.62327
	392		L3M5	 2p_3d	 6	 22		-43998.23719		963.64616
	393		L3M5	 2p_3d	 6	 23		-43998.22736		963.65599
	394		L3M5	 2p_3d	 6	 24		-43998.08666		963.79669
	395		L3M5	 2p_3d	 6	 25		-43997.92997		963.95338
	396		L3M5	 2p_3d	 6	 26		-43997.87399		964.00936
	397		L3M5	 2p_3d	 6	 27		-43997.71980		964.16355
	398		L2M4	 2p_3d	 6	 28		-43981.80335		980.08
	399		L2M4	 2p_3d	 6	 29		-43981.73867		980.14468
	400		L2M4	 2p_3d	 6	 30		-43981.56855		980.3148
	401		L3M5	 2p_3d	 6	 4		-44002.00104		959.88231
	402		L2M4	 2p_3d	 6	 31		-43981.45560		980.42775
	403		L2M5	 2p_3d	 6	 32		-43980.37463		981.50872
	404		L2M5	 2p_3d	 6	 33		-43980.29175		981.5916
	405		L2M5	 2p_3d	 6	 34		-43980.08149		981.80186
	406		L2M5	 2p_3d	 6	 35		-43979.98957		981.89378
	407		L2M5	 2p_3d	 6	 36		-43979.62185		982.2615
	408		L2M5	 2p_3d	 6	 37		-43979.53092		982.35243
	409		L2M5	 2p_3d	 6	 38		-43979.33408		982.54927
	410		L2M5	 2p_3d	 6	 39		-43979.25485		982.6285
	411		L2M4	 2p_3d	 6	 40		-43978.65843		983.22492
	412		L3M5	 2p_3d	 6	 5		-44001.97656		959.90679
	413		L2M4	 2p_3d	 6	 41		-43978.47953		983.40382
	414		L2M4	 2p_3d	 6	 42		-43978.37682		983.50653
	415		L3M5	 2p_3d	 6	 6		-44001.90525		959.9781
	416		L3M5	 2p_3d	 6	 7		-44001.85399		960.02936
	417		L3M5	 2p_3d	 6	 8		-44001.83684		960.04651
	418		L3M5	 2p_3d	 6	 9		-44001.08442		960.79893
	419		L3M5	 2p_3d	 6	 10		-44000.99954		960.88381
	420		L3M5	 2p_3d	 8	 1		-44002.28742		959.59593
	421		L3M5	 2p_3d	 8	 2		-44002.18422		959.69913
	422		L3M4	 2p_3d	 8	 11		-44000.76526		961.11809
	423		L3M4	 2p_3d	 8	 12		-44000.10417		961.77918
	424		L3M4	 2p_3d	 8	 13		-44000.04406		961.83929
	425		L3M4	 2p_3d	 8	 14		-43999.88181		962.00154
	426		L3M4	 2p_3d	 8	 15		-44000.07657		961.80678
	427		L3M5	 2p_3d	 8	 16		-43998.27159		963.61176
	428		L3M5	 2p_3d	 8	 17		-43998.23954		963.64381
	429		L3M5	 2p_3d	 8	 18		-43998.22869		963.65466
	430		L3M5	 2p_3d	 8	 19		-43998.08285		963.8005
	431		L3M5	 2p_3d	 8	 20		-43997.93957		963.94378
	432		L3M5	 2p_3d	 8	 3		-44002.01874		959.86461
	433		L2M4	 2p_3d	 8	 21		-43981.75628		980.12707
	434		L2M4	 2p_3d	 8	 22		-43981.57560		980.30775
	435		L2M4	 2p_3d	 8	 23		-43981.48271		980.40064
	436		L2M5	 2p_3d	 8	 24		-43980.36822		981.51513
	437		L2M5	 2p_3d	 8	 25		-43980.30892		981.57443
	438		L2M5	 2p_3d	 8	 26		-43980.01955		981.8638
	439		L2M5	 2p_3d	 8	 27		-43979.60961		982.27374
	440		L2M5	 2p_3d	 8	 28		-43979.53709		982.34626
	441		L2M5	 2p_3d	 8	 29		-43979.36654		982.51681
	442		L2M5	 2p_3d	 8	 30		-43979.24897		982.63438
	443		L3M5	 2p_3d	 8	 4		-44001.97111		959.91224
	444		L2M4	 2p_3d	 8	 31		-43978.50202		983.38133
	445		L3M5	 2p_3d	 8	 5		-44001.91077		959.97258
	446		L3M5	 2p_3d	 8	 6		-44001.85344		960.02991
	447		L3M5	 2p_3d	 8	 7		-44001.83643		960.04692
	448		L3M5	 2p_3d	 8	 8		-44001.06854		960.81481
	449		L3M5	 2p_3d	 8	 9		-44001.00083		960.88252
	450		L3M4	 2p_3d	 8	 10		-44000.85315		961.0302
	451		L3M3	 2p_3p	 0	 1		-43925.27946		1036.60389
	452		L3M3	 2p_3p	 0	 2		-43924.76233		1037.12102
	453		L2M3	 2p_3p	 0	 11		-43900.48494		1061.39841
	454		L3M2	 2p_3p	 0	 3		-43920.08191		1041.80144
	455		L3M2	 2p_3p	 0	 4		-43919.88737		1041.99598
	456		L3M2	 2p_3p	 0	 5		-43919.51389		1042.36946
	457		L3M3	 2p_3p	 0	 6		-43902.37554		1059.50781
	458		L3M3	 2p_3p	 0	 7		-43918.38138		1043.50197
	459		L2M2	 2p_3p	 0	 8		-43905.08628		1056.79707
	460		L2M3	 2p_3p	 0	 9		-43904.73245		1057.1509
	461		L2M3	 2p_3p	 0	 10		-43900.74902		1061.13433
	462		L3M3	 2p_3p	 10	 1		-43925.18138		1036.70197
	463		L3M3	 2p_3p	 10	 2		-43925.11539		1036.76796
	464		L3M3	 2p_3p	 10	 3		-43924.72646		1037.15689
	465		L3M3	 2p_3p	 10	 4		-43923.15348		1038.72987
	466		L3M3	 2p_3p	 10	 5		-43921.27248		1040.61087
	467		L2M3	 2p_3p	 10	 6		-43903.62624		1058.25711
	468		L3M3	 2p_3p	 12	 1		-43925.20854		1036.67481
	469		L3M3	 2p_3p	 2	 1		-43925.29544		1036.58791
	470		L3M3	 2p_3p	 2	 2		-43925.25666		1036.62669
	471		L3M2	 2p_3p	 2	 11		-43919.45731		1042.42604
	472		L3M2	 2p_3p	 2	 12		-43919.37534		1042.50801
	473		L3M2	 2p_3p	 2	 13		-43919.15849		1042.72486
	474		L3M3	 2p_3p	 2	 14		-43902.52309		1059.36026
	475		L3M3	 2p_3p	 2	 15		-43902.37997		1059.50338
	476		L3M3	 2p_3p	 2	 16		-43902.29055		1059.5928
	477		L3M3	 2p_3p	 2	 17		-43918.37139		1043.51196
	478		L3M3	 2p_3p	 2	 18		-43922.63222		1039.25113
	479		L2M2	 2p_3p	 2	 19		-43902.53708		1059.34627
	480		L2M2	 2p_3p	 2	 20		-43902.39547		1059.48788
	481		L3M3	 2p_3p	 2	 3		-43925.09690		1036.78645
	482		L2M2	 2p_3p	 2	 21		-43902.29426		1059.58909
	483		L2M3	 2p_3p	 2	 22		-43901.93635		1059.947
	484		L2M3	 2p_3p	 2	 23		-43901.81598		1060.06737
	485		L2M3	 2p_3p	 2	 24		-43901.49556		1060.38779
	486		L2M3	 2p_3p	 2	 25		-43900.85764		1061.02571
	487		L2M3	 2p_3p	 2	 26		-43900.74691		1061.13644
	488		L2M3	 2p_3p	 2	 27		-43900.53795		1061.3454
	489		L2M3	 2p_3p	 2	 28		-43900.46944		1061.41391
	490		L2M3	 2p_3p	 2	 29		-43895.82031		1066.06304
	491		L3M3	 2p_3p	 2	 4		-43925.08572		1036.79763
	492		L3M3	 2p_3p	 2	 5		-43924.76246		1037.12089
	493		L3M3	 2p_3p	 2	 6		-43927.27095		1034.6124
	494		L3M2	 2p_3p	 2	 7		-43920.15865		1041.7247
	495		L3M2	 2p_3p	 2	 8		-43920.08516		1041.79819
	496		L3M2	 2p_3p	 2	 9		-43919.93385		1041.9495
	497		L3M2	 2p_3p	 2	 10		-43919.88569		1041.99766
	498		L3M3	 2p_3p	 4	 1		-43925.30027		1036.58308
	499		L3M3	 2p_3p	 4	 2		-43925.24439		1036.63896
	500		L3M2	 2p_3p	 4	 11		-43919.95131		1041.93204
	501		L3M2	 2p_3p	 4	 12		-43919.88916		1041.99419
	502		L3M2	 2p_3p	 4	 13		-43919.45877		1042.42458
	503		L3M2	 2p_3p	 4	 14		-43919.37529		1042.50806
	504		L3M2	 2p_3p	 4	 15		-43919.21248		1042.67087
	505		L3M2	 2p_3p	 4	 16		-43919.14581		1042.73754
	506		L3M3	 2p_3p	 4	 17		-43902.57988		1059.30347
	507		L3M3	 2p_3p	 4	 18		-43918.51151		1043.37184
	508		L3M3	 2p_3p	 4	 19		-43902.41207		1059.47128
	509		L3M3	 2p_3p	 4	 20		-43918.35887		1043.52448
	510		L3M3	 2p_3p	 4	 3		-43925.22421		1036.65914
	511		L3M3	 2p_3p	 4	 21		-43922.62818		1039.25517
	512		L3M3	 2p_3p	 4	 22		-43922.47377		1039.40958
	513		L2M2	 2p_3p	 4	 23		-43902.59615		1059.2872
	514		L2M2	 2p_3p	 4	 24		-43902.56716		1059.31619
	515		L2M2	 2p_3p	 4	 25		-43902.41388		1059.46947
	516		L2M2	 2p_3p	 4	 26		-43902.29227		1059.59108
	517		L2M3	 2p_3p	 4	 27		-43901.92001		1059.96334
	518		L2M3	 2p_3p	 4	 28		-43901.81694		1060.06641
	519		L2M3	 2p_3p	 4	 29		-43901.54266		1060.34069
	520		L2M3	 2p_3p	 4	 30		-43901.48208		1060.40127
	521		L3M3	 2p_3p	 4	 4		-43925.21504		1036.66831
	522		L2M3	 2p_3p	 4	 31		-43900.84544		1061.03791
	523		L2M3	 2p_3p	 4	 32		-43900.74722		1061.13613
	524		L2M3	 2p_3p	 4	 33		-43900.53242		1061.35093
	525		L2M3	 2p_3p	 4	 34		-43900.45910		1061.42425
	526		L2M2	 2p_3p	 4	 35		-43896.99746		1064.88589
	527		L2M2	 2p_3p	 4	 36		-43896.51737		1065.36598
	528		L3M3	 2p_3p	 4	 5		-43925.11741		1036.76594
	529		L3M3	 2p_3p	 4	 6		-43925.08450		1036.79885
	530		L3M3	 2p_3p	 4	 7		-43924.76544		1037.11791
	531		L3M3	 2p_3p	 4	 8		-43924.71903		1037.16432
	532		L3M2	 2p_3p	 4	 9		-43920.17067		1041.71268
	533		L3M2	 2p_3p	 4	 10		-43920.09144		1041.79191
	534		L3M3	 2p_3p	 6	 1		-43925.29787		1036.58548
	535		L3M3	 2p_3p	 6	 2		-43925.25010		1036.63325
	536		L3M2	 2p_3p	 6	 11		-43919.89258		1041.99077
	537		L3M2	 2p_3p	 6	 12		-43919.46004		1042.42331
	538		L3M2	 2p_3p	 6	 13		-43919.38096		1042.50239
	539		L3M2	 2p_3p	 6	 14		-43919.15448		1042.72887
	540		L3M3	 2p_3p	 6	 15		-43902.54593		1059.33742
	541		L3M3	 2p_3p	 6	 16		-43918.50776		1043.37559
	542		L3M3	 2p_3p	 6	 17		-43918.50498		1043.37837
	543		L3M3	 2p_3p	 6	 18		-43918.35488		1043.52847
	544		L3M3	 2p_3p	 6	 19		-43918.34397		1043.53938
	545		L2M2	 2p_3p	 6	 20		-43902.56035		1059.323
	546		L3M3	 2p_3p	 6	 3		-43925.19983		1036.68352
	547		L2M2	 2p_3p	 6	 21		-43902.42906		1059.45429
	548		L2M2	 2p_3p	 6	 22		-43902.30019		1059.58316
	549		L2M3	 2p_3p	 6	 23		-43901.91303		1059.97032
	550		L2M3	 2p_3p	 6	 24		-43901.82712		1060.05623
	551		L2M3	 2p_3p	 6	 25		-43901.49332		1060.39003
	552		L2M3	 2p_3p	 6	 26		-43900.83340		1061.04995
	553		L2M3	 2p_3p	 6	 27		-43900.75415		1061.1292
	554		L2M3	 2p_3p	 6	 28		-43900.55182		1061.33153
	555		L2M3	 2p_3p	 6	 29		-43900.45388		1061.42947
	556		L2M2	 2p_3p	 6	 30		-43897.01493		1064.86842
	557		L3M3	 2p_3p	 6	 4		-43925.10876		1036.77459
	558		L3M3	 2p_3p	 6	 5		-43925.08815		1036.7952
	559		L3M3	 2p_3p	 6	 6		-43924.77519		1037.10816
	560		L3M3	 2p_3p	 6	 7		-43924.70228		1037.18107
	561		L3M2	 2p_3p	 6	 8		-43920.18172		1041.70163
	562		L3M2	 2p_3p	 6	 9		-43920.09850		1041.78485
	563		L3M2	 2p_3p	 6	 10		-43919.95448		1041.92887
	564		L3M3	 2p_3p	 8	 1		-43925.28901		1036.59434
	565		L3M3	 2p_3p	 8	 2		-43925.18146		1036.70189
	566		L3M3	 2p_3p	 8	 11		-43918.50273		1043.38062
	567		L3M3	 2p_3p	 8	 12		-43918.37750		1043.50585
	568		L2M2	 2p_3p	 8	 13		-43905.16759		1056.71576
	569		L2M3	 2p_3p	 8	 14		-43904.69594		1057.18741
	570		L2M3	 2p_3p	 8	 15		-43900.83418		1061.04917
	571		L2M3	 2p_3p	 8	 16		-43900.76734		1061.11601
	572		L2M3	 2p_3p	 8	 17		-43900.47828		1061.40507
	573		L3M3	 2p_3p	 8	 3		-43925.09868		1036.78467
	574		L3M3	 2p_3p	 8	 4		-43924.79663		1037.08672
	575		L3M3	 2p_3p	 8	 5		-43924.69737		1037.18598
	576		L3M2	 2p_3p	 8	 6		-43920.18568		1041.69767
	577		L3M2	 2p_3p	 8	 7		-43920.10217		1041.78118
	578		L3M2	 2p_3p	 8	 8		-43919.89121		1041.99214
	579		L3M2	 2p_3p	 8	 9		-43922.16243		1039.72092
	580		L3M3	 2p_3p	 8	 10		-43918.53588		1043.34747
	581		L3M1	 2p_3s	 0	 1		-43876.36830		1085.51505
	582		L3M1	 2p_3s	 0	 2		-43876.11106		1085.77229
	583		L3M1	 2p_3s	 0	 3		-43872.02060		1089.86275
	584		L2M1	 2p_3s	 0	 4		-43852.76108		1109.12227
	585		L3M1	 2p_3s	 10	 1		-43873.89227		1087.99108
	586		L3M1	 2p_3s	 2	 1		-43873.89980		1087.98355
	587		L3M1	 2p_3s	 2	 2		-43873.77491		1088.10844
	588		L2M1	 2p_3s	 2	 11		-43852.52834		1109.35501
	589		L3M1	 2p_3s	 2	 3		-43873.69744		1088.18591
	590		L3M1	 2p_3s	 2	 4		-43873.63968		1088.24367
	591		L3M1	 2p_3s	 2	 5		-43874.79776		1087.08559
	592		L3M1	 2p_3s	 2	 6		-43872.01795		1089.8654
	593		L3M1	 2p_3s	 2	 7		-43871.87721		1090.00614
	594		L2M1	 2p_3s	 2	 8		-43855.24726		1106.63609
	595		L2M1	 2p_3s	 2	 9		-43852.76484		1109.11851
	596		L2M1	 2p_3s	 2	 10		-43852.66172		1109.22163
	597		L3M1	 2p_3s	 4	 1		-43873.89322		1087.99013
	598		L3M1	 2p_3s	 4	 2		-43873.78013		1088.10322
	599		L2M1	 2p_3s	 4	 11		-43852.77071		1109.11264
	600		L2M1	 2p_3s	 4	 12		-43852.66019		1109.22316
	601		L2M1	 2p_3s	 4	 13		-43852.58236		1109.30099
	602		L2M1	 2p_3s	 4	 14		-43852.50956		1109.37379
	603		L3M1	 2p_3s	 4	 3		-43873.70611		1088.17724
	604		L3M1	 2p_3s	 4	 4		-43873.63286		1088.25049
	605		L3M1	 2p_3s	 4	 5		-43872.08701		1089.79634
	606		L3M1	 2p_3s	 4	 6		-43872.12815		1089.7552
	607		L3M1	 2p_3s	 4	 7		-43872.01404		1089.86931
	608		L3M1	 2p_3s	 4	 8		-43871.87783		1090.00552
	609		L2M1	 2p_3s	 4	 9		-43853.71443		1108.16892
	610		L2M1	 2p_3s	 4	 10		-43853.56590		1108.31745
	611		L3M1	 2p_3s	 6	 1		-43873.88686		1087.99649
	612		L3M1	 2p_3s	 6	 2		-43873.78643		1088.09692
	613		L2M1	 2p_3s	 6	 11		-43852.52332		1109.36003
	614		L3M1	 2p_3s	 6	 3		-43873.71416		1088.16919
	615		L3M1	 2p_3s	 6	 4		-43873.62945		1088.2539
	616		L3M1	 2p_3s	 6	 5		-43874.59726		1087.28609
	617		L3M1	 2p_3s	 6	 6		-43872.01130		1089.87205
	618		L3M1	 2p_3s	 6	 7		-43871.88374		1089.99961
	619		L2M1	 2p_3s	 6	 8		-43856.46366		1105.41969
	620		L2M1	 2p_3s	 6	 9		-43852.77581		1109.10754
	621		L2M1	 2p_3s	 6	 10		-43852.66262		1109.22073
	622		L3M1	 2p_3s	 8	 1		-43873.88490		1087.99845
	623		L3M1	 2p_3s	 8	 2		-43873.79006		1088.09329
	624		L3M1	 2p_3s	 8	 3		-43876.08631		1085.79704
	625		L3M1	 2p_3s	 8	 4		-43853.11474		1108.76861
	626		L2M1	 2p_3s	 8	 5		-43858.57205		1103.3113
	627		L3N1	 2p_4s	 0	 1		-44009.92106		951.96229
	628		L3N1	 2p_4s	 2	 1		-44009.91608		951.96727
	629		L3N1	 2p_4s	 2	 2		-44009.88479		951.99856
	630		L2N1	 2p_4s	 2	 3		-43989.83013		972.05322
	631		L3N1	 2p_4s	 4	 1		-44009.90854		951.97481
	632		L3N1	 2p_4s	 4	 2		-44009.90331		951.98004
	633		L2N1	 2p_4s	 4	 3		-43989.84479		972.03856
	634		L2N1	 2p_4s	 4	 4		-43989.84362		972.03973
	635		L3N1	 2p_4s	 6	 1		-44009.91027		951.97308
	636		L3N1	 2p_4s	 6	 2		-44009.89963		951.98372
	637		L2N1	 2p_4s	 6	 3		-43992.38101		969.50234
	638		L3N1	 2p_4s	 8	 1		-44009.91092		951.97243
	639		L25d	 2p_5d	 0	 1		-44002.97328		958.91007
	640		L35d	 2p_5d	 2	 1		-44022.95577		938.92758
	641		L25d	 2p_5d	 2	 2		-44002.93215		958.9512
	642		L35d	 2p_5d	 4	 1		-44023.03866		938.84469
	643		L1L3	 2s_2p	 0	 1		-42883.95630		2077.92705
	644		L1L3	 2s_2p	 0	 2		-42869.89481		2091.98854
	645		L1L3	 2s_2p	 0	 3		-42869.89423		2091.98912
	646		L1L2	 2s_2p	 0	 4		-42828.99000		2132.89335
	647		L1L3	 2s_2p	 10	 1		-42881.33524		2080.54811
	648		L1L3	 2s_2p	 2	 1		-42881.34248		2080.54087
	649		L1L3	 2s_2p	 2	 2		-42881.22459		2080.65876
	650		L1L2	 2s_2p	 2	 11		-42828.80668		2133.07667
	651		L1L3	 2s_2p	 2	 3		-42881.20871		2080.67464
	652		L1L3	 2s_2p	 2	 4		-42881.03231		2080.85104
	653		L1L3	 2s_2p	 2	 5		-42869.89684		2091.98651
	654		L1L3	 2s_2p	 2	 6		-42869.83808		2092.04527
	655		L1L3	 2s_2p	 2	 7		-42869.69487		2092.18848
	656		L1L2	 2s_2p	 2	 8		-42860.48094		2101.40241
	657		L1L2	 2s_2p	 2	 9		-42828.98920		2132.89415
	658		L1L2	 2s_2p	 2	 10		-42828.94352		2132.93983
	659		L1L3	 2s_2p	 4	 1		-42881.33617		2080.54718
	660		L1L3	 2s_2p	 4	 2		-42881.22938		2080.65397
	661		L1L2	 2s_2p	 4	 11		-42828.98827		2132.89508
	662		L1L2	 2s_2p	 4	 12		-42828.94403		2132.93932
	663		L1L2	 2s_2p	 4	 13		-42828.94187		2132.94148
	664		L1L2	 2s_2p	 4	 14		-42828.80131		2133.08204
	665		L1L3	 2s_2p	 4	 3		-42881.10866		2080.77469
	666		L1L3	 2s_2p	 4	 4		-42881.02585		2080.8575
	667		L1L3	 2s_2p	 4	 5		-42869.90045		2091.9829
	668		L1L3	 2s_2p	 4	 6		-42869.84249		2092.04086
	669		L1L3	 2s_2p	 4	 7		-42869.80254		2092.08081
	670		L1L3	 2s_2p	 4	 8		-42869.69801		2092.18534
	671		L1L2	 2s_2p	 4	 9		-42860.48243		2101.40092
	672		L1L2	 2s_2p	 4	 10		-42860.32394		2101.55941
	673		L1L3	 2s_2p	 6	 1		-42881.33004		2080.55331
	674		L1L3	 2s_2p	 6	 2		-42881.23543		2080.64792
	675		L1L2	 2s_2p	 6	 11		-42828.80912		2133.07423
	676		L1L3	 2s_2p	 6	 3		-42881.11588		2080.76747
	677		L1L3	 2s_2p	 6	 4		-42881.02231		2080.86104
	678		L1L3	 2s_2p	 6	 5		-42869.90211		2091.98124
	679		L1L3	 2s_2p	 6	 6		-42869.84825		2092.0351
	680		L1L3	 2s_2p	 6	 7		-42869.69624		2092.18711
	681		L1L2	 2s_2p	 6	 8		-42863.23299		2098.65036
	682		L1L2	 2s_2p	 6	 9		-42828.98981		2132.89354
	683		L1L2	 2s_2p	 6	 10		-42828.94422		2132.93913
	684		L1L3	 2s_2p	 8	 1		-42881.32813		2080.55522
	685		L1L3	 2s_2p	 8	 2		-42881.23894		2080.64441
	686		L1L3	 2s_2p	 8	 3		-42881.03132		2080.85203
	687		L1L3	 2s_2p	 8	 4		-42831.76969		2130.11366
	688		L1L2	 2s_2p	 8	 5		-42828.99390		2132.88945
	689		L1L1	 2s_2s	 2	 1		-42696.50697		2265.37638
	690		L1L1	 2s_2s	 4	 1		-42696.50583		2265.37752
	691		L1L1	 2s_2s	 4	 2		-42696.34356		2265.53979
	692		L1L1	 2s_2s	 6	 1		-42696.50411		2265.37924
	693		L1M5	 2s_3d	 0	 1		-43833.52081		1128.36254
	694		L1M4	 2s_3d	 0	 2		-43833.38862		1128.49473
	695		L1M5	 2s_3d	 0	 3		-43832.98992		1128.89343
	696		L1M5	 2s_3d	 0	 4		-43832.73527		1129.14808
	697		L1M5	 2s_3d	 0	 5		-43830.89814		1130.98521
	698		L1M5	 2s_3d	 0	 6		-43830.69622		1131.18713
	699		L1M5	 2s_3d	 10	 1		-43833.69479		1128.18856
	700		L1M5	 2s_3d	 10	 2		-43833.63681		1128.24654
	701		L1M5	 2s_3d	 10	 3		-43833.52585		1128.3575
	702		L1M5	 2s_3d	 10	 4		-43833.07296		1128.81039
	703		L1M5	 2s_3d	 10	 5		-43833.68054		1128.20281
	704		L1M5	 2s_3d	 12	 1		-43833.72494		1128.15841
	705		L1M5	 2s_3d	 2	 1		-43833.62100		1128.26235
	706		L1M5	 2s_3d	 2	 2		-43833.52261		1128.36074
	707		L1M5	 2s_3d	 2	 11		-43830.89881		1130.98454
	708		L1M5	 2s_3d	 2	 12		-43830.87130		1131.01205
	709		L1M5	 2s_3d	 2	 13		-43830.80845		1131.0749
	710		L1M5	 2s_3d	 2	 14		-43830.73656		1131.14679
	711		L1M4	 2s_3d	 2	 3		-43833.46947		1128.41388
	712		L1M4	 2s_3d	 2	 4		-43833.39689		1128.48646
	713		L1M4	 2s_3d	 2	 5		-43833.32093		1128.56242
	714		L1M5	 2s_3d	 2	 6		-43833.21141		1128.67194
	715		L1M5	 2s_3d	 2	 7		-43833.10140		1128.78195
	716		L1M5	 2s_3d	 2	 8		-43835.52348		1126.35987
	717		L1M4	 2s_3d	 2	 9		-43832.84413		1129.03922
	718		L1M4	 2s_3d	 2	 10		-43832.80017		1129.08318
	719		L1M5	 2s_3d	 4	 1		-43833.75342		1128.12993
	720		L1M5	 2s_3d	 4	 2		-43833.63984		1128.24351
	721		L1M4	 2s_3d	 4	 11		-43832.82284		1129.06051
	722		L1M4	 2s_3d	 4	 12		-43832.77091		1129.11244
	723		L1M5	 2s_3d	 4	 13		-43830.89403		1130.98932
	724		L1M5	 2s_3d	 4	 14		-43830.86715		1131.0162
	725		L1M5	 2s_3d	 4	 15		-43830.85505		1131.0283
	726		L1M5	 2s_3d	 4	 16		-43830.71355		1131.1698
	727		L1M4	 2s_3d	 4	 3		-43833.52732		1128.35603
	728		L1M4	 2s_3d	 4	 4		-43833.51376		1128.36959
	729		L1M4	 2s_3d	 4	 5		-43833.42861		1128.45474
	730		L1M4	 2s_3d	 4	 6		-43833.37614		1128.50721
	731		L1M4	 2s_3d	 4	 7		-43833.34533		1128.53802
	732		L1M4	 2s_3d	 4	 8		-43833.26175		1128.6216
	733		L1M5	 2s_3d	 4	 9		-43833.07065		1128.8127
	734		L1M5	 2s_3d	 4	 10		-43833.04555		1128.8378
	735		L1M5	 2s_3d	 6	 1		-43833.71187		1128.17148
	736		L1M5	 2s_3d	 6	 2		-43833.61861		1128.26474
	737		L1M4	 2s_3d	 6	 11		-43832.78809		1129.09526
	738		L1M5	 2s_3d	 6	 12		-43830.90355		1130.9798
	739		L1M5	 2s_3d	 6	 13		-43830.86237		1131.02098
	740		L1M5	 2s_3d	 6	 14		-43830.84797		1131.03538
	741		L1M5	 2s_3d	 6	 15		-43830.69834		1131.18501
	742		L1M4	 2s_3d	 6	 3		-43833.51942		1128.36393
	743		L1M4	 2s_3d	 6	 4		-43833.50311		1128.38024
	744		L1M5	 2s_3d	 6	 5		-43833.40930		1128.47405
	745		L1M4	 2s_3d	 6	 6		-43833.37001		1128.51334
	746		L1M4	 2s_3d	 6	 7		-43833.27594		1128.60741
	747		L1M5	 2s_3d	 6	 8		-43833.05309		1128.83026
	748		L1M5	 2s_3d	 6	 9		-43833.04445		1128.8389
	749		L1M4	 2s_3d	 6	 10		-43835.41556		1126.46779
	750		L1M5	 2s_3d	 8	 1		-43833.69520		1128.18815
	751		L1M5	 2s_3d	 8	 2		-43833.62607		1128.25728
	752		L1M5	 2s_3d	 8	 11		-43830.73498		1131.14837
	753		L1M4	 2s_3d	 8	 3		-43833.51660		1128.36675
	754		L1M5	 2s_3d	 8	 4		-43833.50473		1128.37862
	755		L1M4	 2s_3d	 8	 5		-43833.37958		1128.50377
	756		L1M5	 2s_3d	 8	 6		-43833.07878		1128.80457
	757		L1M5	 2s_3d	 8	 7		-43833.03999		1128.84336
	758		L1M4	 2s_3d	 8	 8		-43835.43690		1126.44645
	759		L1M5	 2s_3d	 8	 9		-43830.89517		1130.98818
	760		L1M5	 2s_3d	 8	 10		-43830.84169		1131.04166
	761		L1M3	 2s_3p	 0	 1		-43755.51846		1206.36489
	762		L1M3	 2s_3p	 0	 2		-43755.12718		1206.75617
	763		L1M3	 2s_3p	 0	 3		-43751.72833		1210.15502
	764		L1M2	 2s_3p	 0	 4		-43748.45412		1213.42923
	765		L1M3	 2s_3p	 10	 1		-43755.64063		1206.24272
	766		L1M3	 2s_3p	 2	 1		-43755.65750		1206.22585
	767		L1M3	 2s_3p	 2	 2		-43755.51738		1206.36597
	768		L1M2	 2s_3p	 2	 11		-43754.11228		1207.77107
	769		L1M3	 2s_3p	 2	 3		-43757.87278		1204.01057
	770		L1M3	 2s_3p	 2	 4		-43754.92128		1206.96207
	771		L1M3	 2s_3p	 2	 5		-43754.59688		1207.28647
	772		L1M3	 2s_3p	 2	 6		-43754.48873		1207.39462
	773		L1M3	 2s_3p	 2	 7		-43754.23986		1207.64349
	774		L1M2	 2s_3p	 2	 8		-43754.22440		1207.65895
	775		L1M2	 2s_3p	 2	 9		-43751.76154		1210.12181
	776		L1M2	 2s_3p	 2	 10		-43751.72019		1210.16316
	777		L1M3	 2s_3p	 4	 1		-43755.64006		1206.24329
	778		L1M3	 2s_3p	 4	 2		-43755.51821		1206.36514
	779		L1M2	 2s_3p	 4	 11		-43751.79267		1210.09068
	780		L1M2	 2s_3p	 4	 12		-43751.78359		1210.09976
	781		L1M2	 2s_3p	 4	 13		-43751.71835		1210.165
	782		L1M2	 2s_3p	 4	 14		-43751.57722		1210.30613
	783		L1M3	 2s_3p	 4	 3		-43754.93687		1206.94648
	784		L1M3	 2s_3p	 4	 4		-43754.93881		1206.94454
	785		L1M3	 2s_3p	 4	 5		-43754.31858		1207.56477
	786		L1M3	 2s_3p	 4	 6		-43754.49683		1207.38652
	787		L1M3	 2s_3p	 4	 7		-43754.29008		1207.59327
	788		L1M3	 2s_3p	 4	 8		-43754.23516		1207.64819
	789		L1M2	 2s_3p	 4	 9		-43752.64872		1209.23463
	790		L1M2	 2s_3p	 4	 10		-43752.48006		1209.40329
	791		L1M3	 2s_3p	 6	 1		-43755.62266		1206.26069
	792		L1M3	 2s_3p	 6	 2		-43755.52388		1206.35947
	793		L1M2	 2s_3p	 6	 11		-43754.10494		1207.77841
	794		L1M3	 2s_3p	 6	 3		-43754.88916		1206.99419
	795		L1M3	 2s_3p	 6	 4		-43754.95906		1206.92429
	796		L1M3	 2s_3p	 6	 5		-43754.27277		1207.61058
	797		L1M3	 2s_3p	 6	 6		-43754.50694		1207.37641
	798		L1M3	 2s_3p	 6	 7		-43754.23634		1207.64701
	799		L1M2	 2s_3p	 6	 8		-43752.65371		1209.22964
	800		L1M2	 2s_3p	 6	 9		-43751.77493		1210.10842
	801		L1M2	 2s_3p	 6	 10		-43751.72105		1210.1623
	802		L1M3	 2s_3p	 8	 1		-43755.61904		1206.26431
	803		L1M3	 2s_3p	 8	 2		-43755.53505		1206.3483
	804		L1M3	 2s_3p	 8	 3		-43754.59265		1207.2907
	805		L1M3	 2s_3p	 8	 4		-43757.33536		1204.54799
	806		L1M3	 2s_3p	 8	 5		-43754.51970		1207.36365
	807		L1M1	 2s_3s	 0	 1		-43708.70812		1253.17523
	808		L1M1	 2s_3s	 2	 1		-43708.70789		1253.17546
	809		L1M1	 2s_3s	 2	 2		-43708.58434		1253.29901
	810		L1M1	 2s_3s	 2	 3		-43708.43957		1253.44378
	811		L1M1	 2s_3s	 2	 4		-43710.05440		1251.82895
	812		L1M1	 2s_3s	 4	 1		-43708.70740		1253.17595
	813		L1M1	 2s_3s	 4	 2		-43708.58472		1253.29863
	814		L1M1	 2s_3s	 4	 3		-43708.48287		1253.40048
	815		L1M1	 2s_3s	 4	 4		-43708.42747		1253.45588
	816		L1M1	 2s_3s	 4	 5		-43707.32705		1254.5563
	817		L1M1	 2s_3s	 4	 6		-43707.19116		1254.69219
	818		L1M1	 2s_3s	 6	 1		-43708.70666		1253.17669
	819		L1M1	 2s_3s	 6	 2		-43708.58550		1253.29785
	820		L1M1	 2s_3s	 6	 3		-43707.96853		1253.91482
	821		L1M1	 2s_3s	 6	 4		-43710.05029		1251.83306
	822		L1M1	 2s_3s	 8	 1		-43708.70564		1253.17771
	823		L1N1	 2s_4s	 2	 1		-43842.47756		1119.40579
	824		L1N1	 2s_4s	 4	 1		-43842.47680		1119.40655
	825		L1N1	 2s_4s	 4	 2		-43842.46392		1119.41943
	826		L1N1	 2s_4s	 6	 1		-43842.47525		1119.4081
	827		L15d	 2s_5d	 0	 1		-43855.42770		1106.45565
	828		L15d	 2s_5d	 2	 1		-43855.57931		1106.30404
	829		M4M5	 3d_3d	 0	 1		-44935.40424		26.47911
	830		M4M4	 3d_3d	 0	 2		-44935.23690		26.64645
	831		M4M5	 3d_3d	 0	 3		-44934.52751		27.35584
	832		M5M5	 3d_3d	 0	 4		-44933.01053		28.87282
	833		M4M5	 3d_3d	 0	 5		-44932.85843		29.02492
	834		M5M5	 3d_3d	 0	 6		-44932.74626		29.13709
	835		M4M5	 3d_3d	 0	 7		-44932.57487		29.30848
	836		M4M5	 3d_3d	 0	 8		-44931.89451		29.98884
	837		M5M5	 3d_3d	 10	 1		-44935.67206		26.21129
	838		M5M5	 3d_3d	 10	 2		-44935.60395		26.2794
	839		M4M5	 3d_3d	 10	 11		-44931.72456		30.15879
	840		M4M5	 3d_3d	 10	 12		-44931.65686		30.22649
	841		M4M5	 3d_3d	 10	 13		-44931.65270		30.23065
	842		M4M5	 3d_3d	 10	 14		-44931.51224		30.37111
	843		M4M5	 3d_3d	 10	 3		-44935.49414		26.38921
	844		M4M5	 3d_3d	 10	 4		-44935.47375		26.4096
	845		M4M5	 3d_3d	 10	 5		-44935.34323		26.54012
	846		M5M5	 3d_3d	 10	 6		-44934.78626		27.09709
	847		M5M5	 3d_3d	 10	 7		-44934.76367		27.11968
	848		M4M5	 3d_3d	 10	 8		-44934.55427		27.32908
	849		M5M5	 3d_3d	 10	 9		-44933.04912		28.83423
	850		M4M5	 3d_3d	 10	 10		-44935.41711		26.46624
	851		M5M5	 3d_3d	 12	 1		-44935.68158		26.20177
	852		M4M5	 3d_3d	 12	 2		-44935.62152		26.26183
	853		M4M5	 3d_3d	 12	 3		-44935.49178		26.39157
	854		M5M5	 3d_3d	 12	 4		-44934.77154		27.11181
	855		M4M5	 3d_3d	 12	 5		-44931.72482		30.15853
	856		M4M5	 3d_3d	 12	 6		-44931.65446		30.22889
	857		M4M5	 3d_3d	 12	 7		-44931.57068		30.31267
	858		M5M5	 3d_3d	 14	 1		-44935.69443		26.18892
	859		M4M5	 3d_3d	 14	 2		-44931.72586		30.15749
	860		M4M5	 3d_3d	 2	 1		-44935.49317		26.39018
	861		M4M4	 3d_3d	 2	 2		-44935.37013		26.51322
	862		M5M5	 3d_3d	 2	 11		-44932.97196		28.91139
	863		M4M5	 3d_3d	 2	 12		-44932.85474		29.02861
	864		M5M5	 3d_3d	 2	 13		-44932.74238		29.14097
	865		M4M5	 3d_3d	 2	 14		-44932.68659		29.19676
	866		M4M5	 3d_3d	 2	 15		-44932.67709		29.20626
	867		M4M5	 3d_3d	 2	 16		-44932.57477		29.30858
	868		M4M5	 3d_3d	 2	 17		-44932.54662		29.33673
	869		M4M5	 3d_3d	 2	 18		-44931.93762		29.94573
	870		M4M5	 3d_3d	 2	 19		-44931.90319		29.98016
	871		M4M5	 3d_3d	 2	 20		-44931.83914		30.04421
	872		M4M4	 3d_3d	 2	 3		-44935.32626		26.55709
	873		M4M5	 3d_3d	 2	 21		-44931.64832		30.23503
	874		M5M5	 3d_3d	 2	 22		-44926.45185		35.4315
	875		M4M5	 3d_3d	 2	 4		-44935.31538		26.56797
	876		M4M5	 3d_3d	 2	 5		-44935.14622		26.73713
	877		M5M5	 3d_3d	 2	 6		-44934.78399		27.09936
	878		M4M5	 3d_3d	 2	 7		-44934.55418		27.32917
	879		M4M5	 3d_3d	 2	 8		-44934.52493		27.35842
	880		M5M5	 3d_3d	 2	 9		-44933.03749		28.84586
	881		M5M5	 3d_3d	 2	 10		-44933.00310		28.88025
	882		M4M5	 3d_3d	 4	 1		-44935.61511		26.26824
	883		M4M5	 3d_3d	 4	 2		-44935.49082		26.39253
	884		M4M5	 3d_3d	 4	 11		-44934.47237		27.41098
	885		M5M5	 3d_3d	 4	 12		-44933.04464		28.83871
	886		M5M5	 3d_3d	 4	 13		-44933.00978		28.87357
	887		M5M5	 3d_3d	 4	 14		-44932.97050		28.91285
	888		M4M5	 3d_3d	 4	 15		-44932.84391		29.03944
	889		M4M5	 3d_3d	 4	 16		-44932.73556		29.14779
	890		M5M5	 3d_3d	 4	 17		-44932.69022		29.19313
	891		M4M5	 3d_3d	 4	 18		-44932.67698		29.20637
	892		M4M5	 3d_3d	 4	 19		-44932.58347		29.29988
	893		M4M5	 3d_3d	 4	 20		-44932.56389		29.31946
	894		M4M5	 3d_3d	 4	 3		-44935.46256		26.42079
	895		M4M5	 3d_3d	 4	 21		-44932.53910		29.34425
	896		M4M5	 3d_3d	 4	 22		-44931.94002		29.94333
	897		M4M5	 3d_3d	 4	 23		-44931.91310		29.97025
	898		M4M5	 3d_3d	 4	 24		-44931.82659		30.05676
	899		M4M5	 3d_3d	 4	 25		-44931.81418		30.06917
	900		M4M5	 3d_3d	 4	 26		-44931.68659		30.19676
	901		M4M5	 3d_3d	 4	 27		-44931.64068		30.24267
	902		M4M5	 3d_3d	 4	 28		-44931.50931		30.37404
	903		M5M5	 3d_3d	 4	 29		-44926.45124		35.43211
	904		M5M5	 3d_3d	 4	 30		-44926.30765		35.5757
	905		M5M5	 3d_3d	 4	 4		-44935.38476		26.49859
	906		M4M4	 3d_3d	 4	 5		-44935.30490		26.57845
	907		M4M5	 3d_3d	 4	 6		-44935.28203		26.60132
	908		M4M5	 3d_3d	 4	 7		-44935.16787		26.71548
	909		M5M5	 3d_3d	 4	 8		-44934.77714		27.10621
	910		M4M5	 3d_3d	 4	 9		-44934.70065		27.1827
	911		M4M5	 3d_3d	 4	 10		-44934.50495		27.3784
	912		M5M5	 3d_3d	 6	 1		-44935.70043		26.18292
	913		M4M5	 3d_3d	 6	 2		-44935.58234		26.30101
	914		M4M5	 3d_3d	 6	 11		-44934.53612		27.34723
	915		M4M5	 3d_3d	 6	 12		-44934.50521		27.37814
	916		M5M5	 3d_3d	 6	 13		-44933.06165		28.8217
	917		M5M5	 3d_3d	 6	 14		-44932.99037		28.89298
	918		M5M5	 3d_3d	 6	 15		-44932.96877		28.91458
	919		M4M5	 3d_3d	 6	 16		-44932.88465		28.9987
	920		M5M5	 3d_3d	 6	 17		-44932.73600		29.14735
	921		M4M5	 3d_3d	 6	 18		-44932.69916		29.18419
	922		M4M5	 3d_3d	 6	 19		-44932.66849		29.21486
	923		M4M5	 3d_3d	 6	 20		-44932.59721		29.28614
	924		M4M5	 3d_3d	 6	 3		-44935.49153		26.39182
	925		M4M5	 3d_3d	 6	 21		-44932.57059		29.31276
	926		M4M5	 3d_3d	 6	 22		-44931.95604		29.92731
	927		M4M5	 3d_3d	 6	 23		-44931.93814		29.94521
	928		M4M5	 3d_3d	 6	 24		-44931.84096		30.04239
	929		M4M5	 3d_3d	 6	 25		-44931.68793		30.19542
	930		M4M5	 3d_3d	 6	 26		-44931.65308		30.23027
	931		M4M5	 3d_3d	 6	 27		-44931.62437		30.25898
	932		M4M5	 3d_3d	 6	 28		-44931.54146		30.34189
	933		M5M5	 3d_3d	 6	 29		-44926.45161		35.43174
	934		M4M4	 3d_3d	 6	 4		-44935.41843		26.46492
	935		M4M4	 3d_3d	 6	 5		-44935.37671		26.50664
	936		M4M5	 3d_3d	 6	 6		-44935.31492		26.56843
	937		M4M5	 3d_3d	 6	 7		-44937.80000		24.08335
	938		M5M5	 3d_3d	 6	 8		-44935.20894		26.67441
	939		M5M5	 3d_3d	 6	 9		-44934.77464		27.10871
	940		M5M5	 3d_3d	 6	 10		-44937.37734		24.50601
	941		M5M5	 3d_3d	 8	 1		-44935.69906		26.18429
	942		M5M5	 3d_3d	 8	 2		-44935.60779		26.27556
	943		M4M5	 3d_3d	 8	 11		-44934.51960		27.36375
	944		M5M5	 3d_3d	 8	 12		-44933.06994		28.81341
	945		M5M5	 3d_3d	 8	 13		-44933.01399		28.86936
	946		M4M5	 3d_3d	 8	 14		-44932.87418		29.00917
	947		M5M5	 3d_3d	 8	 15		-44932.75108		29.13227
	948		M4M5	 3d_3d	 8	 16		-44932.70705		29.1763
	949		M4M5	 3d_3d	 8	 17		-44932.59973		29.28362
	950		M4M5	 3d_3d	 8	 18		-44931.91677		29.96658
	951		M4M5	 3d_3d	 8	 19		-44931.69034		30.19301
	952		M4M5	 3d_3d	 8	 20		-44931.65481		30.22854
	953		M4M5	 3d_3d	 8	 3		-44935.48428		26.39907
	954		M4M5	 3d_3d	 8	 21		-44931.65215		30.2312
	955		M4M5	 3d_3d	 8	 22		-44931.51347		30.36988
	956		M4M5	 3d_3d	 8	 4		-44935.47569		26.40766
	957		M5M5	 3d_3d	 8	 5		-44935.38533		26.49802
	958		M4M5	 3d_3d	 8	 6		-44935.32892		26.55443
	959		M4M4	 3d_3d	 8	 7		-44935.23315		26.6502
	960		M5M5	 3d_3d	 8	 8		-44934.76506		27.11829
	961		M5M5	 3d_3d	 8	 9		-44934.75571		27.12764
	962		M4M5	 3d_3d	 8	 10		-44934.53846		27.34489
	963		M4N1	 3d_4s	 0	 1		-44941.24400		20.63935
	964		M5N1	 3d_4s	 0	 2		-44941.18123		20.70212
	965		M5N1	 3d_4s	 10	 1		-44941.32981		20.55354
	966		M5N1	 3d_4s	 2	 1		-44941.37086		20.51249
	967		M5N1	 3d_4s	 2	 2		-44941.32352		20.55983
	968		M4N1	 3d_4s	 2	 3		-44941.10030		20.78305
	969		M4N1	 3d_4s	 2	 4		-44941.06665		20.8167
	970		M5N1	 3d_4s	 4	 1		-44941.32200		20.56135
	971		M5N1	 3d_4s	 4	 2		-44941.28712		20.59623
	972		M4N1	 3d_4s	 4	 3		-44941.05580		20.82755
	973		M4N1	 3d_4s	 4	 4		-44941.03599		20.84736
	974		M5N1	 3d_4s	 6	 1		-44941.30417		20.57918
	975		M4N1	 3d_4s	 6	 2		-44941.29053		20.59282
	976		M4N1	 3d_4s	 6	 3		-44941.07708		20.80627
	977		M4N1	 3d_4s	 6	 4		-44941.03908		20.84427
	978		M5N1	 3d_4s	 8	 1		-44941.32453		20.55882
	979		M5N1	 3d_4s	 8	 2		-44941.28779		20.59556
	980		M4N1	 3d_4s	 8	 3		-44941.06930		20.81405
	981		M45d	 3d_5d	 2	 1		-44954.28337		7.59998
	982		M45d	 3d_5d	 4	 1		-44954.41256		7.47079
	983		M55d	 3d_5d	 4	 2		-44953.92648		7.95687
	984		M55d	 3d_5d	 6	 1		-44954.53208		7.35127
	985		M3M4	 3p_3d	 0	 1		-44861.79715		100.0862
	986		M3M5	 3p_3d	 0	 2		-44861.65239		100.23096
	987		M2M5	 3p_3d	 0	 11		-44856.93979		104.94356
	988		M2M5	 3p_3d	 0	 12		-44854.06686		107.81649
	989		M3M5	 3p_3d	 0	 13		-44847.81409		114.06926
	990		M2M5	 3p_3d	 0	 14		-44846.70783		115.17552
	991		M3M4	 3p_3d	 0	 3		-44861.32337		100.55998
	992		M2M4	 3p_3d	 0	 4		-44859.92203		101.96132
	993		M2M4	 3p_3d	 0	 5		-44859.68172		102.20163
	994		M3M4	 3p_3d	 0	 6		-44857.05360		104.82975
	995		M3M4	 3p_3d	 0	 7		-44856.56097		105.32238
	996		M3M4	 3p_3d	 0	 8		-44856.01661		105.86674
	997		M3M5	 3p_3d	 0	 9		-44855.41127		106.47208
	998		M3M5	 3p_3d	 0	 10		-44854.85927		107.02408
	999		M3M5	 3p_3d	 10	 1		-44862.98259		98.90076
	1000		M3M5	 3p_3d	 10	 2		-44862.90248		98.98087
	1001		M3M5	 3p_3d	 10	 11		-44856.06317		105.82018
	1002		M3M5	 3p_3d	 10	 12		-44855.97232		105.91103
	1003		M2M5	 3p_3d	 10	 13		-44855.43720		106.44615
	1004		M2M5	 3p_3d	 10	 14		-44854.53600		107.34735
	1005		M2M5	 3p_3d	 10	 15		-44846.77671		115.10664
	1006		M2M5	 3p_3d	 10	 16		-44846.71793		115.16542
	1007		M2M5	 3p_3d	 10	 17		-44846.62341		115.25994
	1008		M3M5	 3p_3d	 10	 3		-44862.53138		99.35197
	1009		M3M5	 3p_3d	 10	 4		-44862.44155		99.4418
	1010		M3M4	 3p_3d	 10	 5		-44861.80135		100.082
	1011		M3M4	 3p_3d	 10	 6		-44861.50587		100.37748
	1012		M3M5	 3p_3d	 10	 7		-44861.47783		100.40552
	1013		M3M4	 3p_3d	 10	 8		-44861.31436		100.56899
	1014		M2M4	 3p_3d	 10	 9		-44859.75294		102.13041
	1015		M3M5	 3p_3d	 10	 10		-44856.67373		105.20962
	1016		M3M5	 3p_3d	 12	 1		-44862.98483		98.89852
	1017		M3M5	 3p_3d	 12	 2		-44862.93801		98.94534
	1018		M3M5	 3p_3d	 12	 3		-44862.48707		99.39628
	1019		M3M5	 3p_3d	 12	 4		-44861.54794		100.33541
	1020		M3M5	 3p_3d	 12	 5		-44858.79005		103.0933
	1021		M2M5	 3p_3d	 12	 6		-44849.55540		112.32795
	1022		M3M5	 3p_3d	 14	 1		-44863.03666		98.84669
	1023		M3M5	 3p_3d	 2	 1		-44862.44740		99.43595
	1024		M3M4	 3p_3d	 2	 2		-44861.82022		100.06313
	1025		M2M4	 3p_3d	 2	 11		-44859.69947		102.18388
	1026		M2M4	 3p_3d	 2	 12		-44859.62864		102.25471
	1027		M3M4	 3p_3d	 2	 13		-44857.21094		104.67241
	1028		M3M4	 3p_3d	 2	 14		-44857.06610		104.81725
	1029		M3M4	 3p_3d	 2	 15		-44856.95775		104.9256
	1030		M3M5	 3p_3d	 2	 16		-44856.65317		105.23018
	1031		M3M4	 3p_3d	 2	 17		-44856.55504		105.32831
	1032		M3M4	 3p_3d	 2	 18		-44856.38960		105.49375
	1033		M3M5	 3p_3d	 2	 19		-44856.05525		105.8281
	1034		M3M4	 3p_3d	 2	 20		-44856.01823		105.86512
	1035		M3M4	 3p_3d	 2	 3		-44861.80223		100.08112
	1036		M3M5	 3p_3d	 2	 21		-44855.92201		105.96134
	1037		M2M5	 3p_3d	 2	 22		-44855.44355		106.4398
	1038		M2M5	 3p_3d	 2	 23		-44855.41186		106.47149
	1039		M2M4	 3p_3d	 2	 24		-44854.99620		106.88715
	1040		M2M5	 3p_3d	 2	 25		-44854.87329		107.01006
	1041		M2M5	 3p_3d	 2	 26		-44854.76253		107.12082
	1042		M2M5	 3p_3d	 2	 27		-44854.53428		107.34907
	1043		M2M5	 3p_3d	 2	 28		-44856.64551		105.23784
	1044		M2M5	 3p_3d	 2	 29		-44854.03969		107.84366
	1045		M2M5	 3p_3d	 2	 30		-44854.00443		107.87892
	1046		M3M4	 3p_3d	 2	 4		-44861.76884		100.11451
	1047		M3M5	 3p_3d	 2	 31		-44847.82344		114.05991
	1048		M3M5	 3p_3d	 2	 32		-44847.81620		114.06715
	1049		M3M5	 3p_3d	 2	 33		-44847.68626		114.19709
	1050		M2M5	 3p_3d	 2	 34		-44846.74673		115.13662
	1051		M2M5	 3p_3d	 2	 35		-44846.71476		115.16859
	1052		M2M5	 3p_3d	 2	 36		-44846.58832		115.29503
	1053		M3M4	 3p_3d	 2	 5		-44861.63272		100.25063
	1054		M3M4	 3p_3d	 2	 6		-44861.42517		100.45818
	1055		M3M4	 3p_3d	 2	 7		-44861.29119		100.59216
	1056		M3M5	 3p_3d	 2	 8		-44863.72877		98.15458
	1057		M2M4	 3p_3d	 2	 9		-44861.40632		100.47703
	1058		M2M4	 3p_3d	 2	 10		-44859.97295		101.9104
	1059		M3M5	 3p_3d	 4	 1		-44862.87965		99.0037
	1060		M3M5	 3p_3d	 4	 2		-44862.51480		99.36855
	1061		M3M4	 3p_3d	 4	 11		-44861.28028		100.60307
	1062		M2M4	 3p_3d	 4	 12		-44860.02809		101.85526
	1063		M2M4	 3p_3d	 4	 13		-44859.97716		101.90619
	1064		M2M4	 3p_3d	 4	 14		-44859.73779		102.14556
	1065		M2M4	 3p_3d	 4	 15		-44859.62979		102.25356
	1066		M3M4	 3p_3d	 4	 16		-44857.19837		104.68498
	1067		M3M4	 3p_3d	 4	 17		-44857.08610		104.79725
	1068		M3M4	 3p_3d	 4	 18		-44857.07332		104.81003
	1069		M3M4	 3p_3d	 4	 19		-44856.96344		104.91991
	1070		M3M5	 3p_3d	 4	 20		-44856.67224		105.21111
	1071		M3M5	 3p_3d	 4	 3		-44862.46949		99.41386
	1072		M3M5	 3p_3d	 4	 21		-44856.54859		105.33476
	1073		M3M4	 3p_3d	 4	 22		-44856.41923		105.46412
	1074		M3M4	 3p_3d	 4	 23		-44856.41189		105.47146
	1075		M3M5	 3p_3d	 4	 24		-44856.08042		105.80293
	1076		M3M5	 3p_3d	 4	 25		-44856.04231		105.84104
	1077		M3M4	 3p_3d	 4	 26		-44858.61896		103.26439
	1078		M3M5	 3p_3d	 4	 27		-44855.91195		105.9714
	1079		M3M5	 3p_3d	 4	 28		-44855.44914		106.43421
	1080		M3M5	 3p_3d	 4	 29		-44855.42998		106.45337
	1081		M2M4	 3p_3d	 4	 30		-44855.03841		106.84494
	1082		M3M4	 3p_3d	 4	 4		-44861.79787		100.08548
	1083		M2M4	 3p_3d	 4	 31		-44854.99668		106.88667
	1084		M2M4	 3p_3d	 4	 32		-44854.85501		107.02834
	1085		M2M5	 3p_3d	 4	 33		-44854.77964		107.10371
	1086		M2M5	 3p_3d	 4	 34		-44854.51753		107.36582
	1087		M2M5	 3p_3d	 4	 35		-44854.43293		107.45042
	1088		M2M5	 3p_3d	 4	 36		-44854.04416		107.83919
	1089		M2M5	 3p_3d	 4	 37		-44854.01411		107.86924
	1090		M3M5	 3p_3d	 4	 38		-44847.84844		114.03491
	1091		M3M5	 3p_3d	 4	 39		-44847.84139		114.04196
	1092		M3M5	 3p_3d	 4	 40		-44847.81658		114.06677
	1093		M3M4	 3p_3d	 4	 5		-44861.76663		100.11672
	1094		M3M5	 3p_3d	 4	 41		-44847.67349		114.20986
	1095		M2M5	 3p_3d	 4	 42		-44846.74946		115.13389
	1096		M2M5	 3p_3d	 4	 43		-44846.73863		115.14472
	1097		M2M5	 3p_3d	 4	 44		-44846.71480		115.16855
	1098		M2M5	 3p_3d	 4	 45		-44846.60297		115.28038
	1099		M3M4	 3p_3d	 4	 6		-44861.76205		100.1213
	1100		M3M4	 3p_3d	 4	 7		-44861.65644		100.22691
	1101		M3M5	 3p_3d	 4	 8		-44861.53123		100.35212
	1102		M3M4	 3p_3d	 4	 9		-44861.43163		100.45172
	1103		M3M4	 3p_3d	 4	 10		-44861.30354		100.57981
	1104		M3M5	 3p_3d	 6	 1		-44863.06315		98.8202
	1105		M3M5	 3p_3d	 6	 2		-44862.90791		98.97544
	1106		M3M4	 3p_3d	 6	 11		-44861.28755		100.5958
	1107		M3M5	 3p_3d	 6	 12		-44861.28397		100.59938
	1108		M2M4	 3p_3d	 6	 13		-44860.05133		101.83202
	1109		M2M4	 3p_3d	 6	 14		-44859.98300		101.90035
	1110		M2M4	 3p_3d	 6	 15		-44859.72011		102.16324
	1111		M2M4	 3p_3d	 6	 16		-44859.62314		102.26021
	1112		M3M4	 3p_3d	 6	 17		-44857.20565		104.6777
	1113		M3M4	 3p_3d	 6	 18		-44857.10385		104.7795
	1114		M3M4	 3p_3d	 6	 19		-44856.97726		104.90609
	1115		M3M5	 3p_3d	 6	 20		-44856.69072		105.19263
	1116		M3M5	 3p_3d	 6	 3		-44862.48797		99.39538
	1117		M3M4	 3p_3d	 6	 21		-44856.58457		105.29878
	1118		M3M4	 3p_3d	 6	 22		-44859.01655		102.8668
	1119		M3M5	 3p_3d	 6	 23		-44856.06330		105.82005
	1120		M3M5	 3p_3d	 6	 24		-44856.04633		105.83702
	1121		M3M4	 3p_3d	 6	 25		-44858.63371		103.24964
	1122		M3M4	 3p_3d	 6	 26		-44855.95515		105.9282
	1123		M3M5	 3p_3d	 6	 27		-44855.45609		106.42726
	1124		M3M5	 3p_3d	 6	 28		-44855.42360		106.45975
	1125		M2M4	 3p_3d	 6	 29		-44855.00535		106.878
	1126		M2M4	 3p_3d	 6	 30		-44854.86978		107.01357
	1127		M3M5	 3p_3d	 6	 4		-44862.46572		99.41763
	1128		M2M5	 3p_3d	 6	 31		-44854.78989		107.09346
	1129		M2M5	 3p_3d	 6	 32		-44854.51417		107.36918
	1130		M2M5	 3p_3d	 6	 33		-44854.42825		107.4551
	1131		M2M5	 3p_3d	 6	 34		-44854.06106		107.82229
	1132		M2M5	 3p_3d	 6	 35		-44854.00163		107.88172
	1133		M3M5	 3p_3d	 6	 36		-44847.84551		114.03784
	1134		M3M5	 3p_3d	 6	 37		-44847.81593		114.06742
	1135		M3M5	 3p_3d	 6	 38		-44847.69480		114.18855
	1136		M2M5	 3p_3d	 6	 39		-44846.75367		115.12968
	1137		M2M5	 3p_3d	 6	 40		-44846.71880		115.16455
	1138		M3M4	 3p_3d	 6	 5		-44861.80759		100.07576
	1139		M2M5	 3p_3d	 6	 41		-44846.71168		115.17167
	1140		M2M5	 3p_3d	 6	 42		-44846.57742		115.30593
	1141		M3M4	 3p_3d	 6	 6		-44861.78322		100.10013
	1142		M3M4	 3p_3d	 6	 7		-44861.77077		100.11258
	1143		M3M4	 3p_3d	 6	 8		-44861.66277		100.22058
	1144		M3M5	 3p_3d	 6	 9		-44861.52633		100.35702
	1145		M3M4	 3p_3d	 6	 10		-44861.43960		100.44375
	1146		M3M5	 3p_3d	 8	 1		-44863.00919		98.87416
	1147		M3M5	 3p_3d	 8	 2		-44862.89225		98.9911
	1148		M3M4	 3p_3d	 8	 11		-44861.28117		100.60218
	1149		M2M4	 3p_3d	 8	 12		-44859.99816		101.88519
	1150		M2M4	 3p_3d	 8	 13		-44859.72805		102.1553
	1151		M2M4	 3p_3d	 8	 14		-44859.65315		102.2302
	1152		M3M4	 3p_3d	 8	 15		-44857.07497		104.80838
	1153		M3M5	 3p_3d	 8	 16		-44856.69411		105.18924
	1154		M3M5	 3p_3d	 8	 17		-44856.58193		105.30142
	1155		M3M5	 3p_3d	 8	 18		-44856.06217		105.82118
	1156		M3M5	 3p_3d	 8	 19		-44858.58554		103.29781
	1157		M3M4	 3p_3d	 8	 20		-44855.95503		105.92832
	1158		M3M5	 3p_3d	 8	 3		-44862.49322		99.39013
	1159		M3M5	 3p_3d	 8	 21		-44855.47659		106.40676
	1160		M2M5	 3p_3d	 8	 22		-44855.42173		106.46162
	1161		M2M5	 3p_3d	 8	 23		-44854.88010		107.00325
	1162		M2M5	 3p_3d	 8	 24		-44854.50966		107.37369
	1163		M2M5	 3p_3d	 8	 25		-44854.44676		107.43659
	1164		M2M5	 3p_3d	 8	 26		-44854.03737		107.84598
	1165		M3M5	 3p_3d	 8	 27		-44848.57456		113.30879
	1166		M2M5	 3p_3d	 8	 28		-44846.77429		115.10906
	1167		M2M5	 3p_3d	 8	 29		-44846.72385		115.1595
	1168		M2M5	 3p_3d	 8	 30		-44846.71430		115.16905
	1169		M3M5	 3p_3d	 8	 4		-44862.44430		99.43905
	1170		M2M5	 3p_3d	 8	 31		-44846.57331		115.31004
	1171		M3M4	 3p_3d	 8	 5		-44861.81286		100.07049
	1172		M3M4	 3p_3d	 8	 6		-44861.77360		100.10975
	1173		M3M4	 3p_3d	 8	 7		-44861.68966		100.19369
	1174		M3M5	 3p_3d	 8	 8		-44861.50082		100.38253
	1175		M3M4	 3p_3d	 8	 9		-44861.44266		100.44069
	1176		M3M4	 3p_3d	 8	 10		-44861.31765		100.5657
	1177		M3M3	 3p_3p	 0	 1		-44781.77857		180.10478
	1178		M3M3	 3p_3p	 0	 2		-44783.70960		178.17375
	1179		M2M3	 3p_3p	 0	 3		-44779.67969		182.20366
	1180		M2M3	 3p_3p	 0	 4		-44776.12509		185.75826
	1181		M2M3	 3p_3p	 0	 5		-44776.00808		185.87527
	1182		M3M3	 3p_3p	 10	 1		-44781.88582		179.99753
	1183		M2M3	 3p_3p	 10	 2		-44776.16877		185.71458
	1184		M3M3	 3p_3p	 2	 1		-44781.87771		180.00564
	1185		M3M3	 3p_3p	 2	 2		-44781.77634		180.10701
	1186		M2M3	 3p_3p	 2	 11		-44776.09439		185.78896
	1187		M2M3	 3p_3p	 2	 12		-44775.98998		185.89337
	1188		M2M2	 3p_3p	 2	 13		-44769.72902		192.15433
	1189		M3M3	 3p_3p	 2	 3		-44781.28370		180.59965
	1190		M3M3	 3p_3p	 2	 4		-44781.23895		180.6444
	1191		M2M3	 3p_3p	 2	 5		-44779.72221		182.16114
	1192		M2M3	 3p_3p	 2	 6		-44779.67068		182.21267
	1193		M2M3	 3p_3p	 2	 7		-44779.54109		182.34226
	1194		M2M3	 3p_3p	 2	 8		-44778.98923		182.89412
	1195		M2M3	 3p_3p	 2	 9		-44776.17420		185.70915
	1196		M2M3	 3p_3p	 2	 10		-44776.12484		185.75851
	1197		M3M3	 3p_3p	 4	 1		-44781.89284		179.99051
	1198		M3M3	 3p_3p	 4	 2		-44781.77608		180.10727
	1199		M2M3	 3p_3p	 4	 11		-44776.15578		185.72757
	1200		M2M3	 3p_3p	 4	 12		-44776.10822		185.77513
	1201		M2M3	 3p_3p	 4	 13		-44776.08694		185.79641
	1202		M2M3	 3p_3p	 4	 14		-44775.96710		185.91625
	1203		M2M2	 3p_3p	 4	 15		-44769.73090		192.15245
	1204		M2M2	 3p_3p	 4	 16		-44769.58409		192.29926
	1205		M3M3	 3p_3p	 4	 3		-44781.28134		180.60201
	1206		M3M3	 3p_3p	 4	 4		-44781.24781		180.63554
	1207		M2M3	 3p_3p	 4	 5		-44779.72608		182.15727
	1208		M2M3	 3p_3p	 4	 6		-44779.66268		182.22067
	1209		M2M3	 3p_3p	 4	 7		-44779.62296		182.26039
	1210		M2M3	 3p_3p	 4	 8		-44779.53840		182.34495
	1211		M2M3	 3p_3p	 4	 9		-44778.97360		182.90975
	1212		M2M3	 3p_3p	 4	 10		-44778.94539		182.93796
	1213		M3M3	 3p_3p	 6	 1		-44781.90572		179.97763
	1214		M3M3	 3p_3p	 6	 2		-44781.78225		180.1011
	1215		M2M3	 3p_3p	 6	 11		-44776.09726		185.78609
	1216		M2M3	 3p_3p	 6	 12		-44775.95879		185.92456
	1217		M2M2	 3p_3p	 6	 13		-44769.73391		192.14944
	1218		M3M3	 3p_3p	 6	 3		-44781.29729		180.58606
	1219		M3M3	 3p_3p	 6	 4		-44781.25566		180.62769
	1220		M2M3	 3p_3p	 6	 5		-44779.72242		182.16093
	1221		M2M3	 3p_3p	 6	 6		-44779.65793		182.22542
	1222		M2M3	 3p_3p	 6	 7		-44779.54940		182.33395
	1223		M2M3	 3p_3p	 6	 8		-44778.98988		182.89347
	1224		M2M3	 3p_3p	 6	 9		-44776.13712		185.74623
	1225		M2M3	 3p_3p	 6	 10		-44776.12934		185.75401
	1226		M3M3	 3p_3p	 8	 1		-44781.90922		179.97413
	1227		M3M3	 3p_3p	 8	 2		-44781.79557		180.08778
	1228		M3M3	 3p_3p	 8	 3		-44781.25025		180.6331
	1229		M2M3	 3p_3p	 8	 4		-44779.67266		182.21069
	1230		M2M3	 3p_3p	 8	 5		-44776.15409		185.72926
	1231		M2M3	 3p_3p	 8	 6		-44776.11387		185.76948
	1232		M2M3	 3p_3p	 8	 7		-44775.99736		185.88599
	1233		M3N1	 3p_4s	 0	 1		-44865.53486		96.34849
	1234		M3N1	 3p_4s	 2	 1		-44865.52202		96.36133
	1235		M3N1	 3p_4s	 2	 2		-44865.45807		96.42528
	1236		M2N1	 3p_4s	 2	 3		-44313.16454		648.71881
	1237		M3N1	 3p_4s	 4	 1		-44865.50225		96.3811
	1238		M3N1	 3p_4s	 4	 2		-44865.48327		96.40008
	1239		M2N1	 3p_4s	 4	 3		-44865.52279		96.36056
	1240		M2N1	 3p_4s	 4	 4		-44865.51721		96.36614
	1241		M3N1	 3p_4s	 6	 1		-44865.50376		96.37959
	1242		M3N1	 3p_4s	 6	 2		-44865.47799		96.40536
	1243		M2N1	 3p_4s	 6	 3		-44865.50421		96.37914
	1244		M3N1	 3p_4s	 8	 1		-44865.51030		96.37305
	1245		M25d	 3p_5d	 0	 1		-44876.29035		85.593
	1246		M35d	 3p_5d	 2	 1		-44878.56034		83.32301
	1247		M25d	 3p_5d	 2	 2		-44876.14744		85.73591
	1248		M35d	 3p_5d	 4	 1		-44878.80523		83.07812
	1249		M1M4	 3s_3d	 0	 1		-44809.99165		151.8917
	1250		M1M4	 3s_3d	 0	 2		-44809.88507		151.99828
	1251		M1M4	 3s_3d	 0	 3		-44809.40012		152.48323
	1252		M1M5	 3s_3d	 0	 4		-44811.27559		150.60776
	1253		M1M5	 3s_3d	 0	 5		-44804.32910		157.55425
	1254		M1M5	 3s_3d	 0	 6		-44804.13419		157.74916
	1255		M1M5	 3s_3d	 10	 1		-44810.14638		151.73697
	1256		M1M5	 3s_3d	 10	 2		-44810.08741		151.79594
	1257		M1M5	 3s_3d	 10	 3		-44809.99716		151.88619
	1258		M1M5	 3s_3d	 10	 4		-44809.47789		152.40546
	1259		M1M5	 3s_3d	 10	 5		-44804.32317		157.56018
	1260		M1M5	 3s_3d	 12	 1		-44810.17699		151.70636
	1261		M1M5	 3s_3d	 2	 1		-44810.08038		151.80297
	1262		M1M4	 3s_3d	 2	 2		-44809.99174		151.89161
	1263		M1M5	 3s_3d	 2	 11		-44804.32860		157.55475
	1264		M1M5	 3s_3d	 2	 12		-44804.29920		157.58415
	1265		M1M5	 3s_3d	 2	 13		-44804.24417		157.63918
	1266		M1M5	 3s_3d	 2	 14		-44804.18627		157.69708
	1267		M1M4	 3s_3d	 2	 3		-44809.95032		151.93303
	1268		M1M5	 3s_3d	 2	 4		-44809.89738		151.98597
	1269		M1M4	 3s_3d	 2	 5		-44809.81387		152.06948
	1270		M1M5	 3s_3d	 2	 6		-44809.73003		152.15332
	1271		M1M5	 3s_3d	 2	 7		-44809.49605		152.3873
	1272		M1M5	 3s_3d	 2	 8		-44811.96220		149.92115
	1273		M1M4	 3s_3d	 2	 9		-44809.29622		152.58713
	1274		M1M4	 3s_3d	 2	 10		-44809.26559		152.61776
	1275		M1M5	 3s_3d	 4	 1		-44810.20914		151.67421
	1276		M1M5	 3s_3d	 4	 2		-44810.09456		151.78879
	1277		M1M4	 3s_3d	 4	 11		-44809.27570		152.60765
	1278		M1M4	 3s_3d	 4	 12		-44809.23594		152.64741
	1279		M1M5	 3s_3d	 4	 13		-44804.32722		157.55613
	1280		M1M5	 3s_3d	 4	 14		-44804.29756		157.58579
	1281		M1M5	 3s_3d	 4	 15		-44804.28178		157.60157
	1282		M1M5	 3s_3d	 4	 16		-44804.16100		157.72235
	1283		M1M4	 3s_3d	 4	 3		-44809.99953		151.88382
	1284		M1M4	 3s_3d	 4	 4		-44809.98685		151.8965
	1285		M1M5	 3s_3d	 4	 5		-44809.93449		151.94886
	1286		M1M5	 3s_3d	 4	 6		-44809.87883		152.00452
	1287		M1M5	 3s_3d	 4	 7		-44809.85601		152.02734
	1288		M1M4	 3s_3d	 4	 8		-44809.77220		152.11115
	1289		M1M5	 3s_3d	 4	 9		-44809.47006		152.41329
	1290		M1M5	 3s_3d	 4	 10		-44809.44682		152.43653
	1291		M1M5	 3s_3d	 6	 1		-44810.16339		151.71996
	1292		M1M5	 3s_3d	 6	 2		-44810.07236		151.81099
	1293		M1M4	 3s_3d	 6	 11		-44809.25028		152.63307
	1294		M1M5	 3s_3d	 6	 12		-44804.32959		157.55376
	1295		M1M5	 3s_3d	 6	 13		-44804.29535		157.588
	1296		M1M5	 3s_3d	 6	 14		-44804.27963		157.60372
	1297		M1M5	 3s_3d	 6	 15		-44804.14543		157.73792
	1298		M1M4	 3s_3d	 6	 3		-44809.99638		151.88697
	1299		M1M4	 3s_3d	 6	 4		-44809.97185		151.9115
	1300		M1M5	 3s_3d	 6	 5		-44809.90959		151.97376
	1301		M1M4	 3s_3d	 6	 6		-44809.86045		152.0229
	1302		M1M4	 3s_3d	 6	 7		-44809.78924		152.09411
	1303		M1M5	 3s_3d	 6	 8		-44809.45199		152.43136
	1304		M1M5	 3s_3d	 6	 9		-44809.44489		152.43846
	1305		M1M4	 3s_3d	 6	 10		-44809.45221		152.43114
	1306		M1M5	 3s_3d	 8	 1		-44810.14595		151.7374
	1307		M1M5	 3s_3d	 8	 2		-44810.08092		151.80243
	1308		M1M5	 3s_3d	 8	 11		-44804.18439		157.69896
	1309		M1M4	 3s_3d	 8	 3		-44809.98702		151.89633
	1310		M1M5	 3s_3d	 8	 4		-44809.97418		151.90917
	1311		M1M5	 3s_3d	 8	 5		-44809.87225		152.0111
	1312		M1M5	 3s_3d	 8	 6		-44809.48202		152.40133
	1313		M1M4	 3s_3d	 8	 7		-44809.43810		152.44525
	1314		M1M5	 3s_3d	 8	 8		-44809.47587		152.40748
	1315		M1M5	 3s_3d	 8	 9		-44804.32655		157.5568
	1316		M1M5	 3s_3d	 8	 10		-44804.27710		157.60625
	1317		M1M3	 3s_3p	 0	 1		-44739.74128		222.14207
	1318		M1M3	 3s_3p	 0	 2		-44737.07731		224.80604
	1319		M1M3	 3s_3p	 0	 3		-44738.11135		223.772
	1320		M1M3	 3s_3p	 0	 4		-44721.05934		240.82401
	1321		M1M3	 3s_3p	 10	 1		-44737.56609		224.31726
	1322		M1M3	 3s_3p	 2	 1		-44737.58335		224.3
	1323		M1M3	 3s_3p	 2	 2		-44737.43557		224.44778
	1324		M1M3	 3s_3p	 2	 11		-44721.01376		240.86959
	1325		M1M3	 3s_3p	 2	 3		-44737.06593		224.81742
	1326		M1M3	 3s_3p	 2	 4		-44739.22923		222.65412
	1327		M1M2	 3s_3p	 2	 5		-44735.80824		226.07511
	1328		M1M3	 3s_3p	 2	 6		-44735.72561		226.15774
	1329		M1M3	 3s_3p	 2	 7		-44735.55204		226.33131
	1330		M1M2	 3s_3p	 2	 8		-44736.79750		225.08585
	1331		M1M3	 3s_3p	 2	 9		-44721.05362		240.82973
	1332		M1M3	 3s_3p	 2	 10		-44720.95811		240.92524
	1333		M1M3	 3s_3p	 4	 1		-44737.56508		224.31827
	1334		M1M3	 3s_3p	 4	 2		-44737.43682		224.44653
	1335		M1M3	 3s_3p	 4	 11		-44721.03790		240.84545
	1336		M1M3	 3s_3p	 4	 12		-44720.95978		240.92357
	1337		M1M3	 3s_3p	 4	 13		-44721.11837		240.76498
	1338		M1M3	 3s_3p	 4	 14		-44720.97790		240.90545
	1339		M1M3	 3s_3p	 4	 3		-44737.08804		224.79531
	1340		M1M3	 3s_3p	 4	 4		-44737.04928		224.83407
	1341		M1M2	 3s_3p	 4	 5		-44735.81722		226.06613
	1342		M1M2	 3s_3p	 4	 6		-44735.72822		226.15513
	1343		M1M3	 3s_3p	 4	 7		-44735.59248		226.29087
	1344		M1M3	 3s_3p	 4	 8		-44735.56263		226.32072
	1345		M1M2	 3s_3p	 4	 9		-44734.72196		227.16139
	1346		M1M2	 3s_3p	 4	 10		-44734.59980		227.28355
	1347		M1M3	 3s_3p	 6	 1		-44737.54712		224.33623
	1348		M1M3	 3s_3p	 6	 2		-44737.44293		224.44042
	1349		M1M2	 3s_3p	 6	 11		-44723.34208		238.54127
	1350		M1M3	 3s_3p	 6	 3		-44737.10335		224.78
	1351		M1M3	 3s_3p	 6	 4		-44737.04176		224.84159
	1352		M1M2	 3s_3p	 6	 5		-44735.82229		226.06106
	1353		M1M3	 3s_3p	 6	 6		-44735.73799		226.14536
	1354		M1M3	 3s_3p	 6	 7		-44735.55656		226.32679
	1355		M1M2	 3s_3p	 6	 8		-44734.72404		227.15931
	1356		M1M3	 3s_3p	 6	 9		-44721.03333		240.85002
	1357		M1M3	 3s_3p	 6	 10		-44720.96228		240.92107
	1358		M1M3	 3s_3p	 8	 1		-44737.54325		224.3401
	1359		M1M3	 3s_3p	 8	 2		-44737.45509		224.42826
	1360		M1M3	 3s_3p	 8	 3		-44737.06154		224.82181
	1361		M1M3	 3s_3p	 8	 4		-44738.10620		223.77715
	1362		M1M3	 3s_3p	 8	 5		-44721.05386		240.82949
	1363		M1M1	 3s_3s	 2	 1		-44680.28807		281.59528
	1364		M1M1	 3s_3s	 4	 1		-44680.28696		281.59639
	1365		M1M1	 3s_3s	 4	 2		-44680.13305		281.7503
	1366		M1M1	 3s_3s	 6	 1		-44680.28529		281.59806
	1367		M1N1	 3s_4s	 2	 1		-44816.68882		145.19453
	1368		M1N1	 3s_4s	 4	 1		-44816.68793		145.19542
	1369		M1N1	 3s_4s	 4	 2		-44816.66550		145.21785
	1370		M1N1	 3s_4s	 6	 1		-44816.68649		145.19686
	1371		M15d	 3s_5d	 0	 1		-44829.77821		132.10514
	1372		M15d	 3s_5d	 2	 1		-44829.96236		131.92099
	1373		N15d	 4s_5d	 0	 1		-44955.26947		6.61388
