# Atomic number Z= 28  Date:29-03-2017

# Radiative Yields
# Shelli ---> Shellf    Yield
  K      ---> K     6.565E-16
  K      ---> L1    1.796E-06
  K      ---> L2    1.242E-01
  K      ---> L3    2.431E-01
  K      ---> M1    5.234E-07
  K      ---> M2    1.187E-02
  K      ---> M3    3.789E-02
  K      ---> M4    2.580E-05
  K      ---> M5    6.421E-06
  K      ---> N1    4.150E-08
  K      FLyield    4.171E-01

  L1     ---> L1    1.169E-16
  L1     ---> L2    3.627E-06
  L1     ---> L3    1.043E-05
  L1     ---> M1    9.508E-10
  L1     ---> M2    1.178E-04
  L1     ---> M3    3.725E-04
  L1     ---> M4    9.056E-07
  L1     ---> M5    2.279E-07
  L1     ---> N1    1.580E-10
  L1     FLyield    5.055E-04

  L2     ---> L2    1.736E-14
  L2     ---> L3    4.792E-11
  L2     ---> M1    4.969E-04
  L2     ---> M2    2.034E-07
  L2     ---> M3    1.045E-06
  L2     ---> M4    7.069E-03
  L2     ---> M5    9.121E-04
  L2     ---> N1    2.153E-05
  L2     FLyield    8.501E-03

  L3     ---> L3    6.987E-14
  L3     ---> M1    5.207E-04
  L3     ---> M2    3.415E-07
  L3     ---> M3    8.699E-07
  L3     ---> M4    5.129E-03
  L3     ---> M5    1.696E-03
  L3     ---> N1    2.411E-05
  L3     FLyield    7.372E-03

  M1     ---> M1    3.018E-16
  M1     ---> M2    2.703E-06
  M1     ---> M3    9.704E-06
  M1     ---> M4    5.635E-09
  M1     ---> M5    1.459E-09
  M1     ---> N1    1.349E-11
  M1     FLyield    1.241E-05

  M2     ---> M2    5.452E-15
  M2     ---> M3    4.676E-14
  M2     ---> M4    4.074E-05
  M2     ---> M5    6.142E-06
  M2     ---> N1    2.865E-06
  M2     FLyield    4.975E-05

  M3     ---> M3    1.971E-14
  M3     ---> M4    3.365E-05
  M3     ---> M5    9.035E-06
  M3     ---> N1    2.905E-06
  M3     FLyield    4.559E-05


# Non Radiative Yields

# Shelli ---> Shellf    Yield
  K      ---> L1    2.029E-01
  K      ---> L2    2.983E-01
  K      ---> L3    7.488E-02
  K      ---> M1    2.703E-03
  K      ---> M2    2.940E-03
  K      ---> M3    1.124E-03
  K      ---> M4    1.194E-05
  K      ---> M5    5.141E-07
  K      ---> N1    3.030E-06
  K      NRyield    5.829E-01


  L1     ---> L2    1.921E-01
  L1     ---> L3    7.555E-01
  L1     ---> M1    3.712E-02
  L1     ---> M2    2.138E-03
  L1     ---> M3    4.490E-03
  L1     ---> M4    8.064E-03
  L1     ---> M5    1.231E-04
  L1     ---> N1    1.137E-05
  L1     NRyield    9.995E-01


  L2     ---> L3    6.854E-03
  L2     ---> M1    1.006E-01
  L2     ---> M2    3.843E-01
  L2     ---> M3    2.462E-01
  L2     ---> M4    2.505E-01
  L2     ---> M5    2.993E-03
  L2     ---> N1    8.940E-06
  L2     NRyield    9.915E-01


  L3     ---> M1    1.028E-01
  L3     ---> M2    2.862E-01
  L3     ---> M3    3.428E-01
  L3     ---> M4    2.548E-01
  L3     ---> M5    6.051E-03
  L3     ---> N1    8.790E-06
  L3     NRyield    9.926E-01


  M1     ---> M2    1.972E-01
  M1     ---> M3    5.568E-01
  M1     ---> M4    2.291E-01
  M1     ---> M5    1.479E-02
  M1     ---> N1    2.175E-03
  M1     NRyield    1.000E+00


  M2     ---> M2    4.195E-05
  M2     ---> M3    4.825E-04
  M2     ---> M4    9.818E-01
  M2     ---> M5    1.672E-02
  M2     ---> N1    8.754E-04
  M2     NRyield    1.000E+00


  M3     ---> M2    2.974E-05
  M3     ---> M3    2.624E-04
  M3     ---> M4    9.689E-01
  M3     ---> M5    2.974E-02
  M3     ---> N1    1.071E-03
  M3     NRyield    1.000E+00


