# Atomic number Z= 39  Date:31-01-2020

# Number Shelli   2Ji Eigi ---> Shellf   2Jf Eigf       Energy(eV) BranchingRatio   LevelRadYield  Intensity(eV)  Weight(%)   RadWidth(eV)   AugWidth(eV)   TotWidth(eV)
     1     K        2    1 --->     K      4    1     1.040000E-02   3.593079E-21   7.072797E-01   3.964447E-24    15.0      4.615380E+00   2.012808E+00   6.628187E+00
     2     K        2    1 --->     L1     2    1     1.465959E+04   6.876277E-07   7.072797E-01   1.069443E-03    15.0      0.000000E+00   0.000000E+00   0.000000E+00
     3     K        2    1 --->     L1     4    1     1.465956E+04   2.620443E-06   7.072797E-01   4.075474E-03    15.0      0.000000E+00   0.000000E+00   0.000000E+00
     4     K        2    1 --->     L1     4    2     1.465918E+04   8.328797E-07   7.072797E-01   1.295312E-03    15.0      0.000000E+00   0.000000E+00   0.000000E+00
     5     K        2    1 --->     L2     4    4     1.488108E+04   2.427108E-01   7.072797E-01   3.831827E+02    15.0      0.000000E+00   0.000000E+00   0.000000E+00
     6     K        2    1 --->     L3     0    1     1.495715E+04   9.506511E-02   7.072797E-01   1.508525E+02    15.0      0.000000E+00   0.000000E+00   0.000000E+00
     7     K        2    1 --->     L3     2    1     1.495703E+04   2.011064E-01   7.072797E-01   3.191199E+02    15.0      0.000000E+00   0.000000E+00   0.000000E+00
     8     K        2    1 --->     L3     2    2     1.495617E+04   3.667837E-02   7.072797E-01   5.819865E+01    15.0      0.000000E+00   0.000000E+00   0.000000E+00
     9     K        2    1 --->     L3     2    3     1.318003E+04   1.406509E-08   7.072797E-01   1.966714E-05    15.0      0.000000E+00   0.000000E+00   0.000000E+00
    10     K        2    1 --->     L3     4    1     1.495684E+04   1.324484E-01   7.072797E-01   2.101692E+02    15.0      0.000000E+00   0.000000E+00   0.000000E+00
    11     K        2    1 --->     L3     4    2     1.495672E+04   1.064827E-01   7.072797E-01   1.689653E+02    15.0      0.000000E+00   0.000000E+00   0.000000E+00
    12     K        2    1 --->     L3     4    3     1.478384E+04   9.652944E-07   7.072797E-01   1.514012E-03    15.0      0.000000E+00   0.000000E+00   0.000000E+00
    13     K        2    1 --->     M1     2    1     1.664000E+04   1.655449E-07   7.072797E-01   2.922480E-04    15.0      0.000000E+00   0.000000E+00   0.000000E+00
    14     K        2    1 --->     M1     4    1     1.663996E+04   6.660498E-07   7.072797E-01   1.175822E-03    15.0      0.000000E+00   0.000000E+00   0.000000E+00
    15     K        2    1 --->     M1     4    2     1.663969E+04   1.675861E-07   7.072797E-01   2.958461E-04    15.0      0.000000E+00   0.000000E+00   0.000000E+00
    16     K        2    1 --->     M2     2    3     1.672022E+04   2.819164E-05   7.072797E-01   5.000863E-02    15.0      0.000000E+00   0.000000E+00   0.000000E+00
    17     K        2    1 --->     M2     4    3     1.672239E+04   3.802803E-02   7.072797E-01   6.746593E+01    15.0      0.000000E+00   0.000000E+00   0.000000E+00
    18     K        2    1 --->     M2     4    4     1.672108E+04   3.597072E-02   7.072797E-01   6.381105E+01    15.0      0.000000E+00   0.000000E+00   0.000000E+00
    19     K        2    1 --->     M3     0    1     1.673504E+04   1.534457E-02   7.072797E-01   2.724356E+01    15.0      0.000000E+00   0.000000E+00   0.000000E+00
    20     K        2    1 --->     M3     2    1     1.673483E+04   2.393679E-02   7.072797E-01   4.249812E+01    15.0      0.000000E+00   0.000000E+00   0.000000E+00
    21     K        2    1 --->     M3     2    2     1.673403E+04   1.345122E-02   7.072797E-01   2.388056E+01    15.0      0.000000E+00   0.000000E+00   0.000000E+00
    22     K        2    1 --->     M3     4    1     1.673441E+04   9.538209E-03   7.072797E-01   1.693400E+01    15.0      0.000000E+00   0.000000E+00   0.000000E+00
    23     K        2    1 --->     M3     4    2     1.673407E+04   3.006299E-02   7.072797E-01   5.337234E+01    15.0      0.000000E+00   0.000000E+00   0.000000E+00
    24     K        2    1 --->     M4     0    2     1.687636E+04   4.713827E-10   7.072797E-01   8.439854E-07    15.0      0.000000E+00   0.000000E+00   0.000000E+00
    25     K        2    1 --->     M4     2    3     1.687961E+04   8.460414E-06   7.072797E-01   1.515083E-02    15.0      0.000000E+00   0.000000E+00   0.000000E+00
    26     K        2    1 --->     M4     2    4     1.687920E+04   7.314881E-06   7.072797E-01   1.309910E-02    15.0      0.000000E+00   0.000000E+00   0.000000E+00
    27     K        2    1 --->     M4     4    3     1.687896E+04   2.899334E-07   7.072797E-01   5.191903E-04    15.0      0.000000E+00   0.000000E+00   0.000000E+00
    28     K        2    1 --->     M4     4    4     1.687875E+04   4.673420E-05   7.072797E-01   8.368693E-02    15.0      0.000000E+00   0.000000E+00   0.000000E+00
    29     K        2    1 --->     M5     0    1     1.688040E+04   2.885294E-10   7.072797E-01   5.167201E-07    15.0      0.000000E+00   0.000000E+00   0.000000E+00
    30     K        2    1 --->     M5     2    1     1.688210E+04   4.158852E-05   7.072797E-01   7.448736E-02    15.0      0.000000E+00   0.000000E+00   0.000000E+00
    31     K        2    1 --->     M5     2    2     1.688132E+04   2.928407E-05   7.072797E-01   5.244697E-02    15.0      0.000000E+00   0.000000E+00   0.000000E+00
    32     K        2    1 --->     M5     4    1     1.688132E+04   6.396435E-05   7.072797E-01   1.145584E-01    15.0      0.000000E+00   0.000000E+00   0.000000E+00
    33     K        2    1 --->     M5     4    2     1.688080E+04   3.518429E-05   7.072797E-01   6.301215E-02    15.0      0.000000E+00   0.000000E+00   0.000000E+00
    34     K        2    1 --->     N1     2    1     1.698831E+04   2.610644E-08   7.072797E-01   4.705224E-05    15.0      0.000000E+00   0.000000E+00   0.000000E+00
    35     K        2    1 --->     N1     4    1     1.698826E+04   8.114278E-08   7.072797E-01   1.462451E-04    15.0      0.000000E+00   0.000000E+00   0.000000E+00
    36     K        2    1 --->     N1     4    2     1.698608E+04   4.889815E-08   7.072797E-01   8.811871E-05    15.0      0.000000E+00   0.000000E+00   0.000000E+00
    37     K        2    1 --->     N2     2    2     1.701199E+04   3.893932E-03   7.072797E-01   7.027904E+00    15.0      0.000000E+00   0.000000E+00   0.000000E+00
    38     K        2    1 --->     N2     4    3     1.701209E+04   4.650832E-04   7.072797E-01   8.394036E-01    15.0      0.000000E+00   0.000000E+00   0.000000E+00
    39     K        2    1 --->     N2     4    4     1.701173E+04   6.763658E-04   7.072797E-01   1.220710E+00    15.0      0.000000E+00   0.000000E+00   0.000000E+00
    40     K        2    1 --->     N3     0    1     1.701542E+04   2.082103E-03   7.072797E-01   3.758612E+00    15.0      0.000000E+00   0.000000E+00   0.000000E+00
    41     K        2    1 --->     N3     2    1     1.701521E+04   2.298686E-03   7.072797E-01   4.149534E+00    15.0      0.000000E+00   0.000000E+00   0.000000E+00
    42     K        2    1 --->     N3     2    3     1.700666E+04   4.001191E-05   7.072797E-01   7.219229E-02    15.0      0.000000E+00   0.000000E+00   0.000000E+00
    43     K        2    1 --->     N3     4    1     1.701478E+04   3.554307E-04   7.072797E-01   6.415990E-01    15.0      0.000000E+00   0.000000E+00   0.000000E+00
    44     K        2    1 --->     N3     4    2     1.701359E+04   9.096764E-03   7.072797E-01   1.641971E+01    15.0      0.000000E+00   0.000000E+00   0.000000E+00
    45     K        2    1 --->     N4     0    1     1.704034E+04   2.325823E-10   7.072797E-01   4.204724E-07    15.0      0.000000E+00   0.000000E+00   0.000000E+00
    46     K        2    1 --->     O1     2    1     1.704068E+04   3.372344E-09   7.072797E-01   6.096791E-06    15.0      0.000000E+00   0.000000E+00   0.000000E+00
    47     K        2    1 --->     O1     4    1     1.704066E+04   1.077219E-08   7.072797E-01   1.947480E-05    15.0      0.000000E+00   0.000000E+00   0.000000E+00
    48     K        2    1 --->     O1     4    2     1.703986E+04   6.320070E-09   7.072797E-01   1.142537E-05    15.0      0.000000E+00   0.000000E+00   0.000000E+00
    49     K        4    1 --->     L1     2    1     1.465958E+04   2.348539E-06   6.842680E-01   5.889597E-03    25.0      0.000000E+00   0.000000E+00   0.000000E+00
    50     K        4    1 --->     L1     4    1     1.465955E+04   1.797302E-06   6.842680E-01   4.507210E-03    25.0      0.000000E+00   0.000000E+00   0.000000E+00
    51     K        4    1 --->     L1     4    2     1.465917E+04   6.598458E-07   6.842680E-01   1.654696E-03    25.0      0.000000E+00   0.000000E+00   0.000000E+00
    52     K        4    1 --->     L1     6    1     1.465946E+04   5.100806E-08   6.842680E-01   1.279155E-04    25.0      0.000000E+00   0.000000E+00   0.000000E+00
    53     K        4    1 --->     L2     4    4     1.488107E+04   1.661680E-01   6.842680E-01   4.230072E+02    25.0      0.000000E+00   0.000000E+00   0.000000E+00
    54     K        4    1 --->     L2     6    3     1.488139E+04   5.224223E-05   6.842680E-01   1.329938E-01    25.0      0.000000E+00   0.000000E+00   0.000000E+00
    55     K        4    1 --->     L3     2    1     1.495702E+04   2.881867E-02   6.842680E-01   7.373697E+01    25.0      0.000000E+00   0.000000E+00   0.000000E+00
    56     K        4    1 --->     L3     2    2     1.495616E+04   3.905568E-03   6.842680E-01   9.992415E+00    25.0      0.000000E+00   0.000000E+00   0.000000E+00
    57     K        4    1 --->     L3     2    3     1.318002E+04   6.450925E-08   6.842680E-01   1.454468E-04    25.0      0.000000E+00   0.000000E+00   0.000000E+00
    58     K        4    1 --->     L3     4    1     1.495683E+04   9.348941E-02   6.842680E-01   2.392038E+02    25.0      0.000000E+00   0.000000E+00   0.000000E+00
    59     K        4    1 --->     L3     4    2     1.495671E+04   6.890385E-02   6.842680E-01   1.762973E+02    25.0      0.000000E+00   0.000000E+00   0.000000E+00
    60     K        4    1 --->     L3     4    3     1.478382E+04   3.182596E-06   6.842680E-01   8.048863E-03    25.0      0.000000E+00   0.000000E+00   0.000000E+00
    61     K        4    1 --->     L3     6    1     1.495718E+04   4.587015E-01   6.842680E-01   1.173671E+03    25.0      0.000000E+00   0.000000E+00   0.000000E+00
    62     K        4    1 --->     L3     6    2     1.495692E+04   1.118398E-06   6.842680E-01   2.861572E-03    25.0      0.000000E+00   0.000000E+00   0.000000E+00
    63     K        4    1 --->     M1     2    1     1.663999E+04   5.659567E-07   6.842680E-01   1.611026E-03    25.0      0.000000E+00   0.000000E+00   0.000000E+00
    64     K        4    1 --->     M1     4    1     1.663995E+04   4.533081E-07   6.842680E-01   1.290363E-03    25.0      0.000000E+00   0.000000E+00   0.000000E+00
    65     K        4    1 --->     M1     4    2     1.663968E+04   1.285761E-07   6.842680E-01   3.659920E-04    25.0      0.000000E+00   0.000000E+00   0.000000E+00
    66     K        4    1 --->     M1     6    1     1.663987E+04   6.452022E-09   6.842680E-01   1.836589E-05    25.0      0.000000E+00   0.000000E+00   0.000000E+00
    67     K        4    1 --->     M2     2    3     1.672021E+04   5.653317E-04   6.842680E-01   1.617005E+00    25.0      0.000000E+00   0.000000E+00   0.000000E+00
    68     K        4    1 --->     M2     4    3     1.672238E+04   2.794893E-02   6.842680E-01   7.995200E+01    25.0      0.000000E+00   0.000000E+00   0.000000E+00
    69     K        4    1 --->     M2     4    4     1.672107E+04   2.559507E-02   6.842680E-01   7.321272E+01    25.0      0.000000E+00   0.000000E+00   0.000000E+00
    70     K        4    1 --->     M2     6    3     1.672218E+04   4.265453E-05   6.842680E-01   1.220181E-01    25.0      0.000000E+00   0.000000E+00   0.000000E+00
    71     K        4    1 --->     M3     2    1     1.673482E+04   4.193714E-03   6.842680E-01   1.200566E+01    25.0      0.000000E+00   0.000000E+00   0.000000E+00
    72     K        4    1 --->     M3     2    2     1.673402E+04   1.811061E-03   6.842680E-01   5.184413E+00    25.0      0.000000E+00   0.000000E+00   0.000000E+00
    73     K        4    1 --->     M3     4    1     1.673440E+04   7.280637E-03   6.842680E-01   2.084230E+01    25.0      0.000000E+00   0.000000E+00   0.000000E+00
    74     K        4    1 --->     M3     4    2     1.673406E+04   1.785619E-02   6.842680E-01   5.111593E+01    25.0      0.000000E+00   0.000000E+00   0.000000E+00
    75     K        4    1 --->     M3     6    1     1.673450E+04   7.164293E-02   6.842680E-01   2.050937E+02    25.0      0.000000E+00   0.000000E+00   0.000000E+00
    76     K        4    1 --->     M3     6    2     1.673395E+04   1.787412E-03   6.842680E-01   5.116692E+00    25.0      0.000000E+00   0.000000E+00   0.000000E+00
    77     K        4    1 --->     M4     2    3     1.687960E+04   1.350814E-05   6.842680E-01   3.900534E-02    25.0      0.000000E+00   0.000000E+00   0.000000E+00
    78     K        4    1 --->     M4     2    4     1.687919E+04   3.824530E-05   6.842680E-01   1.104322E-01    25.0      0.000000E+00   0.000000E+00   0.000000E+00
    79     K        4    1 --->     M4     4    3     1.687895E+04   1.441813E-06   6.842680E-01   4.163136E-03    25.0      0.000000E+00   0.000000E+00   0.000000E+00
    80     K        4    1 --->     M4     4    4     1.687874E+04   6.902702E-05   6.842680E-01   1.993083E-01    25.0      0.000000E+00   0.000000E+00   0.000000E+00
    81     K        4    1 --->     M4     6    3     1.687935E+04   7.108377E-05   6.842680E-01   2.052544E-01    25.0      0.000000E+00   0.000000E+00   0.000000E+00
    82     K        4    1 --->     M4     6    4     1.687872E+04   2.010032E-06   6.842680E-01   5.803751E-03    25.0      0.000000E+00   0.000000E+00   0.000000E+00
    83     K        4    1 --->     M5     2    1     1.688209E+04   7.010662E-06   6.842680E-01   2.024658E-02    25.0      0.000000E+00   0.000000E+00   0.000000E+00
    84     K        4    1 --->     M5     2    2     1.688131E+04   3.075612E-06   6.842680E-01   8.881860E-03    25.0      0.000000E+00   0.000000E+00   0.000000E+00
    85     K        4    1 --->     M5     4    1     1.688131E+04   2.483072E-05   6.842680E-01   7.170703E-02    25.0      0.000000E+00   0.000000E+00   0.000000E+00
    86     K        4    1 --->     M5     4    2     1.688079E+04   6.508670E-06   6.842680E-01   1.879538E-02    25.0      0.000000E+00   0.000000E+00   0.000000E+00
    87     K        4    1 --->     M5     6    1     1.688105E+04   3.864408E-05   6.842680E-01   1.115960E-01    25.0      0.000000E+00   0.000000E+00   0.000000E+00
    88     K        4    1 --->     M5     6    2     1.688086E+04   2.964192E-05   6.842680E-01   8.559868E-02    25.0      0.000000E+00   0.000000E+00   0.000000E+00
    89     K        4    1 --->     N1     2    1     1.698830E+04   8.922805E-08   6.842680E-01   2.593089E-04    25.0      0.000000E+00   0.000000E+00   0.000000E+00
    90     K        4    1 --->     N1     4    1     1.698825E+04   5.519381E-08   6.842680E-01   1.604004E-04    25.0      0.000000E+00   0.000000E+00   0.000000E+00
    91     K        4    1 --->     N1     4    2     1.698607E+04   3.506932E-08   6.842680E-01   1.019029E-04    25.0      0.000000E+00   0.000000E+00   0.000000E+00
    92     K        4    1 --->     N1     6    1     1.698819E+04   8.543711E-10   6.842680E-01   2.482904E-06    25.0      0.000000E+00   0.000000E+00   0.000000E+00
    93     K        4    1 --->     N2     2    2     1.701198E+04   7.917967E-04   6.842680E-01   2.304277E+00    25.0      0.000000E+00   0.000000E+00   0.000000E+00
    94     K        4    1 --->     N2     4    3     1.701208E+04   6.255646E-03   6.842680E-01   1.820522E+01    25.0      0.000000E+00   0.000000E+00   0.000000E+00
    95     K        4    1 --->     N2     4    4     1.701172E+04   7.536038E-06   6.842680E-01   2.193095E-02    25.0      0.000000E+00   0.000000E+00   0.000000E+00
    96     K        4    1 --->     N2     6    3     1.701155E+04   1.340070E-03   6.842680E-01   3.899758E+00    25.0      0.000000E+00   0.000000E+00   0.000000E+00
    97     K        4    1 --->     N3     2    1     1.701520E+04   1.599764E-03   6.842680E-01   4.656497E+00    25.0      0.000000E+00   0.000000E+00   0.000000E+00
    98     K        4    1 --->     N3     2    3     1.700665E+04   1.399754E-03   6.842680E-01   4.072272E+00    25.0      0.000000E+00   0.000000E+00   0.000000E+00
    99     K        4    1 --->     N3     4    1     1.701476E+04   7.973060E-04   6.842680E-01   2.320690E+00    25.0      0.000000E+00   0.000000E+00   0.000000E+00
   100     K        4    1 --->     N3     4    2     1.701358E+04   8.844602E-05   6.842680E-01   2.574188E-01    25.0      0.000000E+00   0.000000E+00   0.000000E+00
   101     K        4    1 --->     N3     6    1     1.701401E+04   8.309743E-03   6.842680E-01   2.418580E+01    25.0      0.000000E+00   0.000000E+00   0.000000E+00
   102     K        4    1 --->     N3     6    2     1.701261E+04   3.311684E-04   6.842680E-01   9.637982E-01    25.0      0.000000E+00   0.000000E+00   0.000000E+00
   103     K        4    1 --->     O1     2    1     1.704067E+04   1.151889E-08   6.842680E-01   3.357869E-05    25.0      0.000000E+00   0.000000E+00   0.000000E+00
   104     K        4    1 --->     O1     4    1     1.704065E+04   7.296033E-09   6.842680E-01   2.126861E-05    25.0      0.000000E+00   0.000000E+00   0.000000E+00
   105     K        4    1 --->     O1     4    2     1.703985E+04   4.538782E-09   6.842680E-01   1.323035E-05    25.0      0.000000E+00   0.000000E+00   0.000000E+00
   106     K        4    1 --->     O1     6    1     1.704061E+04   7.609150E-11   6.842680E-01   2.218133E-07    25.0      0.000000E+00   0.000000E+00   0.000000E+00
   107     K        4    2 --->     K      6    1     1.200000E-02   2.055011E-21   7.053840E-01   4.348716E-24    25.0      4.456316E+00   2.025546E+00   6.481862E+00
   108     K        4    2 --->     L1     2    1     1.465971E+04   1.400536E-09   7.053840E-01   3.620641E-06    25.0      0.000000E+00   0.000000E+00   0.000000E+00
   109     K        4    2 --->     L1     4    1     1.465968E+04   2.751113E-07   7.053840E-01   7.112112E-04    25.0      0.000000E+00   0.000000E+00   0.000000E+00
   110     K        4    2 --->     L1     4    2     1.465931E+04   7.407370E-07   7.053840E-01   1.914886E-03    25.0      0.000000E+00   0.000000E+00   0.000000E+00
   111     K        4    2 --->     L1     6    1     1.465960E+04   3.264322E-06   7.053840E-01   8.438800E-03    25.0      0.000000E+00   0.000000E+00   0.000000E+00
   112     K        4    2 --->     L2     4    4     1.488120E+04   5.157304E-05   7.053840E-01   1.353400E-01    25.0      0.000000E+00   0.000000E+00   0.000000E+00
   113     K        4    2 --->     L2     6    3     1.488153E+04   2.342103E-01   7.053840E-01   6.146375E+02    25.0      0.000000E+00   0.000000E+00   0.000000E+00
   114     K        4    2 --->     L3     2    1     1.495716E+04   2.534849E-02   7.053840E-01   6.686007E+01    25.0      0.000000E+00   0.000000E+00   0.000000E+00
   115     K        4    2 --->     L3     2    2     1.495629E+04   1.469580E-01   7.053840E-01   3.875992E+02    25.0      0.000000E+00   0.000000E+00   0.000000E+00
   116     K        4    2 --->     L3     2    3     1.318015E+04   2.069354E-03   7.053840E-01   4.809731E+00    25.0      0.000000E+00   0.000000E+00   0.000000E+00
   117     K        4    2 --->     L3     4    1     1.495696E+04   9.578765E-02   7.053840E-01   2.526495E+02    25.0      0.000000E+00   0.000000E+00   0.000000E+00
   118     K        4    2 --->     L3     4    2     1.495684E+04   1.268413E-01   7.053840E-01   3.345538E+02    25.0      0.000000E+00   0.000000E+00   0.000000E+00
   119     K        4    2 --->     L3     4    3     1.478396E+04   5.130441E-02   7.053840E-01   1.337553E+02    25.0      0.000000E+00   0.000000E+00   0.000000E+00
   120     K        4    2 --->     L3     6    1     1.495732E+04   1.176135E-04   7.053840E-01   3.102248E-01    25.0      0.000000E+00   0.000000E+00   0.000000E+00
   121     K        4    2 --->     L3     6    2     1.495705E+04   1.479852E-01   7.053840E-01   3.903283E+02    25.0      0.000000E+00   0.000000E+00   0.000000E+00
   122     K        4    2 --->     M1     2    1     1.664012E+04   1.397466E-10   7.053840E-01   4.100751E-07    25.0      0.000000E+00   0.000000E+00   0.000000E+00
   123     K        4    2 --->     M1     4    1     1.664009E+04   5.320915E-08   7.053840E-01   1.561376E-04    25.0      0.000000E+00   0.000000E+00   0.000000E+00
   124     K        4    2 --->     M1     4    2     1.663982E+04   1.797299E-07   7.053840E-01   5.273931E-04    25.0      0.000000E+00   0.000000E+00   0.000000E+00
   125     K        4    2 --->     M1     6    1     1.664001E+04   7.835530E-07   7.053840E-01   2.299257E-03    25.0      0.000000E+00   0.000000E+00   0.000000E+00
   126     K        4    2 --->     M2     2    3     1.672035E+04   2.207344E-02   7.053840E-01   6.508501E+01    25.0      0.000000E+00   0.000000E+00   0.000000E+00
   127     K        4    2 --->     M2     4    3     1.672251E+04   3.816042E-05   7.053840E-01   1.125331E-01    25.0      0.000000E+00   0.000000E+00   0.000000E+00
   128     K        4    2 --->     M2     4    4     1.672120E+04   2.579822E-05   7.053840E-01   7.607166E-02    25.0      0.000000E+00   0.000000E+00   0.000000E+00
   129     K        4    2 --->     M2     6    3     1.672231E+04   3.600570E-02   7.053840E-01   1.061777E+02    25.0      0.000000E+00   0.000000E+00   0.000000E+00
   130     K        4    2 --->     M3     2    1     1.673496E+04   9.655490E-03   7.053840E-01   2.849473E+01    25.0      0.000000E+00   0.000000E+00   0.000000E+00
   131     K        4    2 --->     M3     2    2     1.673415E+04   1.812714E-02   7.053840E-01   5.349320E+01    25.0      0.000000E+00   0.000000E+00   0.000000E+00
   132     K        4    2 --->     M3     4    1     1.673453E+04   2.497965E-02   7.053840E-01   7.371665E+01    25.0      0.000000E+00   0.000000E+00   0.000000E+00
   133     K        4    2 --->     M3     4    2     1.673419E+04   9.764428E-03   7.053840E-01   2.881490E+01    25.0      0.000000E+00   0.000000E+00   0.000000E+00
   134     K        4    2 --->     M3     6    1     1.673464E+04   6.979560E-04   7.053840E-01   2.059729E+00    25.0      0.000000E+00   0.000000E+00   0.000000E+00
   135     K        4    2 --->     M3     6    2     1.673408E+04   2.931453E-02   7.053840E-01   8.650684E+01    25.0      0.000000E+00   0.000000E+00   0.000000E+00
   136     K        4    2 --->     M4     2    3     1.687974E+04   6.434408E-06   7.053840E-01   1.915313E-02    25.0      0.000000E+00   0.000000E+00   0.000000E+00
   137     K        4    2 --->     M4     2    4     1.687932E+04   1.835953E-06   7.053840E-01   5.464900E-03    25.0      0.000000E+00   0.000000E+00   0.000000E+00
   138     K        4    2 --->     M4     4    3     1.687908E+04   2.875808E-05   7.053840E-01   8.560012E-02    25.0      0.000000E+00   0.000000E+00   0.000000E+00
   139     K        4    2 --->     M4     4    4     1.687887E+04   2.225808E-08   7.053840E-01   6.625166E-05    25.0      0.000000E+00   0.000000E+00   0.000000E+00
   140     K        4    2 --->     M4     6    3     1.687948E+04   8.723498E-07   7.053840E-01   2.596662E-03    25.0      0.000000E+00   0.000000E+00   0.000000E+00
   141     K        4    2 --->     M4     6    4     1.687885E+04   5.528495E-05   7.053840E-01   1.645567E-01    25.0      0.000000E+00   0.000000E+00   0.000000E+00
   142     K        4    2 --->     M5     2    1     1.688223E+04   1.498476E-05   7.053840E-01   4.461132E-02    25.0      0.000000E+00   0.000000E+00   0.000000E+00
   143     K        4    2 --->     M5     2    2     1.688145E+04   2.884267E-05   7.053840E-01   8.586391E-02    25.0      0.000000E+00   0.000000E+00   0.000000E+00
   144     K        4    2 --->     M5     4    1     1.688144E+04   1.918715E-05   7.053840E-01   5.711967E-02    25.0      0.000000E+00   0.000000E+00   0.000000E+00
   145     K        4    2 --->     M5     4    2     1.688092E+04   4.015542E-05   7.053840E-01   1.195380E-01    25.0      0.000000E+00   0.000000E+00   0.000000E+00
   146     K        4    2 --->     M5     6    1     1.688118E+04   3.163491E-05   7.053840E-01   9.417489E-02    25.0      0.000000E+00   0.000000E+00   0.000000E+00
   147     K        4    2 --->     M5     6    2     1.688099E+04   3.658431E-05   7.053840E-01   1.089077E-01    25.0      0.000000E+00   0.000000E+00   0.000000E+00
   148     K        4    2 --->     N1     2    1     1.698843E+04   2.088582E-11   7.053840E-01   6.257061E-08    25.0      0.000000E+00   0.000000E+00   0.000000E+00
   149     K        4    2 --->     N1     4    1     1.698839E+04   1.451379E-08   7.053840E-01   4.348090E-05    25.0      0.000000E+00   0.000000E+00   0.000000E+00
   150     K        4    2 --->     N1     4    2     1.698620E+04   2.154105E-08   7.053840E-01   6.452511E-05    25.0      0.000000E+00   0.000000E+00   0.000000E+00
   151     K        4    2 --->     N1     6    1     1.698832E+04   1.234971E-07   7.053840E-01   3.699756E-04    25.0      0.000000E+00   0.000000E+00   0.000000E+00
   152     K        4    2 --->     N2     2    2     1.701211E+04   7.520659E-04   7.053840E-01   2.256211E+00    25.0      0.000000E+00   0.000000E+00   0.000000E+00
   153     K        4    2 --->     N2     4    3     1.701221E+04   1.661240E-04   7.053840E-01   4.983780E-01    25.0      0.000000E+00   0.000000E+00   0.000000E+00
   154     K        4    2 --->     N2     4    4     1.701185E+04   4.174343E-03   7.053840E-01   1.252291E+01    25.0      0.000000E+00   0.000000E+00   0.000000E+00
   155     K        4    2 --->     N2     6    3     1.701169E+04   3.947898E-03   7.053840E-01   1.184347E+01    25.0      0.000000E+00   0.000000E+00   0.000000E+00
   156     K        4    2 --->     N3     2    1     1.701533E+04   9.721783E-04   7.053840E-01   2.917104E+00    25.0      0.000000E+00   0.000000E+00   0.000000E+00
   157     K        4    2 --->     N3     2    3     1.700678E+04   1.432272E-03   7.053840E-01   4.295495E+00    25.0      0.000000E+00   0.000000E+00   0.000000E+00
   158     K        4    2 --->     N3     4    1     1.701490E+04   1.222213E-03   7.053840E-01   3.667261E+00    25.0      0.000000E+00   0.000000E+00   0.000000E+00
   159     K        4    2 --->     N3     4    2     1.701372E+04   7.365048E-04   7.053840E-01   2.209736E+00    25.0      0.000000E+00   0.000000E+00   0.000000E+00
   160     K        4    2 --->     N3     6    1     1.701414E+04   1.355947E-03   7.053840E-01   4.068351E+00    25.0      0.000000E+00   0.000000E+00   0.000000E+00
   161     K        4    2 --->     N3     6    2     1.701275E+04   3.614191E-03   7.053840E-01   1.084304E+01    25.0      0.000000E+00   0.000000E+00   0.000000E+00
   162     K        4    2 --->     O1     2    1     1.704081E+04   2.713765E-12   7.053840E-01   8.155074E-09    25.0      0.000000E+00   0.000000E+00   0.000000E+00
   163     K        4    2 --->     O1     4    1     1.704078E+04   1.785691E-09   7.053840E-01   5.366135E-06    25.0      0.000000E+00   0.000000E+00   0.000000E+00
   164     K        4    2 --->     O1     4    2     1.703998E+04   3.033851E-09   7.053840E-01   9.116519E-06    25.0      0.000000E+00   0.000000E+00   0.000000E+00
   165     K        4    2 --->     O1     6    1     1.704075E+04   1.594869E-08   7.053840E-01   4.792689E-05    25.0      0.000000E+00   0.000000E+00   0.000000E+00
   166     K        6    1 --->     L1     4    1     1.465967E+04   7.220572E-07   6.671262E-01   2.471564E-03    35.0      0.000000E+00   0.000000E+00   0.000000E+00
   167     K        6    1 --->     L1     4    2     1.465929E+04   2.114571E-06   6.671262E-01   7.237878E-03    35.0      0.000000E+00   0.000000E+00   0.000000E+00
   168     K        6    1 --->     L1     6    1     1.465959E+04   2.264433E-06   6.671262E-01   7.750989E-03    35.0      0.000000E+00   0.000000E+00   0.000000E+00
   169     K        6    1 --->     L2     4    4     1.488119E+04   2.404041E-07   6.671262E-01   8.353250E-04    35.0      0.000000E+00   0.000000E+00   0.000000E+00
   170     K        6    1 --->     L2     6    3     1.488151E+04   1.618064E-01   6.671262E-01   5.622362E+02    35.0      0.000000E+00   0.000000E+00   0.000000E+00
   171     K        6    1 --->     L3     4    1     1.495695E+04   2.481387E-02   6.671262E-01   8.665898E+01    35.0      0.000000E+00   0.000000E+00   0.000000E+00
   172     K        6    1 --->     L3     4    2     1.495683E+04   3.069211E-02   6.671262E-01   1.071870E+02    35.0      0.000000E+00   0.000000E+00   0.000000E+00
   173     K        6    1 --->     L3     4    3     1.478395E+04   1.591713E-02   6.671262E-01   5.494537E+01    35.0      0.000000E+00   0.000000E+00   0.000000E+00
   174     K        6    1 --->     L3     6    1     1.495731E+04   5.231021E-08   6.671262E-01   1.826905E-04    35.0      0.000000E+00   0.000000E+00   0.000000E+00
   175     K        6    1 --->     L3     6    2     1.495704E+04   1.585775E-01   6.671262E-01   5.538131E+02    35.0      0.000000E+00   0.000000E+00   0.000000E+00
   176     K        6    1 --->     L3     8    1     1.495698E+04   4.458991E-01   6.671262E-01   1.557244E+03    35.0      0.000000E+00   0.000000E+00   0.000000E+00
   177     K        6    1 --->     M1     4    1     1.664008E+04   1.392295E-07   6.671262E-01   5.409569E-04    35.0      0.000000E+00   0.000000E+00   0.000000E+00
   178     K        6    1 --->     M1     4    2     1.663981E+04   5.362190E-07   6.671262E-01   2.083370E-03    35.0      0.000000E+00   0.000000E+00   0.000000E+00
   179     K        6    1 --->     M1     6    1     1.663999E+04   5.423361E-07   6.671262E-01   2.107161E-03    35.0      0.000000E+00   0.000000E+00   0.000000E+00
   180     K        6    1 --->     M2     4    3     1.672250E+04   1.198258E-05   6.671262E-01   4.678727E-02    35.0      0.000000E+00   0.000000E+00   0.000000E+00
   181     K        6    1 --->     M2     4    4     1.672119E+04   4.115451E-07   6.671262E-01   1.606796E-03    35.0      0.000000E+00   0.000000E+00   0.000000E+00
   182     K        6    1 --->     M2     6    3     1.672230E+04   2.659301E-02   6.671262E-01   1.038340E+02    35.0      0.000000E+00   0.000000E+00   0.000000E+00
   183     K        6    1 --->     M3     4    1     1.673452E+04   7.953906E-03   6.671262E-01   3.107919E+01    35.0      0.000000E+00   0.000000E+00   0.000000E+00
   184     K        6    1 --->     M3     4    2     1.673418E+04   2.316939E-03   6.671262E-01   9.053055E+00    35.0      0.000000E+00   0.000000E+00   0.000000E+00
   185     K        6    1 --->     M3     6    1     1.673463E+04   7.281776E-04   6.671262E-01   2.845308E+00    35.0      0.000000E+00   0.000000E+00   0.000000E+00
   186     K        6    1 --->     M3     6    2     1.673407E+04   2.937892E-02   6.671262E-01   1.147925E+02    35.0      0.000000E+00   0.000000E+00   0.000000E+00
   187     K        6    1 --->     M3     8    1     1.673463E+04   7.200117E-02   6.671262E-01   2.813402E+02    35.0      0.000000E+00   0.000000E+00   0.000000E+00
   188     K        6    1 --->     M4     4    3     1.687907E+04   5.278381E-05   6.671262E-01   2.080297E-01    35.0      0.000000E+00   0.000000E+00   0.000000E+00
   189     K        6    1 --->     M4     4    4     1.687886E+04   1.892160E-06   6.671262E-01   7.457222E-03    35.0      0.000000E+00   0.000000E+00   0.000000E+00
   190     K        6    1 --->     M4     6    3     1.687947E+04   5.956179E-06   6.671262E-01   2.347484E-02    35.0      0.000000E+00   0.000000E+00   0.000000E+00
   191     K        6    1 --->     M4     6    4     1.687884E+04   5.638078E-05   6.671262E-01   2.222029E-01    35.0      0.000000E+00   0.000000E+00   0.000000E+00
   192     K        6    1 --->     M4     8    3     1.687928E+04   5.879960E-05   6.671262E-01   2.317417E-01    35.0      0.000000E+00   0.000000E+00   0.000000E+00
   193     K        6    1 --->     M5     4    1     1.688143E+04   6.218354E-06   6.671262E-01   2.451099E-02    35.0      0.000000E+00   0.000000E+00   0.000000E+00
   194     K        6    1 --->     M5     4    2     1.688091E+04   1.727465E-05   6.671262E-01   6.808964E-02    35.0      0.000000E+00   0.000000E+00   0.000000E+00
   195     K        6    1 --->     M5     6    1     1.688117E+04   2.806339E-05   6.671262E-01   1.106162E-01    35.0      0.000000E+00   0.000000E+00   0.000000E+00
   196     K        6    1 --->     M5     6    2     1.688098E+04   1.815003E-05   6.671262E-01   7.154034E-02    35.0      0.000000E+00   0.000000E+00   0.000000E+00
   197     K        6    1 --->     M5     8    1     1.688150E+04   5.446748E-06   6.671262E-01   2.146962E-02    35.0      0.000000E+00   0.000000E+00   0.000000E+00
   198     K        6    1 --->     M5     8    2     1.688089E+04   7.344152E-05   6.671262E-01   2.894764E-01    35.0      0.000000E+00   0.000000E+00   0.000000E+00
   199     K        6    1 --->     N1     4    1     1.698838E+04   4.119229E-08   6.671262E-01   1.633969E-04    35.0      0.000000E+00   0.000000E+00   0.000000E+00
   200     K        6    1 --->     N1     4    2     1.698619E+04   6.468509E-08   6.671262E-01   2.565525E-04    35.0      0.000000E+00   0.000000E+00   0.000000E+00
   201     K        6    1 --->     N1     6    1     1.698831E+04   8.547277E-08   6.671262E-01   3.390424E-04    35.0      0.000000E+00   0.000000E+00   0.000000E+00
   202     K        6    1 --->     N2     4    3     1.701220E+04   3.438174E-04   6.671262E-01   1.365729E+00    35.0      0.000000E+00   0.000000E+00   0.000000E+00
   203     K        6    1 --->     N2     4    4     1.701184E+04   1.592609E-03   6.671262E-01   6.326104E+00    35.0      0.000000E+00   0.000000E+00   0.000000E+00
   204     K        6    1 --->     N2     6    3     1.701167E+04   3.361173E-03   6.671262E-01   1.335100E+01    35.0      0.000000E+00   0.000000E+00   0.000000E+00
   205     K        6    1 --->     N3     4    1     1.701489E+04   3.608495E-03   6.671262E-01   1.433610E+01    35.0      0.000000E+00   0.000000E+00   0.000000E+00
   206     K        6    1 --->     N3     4    2     1.701370E+04   2.683857E-05   6.671262E-01   1.066189E-01    35.0      0.000000E+00   0.000000E+00   0.000000E+00
   207     K        6    1 --->     N3     6    1     1.701413E+04   1.197001E-04   6.671262E-01   4.755326E-01    35.0      0.000000E+00   0.000000E+00   0.000000E+00
   208     K        6    1 --->     N3     6    2     1.701274E+04   4.189944E-03   6.671262E-01   1.664403E+01    35.0      0.000000E+00   0.000000E+00   0.000000E+00
   209     K        6    1 --->     N3     8    1     1.701445E+04   9.735581E-03   6.671262E-01   3.867728E+01    35.0      0.000000E+00   0.000000E+00   0.000000E+00
   210     K        6    1 --->     O1     4    1     1.704077E+04   5.046987E-09   6.671262E-01   2.008156E-05    35.0      0.000000E+00   0.000000E+00   0.000000E+00
   211     K        6    1 --->     O1     4    2     1.703997E+04   9.137943E-09   6.671262E-01   3.635744E-05    35.0      0.000000E+00   0.000000E+00   0.000000E+00
   212     K        6    1 --->     O1     6    1     1.704073E+04   1.102463E-08   6.671262E-01   4.386604E-05    35.0      0.000000E+00   0.000000E+00   0.000000E+00

