# Atomic number Z= 39  Date:26-03-2020

# Number Shelli   2Ji Eigi ---> Shellf   2Jf Eigf       Energy(eV) BranchingRatio   LevelRadYield  Intensity(eV)  Weight(%)   RadWidth(eV)   AugWidth(eV)   TotWidth(eV)
     1     K        2    1 --->     K      4    1     1.040000E-02   2.770472E-21   7.580835E-01   3.276388E-24    15.0      6.073782E+00   2.012808E+00   8.086590E+00
     2     K        2    1 --->     L1     2    1     1.465959E+04   5.302006E-07   7.580835E-01   8.838334E-04    15.0      0.000000E+00   0.000000E+00   0.000000E+00
     3     K        2    1 --->     L1     4    1     1.465956E+04   2.020513E-06   7.580835E-01   3.368145E-03    15.0      0.000000E+00   0.000000E+00   0.000000E+00
     4     K        2    1 --->     L1     4    2     1.465918E+04   6.421984E-07   7.580835E-01   1.070501E-03    15.0      0.000000E+00   0.000000E+00   0.000000E+00
     5     K        2    1 --->     L2     4    4     1.488108E+04   1.871440E-01   7.580835E-01   3.166785E+02    15.0      0.000000E+00   0.000000E+00   0.000000E+00
     6     K        2    1 --->     L3     0    1     1.495715E+04   7.330068E-02   7.580835E-01   1.246709E+02    15.0      0.000000E+00   0.000000E+00   0.000000E+00
     7     K        2    1 --->     L3     2    1     1.495703E+04   1.550647E-01   7.580835E-01   2.637343E+02    15.0      0.000000E+00   0.000000E+00   0.000000E+00
     8     K        2    1 --->     L3     2    2     1.495617E+04   2.828114E-02   7.580835E-01   4.809784E+01    15.0      0.000000E+00   0.000000E+00   0.000000E+00
     9     K        2    1 --->     L2     2    3     1.488118E+04   3.824914E-02   7.580835E-01   6.472431E+01    15.0      0.000000E+00   0.000000E+00   0.000000E+00
    10     K        2    1 --->     L3     4    1     1.495684E+04   1.021254E-01   7.580835E-01   1.736928E+02    15.0      0.000000E+00   0.000000E+00   0.000000E+00
    11     K        2    1 --->     L3     4    2     1.495672E+04   8.210427E-02   7.580835E-01   1.396402E+02    15.0      0.000000E+00   0.000000E+00   0.000000E+00
    12     K        2    1 --->     L2     4    3     1.488142E+04   1.906939E-01   7.580835E-01   3.226928E+02    15.0      0.000000E+00   0.000000E+00   0.000000E+00
    13     K        2    1 --->     M1     2    1     1.664000E+04   1.276447E-07   7.580835E-01   2.415262E-04    15.0      0.000000E+00   0.000000E+00   0.000000E+00
    14     K        2    1 --->     M1     4    1     1.663996E+04   5.135628E-07   7.580835E-01   9.717494E-04    15.0      0.000000E+00   0.000000E+00   0.000000E+00
    15     K        2    1 --->     M1     4    2     1.663969E+04   1.292186E-07   7.580835E-01   2.444998E-04    15.0      0.000000E+00   0.000000E+00   0.000000E+00
    16     K        2    1 --->     M2     2    3     1.672022E+04   2.173738E-05   7.580835E-01   4.132927E-02    15.0      0.000000E+00   0.000000E+00   0.000000E+00
    17     K        2    1 --->     M2     4    3     1.672239E+04   2.932180E-02   7.580835E-01   5.575672E+01    15.0      0.000000E+00   0.000000E+00   0.000000E+00
    18     K        2    1 --->     M2     4    4     1.672108E+04   2.773550E-02   7.580835E-01   5.273617E+01    15.0      0.000000E+00   0.000000E+00   0.000000E+00
    19     K        2    1 --->     M3     0    1     1.673504E+04   1.183155E-02   7.580835E-01   2.251524E+01    15.0      0.000000E+00   0.000000E+00   0.000000E+00
    20     K        2    1 --->     M3     2    1     1.673483E+04   1.845664E-02   7.580835E-01   3.512226E+01    15.0      0.000000E+00   0.000000E+00   0.000000E+00
    21     K        2    1 --->     M3     2    2     1.673403E+04   1.037167E-02   7.580835E-01   1.973592E+01    15.0      0.000000E+00   0.000000E+00   0.000000E+00
    22     K        2    1 --->     M3     4    1     1.673441E+04   7.354510E-03   7.580835E-01   1.399498E+01    15.0      0.000000E+00   0.000000E+00   0.000000E+00
    23     K        2    1 --->     M3     4    2     1.673407E+04   2.318030E-02   7.580835E-01   4.410918E+01    15.0      0.000000E+00   0.000000E+00   0.000000E+00
    24     K        2    1 --->     M4     0    2     1.687636E+04   3.634633E-10   7.580835E-01   6.975055E-07    15.0      0.000000E+00   0.000000E+00   0.000000E+00
    25     K        2    1 --->     M4     2    3     1.687961E+04   6.523467E-06   7.580835E-01   1.252130E-02    15.0      0.000000E+00   0.000000E+00   0.000000E+00
    26     K        2    1 --->     M4     2    4     1.687920E+04   5.640196E-06   7.580835E-01   1.082566E-02    15.0      0.000000E+00   0.000000E+00   0.000000E+00
    27     K        2    1 --->     M4     4    3     1.687896E+04   2.235554E-07   7.580835E-01   4.290810E-04    15.0      0.000000E+00   0.000000E+00   0.000000E+00
    28     K        2    1 --->     M4     4    4     1.687875E+04   3.603477E-05   7.580835E-01   6.916244E-02    15.0      0.000000E+00   0.000000E+00   0.000000E+00
    29     K        2    1 --->     M5     0    1     1.688040E+04   2.224728E-10   7.580835E-01   4.270395E-07    15.0      0.000000E+00   0.000000E+00   0.000000E+00
    30     K        2    1 --->     M5     2    1     1.688210E+04   3.206715E-05   7.580835E-01   6.155953E-02    15.0      0.000000E+00   0.000000E+00   0.000000E+00
    31     K        2    1 --->     M5     2    2     1.688132E+04   2.257971E-05   7.580835E-01   4.334441E-02    15.0      0.000000E+00   0.000000E+00   0.000000E+00
    32     K        2    1 --->     M5     4    1     1.688132E+04   4.932020E-05   7.580835E-01   9.467594E-02    15.0      0.000000E+00   0.000000E+00   0.000000E+00
    33     K        2    1 --->     M5     4    2     1.688080E+04   2.712912E-05   7.580835E-01   5.207592E-02    15.0      0.000000E+00   0.000000E+00   0.000000E+00
    34     K        2    1 --->     N1     2    1     1.698831E+04   2.012957E-08   7.580835E-01   3.888598E-05    15.0      0.000000E+00   0.000000E+00   0.000000E+00
    35     K        2    1 --->     N1     4    1     1.698826E+04   6.256577E-08   7.580835E-01   1.208632E-04    15.0      0.000000E+00   0.000000E+00   0.000000E+00
    36     K        2    1 --->     N1     4    2     1.698608E+04   3.770330E-08   7.580835E-01   7.282506E-05    15.0      0.000000E+00   0.000000E+00   0.000000E+00
    37     K        2    1 --->     N2     2    2     1.701199E+04   3.002446E-03   7.580835E-01   5.808160E+00    15.0      0.000000E+00   0.000000E+00   0.000000E+00
    38     K        2    1 --->     N2     4    3     1.701209E+04   3.586060E-04   7.580835E-01   6.937189E-01    15.0      0.000000E+00   0.000000E+00   0.000000E+00
    39     K        2    1 --->     N2     4    4     1.701173E+04   5.215171E-04   7.580835E-01   1.008847E+00    15.0      0.000000E+00   0.000000E+00   0.000000E+00
    40     K        2    1 --->     N3     0    1     1.701542E+04   1.605422E-03   7.580835E-01   3.106277E+00    15.0      0.000000E+00   0.000000E+00   0.000000E+00
    41     K        2    1 --->     N3     2    1     1.701521E+04   1.772419E-03   7.580835E-01   3.429352E+00    15.0      0.000000E+00   0.000000E+00   0.000000E+00
    42     K        2    1 --->     N3     2    3     1.700666E+04   3.085150E-05   7.580835E-01   5.966279E-02    15.0      0.000000E+00   0.000000E+00   0.000000E+00
    43     K        2    1 --->     N3     4    1     1.701478E+04   2.740576E-04   7.580835E-01   5.302448E-01    15.0      0.000000E+00   0.000000E+00   0.000000E+00
    44     K        2    1 --->     N3     4    2     1.701359E+04   7.014130E-03   7.580835E-01   1.356995E+01    15.0      0.000000E+00   0.000000E+00   0.000000E+00
    45     K        2    1 --->     N4     0    1     1.704034E+04   1.793344E-10   7.580835E-01   3.474963E-07    15.0      0.000000E+00   0.000000E+00   0.000000E+00
    46     K        2    1 --->     O1     2    1     1.704068E+04   2.600272E-09   7.580835E-01   5.038648E-06    15.0      0.000000E+00   0.000000E+00   0.000000E+00
    47     K        2    1 --->     O1     4    1     1.704066E+04   8.305981E-09   7.580835E-01   1.609480E-05    15.0      0.000000E+00   0.000000E+00   0.000000E+00
    48     K        2    1 --->     O1     4    2     1.703986E+04   4.873138E-09   7.580835E-01   9.442414E-06    15.0      0.000000E+00   0.000000E+00   0.000000E+00
    49     K        4    1 --->     L1     2    1     1.465958E+04   1.755676E-06   7.435296E-01   4.784143E-03    25.0      0.000000E+00   0.000000E+00   0.000000E+00
    50     K        4    1 --->     L1     4    1     1.465955E+04   1.343593E-06   7.435296E-01   3.661225E-03    25.0      0.000000E+00   0.000000E+00   0.000000E+00
    51     K        4    1 --->     L1     4    2     1.465917E+04   4.932749E-07   7.435296E-01   1.344116E-03    25.0      0.000000E+00   0.000000E+00   0.000000E+00
    52     K        4    1 --->     L1     6    1     1.465946E+04   3.813162E-08   7.435296E-01   1.039062E-04    25.0      0.000000E+00   0.000000E+00   0.000000E+00
    53     K        4    1 --->     L2     4    4     1.488107E+04   1.242207E-01   7.435296E-01   3.436104E+02    25.0      0.000000E+00   0.000000E+00   0.000000E+00
    54     K        4    1 --->     L2     6    3     1.488139E+04   3.905424E-05   7.435296E-01   1.080314E-01    25.0      0.000000E+00   0.000000E+00   0.000000E+00
    55     K        4    1 --->     L3     2    1     1.495702E+04   2.154371E-02   7.435296E-01   5.989683E+01    25.0      0.000000E+00   0.000000E+00   0.000000E+00
    56     K        4    1 --->     L3     2    2     1.495616E+04   2.919649E-03   7.435296E-01   8.116879E+00    25.0      0.000000E+00   0.000000E+00   0.000000E+00
    57     K        4    1 --->     L2     2    3     1.488117E+04   1.256541E-01   7.435296E-01   3.475778E+02    25.0      0.000000E+00   0.000000E+00   0.000000E+00
    58     K        4    1 --->     L3     4    1     1.495683E+04   6.988902E-02   7.435296E-01   1.943062E+02    25.0      0.000000E+00   0.000000E+00   0.000000E+00
    59     K        4    1 --->     L3     4    2     1.495671E+04   5.150982E-02   7.435296E-01   1.432070E+02    25.0      0.000000E+00   0.000000E+00   0.000000E+00
    60     K        4    1 --->     L2     4    3     1.488141E+04   1.267875E-01   7.435296E-01   3.507186E+02    25.0      0.000000E+00   0.000000E+00   0.000000E+00
    61     K        4    1 --->     L3     6    1     1.495718E+04   3.429072E-01   7.435296E-01   9.533773E+02    25.0      0.000000E+00   0.000000E+00   0.000000E+00
    62     K        4    1 --->     L3     6    2     1.495692E+04   8.360704E-07   7.435296E-01   2.324466E-03    25.0      0.000000E+00   0.000000E+00   0.000000E+00
    63     K        4    1 --->     M1     2    1     1.663999E+04   4.230870E-07   7.435296E-01   1.308642E-03    25.0      0.000000E+00   0.000000E+00   0.000000E+00
    64     K        4    1 --->     M1     4    1     1.663995E+04   3.388753E-07   7.435296E-01   1.048167E-03    25.0      0.000000E+00   0.000000E+00   0.000000E+00
    65     K        4    1 --->     M1     4    2     1.663968E+04   9.611846E-08   7.435296E-01   2.972967E-04    25.0      0.000000E+00   0.000000E+00   0.000000E+00
    66     K        4    1 --->     M1     6    1     1.663987E+04   4.823279E-09   7.435296E-01   1.491869E-05    25.0      0.000000E+00   0.000000E+00   0.000000E+00
    67     K        4    1 --->     M2     2    3     1.672021E+04   4.226198E-04   7.435296E-01   1.313500E+00    25.0      0.000000E+00   0.000000E+00   0.000000E+00
    68     K        4    1 --->     M2     4    3     1.672238E+04   2.089352E-02   7.435296E-01   6.494533E+01    25.0      0.000000E+00   0.000000E+00   0.000000E+00
    69     K        4    1 --->     M2     4    4     1.672107E+04   1.913387E-02   7.435296E-01   5.947098E+01    25.0      0.000000E+00   0.000000E+00   0.000000E+00
    70     K        4    1 --->     M2     6    3     1.672218E+04   3.188686E-05   7.435296E-01   9.911579E-02    25.0      0.000000E+00   0.000000E+00   0.000000E+00
    71     K        4    1 --->     M3     2    1     1.673482E+04   3.135056E-03   7.435296E-01   9.752247E+00    25.0      0.000000E+00   0.000000E+00   0.000000E+00
    72     K        4    1 --->     M3     2    2     1.673402E+04   1.353879E-03   7.435296E-01   4.211320E+00    25.0      0.000000E+00   0.000000E+00   0.000000E+00
    73     K        4    1 --->     M3     4    1     1.673440E+04   5.442719E-03   7.435296E-01   1.693028E+01    25.0      0.000000E+00   0.000000E+00   0.000000E+00
    74     K        4    1 --->     M3     4    2     1.673406E+04   1.334859E-02   7.435296E-01   4.152167E+01    25.0      0.000000E+00   0.000000E+00   0.000000E+00
    75     K        4    1 --->     M3     6    1     1.673450E+04   5.355745E-02   7.435296E-01   1.665985E+02    25.0      0.000000E+00   0.000000E+00   0.000000E+00
    76     K        4    1 --->     M3     6    2     1.673395E+04   1.336199E-03   7.435296E-01   4.156309E+00    25.0      0.000000E+00   0.000000E+00   0.000000E+00
    77     K        4    1 --->     M4     2    3     1.687960E+04   1.009816E-05   7.435296E-01   3.168419E-02    25.0      0.000000E+00   0.000000E+00   0.000000E+00
    78     K        4    1 --->     M4     2    4     1.687919E+04   2.859068E-05   7.435296E-01   8.970454E-02    25.0      0.000000E+00   0.000000E+00   0.000000E+00
    79     K        4    1 --->     M4     4    3     1.687895E+04   1.077843E-06   7.435296E-01   3.381732E-03    25.0      0.000000E+00   0.000000E+00   0.000000E+00
    80     K        4    1 --->     M4     4    4     1.687874E+04   5.160190E-05   7.435296E-01   1.618989E-01    25.0      0.000000E+00   0.000000E+00   0.000000E+00
    81     K        4    1 --->     M4     6    3     1.687935E+04   5.313944E-05   7.435296E-01   1.667289E-01    25.0      0.000000E+00   0.000000E+00   0.000000E+00
    82     K        4    1 --->     M4     6    4     1.687872E+04   1.502621E-06   7.435296E-01   4.714410E-03    25.0      0.000000E+00   0.000000E+00   0.000000E+00
    83     K        4    1 --->     M5     2    1     1.688209E+04   5.240896E-06   7.435296E-01   1.644637E-02    25.0      0.000000E+00   0.000000E+00   0.000000E+00
    84     K        4    1 --->     M5     2    2     1.688131E+04   2.299207E-06   7.435296E-01   7.214770E-03    25.0      0.000000E+00   0.000000E+00   0.000000E+00
    85     K        4    1 --->     M5     4    1     1.688131E+04   1.856247E-05   7.435296E-01   5.824791E-02    25.0      0.000000E+00   0.000000E+00   0.000000E+00
    86     K        4    1 --->     M5     4    2     1.688079E+04   4.865626E-06   7.435296E-01   1.526756E-02    25.0      0.000000E+00   0.000000E+00   0.000000E+00
    87     K        4    1 --->     M5     6    1     1.688105E+04   2.888880E-05   7.435296E-01   9.064988E-02    25.0      0.000000E+00   0.000000E+00   0.000000E+00
    88     K        4    1 --->     M5     6    2     1.688086E+04   2.215914E-05   7.435296E-01   6.953215E-02    25.0      0.000000E+00   0.000000E+00   0.000000E+00
    89     K        4    1 --->     N1     2    1     1.698830E+04   6.670339E-08   7.435296E-01   2.106377E-04    25.0      0.000000E+00   0.000000E+00   0.000000E+00
    90     K        4    1 --->     N1     4    1     1.698825E+04   4.126073E-08   7.435296E-01   1.302939E-04    25.0      0.000000E+00   0.000000E+00   0.000000E+00
    91     K        4    1 --->     N1     4    2     1.698607E+04   2.621645E-08   7.435296E-01   8.277611E-05    25.0      0.000000E+00   0.000000E+00   0.000000E+00
    92     K        4    1 --->     N1     6    1     1.698819E+04   6.386944E-10   7.435296E-01   2.016873E-06    25.0      0.000000E+00   0.000000E+00   0.000000E+00
    93     K        4    1 --->     N2     2    2     1.701198E+04   5.919162E-04   7.435296E-01   1.871773E+00    25.0      0.000000E+00   0.000000E+00   0.000000E+00
    94     K        4    1 --->     N2     4    3     1.701208E+04   4.676476E-03   7.435296E-01   1.478817E+01    25.0      0.000000E+00   0.000000E+00   0.000000E+00
    95     K        4    1 --->     N2     4    4     1.701172E+04   5.633647E-06   7.435296E-01   1.781460E-02    25.0      0.000000E+00   0.000000E+00   0.000000E+00
    96     K        4    1 --->     N2     6    3     1.701155E+04   1.001784E-03   7.435296E-01   3.167789E+00    25.0      0.000000E+00   0.000000E+00   0.000000E+00
    97     K        4    1 --->     N3     2    1     1.701520E+04   1.195921E-03   7.435296E-01   3.782491E+00    25.0      0.000000E+00   0.000000E+00   0.000000E+00
    98     K        4    1 --->     N3     2    3     1.700665E+04   1.046401E-03   7.435296E-01   3.307923E+00    25.0      0.000000E+00   0.000000E+00   0.000000E+00
    99     K        4    1 --->     N3     4    1     1.701476E+04   5.960347E-04   7.435296E-01   1.885106E+00    25.0      0.000000E+00   0.000000E+00   0.000000E+00
   100     K        4    1 --->     N3     4    2     1.701358E+04   6.611878E-05   7.435296E-01   2.091023E-01    25.0      0.000000E+00   0.000000E+00   0.000000E+00
   101     K        4    1 --->     N3     6    1     1.701401E+04   6.212038E-03   7.435296E-01   1.964622E+01    25.0      0.000000E+00   0.000000E+00   0.000000E+00
   102     K        4    1 --->     N3     6    2     1.701261E+04   2.475685E-04   7.435296E-01   7.828971E-01    25.0      0.000000E+00   0.000000E+00   0.000000E+00
   103     K        4    1 --->     O1     2    1     1.704067E+04   8.611074E-09   7.435296E-01   2.727610E-05    25.0      0.000000E+00   0.000000E+00   0.000000E+00
   104     K        4    1 --->     O1     4    1     1.704065E+04   5.454229E-09   7.435296E-01   1.727658E-05    25.0      0.000000E+00   0.000000E+00   0.000000E+00
   105     K        4    1 --->     O1     4    2     1.703985E+04   3.393015E-09   7.435296E-01   1.074706E-05    25.0      0.000000E+00   0.000000E+00   0.000000E+00
   106     K        4    1 --->     O1     6    1     1.704061E+04   5.688302E-11   7.435296E-01   1.801798E-07    25.0      0.000000E+00   0.000000E+00   0.000000E+00
   107     K        4    2 --->     K      6    1     1.200000E-02   2.169935E-21   6.939505E-01   4.517483E-24    25.0      4.295161E+00   2.025546E+00   6.320707E+00
   108     K        4    2 --->     L1     2    1     1.465971E+04   1.478859E-09   6.939505E-01   3.761152E-06    25.0      0.000000E+00   0.000000E+00   0.000000E+00
   109     K        4    2 --->     L1     4    1     1.465968E+04   2.904966E-07   6.939505E-01   7.388121E-04    25.0      0.000000E+00   0.000000E+00   0.000000E+00
   110     K        4    2 --->     L1     4    2     1.465931E+04   7.821618E-07   6.939505E-01   1.989200E-03    25.0      0.000000E+00   0.000000E+00   0.000000E+00
   111     K        4    2 --->     L1     6    1     1.465960E+04   3.446876E-06   6.939505E-01   8.766296E-03    25.0      0.000000E+00   0.000000E+00   0.000000E+00
   112     K        4    2 --->     L2     4    4     1.488154E+04   6.412425E-05   6.939505E-01   1.655536E-01    25.0      0.000000E+00   0.000000E+00   0.000000E+00
   113     K        4    2 --->     L2     6    3     1.488153E+04   2.473082E-01   6.939505E-01   6.384905E+02    25.0      0.000000E+00   0.000000E+00   0.000000E+00
   114     K        4    2 --->     L3     2    1     1.495716E+04   2.676608E-02   6.939505E-01   6.945479E+01    25.0      0.000000E+00   0.000000E+00   0.000000E+00
   115     K        4    2 --->     L3     2    2     1.495629E+04   1.551765E-01   6.939505E-01   4.026413E+02    25.0      0.000000E+00   0.000000E+00   0.000000E+00
   116     K        4    2 --->     L2     2    3     1.488130E+04   3.610533E-04   6.939505E-01   9.321391E-01    25.0      0.000000E+00   0.000000E+00   0.000000E+00
   117     K        4    2 --->     L3     4    1     1.495696E+04   1.011445E-01   6.939505E-01   2.624544E+02    25.0      0.000000E+00   0.000000E+00   0.000000E+00
   118     K        4    2 --->     L3     4    2     1.495684E+04   1.339347E-01   6.939505E-01   3.475373E+02    25.0      0.000000E+00   0.000000E+00   0.000000E+00
   119     K        4    2 --->     L2     4    3     1.488154E+04   6.412425E-05   6.939505E-01   1.655536E-01    25.0      0.000000E+00   0.000000E+00   0.000000E+00
   120     K        4    2 --->     L3     6    1     1.495732E+04   1.241909E-04   6.939505E-01   3.222641E-01    25.0      0.000000E+00   0.000000E+00   0.000000E+00
   121     K        4    2 --->     L3     6    2     1.495705E+04   1.562611E-01   6.939505E-01   4.054762E+02    25.0      0.000000E+00   0.000000E+00   0.000000E+00
   122     K        4    2 --->     M1     2    1     1.664012E+04   1.475618E-10   6.939505E-01   4.259894E-07    25.0      0.000000E+00   0.000000E+00   0.000000E+00
   123     K        4    2 --->     M1     4    1     1.664009E+04   5.618480E-08   6.939505E-01   1.621970E-04    25.0      0.000000E+00   0.000000E+00   0.000000E+00
   124     K        4    2 --->     M1     4    2     1.663982E+04   1.897811E-07   6.939505E-01   5.478604E-04    25.0      0.000000E+00   0.000000E+00   0.000000E+00
   125     K        4    2 --->     M1     6    1     1.664001E+04   8.273723E-07   6.939505E-01   2.388487E-03    25.0      0.000000E+00   0.000000E+00   0.000000E+00
   126     K        4    2 --->     M2     2    3     1.672035E+04   2.330787E-02   6.939505E-01   6.761086E+01    25.0      0.000000E+00   0.000000E+00   0.000000E+00
   127     K        4    2 --->     M2     4    3     1.672251E+04   4.029450E-05   6.939505E-01   1.169003E-01    25.0      0.000000E+00   0.000000E+00   0.000000E+00
   128     K        4    2 --->     M2     4    4     1.672120E+04   2.724096E-05   6.939505E-01   7.902387E-02    25.0      0.000000E+00   0.000000E+00   0.000000E+00
   129     K        4    2 --->     M2     6    3     1.672231E+04   3.801928E-02   6.939505E-01   1.102983E+02    25.0      0.000000E+00   0.000000E+00   0.000000E+00
   130     K        4    2 --->     M3     2    1     1.673496E+04   1.019546E-02   6.939505E-01   2.960056E+01    25.0      0.000000E+00   0.000000E+00   0.000000E+00
   131     K        4    2 --->     M3     2    2     1.673415E+04   1.914088E-02   6.939505E-01   5.556918E+01    25.0      0.000000E+00   0.000000E+00   0.000000E+00
   132     K        4    2 --->     M3     4    1     1.673453E+04   2.637661E-02   6.939505E-01   7.657747E+01    25.0      0.000000E+00   0.000000E+00   0.000000E+00
   133     K        4    2 --->     M3     4    2     1.673419E+04   1.031049E-02   6.939505E-01   2.993316E+01    25.0      0.000000E+00   0.000000E+00   0.000000E+00
   134     K        4    2 --->     M3     6    1     1.673464E+04   7.369884E-04   6.939505E-01   2.139663E+00    25.0      0.000000E+00   0.000000E+00   0.000000E+00
   135     K        4    2 --->     M3     6    2     1.673408E+04   3.095391E-02   6.939505E-01   8.986402E+01    25.0      0.000000E+00   0.000000E+00   0.000000E+00
   136     K        4    2 --->     M4     2    3     1.687974E+04   6.794244E-06   6.939505E-01   1.989643E-02    25.0      0.000000E+00   0.000000E+00   0.000000E+00
   137     K        4    2 --->     M4     2    4     1.687932E+04   1.938626E-06   6.939505E-01   5.676983E-03    25.0      0.000000E+00   0.000000E+00   0.000000E+00
   138     K        4    2 --->     M4     4    3     1.687908E+04   3.036634E-05   6.939505E-01   8.892212E-02    25.0      0.000000E+00   0.000000E+00   0.000000E+00
   139     K        4    2 --->     M4     4    4     1.687887E+04   2.350284E-08   6.939505E-01   6.882278E-05    25.0      0.000000E+00   0.000000E+00   0.000000E+00
   140     K        4    2 --->     M4     6    3     1.687948E+04   9.211349E-07   6.939505E-01   2.697434E-03    25.0      0.000000E+00   0.000000E+00   0.000000E+00
   141     K        4    2 --->     M4     6    4     1.687885E+04   5.837670E-05   6.939505E-01   1.709429E-01    25.0      0.000000E+00   0.000000E+00   0.000000E+00
   142     K        4    2 --->     M5     2    1     1.688223E+04   1.582276E-05   6.939505E-01   4.634261E-02    25.0      0.000000E+00   0.000000E+00   0.000000E+00
   143     K        4    2 --->     M5     2    2     1.688145E+04   3.045566E-05   6.939505E-01   8.919614E-02    25.0      0.000000E+00   0.000000E+00   0.000000E+00
   144     K        4    2 --->     M5     4    1     1.688144E+04   2.026017E-05   6.939505E-01   5.933639E-02    25.0      0.000000E+00   0.000000E+00   0.000000E+00
   145     K        4    2 --->     M5     4    2     1.688092E+04   4.240107E-05   6.939505E-01   1.241771E-01    25.0      0.000000E+00   0.000000E+00   0.000000E+00
   146     K        4    2 --->     M5     6    1     1.688118E+04   3.340406E-05   6.939505E-01   9.782966E-02    25.0      0.000000E+00   0.000000E+00   0.000000E+00
   147     K        4    2 --->     M5     6    2     1.688099E+04   3.863024E-05   6.939505E-01   1.131342E-01    25.0      0.000000E+00   0.000000E+00   0.000000E+00
   148     K        4    2 --->     N1     2    1     1.698843E+04   2.205383E-11   6.939505E-01   6.499887E-08    25.0      0.000000E+00   0.000000E+00   0.000000E+00
   149     K        4    2 --->     N1     4    1     1.698839E+04   1.532545E-08   6.939505E-01   4.516832E-05    25.0      0.000000E+00   0.000000E+00   0.000000E+00
   150     K        4    2 --->     N1     4    2     1.698620E+04   2.274570E-08   6.939505E-01   6.702922E-05    25.0      0.000000E+00   0.000000E+00   0.000000E+00
   151     K        4    2 --->     N1     6    1     1.698832E+04   1.304036E-07   6.939505E-01   3.843337E-04    25.0      0.000000E+00   0.000000E+00   0.000000E+00
   152     K        4    2 --->     N2     2    2     1.701211E+04   7.941243E-04   6.939505E-01   2.343771E+00    25.0      0.000000E+00   0.000000E+00   0.000000E+00
   153     K        4    2 --->     N2     4    3     1.701221E+04   1.754143E-04   6.939505E-01   5.177192E-01    25.0      0.000000E+00   0.000000E+00   0.000000E+00
   154     K        4    2 --->     N2     4    4     1.701185E+04   4.407788E-03   6.939505E-01   1.300890E+01    25.0      0.000000E+00   0.000000E+00   0.000000E+00
   155     K        4    2 --->     N2     6    3     1.701169E+04   4.168680E-03   6.939505E-01   1.230309E+01    25.0      0.000000E+00   0.000000E+00   0.000000E+00
   156     K        4    2 --->     N3     2    1     1.701533E+04   1.026546E-03   6.939505E-01   3.030312E+00    25.0      0.000000E+00   0.000000E+00   0.000000E+00
   157     K        4    2 --->     N3     2    3     1.700678E+04   1.512370E-03   6.939505E-01   4.462196E+00    25.0      0.000000E+00   0.000000E+00   0.000000E+00
   158     K        4    2 --->     N3     4    1     1.701490E+04   1.290564E-03   6.939505E-01   3.809581E+00    25.0      0.000000E+00   0.000000E+00   0.000000E+00
   159     K        4    2 --->     N3     4    2     1.701372E+04   7.776930E-04   6.939505E-01   2.295492E+00    25.0      0.000000E+00   0.000000E+00   0.000000E+00
   160     K        4    2 --->     N3     6    1     1.701414E+04   1.431777E-03   6.939505E-01   4.226237E+00    25.0      0.000000E+00   0.000000E+00   0.000000E+00
   161     K        4    2 --->     N3     6    2     1.701275E+04   3.816310E-03   6.939505E-01   1.126384E+01    25.0      0.000000E+00   0.000000E+00   0.000000E+00
   162     K        4    2 --->     O1     2    1     1.704081E+04   2.865529E-12   6.939505E-01   8.471559E-09    25.0      0.000000E+00   0.000000E+00   0.000000E+00
   163     K        4    2 --->     O1     4    1     1.704078E+04   1.885554E-09   6.939505E-01   5.574385E-06    25.0      0.000000E+00   0.000000E+00   0.000000E+00
   164     K        4    2 --->     O1     4    2     1.703998E+04   3.203516E-09   6.939505E-01   9.470315E-06    25.0      0.000000E+00   0.000000E+00   0.000000E+00
   165     K        4    2 --->     O1     6    1     1.704075E+04   1.684060E-08   6.939505E-01   4.978685E-05    25.0      0.000000E+00   0.000000E+00   0.000000E+00
   166     K        6    1 --->     L1     4    1     1.465967E+04   7.337357E-07   6.635537E-01   2.498089E-03    35.0      0.000000E+00   0.000000E+00   0.000000E+00
   167     K        6    1 --->     L1     4    2     1.465929E+04   2.148771E-06   6.635537E-01   7.315557E-03    35.0      0.000000E+00   0.000000E+00   0.000000E+00
   168     K        6    1 --->     L1     6    1     1.465959E+04   2.301057E-06   6.635537E-01   7.834175E-03    35.0      0.000000E+00   0.000000E+00   0.000000E+00
   169     K        6    1 --->     L2     4    4     1.488119E+04   2.442924E-07   6.635537E-01   8.442900E-04    35.0      0.000000E+00   0.000000E+00   0.000000E+00
   170     K        6    1 --->     L2     6    3     1.488151E+04   1.644234E-01   6.635537E-01   5.682702E+02    35.0      0.000000E+00   0.000000E+00   0.000000E+00
   171     K        6    1 --->     L3     4    1     1.495695E+04   2.521521E-02   6.635537E-01   8.758903E+01    35.0      0.000000E+00   0.000000E+00   0.000000E+00
   172     K        6    1 --->     L3     4    2     1.495683E+04   3.118852E-02   6.635537E-01   1.083374E+02    35.0      0.000000E+00   0.000000E+00   0.000000E+00
   173     K        6    1 --->     L2     4    3     1.488153E+04   6.871784E-07   6.635537E-01   2.374986E-03    35.0      0.000000E+00   0.000000E+00   0.000000E+00
   174     K        6    1 --->     L3     6    1     1.495731E+04   5.315627E-08   6.635537E-01   1.846511E-04    35.0      0.000000E+00   0.000000E+00   0.000000E+00
   175     K        6    1 --->     L3     6    2     1.495704E+04   1.611423E-01   6.635537E-01   5.597567E+02    35.0      0.000000E+00   0.000000E+00   0.000000E+00
   176     K        6    1 --->     L3     8    1     1.495698E+04   4.531110E-01   6.635537E-01   1.573957E+03    35.0      0.000000E+00   0.000000E+00   0.000000E+00
   177     K        6    1 --->     M1     4    1     1.664008E+04   1.414814E-07   6.635537E-01   5.467625E-04    35.0      0.000000E+00   0.000000E+00   0.000000E+00
   178     K        6    1 --->     M1     4    2     1.663981E+04   5.448917E-07   6.635537E-01   2.105730E-03    35.0      0.000000E+00   0.000000E+00   0.000000E+00
   179     K        6    1 --->     M1     6    1     1.663999E+04   5.511077E-07   6.635537E-01   2.129775E-03    35.0      0.000000E+00   0.000000E+00   0.000000E+00
   180     K        6    1 --->     M2     4    3     1.672250E+04   1.217639E-05   6.635537E-01   4.728940E-02    35.0      0.000000E+00   0.000000E+00   0.000000E+00
   181     K        6    1 --->     M2     4    4     1.672119E+04   4.182013E-07   6.635537E-01   1.624040E-03    35.0      0.000000E+00   0.000000E+00   0.000000E+00
   182     K        6    1 --->     M2     6    3     1.672230E+04   2.702312E-02   6.635537E-01   1.049483E+02    35.0      0.000000E+00   0.000000E+00   0.000000E+00
   183     K        6    1 --->     M3     4    1     1.673452E+04   8.082552E-03   6.635537E-01   3.141274E+01    35.0      0.000000E+00   0.000000E+00   0.000000E+00
   184     K        6    1 --->     M3     4    2     1.673418E+04   2.354413E-03   6.635537E-01   9.150214E+00    35.0      0.000000E+00   0.000000E+00   0.000000E+00
   185     K        6    1 --->     M3     6    1     1.673463E+04   7.399550E-04   6.635537E-01   2.875845E+00    35.0      0.000000E+00   0.000000E+00   0.000000E+00
   186     K        6    1 --->     M3     6    2     1.673407E+04   2.985409E-02   6.635537E-01   1.160245E+02    35.0      0.000000E+00   0.000000E+00   0.000000E+00
   187     K        6    1 --->     M3     8    1     1.673463E+04   7.316571E-02   6.635537E-01   2.843596E+02    35.0      0.000000E+00   0.000000E+00   0.000000E+00
   188     K        6    1 --->     M4     4    3     1.687907E+04   5.363753E-05   6.635537E-01   2.102623E-01    35.0      0.000000E+00   0.000000E+00   0.000000E+00
   189     K        6    1 --->     M4     4    4     1.687886E+04   1.922764E-06   6.635537E-01   7.537255E-03    35.0      0.000000E+00   0.000000E+00   0.000000E+00
   190     K        6    1 --->     M4     6    3     1.687947E+04   6.052514E-06   6.635537E-01   2.372678E-02    35.0      0.000000E+00   0.000000E+00   0.000000E+00
   191     K        6    1 --->     M4     6    4     1.687884E+04   5.729267E-05   6.635537E-01   2.245876E-01    35.0      0.000000E+00   0.000000E+00   0.000000E+00
   192     K        6    1 --->     M4     8    3     1.687928E+04   5.975062E-05   6.635537E-01   2.342288E-01    35.0      0.000000E+00   0.000000E+00   0.000000E+00
   193     K        6    1 --->     M5     4    1     1.688143E+04   6.318929E-06   6.635537E-01   2.477404E-02    35.0      0.000000E+00   0.000000E+00   0.000000E+00
   194     K        6    1 --->     M5     4    2     1.688091E+04   1.755404E-05   6.635537E-01   6.882039E-02    35.0      0.000000E+00   0.000000E+00   0.000000E+00
   195     K        6    1 --->     M5     6    1     1.688117E+04   2.851728E-05   6.635537E-01   1.118033E-01    35.0      0.000000E+00   0.000000E+00   0.000000E+00
   196     K        6    1 --->     M5     6    2     1.688098E+04   1.844358E-05   6.635537E-01   7.230813E-02    35.0      0.000000E+00   0.000000E+00   0.000000E+00
   197     K        6    1 --->     M5     8    1     1.688150E+04   5.534843E-06   6.635537E-01   2.170004E-02    35.0      0.000000E+00   0.000000E+00   0.000000E+00
   198     K        6    1 --->     M5     8    2     1.688089E+04   7.462935E-05   6.635537E-01   2.925831E-01    35.0      0.000000E+00   0.000000E+00   0.000000E+00
   199     K        6    1 --->     N1     4    1     1.698838E+04   4.185853E-08   6.635537E-01   1.651505E-04    35.0      0.000000E+00   0.000000E+00   0.000000E+00
   200     K        6    1 --->     N1     4    2     1.698619E+04   6.573130E-08   6.635537E-01   2.593059E-04    35.0      0.000000E+00   0.000000E+00   0.000000E+00
   201     K        6    1 --->     N1     6    1     1.698831E+04   8.685519E-08   6.635537E-01   3.426811E-04    35.0      0.000000E+00   0.000000E+00   0.000000E+00
   202     K        6    1 --->     N2     4    3     1.701220E+04   3.493783E-04   6.635537E-01   1.380386E+00    35.0      0.000000E+00   0.000000E+00   0.000000E+00
   203     K        6    1 --->     N2     4    4     1.701184E+04   1.618367E-03   6.635537E-01   6.393997E+00    35.0      0.000000E+00   0.000000E+00   0.000000E+00
   204     K        6    1 --->     N2     6    3     1.701167E+04   3.415536E-03   6.635537E-01   1.349429E+01    35.0      0.000000E+00   0.000000E+00   0.000000E+00
   205     K        6    1 --->     N3     4    1     1.701489E+04   3.666858E-03   6.635537E-01   1.448996E+01    35.0      0.000000E+00   0.000000E+00   0.000000E+00
   206     K        6    1 --->     N3     4    2     1.701370E+04   2.727265E-05   6.635537E-01   1.077632E-01    35.0      0.000000E+00   0.000000E+00   0.000000E+00
   207     K        6    1 --->     N3     6    1     1.701413E+04   1.216361E-04   6.635537E-01   4.806361E-01    35.0      0.000000E+00   0.000000E+00   0.000000E+00
   208     K        6    1 --->     N3     6    2     1.701274E+04   4.257711E-03   6.635537E-01   1.682265E+01    35.0      0.000000E+00   0.000000E+00   0.000000E+00
   209     K        6    1 --->     N3     8    1     1.701445E+04   9.893043E-03   6.635537E-01   3.909238E+01    35.0      0.000000E+00   0.000000E+00   0.000000E+00
   210     K        6    1 --->     O1     4    1     1.704077E+04   5.128617E-09   6.635537E-01   2.029708E-05    35.0      0.000000E+00   0.000000E+00   0.000000E+00
   211     K        6    1 --->     O1     4    2     1.703997E+04   9.285739E-09   6.635537E-01   3.674764E-05    35.0      0.000000E+00   0.000000E+00   0.000000E+00
   212     K        6    1 --->     O1     6    1     1.704073E+04   1.120294E-08   6.635537E-01   4.433682E-05    35.0      0.000000E+00   0.000000E+00   0.000000E+00

