 # S-Yields (as defined by McGuire)

# Atomic number Z= 22  Date:24-03-2020

# Shelli ---> Shellf   RadYield  AugYield  SupYield  ModYield
  K      ---> L1      6.695E-05 3.212E-01 3.213E-01 3.213E-01
  K      ---> L2      6.508E-02 4.755E-01 5.406E-01 6.484E-01
  K      ---> L3      1.287E-01 8.155E-02 2.102E-01 4.059E-01
  K      ---> M1      1.241E-05 3.959E-03 3.972E-03 2.305E-01
  K      ---> M2      5.765E-03 3.132E-03 8.896E-03 6.080E-01
  K      ---> M3      1.734E-02 2.825E-03 2.017E-02 6.966E-01

  L1     ---> L2      5.447E-06 3.354E-01 3.354E-01 3.354E-01
  L1     ---> L3      1.228E-05 6.088E-01 6.088E-01 6.088E-01
  L1     ---> M1      7.316E-10 5.653E-02 5.653E-02 2.416E-01
  L1     ---> M2      6.309E-05 1.625E-03 1.688E-03 5.236E-01
  L1     ---> M3      1.814E-04 3.792E-03 3.973E-03 6.730E-01

  L2     ---> L3      4.446E-12 0.000E+00 4.446E-12 4.446E-12
  L2     ---> M1      2.674E-04 1.999E-01 2.001E-01 2.001E-01
  L2     ---> M2      5.256E-08 5.470E-01 5.470E-01 5.996E-01
  L2     ---> M3      2.297E-07 4.385E-01 4.385E-01 5.621E-01

  L3     ---> M1      2.617E-04 1.934E-01 1.937E-01 1.937E-01
  L3     ---> M2      8.296E-08 4.516E-01 4.516E-01 5.025E-01
  L3     ---> M3      2.213E-07 6.124E-01 6.124E-01 7.319E-01

  M1     ---> M2      2.742E-06 2.630E-01 2.630E-01 2.630E-01
  M1     ---> M3      8.311E-06 6.167E-01 6.167E-01 6.167E-01

  M2     ---> M3      1.175E-13 2.823E-04 2.823E-04 2.823E-04

