<--- Calculations for Z= 32 i=1
<--- Date:21-03-2017


<--- The following bounds were found for i=  1
Min. shelli #  1 Max. shelli # 11
Min. 2Ji+1=  2 Max. 2Ji+1= 10
Min. Eigi=  1 Max. Eigi=  8
Min. shellf #  1 Max. shellf # 11
Min. shellf2#  0 Max. shellf2#  0
Min. 2Jf+1=  2 Max. 2Jf+1= 10
Min. Eigf=  1 Max. Eigf=  8

<--- Calculations for Z= 32 i=2
<--- Date:21-03-2017


<--- The following bounds were found for i=  2
Min. shelli #  1 Max. shelli #  9
Min. 2Ji+1=  2 Max. 2Ji+1= 10
Min. Eigi=  1 Max. Eigi=  8
Min. shellf #  2 Max. shellf # 11
Min. shellf2#  2 Max. shellf2# 11
Min. 2Jf+1=  1 Max. 2Jf+1= 13
Min. Eigf=  1 Max. Eigf= 42

 <--- The input file is empty! No calculations for picsect.in

<--- Radiative natural (life-time) width
# 1 K  Width=   1.061396E+00 eV
# 2 L1 Width=   9.104151E-03 eV
# 3 L2 Width=   1.418405E-02 eV
# 4 L3 Width=   1.326408E-02 eV
# 5 M1 Width=   7.110627E-05 eV
# 6 M2 Width=   2.045814E-04 eV
# 7 M3 Width=   1.835154E-04 eV
# 8 M4 Width=   3.924684E-07 eV
# 9 M5 Width=   3.267981E-07 eV
#10 N1 Width=   1.370754E-06 eV
#11 N2 Width=   3.086560E-17 eV

<--- Radiationless natural (life-time) width
# 1 K  Width=   8.898186E-01 eV
# 2 L1 Width=   6.092379E+00 eV
# 3 L2 Width=   9.250054E-01 eV
# 4 L3 Width=   9.633857E-01 eV
# 5 M1 Width=   2.190376E+00 eV
# 6 M2 Width=   3.254650E+00 eV
# 7 M3 Width=   2.983346E+00 eV
# 8 M4 Width=   1.340898E-02 eV
# 9 M5 Width=   1.161649E-02 eV

<--- Fluorescence yields
# 1 K         Flyield= 5.440E-01
# 2 L1        Flyield= 1.492E-03
# 3 L2        Flyield= 1.510E-02
# 4 L3        Flyield= 1.358E-02
# 5 M1        Flyield= 3.246E-05
# 6 M2        Flyield= 6.285E-05
# 7 M3        Flyield= 6.151E-05
# 8 M4        Flyield= 2.927E-05
# 9 M5        Flyield= 2.813E-05

<--- Coster-Kronig yields
# 2 L1 # 3 L2 CKyield= 2.696E-01
# 2 L1 # 4 L3 CKyield= 6.218E-01
# 3 L2 # 4 L3 CKyield= 1.197E-02
# 5 M1 # 6 M2 CKyield= 1.437E-01
# 5 M1 # 7 M3 CKyield= 3.364E-01
# 5 M1 # 8 M4 CKyield= 3.015E-01
# 5 M1 # 9 M5 CKyield= 2.096E-01
# 6 M2 # 8 M4 CKyield= 7.602E-01
# 6 M2 # 9 M5 CKyield= 2.372E-01
# 7 M3 # 8 M4 CKyield= 6.415E-01
# 7 M3 # 9 M5 CKyield= 3.570E-01

<--- Check sum
# 1 K         FLy+NRy= 1.000E+00
# 2 L1        FLy+NRy= 1.000E+00
# 3 L2        FLy+NRy= 1.000E+00
# 4 L3        FLy+NRy= 1.000E+00
# 5 M1        FLy+NRy= 1.000E+00
# 6 M2        FLy+NRy= 1.000E+00
# 7 M3        FLy+NRy= 1.000E+00
# 8 M4        FLy+NRy= 1.000E+00
# 9 M5        FLy+NRy= 1.000E+00

<--- Check sum Branching Ratio
# 1 K  2Ji=  1 Eigi=  1    Sum(BR)= 1.000E+00 TransYield= 5.924E-01
# 1 K  2Ji=  1 Eigi=  2    Sum(BR)= 1.000E+00 TransYield= 5.440E-01
# 1 K  2Ji=  1 Eigi=  3    Sum(BR)= 1.000E+00 TransYield= 5.496E-01
# 1 K  2Ji=  3 Eigi=  1    Sum(BR)= 1.000E+00 TransYield= 5.041E-01
# 1 K  2Ji=  3 Eigi=  2    Sum(BR)= 1.000E+00 TransYield= 5.452E-01
# 1 K  2Ji=  3 Eigi=  3    Sum(BR)= 1.000E+00 TransYield= 5.475E-01
# 1 K  2Ji=  5 Eigi=  1    Sum(BR)= 1.000E+00 TransYield= 5.456E-01
# 1 K  2Ji=  5 Eigi=  2    Sum(BR)= 1.000E+00 TransYield= 5.437E-01
# 2 L1 2Ji=  1 Eigi=  1    Sum(BR)= 1.000E+00 TransYield= 1.331E-03
# 2 L1 2Ji=  1 Eigi=  2    Sum(BR)= 1.000E+00 TransYield= 1.470E-03
# 2 L1 2Ji=  1 Eigi=  3    Sum(BR)= 1.000E+00 TransYield= 1.563E-03
# 2 L1 2Ji=  3 Eigi=  1    Sum(BR)= 1.000E+00 TransYield= 1.284E-03
# 2 L1 2Ji=  3 Eigi=  2    Sum(BR)= 1.000E+00 TransYield= 1.686E-03
# 2 L1 2Ji=  3 Eigi=  3    Sum(BR)= 1.000E+00 TransYield= 1.650E-03
# 2 L1 2Ji=  5 Eigi=  1    Sum(BR)= 1.000E+00 TransYield= 1.479E-03
# 2 L1 2Ji=  5 Eigi=  2    Sum(BR)= 1.000E+00 TransYield= 1.460E-03
# 3 L2 2Ji=  1 Eigi=  4    Sum(BR)= 1.000E+00 TransYield= 2.434E-02
# 3 L2 2Ji=  1 Eigi=  5    Sum(BR)= 1.000E+00 TransYield= 1.424E-02
# 3 L2 2Ji=  1 Eigi=  6    Sum(BR)= 1.000E+00 TransYield= 1.431E-02
# 3 L2 2Ji=  3 Eigi=  6    Sum(BR)= 1.000E+00 TransYield= 1.401E-02
# 3 L2 2Ji=  3 Eigi=  7    Sum(BR)= 1.000E+00 TransYield= 1.496E-02
# 3 L2 2Ji=  3 Eigi=  8    Sum(BR)= 1.000E+00 TransYield= 1.495E-02
# 3 L2 2Ji=  5 Eigi=  4    Sum(BR)= 1.000E+00 TransYield= 1.426E-02
# 3 L2 2Ji=  5 Eigi=  5    Sum(BR)= 1.000E+00 TransYield= 1.439E-02
# 4 L3 2Ji=  1 Eigi=  1    Sum(BR)= 1.000E+00 TransYield= 1.341E-02
# 4 L3 2Ji=  1 Eigi=  2    Sum(BR)= 1.000E+00 TransYield= 1.342E-02
# 4 L3 2Ji=  1 Eigi=  3    Sum(BR)= 1.000E+00 TransYield= 1.399E-02
# 4 L3 2Ji=  3 Eigi=  1    Sum(BR)= 1.000E+00 TransYield= 1.359E-02
# 4 L3 2Ji=  3 Eigi=  2    Sum(BR)= 1.000E+00 TransYield= 1.353E-02
# 4 L3 2Ji=  3 Eigi=  3    Sum(BR)= 1.000E+00 TransYield= 1.345E-02
# 4 L3 2Ji=  3 Eigi=  4    Sum(BR)= 1.000E+00 TransYield= 1.383E-02
# 4 L3 2Ji=  3 Eigi=  5    Sum(BR)= 1.000E+00 TransYield= 1.352E-02
# 4 L3 2Ji=  5 Eigi=  1    Sum(BR)= 1.000E+00 TransYield= 1.356E-02
# 4 L3 2Ji=  5 Eigi=  2    Sum(BR)= 1.000E+00 TransYield= 1.357E-02
# 4 L3 2Ji=  5 Eigi=  3    Sum(BR)= 1.000E+00 TransYield= 1.347E-02
# 4 L3 2Ji=  7 Eigi=  1    Sum(BR)= 1.000E+00 TransYield= 1.363E-02
# 4 L3 2Ji=  7 Eigi=  2    Sum(BR)= 1.000E+00 TransYield= 1.361E-02
# 5 M1 2Ji=  1 Eigi=  1    Sum(BR)= 1.000E+00 TransYield= 2.426E-05
# 5 M1 2Ji=  1 Eigi=  2    Sum(BR)= 1.000E+00 TransYield= 4.180E-05
# 5 M1 2Ji=  1 Eigi=  3    Sum(BR)= 1.000E+00 TransYield= 3.214E-05
# 5 M1 2Ji=  3 Eigi=  1    Sum(BR)= 1.000E+00 TransYield= 2.451E-05
# 5 M1 2Ji=  3 Eigi=  2    Sum(BR)= 1.000E+00 TransYield= 4.489E-05
# 5 M1 2Ji=  3 Eigi=  3    Sum(BR)= 1.000E+00 TransYield= 3.381E-05
# 5 M1 2Ji=  5 Eigi=  1    Sum(BR)= 1.000E+00 TransYield= 2.833E-05
# 5 M1 2Ji=  5 Eigi=  2    Sum(BR)= 1.000E+00 TransYield= 3.220E-05
# 6 M2 2Ji=  1 Eigi=  4    Sum(BR)= 1.000E+00 TransYield= 6.004E-05
# 6 M2 2Ji=  1 Eigi=  5    Sum(BR)= 1.000E+00 TransYield= 5.387E-05
# 6 M2 2Ji=  1 Eigi=  6    Sum(BR)= 1.000E+00 TransYield= 6.168E-05
# 6 M2 2Ji=  3 Eigi=  6    Sum(BR)= 1.000E+00 TransYield= 6.255E-05
# 6 M2 2Ji=  3 Eigi=  7    Sum(BR)= 1.000E+00 TransYield= 5.714E-05
# 6 M2 2Ji=  3 Eigi=  8    Sum(BR)= 1.000E+00 TransYield= 6.883E-05
# 6 M2 2Ji=  5 Eigi=  4    Sum(BR)= 1.000E+00 TransYield= 6.587E-05
# 6 M2 2Ji=  5 Eigi=  5    Sum(BR)= 1.000E+00 TransYield= 6.599E-05
# 7 M3 2Ji=  1 Eigi=  1    Sum(BR)= 1.000E+00 TransYield= 5.805E-05
# 7 M3 2Ji=  1 Eigi=  2    Sum(BR)= 1.000E+00 TransYield= 5.731E-05
# 7 M3 2Ji=  1 Eigi=  3    Sum(BR)= 1.000E+00 TransYield= 4.676E-05
# 7 M3 2Ji=  3 Eigi=  1    Sum(BR)= 1.000E+00 TransYield= 5.947E-05
# 7 M3 2Ji=  3 Eigi=  2    Sum(BR)= 1.000E+00 TransYield= 6.233E-05
# 7 M3 2Ji=  3 Eigi=  3    Sum(BR)= 1.000E+00 TransYield= 6.024E-05
# 7 M3 2Ji=  3 Eigi=  4    Sum(BR)= 1.000E+00 TransYield= 5.609E-05
# 7 M3 2Ji=  3 Eigi=  5    Sum(BR)= 1.000E+00 TransYield= 6.118E-05
# 7 M3 2Ji=  5 Eigi=  1    Sum(BR)= 1.000E+00 TransYield= 6.116E-05
# 7 M3 2Ji=  5 Eigi=  2    Sum(BR)= 1.000E+00 TransYield= 6.465E-05
# 7 M3 2Ji=  5 Eigi=  3    Sum(BR)= 1.000E+00 TransYield= 6.419E-05
# 7 M3 2Ji=  7 Eigi=  1    Sum(BR)= 1.000E+00 TransYield= 6.559E-05
# 7 M3 2Ji=  7 Eigi=  2    Sum(BR)= 1.000E+00 TransYield= 6.464E-05
# 8 M4 2Ji=  1 Eigi=  1    Sum(BR)= 1.000E+00 TransYield= 1.353E-06
# 8 M4 2Ji=  1 Eigi=  4    Sum(BR)= 1.000E+00 TransYield= 4.556E-04
# 8 M4 2Ji=  1 Eigi=  5    Sum(BR)= 1.000E+00 TransYield= 1.521E-03
# 8 M4 2Ji=  3 Eigi=  2    Sum(BR)= 1.000E+00 TransYield= 3.946E-05
# 8 M4 2Ji=  3 Eigi=  3    Sum(BR)= 1.000E+00 TransYield= 3.437E-05
# 8 M4 2Ji=  3 Eigi=  5    Sum(BR)= 1.000E+00 TransYield= 1.221E-05
# 8 M4 2Ji=  3 Eigi=  7    Sum(BR)= 1.000E+00 TransYield= 4.333E-05
# 8 M4 2Ji=  3 Eigi=  8    Sum(BR)= 1.000E+00 TransYield= 1.166E-05
# 8 M4 2Ji=  5 Eigi=  4    Sum(BR)= 1.000E+00 TransYield= 2.083E-05
# 8 M4 2Ji=  5 Eigi=  5    Sum(BR)= 1.000E+00 TransYield= 1.381E-05
# 8 M4 2Ji=  5 Eigi=  7    Sum(BR)= 1.000E+00 TransYield= 1.195E-05
# 8 M4 2Ji=  7 Eigi=  3    Sum(BR)= 1.000E+00 TransYield= 3.282E-10
# 8 M4 2Ji=  7 Eigi=  4    Sum(BR)= 1.000E+00 TransYield= 1.291E-10
# 9 M5 2Ji=  1 Eigi=  2    Sum(BR)= 1.000E+00 TransYield= 4.351E-04
# 9 M5 2Ji=  1 Eigi=  3    Sum(BR)= 1.000E+00 TransYield= 2.808E-04
# 9 M5 2Ji=  3 Eigi=  1    Sum(BR)= 1.000E+00 TransYield= 5.239E-06
# 9 M5 2Ji=  3 Eigi=  4    Sum(BR)= 1.000E+00 TransYield= 1.155E-05
# 9 M5 2Ji=  3 Eigi=  6    Sum(BR)= 1.000E+00 TransYield= 1.751E-04
# 9 M5 2Ji=  5 Eigi=  1    Sum(BR)= 1.000E+00 TransYield= 5.246E-06
# 9 M5 2Ji=  5 Eigi=  2    Sum(BR)= 1.000E+00 TransYield= 2.681E-07
# 9 M5 2Ji=  5 Eigi=  3    Sum(BR)= 1.000E+00 TransYield= 6.017E-05
# 9 M5 2Ji=  5 Eigi=  6    Sum(BR)= 1.000E+00 TransYield= 3.224E-05
# 9 M5 2Ji=  5 Eigi=  8    Sum(BR)= 1.000E+00 TransYield= 1.249E-05
# 9 M5 2Ji=  7 Eigi=  1    Sum(BR)= 1.000E+00 TransYield= 2.482E-10
# 9 M5 2Ji=  7 Eigi=  2    Sum(BR)= 1.000E+00 TransYield= 6.257E-10
# 9 M5 2Ji=  7 Eigi=  5    Sum(BR)= 1.000E+00 TransYield= 5.324E-10
# 9 M5 2Ji=  9 Eigi=  1    Sum(BR)= 1.000E+00 TransYield= 4.699E-10
# 9 M5 2Ji=  9 Eigi=  2    Sum(BR)= 1.000E+00 TransYield= 1.715E-10

 Calculations finished!
 END
