# Atomic number Z= 32  Date:21-03-2017

# Radiative Yields
# Shelli ---> Shellf    Yield
  K      ---> K     4.310E-16
  K      ---> L1    9.032E-07
  K      ---> L2    1.613E-01
  K      ---> L3    3.134E-01
  K      ---> M1    1.569E-07
  K      ---> M2    2.285E-02
  K      ---> M3    4.496E-02
  K      ---> M4    3.971E-05
  K      ---> M5    5.809E-05
  K      ---> N1    1.364E-08
  K      ---> N2    1.421E-03
  K      FLyield    5.440E-01

  L1     ---> L1    1.251E-16
  L1     ---> L2    6.500E-06
  L1     ---> L3    2.218E-05
  L1     ---> M1    1.873E-07
  L1     ---> M2    4.989E-04
  L1     ---> M3    9.230E-04
  L1     ---> M4    2.383E-06
  L1     ---> M5    3.555E-06
  L1     ---> N1    4.271E-08
  L1     ---> N2    3.535E-05
  L1     FLyield    1.492E-03

  L2     ---> L2    3.090E-15
  L2     ---> L3    1.995E-10
  L2     ---> M1    6.418E-04
  L2     ---> M2    1.319E-06
  L2     ---> M3    2.299E-06
  L2     ---> M4    1.110E-02
  L2     ---> M5    2.744E-03
  L2     ---> N1    6.014E-04
  L2     ---> N2    9.342E-06
  L2     FLyield    1.510E-02

  L3     ---> L3    1.150E-15
  L3     ---> M1    6.481E-04
  L3     ---> M2    1.187E-06
  L3     ---> M3    2.104E-06
  L3     ---> M4    2.514E-03
  L3     ---> M5    1.036E-02
  L3     ---> N1    5.967E-05
  L3     ---> N2    5.799E-07
  L3     FLyield    1.358E-02

  M1     ---> M1    3.562E-16
  M1     ---> M2    7.496E-06
  M1     ---> M3    1.898E-05
  M1     ---> M4    1.005E-08
  M1     ---> M5    1.534E-08
  M1     ---> N1    4.810E-10
  M1     ---> N2    5.962E-06
  M1     FLyield    3.246E-05

  M2     ---> M2    2.336E-15
  M2     ---> M3    1.538E-13
  M2     ---> M4    4.369E-05
  M2     ---> M5    1.356E-05
  M2     ---> N1    5.599E-06
  M2     ---> N2    6.323E-10
  M2     FLyield    6.285E-05

  M3     ---> M3    1.105E-15
  M3     ---> M4    1.126E-05
  M3     ---> M5    4.516E-05
  M3     ---> N1    5.087E-06
  M3     ---> N2    3.957E-10
  M3     FLyield    6.151E-05

  M4     ---> M4    6.967E-14
  M4     ---> M5    8.439E-14
  M4     ---> N1    1.362E-10
  M4     ---> N2    2.927E-05
  M4     FLyield    2.927E-05

  M5     ---> M4    1.811E-14
  M5     ---> M5    8.010E-14
  M5     ---> N1    1.711E-10
  M5     ---> N2    2.813E-05
  M5     FLyield    2.813E-05


# Non Radiative Yields

# Shelli ---> Shellf    Yield
  K      ---> L1    1.597E-01
  K      ---> L2    2.121E-01
  K      ---> L3    7.797E-02
  K      ---> M1    2.442E-03
  K      ---> M2    3.283E-03
  K      ---> M3    5.664E-04
  K      ---> M4    2.310E-05
  K      ---> M5    1.033E-05
  K      ---> N1    6.770E-06
  K      ---> N2    6.814E-07
  K      NRyield    4.560E-01


  L1     ---> L2    2.696E-01
  L1     ---> L3    6.218E-01
  L1     ---> M1    6.695E-02
  L1     ---> M2    1.269E-02
  L1     ---> M3    1.675E-03
  L1     ---> M4    2.307E-02
  L1     ---> M5    2.653E-03
  L1     ---> N1    6.453E-05
  L1     ---> N2    1.168E-07
  L1     NRyield    9.985E-01


  L2     ---> L3    1.197E-02
  L2     ---> M1    7.484E-02
  L2     ---> M2    4.621E-01
  L2     ---> M3    7.672E-02
  L2     ---> M4    2.780E-01
  L2     ---> M5    8.123E-02
  L2     ---> N1    6.019E-05
  L2     ---> N2    2.861E-05
  L2     NRyield    9.849E-01


  L3     ---> M1    7.406E-02
  L3     ---> M2    2.921E-01
  L3     ---> M3    2.447E-01
  L3     ---> M4    2.874E-01
  L3     ---> M5    8.797E-02
  L3     ---> N1    5.715E-05
  L3     ---> N2    2.644E-05
  L3     NRyield    9.864E-01


  M1     ---> M2    1.437E-01
  M1     ---> M3    3.364E-01
  M1     ---> M4    3.015E-01
  M1     ---> M5    2.096E-01
  M1     ---> N1    8.756E-03
  M1     ---> N2    6.205E-05
  M1     NRyield    1.000E+00


  M2     ---> M4    7.602E-01
  M2     ---> M5    2.372E-01
  M2     ---> N1    1.783E-03
  M2     ---> N2    7.606E-04
  M2     NRyield    9.999E-01


  M3     ---> M4    6.415E-01
  M3     ---> M5    3.570E-01
  M3     ---> N1    1.234E-03
  M3     ---> N2    2.121E-04
  M3     NRyield    9.999E-01


  M4     ---> N1    6.273E-01
  M4     ---> N2    3.726E-01
  M4     NRyield    1.000E+00


  M5     ---> N1    6.071E-01
  M5     ---> N2    3.929E-01
  M5     NRyield    1.000E+00


