# Atomic number Z= 29  Date:29-06-2020

# Record Shelli   2Ji Eigi ---> Shellf   2Jf Eigf     Energy (eV)      Rate(1/s)    Width(eV)
       1   K        0    1 --->   L1L1     1    1    6.717019E+03   8.985295E+13   5.914228E-02
       2   K        0    1 --->   L1L3     1    1    6.890571E+03   5.037085E+12   3.315470E-03
       3   K        0    1 --->   L1L2     1    2    6.881238E+03   1.262360E+13   8.309008E-03
       4   K        0    1 --->   L1L2     1    3    6.849528E+03   8.077737E+13   5.316863E-02
       5   K        0    1 --->   L1L3     3    1    6.901811E+03   3.563239E+13   2.345366E-02
       6   K        0    1 --->   L1L3     3    2    6.890719E+03   3.317428E+13   2.183570E-02
       7   K        0    1 --->   L1L2     3    3    6.849606E+03   1.044960E+14   6.878053E-02
       8   K        0    1 --->   L1L3     5    1    6.901855E+03   1.989196E+10   1.309312E-05
       9   K        0    1 --->   L1M1     1    1    7.727938E+03   2.738770E+11   1.802691E-04
      10   K        0    1 --->   L1M1     1    2    7.722075E+03   2.271774E+13   1.495309E-02
      11   K        0    1 --->   L1M1     3    1    7.729232E+03   9.826626E+06   6.468003E-09
      12   K        0    1 --->   L1M3     1    1    7.774918E+03   3.436304E+11   2.261816E-04
      13   K        0    1 --->   L1M2     1    2    7.773222E+03   5.756259E+11   3.788838E-04
      14   K        0    1 --->   L1M2     1    3    7.772223E+03   1.153744E+13   7.594079E-03
      15   K        0    1 --->   L1M3     3    1    7.775694E+03   2.547499E+12   1.676794E-03
      16   K        0    1 --->   L1M3     3    2    7.775057E+03   1.327996E+13   8.741030E-03
      17   K        0    1 --->   L1M2     3    3    7.772357E+03   6.128154E+12   4.033624E-03
      18   K        0    1 --->   L1M3     5    1    7.776159E+03   2.376980E+09   1.564557E-06
      19   K        0    1 --->   L1M4     1    1    7.853885E+03   4.751933E+07   3.127779E-08
      20   K        0    1 --->   L1M4     3    1    7.854038E+03   8.121531E+09   5.345689E-06
      21   K        0    1 --->   L1M4     3    2    7.853323E+03   6.028235E+11   3.967856E-04
      22   K        0    1 --->   L1M5     3    3    7.851464E+03   4.731365E+10   3.114241E-05
      23   K        0    1 --->   L1M5     5    1    7.854163E+03   2.329723E+10   1.533452E-05
      24   K        0    1 --->   L1M5     5    2    7.853551E+03   8.631648E+11   5.681454E-04
      25   K        0    1 --->   L1M5     5    3    7.851462E+03   2.373202E+10   1.562070E-05
      26   K        0    1 --->   L1M5     7    1    7.854241E+03   5.174986E+07   3.406238E-08
      27   K        0    1 --->   L1N1     1    1    7.863152E+03   5.384965E+11   3.544448E-04
     154   K        2    1 --->   L1L1     1    1    6.717130E+03   8.985252E+13   5.914200E-02
     155   K        2    1 --->   L1L3     1    1    6.890681E+03   1.527667E+13   1.005529E-02
     156   K        2    1 --->   L1L2     1    2    6.881348E+03   1.253002E+13   8.247407E-03
     157   K        2    1 --->   L1L2     1    3    6.849639E+03   5.517870E+13   3.631928E-02
     158   K        2    1 --->   L1L3     3    1    6.901921E+03   7.776088E+12   5.118314E-03
     159   K        2    1 --->   L1L3     3    2    6.890830E+03   2.257744E+13   1.486074E-02
     160   K        2    1 --->   L1L2     3    3    6.849717E+03   1.295450E+14   8.526805E-02
     161   K        2    1 --->   L1L3     5    1    6.901965E+03   2.939118E+13   1.934563E-02
     162   K        2    1 --->   L1M1     1    1    7.728049E+03   4.171296E+09   2.745597E-06
     163   K        2    1 --->   L1M1     1    2    7.722186E+03   2.288470E+13   1.506298E-02
     164   K        2    1 --->   L1M1     3    1    7.729343E+03   1.050179E+11   6.912404E-05
     165   K        2    1 --->   L1M3     1    1    7.775029E+03   4.800122E+12   3.159498E-03
     166   K        2    1 --->   L1M2     1    2    7.773332E+03   2.322044E+12   1.528397E-03
     167   K        2    1 --->   L1M2     1    3    7.772334E+03   3.289693E+12   2.165315E-03
     168   K        2    1 --->   L1M3     3    1    7.775805E+03   2.003716E+12   1.318870E-03
     169   K        2    1 --->   L1M3     3    2    7.775168E+03   4.759123E+12   3.132512E-03
     170   K        2    1 --->   L1M2     3    3    7.772468E+03   1.323415E+13   8.710877E-03
     171   K        2    1 --->   L1M3     5    1    7.776270E+03   4.016127E+12   2.643463E-03
     172   K        2    1 --->   L1M4     1    1    7.853996E+03   1.444558E+11   9.508256E-05
     173   K        2    1 --->   L1M4     3    1    7.854149E+03   2.706691E+11   1.781576E-04
     174   K        2    1 --->   L1M4     3    2    7.853434E+03   7.886974E+10   5.191301E-05
     175   K        2    1 --->   L1M5     3    3    7.851574E+03   3.205043E+10   2.109597E-05
     176   K        2    1 --->   L1M5     5    1    7.854274E+03   3.816329E+11   2.511953E-04
     177   K        2    1 --->   L1M5     5    2    7.853662E+03   9.347462E+10   6.152611E-05
     178   K        2    1 --->   L1M5     5    3    7.851573E+03   6.575651E+10   4.328172E-05
     179   K        2    1 --->   L1M5     7    1    7.854351E+03   5.014518E+11   3.300616E-04
     180   K        2    1 --->   L1N1     1    1    7.863263E+03   6.581445E+11   4.331986E-04
      29   K        0    1 --->   L2L3     1    2    7.030648E+03   6.321403E+10   4.160823E-05
      30   K        0    1 --->   L2L2     1    3    6.991110E+03   3.814715E+13   2.510891E-02
      32   K        0    1 --->   L2L3     3    2    7.030784E+03   1.479639E+11   9.739158E-05
      33   K        0    1 --->   L2L3     3    3    7.020180E+03   1.990925E+14   1.310450E-01
      35   K        0    1 --->   L2L3     5    2    7.020212E+03   2.973122E+14   1.956945E-01
      37   K        0    1 --->   L2M1     1    2    7.874270E+03   1.395935E+11   9.188213E-05
      38   K        0    1 --->   L2M1     1    3    7.872338E+03   8.918874E+12   5.870509E-03
      41   K        0    1 --->   L2M1     3    3    7.873458E+03   2.677751E+12   1.762527E-03
      46   K        0    1 --->   L2M2     1    4    7.923136E+03   3.611581E+09   2.377186E-06
      47   K        0    1 --->   L2M3     1    5    7.922099E+03   1.392949E+10   9.168556E-06
      48   K        0    1 --->   L2M2     1    6    7.914306E+03   6.191316E+12   4.075198E-03
      53   K        0    1 --->   L2M2     3    5    7.922966E+03   6.285380E+11   4.137112E-04
      54   K        0    1 --->   L2M3     3    6    7.922469E+03   6.711611E+10   4.417662E-05
      55   K        0    1 --->   L2M3     3    7    7.921093E+03   2.313405E+13   1.522711E-02
      59   K        0    1 --->   L2M3     5    4    7.921387E+03   3.906462E+13   2.571280E-02
      64   K        0    1 --->   L2M4     1    4    7.999240E+03   2.759090E+10   1.816066E-05
      69   K        0    1 --->   L2M4     3    5    8.002338E+03   1.517446E+09   9.988014E-07
      70   K        0    1 --->   L2M5     3    6    8.000634E+03   4.969055E+10   3.270692E-05
      71   K        0    1 --->   L2M4     3    7    7.999042E+03   9.142441E+08   6.017664E-07
      76   K        0    1 --->   L2M4     5    5    8.002133E+03   9.245548E+11   6.085530E-04
      77   K        0    1 --->   L2M5     5    6    8.000934E+03   3.604817E+10   2.372733E-05
      78   K        0    1 --->   L2M5     5    7    7.999903E+03   2.321851E+11   1.528270E-04
      82   K        0    1 --->   L2M5     7    4    8.000172E+03   3.208189E+12   2.111668E-03
      84   K        0    1 --->   L2N1     1    1    8.010531E+03   9.632271E+11   6.340076E-04
     182   K        2    1 --->   L2L3     1    2    7.030758E+03   1.123502E+11   7.395023E-05
     183   K        2    1 --->   L2L2     1    3    6.991220E+03   3.813878E+13   2.510340E-02
     185   K        2    1 --->   L2L3     3    2    7.030894E+03   2.100129E+11   1.382330E-04
     186   K        2    1 --->   L2L3     3    3    7.020290E+03   1.987578E+14   1.308248E-01
     188   K        2    1 --->   L2L3     5    2    7.020323E+03   2.988389E+14   1.966993E-01
     190   K        2    1 --->   L2M1     1    2    7.874380E+03   1.852894E+12   1.219597E-03
     191   K        2    1 --->   L2M1     1    3    7.872448E+03   1.467794E+12   9.661195E-04
     194   K        2    1 --->   L2M1     3    3    7.873568E+03   8.477714E+12   5.580133E-03
     199   K        2    1 --->   L2M2     1    4    7.923247E+03   1.814210E+10   1.194135E-05
     200   K        2    1 --->   L2M3     1    5    7.922210E+03   1.119712E+10   7.370077E-06
     201   K        2    1 --->   L2M2     1    6    7.914416E+03   6.197576E+12   4.079319E-03
     206   K        2    1 --->   L2M2     3    5    7.923076E+03   2.992546E+11   1.969729E-04
     207   K        2    1 --->   L2M3     3    6    7.922580E+03   1.655684E+11   1.089791E-04
     208   K        2    1 --->   L2M3     3    7    7.921204E+03   2.497110E+13   1.643627E-02
     212   K        2    1 --->   L2M3     5    4    7.921498E+03   3.744134E+13   2.464434E-02
     217   K        2    1 --->   L2M4     1    4    7.999350E+03   4.621971E+09   3.042236E-06
     222   K        2    1 --->   L2M4     3    5    8.002448E+03   4.304468E+11   2.833252E-04
     223   K        2    1 --->   L2M5     3    6    8.000745E+03   1.325255E+10   8.722984E-06
     224   K        2    1 --->   L2M4     3    7    7.999153E+03   2.719401E+10   1.789942E-05
     229   K        2    1 --->   L2M4     5    5    8.002244E+03   3.490508E+11   2.297494E-04
     230   K        2    1 --->   L2M5     5    6    8.001044E+03   5.230216E+10   3.442591E-05
     231   K        2    1 --->   L2M5     5    7    8.000014E+03   1.919568E+12   1.263483E-03
     235   K        2    1 --->   L2M5     7    4    8.000282E+03   1.649642E+12   1.085814E-03
     237   K        2    1 --->   L2N1     1    1    8.010642E+03   7.061558E+10   4.648002E-05
      28   K        0    1 --->   L3L3     1    1    7.035479E+03   1.199393E+13   7.894549E-03
      31   K        0    1 --->   L3L3     3    1    7.048646E+03   2.586483E+13   1.702454E-02
      34   K        0    1 --->   L3L3     5    1    7.048841E+03   4.693972E+13   3.089628E-02
      36   K        0    1 --->   L3M1     1    1    7.892802E+03   1.692653E+12   1.114124E-03
      39   K        0    1 --->   L3M1     3    1    7.893943E+03   8.460242E+11   5.568633E-04
      40   K        0    1 --->   L3M1     3    2    7.892240E+03   1.537507E+13   1.012006E-02
      42   K        0    1 --->   L3M1     5    1    7.894427E+03   2.691666E+09   1.771687E-06
      43   K        0    1 --->   L3M3     1    1    7.945775E+03   1.885211E+10   1.240868E-05
      44   K        0    1 --->   L3M2     1    2    7.939769E+03   1.733101E+11   1.140748E-04
      45   K        0    1 --->   L3M3     1    3    7.936355E+03   5.544251E+12   3.649292E-03
      49   K        0    1 --->   L3M3     3    1    7.945836E+03   1.266805E+10   8.338260E-06
      50   K        0    1 --->   L3M2     3    2    7.940514E+03   5.503558E+10   3.622507E-05
      51   K        0    1 --->   L3M2     3    3    7.940009E+03   9.232480E+10   6.076929E-05
      52   K        0    1 --->   L3M3     3    4    7.939272E+03   2.499101E+13   1.644938E-02
      56   K        0    1 --->   L3M3     5    1    7.945336E+03   2.845998E+11   1.873270E-04
      57   K        0    1 --->   L3M2     5    2    7.940714E+03   1.231569E+12   8.106334E-04
      58   K        0    1 --->   L3M3     5    3    7.939248E+03   3.433966E+13   2.260277E-02
      60   K        0    1 --->   L3M3     7    1    7.945736E+03   6.327197E+07   4.164637E-08
      61   K        0    1 --->   L3M4     1    1    8.020055E+03   1.508492E+10   9.929074E-06
      62   K        0    1 --->   L3M4     1    2    8.019588E+03   3.814823E+10   2.510962E-05
      63   K        0    1 --->   L3M5     1    3    8.018361E+03   3.794375E+08   2.497503E-07
      65   K        0    1 --->   L3M5     3    1    8.022576E+03   5.178920E+09   3.408827E-06
      66   K        0    1 --->   L3M4     3    2    8.020519E+03   2.737470E+10   1.801835E-05
      67   K        0    1 --->   L3M4     3    3    8.019939E+03   3.161699E+10   2.081068E-05
      68   K        0    1 --->   L3M5     3    4    8.018487E+03   3.045141E+10   2.004348E-05
      72   K        0    1 --->   L3M5     5    1    8.022532E+03   1.100902E+11   7.246270E-05
      73   K        0    1 --->   L3M4     5    2    8.021402E+03   5.536325E+11   3.644075E-04
      74   K        0    1 --->   L3M4     5    3    8.020649E+03   2.356978E+11   1.551391E-04
      75   K        0    1 --->   L3M5     5    4    8.018801E+03   2.691776E+12   1.771759E-03
      79   K        0    1 --->   L3M5     7    1    8.022479E+03   1.667428E+12   1.097521E-03
      80   K        0    1 --->   L3M5     7    2    8.021625E+03   4.241386E+11   2.791731E-04
      81   K        0    1 --->   L3M4     7    3    8.018804E+03   1.010420E+12   6.650708E-04
      83   K        0    1 --->   L3M5     9    1    8.022830E+03   7.996700E+07   5.263524E-08
      85   K        0    1 --->   L3N1     3    1    8.030596E+03   1.563588E+12   1.029172E-03
     181   K        2    1 --->   L3L3     1    1    7.035590E+03   1.194899E+13   7.864967E-03
     184   K        2    1 --->   L3L3     3    1    7.048756E+03   3.038289E+13   1.999838E-02
     187   K        2    1 --->   L3L3     5    1    7.048951E+03   4.232245E+13   2.785714E-02
     189   K        2    1 --->   L3M1     1    1    7.892913E+03   5.899765E+12   3.883296E-03
     192   K        2    1 --->   L3M1     3    1    7.894053E+03   2.243568E+12   1.476743E-03
     193   K        2    1 --->   L3M1     3    2    7.892351E+03   7.035197E+12   4.630650E-03
     195   K        2    1 --->   L3M1     5    1    7.894537E+03   2.771132E+12   1.823992E-03
     196   K        2    1 --->   L3M3     1    1    7.945886E+03   5.412157E+09   3.562347E-06
     197   K        2    1 --->   L3M2     1    2    7.939880E+03   1.864265E+10   1.227081E-05
     198   K        2    1 --->   L3M3     1    3    7.936466E+03   5.626932E+12   3.703714E-03
     202   K        2    1 --->   L3M3     3    1    7.945947E+03   2.046196E+10   1.346831E-05
     203   K        2    1 --->   L3M2     3    2    7.940625E+03   3.463269E+11   2.279565E-04
     204   K        2    1 --->   L3M2     3    3    7.940120E+03   1.046804E+11   6.890192E-05
     205   K        2    1 --->   L3M3     3    4    7.939382E+03   2.396884E+13   1.577658E-02
     209   K        2    1 --->   L3M3     5    1    7.945446E+03   2.260275E+10   1.487740E-05
     210   K        2    1 --->   L3M2     5    2    7.940825E+03   7.367106E+11   4.849117E-04
     211   K        2    1 --->   L3M3     5    3    7.939359E+03   3.586376E+13   2.360596E-02
     213   K        2    1 --->   L3M3     7    1    7.945847E+03   1.216442E+11   8.006765E-05
     214   K        2    1 --->   L3M4     1    1    8.020166E+03   1.368761E+10   9.009348E-06
     215   K        2    1 --->   L3M4     1    2    8.019698E+03   1.314097E+10   8.649545E-06
     216   K        2    1 --->   L3M5     1    3    8.018471E+03   1.914413E+10   1.260090E-05
     218   K        2    1 --->   L3M5     3    1    8.022686E+03   1.067673E+11   7.027552E-05
     219   K        2    1 --->   L3M4     3    2    8.020630E+03   4.441045E+10   2.923149E-05
     220   K        2    1 --->   L3M4     3    3    8.020050E+03   2.959941E+10   1.948268E-05
     221   K        2    1 --->   L3M5     3    4    8.018598E+03   2.308251E+10   1.519318E-05
     225   K        2    1 --->   L3M5     5    1    8.022643E+03   1.176964E+11   7.746916E-05
     226   K        2    1 --->   L3M4     5    2    8.021513E+03   1.967713E+11   1.295172E-04
     227   K        2    1 --->   L3M4     5    3    8.020760E+03   3.909574E+10   2.573328E-05
     228   K        2    1 --->   L3M5     5    4    8.018911E+03   1.394613E+12   9.179509E-04
     232   K        2    1 --->   L3M5     7    1    8.022590E+03   4.818640E+11   3.171686E-04
     233   K        2    1 --->   L3M5     7    2    8.021736E+03   3.140660E+11   2.067220E-04
     234   K        2    1 --->   L3M4     7    3    8.018914E+03   2.787576E+12   1.834816E-03
     236   K        2    1 --->   L3M5     9    1    8.022941E+03   1.293979E+12   8.517122E-04
     238   K        2    1 --->   L3N1     3    1    8.030707E+03   1.746120E+11   1.149317E-04
      86   K        0    1 --->   M1M1     1    1    8.700831E+03   1.475606E+12   9.712613E-04
      87   K        0    1 --->   M1M2     1    1    8.756035E+03   4.279556E+10   2.816855E-05
      88   K        0    1 --->   M1M2     1    2    8.754685E+03   2.944290E+11   1.937967E-04
      89   K        0    1 --->   M1M3     1    3    8.741568E+03   1.035048E+12   6.812811E-04
      90   K        0    1 --->   M1M3     3    1    8.757259E+03   2.685749E+11   1.767792E-04
      91   K        0    1 --->   M1M3     3    2    8.755966E+03   4.051139E+11   2.666508E-04
      92   K        0    1 --->   M1M3     3    3    8.741639E+03   1.732478E+12   1.140338E-03
      93   K        0    1 --->   M1M3     5    1    8.758100E+03   3.290380E+08   2.165767E-07
      94   K        0    1 --->   M1M4     1    1    8.830428E+03   6.304622E+06   4.149777E-09
      95   K        0    1 --->   M1M4     3    1    8.830489E+03   5.075668E+07   3.340865E-08
      96   K        0    1 --->   M1M4     3    2    8.829193E+03   6.408691E+10   4.218277E-05
      97   K        0    1 --->   M1M5     3    3    8.824524E+03   3.210765E+09   2.113364E-06
      98   K        0    1 --->   M1M5     5    1    8.830585E+03   2.292714E+08   1.509092E-07
      99   K        0    1 --->   M1M5     5    2    8.829347E+03   8.934337E+10   5.880687E-05
     100   K        0    1 --->   M1M5     5    3    8.824547E+03   3.320854E+09   2.185826E-06
     101   K        0    1 --->   M1M5     7    1    8.830709E+03   5.499393E+06   3.619766E-09
     102   K        0    1 --->   M1N1     1    1    8.837374E+03   9.012133E+10   5.931893E-05
     239   K        2    1 --->   M1M1     1    1    8.700942E+03   1.475526E+12   9.712088E-04
     240   K        2    1 --->   M1M2     1    1    8.756145E+03   1.747120E+11   1.149975E-04
     241   K        2    1 --->   M1M2     1    2    8.754796E+03   1.241600E+11   8.172362E-05
     242   K        2    1 --->   M1M3     1    3    8.741678E+03   8.634940E+11   5.683621E-04
     243   K        2    1 --->   M1M3     3    1    8.757369E+03   1.765945E+11   1.162366E-04
     244   K        2    1 --->   M1M3     3    2    8.756076E+03   2.100040E+11   1.382271E-04
     245   K        2    1 --->   M1M3     3    3    8.741750E+03   1.845374E+12   1.214647E-03
     246   K        2    1 --->   M1M3     5    1    8.758211E+03   3.844286E+11   2.530355E-04
     247   K        2    1 --->   M1M4     1    1    8.830539E+03   1.522370E+10   1.002042E-05
     248   K        2    1 --->   M1M4     3    1    8.830599E+03   2.900767E+10   1.909319E-05
     249   K        2    1 --->   M1M4     3    2    8.829303E+03   7.870690E+09   5.180582E-06
     250   K        2    1 --->   M1M5     3    3    8.824634E+03   1.487183E+09   9.788819E-07
     251   K        2    1 --->   M1M5     5    1    8.830695E+03   4.107169E+10   2.703388E-05
     252   K        2    1 --->   M1M5     5    2    8.829458E+03   1.031430E+10   6.788997E-06
     253   K        2    1 --->   M1M5     5    3    8.824657E+03   2.634434E+09   1.734016E-06
     254   K        2    1 --->   M1M5     7    1    8.830819E+03   5.258922E+10   3.461485E-05
     255   K        2    1 --->   M1N1     1    1    8.837485E+03   7.797474E+10   5.132390E-05
     103   K        0    1 --->   M2M3     1    1    8.800280E+03   2.491117E+10   1.639683E-05
     104   K        0    1 --->   M2M3     1    2    8.799570E+03   1.389592E+10   9.146459E-06
     105   K        0    1 --->   M2M2     1    3    8.790288E+03   6.541478E+11   4.305679E-04
     107   K        0    1 --->   M2M3     3    2    8.800220E+03   5.914414E+07   3.892938E-08
     108   K        0    1 --->   M2M3     3    3    8.796662E+03   2.573547E+12   1.693939E-03
     110   K        0    1 --->   M2M3     5    2    8.796703E+03   3.898182E+12   2.565830E-03
     113   K        0    1 --->   M2M4     1    3    8.875593E+03   2.455354E+08   1.616143E-07
     114   K        0    1 --->   M2M4     1    4    8.868403E+03   1.565002E+09   1.030103E-06
     116   K        0    1 --->   M2M4     3    2    8.880599E+03   1.881913E+08   1.238698E-07
     119   K        0    1 --->   M2M4     3    5    8.875446E+03   1.499554E+08   9.870245E-08
     120   K        0    1 --->   M2M5     3    6    8.874636E+03   3.150645E+09   2.073792E-06
     121   K        0    1 --->   M2M4     3    7    8.868391E+03   1.366325E+09   8.993312E-07
     124   K        0    1 --->   M2M4     5    3    8.880300E+03   8.294961E+10   5.459842E-05
     127   K        0    1 --->   M2M5     5    6    8.875084E+03   7.730252E+08   5.088144E-07
     128   K        0    1 --->   M2M5     5    7    8.867299E+03   2.431249E+11   1.600277E-04
     132   K        0    1 --->   M2M5     7    4    8.867308E+03   3.705286E+11   2.438864E-04
     134   K        0    1 --->   M2N1     1    1    8.883678E+03   1.272533E+11   8.375966E-05
     256   K        2    1 --->   M2M3     1    1    8.800390E+03   1.470930E+10   9.681834E-06
     257   K        2    1 --->   M2M3     1    2    8.799681E+03   2.440397E+10   1.606299E-05
     258   K        2    1 --->   M2M2     1    3    8.790398E+03   6.534718E+11   4.301229E-04
     260   K        2    1 --->   M2M3     3    2    8.800331E+03   1.000088E+10   6.582702E-06
     261   K        2    1 --->   M2M3     3    3    8.796773E+03   2.573709E+12   1.694046E-03
     263   K        2    1 --->   M2M3     5    2    8.796814E+03   3.892281E+12   2.561946E-03
     266   K        2    1 --->   M2M4     1    3    8.875704E+03   2.548577E+08   1.677504E-07
     267   K        2    1 --->   M2M4     1    4    8.868514E+03   8.069259E+08   5.311282E-07
     269   K        2    1 --->   M2M4     3    2    8.880710E+03   2.737125E+10   1.801608E-05
     272   K        2    1 --->   M2M4     3    5    8.875557E+03   6.752167E+08   4.444357E-07
     273   K        2    1 --->   M2M5     3    6    8.874747E+03   2.384842E+08   1.569732E-07
     274   K        2    1 --->   M2M4     3    7    8.868501E+03   2.196311E+09   1.445638E-06
     277   K        2    1 --->   M2M4     5    3    8.880411E+03   2.217135E+10   1.459345E-05
     280   K        2    1 --->   M2M5     5    6    8.875195E+03   1.643270E+09   1.081620E-06
     281   K        2    1 --->   M2M5     5    7    8.867410E+03   2.706349E+11   1.781351E-04
     285   K        2    1 --->   M2M5     7    4    8.867419E+03   3.459187E+11   2.276878E-04
     287   K        2    1 --->   M2N1     1    1    8.883789E+03   8.242171E+09   5.425095E-06
     106   K        0    1 --->   M3M3     3    1    8.801862E+03   1.120888E+11   7.377819E-05
     109   K        0    1 --->   M3M3     5    1    8.802441E+03   2.057349E+11   1.354172E-04
     111   K        0    1 --->   M3M4     1    1    8.877763E+03   4.860018E+07   3.198922E-08
     112   K        0    1 --->   M3M4     1    2    8.877014E+03   5.015464E+09   3.301238E-06
     115   K        0    1 --->   M3M5     3    1    8.882332E+03   3.285366E+07   2.162467E-08
     117   K        0    1 --->   M3M4     3    3    8.877643E+03   3.746978E+08   2.466305E-07
     118   K        0    1 --->   M3M4     3    4    8.876658E+03   7.264341E+09   4.781476E-06
     122   K        0    1 --->   M3M4     5    1    8.882372E+03   1.743126E+09   1.147346E-06
     123   K        0    1 --->   M3M4     5    2    8.881913E+03   9.832902E+10   6.472133E-05
     125   K        0    1 --->   M3M4     5    4    8.877235E+03   5.498517E+08   3.619189E-07
     126   K        0    1 --->   M3M5     5    5    8.876045E+03   4.543039E+09   2.990283E-06
     129   K        0    1 --->   M3M5     7    1    8.883087E+03   1.021872E+11   6.726084E-05
     130   K        0    1 --->   M3M4     7    2    8.882088E+03   9.526749E+10   6.270620E-05
     131   K        0    1 --->   M3M5     7    3    8.876613E+03   8.779792E+08   5.778964E-07
     133   K        0    1 --->   M3M5     9    1    8.883561E+03   1.207040E+07   7.944879E-09
     135   K        0    1 --->   M3N1     3    1    8.886192E+03   2.086191E+11   1.373156E-04
     259   K        2    1 --->   M3M3     3    1    8.801973E+03   1.449735E+11   9.542327E-05
     262   K        2    1 --->   M3M3     5    1    8.802552E+03   1.694203E+11   1.115145E-04
     264   K        2    1 --->   M3M4     1    1    8.877874E+03   2.504110E+09   1.648235E-06
     265   K        2    1 --->   M3M4     1    2    8.877125E+03   5.563240E+08   3.661791E-07
     268   K        2    1 --->   M3M5     3    1    8.882443E+03   2.327853E+10   1.532221E-05
     270   K        2    1 --->   M3M4     3    3    8.877754E+03   4.343787E+09   2.859132E-06
     271   K        2    1 --->   M3M4     3    4    8.876768E+03   1.009059E+09   6.641747E-07
     275   K        2    1 --->   M3M4     5    1    8.882483E+03   5.220545E+10   3.436225E-05
     276   K        2    1 --->   M3M4     5    2    8.882023E+03   1.342586E+10   8.837061E-06
     278   K        2    1 --->   M3M4     5    4    8.877346E+03   5.522738E+09   3.635132E-06
     279   K        2    1 --->   M3M5     5    5    8.876156E+03   2.012612E+09   1.324725E-06
     282   K        2    1 --->   M3M5     7    1    8.883198E+03   5.976372E+10   3.933719E-05
     283   K        2    1 --->   M3M4     7    2    8.882199E+03   6.385832E+10   4.203231E-05
     284   K        2    1 --->   M3M5     7    3    8.876723E+03   3.985468E+09   2.623283E-06
     286   K        2    1 --->   M3M5     9    1    8.883672E+03   1.155415E+11   7.605078E-05
     288   K        2    1 --->   M3N1     3    1    8.886302E+03   2.055483E+10   1.352944E-05
     136   K        0    1 --->   M4M4     1    1    8.953236E+03   2.038377E+05   1.341684E-10
     137   K        0    1 --->   M4M5     1    2    8.952443E+03   1.783486E+04   1.173912E-11
     139   K        0    1 --->   M4M4     3    1    8.955869E+03   9.482541E+01   6.241522E-14
     141   K        0    1 --->   M4M5     3    3    8.953267E+03   3.325501E+06   2.188885E-09
     142   K        0    1 --->   M4M5     3    4    8.952534E+03   4.743872E+06   3.122473E-09
     143   K        0    1 --->   M4M5     5    1    8.955959E+03   2.758823E+04   1.815890E-11
     144   K        0    1 --->   M4M5     5    2    8.955136E+03   1.539388E+06   1.013243E-09
     146   K        0    1 --->   M4M5     5    4    8.953278E+03   3.460984E+07   2.278061E-08
     147   K        0    1 --->   M4M5     7    1    8.956088E+03   5.077014E+06   3.341751E-09
     149   K        0    1 --->   M4M5     7    3    8.952248E+03   1.073239E+10   7.064185E-06
     151   K        0    1 --->   M4M5     9    2    8.952252E+03   1.357166E+10   8.933031E-06
     152   K        0    1 --->   M4N1     3    1    8.961762E+03   7.186534E+09   4.730263E-06
     289   K        2    1 --->   M4M4     1    1    8.953347E+03   7.007240E+04   4.612249E-11
     290   K        2    1 --->   M4M5     1    2    8.952554E+03   1.748251E+05   1.150720E-10
     292   K        2    1 --->   M4M4     3    1    8.955979E+03   2.644645E+05   1.740737E-10
     294   K        2    1 --->   M4M5     3    3    8.953378E+03   5.649388E+06   3.718494E-09
     295   K        2    1 --->   M4M5     3    4    8.952645E+03   1.572719E+06   1.035182E-09
     296   K        2    1 --->   M4M5     5    1    8.956069E+03   2.250777E+06   1.481488E-09
     297   K        2    1 --->   M4M5     5    2    8.955247E+03   1.254705E+06   8.258615E-10
     299   K        2    1 --->   M4M5     5    4    8.953388E+03   4.201696E+07   2.765607E-08
     300   K        2    1 --->   M4M5     7    1    8.956199E+03   4.009402E+06   2.639036E-09
     302   K        2    1 --->   M4M5     7    3    8.952359E+03   1.081576E+10   7.119060E-06
     304   K        2    1 --->   M4M5     9    2    8.952363E+03   1.347048E+10   8.866431E-06
     305   K        2    1 --->   M4N1     3    1    8.961872E+03   3.152213E+08   2.074824E-07
     138   K        0    1 --->   M5M5     1    3    8.947023E+03   5.721860E+07   3.766197E-08
     140   K        0    1 --->   M5M5     3    2    8.953548E+03   1.220035E+08   8.030416E-08
     145   K        0    1 --->   M5M5     5    3    8.953616E+03   1.677381E+08   1.104072E-07
     148   K        0    1 --->   M5M5     7    2    8.955374E+03   2.448230E+05   1.611454E-10
     150   K        0    1 --->   M5M5     9    1    8.956243E+03   1.232950E+07   8.115421E-09
     153   K        0    1 --->   M5N1     5    1    8.962011E+03   9.921244E+09   6.530282E-06
     291   K        2    1 --->   M5M5     1    3    8.947134E+03   5.714761E+07   3.761524E-08
     293   K        2    1 --->   M5M5     3    2    8.953659E+03   1.272008E+08   8.372506E-08
     298   K        2    1 --->   M5M5     5    3    8.953726E+03   1.562784E+08   1.028643E-07
     301   K        2    1 --->   M5M5     7    2    8.955484E+03   8.469482E+06   5.574714E-09
     303   K        2    1 --->   M5M5     9    1    8.956354E+03   5.270615E+06   3.469182E-09
     306   K        2    1 --->   M5N1     5    1    8.962122E+03   4.012090E+08   2.640806E-07

     314   L1       0    1 --->   L2M2     1    4    4.382700E+01   3.342365E+12   2.199985E-03
     315   L1       0    1 --->   L2M3     1    5    4.279000E+01   1.622777E+14   1.068131E-01
     316   L1       0    1 --->   L2M2     1    6    3.499700E+01   2.075130E+14   1.365875E-01
     321   L1       0    1 --->   L2M2     3    5    4.365700E+01   1.386838E+14   9.128333E-02
     322   L1       0    1 --->   L2M3     3    6    4.316000E+01   1.920801E+12   1.264294E-03
     323   L1       0    1 --->   L2M3     3    7    4.178400E+01   2.700009E+10   1.777178E-05
     327   L1       0    1 --->   L2M3     5    4    4.207800E+01   5.071118E+14   3.337870E-01
     332   L1       0    1 --->   L2M4     1    4    1.199310E+02   1.211688E+14   7.975473E-02
     337   L1       0    1 --->   L2M4     3    5    1.230290E+02   6.015416E+12   3.959418E-03
     338   L1       0    1 --->   L2M5     3    6    1.213250E+02   2.181018E+14   1.435572E-01
     339   L1       0    1 --->   L2M4     3    7    1.197330E+02   9.645354E+12   6.348687E-03
     344   L1       0    1 --->   L2M4     5    5    1.228240E+02   5.490750E+14   3.614077E-01
     345   L1       0    1 --->   L2M5     5    6    1.216240E+02   1.694399E+13   1.115274E-02
     346   L1       0    1 --->   L2M5     5    7    1.205940E+02   1.742635E+12   1.147023E-03
     350   L1       0    1 --->   L2M5     7    4    1.208630E+02   1.016882E+15   6.693238E-01
     352   L1       0    1 --->   L2N1     1    1    1.312220E+02   2.326402E+12   1.531265E-03
     429   L1       2    1 --->   L2M2     1    4    4.359300E+01   5.250247E+13   3.455775E-02
     430   L1       2    1 --->   L2M3     1    5    4.255700E+01   1.248156E+13   8.215510E-03
     431   L1       2    1 --->   L2M2     1    6    3.476300E+01   2.028216E+14   1.334996E-01
     436   L1       2    1 --->   L2M2     3    5    4.342300E+01   8.150377E+13   5.364675E-02
     437   L1       2    1 --->   L2M3     3    6    4.292700E+01   9.306129E+13   6.125405E-02
     438   L1       2    1 --->   L2M3     3    7    4.155000E+01   1.186472E+14   7.809500E-02
     442   L1       2    1 --->   L2M3     5    4    4.184500E+01   1.315065E+14   8.655913E-02
     447   L1       2    1 --->   L2M4     1    4    1.196970E+02   2.421101E+13   1.593598E-02
     452   L1       2    1 --->   L2M4     3    5    1.227950E+02   2.804097E+14   1.845690E-01
     453   L1       2    1 --->   L2M5     3    6    1.210910E+02   4.021886E+13   2.647253E-02
     454   L1       2    1 --->   L2M4     3    7    1.195000E+02   1.247495E+14   8.211164E-02
     459   L1       2    1 --->   L2M4     5    5    1.225900E+02   2.438339E+14   1.604944E-01
     460   L1       2    1 --->   L2M5     5    6    1.213910E+02   1.670589E+14   1.099602E-01
     461   L1       2    1 --->   L2M5     5    7    1.203600E+02   5.176762E+14   3.407407E-01
     465   L1       2    1 --->   L2M5     7    4    1.206290E+02   3.899306E+14   2.566570E-01
     467   L1       2    1 --->   L2N1     1    1    1.309890E+02   3.382598E+13   2.226466E-02
     307   L1       0    1 --->   L3M1     1    1    1.349300E+01   1.843770E+14   1.213591E-01
     308   L1       0    1 --->   L3M1     3    1    1.463400E+01   1.658588E+14   1.091703E-01
     309   L1       0    1 --->   L3M1     3    2    1.293100E+01   2.755882E+14   1.813955E-01
     310   L1       0    1 --->   L3M1     5    1    1.511700E+01   1.976617E+06   1.301033E-09
     311   L1       0    1 --->   L3M3     1    1    6.646600E+01   1.039283E+14   6.840683E-02
     312   L1       0    1 --->   L3M2     1    2    6.046000E+01   2.967991E+14   1.953567E-01
     313   L1       0    1 --->   L3M3     1    3    5.704600E+01   2.216119E+14   1.458676E-01
     317   L1       0    1 --->   L3M3     3    1    6.652700E+01   3.330835E+13   2.192395E-02
     318   L1       0    1 --->   L3M2     3    2    6.120500E+01   6.556436E+13   4.315525E-02
     319   L1       0    1 --->   L3M2     3    3    6.070000E+01   4.491841E+13   2.956583E-02
     320   L1       0    1 --->   L3M3     3    4    5.996300E+01   6.508705E+14   4.284107E-01
     324   L1       0    1 --->   L3M3     5    1    6.602700E+01   1.091708E+15   7.185752E-01
     325   L1       0    1 --->   L3M2     5    2    6.140500E+01   1.316054E+14   8.662427E-02
     326   L1       0    1 --->   L3M3     5    3    5.993900E+01   9.741543E+12   6.412000E-03
     328   L1       0    1 --->   L3M3     7    1    6.642700E+01   1.447170E+06   9.525444E-10
     329   L1       0    1 --->   L3M4     1    1    1.407460E+02   5.595648E+13   3.683122E-02
     330   L1       0    1 --->   L3M4     1    2    1.402790E+02   1.426077E+14   9.386610E-02
     331   L1       0    1 --->   L3M5     1    3    1.390520E+02   1.737985E+11   1.143963E-04
     333   L1       0    1 --->   L3M5     3    1    1.432660E+02   2.658561E+13   1.749896E-02
     334   L1       0    1 --->   L3M4     3    2    1.412100E+02   9.914160E+13   6.525618E-02
     335   L1       0    1 --->   L3M4     3    3    1.406300E+02   1.122084E+14   7.385693E-02
     336   L1       0    1 --->   L3M5     3    4    1.391780E+02   1.572723E+14   1.035185E-01
     340   L1       0    1 --->   L3M5     5    1    1.432230E+02   7.665722E+13   5.045669E-02
     341   L1       0    1 --->   L3M4     5    2    1.420930E+02   3.154633E+14   2.076417E-01
     342   L1       0    1 --->   L3M4     5    3    1.413400E+02   1.101773E+14   7.252001E-02
     343   L1       0    1 --->   L3M5     5    4    1.394920E+02   8.609556E+14   5.666913E-01
     347   L1       0    1 --->   L3M5     7    1    1.431700E+02   1.413573E+15   9.304307E-01
     348   L1       0    1 --->   L3M5     7    2    1.423160E+02   3.057512E+14   2.012491E-01
     349   L1       0    1 --->   L3M4     7    3    1.394950E+02   6.190737E+13   4.074817E-02
     351   L1       0    1 --->   L3M5     9    1    1.435210E+02   1.299421E+06   8.552944E-10
     353   L1       0    1 --->   L3N1     3    1    1.512870E+02   9.733231E+12   6.406529E-03
     422   L1       2    1 --->   L3M1     1    1    1.325900E+01   9.658319E+13   6.357221E-02
     423   L1       2    1 --->   L3M1     3    1    1.440000E+01   8.065286E+12   5.308667E-03
     424   L1       2    1 --->   L3M1     3    2    1.269700E+01   2.361216E+14   1.554180E-01
     425   L1       2    1 --->   L3M1     5    1    1.488400E+01   5.092704E+13   3.352079E-02
     426   L1       2    1 --->   L3M3     1    1    6.623300E+01   2.859387E+13   1.882083E-02
     427   L1       2    1 --->   L3M2     1    2    6.022700E+01   3.253482E+13   2.141481E-02
     428   L1       2    1 --->   L3M3     1    3    5.681300E+01   2.459862E+14   1.619111E-01
     432   L1       2    1 --->   L3M3     3    1    6.629400E+01   1.195736E+14   7.870479E-02
     433   L1       2    1 --->   L3M2     3    2    6.097100E+01   8.375658E+13   5.512958E-02
     434   L1       2    1 --->   L3M2     3    3    6.046700E+01   2.328260E+14   1.532489E-01
     435   L1       2    1 --->   L3M3     3    4    5.972900E+01   1.365187E+14   8.985825E-02
     439   L1       2    1 --->   L3M3     5    1    6.579300E+01   2.695024E+14   1.773897E-01
     440   L1       2    1 --->   L3M2     5    2    6.117100E+01   9.818108E+13   6.462396E-02
     441   L1       2    1 --->   L3M3     5    3    5.970500E+01   5.513580E+14   3.629104E-01
     443   L1       2    1 --->   L3M3     7    1    6.619300E+01   8.371984E+14   5.510540E-01
     444   L1       2    1 --->   L3M4     1    1    1.405130E+02   5.083290E+13   3.345882E-02
     445   L1       2    1 --->   L3M4     1    2    1.400450E+02   4.812071E+13   3.167363E-02
     446   L1       2    1 --->   L3M5     1    3    1.388180E+02   9.163582E+13   6.031579E-02
     448   L1       2    1 --->   L3M5     3    1    1.430330E+02   7.541720E+13   4.964050E-02
     449   L1       2    1 --->   L3M4     3    2    1.409760E+02   6.770537E+13   4.456448E-02
     450   L1       2    1 --->   L3M4     3    3    1.403970E+02   1.015728E+14   6.685641E-02
     451   L1       2    1 --->   L3M5     3    4    1.389450E+02   1.117535E+14   7.355749E-02
     455   L1       2    1 --->   L3M5     5    1    1.429900E+02   1.017152E+14   6.695016E-02
     456   L1       2    1 --->   L3M4     5    2    1.418600E+02   1.478430E+14   9.731203E-02
     457   L1       2    1 --->   L3M4     5    3    1.411070E+02   1.119915E+14   7.371417E-02
     458   L1       2    1 --->   L3M5     5    4    1.392580E+02   2.724877E+14   1.793547E-01
     462   L1       2    1 --->   L3M5     7    1    1.429360E+02   4.167940E+14   2.743388E-01
     463   L1       2    1 --->   L3M5     7    2    1.420820E+02   2.112608E+14   1.390544E-01
     464   L1       2    1 --->   L3M4     7    3    1.392610E+02   7.789260E+14   5.126984E-01
     466   L1       2    1 --->   L3M5     9    1    1.432870E+02   1.134406E+15   7.466796E-01
     468   L1       2    1 --->   L3N1     3    1    1.510540E+02   6.343962E+13   4.175672E-02
     354   L1       0    1 --->   M1M1     1    1    8.215220E+02   4.319903E+13   2.843412E-02
     355   L1       0    1 --->   M1M2     1    1    8.767260E+02   8.665804E+12   5.703935E-03
     356   L1       0    1 --->   M1M2     1    2    8.753760E+02   3.061094E+13   2.014849E-02
     357   L1       0    1 --->   M1M3     1    3    8.622580E+02   3.927299E+13   2.584995E-02
     358   L1       0    1 --->   M1M3     3    1    8.779490E+02   4.747745E+13   3.125022E-02
     359   L1       0    1 --->   M1M3     3    2    8.766560E+02   4.468672E+13   2.941333E-02
     360   L1       0    1 --->   M1M3     3    3    8.623300E+02   5.901204E+13   3.884243E-02
     361   L1       0    1 --->   M1M3     5    1    8.787910E+02   2.968967E+07   1.954210E-08
     362   L1       0    1 --->   M1M4     1    1    9.511190E+02   5.064051E+07   3.333219E-08
     363   L1       0    1 --->   M1M4     3    1    9.511800E+02   3.961578E+10   2.607558E-05
     364   L1       0    1 --->   M1M4     3    2    9.498830E+02   2.560050E+13   1.685055E-02
     365   L1       0    1 --->   M1M5     3    3    9.452140E+02   5.841870E+13   3.845189E-02
     366   L1       0    1 --->   M1M5     5    1    9.512760E+02   1.126599E+11   7.415406E-05
     367   L1       0    1 --->   M1M5     5    2    9.500380E+02   3.959057E+13   2.605899E-02
     368   L1       0    1 --->   M1M5     5    3    9.452380E+02   8.263440E+13   5.439095E-02
     369   L1       0    1 --->   M1M5     7    1    9.513990E+02   1.502395E+08   9.888943E-08
     370   L1       0    1 --->   M1N1     1    1    9.580650E+02   1.833478E+12   1.206817E-03
     469   L1       2    1 --->   M1M1     1    1    8.212880E+02   4.324263E+13   2.846282E-02
     470   L1       2    1 --->   M1M2     1    1    8.764920E+02   1.770032E+13   1.165056E-02
     471   L1       2    1 --->   M1M2     1    2    8.751420E+02   1.047860E+13   6.897140E-03
     472   L1       2    1 --->   M1M3     1    3    8.620250E+02   2.925440E+13   1.925559E-02
     473   L1       2    1 --->   M1M3     3    1    8.777160E+02   2.358137E+13   1.552154E-02
     474   L1       2    1 --->   M1M3     3    2    8.764230E+02   2.572327E+13   1.693137E-02
     475   L1       2    1 --->   M1M3     3    3    8.620970E+02   6.511045E+13   4.285648E-02
     476   L1       2    1 --->   M1M3     5    1    8.785570E+02   5.846797E+13   3.848432E-02
     477   L1       2    1 --->   M1M4     1    1    9.508850E+02   6.892226E+12   4.536545E-03
     478   L1       2    1 --->   M1M4     3    1    9.509460E+02   1.355589E+13   8.922651E-03
     479   L1       2    1 --->   M1M4     3    2    9.496500E+02   4.875547E+12   3.209143E-03
     480   L1       2    1 --->   M1M5     3    3    9.449810E+02   5.219232E+13   3.435361E-02
     481   L1       2    1 --->   M1M5     5    1    9.510420E+02   1.981250E+13   1.304082E-02
     482   L1       2    1 --->   M1M5     5    2    9.498040E+02   5.819881E+12   3.830715E-03
     483   L1       2    1 --->   M1M5     5    3    9.450040E+02   8.003652E+13   5.268099E-02
     484   L1       2    1 --->   M1M5     7    1    9.511660E+02   2.543356E+13   1.674067E-02
     485   L1       2    1 --->   M1N1     1    1    9.578310E+02   2.187579E+12   1.439890E-03
     371   L1       0    1 --->   M2M3     1    1    9.209710E+02   1.327219E+11   8.735913E-05
     372   L1       0    1 --->   M2M3     1    2    9.202610E+02   1.080384E+11   7.111218E-05
     373   L1       0    1 --->   M2M2     1    3    9.109790E+02   1.971085E+12   1.297392E-03
     375   L1       0    1 --->   M2M3     3    2    9.209110E+02   4.910364E+09   3.232060E-06
     376   L1       0    1 --->   M2M3     3    3    9.173530E+02   8.165980E+11   5.374945E-04
     378   L1       0    1 --->   M2M3     5    2    9.173940E+02   1.552685E+12   1.021996E-03
     381   L1       0    1 --->   M2M4     1    3    9.962840E+02   1.672078E+11   1.100582E-04
     382   L1       0    1 --->   M2M4     1    4    9.890940E+02   1.188829E+12   7.825014E-04
     384   L1       0    1 --->   M2M4     3    2    1.001290E+03   2.689806E+10   1.770462E-05
     387   L1       0    1 --->   M2M4     3    5    9.961370E+02   1.814070E+11   1.194042E-04
     388   L1       0    1 --->   M2M5     3    6    9.953270E+02   2.779581E+11   1.829553E-04
     389   L1       0    1 --->   M2M4     3    7    9.890820E+02   3.372313E+12   2.219697E-03
     392   L1       0    1 --->   M2M4     5    3    1.000991E+03   2.927237E+11   1.926742E-04
     395   L1       0    1 --->   M2M5     5    6    9.957750E+02   2.810054E+09   1.849611E-06
     396   L1       0    1 --->   M2M5     5    7    9.879900E+02   2.930802E+13   1.929089E-02
     400   L1       0    1 --->   M2M5     7    4    9.879990E+02   3.996849E+13   2.630774E-02
     402   L1       0    1 --->   M2N1     1    1    1.004369E+03   7.229803E+12   4.758743E-03
     486   L1       2    1 --->   M2M3     1    1    9.207370E+02   1.054015E+11   6.937654E-05
     487   L1       2    1 --->   M2M3     1    2    9.200270E+02   1.352588E+11   8.902898E-05
     488   L1       2    1 --->   M2M2     1    3    9.107450E+02   1.968382E+12   1.295612E-03
     490   L1       2    1 --->   M2M3     3    2    9.206770E+02   2.717268E+09   1.788538E-06
     491   L1       2    1 --->   M2M3     3    3    9.171200E+02   9.853033E+11   6.485384E-04
     493   L1       2    1 --->   M2M3     5    2    9.171600E+02   1.381400E+12   9.092538E-04
     496   L1       2    1 --->   M2M4     1    3    9.960500E+02   1.177528E+10   7.750630E-06
     497   L1       2    1 --->   M2M4     1    4    9.888610E+02   1.629370E+12   1.072471E-03
     499   L1       2    1 --->   M2M4     3    2    1.001056E+03   1.137386E+11   7.486410E-05
     502   L1       2    1 --->   M2M4     3    5    9.959030E+02   7.388956E+10   4.863499E-05
     503   L1       2    1 --->   M2M5     3    6    9.950940E+02   1.104622E+11   7.270757E-05
     504   L1       2    1 --->   M2M4     3    7    9.888480E+02   2.915160E+12   1.918793E-03
     507   L1       2    1 --->   M2M4     5    3    1.000757E+03   1.309346E+11   8.618273E-05
     510   L1       2    1 --->   M2M5     5    6    9.955420E+02   2.569152E+11   1.691046E-04
     511   L1       2    1 --->   M2M5     5    7    9.877560E+02   2.999458E+13   1.974279E-02
     515   L1       2    1 --->   M2M5     7    4    9.877660E+02   3.967366E+13   2.611368E-02
     517   L1       2    1 --->   M2N1     1    1    1.004135E+03   5.254697E+10   3.458704E-05
     374   L1       0    1 --->   M3M3     3    1    9.225530E+02   5.047002E+10   3.321997E-05
     377   L1       0    1 --->   M3M3     5    1    9.231320E+02   4.056686E+10   2.670159E-05
     379   L1       0    1 --->   M3M4     1    1    9.984540E+02   2.958306E+09   1.947193E-06
     380   L1       0    1 --->   M3M4     1    2    9.977050E+02   6.379245E+11   4.198895E-04
     383   L1       0    1 --->   M3M5     3    1    1.003023E+03   8.549477E+09   5.627368E-06
     385   L1       0    1 --->   M3M4     3    3    9.983340E+02   3.043466E+10   2.003246E-05
     386   L1       0    1 --->   M3M4     3    4    9.973490E+02   8.065090E+11   5.308539E-04
     390   L1       0    1 --->   M3M4     5    1    1.003063E+03   5.302563E+09   3.490210E-06
     391   L1       0    1 --->   M3M4     5    2    1.002604E+03   3.304761E+11   2.175233E-04
     393   L1       0    1 --->   M3M4     5    4    9.979260E+02   6.915429E+09   4.551818E-06
     394   L1       0    1 --->   M3M5     5    5    9.967360E+02   1.182417E+11   7.782812E-05
     397   L1       0    1 --->   M3M5     7    1    1.003778E+03   6.091726E+11   4.009647E-04
     398   L1       0    1 --->   M3M4     7    2    1.002779E+03   8.794210E+11   5.788454E-04
     399   L1       0    1 --->   M3M5     7    3    9.973030E+02   2.057741E+11   1.354430E-04
     401   L1       0    1 --->   M3M5     9    1    1.004252E+03   2.371038E+07   1.560646E-08
     403   L1       0    1 --->   M3N1     3    1    1.006883E+03   1.378432E+13   9.073005E-03
     489   L1       2    1 --->   M3M3     3    1    9.223200E+02   3.696330E+10   2.432969E-05
     492   L1       2    1 --->   M3M3     5    1    9.228990E+02   5.499977E+10   3.620151E-05
     494   L1       2    1 --->   M3M4     1    1    9.982210E+02   3.092521E+11   2.035534E-04
     495   L1       2    1 --->   M3M4     1    2    9.974710E+02   6.493550E+10   4.274132E-05
     498   L1       2    1 --->   M3M5     3    1    1.002790E+03   1.243252E+11   8.183236E-05
     500   L1       2    1 --->   M3M4     3    3    9.981010E+02   5.433723E+11   3.576541E-04
     501   L1       2    1 --->   M3M4     3    4    9.971150E+02   1.197134E+11   7.879682E-05
     505   L1       2    1 --->   M3M4     5    1    1.002830E+03   2.817259E+11   1.854354E-04
     506   L1       2    1 --->   M3M4     5    2    1.002370E+03   1.820065E+11   1.197988E-04
     508   L1       2    1 --->   M3M4     5    4    9.976920E+02   6.064163E+11   3.991505E-04
     509   L1       2    1 --->   M3M5     5    5    9.965030E+02   1.929946E+11   1.270313E-04
     512   L1       2    1 --->   M3M5     7    1    1.003544E+03   4.001042E+11   2.633534E-04
     513   L1       2    1 --->   M3M4     7    2    1.002546E+03   2.501844E+11   1.646743E-04
     514   L1       2    1 --->   M3M5     7    3    9.970700E+02   1.650024E+11   1.086066E-04
     516   L1       2    1 --->   M3M5     9    1    1.004019E+03   7.485390E+11   4.926973E-04
     518   L1       2    1 --->   M3N1     3    1    1.006649E+03   1.218287E+11   8.018912E-05
     404   L1       0    1 --->   M4M4     1    1    1.073927E+03   4.119393E+09   2.711434E-06
     405   L1       0    1 --->   M4M5     1    2    1.073134E+03   1.516018E+09   9.978613E-07
     407   L1       0    1 --->   M4M4     3    1    1.076560E+03   5.303072E+09   3.490545E-06
     409   L1       0    1 --->   M4M5     3    3    1.073958E+03   7.489724E+10   4.929826E-05
     410   L1       0    1 --->   M4M5     3    4    1.073225E+03   5.208888E+10   3.428552E-05
     411   L1       0    1 --->   M4M5     5    1    1.076650E+03   2.040749E+09   1.343245E-06
     412   L1       0    1 --->   M4M5     5    2    1.075827E+03   1.545119E+10   1.017016E-05
     414   L1       0    1 --->   M4M5     5    4    1.073968E+03   6.163603E+11   4.056957E-04
     415   L1       0    1 --->   M4M5     7    1    1.076779E+03   1.582412E+10   1.041563E-05
     417   L1       0    1 --->   M4M5     7    3    1.072939E+03   5.648737E+13   3.718066E-02
     419   L1       0    1 --->   M4M5     9    2    1.072943E+03   7.089338E+13   4.666287E-02
     420   L1       0    1 --->   M4N1     3    1    1.082453E+03   6.110585E+12   4.022060E-03
     519   L1       2    1 --->   M4M4     1    1    1.073694E+03   2.970078E+09   1.954941E-06
     520   L1       2    1 --->   M4M5     1    2    1.072901E+03   2.739226E+09   1.802991E-06
     522   L1       2    1 --->   M4M4     3    1    1.076326E+03   6.667182E+09   4.388419E-06
     524   L1       2    1 --->   M4M5     3    3    1.073725E+03   8.335664E+10   5.486633E-05
     525   L1       2    1 --->   M4M5     3    4    1.072991E+03   4.304991E+10   2.833597E-05
     526   L1       2    1 --->   M4M5     5    1    1.076416E+03   3.531544E+09   2.324505E-06
     527   L1       2    1 --->   M4M5     5    2    1.075593E+03   1.157665E+10   7.619887E-06
     529   L1       2    1 --->   M4M5     5    4    1.073735E+03   6.656168E+11   4.381170E-04
     530   L1       2    1 --->   M4M5     7    1    1.076545E+03   1.269598E+10   8.356646E-06
     532   L1       2    1 --->   M4M5     7    3    1.072706E+03   5.661103E+13   3.726205E-02
     534   L1       2    1 --->   M4M5     9    2    1.072709E+03   7.067592E+13   4.651974E-02
     535   L1       2    1 --->   M4N1     3    1    1.082219E+03   3.949469E+11   2.599588E-04
     406   L1       0    1 --->   M5M5     1    3    1.067714E+03   4.292904E+12   2.825641E-03
     408   L1       0    1 --->   M5M5     3    2    1.074239E+03   1.810313E+12   1.191570E-03
     413   L1       0    1 --->   M5M5     5    3    1.074307E+03   2.343577E+12   1.542571E-03
     416   L1       0    1 --->   M5M5     7    2    1.076065E+03   2.061246E+10   1.356737E-05
     418   L1       0    1 --->   M5M5     9    1    1.076934E+03   4.318009E+10   2.842165E-05
     421   L1       0    1 --->   M5N1     5    1    1.082702E+03   8.758552E+12   5.764983E-03
     521   L1       2    1 --->   M5M5     1    3    1.067481E+03   4.293239E+12   2.825861E-03
     523   L1       2    1 --->   M5M5     3    2    1.074006E+03   1.845113E+12   1.214475E-03
     528   L1       2    1 --->   M5M5     5    3    1.074073E+03   2.262407E+12   1.489143E-03
     531   L1       2    1 --->   M5M5     7    2    1.075831E+03   3.180005E+10   2.093117E-05
     533   L1       2    1 --->   M5M5     9    1    1.076701E+03   3.707964E+10   2.440626E-05
     536   L1       2    1 --->   M5N1     5    1    1.082468E+03   5.987090E+11   3.940774E-04

     537   L2       0    1 --->   L3N1     3    1    3.649000E+00   2.049216E+12   1.348819E-03
     674   L2       2    2 --->   L3N1     3    1    3.690000E+00   5.251861E+12   3.456837E-03
     538   L2       0    1 --->   M1M1     1    1    6.738840E+02   2.887471E+12   1.900568E-03
     539   L2       0    1 --->   M1M2     1    1    7.290870E+02   2.861462E+13   1.883448E-02
     540   L2       0    1 --->   M1M2     1    2    7.277380E+02   2.014573E+12   1.326016E-03
     541   L2       0    1 --->   M1M3     1    3    7.146200E+02   3.860435E+13   2.540984E-02
     542   L2       0    1 --->   M1M3     3    1    7.303110E+02   5.777029E+08   3.802509E-07
     543   L2       0    1 --->   M1M3     3    2    7.290180E+02   1.065325E+10   7.012097E-06
     544   L2       0    1 --->   M1M3     3    3    7.146920E+02   1.291952E+11   8.503784E-05
     545   L2       0    1 --->   M1M3     5    1    7.311530E+02   6.585102E+10   4.334393E-05
     546   L2       0    1 --->   M1M4     1    1    8.034810E+02   3.000088E+12   1.974694E-03
     547   L2       0    1 --->   M1M4     3    1    8.035410E+02   3.398588E+12   2.236991E-03
     548   L2       0    1 --->   M1M4     3    2    8.022450E+02   4.809833E+11   3.165890E-04
     549   L2       0    1 --->   M1M5     3    3    7.975760E+02   2.723735E+12   1.792795E-03
     550   L2       0    1 --->   M1M5     5    1    8.036370E+02   3.926753E+11   2.584636E-04
     551   L2       0    1 --->   M1M5     5    2    8.023990E+02   3.879217E+11   2.553347E-04
     552   L2       0    1 --->   M1M5     5    3    7.975990E+02   4.107853E+12   2.703838E-03
     553   L2       0    1 --->   M1M5     7    1    8.037610E+02   2.503069E+12   1.647550E-03
     554   L2       0    1 --->   M1N1     1    1    8.104270E+02   1.301462E+11   8.566378E-05
     675   L2       2    2 --->   M1M1     1    1    6.739250E+02   2.887667E+12   1.900697E-03
     676   L2       2    2 --->   M1M2     1    1    7.291280E+02   1.597363E+10   1.051404E-05
     677   L2       2    2 --->   M1M2     1    2    7.277790E+02   1.388898E+13   9.141895E-03
     678   L2       2    2 --->   M1M3     1    3    7.146610E+02   4.483162E+12   2.950871E-03
     679   L2       2    2 --->   M1M3     3    1    7.303520E+02   1.273547E+12   8.382636E-04
     680   L2       2    2 --->   M1M3     3    2    7.290590E+02   1.602409E+13   1.054725E-02
     681   L2       2    2 --->   M1M3     3    3    7.147330E+02   3.396263E+13   2.235461E-02
     682   L2       2    2 --->   M1M3     5    1    7.311940E+02   3.176370E+10   2.090724E-05
     683   L2       2    2 --->   M1M4     1    1    8.035220E+02   5.276826E+11   3.473270E-04
     684   L2       2    2 --->   M1M4     3    1    8.035820E+02   1.488790E+12   9.799395E-04
     685   L2       2    2 --->   M1M4     3    2    8.022860E+02   2.594080E+12   1.707454E-03
     686   L2       2    2 --->   M1M5     3    3    7.976170E+02   2.736586E+12   1.801253E-03
     687   L2       2    2 --->   M1M5     5    1    8.036780E+02   2.691758E+12   1.771747E-03
     688   L2       2    2 --->   M1M5     5    2    8.024410E+02   1.978474E+12   1.302255E-03
     689   L2       2    2 --->   M1M5     5    3    7.976400E+02   3.991684E+12   2.627374E-03
     690   L2       2    2 --->   M1M5     7    1    8.038020E+02   1.087522E+12   7.158197E-04
     691   L2       2    2 --->   M1N1     1    1    8.104680E+02   1.262000E+11   8.306635E-05
     555   L2       0    1 --->   M2M3     1    1    7.733320E+02   7.535908E+12   4.960224E-03
     556   L2       0    1 --->   M2M3     1    2    7.726230E+02   8.109626E+12   5.337853E-03
     557   L2       0    1 --->   M2M2     1    3    7.633400E+02   4.242850E+13   2.792694E-02
     559   L2       0    1 --->   M2M3     3    2    7.732720E+02   5.971795E+13   3.930707E-02
     560   L2       0    1 --->   M2M3     3    3    7.697150E+02   1.152503E+14   7.585910E-02
     562   L2       0    1 --->   M2M3     5    2    7.697550E+02   8.459085E+12   5.567870E-03
     565   L2       0    1 --->   M2M4     1    3    8.486460E+02   1.293595E+11   8.514595E-05
     566   L2       0    1 --->   M2M4     1    4    8.414560E+02   1.139328E+13   7.499194E-03
     568   L2       0    1 --->   M2M4     3    2    8.536510E+02   7.568795E+12   4.981871E-03
     571   L2       0    1 --->   M2M4     3    5    8.484990E+02   1.570120E+13   1.033472E-02
     572   L2       0    1 --->   M2M5     3    6    8.476890E+02   1.321087E+12   8.695551E-04
     573   L2       0    1 --->   M2M4     3    7    8.414430E+02   3.682455E+13   2.423836E-02
     576   L2       0    1 --->   M2M4     5    3    8.533520E+02   2.678437E+11   1.762979E-04
     579   L2       0    1 --->   M2M5     5    6    8.481370E+02   3.918394E+13   2.579133E-02
     580   L2       0    1 --->   M2M5     5    7    8.403510E+02   1.005410E+14   6.617727E-02
     584   L2       0    1 --->   M2M5     7    4    8.403610E+02   2.319694E+13   1.526850E-02
     586   L2       0    1 --->   M2N1     1    1    8.567310E+02   2.304871E+12   1.517094E-03
     692   L2       2    2 --->   M2M3     1    1    7.733730E+02   2.281420E+13   1.501658E-02
     693   L2       2    2 --->   M2M3     1    2    7.726640E+02   2.196434E+13   1.445719E-02
     694   L2       2    2 --->   M2M2     1    3    7.633810E+02   4.242911E+13   2.792735E-02
     696   L2       2    2 --->   M2M3     3    2    7.733140E+02   3.736041E+13   2.459107E-02
     697   L2       2    2 --->   M2M3     3    3    7.697560E+02   2.885370E+13   1.899185E-02
     699   L2       2    2 --->   M2M3     5    2    7.697970E+02   9.711449E+13   6.392191E-02
     702   L2       2    2 --->   M2M4     1    3    8.486870E+02   8.542174E+12   5.622561E-03
     703   L2       2    2 --->   M2M4     1    4    8.414970E+02   1.752705E+13   1.153651E-02
     705   L2       2    2 --->   M2M4     3    2    8.536930E+02   1.776909E+12   1.169583E-03
     708   L2       2    2 --->   M2M4     3    5    8.485400E+02   1.367261E+13   8.999477E-03
     709   L2       2    2 --->   M2M5     3    6    8.477300E+02   2.673541E+13   1.759757E-02
     710   L2       2    2 --->   M2M4     3    7    8.414840E+02   3.065248E+13   2.017583E-02
     713   L2       2    2 --->   M2M4     5    3    8.533940E+02   5.807449E+12   3.822533E-03
     716   L2       2    2 --->   M2M5     5    6    8.481780E+02   2.900447E+13   1.909109E-02
     717   L2       2    2 --->   M2M5     5    7    8.403930E+02   3.730070E+13   2.455176E-02
     721   L2       2    2 --->   M2M5     7    4    8.404020E+02   8.657874E+13   5.698716E-02
     723   L2       2    2 --->   M2N1     1    1    8.567720E+02   1.656422E+12   1.090276E-03
     558   L2       0    1 --->   M3M3     3    1    7.749150E+02   2.005846E+13   1.320272E-02
     561   L2       0    1 --->   M3M3     5    1    7.754940E+02   3.875340E+11   2.550795E-04
     563   L2       0    1 --->   M3M4     1    1    8.508160E+02   8.517458E+12   5.606292E-03
     564   L2       0    1 --->   M3M4     1    2    8.500660E+02   9.515059E+11   6.262926E-04
     567   L2       0    1 --->   M3M5     3    1    8.553850E+02   4.846947E+09   3.190318E-06
     569   L2       0    1 --->   M3M4     3    3    8.506960E+02   5.744588E+10   3.781157E-05
     570   L2       0    1 --->   M3M4     3    4    8.497100E+02   7.546475E+12   4.967180E-03
     574   L2       0    1 --->   M3M4     5    1    8.554250E+02   1.473422E+12   9.698243E-04
     575   L2       0    1 --->   M3M4     5    2    8.549650E+02   1.382471E+11   9.099588E-05
     577   L2       0    1 --->   M3M4     5    4    8.502880E+02   1.827285E+11   1.202741E-04
     578   L2       0    1 --->   M3M5     5    5    8.490980E+02   3.490569E+13   2.297534E-02
     581   L2       0    1 --->   M3M5     7    1    8.561400E+02   5.556648E+09   3.657452E-06
     582   L2       0    1 --->   M3M4     7    2    8.551410E+02   1.648799E+11   1.085259E-04
     583   L2       0    1 --->   M3M5     7    3    8.496650E+02   2.037966E+11   1.341414E-04
     585   L2       0    1 --->   M3M5     9    1    8.566140E+02   1.035200E+11   6.813807E-05
     587   L2       0    1 --->   M3N1     3    1    8.592440E+02   1.643996E+09   1.082098E-06
     695   L2       2    2 --->   M3M3     3    1    7.749560E+02   9.815593E+11   6.460741E-04
     698   L2       2    2 --->   M3M3     5    1    7.755350E+02   1.111845E+13   7.318295E-03
     700   L2       2    2 --->   M3M4     1    1    8.508570E+02   1.368643E+12   9.008570E-04
     701   L2       2    2 --->   M3M4     1    2    8.501080E+02   2.910769E+12   1.915903E-03
     704   L2       2    2 --->   M3M5     3    1    8.554260E+02   2.685948E+11   1.767923E-04
     706   L2       2    2 --->   M3M4     3    3    8.507370E+02   5.276793E+12   3.473248E-03
     707   L2       2    2 --->   M3M4     3    4    8.497520E+02   8.481743E+11   5.582785E-04
     711   L2       2    2 --->   M3M4     5    1    8.554660E+02   4.468762E+10   2.941392E-05
     712   L2       2    2 --->   M3M4     5    2    8.550070E+02   8.184497E+11   5.387133E-04
     714   L2       2    2 --->   M3M4     5    4    8.503290E+02   5.308162E+12   3.493895E-03
     715   L2       2    2 --->   M3M5     5    5    8.491390E+02   9.710603E+11   6.391635E-04
     718   L2       2    2 --->   M3M5     7    1    8.561810E+02   1.315010E+11   8.655555E-05
     719   L2       2    2 --->   M3M4     7    2    8.551820E+02   9.194572E+11   6.051977E-04
     720   L2       2    2 --->   M3M5     7    3    8.497060E+02   1.479340E+13   9.737191E-03
     722   L2       2    2 --->   M3M5     9    1    8.566550E+02   4.437256E+10   2.920655E-05
     724   L2       2    2 --->   M3N1     3    1    8.592850E+02   1.115702E+11   7.343685E-05
     588   L2       0    1 --->   M4M4     1    1    9.262890E+02   8.890208E+11   5.851641E-04
     589   L2       0    1 --->   M4M5     1    2    9.254960E+02   5.120432E+11   3.370330E-04
     591   L2       0    1 --->   M4M4     3    1    9.289210E+02   5.157098E+10   3.394464E-05
     593   L2       0    1 --->   M4M5     3    3    9.263200E+02   8.686472E+12   5.717540E-03
     594   L2       0    1 --->   M4M5     3    4    9.255870E+02   6.570566E+11   4.324825E-04
     595   L2       0    1 --->   M4M5     5    1    9.290110E+02   1.821270E+13   1.198782E-02
     596   L2       0    1 --->   M4M5     5    2    9.281880E+02   5.008025E+12   3.296342E-03
     598   L2       0    1 --->   M4M5     5    4    9.263300E+02   8.902946E+12   5.860025E-03
     599   L2       0    1 --->   M4M5     7    1    9.291400E+02   4.186818E+13   2.755814E-02
     601   L2       0    1 --->   M4M5     7    3    9.253010E+02   1.928442E+14   1.269323E-01
     603   L2       0    1 --->   M4M5     9    2    9.253050E+02   6.180786E+12   4.068267E-03
     604   L2       0    1 --->   M4N1     3    1    9.348140E+02   3.571197E+11   2.350605E-04
     725   L2       2    2 --->   M4M4     1    1    9.263300E+02   1.537937E+12   1.012289E-03
     726   L2       2    2 --->   M4M5     1    2    9.255370E+02   1.643346E+12   1.081670E-03
     728   L2       2    2 --->   M4M4     3    1    9.289620E+02   1.009261E+13   6.643076E-03
     730   L2       2    2 --->   M4M5     3    3    9.263610E+02   1.522049E+12   1.001831E-03
     731   L2       2    2 --->   M4M5     3    4    9.256280E+02   2.595592E+12   1.708450E-03
     732   L2       2    2 --->   M4M5     5    1    9.290530E+02   9.404731E+12   6.190306E-03
     733   L2       2    2 --->   M4M5     5    2    9.282300E+02   1.306670E+13   8.600656E-03
     735   L2       2    2 --->   M4M5     5    4    9.263710E+02   9.492301E+12   6.247946E-03
     736   L2       2    2 --->   M4M5     7    1    9.291820E+02   2.598676E+12   1.710480E-03
     738   L2       2    2 --->   M4M5     7    3    9.253420E+02   5.391709E+13   3.548887E-02
     740   L2       2    2 --->   M4M5     9    2    9.253460E+02   1.457962E+14   9.596481E-02
     741   L2       2    2 --->   M4N1     3    1    9.348550E+02   3.280318E+11   2.159144E-04
     590   L2       0    1 --->   M5M5     1    3    9.200760E+02   6.934568E+12   4.564415E-03
     592   L2       0    1 --->   M5M5     3    2    9.266010E+02   3.224721E+12   2.122550E-03
     597   L2       0    1 --->   M5M5     5    3    9.266680E+02   2.481201E+13   1.633156E-02
     600   L2       0    1 --->   M5M5     7    2    9.284260E+02   8.606479E+09   5.664887E-06
     602   L2       0    1 --->   M5M5     9    1    9.292960E+02   6.208204E+09   4.086314E-06
     605   L2       0    1 --->   M5N1     5    1    9.350640E+02   2.355815E+11   1.550626E-04
     727   L2       2    2 --->   M5M5     1    3    9.201170E+02   6.933890E+12   4.563969E-03
     729   L2       2    2 --->   M5M5     3    2    9.266420E+02   1.750220E+13   1.152016E-02
     734   L2       2    2 --->   M5M5     5    3    9.267090E+02   1.342134E+13   8.834087E-03
     737   L2       2    2 --->   M5M5     7    2    9.284680E+02   1.550654E+13   1.020659E-02
     739   L2       2    2 --->   M5M5     9    1    9.293370E+02   1.450489E+13   9.547292E-03
     742   L2       2    2 --->   M5N1     5    1    9.351050E+02   1.571899E+11   1.034643E-04

     606   L3       2    1 --->   M1M1     1    1    6.539010E+02   2.837861E+12   1.867914E-03
     607   L3       2    1 --->   M1M2     1    1    7.091050E+02   6.482094E+12   4.266592E-03
     608   L3       2    1 --->   M1M2     1    2    7.077550E+02   1.387290E+12   9.131307E-04
     609   L3       2    1 --->   M1M3     1    3    6.946370E+02   2.637113E+13   1.735779E-02
     610   L3       2    1 --->   M1M3     3    1    7.103280E+02   2.926996E+13   1.926584E-02
     611   L3       2    1 --->   M1M3     3    2    7.090350E+02   3.376798E+11   2.222648E-04
     612   L3       2    1 --->   M1M3     3    3    6.947090E+02   3.186532E+12   2.097413E-03
     613   L3       2    1 --->   M1M3     5    1    7.111700E+02   6.339890E+09   4.172991E-06
     614   L3       2    1 --->   M1M4     1    1    7.834980E+02   2.900045E+11   1.908845E-04
     615   L3       2    1 --->   M1M4     3    1    7.835590E+02   8.977329E+11   5.908985E-04
     616   L3       2    1 --->   M1M4     3    2    7.822620E+02   2.140376E+12   1.408821E-03
     617   L3       2    1 --->   M1M5     3    3    7.775930E+02   2.457625E+12   1.617638E-03
     618   L3       2    1 --->   M1M5     5    1    7.836550E+02   1.739477E+12   1.144945E-03
     619   L3       2    1 --->   M1M5     5    2    7.824170E+02   4.963879E+12   3.267285E-03
     620   L3       2    1 --->   M1M5     5    3    7.776160E+02   5.551172E+12   3.653847E-03
     621   L3       2    1 --->   M1M5     7    1    7.837780E+02   4.137833E+11   2.723571E-04
     622   L3       2    1 --->   M1N1     1    1    7.904440E+02   1.239817E+11   8.160624E-05
     743   L3       4    1 --->   M1M1     1    1    6.538180E+02   2.837278E+12   1.867531E-03
     744   L3       4    1 --->   M1M2     1    1    7.090220E+02   9.397015E+09   6.185228E-06
     745   L3       4    1 --->   M1M2     1    2    7.076720E+02   3.228223E+09   2.124855E-06
     746   L3       4    1 --->   M1M3     1    3    6.945540E+02   3.215479E+10   2.116466E-05
     747   L3       4    1 --->   M1M3     3    1    7.102450E+02   4.200269E+10   2.764667E-05
     748   L3       4    1 --->   M1M3     3    2    7.089520E+02   9.304564E+12   6.124375E-03
     749   L3       4    1 --->   M1M3     3    3    6.946260E+02   3.030905E+13   1.994978E-02
     750   L3       4    1 --->   M1M3     5    1    7.110870E+02   2.734946E+13   1.800174E-02
     751   L3       4    1 --->   M1M4     1    1    7.834150E+02   4.412358E+11   2.904267E-04
     752   L3       4    1 --->   M1M4     3    1    7.834760E+02   9.762743E+11   6.425954E-04
     753   L3       4    1 --->   M1M4     3    2    7.821790E+02   1.951835E+11   1.284721E-04
     754   L3       4    1 --->   M1M5     3    3    7.775100E+02   3.880936E+12   2.554478E-03
     755   L3       4    1 --->   M1M5     5    1    7.835720E+02   2.042561E+12   1.344438E-03
     756   L3       4    1 --->   M1M5     5    2    7.823340E+02   8.422524E+11   5.543806E-04
     757   L3       4    1 --->   M1M5     5    3    7.775340E+02   4.716816E+12   3.104664E-03
     758   L3       4    1 --->   M1M5     7    1    7.836950E+02   5.449753E+12   3.587093E-03
     759   L3       4    1 --->   M1N1     1    1    7.903610E+02   1.249724E+11   8.225829E-05
     623   L3       2    1 --->   M2M3     1    1    7.533490E+02   2.267193E+13   1.492294E-02
     624   L3       2    1 --->   M2M3     1    2    7.526400E+02   2.244574E+13   1.477406E-02
     625   L3       2    1 --->   M2M2     1    3    7.433580E+02   1.762890E+13   1.160355E-02
     627   L3       2    1 --->   M2M3     3    2    7.532900E+02   5.420268E+12   3.567685E-03
     628   L3       2    1 --->   M2M3     3    3    7.497320E+02   7.651629E+13   5.036393E-02
     630   L3       2    1 --->   M2M3     5    2    7.497730E+02   1.374637E+13   9.048024E-03
     633   L3       2    1 --->   M2M4     1    3    8.286630E+02   3.228813E+12   2.125243E-03
     634   L3       2    1 --->   M2M4     1    4    8.214730E+02   9.416869E+12   6.198295E-03
     636   L3       2    1 --->   M2M4     3    2    8.336690E+02   1.701853E+12   1.120180E-03
     639   L3       2    1 --->   M2M4     3    5    8.285160E+02   8.839304E+12   5.818135E-03
     640   L3       2    1 --->   M2M5     3    6    8.277060E+02   1.244525E+13   8.191613E-03
     641   L3       2    1 --->   M2M4     3    7    8.214610E+02   1.987016E+13   1.307878E-02
     644   L3       2    1 --->   M2M4     5    3    8.333700E+02   2.166152E+12   1.425787E-03
     647   L3       2    1 --->   M2M5     5    6    8.281540E+02   3.489486E+12   2.296822E-03
     648   L3       2    1 --->   M2M5     5    7    8.203690E+02   7.730001E+13   5.087979E-02
     652   L3       2    1 --->   M2M5     7    4    8.203780E+02   3.095317E+13   2.037374E-02
     654   L3       2    1 --->   M2N1     1    1    8.367480E+02   1.054192E+11   6.938816E-05
     760   L3       4    1 --->   M2M3     1    1    7.532670E+02   7.770344E+12   5.114533E-03
     761   L3       4    1 --->   M2M3     1    2    7.525570E+02   8.168481E+12   5.376592E-03
     762   L3       4    1 --->   M2M2     1    3    7.432750E+02   1.762525E+13   1.160115E-02
     764   L3       4    1 --->   M2M3     3    2    7.532070E+02   3.218016E+13   2.118137E-02
     765   L3       4    1 --->   M2M3     3    3    7.496490E+02   1.143164E+13   7.524439E-03
     767   L3       4    1 --->   M2M3     5    2    7.496900E+02   7.867780E+13   5.178666E-02
     770   L3       4    1 --->   M2M4     1    3    8.285800E+02   6.635046E+12   4.367266E-03
     771   L3       4    1 --->   M2M4     1    4    8.213900E+02   1.008607E+13   6.638769E-03
     773   L3       4    1 --->   M2M4     3    2    8.335860E+02   1.232663E+12   8.113533E-04
     776   L3       4    1 --->   M2M4     3    5    8.284330E+02   1.079627E+13   7.106233E-03
     777   L3       4    1 --->   M2M5     3    6    8.276230E+02   1.132796E+12   7.456198E-04
     778   L3       4    1 --->   M2M4     3    7    8.213780E+02   1.927863E+13   1.268943E-02
     781   L3       4    1 --->   M2M4     5    3    8.332870E+02   2.082291E+12   1.370589E-03
     784   L3       4    1 --->   M2M5     5    6    8.280710E+02   9.901693E+12   6.517412E-03
     785   L3       4    1 --->   M2M5     5    7    8.202860E+02   2.781777E+13   1.830999E-02
     789   L3       4    1 --->   M2M5     7    4    8.202950E+02   8.058800E+13   5.304399E-02
     791   L3       4    1 --->   M2N1     1    1    8.366650E+02   4.840690E+08   3.186200E-07
     626   L3       2    1 --->   M3M3     3    1    7.549320E+02   7.913929E+13   5.209042E-02
     629   L3       2    1 --->   M3M3     5    1    7.555110E+02   1.906161E+13   1.254658E-02
     631   L3       2    1 --->   M3M4     1    1    8.308330E+02   7.397651E+11   4.869222E-04
     632   L3       2    1 --->   M3M4     1    2    8.300840E+02   1.446332E+13   9.519933E-03
     635   L3       2    1 --->   M3M5     3    1    8.354020E+02   4.814343E+12   3.168858E-03
     637   L3       2    1 --->   M3M4     3    3    8.307130E+02   4.357283E+12   2.868016E-03
     638   L3       2    1 --->   M3M4     3    4    8.297280E+02   2.923456E+13   1.924254E-02
     642   L3       2    1 --->   M3M4     5    1    8.354420E+02   3.123411E+12   2.055866E-03
     643   L3       2    1 --->   M3M4     5    2    8.349830E+02   6.148593E+12   4.047077E-03
     645   L3       2    1 --->   M3M4     5    4    8.303050E+02   5.049553E+12   3.323676E-03
     646   L3       2    1 --->   M3M5     5    5    8.291150E+02   3.850330E+13   2.534333E-02
     649   L3       2    1 --->   M3M5     7    1    8.361570E+02   4.849485E+12   3.191989E-03
     650   L3       2    1 --->   M3M4     7    2    8.351580E+02   1.194630E+12   7.863197E-04
     651   L3       2    1 --->   M3M5     7    3    8.296820E+02   1.128391E+13   7.427204E-03
     653   L3       2    1 --->   M3M5     9    1    8.366310E+02   2.978275E+10   1.960336E-05
     655   L3       2    1 --->   M3N1     3    1    8.392610E+02   1.054039E+12   6.937813E-04
     763   L3       4    1 --->   M3M3     3    1    7.548490E+02   1.671613E+13   1.100276E-02
     766   L3       4    1 --->   M3M3     5    1    7.554280E+02   8.429950E+13   5.548694E-02
     768   L3       4    1 --->   M3M4     1    1    8.307500E+02   8.191260E+12   5.391585E-03
     769   L3       4    1 --->   M3M4     1    2    8.300010E+02   7.443407E+11   4.899339E-04
     772   L3       4    1 --->   M3M5     3    1    8.353190E+02   1.989884E+12   1.309766E-03
     774   L3       4    1 --->   M3M4     3    3    8.306300E+02   1.665903E+13   1.096518E-02
     775   L3       4    1 --->   M3M4     3    4    8.296450E+02   3.716760E+12   2.446416E-03
     779   L3       4    1 --->   M3M4     5    1    8.353590E+02   4.320918E+12   2.844080E-03
     780   L3       4    1 --->   M3M4     5    2    8.349000E+02   2.557021E+12   1.683062E-03
     782   L3       4    1 --->   M3M4     5    4    8.302220E+02   2.802004E+13   1.844313E-02
     783   L3       4    1 --->   M3M5     5    5    8.290320E+02   8.828764E+12   5.811198E-03
     786   L3       4    1 --->   M3M5     7    1    8.360740E+02   1.416265E+12   9.322025E-04
     787   L3       4    1 --->   M3M4     7    2    8.350750E+02   5.247674E+12   3.454081E-03
     788   L3       4    1 --->   M3M5     7    3    8.295990E+02   3.714459E+13   2.444901E-02
     790   L3       4    1 --->   M3M5     9    1    8.365480E+02   5.110985E+12   3.364111E-03
     792   L3       4    1 --->   M3N1     3    1    8.391790E+02   2.225391E+12   1.464779E-03
     656   L3       2    1 --->   M4M4     1    1    9.063060E+02   1.076073E+12   7.082843E-04
     657   L3       2    1 --->   M4M5     1    2    9.055130E+02   1.447437E+12   9.527202E-04
     659   L3       2    1 --->   M4M4     3    1    9.089390E+02   7.470002E+12   4.916845E-03
     661   L3       2    1 --->   M4M5     3    3    9.063370E+02   4.550869E+11   2.995436E-04
     662   L3       2    1 --->   M4M5     3    4    9.056040E+02   4.367627E+12   2.874824E-03
     663   L3       2    1 --->   M4M5     5    1    9.090290E+02   6.529724E+12   4.297942E-03
     664   L3       2    1 --->   M4M5     5    2    9.082060E+02   2.232046E+13   1.469160E-02
     666   L3       2    1 --->   M4M5     5    4    9.063470E+02   5.446721E+12   3.585097E-03
     667   L3       2    1 --->   M4M5     7    1    9.091580E+02   4.140862E+12   2.725565E-03
     669   L3       2    1 --->   M4M5     7    3    9.053180E+02   1.840456E+14   1.211410E-01
     671   L3       2    1 --->   M4M5     9    2    9.053220E+02   2.383816E+13   1.569056E-02
     672   L3       2    1 --->   M4N1     3    1    9.148310E+02   7.797180E+10   5.132197E-05
     793   L3       4    1 --->   M4M4     1    1    9.062230E+02   3.654514E+11   2.405444E-04
     794   L3       4    1 --->   M4M5     1    2    9.054300E+02   2.153521E+11   1.417473E-04
     796   L3       4    1 --->   M4M4     3    1    9.088560E+02   6.998841E+12   4.606721E-03
     798   L3       4    1 --->   M4M5     3    3    9.062540E+02   2.838492E+12   1.868329E-03
     799   L3       4    1 --->   M4M5     3    4    9.055210E+02   9.410260E+11   6.193945E-04
     800   L3       4    1 --->   M4M5     5    1    9.089460E+02   1.389245E+13   9.144177E-03
     801   L3       4    1 --->   M4M5     5    2    9.081230E+02   4.470586E+12   2.942593E-03
     803   L3       4    1 --->   M4M5     5    4    9.062640E+02   6.437638E+12   4.237330E-03
     804   L3       4    1 --->   M4M5     7    1    9.090750E+02   2.311151E+13   1.521227E-02
     806   L3       4    1 --->   M4M5     7    3    9.052350E+02   3.797196E+13   2.499360E-02
     808   L3       4    1 --->   M4M5     9    2    9.052390E+02   1.709783E+14   1.125399E-01
     809   L3       4    1 --->   M4N1     3    1    9.147490E+02   2.051093E+11   1.350054E-04
     658   L3       2    1 --->   M5M5     1    3    9.000930E+02   7.006314E+12   4.611640E-03
     660   L3       2    1 --->   M5M5     3    2    9.066180E+02   8.227877E+12   5.415687E-03
     665   L3       2    1 --->   M5M5     5    3    9.066860E+02   2.370402E+13   1.560227E-02
     668   L3       2    1 --->   M5M5     7    2    9.084440E+02   3.376279E+13   2.222307E-02
     670   L3       2    1 --->   M5M5     9    1    9.093130E+02   9.905222E+12   6.519735E-03
     673   L3       2    1 --->   M5N1     5    1    9.150810E+02   3.452679E+11   2.272595E-04
     795   L3       4    1 --->   M5M5     1    3    9.000100E+02   7.007689E+12   4.612544E-03
     797   L3       4    1 --->   M5M5     3    2    9.065350E+02   1.769081E+13   1.164430E-02
     802   L3       4    1 --->   M5M5     5    3    9.066030E+02   1.617712E+13   1.064797E-02
     805   L3       4    1 --->   M5M5     7    2    9.083610E+02   6.505953E+12   4.282296E-03
     807   L3       4    1 --->   M5M5     9    1    9.092300E+02   2.879488E+13   1.895313E-02
     810   L3       4    1 --->   M5N1     5    1    9.149980E+02   4.382884E+11   2.884867E-04

     813   M1       0    1 --->   M2M4     1    3    2.265000E+01   4.395341E+12   2.893066E-03
     814   M1       0    1 --->   M2M4     1    4    1.546000E+01   7.236398E+13   4.763084E-02
     816   M1       0    1 --->   M2M4     3    2    2.765600E+01   3.706930E+09   2.439945E-06
     819   M1       0    1 --->   M2M4     3    5    2.250300E+01   6.952203E+12   4.576023E-03
     820   M1       0    1 --->   M2M5     3    6    2.169300E+01   9.470098E+11   6.233332E-04
     821   M1       0    1 --->   M2M4     3    7    1.544700E+01   1.624407E+14   1.069204E-01
     824   M1       0    1 --->   M2M4     5    3    2.735700E+01   5.453209E+14   3.589367E-01
     827   M1       0    1 --->   M2M5     5    6    2.214100E+01   7.884704E+12   5.189806E-03
     828   M1       0    1 --->   M2M5     5    7    1.435600E+01   4.965066E+14   3.268066E-01
     832   M1       0    1 --->   M2M5     7    4    1.436500E+01   8.214454E+14   5.406851E-01
     834   M1       0    1 --->   M2N1     1    1    3.073500E+01   1.105817E+13   7.278618E-03
     856   M1       2    1 --->   M2M4     1    3    2.166500E+01   3.402898E+12   2.239828E-03
     857   M1       2    1 --->   M2M4     1    4    1.447600E+01   7.592400E+13   4.997408E-02
     859   M1       2    1 --->   M2M4     3    2    2.667100E+01   1.650333E+14   1.086269E-01
     862   M1       2    1 --->   M2M4     3    5    2.151800E+01   5.830260E+12   3.837547E-03
     863   M1       2    1 --->   M2M5     3    6    2.070900E+01   2.769175E+12   1.822704E-03
     864   M1       2    1 --->   M2M4     3    7    1.446300E+01   1.460718E+14   9.614620E-02
     867   M1       2    1 --->   M2M4     5    3    2.637200E+01   1.244825E+14   8.193589E-02
     870   M1       2    1 --->   M2M5     5    6    2.115700E+01   4.616149E+11   3.038404E-04
     871   M1       2    1 --->   M2M5     5    7    1.337100E+01   4.720306E+14   3.106962E-01
     875   M1       2    1 --->   M2M5     7    4    1.338100E+01   6.085790E+14   4.005739E-01
     877   M1       2    1 --->   M2N1     1    1    2.975100E+01   1.364984E+14   8.984491E-02
     811   M1       0    1 --->   M3M4     1    1    2.482000E+01   3.223739E+10   2.121903E-05
     812   M1       0    1 --->   M3M4     1    2    2.407100E+01   3.914316E+11   2.576450E-04
     815   M1       0    1 --->   M3M5     3    1    2.938900E+01   8.331638E+09   5.483983E-06
     817   M1       0    1 --->   M3M4     3    3    2.470000E+01   2.991716E+11   1.969183E-04
     818   M1       0    1 --->   M3M4     3    4    2.371500E+01   3.288917E+11   2.164804E-04
     822   M1       0    1 --->   M3M4     5    1    2.942900E+01   6.253412E+11   4.116070E-04
     823   M1       0    1 --->   M3M4     5    2    2.897000E+01   5.995791E+14   3.946501E-01
     825   M1       0    1 --->   M3M4     5    4    2.429200E+01   7.162732E+12   4.714595E-03
     826   M1       0    1 --->   M3M5     5    5    2.310200E+01   2.866294E+13   1.886629E-02
     829   M1       0    1 --->   M3M5     7    1    3.014400E+01   1.025231E+15   6.748195E-01
     830   M1       0    1 --->   M3M4     7    2    2.914500E+01   6.634252E+14   4.366744E-01
     831   M1       0    1 --->   M3M5     7    3    2.366900E+01   1.947361E+12   1.281776E-03
     833   M1       0    1 --->   M3M5     9    1    3.061800E+01   2.559847E+04   1.684922E-11
     835   M1       0    1 --->   M3N1     3    1    3.324800E+01   6.193142E+13   4.076400E-02
     854   M1       2    1 --->   M3M4     1    1    2.383600E+01   2.499712E+11   1.645340E-04
     855   M1       2    1 --->   M3M4     1    2    2.308600E+01   2.106266E+09   1.386369E-06
     858   M1       2    1 --->   M3M5     3    1    2.840500E+01   1.098504E+14   7.230484E-02
     860   M1       2    1 --->   M3M4     3    3    2.371600E+01   1.424159E+12   9.373985E-04
     861   M1       2    1 --->   M3M4     3    4    2.273000E+01   3.862981E+12   2.542660E-03
     865   M1       2    1 --->   M3M4     5    1    2.844500E+01   2.489642E+14   1.638712E-01
     866   M1       2    1 --->   M3M4     5    2    2.798500E+01   1.074296E+14   7.071147E-02
     868   M1       2    1 --->   M3M4     5    4    2.330700E+01   6.182788E+12   4.069585E-03
     869   M1       2    1 --->   M3M5     5    5    2.211800E+01   7.310258E+12   4.811699E-03
     872   M1       2    1 --->   M3M5     7    1    2.915900E+01   4.520642E+14   2.975541E-01
     873   M1       2    1 --->   M3M4     7    2    2.816100E+01   3.913474E+14   2.575895E-01
     874   M1       2    1 --->   M3M5     7    3    2.268500E+01   2.241245E+13   1.475214E-02
     876   M1       2    1 --->   M3M5     9    1    2.963400E+01   1.044803E+15   6.877017E-01
     878   M1       2    1 --->   M3N1     3    1    3.226400E+01   3.096226E+14   2.037973E-01
     836   M1       0    1 --->   M4M4     1    1    1.002930E+02   2.229536E+09   1.467507E-06
     837   M1       0    1 --->   M4M5     1    2    9.950000E+01   3.350075E+08   2.205059E-07
     839   M1       0    1 --->   M4M4     3    1    1.029250E+02   8.985362E+11   5.914272E-04
     841   M1       0    1 --->   M4M5     3    3    1.003240E+02   7.499107E+12   4.936002E-03
     842   M1       0    1 --->   M4M5     3    4    9.959100E+01   4.838631E+12   3.184845E-03
     843   M1       0    1 --->   M4M5     5    1    1.030160E+02   3.826966E+11   2.518954E-04
     844   M1       0    1 --->   M4M5     5    2    1.021930E+02   2.007618E+12   1.321438E-03
     846   M1       0    1 --->   M4M5     5    4    1.003340E+02   4.939860E+13   3.251475E-02
     847   M1       0    1 --->   M4M5     7    1    1.031450E+02   1.156807E+11   7.614242E-05
     849   M1       0    1 --->   M4M5     7    3    9.930500E+01   1.878699E+14   1.236582E-01
     851   M1       0    1 --->   M4M5     9    2    9.930900E+01   2.322766E+14   1.528873E-01
     852   M1       0    1 --->   M4N1     3    1    1.088180E+02   5.171663E+14   3.404050E-01
     879   M1       2    1 --->   M4M4     1    1    9.930900E+01   8.673992E+08   5.709325E-07
     880   M1       2    1 --->   M4M5     1    2    9.851600E+01   1.635048E+09   1.076208E-06
     882   M1       2    1 --->   M4M4     3    1    1.019410E+02   8.841218E+11   5.819395E-04
     884   M1       2    1 --->   M4M5     3    3    9.934000E+01   6.969722E+12   4.587554E-03
     885   M1       2    1 --->   M4M5     3    4    9.860600E+01   4.109240E+12   2.704751E-03
     886   M1       2    1 --->   M4M5     5    1    1.020310E+02   3.291878E+11   2.166753E-04
     887   M1       2    1 --->   M4M5     5    2    1.012080E+02   1.998827E+12   1.315652E-03
     889   M1       2    1 --->   M4M5     5    4    9.935000E+01   5.608032E+13   3.691274E-02
     890   M1       2    1 --->   M4M5     7    1    1.021600E+02   1.061638E+11   6.987831E-05
     892   M1       2    1 --->   M4M5     7    3    9.832100E+01   1.778062E+14   1.170342E-01
     894   M1       2    1 --->   M4M5     9    2    9.832400E+01   2.235050E+14   1.471137E-01
     895   M1       2    1 --->   M4N1     3    1    1.078340E+02   5.750589E+13   3.785106E-02
     838   M1       0    1 --->   M5M5     1    3    9.408000E+01   4.032538E+12   2.654265E-03
     840   M1       0    1 --->   M5M5     3    2    1.006050E+02   1.041345E+14   6.854258E-02
     845   M1       0    1 --->   M5M5     5    3    1.006720E+02   1.220301E+14   8.032170E-02
     848   M1       0    1 --->   M5M5     7    2    1.024310E+02   2.038016E+11   1.341447E-04
     850   M1       0    1 --->   M5M5     9    1    1.033000E+02   3.025651E+11   1.991520E-04
     853   M1       0    1 --->   M5N1     5    1    1.090680E+02   6.890988E+14   4.535730E-01
     881   M1       2    1 --->   M5M5     1    3    9.309600E+01   3.782406E+12   2.489624E-03
     883   M1       2    1 --->   M5M5     3    2    9.962100E+01   1.087975E+14   7.161183E-02
     888   M1       2    1 --->   M5M5     5    3    9.968800E+01   1.188641E+14   7.823777E-02
     891   M1       2    1 --->   M5M5     7    2    1.014460E+02   2.048801E+11   1.348545E-04
     893   M1       2    1 --->   M5M5     9    1    1.023160E+02   2.909460E+11   1.915041E-04
     896   M1       2    1 --->   M5N1     5    1    1.080830E+02   8.615047E+13   5.670527E-02

     897   M2       0    1 --->   M4M4     1    1    5.297900E+01   6.212143E+11   4.088907E-04
     898   M2       0    1 --->   M4M5     1    2    5.218600E+01   3.025183E+11   1.991211E-04
     900   M2       0    1 --->   M4M4     3    1    5.561200E+01   9.276874E+10   6.106149E-05
     902   M2       0    1 --->   M4M5     3    3    5.301000E+01   1.304710E+13   8.587754E-03
     903   M2       0    1 --->   M4M5     3    4    5.227700E+01   4.247354E+11   2.795659E-04
     904   M2       0    1 --->   M4M5     5    1    5.570200E+01   3.726273E+14   2.452678E-01
     905   M2       0    1 --->   M4M5     5    2    5.487900E+01   7.843945E+13   5.162978E-02
     907   M2       0    1 --->   M4M5     5    4    5.302000E+01   2.525901E+12   1.662578E-03
     908   M2       0    1 --->   M4M5     7    1    5.583100E+01   7.557415E+14   4.974381E-01
     910   M2       0    1 --->   M4M5     7    3    5.199100E+01   2.999479E+15   1.974293E+00
     912   M2       0    1 --->   M4M5     9    2    5.199500E+01   2.002161E+12   1.317846E-03
     913   M2       0    1 --->   M4N1     3    1    6.150400E+01   3.031260E+14   1.995211E-01
     933   M2       2    2 --->   M4M4     1    1    5.312200E+01   1.573321E+12   1.035579E-03
     934   M2       2    2 --->   M4M5     1    2    5.232900E+01   2.621032E+12   1.725194E-03
     936   M2       2    2 --->   M4M4     3    1    5.575400E+01   1.835251E+14   1.207984E-01
     938   M2       2    2 --->   M4M5     3    3    5.315300E+01   2.053590E+12   1.351697E-03
     939   M2       2    2 --->   M4M5     3    4    5.242000E+01   3.686142E+12   2.426263E-03
     940   M2       2    2 --->   M4M5     5    1    5.584500E+01   1.329655E+14   8.751947E-02
     941   M2       2    2 --->   M4M5     5    2    5.502200E+01   2.850412E+14   1.876175E-01
     943   M2       2    2 --->   M4M5     5    4    5.316300E+01   5.718699E+12   3.764116E-03
     944   M2       2    2 --->   M4M5     7    1    5.597400E+01   6.110764E+13   4.022178E-02
     946   M2       2    2 --->   M4M5     7    3    5.213400E+01   6.397035E+14   4.210605E-01
     948   M2       2    2 --->   M4M5     9    2    5.213800E+01   2.287687E+15   1.505783E+00
     949   M2       2    2 --->   M4N1     3    1    6.164700E+01   1.948671E+14   1.282638E-01
     899   M2       0    1 --->   M5M5     1    3    4.676600E+01   2.153339E+13   1.417353E-02
     901   M2       0    1 --->   M5M5     3    2    5.329100E+01   2.310420E+13   1.520746E-02
     906   M2       0    1 --->   M5M5     5    3    5.335900E+01   3.012445E+14   1.982827E-01
     909   M2       0    1 --->   M5M5     7    2    5.511700E+01   4.033593E+13   2.654959E-02
     911   M2       0    1 --->   M5M5     9    1    5.598600E+01   1.790370E+08   1.178443E-07
     914   M2       0    1 --->   M5N1     5    1    6.175400E+01   1.311982E+13   8.635619E-03
     935   M2       2    2 --->   M5M5     1    3    4.690900E+01   2.102635E+13   1.383979E-02
     937   M2       2    2 --->   M5M5     3    2    5.343400E+01   1.761899E+14   1.159703E-01
     942   M2       2    2 --->   M5M5     5    3    5.350100E+01   1.553482E+14   1.022520E-01
     945   M2       2    2 --->   M5M5     7    2    5.525900E+01   3.150889E+14   2.073953E-01
     947   M2       2    2 --->   M5M5     9    1    5.612900E+01   2.772172E+14   1.824676E-01
     950   M2       2    2 --->   M5N1     5    1    6.189700E+01   1.577609E+13   1.038401E-02

     915   M3       2    1 --->   M4M4     1    1    5.070900E+01   1.545386E+12   1.017192E-03
     916   M3       2    1 --->   M4M5     1    2    4.991600E+01   1.266498E+12   8.336238E-04
     918   M3       2    1 --->   M4M4     3    1    5.334100E+01   1.327460E+14   8.737498E-02
     920   M3       2    1 --->   M4M5     3    3    5.074000E+01   1.593728E+12   1.049011E-03
     921   M3       2    1 --->   M4M5     3    4    5.000700E+01   4.813501E+12   3.168304E-03
     922   M3       2    1 --->   M4M5     5    1    5.343200E+01   1.356933E+14   8.931496E-02
     923   M3       2    1 --->   M4M5     5    2    5.260900E+01   2.985798E+14   1.965288E-01
     925   M3       2    1 --->   M4M5     5    4    5.075000E+01   1.118692E+14   7.363362E-02
     926   M3       2    1 --->   M4M5     7    1    5.356100E+01   1.422115E+14   9.360529E-02
     928   M3       2    1 --->   M4M5     7    3    4.972100E+01   2.707569E+15   1.782154E+00
     930   M3       2    1 --->   M4M5     9    2    4.972500E+01   1.576402E+14   1.037607E-01
     931   M3       2    1 --->   M4N1     3    1    5.923400E+01   4.037217E+13   2.657344E-02
     951   M3       4    1 --->   M4M4     1    1    5.046400E+01   5.445000E+11   3.583964E-04
     952   M3       4    1 --->   M4M5     1    2    4.967100E+01   4.153379E+11   2.733804E-04
     954   M3       4    1 --->   M4M4     3    1    5.309700E+01   1.182920E+14   7.786123E-02
     956   M3       4    1 --->   M4M5     3    3    5.049500E+01   2.400527E+13   1.580056E-02
     957   M3       4    1 --->   M4M5     3    4    4.976200E+01   1.054476E+13   6.940688E-03
     958   M3       4    1 --->   M4M5     5    1    5.318700E+01   1.957510E+14   1.288456E-01
     959   M3       4    1 --->   M4M5     5    2    5.236400E+01   8.708658E+13   5.732143E-02
     961   M3       4    1 --->   M4M5     5    4    5.050500E+01   5.062210E+13   3.332007E-02
     962   M3       4    1 --->   M4M5     7    1    5.331600E+01   3.491602E+14   2.298214E-01
     964   M3       4    1 --->   M4M5     7    3    4.947600E+01   4.090659E+14   2.692521E-01
     966   M3       4    1 --->   M4M5     9    2    4.948000E+01   2.325720E+15   1.530817E+00
     967   M3       4    1 --->   M4N1     3    1    5.899000E+01   4.006074E+13   2.636846E-02
     917   M3       2    1 --->   M5M5     1    3    4.449600E+01   2.478238E+13   1.631206E-02
     919   M3       2    1 --->   M5M5     3    2    5.102100E+01   2.007576E+13   1.321410E-02
     924   M3       2    1 --->   M5M5     5    3    5.108800E+01   1.273627E+14   8.383168E-02
     927   M3       2    1 --->   M5M5     7    2    5.284700E+01   4.582492E+14   3.016251E-01
     929   M3       2    1 --->   M5M5     9    1    5.371600E+01   2.070170E+14   1.362611E-01
     932   M3       2    1 --->   M5N1     5    1    5.948400E+01   1.222164E+14   8.044432E-02
     953   M3       4    1 --->   M5M5     1    3    4.425100E+01   2.554481E+13   1.681390E-02
     955   M3       4    1 --->   M5M5     3    2    5.077600E+01   1.212725E+14   7.982302E-02
     960   M3       4    1 --->   M5M5     5    3    5.084400E+01   5.942451E+13   3.911392E-02
     963   M3       4    1 --->   M5M5     7    2    5.260200E+01   1.206509E+14   7.941387E-02
     965   M3       4    1 --->   M5M5     9    1    5.347100E+01   5.512129E+14   3.628149E-01
     968   M3       4    1 --->   M5N1     5    1    5.923900E+01   2.889036E+14   1.901598E-01
