# Atomic number Z= 29  Date:06-12-2022

# Number Shelli	  2Ji		  Eigi ---> 	 Shellf	  2Jf		  Eigf		Energy(eV)			BranchingRatio			 LevelRadYield		 Intensity(eV)			 Weight(%)		  RadWidth(eV)		  AugWidth(eV)		  TotWidth(eV)
	 1	   K1	    0	         1 ---> 	   K1	    2	         1	 9.16684215679E-02	                    0.0	               0.0	       6.85273e-23	               0.0	               0.0	               0.0	           3.04021
	 2	   K1	    0	         1 ---> 	   L1	    0	         1	                 0	                    0.0	               0.0	                 0	               0.0	               0.0	               0.0	           8.15589
	 3	   K1	    0	         1 ---> 	   L1	    2	         1	 7.87978103600E+03	                    0.0	               0.0	       0.000650214	               0.0	               0.0	               0.0	           8.24586
	 4	   K1	    0	         1 ---> 	   L2	    2	         2	 8.02713932955E+03	                    0.0	               0.0	           276.647	               0.0	               0.0	               0.0	           2.21742
	 5	   K1	    0	         1 ---> 	   L2	    0	         1	                 0	                    0.0	               0.0	                 0	               0.0	               0.0	               0.0	           2.20069
	 6	   K1	    0	         1 ---> 	   L3	    2	         1	 8.04716539661E+03	                    0.0	               0.0	           535.067	               0.0	               0.0	               0.0	           2.24544
	 7	   K1	    0	         1 ---> 	   L3	    4	         1	 8.04724819724E+03	                    0.0	               0.0	          0.024924	               0.0	               0.0	               0.0	           2.24407
	 8	   K1	    0	         1 ---> 	   M1	    0	         1	                 0	                    0.0	               0.0	                 0	               0.0	               0.0	               0.0	           4.48628
	 9	   K1	    0	         1 ---> 	   M1	    2	         1	 8.85417267627E+03	                    0.0	               0.0	       1.19347e-06	               0.0	               0.0	               0.0	           4.77882
	10	   K1	    0	         1 ---> 	   M2	    2	         2	 8.90035901729E+03	                    0.0	               0.0	           47.2096	               0.0	               0.0	               0.0	           4.32359
	11	   K1	    0	         1 ---> 	   M2	    0	         1	                 0	                    0.0	               0.0	                 0	               0.0	               0.0	               0.0	            4.4422
	12	   K1	    0	         1 ---> 	   M3	    2	         1	 8.90277184141E+03	                    0.0	               0.0	           68.3057	               0.0	               0.0	               0.0	           4.25621
	13	   K1	    0	         1 ---> 	   M3	    4	         1	 8.90301672937E+03	                    0.0	               0.0	        0.00432145	               0.0	               0.0	               0.0	           4.32309
	14	   K1	    0	         1 ---> 	   M4	    4	         2	 8.97813862263E+03	                    0.0	               0.0	           0.93659	               0.0	               0.0	               0.0	           1.51732
	15	   K1	    0	         1 ---> 	   M4	    2	         1	 8.97849574861E+03	                    0.0	               0.0	       2.60407e-05	               0.0	               0.0	               0.0	           1.51732
	16	   K1	    0	         1 ---> 	   M5	    4	         1	 8.97862452352E+03	                    0.0	               0.0	         0.0678034	               0.0	               0.0	               0.0	           1.51732
	17	   K1	    0	         1 ---> 	   M5	    6	         1	 8.97874380875E+03	                    0.0	               0.0	       4.89472e-05	               0.0	               0.0	               0.0	           1.51732
	18	   K1	    0	         1 ---> 	   N1	    0	         1	                 0	                    0.0	               0.0	                 0	               0.0	               0.0	               0.0	           1.51732
	19	   K1	    2	         1 ---> 	   L1	    0	         1	 7.87953768875E+03	                    0.0	               0.0	       0.000661416	               0.0	               0.0	               0.0	           8.16146
	20	   K1	    2	         1 ---> 	   L1	    2	         1	 7.87968936757E+03	                    0.0	               0.0	        0.00129599	               0.0	               0.0	               0.0	           8.25143
	21	   K1	    2	         1 ---> 	   L2	    2	         2	 8.02704766112E+03	                    0.0	               0.0	           540.756	               0.0	               0.0	               0.0	           2.22299
	22	   K1	    2	         1 ---> 	   L2	    0	         1	 8.02708865957E+03	                    0.0	               0.0	           271.531	               0.0	               0.0	               0.0	           2.20626
	23	   K1	    2	         1 ---> 	   L3	    2	         1	 8.04707372819E+03	                    0.0	               0.0	            267.78	               0.0	               0.0	               0.0	           2.25101
	24	   K1	    2	         1 ---> 	   L3	    4	         1	 8.04715652881E+03	                    0.0	               0.0	           1328.59	               0.0	               0.0	               0.0	           2.24964
	25	   K1	    2	         1 ---> 	   M1	    0	         1	 8.85389682438E+03	                    0.0	               0.0	       0.000156106	               0.0	               0.0	               0.0	           4.49185
	26	   K1	    2	         1 ---> 	   M1	    2	         1	 8.85408100785E+03	                    0.0	               0.0	       0.000291399	               0.0	               0.0	               0.0	           4.78439
	27	   K1	    2	         1 ---> 	   M2	    2	         2	 8.90026734887E+03	                    0.0	               0.0	           71.1088	               0.0	               0.0	               0.0	           4.32916
	28	   K1	    2	         1 ---> 	   M2	    0	         1	 8.90041024851E+03	                    0.0	               0.0	           40.0197	               0.0	               0.0	               0.0	           4.44777
	29	   K1	    2	         1 ---> 	   M3	    2	         1	 8.90268017298E+03	                    0.0	               0.0	           47.1293	               0.0	               0.0	               0.0	           4.26178
	30	   K1	    2	         1 ---> 	   M3	    4	         1	 8.90292506095E+03	                    0.0	               0.0	           195.997	               0.0	               0.0	               0.0	           4.32866
	31	   K1	    2	         1 ---> 	   M4	    4	         2	 8.97804695421E+03	                    0.0	               0.0	        0.00730466	               0.0	               0.0	               0.0	           1.52289
	32	   K1	    2	         1 ---> 	   M4	    2	         1	 8.97840408019E+03	                    0.0	               0.0	          0.061252	               0.0	               0.0	               0.0	           1.52289
	33	   K1	    2	         1 ---> 	   M5	    4	         1	 8.97853285510E+03	                    0.0	               0.0	         0.0940941	               0.0	               0.0	               0.0	           1.52289
	34	   K1	    2	         1 ---> 	   M5	    6	         1	 8.97865214033E+03	                    0.0	               0.0	          0.137927	               0.0	               0.0	               0.0	           1.52289
	35	   K1	    2	         1 ---> 	   N1	    0	         1	 8.97938959888E+03	                    0.0	               0.0	       1.72424e-05	               0.0	               0.0	               0.0	           1.52289
	36	   L1	    0	         1 ---> 	   L1	    2	         1	 1.51678824980E-01	                    0.0	               0.0	       4.16421e-24	               0.0	               0.0	               0.0	           13.3671
	37	   L1	    0	         1 ---> 	   L2	    2	         2	 1.47509972375E+02	                    0.0	               0.0	       0.000185901	               0.0	               0.0	               0.0	           7.33867
	38	   L1	    0	         1 ---> 	   L2	    0	         1	                 0	                    0.0	               0.0	                 0	               0.0	               0.0	               0.0	           7.32194
	39	   L1	    0	         1 ---> 	   L3	    2	         1	 1.67536039442E+02	                    0.0	               0.0	        0.00062379	               0.0	               0.0	               0.0	           7.36669
	40	   L1	    0	         1 ---> 	   L3	    4	         1	 1.67618840065E+02	                    0.0	               0.0	       1.26379e-11	               0.0	               0.0	               0.0	           7.36532
	41	   L1	    0	         1 ---> 	   M1	    0	         1	                 0	                    0.0	               0.0	                 0	               0.0	               0.0	               0.0	           9.60753
	42	   L1	    0	         1 ---> 	   M1	    2	         1	 9.74543319097E+02	                    0.0	               0.0	       1.57287e-09	               0.0	               0.0	               0.0	           9.90007
	43	   L1	    0	         1 ---> 	   M2	    2	         2	 1.02072966012E+03	                    0.0	               0.0	          0.104128	               0.0	               0.0	               0.0	           9.44484
	44	   L1	    0	         1 ---> 	   M2	    0	         1	                 0	                    0.0	               0.0	                 0	               0.0	               0.0	               0.0	           9.56345
	45	   L1	    0	         1 ---> 	   M3	    2	         1	 1.02314248423E+03	                    0.0	               0.0	           0.14587	               0.0	               0.0	               0.0	           9.37746
	46	   L1	    0	         1 ---> 	   M3	    4	         1	 1.02338737220E+03	                    0.0	               0.0	       1.23131e-07	               0.0	               0.0	               0.0	           9.44434
	47	   L1	    0	         1 ---> 	   M4	    4	         2	 1.09850926546E+03	                    0.0	               0.0	         0.0028952	               0.0	               0.0	               0.0	           6.63857
	48	   L1	    0	         1 ---> 	   M4	    2	         1	 1.09886639144E+03	                    0.0	               0.0	       1.57828e-11	               0.0	               0.0	               0.0	           6.63857
	49	   L1	    0	         1 ---> 	   M5	    4	         1	 1.09899516635E+03	                    0.0	               0.0	       0.000196406	               0.0	               0.0	               0.0	           6.63857
	50	   L1	    0	         1 ---> 	   M5	    6	         1	 1.09911445158E+03	                    0.0	               0.0	       1.94647e-09	               0.0	               0.0	               0.0	           6.63857
	51	   L1	    0	         1 ---> 	   N1	    0	         1	                 0	                    0.0	               0.0	                 0	               0.0	               0.0	               0.0	           6.63857
	52	   L1	    2	         1 ---> 	   L2	    2	         2	 1.47358293550E+02	                    0.0	               0.0	       0.000362892	               0.0	               0.0	               0.0	           7.42864
	53	   L1	    2	         1 ---> 	   L2	    0	         1	 1.47399291996E+02	                    0.0	               0.0	       0.000182421	               0.0	               0.0	               0.0	           7.41191
	54	   L1	    2	         1 ---> 	   L3	    2	         1	 1.67384360617E+02	                    0.0	               0.0	       0.000312006	               0.0	               0.0	               0.0	           7.45666
	55	   L1	    2	         1 ---> 	   L3	    4	         1	 1.67467161240E+02	                    0.0	               0.0	         0.0015512	               0.0	               0.0	               0.0	           7.45529
	56	   L1	    2	         1 ---> 	   M1	    0	         1	 9.74207456808E+02	                    0.0	               0.0	       1.98268e-09	               0.0	               0.0	               0.0	            9.6975
	57	   L1	    2	         1 ---> 	   M1	    2	         1	 9.74391640272E+02	                    0.0	               0.0	       9.27292e-08	               0.0	               0.0	               0.0	           9.99004
	58	   L1	    2	         1 ---> 	   M2	    2	         2	 1.02057798129E+03	                    0.0	               0.0	           0.11862	               0.0	               0.0	               0.0	           9.53481
	59	   L1	    2	         1 ---> 	   M2	    0	         1	 1.02072088094E+03	                    0.0	               0.0	         0.0665702	               0.0	               0.0	               0.0	           9.65342
	60	   L1	    2	         1 ---> 	   M3	    2	         1	 1.02299080541E+03	                    0.0	               0.0	          0.074813	               0.0	               0.0	               0.0	           9.46743
	61	   L1	    2	         1 ---> 	   M3	    4	         1	 1.02323569337E+03	                    0.0	               0.0	          0.309768	               0.0	               0.0	               0.0	           9.53431
	62	   L1	    2	         1 ---> 	   M4	    4	         2	 1.09835758664E+03	                    0.0	               0.0	       4.34188e-05	               0.0	               0.0	               0.0	           6.72854
	63	   L1	    2	         1 ---> 	   M4	    2	         1	 1.09871471262E+03	                    0.0	               0.0	       0.000379342	               0.0	               0.0	               0.0	           6.72854
	64	   L1	    2	         1 ---> 	   M5	    4	         1	 1.09884348752E+03	                    0.0	               0.0	       0.000590194	               0.0	               0.0	               0.0	           6.72854
	65	   L1	    2	         1 ---> 	   M5	    6	         1	 1.09896277276E+03	                    0.0	               0.0	        0.00087599	               0.0	               0.0	               0.0	           6.72854
	66	   L1	    2	         1 ---> 	   N1	    0	         1	 1.09970023130E+03	                    0.0	               0.0	       2.36029e-10	               0.0	               0.0	               0.0	           6.72854
	67	   L2	    2	         2 ---> 	   L2	    0	         1	 4.09984466805E-02	                    0.0	               0.0	       4.19025e-21	               0.0	               0.0	               0.0	           1.38347
	68	   L2	    2	         2 ---> 	   L3	    2	         1	 2.00260670672E+01	                    0.0	               0.0	       5.92575e-11	               0.0	               0.0	               0.0	           1.42822
	69	   L2	    2	         2 ---> 	   L3	    4	         1	 2.01088676904E+01	                    0.0	               0.0	       2.99138e-10	               0.0	               0.0	               0.0	           1.42685
	70	   L2	    2	         2 ---> 	   M1	    0	         1	 8.26849163258E+02	                    0.0	               0.0	         0.0370105	               0.0	               0.0	               0.0	           3.66906
	71	   L2	    2	         2 ---> 	   M1	    2	         1	 8.27033346722E+02	                    0.0	               0.0	         0.0722976	               0.0	               0.0	               0.0	            3.9616
	72	   L2	    2	         2 ---> 	   M2	    2	         2	 8.73219687741E+02	                    0.0	               0.0	        1.0966e-06	               0.0	               0.0	               0.0	           3.50637
	73	   L2	    2	         2 ---> 	   M2	    0	         1	 8.73362587390E+02	                    0.0	               0.0	        5.8707e-09	               0.0	               0.0	               0.0	           3.62498
	74	   L2	    2	         2 ---> 	   M3	    2	         1	 8.75632511860E+02	                    0.0	               0.0	       0.000152697	               0.0	               0.0	               0.0	           3.43899
	75	   L2	    2	         2 ---> 	   M3	    4	         1	 8.75877399823E+02	                    0.0	               0.0	       0.000152371	               0.0	               0.0	               0.0	           3.50587
	76	   L2	    2	         2 ---> 	   M4	    4	         2	 9.50999293089E+02	                    0.0	               0.0	           1.18063	               0.0	               0.0	               0.0	          0.700104
	77	   L2	    2	         2 ---> 	   M4	    2	         1	 9.51356419066E+02	                    0.0	               0.0	          0.354597	               0.0	               0.0	               0.0	          0.700104
	78	   L2	    2	         2 ---> 	   M5	    4	         1	 9.51485193973E+02	                    0.0	               0.0	          0.623657	               0.0	               0.0	               0.0	          0.700104
	79	   L2	    2	         2 ---> 	   M5	    6	         1	 9.51604479206E+02	                    0.0	               0.0	       6.63301e-07	               0.0	               0.0	               0.0	          0.700104
	80	   L2	    2	         2 ---> 	   N1	    0	         1	 9.52341937753E+02	                    0.0	               0.0	        0.00274755	               0.0	               0.0	               0.0	          0.700104
	81	   L2	    0	         1 ---> 	   L3	    2	         1	 1.99850686205E+01	                    0.0	               0.0	       1.21029e-10	               0.0	               0.0	               0.0	           1.41148
	82	   L2	    0	         1 ---> 	   L3	    4	         1	 2.00678692437E+01	                    0.0	               0.0	       2.13895e-14	               0.0	               0.0	               0.0	           1.41012
	83	   L2	    0	         1 ---> 	   M1	    0	         1	                 0	                    0.0	               0.0	                 0	               0.0	               0.0	               0.0	           3.65233
	84	   L2	    0	         1 ---> 	   M1	    2	         1	 8.26992348275E+02	                    0.0	               0.0	         0.0371784	               0.0	               0.0	               0.0	           3.94487
	85	   L2	    0	         1 ---> 	   M2	    2	         2	 8.73178689295E+02	                    0.0	               0.0	       6.96267e-09	               0.0	               0.0	               0.0	           3.48964
	86	   L2	    0	         1 ---> 	   M2	    0	         1	                 0	                    0.0	               0.0	                 0	               0.0	               0.0	               0.0	           3.60825
	87	   L2	    0	         1 ---> 	   M3	    2	         1	 8.75591513413E+02	                    0.0	               0.0	       4.13555e-09	               0.0	               0.0	               0.0	           3.42226
	88	   L2	    0	         1 ---> 	   M3	    4	         1	 8.75836401377E+02	                    0.0	               0.0	       0.000104491	               0.0	               0.0	               0.0	           3.48914
	89	   L2	    0	         1 ---> 	   M4	    4	         2	 9.50958294643E+02	                    0.0	               0.0	       1.41015e-07	               0.0	               0.0	               0.0	          0.683369
	90	   L2	    0	         1 ---> 	   M4	    2	         1	 9.51315420619E+02	                    0.0	               0.0	          0.729557	               0.0	               0.0	               0.0	          0.683369
	91	   L2	    0	         1 ---> 	   M5	    4	         1	 9.51444195527E+02	                    0.0	               0.0	       8.01271e-08	               0.0	               0.0	               0.0	          0.683369
	92	   L2	    0	         1 ---> 	   M5	    6	         1	 9.51563480760E+02	                    0.0	               0.0	       1.48359e-07	               0.0	               0.0	               0.0	          0.683369
	93	   L2	    0	         1 ---> 	   N1	    0	         1	                 0	                    0.0	               0.0	                 0	               0.0	               0.0	               0.0	          0.683369
	94	   L3	    2	         1 ---> 	   L3	    4	         1	 8.28006232412E-02	                    0.0	               0.0	       4.25937e-20	               0.0	               0.0	               0.0	           1.45486
	95	   L3	    2	         1 ---> 	   M1	    0	         1	 8.06823096191E+02	                    0.0	               0.0	         0.0720733	               0.0	               0.0	               0.0	           3.69708
	96	   L3	    2	         1 ---> 	   M1	    2	         1	 8.07007279655E+02	                    0.0	               0.0	         0.0361078	               0.0	               0.0	               0.0	           3.98962
	97	   L3	    2	         1 ---> 	   M2	    2	         2	 8.53193620674E+02	                    0.0	               0.0	       0.000158133	               0.0	               0.0	               0.0	           3.53439
	98	   L3	    2	         1 ---> 	   M2	    0	         1	 8.53336520323E+02	                    0.0	               0.0	       6.48652e-08	               0.0	               0.0	               0.0	             3.653
	99	   L3	    2	         1 ---> 	   M3	    2	         1	 8.55606444793E+02	                    0.0	               0.0	       5.54626e-05	               0.0	               0.0	               0.0	           3.46701
	100	   L3	    2	         1 ---> 	   M3	    4	         1	 8.55851332756E+02	                    0.0	               0.0	       6.98406e-05	               0.0	               0.0	               0.0	           3.53389
	101	   L3	    2	         1 ---> 	   M4	    4	         2	 9.30973226022E+02	                    0.0	               0.0	           0.85744	               0.0	               0.0	               0.0	          0.728116
	102	   L3	    2	         1 ---> 	   M4	    2	         1	 9.31330351999E+02	                    0.0	               0.0	          0.171851	               0.0	               0.0	               0.0	          0.728116
	103	   L3	    2	         1 ---> 	   M5	    4	         1	 9.31459126906E+02	                    0.0	               0.0	          0.937011	               0.0	               0.0	               0.0	          0.728116
	104	   L3	    2	         1 ---> 	   M5	    6	         1	 9.31578412139E+02	                    0.0	               0.0	       4.06078e-07	               0.0	               0.0	               0.0	          0.728116
	105	   L3	    2	         1 ---> 	   N1	    0	         1	 9.32315870686E+02	                    0.0	               0.0	        0.00524529	               0.0	               0.0	               0.0	          0.728116
	106	   L3	    4	         1 ---> 	   M1	    0	         1	 8.06740295568E+02	                    0.0	               0.0	       3.40154e-08	               0.0	               0.0	               0.0	           3.69571
	107	   L3	    4	         1 ---> 	   M1	    2	         1	 8.06924479032E+02	                    0.0	               0.0	          0.179361	               0.0	               0.0	               0.0	           3.98825
	108	   L3	    4	         1 ---> 	   M2	    2	         2	 8.53110820051E+02	                    0.0	               0.0	       0.000127773	               0.0	               0.0	               0.0	           3.53302
	109	   L3	    4	         1 ---> 	   M2	    0	         1	 8.53253719699E+02	                    0.0	               0.0	       9.56975e-05	               0.0	               0.0	               0.0	           3.65163
	110	   L3	    4	         1 ---> 	   M3	    2	         1	 8.55523644170E+02	                    0.0	               0.0	       8.35228e-05	               0.0	               0.0	               0.0	           3.46564
	111	   L3	    4	         1 ---> 	   M3	    4	         1	 8.55768532133E+02	                    0.0	               0.0	       0.000162797	               0.0	               0.0	               0.0	           3.53252
	112	   L3	    4	         1 ---> 	   M4	    4	         2	 9.30890425399E+02	                    0.0	               0.0	         0.0364042	               0.0	               0.0	               0.0	          0.726746
	113	   L3	    4	         1 ---> 	   M4	    2	         1	 9.31247551376E+02	                    0.0	               0.0	         0.0341632	               0.0	               0.0	               0.0	          0.726746
	114	   L3	    4	         1 ---> 	   M5	    4	         1	 9.31376326283E+02	                    0.0	               0.0	          0.474206	               0.0	               0.0	               0.0	          0.726746
	115	   L3	    4	         1 ---> 	   M5	    6	         1	 9.31495611516E+02	                    0.0	               0.0	           2.78982	               0.0	               0.0	               0.0	          0.726746
	116	   L3	    4	         1 ---> 	   N1	    0	         1	 9.32233070063E+02	                    0.0	               0.0	       3.41407e-09	               0.0	               0.0	               0.0	          0.726746
	117	   M1	    0	         1 ---> 	   M1	    2	         1	 1.84183464035E-01	                    0.0	               0.0	       9.20024e-25	               0.0	               0.0	               0.0	           6.23046
	118	   M1	    0	         1 ---> 	   M2	    2	         2	 4.63705244833E+01	                    0.0	               0.0	       4.60959e-05	               0.0	               0.0	               0.0	           5.77523
	119	   M1	    0	         1 ---> 	   M2	    0	         1	                 0	                    0.0	               0.0	                 0	               0.0	               0.0	               0.0	           5.89384
	120	   M1	    0	         1 ---> 	   M3	    2	         1	 4.87833486019E+01	                    0.0	               0.0	       8.33712e-05	               0.0	               0.0	               0.0	           5.70785
	121	   M1	    0	         1 ---> 	   M3	    4	         1	 4.90282365653E+01	                    0.0	               0.0	       1.61632e-13	               0.0	               0.0	               0.0	           5.77473
	122	   M1	    0	         1 ---> 	   M4	    4	         2	 1.24150129831E+02	                    0.0	               0.0	       4.50883e-08	               0.0	               0.0	               0.0	           2.96896
	123	   M1	    0	         1 ---> 	   M4	    2	         1	 1.24507255808E+02	                    0.0	               0.0	       2.71308e-15	               0.0	               0.0	               0.0	           2.96896
	124	   M1	    0	         1 ---> 	   M5	    4	         1	 1.24636030715E+02	                    0.0	               0.0	       2.68723e-09	               0.0	               0.0	               0.0	           2.96896
	125	   M1	    0	         1 ---> 	   M5	    6	         1	 1.24755315948E+02	                    0.0	               0.0	       3.77428e-16	               0.0	               0.0	               0.0	           2.96896
	126	   M1	    0	         1 ---> 	   N1	    0	         1	                 0	                    0.0	               0.0	                 0	               0.0	               0.0	               0.0	           2.96896
	127	   M1	    2	         1 ---> 	   M2	    2	         2	 4.61863410193E+01	                    0.0	               0.0	       7.44325e-05	               0.0	               0.0	               0.0	           6.06777
	128	   M1	    2	         1 ---> 	   M2	    0	         1	 4.63292406677E+01	                    0.0	               0.0	       4.25728e-05	               0.0	               0.0	               0.0	           6.18638
	129	   M1	    2	         1 ---> 	   M3	    2	         1	 4.85991651378E+01	                    0.0	               0.0	       6.23367e-05	               0.0	               0.0	               0.0	           6.00039
	130	   M1	    2	         1 ---> 	   M3	    4	         1	 4.88440531013E+01	                    0.0	               0.0	       0.000266035	               0.0	               0.0	               0.0	           6.06727
	131	   M1	    2	         1 ---> 	   M4	    4	         2	 1.23965946367E+02	                    0.0	               0.0	       2.02952e-08	               0.0	               0.0	               0.0	            3.2615
	132	   M1	    2	         1 ---> 	   M4	    2	         1	 1.24323072344E+02	                    0.0	               0.0	       1.83556e-07	               0.0	               0.0	               0.0	            3.2615
	133	   M1	    2	         1 ---> 	   M5	    4	         1	 1.24451847251E+02	                    0.0	               0.0	       2.89731e-07	               0.0	               0.0	               0.0	            3.2615
	134	   M1	    2	         1 ---> 	   M5	    6	         1	 1.24571132484E+02	                    0.0	               0.0	       4.35484e-07	               0.0	               0.0	               0.0	            3.2615
	135	   M1	    2	         1 ---> 	   N1	    0	         1	 1.25308591031E+02	                    0.0	               0.0	       1.97657e-14	               0.0	               0.0	               0.0	            3.2615
	136	   M2	    2	         2 ---> 	   M2	    0	         1	 1.42899648470E-01	                    0.0	               0.0	       1.36624e-19	               0.0	               0.0	               0.0	           5.73115
	137	   M2	    2	         2 ---> 	   M3	    2	         1	 2.41282411859E+00	                    0.0	               0.0	       3.08854e-15	               0.0	               0.0	               0.0	           5.54516
	138	   M2	    2	         2 ---> 	   M3	    4	         1	 2.65771208204E+00	                    0.0	               0.0	       2.03198e-14	               0.0	               0.0	               0.0	           5.61204
	139	   M2	    2	         2 ---> 	   M4	    4	         2	 7.77796053482E+01	                    0.0	               0.0	       0.000542587	               0.0	               0.0	               0.0	           2.80627
	140	   M2	    2	         2 ---> 	   M4	    2	         1	 7.81367313247E+01	                    0.0	               0.0	       0.000130472	               0.0	               0.0	               0.0	           2.80627
	141	   M2	    2	         2 ---> 	   M5	    4	         1	 7.82655062319E+01	                    0.0	               0.0	       0.000210746	               0.0	               0.0	               0.0	           2.80627
	142	   M2	    2	         2 ---> 	   M5	    6	         1	 7.83847914651E+01	                    0.0	               0.0	       1.55932e-12	               0.0	               0.0	               0.0	           2.80627
	143	   M2	    2	         2 ---> 	   N1	    0	         1	 7.91222500120E+01	                    0.0	               0.0	        3.1017e-05	               0.0	               0.0	               0.0	           2.80627
	144	   M2	    0	         1 ---> 	   M3	    2	         1	 2.26992447012E+00	                    0.0	               0.0	       5.61137e-15	               0.0	               0.0	               0.0	           5.66377
	145	   M2	    0	         1 ---> 	   M3	    4	         1	 2.51481243357E+00	                    0.0	               0.0	       3.06118e-18	               0.0	               0.0	               0.0	           5.73065
	146	   M2	    0	         1 ---> 	   M4	    4	         2	 7.76367056997E+01	                    0.0	               0.0	       3.50946e-13	               0.0	               0.0	               0.0	           2.92488
	147	   M2	    0	         1 ---> 	   M4	    2	         1	 7.79938316762E+01	                    0.0	               0.0	       0.000280391	               0.0	               0.0	               0.0	           2.92488
	148	   M2	    0	         1 ---> 	   M5	    4	         1	 7.81226065834E+01	                    0.0	               0.0	       2.04343e-13	               0.0	               0.0	               0.0	           2.92488
	149	   M2	    0	         1 ---> 	   M5	    6	         1	 7.82418918166E+01	                    0.0	               0.0	       5.71936e-14	               0.0	               0.0	               0.0	           2.92488
	150	   M2	    0	         1 ---> 	   N1	    0	         1	                 0	                    0.0	               0.0	                 0	               0.0	               0.0	               0.0	           2.92488
	151	   M3	    2	         1 ---> 	   M3	    4	         1	 2.44887963451E-01	                    0.0	               0.0	       1.02072e-18	               0.0	               0.0	               0.0	           5.54466
	152	   M3	    2	         1 ---> 	   M4	    4	         2	 7.53667812296E+01	                    0.0	               0.0	        0.00029318	               0.0	               0.0	               0.0	           2.73889
	153	   M3	    2	         1 ---> 	   M4	    2	         1	 7.57239072061E+01	                    0.0	               0.0	       8.11647e-05	               0.0	               0.0	               0.0	           2.73889
	154	   M3	    2	         1 ---> 	   M5	    4	         1	 7.58526821133E+01	                    0.0	               0.0	       0.000428066	               0.0	               0.0	               0.0	           2.73889
	155	   M3	    2	         1 ---> 	   M5	    6	         1	 7.59719673465E+01	                    0.0	               0.0	       7.94211e-13	               0.0	               0.0	               0.0	           2.73889
	156	   M3	    2	         1 ---> 	   N1	    0	         1	 7.67094258934E+01	                    0.0	               0.0	       4.56571e-05	               0.0	               0.0	               0.0	           2.73889
	157	   M3	    4	         1 ---> 	   M4	    4	         2	 7.51218932661E+01	                    0.0	               0.0	       1.30391e-05	               0.0	               0.0	               0.0	           2.80577
	158	   M3	    4	         1 ---> 	   M4	    2	         1	 7.54790192426E+01	                    0.0	               0.0	        1.3057e-05	               0.0	               0.0	               0.0	           2.80577
	159	   M3	    4	         1 ---> 	   M5	    4	         1	 7.56077941498E+01	                    0.0	               0.0	       0.000185594	               0.0	               0.0	               0.0	           2.80577
	160	   M3	    4	         1 ---> 	   M5	    6	         1	 7.57270793830E+01	                    0.0	               0.0	        0.00111608	               0.0	               0.0	               0.0	           2.80577
	161	   M3	    4	         1 ---> 	   N1	    0	         1	 7.64645379299E+01	                    0.0	               0.0	       2.11837e-13	               0.0	               0.0	               0.0	           2.80577
	162	   M4	    4	         2 ---> 	   M4	    2	         1	 3.57125976514E-01	                    0.0	               0.0	         0.0119707	               0.0	               0.0	               0.0	       2.22521e-16
	163	   M4	    4	         2 ---> 	   M5	    4	         1	 4.85900883702E-01	                    0.0	               0.0	         0.0129616	               0.0	               0.0	               0.0	       2.08492e-16
	164	   M4	    4	         2 ---> 	   M5	    6	         1	 6.05186116897E-01	                    0.0	               0.0	          0.101827	               0.0	               0.0	               0.0	       1.94506e-16
	165	   M4	    4	         2 ---> 	   N1	    0	         1	 1.34264466383E+00	                    0.0	               0.0	         0.0289308	               0.0	               0.0	               0.0	       1.94506e-16
	166	   M4	    2	         1 ---> 	   M5	    4	         1	 1.28774907189E-01	                    0.0	               0.0	         0.0193162	               0.0	               0.0	               0.0	       4.20012e-17
	167	   M4	    2	         1 ---> 	   M5	    6	         1	 2.48060140383E-01	                    0.0	               0.0	       7.05657e-08	               0.0	               0.0	               0.0	       2.80155e-17
	168	   M4	    2	         1 ---> 	   N1	    0	         1	 9.85518687316E-01	                    0.0	               0.0	       3.06183e-08	               0.0	               0.0	               0.0	       2.80155e-17
	169	   M5	    4	         1 ---> 	   M5	    6	         1	 1.19285233195E-01	                    0.0	               0.0	         0.0295501	               0.0	               0.0	               0.0	       1.39857e-17
	170	   M5	    4	         1 ---> 	   N1	    0	         1	 8.56743780127E-01	                    0.0	               0.0	        0.00194806	               0.0	               0.0	               0.0	       1.39857e-17
	171	   M5	    6	         1 ---> 	   N1	    0	         1	 7.37458546932E-01	                    0.0	               0.0	           0.25811	               0.0	               0.0	               0.0	       1.82723e-31
