# Atomic number Z= 29  Date:29-06-2020

# Number Shelli   2Ji Eigi ---> Shellf   2Jf Eigf       Energy(eV) BranchingRatio   LevelRadYield  Intensity(eV)  Weight(%)   RadWidth(eV)   AugWidth(eV)   TotWidth(eV)
     1     K        0    1 --->     L1     2    1     7.879622E+03   8.882118E-08   4.502254E-01   7.877565E-05    25.0      6.700055E-01   7.416851E+00   8.086857E+00
     2     K        0    1 --->     L2     2    2     8.027045E+03   3.016336E-01   4.502254E-01   2.725245E+02    25.0      6.713708E-01   1.451484E+00   2.122855E+00
     3     K        0    1 --->     L3     2    1     8.047112E+03   5.827163E-01   4.502254E-01   5.277974E+02    25.0      6.709572E-01   1.459940E+00   2.130897E+00
     4     K        0    1 --->     L3     4    1     8.047195E+03   2.713132E-05   4.502254E-01   2.457454E-02    25.0      6.710191E-01   1.461635E+00   2.132654E+00
     5     K        0    1 --->     M1     2    1     8.853928E+03   5.615550E-08   4.502254E-01   5.596266E-05    25.0      6.654280E-01   4.297083E+00   4.962511E+00
     6     K        0    1 --->     M2     2    2     8.900115E+03   4.751520E-02   4.502254E-01   4.759904E+01    25.0      6.655194E-01   3.946387E+00   4.611907E+00
     7     K        0    1 --->     M3     2    1     8.902526E+03   6.779718E-02   4.502254E-01   6.793521E+01    25.0      6.655105E-01   3.903214E+00   4.568724E+00
     8     K        0    1 --->     M3     4    1     8.902770E+03   4.273867E-06   4.502254E-01   4.282686E-03    25.0      6.655059E-01   3.957631E+00   4.623137E+00
     9     K        2    1 --->     L1     0    1     7.879090E+03   2.928408E-08   4.500106E-01   7.787384E-05    75.0      6.689649E-01   7.870526E+00   8.539491E+00
    10     K        2    1 --->     L1     2    1     7.879402E+03   7.653047E-08   4.500106E-01   2.035221E-04    75.0      6.690879E-01   7.416435E+00   8.085523E+00
    11     K        2    1 --->     L2     0    1     8.026865E+03   9.988730E-02   4.500106E-01   2.706078E+02    75.0      6.703876E-01   1.447619E+00   2.118007E+00
    12     K        2    1 --->     L2     2    2     8.026825E+03   1.989336E-01   4.500106E-01   5.389344E+02    75.0      6.704532E-01   1.451068E+00   2.121521E+00
    13     K        2    1 --->     L3     2    1     8.046891E+03   9.849236E-02   4.500106E-01   2.674944E+02    75.0      6.700395E-01   1.459524E+00   2.129563E+00
    14     K        2    1 --->     L3     4    1     8.046974E+03   4.884519E-01   4.500106E-01   1.326595E+03    75.0      6.701015E-01   1.461219E+00   2.131320E+00
    15     K        2    1 --->     M1     0    1     8.852725E+03   1.421426E-08   4.500106E-01   4.247028E-05    75.0      6.645145E-01   5.051772E+00   5.716286E+00
    16     K        2    1 --->     M1     2    1     8.853707E+03   3.452495E-08   4.500106E-01   1.031673E-04    75.0      6.645103E-01   4.296667E+00   4.961178E+00
    17     K        2    1 --->     M2     0    1     8.900035E+03   1.292699E-02   4.500106E-01   3.883053E+01    75.0      6.645962E-01   4.055610E+00   4.720207E+00
    18     K        2    1 --->     M2     2    2     8.899894E+03   2.295109E-02   4.500106E-01   6.894014E+01    75.0      6.646017E-01   3.945971E+00   4.610573E+00
    19     K        2    1 --->     M3     2    1     8.902305E+03   1.518859E-02   4.500106E-01   4.563562E+01    75.0      6.645928E-01   3.902798E+00   4.567390E+00
    20     K        2    1 --->     M3     4    1     8.902550E+03   6.294286E-02   4.500106E-01   1.891232E+02    75.0      6.645882E-01   3.957215E+00   4.621803E+00

    21     L1       0    1 --->     L1     2    1     3.117100E-01   1.387064E-18   6.363977E-04   6.878850E-23    25.0      9.112671E-03   1.366277E+01   1.367188E+01
    22     L1       0    1 --->     L2     2    2     1.477346E+02   7.443744E-03   6.363977E-04   1.749614E-04    25.0      1.047797E-02   7.697403E+00   7.707881E+00
    23     L1       0    1 --->     L3     2    1     1.678014E+02   2.194133E-02   6.363977E-04   5.857699E-04    25.0      1.006431E-02   7.705859E+00   7.715924E+00
    24     L1       0    1 --->     L3     4    1     1.678843E+02   4.458160E-10   6.363977E-04   1.190787E-11    25.0      1.012627E-02   7.707555E+00   7.717681E+00
    25     L1       0    1 --->     M1     2    1     9.746174E+02   5.646135E-09   6.363977E-04   8.754957E-10    25.0      4.535121E-03   1.054300E+01   1.054754E+01
    26     L1       0    1 --->     M2     2    2     1.020804E+03   4.113183E-01   6.363977E-04   6.680192E-02    25.0      4.626524E-03   1.019231E+01   1.019693E+01
    27     L1       0    1 --->     M3     2    1     1.023215E+03   5.572331E-01   6.363977E-04   9.071360E-02    25.0      4.617613E-03   1.014913E+01   1.015375E+01
    28     L1       0    1 --->     M3     4    1     1.023460E+03   4.696092E-07   6.363977E-04   7.646733E-08    25.0      4.613000E-03   1.020355E+01   1.020816E+01
    29     L1       2    1 --->     L2     0    1     1.474632E+02   2.381903E-03   6.987246E-04   1.840666E-04    75.0      1.053539E-02   7.239864E+00   7.250399E+00
    30     L1       2    1 --->     L2     2    2     1.474229E+02   4.740116E-03   6.987246E-04   3.662024E-04    75.0      1.060099E-02   7.243313E+00   7.253914E+00
    31     L1       2    1 --->     L3     2    1     1.674897E+02   3.582047E-03   6.987246E-04   3.144030E-04    75.0      1.018732E-02   7.251769E+00   7.261956E+00
    32     L1       2    1 --->     L3     4    1     1.675725E+02   1.779172E-02   6.987246E-04   1.562385E-03    75.0      1.024928E-02   7.253464E+00   7.263713E+00
    33     L1       2    1 --->     M1     0    1     9.733229E+02   1.613259E-09   6.987246E-04   8.228645E-10    75.0      4.662331E-03   1.084402E+01   1.084868E+01
    34     L1       2    1 --->     M1     2    1     9.743057E+02   6.391745E-08   6.987246E-04   3.263488E-08    75.0      4.658133E-03   1.008891E+01   1.009357E+01
    35     L1       2    1 --->     M2     0    1     1.020634E+03   1.134739E-01   6.987246E-04   6.069224E-02    75.0      4.744063E-03   9.847856E+00   9.852600E+00
    36     L1       2    1 --->     M2     2    2     1.020492E+03   2.020615E-01   6.987246E-04   1.080589E-01    75.0      4.749536E-03   9.738216E+00   9.742966E+00
    37     L1       2    1 --->     M3     2    1     1.022903E+03   1.275910E-01   6.987246E-04   6.839463E-02    75.0      4.740625E-03   9.695043E+00   9.699783E+00
    38     L1       2    1 --->     M3     4    1     1.023148E+03   5.254816E-01   6.987246E-04   2.817495E-01    75.0      4.736012E-03   9.749460E+00   9.754196E+00

    39     L2       0    1 --->     L3     2    1     2.002650E+01   8.447271E-09   9.225389E-03   3.901631E-10    25.0      1.148703E-02   1.282952E+00   1.294439E+00
    40     L2       0    1 --->     L3     4    1     2.010935E+01   1.434796E-12   9.225389E-03   6.654462E-14    25.0      1.154899E-02   1.284648E+00   1.296197E+00
    41     L2       0    1 --->     M1     2    1     8.268425E+02   4.841621E-02   9.225389E-03   9.232903E-02    25.0      5.957838E-03   4.120096E+00   4.126054E+00
    42     L2       0    1 --->     M2     2    2     8.730291E+02   2.413047E-08   9.225389E-03   4.858689E-08    25.0      6.049241E-03   3.769400E+00   3.775449E+00
    43     L2       0    1 --->     M3     2    1     8.754402E+02   9.041487E-08   9.225389E-03   1.825539E-07    25.0      6.040329E-03   3.726226E+00   3.732267E+00
    44     L2       0    1 --->     M3     4    1     8.756847E+02   1.250209E-04   9.225389E-03   2.524964E-04    25.0      6.035717E-03   3.780643E+00   3.786679E+00
    45     L2       2    2 --->     L2     0    1     4.027000E-02   4.534423E-17   9.276833E-03   1.270471E-20    75.0      1.190069E-02   1.274496E+00   1.286397E+00
    46     L2       2    2 --->     L3     2    1     2.006677E+01   1.395875E-09   9.276833E-03   1.948879E-10    75.0      1.155263E-02   1.286401E+00   1.297954E+00
    47     L2       2    2 --->     L3     4    1     2.014962E+01   7.004655E-09   9.276833E-03   9.820070E-10    75.0      1.161459E-02   1.288096E+00   1.299711E+00
    48     L2       2    2 --->     M1     0    1     8.258999E+02   1.516161E-02   9.276833E-03   8.712318E-02    75.0      6.027635E-03   4.878649E+00   4.884677E+00
    49     L2       2    2 --->     M1     2    1     8.268828E+02   3.179946E-02   9.276833E-03   1.829467E-01    75.0      6.023437E-03   4.123545E+00   4.129568E+00
    50     L2       2    2 --->     M2     0    1     8.732108E+02   1.040859E-08   9.276833E-03   6.323713E-08    75.0      6.109367E-03   3.882488E+00   3.888597E+00
    51     L2       2    2 --->     M2     2    2     8.730694E+02   4.434863E-07   9.276833E-03   2.693953E-06    75.0      6.114840E-03   3.772849E+00   3.778963E+00
    52     L2       2    2 --->     M3     2    1     8.754805E+02   6.168494E-05   9.276833E-03   3.757393E-04    75.0      6.105929E-03   3.729675E+00   3.735781E+00
    53     L2       2    2 --->     M3     4    1     8.757250E+02   6.166712E-05   9.276833E-03   3.757356E-04    75.0      6.101316E-03   3.784092E+00   3.790193E+00

    54     L3       2    1 --->     L3     4    1     8.285000E-02   2.695906E-16   8.529098E-03   7.143837E-20    37.5      1.120092E-02   1.296552E+00   1.307753E+00
    55     L3       2    1 --->     M1     0    1     8.058332E+02   3.075482E-02   8.529098E-03   7.926705E-02    37.5      5.613973E-03   4.887105E+00   4.892719E+00
    56     L3       2    1 --->     M1     2    1     8.068160E+02   1.657973E-02   8.529098E-03   4.278450E-02    37.5      5.609775E-03   4.132001E+00   4.137610E+00
    57     L3       2    1 --->     M2     0    1     8.531440E+02   4.046429E-10   8.529098E-03   1.104151E-09    37.5      5.695705E-03   3.890944E+00   3.896639E+00
    58     L3       2    1 --->     M2     2    2     8.530026E+02   6.642731E-05   8.529098E-03   1.812305E-04    37.5      5.701178E-03   3.781305E+00   3.787006E+00
    59     L3       2    1 --->     M3     2    1     8.554137E+02   2.273594E-05   8.529098E-03   6.220476E-05    37.5      5.692267E-03   3.738131E+00   3.743823E+00
    60     L3       2    1 --->     M3     4    1     8.556582E+02   2.878733E-05   8.529098E-03   7.878364E-05    37.5      5.687654E-03   3.792548E+00   3.798236E+00
    61     L3       4    1 --->     M1     0    1     8.057503E+02   8.567179E-09   8.600833E-03   3.710726E-08    62.5      5.675929E-03   4.888800E+00   4.894476E+00
    62     L3       4    1 --->     M1     2    1     8.067332E+02   4.882789E-02   8.600833E-03   2.117476E-01    62.5      5.671731E-03   4.133696E+00   4.139368E+00
    63     L3       4    1 --->     M2     0    1     8.530612E+02   2.380984E-05   8.600833E-03   1.091836E-04    62.5      5.757661E-03   3.892639E+00   3.898397E+00
    64     L3       4    1 --->     M2     2    2     8.529197E+02   3.174202E-05   8.600833E-03   1.455336E-04    62.5      5.763134E-03   3.783000E+00   3.788763E+00
    65     L3       4    1 --->     M3     2    1     8.553309E+02   2.051413E-05   8.600833E-03   9.432088E-05    62.5      5.754223E-03   3.739826E+00   3.745580E+00
    66     L3       4    1 --->     M3     4    1     8.555754E+02   4.010607E-05   8.600833E-03   1.844543E-04    62.5      5.749610E-03   3.794243E+00   3.799993E+00

    67     M1       0    1 --->     M1     2    1     9.828300E-01   1.372305E-16   1.049351E-05   3.538261E-22    25.0      8.478087E-05   7.724249E+00   7.724334E+00
    68     M1       0    1 --->     M2     2    2     4.716943E+01   3.668094E-01   1.049351E-05   4.539016E-05    25.0      1.761839E-04   7.373553E+00   7.373729E+00
    69     M1       0    1 --->     M3     2    1     4.958055E+01   6.320853E-01   1.049351E-05   8.221436E-05    25.0      1.672727E-04   7.330379E+00   7.330546E+00
    70     M1       0    1 --->     M3     4    1     4.982505E+01   1.270929E-09   1.049351E-05   1.661229E-13    25.0      1.626600E-04   7.384796E+00   7.384959E+00
    71     M1       2    1 --->     M2     0    1     4.632803E+01   9.905591E-02   1.156264E-05   3.979629E-05    75.0      1.665127E-04   6.728087E+00   6.728254E+00
    72     M1       2    1 --->     M2     2    2     4.618660E+01   1.738429E-01   1.156264E-05   6.962920E-05    75.0      1.719856E-04   6.618448E+00   6.618620E+00
    73     M1       2    1 --->     M3     2    1     4.859772E+01   1.391478E-01   1.156264E-05   5.864227E-05    75.0      1.630745E-04   6.575275E+00   6.575438E+00
    74     M1       2    1 --->     M3     4    1     4.884223E+01   5.871501E-01   1.156264E-05   2.486927E-04    75.0      1.584618E-04   6.629692E+00   6.629850E+00

    75     M2       0    1 --->     M3     2    1     2.269690E+00   6.897645E-10   3.891347E-05   1.523026E-14    25.0      2.490045E-04   6.334218E+00   6.334467E+00
    76     M2       0    1 --->     M3     4    1     2.514200E+00   3.381709E-13   3.891347E-05   8.271343E-18    25.0      2.443919E-04   6.388635E+00   6.388879E+00
    77     M2       2    2 --->     M2     0    1     1.414300E-01   7.890937E-14   4.202105E-05   3.517210E-19    75.0      2.579157E-04   6.377391E+00   6.377649E+00
    78     M2       2    2 --->     M3     2    1     2.411120E+00   1.098627E-10   4.202105E-05   8.348283E-15    75.0      2.544775E-04   6.224579E+00   6.224833E+00
    79     M2       2    2 --->     M3     4    1     2.655630E+00   6.493689E-10   4.202105E-05   5.434846E-14    75.0      2.498648E-04   6.278996E+00   6.279246E+00

    80     M3       2    1 --->     M3     4    1     2.445100E-01   3.715515E-13   3.972505E-05   1.353354E-18    37.5      2.409537E-04   6.235822E+00   6.236063E+00

