<--- Calculations for Z= 29 i=1
<--- Date:10-07-2017


<--- The following bounds were found for i=  1
Min. shelli #  1 Max. shelli #  9
Min. 2Ji+1=  1 Max. 2Ji+1=  5
Min. Eigi=  1 Max. Eigi=  2
Min. shellf #  2 Max. shellf # 10
Min. shellf2#  0 Max. shellf2#  0
Min. 2Jf+1=  1 Max. 2Jf+1=  7
Min. Eigf=  1 Max. Eigf=  2

<--- Calculations for Z= 29 i=2
<--- Date:10-07-2017


<--- The following bounds were found for i=  2
Min. shelli #  1 Max. shelli #  7
Min. 2Ji+1=  1 Max. 2Ji+1=  5
Min. Eigi=  1 Max. Eigi=  2
Min. shellf #  2 Max. shellf #  9
Min. shellf2#  2 Max. shellf2# 10
Min. 2Jf+1=  2 Max. 2Jf+1= 10
Min. Eigf=  1 Max. Eigf=  7

 <--- The input file is empty! No calculations for picsect.in

<--- Radiative natural (life-time) width
# 1 K  Width=   6.646994E-01 eV
# 2 L1 Width=   4.587088E-03 eV
# 3 L2 Width=   5.966746E-03 eV
# 4 L3 Width=   5.608206E-03 eV
# 5 M1 Width=   4.134088E-05 eV
# 6 M2 Width=   1.303261E-04 eV
# 7 M3 Width=   1.199003E-04 eV
# 8 M4 Width=   1.321148E-16 eV
# 9 M5 Width=   1.406246E-17 eV

<--- Radiationless natural (life-time) width
# 1 K  Width=   8.121992E-01 eV
# 2 L1 Width=   6.717863E+00 eV
# 3 L2 Width=   6.381103E-01 eV
# 4 L3 Width=   6.484880E-01 eV
# 5 M1 Width=   3.673348E+00 eV
# 6 M2 Width=   3.161286E+00 eV
# 7 M3 Width=   3.124713E+00 eV

<--- Fluorescence yields
# 1 K         Flyield= 4.501E-01
# 2 L1        Flyield= 6.824E-04
# 3 L2        Flyield= 9.264E-03
# 4 L3        Flyield= 8.574E-03
# 5 M1        Flyield= 1.125E-05
# 6 M2        Flyield= 4.122E-05
# 7 M3        Flyield= 3.837E-05

<--- Coster-Kronig yields
# 1 K  # 3 L2 CKyield= 1.704E+25
# 2 L1 # 3 L2 CKyield= 2.572E-01
# 2 L1 # 4 L3 CKyield= 6.723E-01
# 3 L2 # 4 L3 CKyield= 4.549E-03
# 5 M1 # 6 M2 CKyield= 3.294E-01
# 5 M1 # 7 M3 CKyield= 4.706E-01
# 5 M1 # 8 M4 CKyield= 1.160E-01
# 5 M1 # 9 M5 CKyield= 8.395E-02
# 6 M2 # 8 M4 CKyield= 8.292E-01
# 6 M2 # 9 M5 CKyield= 1.708E-01
# 7 M3 # 8 M4 CKyield= 7.705E-01
# 7 M3 # 9 M5 CKyield= 2.294E-01

<--- Check sum
# 1 K         FLy+NRy= 1.000E+00
# 2 L1        FLy+NRy= 1.000E+00
# 3 L2        FLy+NRy= 1.000E+00
# 4 L3        FLy+NRy= 1.000E+00
# 5 M1        FLy+NRy= 1.000E+00
# 6 M2        FLy+NRy= 1.000E+00
# 7 M3        FLy+NRy= 1.000E+00

<--- Check sum Branching Ratio
# 1 K  2Ji=  0 Eigi=  1    Sum(BR)= 9.997E-01 TransYield= 4.502E-01
# 1 K  2Ji=  2 Eigi=  1    Sum(BR)= 9.998E-01 TransYield= 4.500E-01
# 2 L1 2Ji=  0 Eigi=  1    Sum(BR)= 9.979E-01 TransYield= 6.364E-04
# 2 L1 2Ji=  2 Eigi=  1    Sum(BR)= 9.971E-01 TransYield= 6.987E-04
# 3 L2 2Ji=  0 Eigi=  1    Sum(BR)= 4.854E-02 TransYield= 9.225E-03
# 3 L2 2Ji=  2 Eigi=  2    Sum(BR)= 4.708E-02 TransYield= 9.277E-03
# 4 L3 2Ji=  2 Eigi=  1    Sum(BR)= 4.745E-02 TransYield= 8.529E-03
# 4 L3 2Ji=  4 Eigi=  1    Sum(BR)= 4.894E-02 TransYield= 8.601E-03
# 5 M1 2Ji=  0 Eigi=  1    Sum(BR)= 9.989E-01 TransYield= 1.049E-05
# 5 M1 2Ji=  2 Eigi=  1    Sum(BR)= 9.992E-01 TransYield= 1.156E-05
# 6 M2 2Ji=  0 Eigi=  1    Sum(BR)= 6.901E-10 TransYield= 3.891E-05
# 6 M2 2Ji=  2 Eigi=  2    Sum(BR)= 7.593E-10 TransYield= 4.202E-05
# 7 M3 2Ji=  2 Eigi=  1    Sum(BR)= 3.716E-13 TransYield= 3.973E-05

 Calculations finished!
 END
