# Atomic number Z= 36  Date:22-03-2017

# Record Shelli   2Ji Eigi ---> Shellf   2Jf Eigf     Energy (eV)      Rate(1/s)    Width(eV)
       1   K        1    1 --->   L1L1     0    1    1.038314E+04   1.095626E+14   7.211538E-02
       2   K        1    1 --->   L1L2     0    1    1.060188E+04   1.802211E+13   1.186237E-02
       3   K        1    1 --->   L1L2     2    2    1.057079E+04   1.820529E+14   1.198294E-01
       4   K        1    1 --->   L1L3     2    1    1.063311E+04   7.261708E+13   4.779743E-02
       5   K        1    1 --->   L1L3     4    1    1.065621E+04   4.154504E+13   2.734544E-02
       6   K        1    1 --->   L1M1     0    1    1.206084E+04   3.189505E+13   2.099370E-02
       7   K        1    1 --->   L1M1     2    1    1.207034E+04   1.790468E+11   1.178508E-04
       8   K        1    1 --->   L1M2     0    1    1.213762E+04   2.906407E+12   1.913032E-03
       9   K        1    1 --->   L1M2     2    2    1.213653E+04   1.903949E+13   1.253202E-02
      10   K        1    1 --->   L1M3     2    1    1.214454E+04   1.921962E+13   1.265058E-02
      11   K        1    1 --->   L1M3     4    1    1.214617E+04   6.876078E+12   4.525916E-03
      12   K        1    1 --->   L1M4     2    1    1.227014E+04   6.838901E+11   4.501446E-04
      13   K        1    1 --->   L1M4     4    2    1.226609E+04   2.196510E+11   1.445769E-04
      14   K        1    1 --->   L1M5     4    1    1.227087E+04   9.825086E+11   6.466989E-04
      15   K        1    1 --->   L1M5     6    1    1.227166E+04   1.288103E+12   8.478449E-04
      16   K        1    1 --->   L1N1     0    1    1.234876E+04   3.578988E+12   2.355733E-03
      17   K        1    1 --->   L1N1     2    1    1.234970E+04   2.660666E+10   1.751282E-05
      18   K        1    1 --->   L1N2     0    1    1.236846E+04   2.602962E+11   1.713301E-04
      19   K        1    1 --->   L1N2     2    2    1.236837E+04   1.609278E+12   1.059246E-03
      20   K        1    1 --->   L1N3     2    1    1.236917E+04   1.765282E+12   1.161929E-03
      21   K        1    1 --->   L1N3     4    1    1.236932E+04   6.132257E+11   4.036325E-04
      22   K        1    1 --->   L2L2     0    2    1.075680E+04   3.089999E+13   2.033874E-02
      23   K        1    1 --->   L2L3     2    1    1.083044E+04   7.440268E+11   4.897273E-04
      24   K        1    1 --->   L2L3     4    2    1.081814E+04   4.877948E+14   3.210724E-01
      25   K        1    1 --->   L2M1     0    1    1.226558E+04   2.102909E+12   1.384160E-03
      26   K        1    1 --->   L2M1     2    2    1.226434E+04   1.304212E+13   8.584477E-03
      27   K        1    1 --->   L2M2     0    2    1.232717E+04   6.842748E+12   4.503978E-03
      28   K        1    1 --->   L2M2     2    4    1.233959E+04   8.798022E+10   5.790963E-05
      29   K        1    1 --->   L2M3     2    3    1.234331E+04   3.798937E+10   2.500506E-05
      30   K        1    1 --->   L2M3     4    3    1.234208E+04   6.905676E+13   4.545399E-02
      31   K        1    1 --->   L2M4     2    3    1.246489E+04   5.897051E+10   3.881509E-05
      32   K        1    1 --->   L2M4     4    3    1.247069E+04   1.536164E+12   1.011122E-03
      33   K        1    1 --->   L2M5     4    4    1.246888E+04   1.021980E+11   6.726792E-05
      34   K        1    1 --->   L2M5     6    3    1.246764E+04   6.644900E+12   4.373753E-03
      35   K        1    1 --->   L2N1     0    1    1.254788E+04   2.281395E+11   1.501641E-04
      36   K        1    1 --->   L2N1     2    2    1.254775E+04   1.351155E+12   8.893464E-04
      37   K        1    1 --->   L2N2     0    2    1.256641E+04   4.905519E+11   3.228871E-04
      38   K        1    1 --->   L2N2     2    4    1.256745E+04   9.561094E+09   6.293226E-06
      39   K        1    1 --->   L2N3     2    3    1.256791E+04   2.509698E+09   1.651913E-06
      40   K        1    1 --->   L2N3     4    3    1.256784E+04   4.722432E+12   3.108361E-03
      41   K        1    1 --->   L3L3     0    1    1.085932E+04   2.264924E+13   1.490800E-02
      42   K        1    1 --->   L3L3     4    1    1.088049E+04   1.238650E+14   8.152943E-02
      43   K        1    1 --->   L3M1     2    1    1.231615E+04   1.917303E+13   1.261992E-02
      44   K        1    1 --->   L3M1     4    1    1.231857E+04   4.334746E+12   2.853181E-03
      45   K        1    1 --->   L3M2     2    2    1.238796E+04   3.087620E+11   2.032308E-04
      46   K        1    1 --->   L3M2     4    2    1.238727E+04   6.315114E+13   4.156684E-02
      47   K        1    1 --->   L3M3     0    1    1.238654E+04   8.285136E+12   5.453376E-03
      48   K        1    1 --->   L3M3     2    1    1.240085E+04   4.586120E+10   3.018639E-05
      49   K        1    1 --->   L3M3     4    1    1.239294E+04   2.548557E+13   1.677491E-02
      50   K        1    1 --->   L3M3     6    1    1.240066E+04   2.522796E+11   1.660535E-04
      51   K        1    1 --->   L3M4     0    1    1.251873E+04   4.103713E+10   2.701113E-05
      52   K        1    1 --->   L3M4     2    1    1.251941E+04   8.521003E+10   5.608626E-05
      53   K        1    1 --->   L3M4     4    2    1.252060E+04   2.835770E+11   1.866538E-04
      54   K        1    1 --->   L3M4     6    2    1.251725E+04   8.315575E+12   5.473410E-03
      55   K        1    1 --->   L3M5     2    2    1.251703E+04   7.296129E+10   4.802399E-05
      56   K        1    1 --->   L3M5     4    1    1.252446E+04   3.295859E+11   2.169374E-04
      57   K        1    1 --->   L3M5     6    1    1.252250E+04   1.111016E+12   7.312841E-04
      58   K        1    1 --->   L3M5     8    1    1.252526E+04   3.222257E+12   2.120928E-03
      59   K        1    1 --->   L3N1     2    1    1.260050E+04   2.179796E+12   1.434768E-03
      60   K        1    1 --->   L3N1     4    1    1.260077E+04   4.618582E+11   3.040006E-04
      61   K        1    1 --->   L3N2     2    2    1.261976E+04   3.111397E+10   2.047958E-05
      62   K        1    1 --->   L3N2     4    2    1.261989E+04   6.231471E+12   4.101629E-03
      63   K        1    1 --->   L3N3     0    1    1.261989E+04   8.332251E+11   5.484387E-04
      64   K        1    1 --->   L3N3     2    1    1.262101E+04   5.452816E+09   3.589108E-06
      65   K        1    1 --->   L3N3     4    1    1.262054E+04   2.672533E+12   1.759093E-03
      66   K        1    1 --->   L3N3     6    1    1.262099E+04   2.777344E+10   1.828081E-05
      67   K        1    1 --->   M1M1     0    1    1.370491E+04   2.343294E+12   1.542384E-03
      68   K        1    1 --->   M1M2     0    1    1.378614E+04   3.437199E+11   2.262405E-04
      69   K        1    1 --->   M1M2     2    2    1.377030E+04   4.058302E+12   2.671223E-03
      70   K        1    1 --->   M1M3     2    1    1.378966E+04   8.059672E+11   5.304973E-04
      71   K        1    1 --->   M1M3     4    1    1.379431E+04   7.312021E+11   4.812860E-04
      72   K        1    1 --->   M1M4     2    1    1.391217E+04   8.079438E+10   5.317983E-05
      73   K        1    1 --->   M1M4     4    1    1.391275E+04   1.170189E+11   7.702324E-05
      74   K        1    1 --->   M1M5     4    2    1.390470E+04   1.263893E+10   8.319097E-06
      75   K        1    1 --->   M1M5     6    1    1.391348E+04   1.506942E+11   9.918875E-05
      76   K        1    1 --->   M1N1     0    1    1.398285E+04   5.247101E+11   3.453705E-04
      77   K        1    1 --->   M1N1     2    1    1.398527E+04   6.709208E+07   4.416081E-08
      78   K        1    1 --->   M1N2     0    1    1.400362E+04   3.088080E+10   2.032611E-05
      79   K        1    1 --->   M1N2     2    2    1.400324E+04   2.786990E+11   1.834430E-04
      80   K        1    1 --->   M1N3     2    1    1.400415E+04   1.504735E+11   9.904348E-05
      81   K        1    1 --->   M1N3     4    1    1.400448E+04   6.551915E+10   4.312549E-05
      82   K        1    1 --->   M2M2     0    2    1.384385E+04   8.186491E+11   5.388446E-04
      83   K        1    1 --->   M2M3     2    1    1.385965E+04   1.672594E+10   1.100922E-05
      84   K        1    1 --->   M2M3     4    2    1.385530E+04   9.009361E+12   5.930069E-03
      85   K        1    1 --->   M2M4     2    3    1.397271E+04   6.864927E+09   4.518577E-06
      86   K        1    1 --->   M2M4     4    3    1.398667E+04   5.361647E+10   3.529100E-05
      87   K        1    1 --->   M2M5     4    4    1.398208E+04   7.058837E+09   4.646211E-06
      88   K        1    1 --->   M2M5     6    3    1.397228E+04   1.364500E+12   8.981301E-04
      89   K        1    1 --->   M2N1     0    1    1.405548E+04   3.739406E+10   2.461321E-05
      90   K        1    1 --->   M2N1     2    2    1.405511E+04   2.262146E+11   1.488971E-04
      91   K        1    1 --->   M2N2     0    2    1.407267E+04   9.709264E+10   6.390754E-05
      92   K        1    1 --->   M2N2     2    4    1.407510E+04   5.815934E+07   3.828117E-08
      93   K        1    1 --->   M2N3     2    3    1.407515E+04   1.246467E+09   8.204397E-07
      94   K        1    1 --->   M2N3     4    3    1.407487E+04   7.973196E+11   5.248053E-04
      95   K        1    1 --->   M3M3     0    1    1.386152E+04   2.380052E+11   1.566579E-04
      96   K        1    1 --->   M3M3     4    1    1.386666E+04   1.278752E+12   8.416897E-04
      97   K        1    1 --->   M3M4     0    1    1.398881E+04   4.424743E+09   2.912419E-06
      98   K        1    1 --->   M3M4     2    1    1.398885E+04   1.036994E+10   6.825617E-06
      99   K        1    1 --->   M3M4     4    2    1.399065E+04   1.213749E+11   7.989038E-05
     100   K        1    1 --->   M3M4     6    1    1.399473E+04   2.702538E+11   1.778843E-04
     101   K        1    1 --->   M3M5     2    2    1.398478E+04   1.948513E+09   1.282534E-06
     102   K        1    1 --->   M3M5     4    1    1.399605E+04   4.862702E+10   3.200689E-05
     103   K        1    1 --->   M3M5     6    2    1.398718E+04   6.712724E+10   4.418395E-05
     104   K        1    1 --->   M3M5     8    1    1.399813E+04   3.297556E+11   2.170491E-04
     105   K        1    1 --->   M3N1     2    1    1.406284E+04   3.070419E+11   2.020986E-04
     106   K        1    1 --->   M3N1     4    1    1.406349E+04   7.825119E+10   5.150587E-05
     107   K        1    1 --->   M3N2     2    2    1.408217E+04   1.616108E+09   1.063742E-06
     108   K        1    1 --->   M3N2     4    2    1.408208E+04   8.918838E+11   5.870485E-04
     109   K        1    1 --->   M3N3     0    1    1.408125E+04   8.760114E+10   5.766012E-05
     110   K        1    1 --->   M3N3     2    1    1.408406E+04   8.951570E+07   5.892030E-08
     111   K        1    1 --->   M3N3     4    1    1.408271E+04   9.224608E+10   6.071747E-05
     112   K        1    1 --->   M3N3     6    1    1.408386E+04   4.827596E+07   3.177581E-08
     113   K        1    1 --->   M4M4     0    2    1.410128E+04   2.169685E+08   1.428112E-07
     114   K        1    1 --->   M4M4     4    1    1.411556E+04   4.165119E+07   2.741531E-08
     115   K        1    1 --->   M4M5     2    1    1.411148E+04   3.762814E+06   2.476729E-09
     116   K        1    1 --->   M4M5     4    3    1.411143E+04   3.678714E+08   2.421373E-07
     117   K        1    1 --->   M4M5     6    1    1.411613E+04   5.123458E+07   3.372321E-08
     118   K        1    1 --->   M4M5     8    2    1.411036E+04   8.754387E+10   5.762242E-05
     119   K        1    1 --->   M4N1     2    1    1.418703E+04   8.792086E+09   5.787056E-06
     120   K        1    1 --->   M4N1     4    2    1.418667E+04   4.927703E+09   3.243473E-06
     121   K        1    1 --->   M4N2     2    3    1.420523E+04   6.566996E+08   4.322475E-07
     122   K        1    1 --->   M4N2     4    4    1.420619E+04   1.476956E+10   9.721497E-06
     123   K        1    1 --->   M4N3     0    1    1.420623E+04   3.740267E+08   2.461888E-07
     124   K        1    1 --->   M4N3     2    2    1.420673E+04   6.785881E+08   4.466548E-07
     125   K        1    1 --->   M4N3     4    2    1.420739E+04   1.013423E+09   6.670474E-07
     126   K        1    1 --->   M4N3     6    3    1.420621E+04   1.117585E+11   7.356076E-05
     127   K        1    1 --->   M5M5     0    1    1.411138E+04   3.291210E+06   2.166313E-09
     128   K        1    1 --->   M5M5     4    2    1.411290E+04   5.429323E+08   3.573645E-07
     129   K        1    1 --->   M5M5     8    1    1.411722E+04   4.495782E+08   2.959178E-07
     130   K        1    1 --->   M5N1     4    1    1.418796E+04   9.002367E+09   5.925465E-06
     131   K        1    1 --->   M5N1     6    1    1.418828E+04   1.638176E+10   1.078267E-05
     132   K        1    1 --->   M5N2     4    3    1.420678E+04   3.036331E+09   1.998549E-06
     133   K        1    1 --->   M5N2     6    2    1.420719E+04   2.542752E+10   1.673670E-05
     134   K        1    1 --->   M5N3     2    1    1.420742E+04   2.390469E+08   1.573435E-07
     135   K        1    1 --->   M5N3     4    1    1.420851E+04   6.541096E+08   4.305428E-07
     136   K        1    1 --->   M5N3     6    1    1.420837E+04   6.039616E+09   3.975347E-06
     137   K        1    1 --->   M5N3     8    1    1.420818E+04   2.766469E+10   1.820923E-05
     138   K        1    1 --->   N1N1     0    1    1.425068E+04   2.943638E+10   1.937537E-05
     139   K        1    1 --->   N1N2     0    1    1.427244E+04   3.360849E+09   2.212151E-06
     140   K        1    1 --->   N1N2     2    1    1.427268E+04   6.665115E+09   4.387058E-06
     141   K        1    1 --->   N1N3     2    2    1.426616E+04   4.041123E+10   2.659915E-05
     142   K        1    1 --->   N1N3     4    1    1.427314E+04   7.016168E+09   4.618126E-06
     143   K        1    1 --->   N2N2     0    2    1.428507E+04   7.969461E+09   5.245594E-06
     144   K        1    1 --->   N2N3     2    1    1.428939E+04   1.305349E+08   8.591964E-08
     145   K        1    1 --->   N2N3     4    2    1.428779E+04   7.570546E+10   4.983023E-05
     146   K        1    1 --->   N3N3     0    1    1.428927E+04   1.139174E+08   7.498182E-08
     147   K        1    1 --->   N3N3     4    1    1.428995E+04   1.495792E+09   9.845482E-07

     148   L1       1    1 --->   L2M4     2    3    6.947900E+01   1.776299E+14   1.169181E-01
     149   L1       1    1 --->   L2M4     4    3    7.528100E+01   5.062878E+14   3.332446E-01
     150   L1       1    1 --->   L2M5     4    4    7.346900E+01   2.770796E+14   1.823771E-01
     151   L1       1    1 --->   L2M5     6    3    7.223400E+01   9.692627E+14   6.379803E-01
     152   L1       1    1 --->   L2N1     0    1    1.524740E+02   6.229075E+12   4.100051E-03
     153   L1       1    1 --->   L2N1     2    2    1.523420E+02   1.047918E+14   6.897518E-02
     154   L1       1    1 --->   L2N2     0    2    1.710010E+02   2.654592E+13   1.747284E-02
     155   L1       1    1 --->   L2N2     2    4    1.720420E+02   5.170028E+13   3.402974E-02
     156   L1       1    1 --->   L2N3     2    3    1.725040E+02   3.484633E+13   2.293627E-02
     157   L1       1    1 --->   L2N3     4    3    1.724300E+02   9.238255E+13   6.080730E-02
     158   L1       1    1 --->   L3M3     2    1    5.445000E+00   3.024793E+13   1.990955E-02
     159   L1       1    1 --->   L3M3     6    1    5.249000E+00   3.937129E+14   2.591465E-01
     160   L1       1    1 --->   L3M4     0    1    1.233190E+02   1.071889E+14   7.055302E-02
     161   L1       1    1 --->   L3M4     2    1    1.239990E+02   2.368324E+14   1.558859E-01
     162   L1       1    1 --->   L3M4     4    2    1.251940E+02   2.397907E+14   1.578331E-01
     163   L1       1    1 --->   L3M4     6    2    1.218410E+02   1.321476E+15   8.698115E-01
     164   L1       1    1 --->   L3M5     2    2    1.216230E+02   2.518496E+14   1.657704E-01
     165   L1       1    1 --->   L3M5     4    1    1.290530E+02   1.909011E+14   1.256534E-01
     166   L1       1    1 --->   L3M5     6    1    1.270960E+02   4.317963E+14   2.842135E-01
     167   L1       1    1 --->   L3M5     8    1    1.298510E+02   1.923177E+15   1.265858E+00
     168   L1       1    1 --->   L3N1     2    1    2.050910E+02   1.799507E+14   1.184457E-01
     169   L1       1    1 --->   L3N1     4    1    2.053650E+02   2.191498E+13   1.442470E-02
     170   L1       1    1 --->   L3N2     2    2    2.243540E+02   4.056582E+13   2.670091E-02
     171   L1       1    1 --->   L3N2     4    2    2.244800E+02   8.529104E+13   5.613958E-02
     172   L1       1    1 --->   L3N3     0    1    2.244800E+02   4.841004E+13   3.186407E-02
     173   L1       1    1 --->   L3N3     2    1    2.256060E+02   3.003704E+13   1.977074E-02
     174   L1       1    1 --->   L3N3     4    1    2.251370E+02   1.848687E+13   1.216828E-02
     175   L1       1    1 --->   L3N3     6    1    2.255870E+02   8.696096E+13   5.723874E-02
     176   L1       1    1 --->   M1M1     0    1    1.309505E+03   5.668158E+13   3.730849E-02
     177   L1       1    1 --->   M1M2     0    1    1.390731E+03   2.064553E+13   1.358913E-02
     178   L1       1    1 --->   M1M2     2    2    1.374890E+03   1.282367E+14   8.440695E-02
     179   L1       1    1 --->   M1M3     2    1    1.394256E+03   6.252113E+13   4.115215E-02
     180   L1       1    1 --->   M1M3     4    1    1.398905E+03   9.520552E+13   6.266541E-02
     181   L1       1    1 --->   M1M4     2    1    1.516764E+03   2.334941E+13   1.536886E-02
     182   L1       1    1 --->   M1M4     4    1    1.517342E+03   3.852623E+13   2.535843E-02
     183   L1       1    1 --->   M1M5     4    2    1.509294E+03   2.464187E+14   1.621957E-01
     184   L1       1    1 --->   M1M5     6    1    1.518076E+03   4.888896E+13   3.217929E-02
     185   L1       1    1 --->   M1N1     0    1    1.587449E+03   1.065704E+13   7.014594E-03
     186   L1       1    1 --->   M1N1     2    1    1.589862E+03   1.642906E+11   1.081380E-04
     187   L1       1    1 --->   M1N2     0    1    1.608219E+03   1.937606E+12   1.275356E-03
     188   L1       1    1 --->   M1N2     2    2    1.607835E+03   9.515855E+12   6.263449E-03
     189   L1       1    1 --->   M1N3     2    1    1.608742E+03   7.214263E+12   4.748514E-03
     190   L1       1    1 --->   M1N3     4    1    1.609073E+03   9.037604E+12   5.948659E-03
     191   L1       1    1 --->   M2M2     0    2    1.448446E+03   1.800850E+12   1.185341E-03
     192   L1       1    1 --->   M2M3     2    1    1.464247E+03   9.774462E+09   6.433667E-06
     193   L1       1    1 --->   M2M3     4    2    1.459898E+03   5.198908E+12   3.421984E-03
     194   L1       1    1 --->   M2M4     2    3    1.577307E+03   6.949608E+12   4.574315E-03
     195   L1       1    1 --->   M2M4     4    3    1.591259E+03   5.021268E+11   3.305059E-04
     196   L1       1    1 --->   M2M5     4    4    1.586672E+03   6.041590E+11   3.976646E-04
     197   L1       1    1 --->   M2M5     6    3    1.576879E+03   1.212052E+14   7.977874E-02
     198   L1       1    1 --->   M2N1     0    1    1.660070E+03   1.726283E+12   1.136260E-03
     199   L1       1    1 --->   M2N1     2    2    1.659704E+03   7.393590E+12   4.866549E-03
     200   L1       1    1 --->   M2N2     0    2    1.677265E+03   1.099024E+11   7.233910E-05
     201   L1       1    1 --->   M2N2     2    4    1.679698E+03   2.149050E+08   1.414530E-07
     202   L1       1    1 --->   M2N3     2    3    1.679747E+03   4.880956E+08   3.212703E-07
     203   L1       1    1 --->   M2N3     4    3    1.679461E+03   4.306209E+11   2.834398E-04
     204   L1       1    1 --->   M3M3     0    1    1.466112E+03   1.040093E+12   6.846016E-04
     205   L1       1    1 --->   M3M3     4    1    1.471256E+03   5.811655E+11   3.825301E-04
     206   L1       1    1 --->   M3M4     0    1    1.593400E+03   3.193510E+11   2.102006E-04
     207   L1       1    1 --->   M3M4     2    1    1.593446E+03   7.746375E+11   5.098757E-04
     208   L1       1    1 --->   M3M4     4    2    1.595241E+03   4.920910E+11   3.239001E-04
     209   L1       1    1 --->   M3M4     6    1    1.599320E+03   7.822861E+11   5.149100E-04
     210   L1       1    1 --->   M3M5     2    2    1.589370E+03   6.969901E+11   4.587672E-04
     211   L1       1    1 --->   M3M5     4    1    1.600641E+03   1.819772E+11   1.197796E-04
     212   L1       1    1 --->   M3M5     6    2    1.591772E+03   3.371780E+12   2.219346E-03
     213   L1       1    1 --->   M3M5     8    1    1.602725E+03   8.517022E+11   5.606005E-04
     214   L1       1    1 --->   M3N1     2    1    1.667430E+03   8.641462E+12   5.687913E-03
     215   L1       1    1 --->   M3N1     4    1    1.668079E+03   7.930104E+12   5.219689E-03
     216   L1       1    1 --->   M3N2     2    2    1.686769E+03   1.112697E+09   7.323904E-07
     217   L1       1    1 --->   M3N2     4    2    1.686672E+03   4.590646E+11   3.021618E-04
     218   L1       1    1 --->   M3N3     0    1    1.685845E+03   2.096962E+11   1.380245E-04
     219   L1       1    1 --->   M3N3     2    1    1.688658E+03   6.813726E+07   4.484876E-08
     220   L1       1    1 --->   M3N3     4    1    1.687307E+03   3.671259E+10   2.416466E-05
     221   L1       1    1 --->   M3N3     6    1    1.688453E+03   5.032437E+08   3.312410E-07
     222   L1       1    1 --->   M4M4     0    2    1.705873E+03   9.706046E+12   6.388635E-03
     223   L1       1    1 --->   M4M4     4    1    1.720158E+03   5.914963E+11   3.893299E-04
     224   L1       1    1 --->   M4M5     2    1    1.716074E+03   1.360370E+09   8.954119E-07
     225   L1       1    1 --->   M4M5     4    3    1.716022E+03   3.817672E+12   2.512837E-03
     226   L1       1    1 --->   M4M5     6    1    1.720720E+03   4.949871E+09   3.258064E-06
     227   L1       1    1 --->   M4M5     8    2    1.714952E+03   2.895400E+14   1.905787E-01
     228   L1       1    1 --->   M4N1     2    1    1.791625E+03   1.498002E+12   9.860028E-04
     229   L1       1    1 --->   M4N1     4    2    1.791263E+03   1.494043E+13   9.833967E-03
     230   L1       1    1 --->   M4N2     2    3    1.809827E+03   6.791578E+11   4.470298E-04
     231   L1       1    1 --->   M4N2     4    4    1.810781E+03   3.916482E+10   2.577875E-05
     232   L1       1    1 --->   M4N3     0    1    1.810826E+03   2.969510E+10   1.954567E-05
     233   L1       1    1 --->   M4N3     2    2    1.811320E+03   1.036420E+11   6.821838E-05
     234   L1       1    1 --->   M4N3     4    2    1.811980E+03   5.816435E+09   3.828447E-06
     235   L1       1    1 --->   M4N3     6    3    1.810805E+03   9.753767E+12   6.420046E-03
     236   L1       1    1 --->   M5M5     0    1    1.715978E+03   1.380549E+11   9.086936E-05
     237   L1       1    1 --->   M5M5     4    2    1.717493E+03   5.210108E+12   3.429355E-03
     238   L1       1    1 --->   M5M5     8    1    1.721813E+03   1.548310E+12   1.019116E-03
     239   L1       1    1 --->   M5N1     4    1    1.792550E+03   8.634400E+12   5.683265E-03
     240   L1       1    1 --->   M5N1     6    1    1.792870E+03   3.095146E+12   2.037262E-03
     241   L1       1    1 --->   M5N2     4    3    1.811374E+03   1.333408E+11   8.776652E-05
     242   L1       1    1 --->   M5N2     6    2    1.811788E+03   6.727957E+11   4.428421E-04
     243   L1       1    1 --->   M5N3     2    1    1.812014E+03   1.857576E+11   1.222678E-04
     244   L1       1    1 --->   M5N3     4    1    1.813100E+03   1.724408E+10   1.135026E-05
     245   L1       1    1 --->   M5N3     6    1    1.812962E+03   4.271655E+11   2.811654E-04
     246   L1       1    1 --->   M5N3     8    1    1.812771E+03   1.123135E+11   7.392607E-05
     247   L1       1    1 --->   N1N1     0    1    1.855270E+03   5.187355E+11   3.414379E-04
     248   L1       1    1 --->   N1N2     0    1    1.877033E+03   1.614362E+11   1.062592E-04
     249   L1       1    1 --->   N1N2     2    1    1.877279E+03   4.699189E+11   3.093062E-04
     250   L1       1    1 --->   N1N3     2    2    1.870758E+03   9.377668E+11   6.172493E-04
     251   L1       1    1 --->   N1N3     4    1    1.877736E+03   7.509039E+11   4.942539E-04
     252   L1       1    1 --->   N2N2     0    2    1.889661E+03   7.063637E+09   4.649370E-06
     253   L1       1    1 --->   N2N3     2    1    1.893988E+03   6.049495E+07   3.981850E-08
     254   L1       1    1 --->   N2N3     4    2    1.892388E+03   3.749939E+10   2.468255E-05
     255   L1       1    1 --->   N3N3     0    1    1.893865E+03   9.996119E+08   6.579565E-07
     256   L1       1    1 --->   N3N3     4    1    1.894541E+03   4.733030E+08   3.115337E-07

     257   L2       1    1 --->   L3N1     2    1    6.584000E+00   3.633088E+11   2.391342E-04
     258   L2       1    1 --->   L3N1     4    1    6.858000E+00   1.892771E+11   1.245844E-04
     259   L2       1    1 --->   L3N2     2    2    2.584700E+01   4.952164E+11   3.259574E-04
     260   L2       1    1 --->   L3N2     4    2    2.597300E+01   9.121892E+12   6.004138E-03
     261   L2       1    1 --->   L3N3     0    1    2.597300E+01   1.076508E+12   7.085702E-04
     262   L2       1    1 --->   L3N3     2    1    2.709900E+01   5.305921E+11   3.492421E-04
     263   L2       1    1 --->   L3N3     4    1    2.663000E+01   1.369236E+11   9.012475E-05
     264   L2       1    1 --->   L3N3     6    1    2.708000E+01   7.622262E+11   5.017064E-04
     265   L2       1    1 --->   M1M1     0    1    1.110998E+03   3.981443E+12   2.620633E-03
     266   L2       1    1 --->   M1M2     0    1    1.192224E+03   1.577647E+13   1.038426E-02
     267   L2       1    1 --->   M1M2     2    2    1.176383E+03   6.024220E+13   3.965213E-02
     268   L2       1    1 --->   M1M3     2    1    1.195749E+03   1.705550E+13   1.122614E-02
     269   L2       1    1 --->   M1M3     4    1    1.200398E+03   2.271982E+11   1.495446E-04
     270   L2       1    1 --->   M1M4     2    1    1.318257E+03   3.443412E+12   2.266495E-03
     271   L2       1    1 --->   M1M4     4    1    1.318835E+03   5.345721E+12   3.518617E-03
     272   L2       1    1 --->   M1M5     4    2    1.310787E+03   6.645064E+12   4.373861E-03
     273   L2       1    1 --->   M1M5     6    1    1.319569E+03   4.634993E+12   3.050807E-03
     274   L2       1    1 --->   M1N1     0    1    1.388942E+03   7.260795E+11   4.779142E-04
     275   L2       1    1 --->   M1N1     2    1    1.391355E+03   3.190477E+09   2.100010E-06
     276   L2       1    1 --->   M1N2     0    1    1.409712E+03   1.024644E+12   6.744327E-04
     277   L2       1    1 --->   M1N2     2    2    1.409328E+03   5.120847E+12   3.370603E-03
     278   L2       1    1 --->   M1N3     2    1    1.410235E+03   5.689046E+10   3.744598E-05
     279   L2       1    1 --->   M1N3     4    1    1.410566E+03   1.895935E+10   1.247927E-05
     280   L2       1    1 --->   M2M2     0    2    1.249938E+03   7.934096E+13   5.222317E-02
     281   L2       1    1 --->   M2M3     2    1    1.265740E+03   8.888626E+13   5.850600E-02
     282   L2       1    1 --->   M2M3     4    2    1.261391E+03   1.841941E+14   1.212387E-01
     283   L2       1    1 --->   M2M4     2    3    1.378799E+03   1.135457E+14   7.473714E-02
     284   L2       1    1 --->   M2M4     4    3    1.392752E+03   1.591873E+13   1.047790E-02
     285   L2       1    1 --->   M2M5     4    4    1.388165E+03   9.349407E+13   6.153891E-02
     286   L2       1    1 --->   M2M5     6    3    1.378371E+03   2.539695E+14   1.671657E-01
     287   L2       1    1 --->   M2N1     0    1    1.461563E+03   1.948666E+12   1.282636E-03
     288   L2       1    1 --->   M2N1     2    2    1.461197E+03   8.585639E+12   5.651170E-03
     289   L2       1    1 --->   M2N2     0    2    1.478758E+03   1.316873E+13   8.667813E-03
     290   L2       1    1 --->   M2N2     2    4    1.481191E+03   3.067487E+11   2.019057E-04
     291   L2       1    1 --->   M2N3     2    3    1.481240E+03   8.034393E+12   5.288333E-03
     292   L2       1    1 --->   M2N3     4    3    1.480954E+03   1.947471E+13   1.281849E-02
     293   L2       1    1 --->   M3M3     0    1    1.267605E+03   5.776014E+12   3.801842E-03
     294   L2       1    1 --->   M3M3     4    1    1.272749E+03   6.745627E+12   4.440052E-03
     295   L2       1    1 --->   M3M4     0    1    1.394893E+03   6.243486E+12   4.109537E-03
     296   L2       1    1 --->   M3M4     2    1    1.394939E+03   8.965728E+12   5.901349E-03
     297   L2       1    1 --->   M3M4     4    2    1.396734E+03   1.473784E+12   9.700620E-04
     298   L2       1    1 --->   M3M4     6    1    1.400813E+03   1.411398E+12   9.289993E-04
     299   L2       1    1 --->   M3M5     2    2    1.390863E+03   1.551334E+13   1.021106E-02
     300   L2       1    1 --->   M3M5     4    1    1.402133E+03   7.128339E+11   4.691958E-04
     301   L2       1    1 --->   M3M5     6    2    1.393265E+03   1.923312E+13   1.265947E-02
     302   L2       1    1 --->   M3M5     8    1    1.404218E+03   1.235820E+11   8.134315E-05
     303   L2       1    1 --->   M3N1     2    1    1.468923E+03   2.714145E+11   1.786482E-04
     304   L2       1    1 --->   M3N1     4    1    1.469572E+03   5.930448E+10   3.903492E-05
     305   L2       1    1 --->   M3N2     2    2    1.488262E+03   5.550784E+12   3.653592E-03
     306   L2       1    1 --->   M3N2     4    2    1.488165E+03   8.383975E+12   5.518432E-03
     307   L2       1    1 --->   M3N3     0    1    1.487338E+03   5.204145E+08   3.425430E-07
     308   L2       1    1 --->   M3N3     2    1    1.490151E+03   3.346980E+11   2.203022E-04
     309   L2       1    1 --->   M3N3     4    1    1.488800E+03   1.920724E+12   1.264243E-03
     310   L2       1    1 --->   M3N3     6    1    1.489946E+03   5.008950E+09   3.296951E-06
     311   L2       1    1 --->   M4M4     0    2    1.507365E+03   1.584829E+13   1.043153E-02
     312   L2       1    1 --->   M4M4     4    1    1.521651E+03   2.402669E+13   1.581465E-02
     313   L2       1    1 --->   M4M5     2    1    1.517566E+03   8.544009E+12   5.623769E-03
     314   L2       1    1 --->   M4M5     4    3    1.517515E+03   5.278050E+13   3.474075E-02
     315   L2       1    1 --->   M4M5     6    1    1.522213E+03   6.016577E+13   3.960183E-02
     316   L2       1    1 --->   M4M5     8    2    1.516445E+03   4.489062E+14   2.954754E-01
     317   L2       1    1 --->   M4N1     2    1    1.593118E+03   4.529636E+11   2.981461E-04
     318   L2       1    1 --->   M4N1     4    2    1.592755E+03   9.507432E+11   6.257905E-04
     319   L2       1    1 --->   M4N2     2    3    1.611320E+03   8.602157E+12   5.662042E-03
     320   L2       1    1 --->   M4N2     4    4    1.612273E+03   5.209859E+11   3.429191E-04
     321   L2       1    1 --->   M4N3     0    1    1.612318E+03   6.692866E+11   4.405324E-04
     322   L2       1    1 --->   M4N3     2    2    1.612813E+03   1.294215E+12   8.518678E-04
     323   L2       1    1 --->   M4N3     4    2    1.613473E+03   4.560445E+12   3.001739E-03
     324   L2       1    1 --->   M4N3     6    3    1.612298E+03   1.496903E+13   9.852792E-03
     325   L2       1    1 --->   M5M5     0    1    1.517471E+03   2.149223E+12   1.414644E-03
     326   L2       1    1 --->   M5M5     4    2    1.518986E+03   5.976546E+13   3.933834E-02
     327   L2       1    1 --->   M5M5     8    1    1.523306E+03   3.205390E+13   2.109826E-02
     328   L2       1    1 --->   M5N1     4    1    1.594043E+03   5.550688E+11   3.653529E-04
     329   L2       1    1 --->   M5N1     6    1    1.594363E+03   5.585990E+11   3.676765E-04
     330   L2       1    1 --->   M5N2     4    3    1.612867E+03   1.363398E+12   8.974050E-04
     331   L2       1    1 --->   M5N2     6    2    1.613281E+03   2.803771E+12   1.845476E-03
     332   L2       1    1 --->   M5N3     2    1    1.613507E+03   2.579565E+11   1.697901E-04
     333   L2       1    1 --->   M5N3     4    1    1.614593E+03   4.672124E+11   3.075248E-04
     334   L2       1    1 --->   M5N3     6    1    1.614454E+03   9.027664E+11   5.942116E-04
     335   L2       1    1 --->   M5N3     8    1    1.614263E+03   1.005951E+10   6.621288E-06
     336   L2       1    1 --->   N1N1     0    1    1.656762E+03   3.343398E+10   2.200664E-05
     337   L2       1    1 --->   N1N2     0    1    1.678526E+03   1.261688E+11   8.304582E-05
     338   L2       1    1 --->   N1N2     2    1    1.678772E+03   2.209642E+11   1.454413E-04
     339   L2       1    1 --->   N1N3     2    2    1.672251E+03   3.706332E+11   2.439552E-04
     340   L2       1    1 --->   N1N3     4    1    1.679229E+03   4.735411E+09   3.116904E-06
     341   L2       1    1 --->   N2N2     0    2    1.691154E+03   3.221383E+11   2.120353E-04
     342   L2       1    1 --->   N2N3     2    1    1.695481E+03   5.459543E+11   3.593537E-04
     343   L2       1    1 --->   N2N3     4    2    1.693881E+03   9.793027E+11   6.445887E-04
     344   L2       1    1 --->   N3N3     0    1    1.695358E+03   1.835443E+11   1.208111E-04
     345   L2       1    1 --->   N3N3     4    1    1.696033E+03   1.630030E+11   1.072906E-04

     346   L3       3    1 --->   M1M1     0    1    1.058114E+03   3.984986E+12   2.622965E-03
     347   L3       3    1 --->   M1M2     0    1    1.139341E+03   1.400501E+10   9.218262E-06
     348   L3       3    1 --->   M1M2     2    2    1.123500E+03   3.686041E+13   2.426196E-02
     349   L3       3    1 --->   M1M3     2    1    1.142865E+03   1.811859E+13   1.192587E-02
     350   L3       3    1 --->   M1M3     4    1    1.147514E+03   3.986487E+13   2.623953E-02
     351   L3       3    1 --->   M1M4     2    1    1.265374E+03   1.792212E+12   1.179656E-03
     352   L3       3    1 --->   M1M4     4    1    1.265951E+03   3.382202E+12   2.226205E-03
     353   L3       3    1 --->   M1M5     4    2    1.257904E+03   9.918972E+12   6.528785E-03
     354   L3       3    1 --->   M1M5     6    1    1.266685E+03   7.428733E+12   4.889681E-03
     355   L3       3    1 --->   M1N1     0    1    1.336058E+03   7.226414E+11   4.756512E-04
     356   L3       3    1 --->   M1N1     2    1    1.338471E+03   2.411105E+09   1.587018E-06
     357   L3       3    1 --->   M1N2     0    1    1.356828E+03   1.511164E+09   9.946665E-07
     358   L3       3    1 --->   M1N2     2    2    1.356444E+03   1.109614E+12   7.303611E-04
     359   L3       3    1 --->   M1N3     2    1    1.357352E+03   2.577664E+12   1.696649E-03
     360   L3       3    1 --->   M1N3     4    1    1.357682E+03   2.572662E+12   1.693357E-03
     361   L3       3    1 --->   M2M2     0    2    1.197055E+03   1.421322E+13   9.355314E-03
     362   L3       3    1 --->   M2M3     2    1    1.212856E+03   4.748518E+13   3.125531E-02
     363   L3       3    1 --->   M2M3     4    2    1.208508E+03   1.209885E+14   7.963605E-02
     364   L3       3    1 --->   M2M4     2    3    1.325916E+03   4.111838E+13   2.706461E-02
     365   L3       3    1 --->   M2M4     4    3    1.339868E+03   3.351858E+13   2.206233E-02
     366   L3       3    1 --->   M2M5     4    4    1.335281E+03   1.721543E+13   1.133140E-02
     367   L3       3    1 --->   M2M5     6    3    1.325488E+03   2.029148E+14   1.335610E-01
     368   L3       3    1 --->   M2N1     0    1    1.408680E+03   6.718660E+09   4.422302E-06
     369   L3       3    1 --->   M2N1     2    2    1.408314E+03   3.557040E+11   2.341286E-04
     370   L3       3    1 --->   M2N2     0    2    1.425874E+03   6.139521E+11   4.041106E-04
     371   L3       3    1 --->   M2N2     2    4    1.428308E+03   3.227579E+10   2.124431E-05
     372   L3       3    1 --->   M2N3     2    3    1.428357E+03   3.281323E+12   2.159806E-03
     373   L3       3    1 --->   M2N3     4    3    1.428070E+03   9.174032E+12   6.038458E-03
     392   L3       3    1 --->   M4M4     0    2    1.454482E+03   1.456926E+13   9.589662E-03
     393   L3       3    1 --->   M4M4     4    1    1.468767E+03   5.531283E+13   3.640757E-02
     394   L3       3    1 --->   M4M5     2    1    1.464683E+03   4.888122E+12   3.217420E-03
     395   L3       3    1 --->   M4M5     4    3    1.464631E+03   3.240166E+13   2.132716E-02
     396   L3       3    1 --->   M4M5     6    1    1.469330E+03   5.972318E+13   3.931051E-02
     397   L3       3    1 --->   M4M5     8    2    1.463561E+03   4.607978E+14   3.033026E-01
     398   L3       3    1 --->   M4N1     2    1    1.540235E+03   2.435359E+11   1.602982E-04
     399   L3       3    1 --->   M4N1     4    2    1.539872E+03   8.553696E+11   5.630145E-04
     400   L3       3    1 --->   M4N2     2    3    1.558437E+03   1.940075E+12   1.276981E-03
     401   L3       3    1 --->   M4N2     4    4    1.559390E+03   1.948187E+11   1.282320E-04
     402   L3       3    1 --->   M4N3     0    1    1.559435E+03   5.408403E+11   3.559875E-04
     403   L3       3    1 --->   M4N3     2    2    1.559929E+03   2.667642E+12   1.755874E-03
     404   L3       3    1 --->   M4N3     4    2    1.560589E+03   2.947111E+12   1.939824E-03
     405   L3       3    1 --->   M4N3     6    3    1.559414E+03   1.426988E+13   9.392607E-03
     406   L3       3    1 --->   M5M5     0    1    1.464587E+03   2.187434E+12   1.439795E-03
     407   L3       3    1 --->   M5M5     4    2    1.466102E+03   4.784808E+13   3.149418E-02
     408   L3       3    1 --->   M5M5     8    1    1.470422E+03   9.902967E+13   6.518251E-02
     409   L3       3    1 --->   M5N1     4    1    1.541159E+03   6.753270E+11   4.445083E-04
     410   L3       3    1 --->   M5N1     6    1    1.541480E+03   1.005096E+12   6.615661E-04
     411   L3       3    1 --->   M5N2     4    3    1.559983E+03   2.421087E+12   1.593589E-03
     412   L3       3    1 --->   M5N2     6    2    1.560397E+03   1.147540E+11   7.553245E-05
     413   L3       3    1 --->   M5N3     2    1    1.560623E+03   4.185904E+12   2.755212E-03
     414   L3       3    1 --->   M5N3     4    1    1.561709E+03   1.329535E+12   8.751156E-04
     415   L3       3    1 --->   M5N3     6    1    1.561571E+03   7.623918E+12   5.018154E-03
     416   L3       3    1 --->   M5N3     8    1    1.561380E+03   1.497726E+11   9.858210E-05
     417   L3       3    1 --->   N1N1     0    1    1.603879E+03   3.327903E+10   2.190465E-05
     418   L3       3    1 --->   N1N2     0    1    1.625642E+03   5.802877E+08   3.819523E-07
     419   L3       3    1 --->   N1N2     2    1    1.625888E+03   8.528037E+10   5.613256E-05
     420   L3       3    1 --->   N1N3     2    2    1.619367E+03   3.222616E+11   2.121164E-04
     421   L3       3    1 --->   N1N3     4    1    1.626345E+03   3.187319E+11   2.097931E-04
     422   L3       3    1 --->   N2N2     0    2    1.638270E+03   1.891829E+11   1.245225E-04
     423   L3       3    1 --->   N2N3     2    1    1.642597E+03   2.895296E+11   1.905718E-04
     424   L3       3    1 --->   N2N3     4    2    1.640997E+03   8.154343E+11   5.367286E-04
     425   L3       3    1 --->   N3N3     0    1    1.642474E+03   1.126160E+11   7.412518E-05
     426   L3       3    1 --->   N3N3     4    1    1.643150E+03   8.454361E+11   5.564762E-04

     427   M1       1    1 --->   M2N1     0    1    2.522200E+01   3.935343E+13   2.590290E-02
     428   M1       1    1 --->   M2N1     2    2    2.485600E+01   2.793494E+14   1.838711E-01
     429   M1       1    1 --->   M2N2     0    2    4.241600E+01   1.138295E+14   7.492395E-02
     430   M1       1    1 --->   M2N2     2    4    4.485000E+01   4.125704E+14   2.715587E-01
     431   M1       1    1 --->   M2N3     2    3    4.489900E+01   1.188513E+14   7.822936E-02
     432   M1       1    1 --->   M2N3     4    3    4.461200E+01   7.533128E+14   4.958395E-01
     433   M1       1    1 --->   M3N1     2    1    3.258100E+01   5.816298E+14   3.828357E-01
     434   M1       1    1 --->   M3N1     4    1    3.323000E+01   2.134190E+14   1.404749E-01
     435   M1       1    1 --->   M3N2     2    2    5.192100E+01   1.298055E+14   8.543952E-02
     436   M1       1    1 --->   M3N2     4    2    5.182300E+01   1.168816E+15   7.693289E-01
     437   M1       1    1 --->   M3N3     0    1    5.099700E+01   1.102433E+14   7.256344E-02
     438   M1       1    1 --->   M3N3     2    1    5.380900E+01   8.184000E+13   5.386806E-02
     439   M1       1    1 --->   M3N3     4    1    5.245800E+01   1.911704E+14   1.258307E-01
     440   M1       1    1 --->   M3N3     6    1    5.360400E+01   1.225123E+15   8.063908E-01
     441   M1       1    1 --->   M4M4     0    2    7.102400E+01   4.484887E+13   2.952006E-02
     442   M1       1    1 --->   M4M4     4    1    8.530900E+01   2.766400E+13   1.820878E-02
     443   M1       1    1 --->   M4M5     2    1    8.122500E+01   1.282296E+09   8.440227E-07
     444   M1       1    1 --->   M4M5     4    3    8.117300E+01   1.372858E+14   9.036313E-02
     445   M1       1    1 --->   M4M5     6    1    8.587200E+01   8.785895E+08   5.782981E-07
     446   M1       1    1 --->   M4M5     8    2    8.010300E+01   7.362396E+13   4.846017E-02
     447   M1       1    1 --->   M4N1     2    1    1.567770E+02   6.176708E+13   4.065583E-02
     448   M1       1    1 --->   M4N1     4    2    1.564140E+02   6.573768E+14   4.326933E-01
     449   M1       1    1 --->   M4N2     2    3    1.749790E+02   9.323496E+13   6.136836E-02
     450   M1       1    1 --->   M4N2     4    4    1.759320E+02   2.407042E+13   1.584344E-02
     451   M1       1    1 --->   M4N3     0    1    1.759770E+02   2.961308E+11   1.949169E-04
     452   M1       1    1 --->   M4N3     2    2    1.764710E+02   7.583445E+12   4.991514E-03
     453   M1       1    1 --->   M4N3     4    2    1.771310E+02   1.118470E+12   7.361902E-04
     454   M1       1    1 --->   M4N3     6    3    1.759560E+02   8.937750E+12   5.882934E-03
     455   M1       1    1 --->   M5M5     0    1    8.112900E+01   7.252629E+11   4.773767E-04
     456   M1       1    1 --->   M5M5     4    2    8.264400E+01   1.639585E+14   1.079195E-01
     457   M1       1    1 --->   M5M5     8    1    8.696400E+01   6.450769E+11   4.245973E-04
     458   M1       1    1 --->   M5N1     4    1    1.577010E+02   3.769704E+14   2.481264E-01
     459   M1       1    1 --->   M5N1     6    1    1.580220E+02   1.463579E+14   9.633454E-02
     460   M1       1    1 --->   M5N2     4    3    1.765250E+02   4.856521E+12   3.196620E-03
     461   M1       1    1 --->   M5N2     6    2    1.769390E+02   4.132516E+13   2.720071E-02
     462   M1       1    1 --->   M5N3     2    1    1.771650E+02   3.957048E+13   2.604577E-02
     463   M1       1    1 --->   M5N3     4    1    1.782510E+02   1.506334E+12   9.914873E-04
     464   M1       1    1 --->   M5N3     6    1    1.781130E+02   1.050293E+12   6.913153E-04
     465   M1       1    1 --->   M5N3     8    1    1.779220E+02   5.140716E+13   3.383681E-02
     466   M1       1    1 --->   N1N1     0    1    2.204210E+02   2.185271E+13   1.438371E-02
     467   M1       1    1 --->   N1N2     0    1    2.421840E+02   4.207015E+12   2.769107E-03
     468   M1       1    1 --->   N1N2     2    1    2.424300E+02   1.218743E+13   8.021912E-03
     469   M1       1    1 --->   N1N3     2    2    2.359090E+02   3.848650E+13   2.533227E-02
     470   M1       1    1 --->   N1N3     4    1    2.428870E+02   1.838096E+13   1.209857E-02
     471   M1       1    1 --->   N2N2     0    2    2.548120E+02   3.561928E+12   2.344503E-03
     472   M1       1    1 --->   N2N3     2    1    2.591390E+02   4.026745E+09   2.650452E-06
     473   M1       1    1 --->   N2N3     4    2    2.575390E+02   3.077525E+12   2.025664E-03
     474   M1       1    1 --->   N3N3     0    1    2.590160E+02   1.155871E+11   7.608078E-05
     475   M1       1    1 --->   N3N3     4    1    2.596920E+02   1.160590E+11   7.639141E-05

     476   M2       1    1 --->   M4M4     0    2    1.860000E-01   8.567938E+13   5.639519E-02
     477   M2       1    1 --->   M4M4     4    1    1.447100E+01   2.012527E+13   1.324669E-02
     478   M2       1    1 --->   M4M5     2    1    1.038700E+01   6.718606E+12   4.422267E-03
     479   M2       1    1 --->   M4M5     4    3    1.033500E+01   3.408196E+13   2.243315E-02
     480   M2       1    1 --->   M4M5     6    1    1.503300E+01   5.202261E+13   3.424190E-02
     481   M2       1    1 --->   M4M5     8    2    9.265000E+00   1.976675E+14   1.301071E-01
     482   M2       1    1 --->   M4N1     2    1    8.593800E+01   1.657422E+14   1.090935E-01
     483   M2       1    1 --->   M4N1     4    2    8.557600E+01   5.183346E+14   3.411740E-01
     484   M2       1    1 --->   M4N2     2    3    1.041400E+02   6.049938E+14   3.982142E-01
     485   M2       1    1 --->   M4N2     4    4    1.050930E+02   2.175002E+13   1.431612E-02
     486   M2       1    1 --->   M4N3     0    1    1.051390E+02   3.132128E+13   2.061604E-02
     487   M2       1    1 --->   M4N3     2    2    1.056330E+02   1.327750E+14   8.739410E-02
     488   M2       1    1 --->   M4N3     4    2    1.062930E+02   3.255525E+14   2.142825E-01
     489   M2       1    1 --->   M4N3     6    3    1.051180E+02   1.530114E+15   1.007139E+00
     490   M2       1    1 --->   M5M5     0    1    1.029100E+01   6.116405E+11   4.025891E-04
     491   M2       1    1 --->   M5M5     4    2    1.180600E+01   2.340347E+13   1.540444E-02
     492   M2       1    1 --->   M5M5     8    1    1.612600E+01   3.729584E+13   2.454857E-02
     493   M2       1    1 --->   M5N1     4    1    8.686300E+01   1.690679E+13   1.112825E-02
     494   M2       1    1 --->   M5N1     6    1    8.718300E+01   1.359644E+13   8.949340E-03
     495   M2       1    1 --->   M5N2     4    3    1.056870E+02   6.307530E+13   4.151692E-02
     496   M2       1    1 --->   M5N2     6    2    1.061010E+02   1.536465E+13   1.011320E-02
     497   M2       1    1 --->   M5N3     2    1    1.063270E+02   1.267292E+13   8.341467E-03
     498   M2       1    1 --->   M5N3     4    1    1.074130E+02   1.775817E+13   1.168864E-02
     499   M2       1    1 --->   M5N3     6    1    1.072750E+02   5.384917E+13   3.544417E-02
     500   M2       1    1 --->   M5N3     8    1    1.070830E+02   7.962390E+12   5.240940E-03
     501   M2       1    1 --->   N1N1     0    1    1.495830E+02   1.376078E+10   9.057508E-06
     502   M2       1    1 --->   N1N2     0    1    1.713460E+02   5.786874E+12   3.808990E-03
     503   M2       1    1 --->   N1N2     2    1    1.715920E+02   1.020380E+13   6.716260E-03
     504   M2       1    1 --->   N1N3     2    2    1.650710E+02   1.776407E+13   1.169252E-02
     505   M2       1    1 --->   N1N3     4    1    1.720490E+02   1.223784E+10   8.055090E-06
     506   M2       1    1 --->   N2N2     0    2    1.839740E+02   1.089085E+13   7.168486E-03
     507   M2       1    1 --->   N2N3     2    1    1.883010E+02   1.993399E+13   1.312079E-02
     508   M2       1    1 --->   N2N3     4    2    1.867010E+02   3.456837E+13   2.275332E-02
     509   M2       1    1 --->   N3N3     0    1    1.881780E+02   7.009525E+12   4.613753E-03
     510   M2       1    1 --->   N3N3     4    1    1.888540E+02   6.140332E+12   4.041640E-03

     511   M3       3    1 --->   M4M4     4    1    6.476000E+00   1.292949E+13   8.510344E-03
     512   M3       3    1 --->   M4M5     2    1    2.391000E+00   9.917945E+12   6.528110E-03
     513   M3       3    1 --->   M4M5     4    3    2.339000E+00   2.214276E+13   1.457463E-02
     514   M3       3    1 --->   M4M5     6    1    7.038000E+00   1.630651E+13   1.073314E-02
     515   M3       3    1 --->   M4M5     8    2    1.270000E+00   3.996492E+13   2.630539E-02
     516   M3       3    1 --->   M4N1     2    1    7.794300E+01   2.125556E+13   1.399067E-02
     517   M3       3    1 --->   M4N1     4    2    7.758000E+01   1.678820E+14   1.105019E-01
     518   M3       3    1 --->   M4N2     2    3    9.614500E+01   1.568502E+14   1.032407E-01
     519   M3       3    1 --->   M4N2     4    4    9.709800E+01   4.257714E+13   2.802478E-02
     520   M3       3    1 --->   M4N3     0    1    9.714300E+01   8.557525E+12   5.632665E-03
     521   M3       3    1 --->   M4N3     2    2    9.763700E+01   9.680922E+13   6.372098E-02
     522   M3       3    1 --->   M4N3     4    2    9.829800E+01   1.980177E+14   1.303376E-01
     523   M3       3    1 --->   M4N3     6    3    9.712200E+01   1.088402E+15   7.163995E-01
     524   M3       3    1 --->   M5M5     0    1    2.295000E+00   7.601681E+12   5.003517E-03
     525   M3       3    1 --->   M5M5     4    2    3.811000E+00   2.008430E+13   1.321973E-02
     526   M3       3    1 --->   M5M5     8    1    8.130000E+00   4.256173E+13   2.801464E-02
     527   M3       3    1 --->   M5N1     4    1    7.886800E+01   3.027618E+14   1.992814E-01
     528   M3       3    1 --->   M5N1     6    1    7.918800E+01   2.571916E+14   1.692866E-01
     529   M3       3    1 --->   M5N2     4    3    9.769100E+01   9.826930E+13   6.468203E-02
     530   M3       3    1 --->   M5N2     6    2    9.810500E+01   2.379664E+14   1.566323E-01
     531   M3       3    1 --->   M5N3     2    1    9.833100E+01   3.223009E+14   2.121423E-01
     532   M3       3    1 --->   M5N3     4    1    9.941700E+01   6.422144E+13   4.227132E-02
     533   M3       3    1 --->   M5N3     6    1    9.927900E+01   5.937062E+14   3.907845E-01
     534   M3       3    1 --->   M5N3     8    1    9.908800E+01   5.627531E+13   3.704108E-02
     535   M3       3    1 --->   N1N1     0    1    1.415870E+02   5.102657E+10   3.358630E-05
     536   M3       3    1 --->   N1N2     0    1    1.633500E+02   2.272222E+10   1.495603E-05
     537   M3       3    1 --->   N1N2     2    1    1.635960E+02   4.282714E+12   2.818933E-03
     538   M3       3    1 --->   N1N3     2    2    1.570760E+02   1.737844E+13   1.143870E-02
     539   M3       3    1 --->   N1N3     4    1    1.640530E+02   1.509185E+13   9.933636E-03
     540   M3       3    1 --->   N2N2     0    2    1.759780E+02   5.779399E+12   3.804070E-03
     541   M3       3    1 --->   N2N3     2    1    1.803060E+02   1.112950E+13   7.325572E-03
     542   M3       3    1 --->   N2N3     4    2    1.787050E+02   2.924731E+13   1.925093E-02
     543   M3       3    1 --->   N3N3     0    1    1.801820E+02   4.818054E+12   3.171301E-03
     544   M3       3    1 --->   N3N3     4    1    1.808580E+02   3.329311E+13   2.191392E-02

     545   M4       3    1 --->   N1N1     0    1    1.797100E+01   2.763173E+12   1.818753E-03
     546   M4       3    1 --->   N1N2     0    1    3.973500E+01   3.434893E+11   2.260887E-04
     547   M4       3    1 --->   N1N2     2    1    3.998100E+01   1.750810E+12   1.152404E-03
     548   M4       3    1 --->   N1N3     2    2    3.346000E+01   4.519222E+13   2.974606E-02
     549   M4       3    1 --->   N1N3     4    1    4.043800E+01   9.854846E+12   6.486577E-03
     550   M4       3    1 --->   N2N2     0    2    5.236300E+01   1.433964E+13   9.438521E-03
     551   M4       3    1 --->   N2N3     2    1    5.669000E+01   9.415883E+12   6.197647E-03
     552   M4       3    1 --->   N2N3     4    2    5.509000E+01   2.115242E+13   1.392277E-02
     553   M4       3    1 --->   N3N3     0    1    5.656700E+01   1.862048E+12   1.225622E-03
     554   M4       3    1 --->   N3N3     4    1    5.724200E+01   6.054624E+12   3.985226E-03

     555   M5       5    1 --->   N1N1     0    1    1.673300E+01   4.114651E+12   2.708312E-03
     556   M5       5    1 --->   N1N2     0    1    3.849600E+01   2.182981E+12   1.436864E-03
     557   M5       5    1 --->   N1N2     2    1    3.874200E+01   6.156516E+12   4.052292E-03
     558   M5       5    1 --->   N1N3     2    2    3.222200E+01   4.303498E+13   2.832614E-02
     559   M5       5    1 --->   N1N3     4    1    3.919900E+01   5.268360E+12   3.467697E-03
     560   M5       5    1 --->   N2N2     0    2    5.112400E+01   9.755635E+12   6.421276E-03
     561   M5       5    1 --->   N2N3     2    1    5.545200E+01   5.746722E+12   3.782561E-03
     562   M5       5    1 --->   N2N3     4    2    5.385100E+01   1.583132E+13   1.042036E-02
     563   M5       5    1 --->   N3N3     0    1    5.532800E+01   3.252138E+12   2.140596E-03
     564   M5       5    1 --->   N3N3     4    1    5.600400E+01   1.524064E+13   1.003157E-02
