# Atomic number Z= 36  Date:22-03-2017

# Number Shelli   2Ji Eigi ---> Shellf   2Jf Eigf       Energy(eV) BranchingRatio TransitionYield  Intensity(eV)  Weight(%)
     1     K        1    1 --->     L1     1    1     1.239541E+04   2.505981E-06   6.492046E-01   2.016602E-02   100.0
     2     K        1    1 --->     L2     1    1     1.259392E+04   2.922937E-01   6.492046E-01   2.389802E+03   100.0
     3     K        1    1 --->     L3     3    1     1.264680E+04   5.639132E-01   6.492046E-01   4.629932E+03   100.0
     4     K        1    1 --->     M1     1    1     1.403026E+04   5.739758E-07   6.492046E-01   5.228064E-03   100.0
     5     K        1    1 --->     M2     1    1     1.410110E+04   4.427446E-02   6.492046E-01   4.053105E+02   100.0
     6     K        1    1 --->     M3     3    1     1.410909E+04   8.639029E-02   6.492046E-01   7.913081E+02   100.0
     7     K        1    1 --->     M4     3    1     1.423271E+04   1.276071E-04   6.492046E-01   1.179082E+00   100.0
     8     K        1    1 --->     M5     5    1     1.423395E+04   1.831857E-04   6.492046E-01   1.692772E+00   100.0
     9     K        1    1 --->     N1     1    1     1.429514E+04   7.260793E-08   6.492046E-01   6.738357E-04   100.0
    10     K        1    1 --->     N2     1    1     1.431245E+04   4.367293E-03   6.492046E-01   4.057962E+01   100.0
    11     K        1    1 --->     N3     3    1     1.431312E+04   8.447101E-03   6.492046E-01   7.849167E+01   100.0

    12     L1       1    1 --->     L2     1    1     1.985075E+02   2.624572E-03   3.075466E-03   1.602310E-03   100.0
    13     L1       1    1 --->     L3     3    1     2.513911E+02   1.100811E-02   3.075466E-03   8.510862E-03   100.0
    14     L1       1    1 --->     M1     1    1     1.634849E+03   1.145777E-07   3.075466E-03   5.760879E-07   100.0
    15     L1       1    1 --->     M2     1    1     1.705688E+03   3.160338E-01   3.075466E-03   1.657846E+00   100.0
    16     L1       1    1 --->     M3     3    1     1.713683E+03   5.671479E-01   3.075466E-03   2.989082E+00   100.0
    17     L1       1    1 --->     M4     3    1     1.837299E+03   2.075204E-03   3.075466E-03   1.172605E-02   100.0
    18     L1       1    1 --->     M5     5    1     1.838537E+03   3.089911E-03   3.075466E-03   1.747147E-02   100.0
    19     L1       1    1 --->     N1     1    1     1.899729E+03   2.118502E-08   3.075466E-03   1.237746E-07   100.0
    20     L1       1    1 --->     N2     1    1     1.917043E+03   3.487224E-02   3.075466E-03   2.055998E-01   100.0
    21     L1       1    1 --->     N3     3    1     1.917709E+03   6.314809E-02   3.075466E-03   3.724379E-01   100.0

    22     L2       1    1 --->     L3     3    1     5.288351E+01   3.265762E-08   2.245147E-02   3.877479E-08   100.0
    23     L2       1    1 --->     M1     1    1     1.436342E+03   3.720029E-02   2.245147E-02   1.199634E+00   100.0
    24     L2       1    1 --->     M2     1    1     1.507180E+03   1.281506E-08   2.245147E-02   4.336412E-07   100.0
    25     L2       1    1 --->     M3     3    1     1.515176E+03   1.845741E-04   2.245147E-02   6.278825E-03   100.0
    26     L2       1    1 --->     M4     3    1     1.638791E+03   9.579948E-01   2.245147E-02   3.524776E+01   100.0
    27     L2       1    1 --->     M5     5    1     1.640030E+03   1.196724E-06   2.245147E-02   4.406465E-05   100.0
    28     L2       1    1 --->     N1     1    1     1.701222E+03   4.585746E-03   2.245147E-02   1.751522E-01   100.0
    29     L2       1    1 --->     N2     1    1     1.718535E+03   2.040292E-09   2.245147E-02   7.872190E-08   100.0
    30     L2       1    1 --->     N3     3    1     1.719201E+03   3.330175E-05   2.245147E-02   1.285401E-03   100.0

    31     L3       3    1 --->     M1     1    1     1.383458E+03   4.133054E-02   2.808339E-02   1.605782E+00   100.0
    32     L3       3    1 --->     M2     1    1     1.454297E+03   9.408235E-05   2.808339E-02   3.842472E-03   100.0
    33     L3       3    1 --->     M3     3    1     1.462292E+03   9.017794E-05   2.808339E-02   3.703258E-03   100.0
    34     L3       3    1 --->     M4     3    1     1.585908E+03   9.690011E-02   2.808339E-02   4.315705E+00   100.0
    35     L3       3    1 --->     M5     5    1     1.587146E+03   8.565235E-01   2.808339E-02   3.817735E+01   100.0
    36     L3       3    1 --->     N1     1    1     1.648338E+03   5.029569E-03   2.808339E-02   2.328234E-01   100.0
    37     L3       3    1 --->     N2     1    1     1.665652E+03   1.610525E-05   2.808339E-02   7.533576E-04   100.0
    38     L3       3    1 --->     N3     3    1     1.666318E+03   1.587459E-05   2.808339E-02   7.428648E-04   100.0

    39     M1       1    1 --->     M2     1    1     7.083844E+01   1.032252E-01   4.511934E-05   3.299268E-04   100.0
    40     M1       1    1 --->     M3     3    1     7.883389E+01   2.895443E-01   4.511934E-05   1.029890E-03   100.0
    41     M1       1    1 --->     M4     3    1     2.024496E+02   1.599428E-04   4.511934E-05   1.460980E-06   100.0
    42     M1       1    1 --->     M5     5    1     2.036879E+02   2.496983E-04   4.511934E-05   2.294793E-06   100.0
    43     M1       1    1 --->     N1     1    1     2.648798E+02   9.828125E-08   4.511934E-05   1.174579E-09   100.0
    44     M1       1    1 --->     N2     1    1     2.821933E+02   2.301755E-01   4.511934E-05   2.930680E-03   100.0
    45     M1       1    1 --->     N3     3    1     2.828596E+02   3.766453E-01   4.511934E-05   4.806912E-03   100.0

    46     M2       1    1 --->     M3     3    1     7.995450E+00   9.593569E-09   1.223291E-04   9.383240E-12   100.0
    47     M2       1    1 --->     M4     3    1     1.316111E+02   8.572722E-01   1.223291E-04   1.380197E-02   100.0
    48     M2       1    1 --->     M5     5    1     1.328494E+02   5.053840E-09   1.223291E-04   8.213172E-11   100.0
    49     M2       1    1 --->     N1     1    1     1.940414E+02   1.426683E-01   1.223291E-04   3.386505E-03   100.0
    50     M2       1    1 --->     N2     1    1     2.113549E+02   6.331493E-09   1.223291E-04   1.636998E-10   100.0
    51     M2       1    1 --->     N3     3    1     2.120211E+02   5.949622E-05   1.223291E-04   1.543115E-06   100.0

    52     M3       3    1 --->     M4     3    1     1.236157E+02   8.063727E-02   1.119673E-04   1.116094E-03   100.0
    53     M3       3    1 --->     M5     5    1     1.248540E+02   7.534959E-01   1.119673E-04   1.053355E-02   100.0
    54     M3       3    1 --->     N1     1    1     1.860460E+02   1.658018E-01   1.119673E-04   3.453828E-03   100.0
    55     M3       3    1 --->     N2     1    1     2.033594E+02   3.362956E-05   1.119673E-04   7.657317E-07   100.0
    56     M3       3    1 --->     N3     3    1     2.040257E+02   3.140395E-05   1.119673E-04   7.173983E-07   100.0

    57     M4       3    1 --->     M5     5    1     1.238310E+00   1.392074E-09   1.025797E-04   1.768288E-13   100.0
    58     M4       3    1 --->     N1     1    1     6.243029E+01   9.880756E-06   1.025797E-04   6.327714E-08   100.0
    59     M4       3    1 --->     N2     1    1     7.974373E+01   8.384298E-01   1.025797E-04   6.858427E-03   100.0
    60     M4       3    1 --->     N3     3    1     8.040999E+01   1.615604E-01   1.025797E-04   1.332619E-03   100.0

    61     M5       5    1 --->     N1     1    1     6.119197E+01   9.740415E-06   9.958869E-05   5.935836E-08   100.0
    62     M5       5    1 --->     N2     1    1     7.850542E+01   1.697429E-09   9.958869E-05   1.327093E-11   100.0
    63     M5       5    1 --->     N3     3    1     7.917168E+01   9.999903E-01   9.958869E-05   7.884527E-03   100.0

