# Atomic number Z= 36  Date:22-03-2017

# Record Shelli   2Ji Eigi ---> Shellf   2Jf Eigf     Energy (eV)      Rate(1/s)    Width(eV)
       1   K        1    1 --->   L1       1    1    1.239541E+04   6.773900E+09   4.458662E-06
       2   K        1    1 --->   L2       1    1    1.259392E+04   7.900970E+14   5.200513E-01
       3   K        1    1 --->   L3       3    1    1.264680E+04   1.524310E+15   1.003319E+00
       4   K        1    1 --->   M1       1    1    1.403026E+04   1.551510E+09   1.021222E-06
       5   K        1    1 --->   M2       1    1    1.410110E+04   1.196780E+14   7.877349E-02
       6   K        1    1 --->   M3       3    1    1.410909E+04   2.335210E+14   1.537063E-01
       7   K        1    1 --->   M4       3    1    1.423271E+04   3.449340E+11   2.270397E-04
       8   K        1    1 --->   M5       5    1    1.423395E+04   4.951680E+11   3.259255E-04
       9   K        1    1 --->   N1       1    1    1.429514E+04   1.962660E+08   1.291846E-07
      10   K        1    1 --->   N2       1    1    1.431245E+04   1.180520E+13   7.770324E-03
      11   K        1    1 --->   N3       3    1    1.431312E+04   2.283330E+13   1.502915E-02

      12   L1       1    1 --->   L2       1    1    1.985075E+02   7.425000E+10   4.887224E-05
      13   L1       1    1 --->   L3       3    1    2.513911E+02   3.114230E+11   2.049823E-04
      14   L1       1    1 --->   M1       1    1    1.634849E+03   3.241440E+06   2.133555E-09
      15   L1       1    1 --->   M2       1    1    1.705688E+03   8.940700E+12   5.884875E-03
      16   L1       1    1 --->   M3       3    1    1.713683E+03   1.604480E+13   1.056088E-02
      17   L1       1    1 --->   M4       3    1    1.837299E+03   5.870820E+10   3.864244E-05
      18   L1       1    1 --->   M5       5    1    1.838537E+03   8.741460E+10   5.753733E-05
      19   L1       1    1 --->   N1       1    1    1.899729E+03   5.993310E+05   3.944868E-10
      20   L1       1    1 --->   N2       1    1    1.917043E+03   9.865470E+11   6.493570E-04
      21   L1       1    1 --->   N3       3    1    1.917709E+03   1.786480E+12   1.175882E-03

      22   L2       1    1 --->   L3       3    1    5.288351E+01   1.385120E+06   9.117025E-10
      23   L2       1    1 --->   M1       1    1    1.436342E+03   1.577790E+12   1.038520E-03
      24   L2       1    1 --->   M2       1    1    1.507180E+03   5.435300E+05   3.577579E-10
      25   L2       1    1 --->   M3       3    1    1.515176E+03   7.828410E+09   5.152753E-06
      26   L2       1    1 --->   M4       3    1    1.638791E+03   4.063180E+13   2.674434E-02
      27   L2       1    1 --->   M5       5    1    1.640030E+03   5.075710E+07   3.340893E-08
      28   L2       1    1 --->   N1       1    1    1.701222E+03   1.944970E+11   1.280202E-04
      29   L2       1    1 --->   N2       1    1    1.718535E+03   8.653570E+04   5.695883E-11
      30   L2       1    1 --->   N3       3    1    1.719201E+03   1.412440E+09   9.296849E-07

      31   L3       3    1 --->   M1       1    1    1.383458E+03   1.719950E+12   1.132092E-03
      32   L3       3    1 --->   M2       1    1    1.454297E+03   3.915190E+09   2.577025E-06
      33   L3       3    1 --->   M3       3    1    1.462292E+03   3.752710E+09   2.470079E-06
      34   L3       3    1 --->   M4       3    1    1.585908E+03   4.032450E+12   2.654207E-03
      35   L3       3    1 --->   M5       5    1    1.587146E+03   3.564380E+13   2.346117E-02
      36   L3       3    1 --->   N1       1    1    1.648338E+03   2.093030E+11   1.377657E-04
      37   L3       3    1 --->   N2       1    1    1.665652E+03   6.702120E+08   4.411415E-07
      38   L3       3    1 --->   N3       3    1    1.666318E+03   6.606130E+08   4.348234E-07

      39   M1       1    1 --->   M2       1    1    7.083844E+01   3.487420E+10   2.295461E-05
      40   M1       1    1 --->   M3       3    1    7.883389E+01   9.782130E+10   6.438715E-05
      41   M1       1    1 --->   M4       3    1    2.024496E+02   5.403600E+07   3.556714E-08
      42   M1       1    1 --->   M5       5    1    2.036879E+02   8.435950E+07   5.552643E-08
      43   M1       1    1 --->   N1       1    1    2.648798E+02   3.320390E+04   2.185520E-11
      44   M1       1    1 --->   N2       1    1    2.821933E+02   7.776380E+10   5.118506E-05
      45   M1       1    1 --->   N3       3    1    2.828596E+02   1.272480E+11   8.375615E-05

      46   M2       1    1 --->   M3       3    1    7.995450E+00   4.814230E+03   3.168784E-12
      47   M2       1    1 --->   M4       3    1    1.316111E+02   4.301950E+11   2.831595E-04
      48   M2       1    1 --->   M5       5    1    1.328494E+02   2.536110E+03   1.669298E-12
      49   M2       1    1 --->   N1       1    1    1.940414E+02   7.159360E+10   4.712376E-05
      50   M2       1    1 --->   N2       1    1    2.113549E+02   3.177260E+03   2.091310E-12
      51   M2       1    1 --->   N3       3    1    2.120211E+02   2.985630E+07   1.965177E-08

      52   M3       3    1 --->   M4       3    1    1.236157E+02   3.617000E+10   2.380753E-05
      53   M3       3    1 --->   M5       5    1    1.248540E+02   3.379820E+11   2.224638E-04
      54   M3       3    1 --->   N1       1    1    1.860460E+02   7.437070E+10   4.895168E-05
      55   M3       3    1 --->   N2       1    1    2.033594E+02   1.508460E+07   9.928864E-09
      56   M3       3    1 --->   N3       3    1    2.040257E+02   1.408630E+07   9.271771E-09

      57   M4       3    1 --->   M5       5    1    1.238310E+00   1.609920E+01   1.059669E-14
      58   M4       3    1 --->   N1       1    1    6.243029E+01   1.142700E+05   7.521388E-11
      59   M4       3    1 --->   N2       1    1    7.974373E+01   9.696360E+09   6.382260E-06
      60   M4       3    1 --->   N3       3    1    8.040999E+01   1.868430E+09   1.229823E-06

      61   M5       5    1 --->   N1       1    1    6.119197E+01   1.072810E+05   7.061364E-11
      62   M5       5    1 --->   N2       1    1    7.850542E+01   1.869550E+01   1.230560E-14
      63   M5       5    1 --->   N3       3    1    7.917168E+01   1.101390E+10   7.249480E-06

      64   N1       1    1 --->   N2       1    1    1.731345E+01   4.920190E+09   3.238528E-06
      65   N1       1    1 --->   N3       3    1    1.797971E+01   1.108720E+10   7.297727E-06

      66   N2       1    1 --->   N3       3    1    6.662600E-01   2.790420E+00   1.836688E-15
