# Atomic number Z= 36  Date:22-03-2017

# Radiative Yields
# Shelli ---> Shellf    Yield
  K      ---> L1    1.627E-06
  K      ---> L2    1.898E-01
  K      ---> L3    3.661E-01
  K      ---> M1    3.726E-07
  K      ---> M2    2.874E-02
  K      ---> M3    5.608E-02
  K      ---> M4    8.284E-05
  K      ---> M5    1.189E-04
  K      ---> N1    4.714E-08
  K      ---> N2    2.835E-03
  K      ---> N3    5.484E-03
  K      FLyield    6.492E-01

  L1     ---> L2    8.072E-06
  L1     ---> L3    3.386E-05
  L1     ---> M1    3.524E-10
  L1     ---> M2    9.720E-04
  L1     ---> M3    1.744E-03
  L1     ---> M4    6.382E-06
  L1     ---> M5    9.503E-06
  L1     ---> N1    6.515E-11
  L1     ---> N2    1.072E-04
  L1     ---> N3    1.942E-04
  L1     FLyield    3.075E-03

  L2     ---> L3    7.332E-10
  L2     ---> M1    8.352E-04
  L2     ---> M2    2.877E-10
  L2     ---> M3    4.144E-06
  L2     ---> M4    2.151E-02
  L2     ---> M5    2.687E-08
  L2     ---> N1    1.030E-04
  L2     ---> N2    4.581E-11
  L2     ---> N3    7.477E-07
  L2     FLyield    2.245E-02

  L3     ---> M1    1.161E-03
  L3     ---> M2    2.642E-06
  L3     ---> M3    2.533E-06
  L3     ---> M4    2.721E-03
  L3     ---> M5    2.405E-02
  L3     ---> N1    1.412E-04
  L3     ---> N2    4.523E-07
  L3     ---> N3    4.458E-07
  L3     FLyield    2.808E-02

  M1     ---> M2    4.657E-06
  M1     ---> M3    1.306E-05
  M1     ---> M4    7.217E-09
  M1     ---> M5    1.127E-08
  M1     ---> N1    4.434E-12
  M1     ---> N2    1.039E-05
  M1     ---> N3    1.699E-05
  M1     FLyield    4.512E-05

  M2     ---> M3    1.174E-12
  M2     ---> M4    1.049E-04
  M2     ---> M5    6.182E-13
  M2     ---> N1    1.745E-05
  M2     ---> N2    7.745E-13
  M2     ---> N3    7.278E-09
  M2     FLyield    1.223E-04

  M3     ---> M4    9.029E-06
  M3     ---> M5    8.437E-05
  M3     ---> N1    1.856E-05
  M3     ---> N2    3.765E-09
  M3     ---> N3    3.516E-09
  M3     FLyield    1.120E-04

  M4     ---> M5    1.428E-13
  M4     ---> N1    1.014E-09
  M4     ---> N2    8.601E-05
  M4     ---> N3    1.657E-05
  M4     FLyield    1.026E-04

  M5     ---> N1    9.700E-10
  M5     ---> N2    1.690E-13
  M5     ---> N3    9.959E-05
  M5     FLyield    9.959E-05


# Non Radiative Yields

# Shelli ---> Shellf    Yield
  K      ---> L1    1.237E-01
  K      ---> L2    1.503E-01
  K      ---> L3    7.048E-02
  K      ---> M1    2.328E-03
  K      ---> M2    2.987E-03
  K      ---> M3    9.197E-04
  K      ---> M4    5.553E-05
  K      ---> M5    2.148E-05
  K      ---> N1    2.087E-05
  K      ---> N2    2.013E-05
  K      ---> N3    3.866E-07
  K      NRyield    3.508E-01


  L1     ---> L2    2.442E-01
  L1     ---> L3    6.130E-01
  L1     ---> M1    8.251E-02
  L1     ---> M2    1.586E-02
  L1     ---> M3    2.867E-03
  L1     ---> M4    3.595E-02
  L1     ---> M5    2.193E-03
  L1     ---> N1    3.086E-04
  L1     ---> N2    4.851E-06
  L1     ---> N3    1.601E-07
  L1     NRyield    9.969E-01


  L2     ---> L3    6.710E-03
  L2     ---> M1    6.580E-02
  L2     ---> M2    4.663E-01
  L2     ---> M3    4.379E-02
  L2     ---> M4    3.400E-01
  L2     ---> M5    5.340E-02
  L2     ---> N1    4.002E-04
  L2     ---> N2    9.779E-04
  L2     ---> N3    1.834E-04
  L2     NRyield    9.775E-01


  L3     ---> M1    8.662E-02
  L3     ---> M2    3.313E-01
  L3     ---> M4    4.396E-01
  L3     ---> M5    1.124E-01
  L3     ---> N1    5.130E-04
  L3     ---> N2    8.734E-04
  L3     ---> N3    6.465E-04
  L3     NRyield    9.719E-01


  M1     ---> M2    2.293E-01
  M1     ---> M3    4.944E-01
  M1     ---> M4    1.520E-01
  M1     ---> M5    1.106E-01
  M1     ---> N1    1.270E-02
  M1     ---> N2    8.872E-04
  M1     ---> N3    3.094E-05
  M1     NRyield    1.000E+00


  M2     ---> M4    9.085E-01
  M2     ---> M5    6.399E-02
  M2     ---> N1    8.235E-03
  M2     ---> N2    1.594E-02
  M2     ---> N3    3.206E-03
  M2     NRyield    9.999E-01


  M3     ---> M4    4.697E-01
  M3     ---> M5    5.000E-01
  M3     ---> N1    9.193E-03
  M3     ---> N2    1.152E-02
  M3     ---> N3    9.513E-03
  M3     NRyield    9.999E-01


  M4     ---> N1    5.313E-01
  M4     ---> N2    3.983E-01
  M4     ---> N3    7.022E-02
  M4     NRyield    9.999E-01


  M5     ---> N1    5.494E-01
  M5     ---> N2    2.833E-01
  M5     ---> N3    1.672E-01
  M5     NRyield    9.999E-01


