<--- Calculations for Z= 33 i=1
<--- Date:21-03-2017


<--- The following bounds were found for i=  1
Min. shelli #  1 Max. shelli # 12
Min. 2Ji+1=  1 Max. 2Ji+1= 11
Min. Eigi=  1 Max. Eigi= 10
Min. shellf #  1 Max. shellf # 12
Min. shellf2#  0 Max. shellf2#  0
Min. 2Jf+1=  1 Max. 2Jf+1= 11
Min. Eigf=  1 Max. Eigf= 10

<--- Calculations for Z= 33 i=2
<--- Date:21-03-2017


<--- The following bounds were found for i=  2
Min. shelli #  1 Max. shelli #  9
Min. 2Ji+1=  1 Max. 2Ji+1= 11
Min. Eigi=  1 Max. Eigi= 10
Min. shellf #  2 Max. shellf # 12
Min. shellf2#  2 Max. shellf2# 12
Min. 2Jf+1=  2 Max. 2Jf+1= 14
Min. Eigf=  1 Max. Eigf= 52

 <--- The input file is empty! No calculations for picsect.in

<--- Radiative natural (life-time) width
# 1 K  Width=   1.177233E+00 eV
# 2 L1 Width=   1.003022E-02 eV
# 3 L2 Width=   1.501115E-02 eV
# 4 L3 Width=   1.436140E-02 eV
# 5 M1 Width=   8.071333E-05 eV
# 6 M2 Width=   2.439110E-04 eV
# 7 M3 Width=   2.101997E-04 eV
# 8 M4 Width=   1.391723E-06 eV
# 9 M5 Width=   7.668017E-07 eV
#10 N1 Width=   2.899740E-06 eV
#11 N2 Width=   1.641854E-15 eV
#12 N3 Width=   3.724626E-16 eV

<--- Radiationless natural (life-time) width
# 1 K  Width=   8.851634E-01 eV
# 2 L1 Width=   5.594312E+00 eV
# 3 L2 Width=   9.537568E-01 eV
# 4 L3 Width=   9.716067E-01 eV
# 5 M1 Width=   2.135990E+00 eV
# 6 M2 Width=   3.414668E+00 eV
# 7 M3 Width=   2.894855E+00 eV
# 8 M4 Width=   3.943142E-02 eV
# 9 M5 Width=   3.961916E-02 eV

<--- Fluorescence yields
# 1 K         Flyield= 5.708E-01
# 2 L1        Flyield= 1.790E-03
# 3 L2        Flyield= 1.550E-02
# 4 L3        Flyield= 1.457E-02
# 5 M1        Flyield= 3.779E-05
# 6 M2        Flyield= 7.143E-05
# 7 M3        Flyield= 7.261E-05
# 8 M4        Flyield= 3.529E-05
# 9 M5        Flyield= 1.935E-05

<--- Coster-Kronig yields
# 2 L1 # 3 L2 CKyield= 2.182E-01
# 2 L1 # 4 L3 CKyield= 6.592E-01
# 3 L2 # 4 L3 CKyield= 1.794E-02
# 5 M1 # 6 M2 CKyield= 1.241E-01
# 5 M1 # 7 M3 CKyield= 3.416E-01
# 5 M1 # 8 M4 CKyield= 3.162E-01
# 5 M1 # 9 M5 CKyield= 2.063E-01
# 6 M2 # 8 M4 CKyield= 7.421E-01
# 6 M2 # 9 M5 CKyield= 2.489E-01
# 7 M3 # 8 M4 CKyield= 5.868E-01
# 7 M3 # 9 M5 CKyield= 4.082E-01

<--- Check sum
# 1 K         FLy+NRy= 1.000E+00
# 2 L1        FLy+NRy= 1.000E+00
# 3 L2        FLy+NRy= 1.000E+00
# 4 L3        FLy+NRy= 1.000E+00
# 5 M1        FLy+NRy= 1.000E+00
# 6 M2        FLy+NRy= 1.000E+00
# 7 M3        FLy+NRy= 1.000E+00
# 8 M4        FLy+NRy= 1.000E+00
# 9 M5        FLy+NRy= 1.000E+00

<--- Check sum Branching Ratio
# 1 K  2Ji=  0 Eigi=  1    Sum(BR)= 1.000E+00 TransYield= 5.722E-01
# 1 K  2Ji=  2 Eigi=  1    Sum(BR)= 1.000E+00 TransYield= 5.733E-01
# 1 K  2Ji=  2 Eigi=  2    Sum(BR)= 1.000E+00 TransYield= 5.701E-01
# 1 K  2Ji=  2 Eigi=  3    Sum(BR)= 1.000E+00 TransYield= 5.700E-01
# 1 K  2Ji=  2 Eigi=  4    Sum(BR)= 1.000E+00 TransYield= 5.743E-01
# 1 K  2Ji=  4 Eigi=  1    Sum(BR)= 1.000E+00 TransYield= 5.696E-01
# 1 K  2Ji=  4 Eigi=  2    Sum(BR)= 1.000E+00 TransYield= 5.704E-01
# 1 K  2Ji=  4 Eigi=  3    Sum(BR)= 1.000E+00 TransYield= 5.710E-01
# 1 K  2Ji=  4 Eigi=  4    Sum(BR)= 1.000E+00 TransYield= 5.701E-01
# 1 K  2Ji=  6 Eigi=  1    Sum(BR)= 1.000E+00 TransYield= 5.702E-01
# 2 L1 2Ji=  0 Eigi=  1    Sum(BR)= 1.000E+00 TransYield= 1.768E-03
# 2 L1 2Ji=  2 Eigi=  1    Sum(BR)= 1.000E+00 TransYield= 1.868E-03
# 2 L1 2Ji=  2 Eigi=  2    Sum(BR)= 1.000E+00 TransYield= 1.757E-03
# 2 L1 2Ji=  2 Eigi=  3    Sum(BR)= 1.000E+00 TransYield= 1.702E-03
# 2 L1 2Ji=  2 Eigi=  4    Sum(BR)= 1.000E+00 TransYield= 1.865E-03
# 2 L1 2Ji=  4 Eigi=  1    Sum(BR)= 1.000E+00 TransYield= 1.724E-03
# 2 L1 2Ji=  4 Eigi=  2    Sum(BR)= 1.000E+00 TransYield= 1.778E-03
# 2 L1 2Ji=  4 Eigi=  3    Sum(BR)= 1.000E+00 TransYield= 1.855E-03
# 2 L1 2Ji=  4 Eigi=  4    Sum(BR)= 1.000E+00 TransYield= 1.766E-03
# 2 L1 2Ji=  6 Eigi=  1    Sum(BR)= 1.000E+00 TransYield= 1.806E-03
# 3 L2 2Ji=  0 Eigi=  4    Sum(BR)= 1.000E+00 TransYield= 1.467E-02
# 3 L2 2Ji=  2 Eigi=  6    Sum(BR)= 1.000E+00 TransYield= 1.576E-02
# 3 L2 2Ji=  2 Eigi=  7    Sum(BR)= 1.000E+00 TransYield= 1.552E-02
# 3 L2 2Ji=  2 Eigi=  8    Sum(BR)= 1.000E+00 TransYield= 1.572E-02
# 3 L2 2Ji=  2 Eigi=  9    Sum(BR)= 1.000E+00 TransYield= 1.556E-02
# 3 L2 2Ji=  4 Eigi=  6    Sum(BR)= 1.000E+00 TransYield= 1.565E-02
# 3 L2 2Ji=  4 Eigi=  7    Sum(BR)= 1.000E+00 TransYield= 1.556E-02
# 3 L2 2Ji=  4 Eigi=  8    Sum(BR)= 1.000E+00 TransYield= 1.483E-02
# 3 L2 2Ji=  4 Eigi=  9    Sum(BR)= 1.000E+00 TransYield= 1.549E-02
# 3 L2 2Ji=  6 Eigi=  5    Sum(BR)= 1.000E+00 TransYield= 1.571E-02
# 4 L3 2Ji=  0 Eigi=  1    Sum(BR)= 1.000E+00 TransYield= 1.449E-02
# 4 L3 2Ji=  0 Eigi=  2    Sum(BR)= 1.000E+00 TransYield= 1.381E-02
# 4 L3 2Ji=  0 Eigi=  3    Sum(BR)= 1.000E+00 TransYield= 1.387E-02
# 4 L3 2Ji=  2 Eigi=  1    Sum(BR)= 1.000E+00 TransYield= 1.454E-02
# 4 L3 2Ji=  2 Eigi=  2    Sum(BR)= 1.000E+00 TransYield= 1.469E-02
# 4 L3 2Ji=  2 Eigi=  3    Sum(BR)= 1.000E+00 TransYield= 1.412E-02
# 4 L3 2Ji=  2 Eigi=  4    Sum(BR)= 1.000E+00 TransYield= 1.461E-02
# 4 L3 2Ji=  2 Eigi=  5    Sum(BR)= 1.000E+00 TransYield= 1.480E-02
# 4 L3 2Ji=  4 Eigi=  1    Sum(BR)= 1.000E+00 TransYield= 1.462E-02
# 4 L3 2Ji=  4 Eigi=  2    Sum(BR)= 1.000E+00 TransYield= 1.458E-02
# 4 L3 2Ji=  4 Eigi=  3    Sum(BR)= 1.000E+00 TransYield= 1.406E-02
# 4 L3 2Ji=  4 Eigi=  4    Sum(BR)= 1.000E+00 TransYield= 1.509E-02
# 4 L3 2Ji=  4 Eigi=  5    Sum(BR)= 1.000E+00 TransYield= 1.402E-02
# 4 L3 2Ji=  6 Eigi=  1    Sum(BR)= 1.000E+00 TransYield= 1.471E-02
# 4 L3 2Ji=  6 Eigi=  2    Sum(BR)= 1.000E+00 TransYield= 1.465E-02
# 4 L3 2Ji=  6 Eigi=  3    Sum(BR)= 1.000E+00 TransYield= 1.472E-02
# 4 L3 2Ji=  6 Eigi=  4    Sum(BR)= 1.000E+00 TransYield= 1.461E-02
# 4 L3 2Ji=  8 Eigi=  1    Sum(BR)= 1.000E+00 TransYield= 1.471E-02
# 5 M1 2Ji=  0 Eigi=  1    Sum(BR)= 1.000E+00 TransYield= 3.581E-05
# 5 M1 2Ji=  2 Eigi=  1    Sum(BR)= 1.000E+00 TransYield= 4.839E-05
# 5 M1 2Ji=  2 Eigi=  2    Sum(BR)= 1.000E+00 TransYield= 3.356E-05
# 5 M1 2Ji=  2 Eigi=  3    Sum(BR)= 1.000E+00 TransYield= 3.247E-05
# 5 M1 2Ji=  2 Eigi=  4    Sum(BR)= 1.000E+00 TransYield= 4.342E-05
# 5 M1 2Ji=  4 Eigi=  1    Sum(BR)= 1.000E+00 TransYield= 3.168E-05
# 5 M1 2Ji=  4 Eigi=  2    Sum(BR)= 1.000E+00 TransYield= 3.538E-05
# 5 M1 2Ji=  4 Eigi=  3    Sum(BR)= 1.000E+00 TransYield= 4.387E-05
# 5 M1 2Ji=  4 Eigi=  4    Sum(BR)= 1.000E+00 TransYield= 3.576E-05
# 5 M1 2Ji=  6 Eigi=  1    Sum(BR)= 1.000E+00 TransYield= 3.794E-05
# 6 M2 2Ji=  0 Eigi=  4    Sum(BR)= 1.000E+00 TransYield= 7.468E-05
# 6 M2 2Ji=  2 Eigi=  6    Sum(BR)= 1.000E+00 TransYield= 6.718E-05
# 6 M2 2Ji=  2 Eigi=  7    Sum(BR)= 1.000E+00 TransYield= 6.886E-05
# 6 M2 2Ji=  2 Eigi=  8    Sum(BR)= 1.000E+00 TransYield= 7.366E-05
# 6 M2 2Ji=  2 Eigi=  9    Sum(BR)= 1.000E+00 TransYield= 7.019E-05
# 6 M2 2Ji=  4 Eigi=  6    Sum(BR)= 1.000E+00 TransYield= 6.465E-05
# 6 M2 2Ji=  4 Eigi=  7    Sum(BR)= 1.000E+00 TransYield= 7.110E-05
# 6 M2 2Ji=  4 Eigi=  8    Sum(BR)= 1.000E+00 TransYield= 7.350E-05
# 6 M2 2Ji=  4 Eigi=  9    Sum(BR)= 1.000E+00 TransYield= 7.152E-05
# 6 M2 2Ji=  6 Eigi=  5    Sum(BR)= 1.000E+00 TransYield= 7.725E-05
# 7 M3 2Ji=  0 Eigi=  1    Sum(BR)= 1.000E+00 TransYield= 7.274E-05
# 7 M3 2Ji=  0 Eigi=  2    Sum(BR)= 1.000E+00 TransYield= 6.061E-05
# 7 M3 2Ji=  0 Eigi=  3    Sum(BR)= 1.000E+00 TransYield= 6.412E-05
# 7 M3 2Ji=  2 Eigi=  1    Sum(BR)= 1.000E+00 TransYield= 7.264E-05
# 7 M3 2Ji=  2 Eigi=  2    Sum(BR)= 1.000E+00 TransYield= 6.852E-05
# 7 M3 2Ji=  2 Eigi=  3    Sum(BR)= 1.000E+00 TransYield= 6.485E-05
# 7 M3 2Ji=  2 Eigi=  4    Sum(BR)= 1.000E+00 TransYield= 7.125E-05
# 7 M3 2Ji=  2 Eigi=  5    Sum(BR)= 1.000E+00 TransYield= 7.002E-05
# 7 M3 2Ji=  4 Eigi=  1    Sum(BR)= 1.000E+00 TransYield= 7.320E-05
# 7 M3 2Ji=  4 Eigi=  2    Sum(BR)= 1.000E+00 TransYield= 7.054E-05
# 7 M3 2Ji=  4 Eigi=  3    Sum(BR)= 1.000E+00 TransYield= 6.770E-05
# 7 M3 2Ji=  4 Eigi=  4    Sum(BR)= 1.000E+00 TransYield= 7.573E-05
# 7 M3 2Ji=  4 Eigi=  5    Sum(BR)= 1.000E+00 TransYield= 6.611E-05
# 7 M3 2Ji=  6 Eigi=  1    Sum(BR)= 1.000E+00 TransYield= 7.474E-05
# 7 M3 2Ji=  6 Eigi=  2    Sum(BR)= 1.000E+00 TransYield= 7.309E-05
# 7 M3 2Ji=  6 Eigi=  3    Sum(BR)= 1.000E+00 TransYield= 7.826E-05
# 7 M3 2Ji=  6 Eigi=  4    Sum(BR)= 1.000E+00 TransYield= 7.750E-05
# 7 M3 2Ji=  8 Eigi=  1    Sum(BR)= 1.000E+00 TransYield= 7.903E-05
# 8 M4 2Ji=  0 Eigi=  1    Sum(BR)= 1.000E+00 TransYield= 4.137E-07
# 8 M4 2Ji=  0 Eigi=  3    Sum(BR)= 1.000E+00 TransYield= 4.906E-05
# 8 M4 2Ji=  0 Eigi=  4    Sum(BR)= 1.000E+00 TransYield= 4.004E-07
# 8 M4 2Ji=  2 Eigi=  2    Sum(BR)= 1.000E+00 TransYield= 3.247E-05
# 8 M4 2Ji=  2 Eigi=  5    Sum(BR)= 1.000E+00 TransYield= 5.227E-05
# 8 M4 2Ji=  2 Eigi=  6    Sum(BR)= 1.000E+00 TransYield= 1.048E-04
# 8 M4 2Ji=  2 Eigi=  8    Sum(BR)= 1.000E+00 TransYield= 1.303E-05
# 8 M4 2Ji=  2 Eigi=  9    Sum(BR)= 1.000E+00 TransYield= 1.208E-04
# 8 M4 2Ji=  4 Eigi=  2    Sum(BR)= 1.000E+00 TransYield= 2.796E-05
# 8 M4 2Ji=  4 Eigi=  5    Sum(BR)= 1.000E+00 TransYield= 3.376E-05
# 8 M4 2Ji=  4 Eigi=  6    Sum(BR)= 1.000E+00 TransYield= 5.550E-05
# 8 M4 2Ji=  4 Eigi=  9    Sum(BR)= 1.000E+00 TransYield= 1.319E-05
# 8 M4 2Ji=  4 Eigi= 10    Sum(BR)= 1.000E+00 TransYield= 2.937E-05
# 8 M4 2Ji=  6 Eigi=  2    Sum(BR)= 1.000E+00 TransYield= 3.138E-05
# 8 M4 2Ji=  6 Eigi=  5    Sum(BR)= 1.000E+00 TransYield= 2.099E-06
# 8 M4 2Ji=  6 Eigi=  6    Sum(BR)= 1.000E+00 TransYield= 1.062E-04
# 8 M4 2Ji=  6 Eigi=  9    Sum(BR)= 1.000E+00 TransYield= 1.136E-05
# 8 M4 2Ji=  8 Eigi=  4    Sum(BR)= 1.000E+00 TransYield= 1.343E-10
# 9 M5 2Ji=  0 Eigi=  2    Sum(BR)= 1.000E+00 TransYield= 3.030E-05
# 9 M5 2Ji=  2 Eigi=  1    Sum(BR)= 1.000E+00 TransYield= 1.278E-05
# 9 M5 2Ji=  2 Eigi=  3    Sum(BR)= 1.000E+00 TransYield= 5.569E-05
# 9 M5 2Ji=  2 Eigi=  4    Sum(BR)= 1.000E+00 TransYield= 6.979E-05
# 9 M5 2Ji=  2 Eigi=  7    Sum(BR)= 1.000E+00 TransYield= 2.000E-05
# 9 M5 2Ji=  4 Eigi=  1    Sum(BR)= 1.000E+00 TransYield= 7.252E-06
# 9 M5 2Ji=  4 Eigi=  3    Sum(BR)= 1.000E+00 TransYield= 3.546E-05
# 9 M5 2Ji=  4 Eigi=  4    Sum(BR)= 1.000E+00 TransYield= 6.512E-05
# 9 M5 2Ji=  4 Eigi=  7    Sum(BR)= 1.000E+00 TransYield= 7.589E-06
# 9 M5 2Ji=  4 Eigi=  8    Sum(BR)= 1.000E+00 TransYield= 3.751E-05
# 9 M5 2Ji=  6 Eigi=  1    Sum(BR)= 1.000E+00 TransYield= 3.056E-06
# 9 M5 2Ji=  6 Eigi=  3    Sum(BR)= 1.000E+00 TransYield= 4.331E-06
# 9 M5 2Ji=  6 Eigi=  4    Sum(BR)= 1.000E+00 TransYield= 7.078E-05
# 9 M5 2Ji=  6 Eigi=  7    Sum(BR)= 1.000E+00 TransYield= 1.868E-05
# 9 M5 2Ji=  6 Eigi=  8    Sum(BR)= 1.000E+00 TransYield= 3.004E-05
# 9 M5 2Ji=  8 Eigi=  1    Sum(BR)= 1.000E+00 TransYield= 2.713E-10
# 9 M5 2Ji=  8 Eigi=  2    Sum(BR)= 1.000E+00 TransYield= 2.645E-10
# 9 M5 2Ji=  8 Eigi=  3    Sum(BR)= 1.000E+00 TransYield= 1.178E-10
# 9 M5 2Ji=  8 Eigi=  5    Sum(BR)= 1.000E+00 TransYield= 1.802E-10
# 9 M5 2Ji= 10 Eigi=  1    Sum(BR)= 1.000E+00 TransYield= 1.616E-10

 Calculations finished!
 END
