# Atomic number Z= 33  Date:21-03-2017

# Radiative Yields
# Shelli ---> Shellf    Yield
  K      ---> K     8.003E-16
  K      ---> L1    1.863E-05
  K      ---> L2    1.690E-01
  K      ---> L3    3.283E-01
  K      ---> M1    6.821E-07
  K      ---> M2    2.370E-02
  K      ---> M3    4.684E-02
  K      ---> M4    7.250E-05
  K      ---> M5    1.055E-04
  K      ---> N1    3.985E-08
  K      ---> N2    1.107E-03
  K      ---> N3    1.646E-03
  K      FLyield    5.708E-01

  L1     ---> L1    2.580E-16
  L1     ---> L2    7.404E-06
  L1     ---> L3    2.648E-05
  L1     ---> M1    2.163E-07
  L1     ---> M2    5.919E-04
  L1     ---> M3    1.095E-03
  L1     ---> M4    3.164E-06
  L1     ---> M5    4.703E-06
  L1     ---> N1    1.923E-08
  L1     ---> N2    2.465E-05
  L1     ---> N3    3.650E-05
  L1     FLyield    1.790E-03

  L2     ---> L2    1.370E-15
  L2     ---> L3    2.951E-10
  L2     ---> M1    5.687E-04
  L2     ---> M2    1.939E-06
  L2     ---> M3    2.269E-06
  L2     ---> M4    1.279E-02
  L2     ---> M5    2.025E-03
  L2     ---> N1    1.099E-04
  L2     ---> N2    3.247E-07
  L2     ---> N3    9.817E-07
  L2     FLyield    1.550E-02

  L3     ---> L3    2.487E-15
  L3     ---> M1    5.584E-04
  L3     ---> M2    1.035E-06
  L3     ---> M3    5.640E-06
  L3     ---> M4    2.364E-03
  L3     ---> M5    1.155E-02
  L3     ---> N1    8.368E-05
  L3     ---> N2    8.801E-08
  L3     ---> N3    2.283E-07
  L3     FLyield    1.457E-02

  M1     ---> M1    6.843E-16
  M1     ---> M2    8.383E-06
  M1     ---> M3    2.162E-05
  M1     ---> M4    1.140E-08
  M1     ---> M5    1.746E-08
  M1     ---> N1    3.641E-11
  M1     ---> N2    3.147E-06
  M1     ---> N3    4.602E-06
  M1     FLyield    3.779E-05

  M2     ---> M2    3.408E-15
  M2     ---> M3    2.283E-13
  M2     ---> M4    5.351E-05
  M2     ---> M5    8.874E-06
  M2     ---> N1    9.043E-06
  M2     ---> N2    5.549E-10
  M2     ---> N3    1.347E-09
  M2     FLyield    7.143E-05

  M3     ---> M3    3.782E-15
  M3     ---> M4    1.112E-05
  M3     ---> M5    5.396E-05
  M3     ---> N1    7.522E-06
  M3     ---> N2    3.035E-10
  M3     ---> N3    4.953E-10
  M3     FLyield    7.261E-05

  M4     ---> M4    4.218E-14
  M4     ---> M5    5.441E-14
  M4     ---> N1    1.458E-10
  M4     ---> N2    1.264E-05
  M4     ---> N3    2.265E-05
  M4     FLyield    3.529E-05

  M5     ---> M4    5.447E-15
  M5     ---> M5    4.113E-14
  M5     ---> N1    1.790E-10
  M5     ---> N2    8.768E-06
  M5     ---> N3    1.059E-05
  M5     FLyield    1.935E-05


# Non Radiative Yields

# Shelli ---> Shellf    Yield
  K      ---> L1    1.476E-01
  K      ---> L2    1.977E-01
  K      ---> L3    7.752E-02
  K      ---> M1    2.401E-03
  K      ---> M2    3.235E-03
  K      ---> M3    7.093E-04
  K      ---> M4    2.705E-05
  K      ---> M5    1.569E-05
  K      ---> N1    9.597E-06
  K      ---> N2    1.268E-06
  K      ---> N3    8.732E-07
  K      NRyield    4.292E-01


  L1     ---> L2    2.182E-01
  L1     ---> L3    6.592E-01
  L1     ---> M1    7.395E-02
  L1     ---> M2    1.405E-02
  L1     ---> M3    2.264E-03
  L1     ---> M4    2.660E-02
  L1     ---> M5    3.812E-03
  L1     ---> N1    1.119E-04
  L1     ---> N2    2.178E-07
  L1     ---> N3    1.574E-07
  L1     NRyield    9.982E-01


  L2     ---> L3    1.794E-02
  L2     ---> M1    7.263E-02
  L2     ---> M2    4.182E-01
  L2     ---> M3    9.648E-02
  L2     ---> M4    3.106E-01
  L2     ---> M5    6.826E-02
  L2     ---> N1    1.694E-04
  L2     ---> N2    1.380E-04
  L2     ---> N3    3.132E-05
  L2     NRyield    9.845E-01


  L3     ---> M1    7.084E-02
  L3     ---> M2    2.595E-01
  L3     ---> M3    2.490E-01
  L3     ---> M4    3.163E-01
  L3     ---> M5    8.956E-02
  L3     ---> N1    1.509E-04
  L3     ---> N2    8.894E-05
  L3     ---> N3    6.201E-05
  L3     NRyield    9.854E-01


  M1     ---> M2    1.241E-01
  M1     ---> M3    3.416E-01
  M1     ---> M4    3.162E-01
  M1     ---> M5    2.063E-01
  M1     ---> N1    1.144E-02
  M1     ---> N2    1.501E-04
  M1     ---> N3    8.859E-05
  M1     NRyield    1.000E+00


  M2     ---> M4    7.421E-01
  M2     ---> M5    2.489E-01
  M2     ---> N1    4.848E-03
  M2     ---> N2    3.255E-03
  M2     ---> N3    8.376E-04
  M2     NRyield    9.999E-01


  M3     ---> M4    5.868E-01
  M3     ---> M5    4.082E-01
  M3     ---> N1    2.989E-03
  M3     ---> N2    1.106E-03
  M3     ---> N3    8.821E-04
  M3     NRyield    9.999E-01


  M4     ---> N1    8.825E-01
  M4     ---> N2    6.934E-02
  M4     ---> N3    4.815E-02
  M4     NRyield    1.000E+00


  M5     ---> N1    9.170E-01
  M5     ---> N2    2.926E-02
  M5     ---> N3    5.368E-02
  M5     NRyield    1.000E+00


