# Atomic number Z= 30  Date:21-03-2017

# Record Shelli   2Ji Eigi ---> Shellf   2Jf Eigf     Energy (eV)      Rate(1/s)    Width(eV)
       1   K        1    1 --->   L1L1     0    1    7.193577E+03   9.740136E+13   6.411074E-02
       2   K        1    1 --->   L1L2     0    1    7.365109E+03   1.348402E+13   8.875344E-03
       3   K        1    1 --->   L1L2     2    2    7.333553E+03   1.951640E+14   1.284592E-01
       4   K        1    1 --->   L1L3     2    1    7.376398E+03   4.269078E+13   2.809958E-02
       5   K        1    1 --->   L1L3     4    1    7.389268E+03   3.794449E+13   2.497552E-02
       6   K        1    1 --->   L1M1     0    1    8.282570E+03   2.519892E+13   1.658623E-02
       7   K        1    1 --->   L1M1     2    1    8.289633E+03   1.349255E+11   8.880959E-05
       8   K        1    1 --->   L1M2     0    1    8.337286E+03   1.879047E+12   1.236811E-03
       9   K        1    1 --->   L1M2     2    2    8.336327E+03   1.790425E+13   1.178479E-02
      10   K        1    1 --->   L1M3     2    1    8.339530E+03   1.243810E+13   8.186908E-03
      11   K        1    1 --->   L1M3     4    1    8.340566E+03   5.425540E+12   3.571155E-03
      12   K        1    1 --->   L1M4     2    1    8.424740E+03   3.882437E+11   2.555466E-04
      13   K        1    1 --->   L1M4     4    1    8.424945E+03   5.878101E+11   3.869036E-04
      14   K        1    1 --->   L1M5     4    2    8.422161E+03   1.211242E+11   7.972542E-05
      15   K        1    1 --->   L1M5     6    1    8.425195E+03   7.782491E+11   5.122529E-04
      16   K        1    1 --->   L1N1     0    1    8.441685E+03   1.535412E+12   1.010627E-03
      17   K        1    1 --->   L1N1     2    1    8.442070E+03   1.042715E+10   6.863274E-06
      18   K        1    1 --->   L2L2     0    2    7.481568E+03   3.702868E+13   2.437272E-02
      19   K        1    1 --->   L2L3     2    1    7.524573E+03   3.343462E+11   2.200707E-04
      20   K        1    1 --->   L2L3     4    2    7.513777E+03   5.029063E+14   3.310189E-01
      21   K        1    1 --->   L2M1     0    1    8.441749E+03   1.382335E+12   9.098693E-04
      22   K        1    1 --->   L2M1     2    2    8.440782E+03   1.123359E+13   7.394084E-03
      23   K        1    1 --->   L2M2     0    2    8.485146E+03   6.286723E+12   4.137996E-03
      24   K        1    1 --->   L2M2     2    3    8.494339E+03   4.019985E+09   2.646002E-06
      25   K        1    1 --->   L2M3     2    4    8.494031E+03   7.574053E+10   4.985332E-05
      26   K        1    1 --->   L2M3     4    3    8.492949E+03   6.429758E+13   4.232143E-02
      27   K        1    1 --->   L2M4     2    3    8.577044E+03   3.798588E+10   2.500276E-05
      28   K        1    1 --->   L2M4     4    3    8.580504E+03   9.115576E+11   5.999981E-04
      29   K        1    1 --->   L2M5     4    4    8.578980E+03   6.933374E+10   4.563630E-05
      30   K        1    1 --->   L2M5     6    3    8.578167E+03   4.156880E+12   2.736108E-03
      31   K        1    1 --->   L2N1     0    1    8.596426E+03   8.192273E+10   5.392252E-05
      32   K        1    1 --->   L2N1     2    2    8.596365E+03   6.066051E+11   3.992747E-04
      33   K        1    1 --->   L3L3     0    1    7.531295E+03   1.377515E+13   9.066971E-03
      34   K        1    1 --->   L3L3     4    1    7.545766E+03   8.215044E+13   5.407240E-02
      35   K        1    1 --->   L3M1     2    1    8.463417E+03   1.578428E+13   1.038940E-02
      36   K        1    1 --->   L3M1     4    1    8.465180E+03   3.578708E+12   2.355548E-03
      37   K        1    1 --->   L3M2     2    2    8.514425E+03   1.688166E+11   1.111171E-04
      38   K        1    1 --->   L3M2     4    1    8.515211E+03   3.286409E+12   2.163153E-03
      39   K        1    1 --->   L3M2     4    2    8.513806E+03   6.258207E+13   4.119226E-02
      40   K        1    1 --->   L3M3     0    1    8.510873E+03   6.049397E+12   3.981785E-03
      41   K        1    1 --->   L3M3     2    1    8.520990E+03   3.014730E+10   1.984332E-05
      42   K        1    1 --->   L3M3     6    1    8.520739E+03   1.891914E+11   1.245280E-04
      43   K        1    1 --->   L3M4     0    1    8.600942E+03   2.403469E+10   1.581992E-05
      44   K        1    1 --->   L3M4     2    1    8.601349E+03   4.738429E+10   3.118890E-05
      45   K        1    1 --->   L3M4     4    2    8.601999E+03   1.335459E+11   8.790151E-05
      46   K        1    1 --->   L3M4     6    1    8.603081E+03   7.253856E+11   4.774575E-04
      47   K        1    1 --->   L3M5     2    2    8.599653E+03   4.827296E+10   3.177384E-05
      48   K        1    1 --->   L3M5     4    1    8.604200E+03   2.170268E+11   1.428496E-04
      49   K        1    1 --->   L3M5     6    2    8.600010E+03   4.798657E+12   3.158534E-03
      50   K        1    1 --->   L3M5     8    1    8.604393E+03   1.974260E+12   1.299482E-03
      51   K        1    1 --->   L3N1     2    1    8.619687E+03   1.009515E+12   6.644747E-04
      52   K        1    1 --->   L3N1     4    1    8.619810E+03   2.098719E+11   1.381402E-04
      53   K        1    1 --->   M1M1     0    1    9.344236E+03   1.649228E+12   1.085542E-03
      54   K        1    1 --->   M1M2     0    1    9.402289E+03   1.954513E+11   1.286484E-04
      55   K        1    1 --->   M1M2     2    1    9.403446E+03   4.500393E+11   2.962213E-04
      56   K        1    1 --->   M1M3     2    2    9.388402E+03   3.012897E+12   1.983125E-03
      57   K        1    1 --->   M1M3     4    1    9.405369E+03   5.221111E+11   3.436598E-04
      58   K        1    1 --->   M1M4     2    1    9.484032E+03   4.125050E+10   2.715157E-05
      59   K        1    1 --->   M1M4     4    1    9.484185E+03   6.251062E+10   4.114524E-05
      60   K        1    1 --->   M1M5     4    2    9.478232E+03   6.578033E+09   4.329740E-06
      61   K        1    1 --->   M1M5     6    1    9.484397E+03   8.221654E+10   5.411591E-05
      62   K        1    1 --->   M1N1     0    1    9.497419E+03   2.005272E+11   1.319894E-04
      63   K        1    1 --->   M1N1     2    1    9.498773E+03   1.705335E+07   1.122472E-08
      64   K        1    1 --->   M2M2     0    2    9.440640E+03   6.902797E+11   4.543503E-04
      65   K        1    1 --->   M2M3     2    1    9.451118E+03   5.510099E+09   3.626813E-06
      66   K        1    1 --->   M2M3     4    2    9.447530E+03   6.905121E+12   4.545033E-03
      67   K        1    1 --->   M2M4     2    2    9.533044E+03   6.406907E+08   4.217102E-07
      68   K        1    1 --->   M2M4     2    3    9.525434E+03   4.072369E+09   2.680482E-06
      69   K        1    1 --->   M2M4     4    2    9.538327E+03   6.891535E+10   4.536091E-05
      70   K        1    1 --->   M2M5     4    4    9.532525E+03   3.063752E+09   2.016598E-06
      71   K        1    1 --->   M2M5     6    3    9.524337E+03   7.415719E+11   4.881115E-04
      72   K        1    1 --->   M2N1     0    1    9.548274E+03   1.161219E+10   7.643280E-06
      73   K        1    1 --->   M2N1     2    2    9.548074E+03   8.999540E+10   5.923605E-05
      74   K        1    1 --->   M3M3     0    1    9.450999E+03   5.220355E+10   3.436100E-05
      75   K        1    1 --->   M3M3     4    1    9.453593E+03   4.105645E+11   2.702384E-04
      76   K        1    1 --->   M3M4     0    1    9.535415E+03   2.259418E+09   1.487176E-06
      77   K        1    1 --->   M3M4     2    1    9.535335E+03   5.690421E+09   3.745503E-06
      78   K        1    1 --->   M3M4     4    3    9.534828E+03   8.151170E+09   5.365198E-06
      79   K        1    1 --->   M3M4     6    1    9.540310E+03   1.457204E+11   9.591494E-05
      80   K        1    1 --->   M3M5     4    1    9.540478E+03   3.956538E+10   2.604241E-05
      81   K        1    1 --->   M3M5     6    2    9.534160E+03   8.672258E+09   5.708184E-06
      82   K        1    1 --->   M3M5     8    1    9.541672E+03   1.777021E+11   1.169657E-04
      83   K        1    1 --->   M3N1     2    1    9.550962E+03   1.172010E+11   7.714310E-05
      84   K        1    1 --->   M3N1     4    1    9.551298E+03   3.073959E+10   2.023316E-05
      85   K        1    1 --->   M4M4     0    1    9.617340E+03   1.750197E+05   1.152000E-10
      86   K        1    1 --->   M4M4     4    1    9.620244E+03   1.204142E+06   7.925809E-10
      87   K        1    1 --->   M4M5     2    1    9.617393E+03   6.756015E+05   4.446890E-10
      88   K        1    1 --->   M4M5     4    3    9.617465E+03   4.023294E+07   2.648180E-08
      89   K        1    1 --->   M4M5     6    1    9.620435E+03   8.905036E+06   5.861401E-09
      90   K        1    1 --->   M4M5     8    2    9.616584E+03   3.376812E+10   2.222658E-05
      91   K        1    1 --->   M4N1     2    1    9.633538E+03   2.455566E+09   1.616283E-06
      92   K        1    1 --->   M4N1     4    2    9.633145E+03   5.186169E+08   3.413598E-07
      93   K        1    1 --->   M5M5     0    2    9.610790E+03   8.299760E+07   5.463001E-08
      94   K        1    1 --->   M5M5     4    2    9.618051E+03   3.146675E+08   2.071179E-07
      95   K        1    1 --->   M5M5     8    1    9.620729E+03   2.933247E+07   1.930698E-08
      96   K        1    1 --->   M5N1     4    1    9.633719E+03   3.550766E+09   2.337157E-06
      97   K        1    1 --->   M5N1     6    1    9.633871E+03   4.892111E+09   3.220046E-06
      98   K        1    1 --->   N1N1     0    1    9.641929E+03   6.110087E+09   4.021732E-06

      99   L1       1    1 --->   L2M2     0    2    2.493000E+01   1.735873E+14   1.142572E-01
     100   L1       1    1 --->   L2M2     2    3    3.412400E+01   1.090623E+14   7.178609E-02
     101   L1       1    1 --->   L2M3     2    4    3.381600E+01   5.617394E+13   3.697436E-02
     102   L1       1    1 --->   L2M3     4    3    3.273400E+01   2.533546E+14   1.667610E-01
     103   L1       1    1 --->   L2M4     2    3    1.168290E+02   1.574757E+14   1.036524E-01
     104   L1       1    1 --->   L2M4     4    3    1.202890E+02   5.703030E+14   3.753803E-01
     105   L1       1    1 --->   L2M5     4    4    1.187650E+02   2.307978E+14   1.519139E-01
     106   L1       1    1 --->   L2M5     6    3    1.179520E+02   1.046162E+15   6.885961E-01
     107   L1       1    1 --->   L2N1     0    1    1.362100E+02   3.557066E+12   2.341303E-03
     108   L1       1    1 --->   L2N1     2    2    1.361490E+02   5.748477E+13   3.783716E-02
     109   L1       1    1 --->   L3M1     2    1    3.202000E+00   4.110143E+14   2.705345E-01
     110   L1       1    1 --->   L3M1     4    1    4.965000E+00   6.175665E+13   4.064896E-02
     111   L1       1    1 --->   L3M2     2    2    5.421000E+01   2.713576E+14   1.786108E-01
     112   L1       1    1 --->   L3M2     4    1    5.499500E+01   1.166015E+14   7.674853E-02
     113   L1       1    1 --->   L3M2     4    2    5.359000E+01   5.709565E+14   3.758104E-01
     114   L1       1    1 --->   L3M3     0    1    5.065700E+01   2.423805E+14   1.595377E-01
     115   L1       1    1 --->   L3M3     2    1    6.077400E+01   1.357055E+14   8.932297E-02
     116   L1       1    1 --->   L3M3     6    1    6.052400E+01   9.838392E+14   6.475747E-01
     117   L1       1    1 --->   L3M4     0    1    1.407260E+02   8.411836E+13   5.536771E-02
     118   L1       1    1 --->   L3M4     2    1    1.411340E+02   1.696601E+14   1.116723E-01
     119   L1       1    1 --->   L3M4     4    2    1.417840E+02   1.939138E+14   1.276364E-01
     120   L1       1    1 --->   L3M4     6    1    1.428660E+02   4.387769E+14   2.888082E-01
     121   L1       1    1 --->   L3M5     2    2    1.394380E+02   2.102559E+14   1.383930E-01
     122   L1       1    1 --->   L3M5     4    1    1.439840E+02   1.623200E+14   1.068410E-01
     123   L1       1    1 --->   L3M5     6    2    1.397940E+02   1.090484E+15   7.177697E-01
     124   L1       1    1 --->   L3M5     8    1    1.441780E+02   1.643271E+15   1.081620E+00
     125   L1       1    1 --->   L3N1     2    1    1.594720E+02   9.998898E+13   6.581394E-02
     126   L1       1    1 --->   L3N1     4    1    1.595950E+02   1.243582E+13   8.185402E-03
     127   L1       1    1 --->   M1M1     0    1    8.840200E+02   4.788067E+13   3.151563E-02
     128   L1       1    1 --->   M1M2     0    1    9.420740E+02   1.675912E+13   1.103106E-02
     129   L1       1    1 --->   M1M2     2    1    9.432310E+02   4.946047E+13   3.255547E-02
     130   L1       1    1 --->   M1M3     2    2    9.281860E+02   1.052031E+14   6.924596E-02
     131   L1       1    1 --->   M1M3     4    1    9.451540E+02   7.815446E+13   5.144220E-02
     132   L1       1    1 --->   M1M4     2    1    1.023817E+03   1.719296E+13   1.131661E-02
     133   L1       1    1 --->   M1M4     4    1    1.023969E+03   2.795824E+13   1.840245E-02
     134   L1       1    1 --->   M1M5     4    2    1.018016E+03   1.597206E+14   1.051300E-01
     135   L1       1    1 --->   M1M5     6    1    1.024182E+03   3.694138E+13   2.431526E-02
     136   L1       1    1 --->   M1N1     0    1    1.037203E+03   4.939007E+12   3.250913E-03
     137   L1       1    1 --->   M1N1     2    1    1.038557E+03   5.602779E+10   3.687816E-05
     138   L1       1    1 --->   M2M2     0    2    9.804240E+02   2.046122E+12   1.346782E-03
     139   L1       1    1 --->   M2M3     2    1    9.909030E+02   3.482315E+09   2.292102E-06
     140   L1       1    1 --->   M2M3     4    2    9.873140E+02   3.543644E+12   2.332469E-03
     141   L1       1    1 --->   M2M4     2    2    1.072828E+03   1.509881E+11   9.938216E-05
     142   L1       1    1 --->   M2M4     2    3    1.065218E+03   4.753632E+12   3.128897E-03
     143   L1       1    1 --->   M2M4     4    2    1.078111E+03   1.929486E+11   1.270011E-04
     144   L1       1    1 --->   M2M5     4    4    1.072310E+03   3.886710E+11   2.558279E-04
     145   L1       1    1 --->   M2M5     6    3    1.064122E+03   8.109141E+13   5.337533E-02
     146   L1       1    1 --->   M2N1     0    1    1.088059E+03   8.075241E+11   5.315220E-04
     147   L1       1    1 --->   M2N1     2    2    1.087859E+03   3.439491E+12   2.263914E-03
     148   L1       1    1 --->   M3M3     0    1    9.907830E+02   3.196661E+11   2.104081E-04
     149   L1       1    1 --->   M3M3     4    1    9.933780E+02   1.755004E+11   1.155165E-04
     150   L1       1    1 --->   M3M4     0    1    1.075200E+03   2.444851E+11   1.609230E-04
     151   L1       1    1 --->   M3M4     2    1    1.075120E+03   6.285633E+11   4.137279E-04
     152   L1       1    1 --->   M3M4     4    3    1.074612E+03   7.299710E+11   4.804756E-04
     153   L1       1    1 --->   M3M4     6    1    1.080095E+03   5.385559E+11   3.544839E-04
     154   L1       1    1 --->   M3M5     4    1    1.080262E+03   1.496389E+11   9.849412E-05
     155   L1       1    1 --->   M3M5     6    2    1.073945E+03   4.945471E+11   3.255168E-04
     156   L1       1    1 --->   M3M5     8    1    1.081456E+03   7.373742E+11   4.853485E-04
     157   L1       1    1 --->   M3N1     2    1    1.090747E+03   3.895774E+12   2.564245E-03
     158   L1       1    1 --->   M3N1     4    1    1.091083E+03   3.758054E+12   2.473596E-03
     159   L1       1    1 --->   M4M4     0    1    1.157125E+03   1.021384E+10   6.722875E-06
     160   L1       1    1 --->   M4M4     4    1    1.160028E+03   3.579779E+10   2.356253E-05
     161   L1       1    1 --->   M4M5     2    1    1.157177E+03   3.047044E+08   2.005601E-07
     162   L1       1    1 --->   M4M5     4    3    1.157250E+03   7.269304E+11   4.784743E-04
     163   L1       1    1 --->   M4M5     6    1    1.160220E+03   1.048733E+09   6.902886E-07
     164   L1       1    1 --->   M4M5     8    2    1.156369E+03   1.570356E+14   1.033627E-01
     165   L1       1    1 --->   M4N1     2    1    1.173322E+03   6.784686E+11   4.465761E-04
     166   L1       1    1 --->   M4N1     4    2    1.172930E+03   7.211684E+12   4.746817E-03
     167   L1       1    1 --->   M5M5     0    2    1.150575E+03   5.046162E+12   3.321444E-03
     168   L1       1    1 --->   M5M5     4    2    1.157835E+03   4.646280E+12   3.058237E-03
     169   L1       1    1 --->   M5M5     8    1    1.160514E+03   1.476008E+11   9.715262E-05
     170   L1       1    1 --->   M5N1     4    1    1.173503E+03   1.568468E+12   1.032385E-03
     171   L1       1    1 --->   M5N1     6    1    1.173656E+03   1.450586E+12   9.547928E-04
     172   L1       1    1 --->   N1N1     0    1    1.181714E+03   1.332116E+11   8.768147E-05

     173   L2       1    1 --->   L3N1     2    1    4.977000E+00   1.375001E+12   9.050423E-04
     174   L2       1    1 --->   L3N1     4    1    5.100000E+00   9.941819E+12   6.543824E-03
     175   L2       1    1 --->   M1M1     0    1    7.295250E+02   3.231691E+12   2.127137E-03
     176   L2       1    1 --->   M1M2     0    1    7.875790E+02   1.340804E+13   8.825329E-03
     177   L2       1    1 --->   M1M2     2    1    7.887360E+02   2.099128E+13   1.381671E-02
     178   L2       1    1 --->   M1M3     2    2    7.736910E+02   4.332015E+13   2.851384E-02
     179   L2       1    1 --->   M1M3     4    1    7.906580E+02   3.848617E+10   2.533206E-05
     180   L2       1    1 --->   M1M4     2    1    8.693220E+02   3.320114E+12   2.185339E-03
     181   L2       1    1 --->   M1M4     4    1    8.694740E+02   4.138065E+12   2.723724E-03
     182   L2       1    1 --->   M1M5     4    2    8.635210E+02   7.599376E+12   5.002000E-03
     183   L2       1    1 --->   M1M5     6    1    8.696870E+02   2.154485E+12   1.418108E-03
     184   L2       1    1 --->   M1N1     0    1    8.827080E+02   3.196007E+11   2.103650E-04
     185   L2       1    1 --->   M1N1     2    1    8.840620E+02   4.934079E+08   3.247670E-07
     186   L2       1    1 --->   M2M2     0    2    8.259290E+02   5.127809E+13   3.375185E-02
     187   L2       1    1 --->   M2M3     2    1    8.364080E+02   7.231978E+13   4.760174E-02
     188   L2       1    1 --->   M2M3     4    2    8.328190E+02   1.418934E+14   9.339596E-02
     189   L2       1    1 --->   M2M4     2    2    9.183330E+02   2.172077E+13   1.429687E-02
     190   L2       1    1 --->   M2M4     2    3    9.107230E+02   5.992156E+13   3.944108E-02
     191   L2       1    1 --->   M2M4     4    2    9.236160E+02   7.333224E+12   4.826816E-03
     192   L2       1    1 --->   M2M5     4    4    9.178150E+02   6.483190E+13   4.267313E-02
     193   L2       1    1 --->   M2M5     6    3    9.096270E+02   1.538357E+14   1.012565E-01
     194   L2       1    1 --->   M2N1     0    1    9.335640E+02   8.950707E+11   5.891462E-04
     195   L2       1    1 --->   M2N1     2    2    9.333640E+02   3.928211E+12   2.585596E-03
     196   L2       1    1 --->   M3M3     0    1    8.362880E+02   1.642546E+13   1.081143E-02
     197   L2       1    1 --->   M3M3     4    1    8.388820E+02   1.371501E+13   9.027381E-03
     198   L2       1    1 --->   M3M4     0    1    9.207050E+02   3.998569E+12   2.631906E-03
     199   L2       1    1 --->   M3M4     2    1    9.206250E+02   6.505034E+12   4.281691E-03
     200   L2       1    1 --->   M3M4     4    3    9.201170E+02   7.265056E+12   4.781947E-03
     201   L2       1    1 --->   M3M4     6    1    9.255990E+02   1.251323E+12   8.236359E-04
     202   L2       1    1 --->   M3M5     4    1    9.257670E+02   5.685343E+11   3.742161E-04
     203   L2       1    1 --->   M3M5     6    2    9.194500E+02   2.254208E+13   1.483747E-02
     204   L2       1    1 --->   M3M5     8    1    9.269610E+02   1.987709E+11   1.308334E-04
     205   L2       1    1 --->   M3N1     2    1    9.362520E+02   8.497245E+10   5.592988E-05
     206   L2       1    1 --->   M3N1     4    1    9.365880E+02   1.016994E+10   6.693979E-06
     207   L2       1    1 --->   M4M4     0    1    1.002629E+03   1.587322E+12   1.044794E-03
     208   L2       1    1 --->   M4M4     4    1    1.005533E+03   2.175348E+13   1.431840E-02
     209   L2       1    1 --->   M4M5     2    1    1.002682E+03   4.698822E+12   3.092821E-03
     210   L2       1    1 --->   M4M5     4    3    1.002755E+03   1.375784E+13   9.055575E-03
     211   L2       1    1 --->   M4M5     6    1    1.005725E+03   3.341447E+13   2.199381E-02
     212   L2       1    1 --->   M4M5     8    2    1.001873E+03   2.441741E+14   1.607183E-01
     213   L2       1    1 --->   M4N1     2    1    1.018827E+03   2.495960E+11   1.642870E-04
     214   L2       1    1 --->   M4N1     4    2    1.018435E+03   5.562226E+11   3.661124E-04
     215   L2       1    1 --->   M5M5     0    2    9.960800E+02   8.147177E+12   5.362569E-03
     216   L2       1    1 --->   M5M5     4    2    1.003340E+03   3.872092E+13   2.548657E-02
     217   L2       1    1 --->   M5M5     8    1    1.006019E+03   2.294880E+13   1.510518E-02
     218   L2       1    1 --->   M5N1     4    1    1.019008E+03   2.456088E+11   1.616626E-04
     219   L2       1    1 --->   M5N1     6    1    1.019160E+03   1.529811E+11   1.006940E-04
     220   L2       1    1 --->   N1N1     0    1    1.027219E+03   8.071401E+09   5.312692E-06

     221   L3       3    1 --->   M1M1     0    1    7.061430E+02   3.154719E+12   2.076474E-03
     222   L3       3    1 --->   M1M2     0    1    7.641970E+02   7.393674E+08   4.866605E-07
     223   L3       3    1 --->   M1M2     2    1    7.653530E+02   1.092633E+13   7.191838E-03
     224   L3       3    1 --->   M1M3     2    2    7.503090E+02   3.427366E+13   2.255933E-02
     225   L3       3    1 --->   M1M3     4    1    7.672760E+02   3.380637E+13   2.225176E-02
     226   L3       3    1 --->   M1M4     2    1    8.459390E+02   1.005230E+12   6.616543E-04
     227   L3       3    1 --->   M1M4     4    1    8.460920E+02   2.468592E+12   1.624856E-03
     228   L3       3    1 --->   M1M5     4    2    8.401390E+02   9.685675E+12   6.375227E-03
     229   L3       3    1 --->   M1M5     6    1    8.463050E+02   5.999958E+12   3.949244E-03
     230   L3       3    1 --->   M1N1     0    1    8.593260E+02   3.095370E+11   2.037409E-04
     231   L3       3    1 --->   M1N1     2    1    8.606800E+02   3.050957E+08   2.008176E-07
     232   L3       3    1 --->   M2M2     0    2    8.025470E+02   2.002719E+13   1.318213E-02
     233   L3       3    1 --->   M2M3     2    1    8.130260E+02   3.826490E+13   2.518642E-02
     234   L3       3    1 --->   M2M3     4    2    8.094370E+02   1.049148E+14   6.905619E-02
     235   L3       3    1 --->   M2M4     2    2    8.949510E+02   2.293419E+13   1.509556E-02
     236   L3       3    1 --->   M2M4     2    3    8.873410E+02   3.501276E+13   2.304582E-02
     237   L3       3    1 --->   M2M4     4    2    9.002340E+02   5.215376E+12   3.432823E-03
     238   L3       3    1 --->   M2M5     4    4    8.944320E+02   1.251666E+13   8.238612E-03
     239   L3       3    1 --->   M2M5     6    3    8.862450E+02   1.369758E+14   9.015911E-02
     240   L3       3    1 --->   M2N1     0    1    9.101820E+02   9.957788E+08   6.554335E-07
     241   L3       3    1 --->   M2N1     2    2    9.099820E+02   1.709115E+11   1.124960E-04
     242   L3       3    1 --->   M3M3     0    1    8.129060E+02   2.211308E+13   1.455509E-02
     243   L3       3    1 --->   M3M3     4    1    8.155000E+02   1.224807E+14   8.061826E-02
     244   L3       3    1 --->   M3M4     0    1    8.973220E+02   6.335590E+12   4.170161E-03
     245   L3       3    1 --->   M3M4     2    1    8.972430E+02   2.223552E+13   1.463569E-02
     246   L3       3    1 --->   M3M4     4    3    8.967350E+02   3.940310E+13   2.593559E-02
     247   L3       3    1 --->   M3M4     6    1    9.022170E+02   8.710124E+12   5.733108E-03
     248   L3       3    1 --->   M3M5     4    1    9.023850E+02   9.757890E+12   6.422760E-03
     249   L3       3    1 --->   M3M5     6    2    8.960680E+02   6.252328E+13   4.115357E-02
     250   L3       3    1 --->   M3M5     8    1    9.035790E+02   5.925562E+12   3.900276E-03
     251   L3       3    1 --->   M3N1     2    1    9.128700E+02   2.555078E+12   1.681783E-03
     252   L3       3    1 --->   M3N1     4    1    9.132050E+02   2.273819E+12   1.496655E-03
     253   L3       3    1 --->   M4M4     0    1    9.792470E+02   7.281073E+11   4.792489E-04
     254   L3       3    1 --->   M4M4     4    1    9.821510E+02   2.260338E+13   1.487782E-02
     255   L3       3    1 --->   M4M5     2    1    9.793000E+02   2.585349E+12   1.701708E-03
     256   L3       3    1 --->   M4M5     4    3    9.793720E+02   9.571298E+12   6.299943E-03
     257   L3       3    1 --->   M4M5     6    1    9.823430E+02   3.227427E+13   2.124331E-02
     258   L3       3    1 --->   M4M5     8    2    9.784910E+02   2.540903E+14   1.672453E-01
     259   L3       3    1 --->   M4N1     2    1    9.954450E+02   7.893869E+10   5.195839E-05
     260   L3       3    1 --->   M4N1     4    2    9.950530E+02   5.702843E+11   3.753679E-04
     261   L3       3    1 --->   M5M5     0    2    9.726980E+02   8.146286E+12   5.361982E-03
     262   L3       3    1 --->   M5M5     4    2    9.799580E+02   4.048320E+13   2.664653E-02
     263   L3       3    1 --->   M5M5     8    1    9.826370E+02   4.840923E+13   3.186353E-02
     264   L3       3    1 --->   M5N1     4    1    9.956260E+02   2.079928E+11   1.369034E-04
     265   L3       3    1 --->   M5N1     6    1    9.957780E+02   4.611847E+11   3.035573E-04
     266   L3       3    1 --->   N1N1     0    1    1.003837E+03   7.794328E+09   5.130319E-06

     267   M1       1    1 --->   M2M4     2    2    1.637700E+01   1.621054E+13   1.066997E-02
     268   M1       1    1 --->   M2M4     2    3    8.767000E+00   2.924769E+14   1.925118E-01
     269   M1       1    1 --->   M2M4     4    2    2.166000E+01   2.746288E+14   1.807640E-01
     270   M1       1    1 --->   M2M5     4    4    1.585900E+01   2.140558E+12   1.408941E-03
     271   M1       1    1 --->   M2M5     6    3    7.671000E+00   6.061634E+14   3.989840E-01
     272   M1       1    1 --->   M2N1     0    1    3.160800E+01   4.463406E+13   2.937867E-02
     273   M1       1    1 --->   M2N1     2    2    3.140800E+01   3.337932E+14   2.197067E-01
     274   M1       1    1 --->   M3M4     0    1    1.874800E+01   6.370826E+10   4.193354E-05
     275   M1       1    1 --->   M3M4     2    1    1.866900E+01   1.432821E+12   9.430996E-04
     276   M1       1    1 --->   M3M4     4    3    1.816100E+01   1.062524E+13   6.993661E-03
     277   M1       1    1 --->   M3M4     6    1    2.364300E+01   6.316258E+14   4.157436E-01
     278   M1       1    1 --->   M3M5     4    1    2.381100E+01   1.242842E+14   8.180534E-02
     279   M1       1    1 --->   M3M5     6    2    1.749400E+01   2.733577E+13   1.799273E-02
     280   M1       1    1 --->   M3M5     8    1    2.500500E+01   1.211006E+15   7.970988E-01
     281   M1       1    1 --->   M3N1     2    1    3.429600E+01   5.604783E+14   3.689135E-01
     282   M1       1    1 --->   M3N1     4    1    3.463100E+01   1.280338E+14   8.427335E-02
     283   M1       1    1 --->   M4M4     0    1    1.006730E+02   1.142466E+10   7.519846E-06
     284   M1       1    1 --->   M4M4     4    1    1.035770E+02   4.222394E+12   2.779230E-03
     285   M1       1    1 --->   M4M5     2    1    1.007260E+02   8.773466E+08   5.774800E-07
     286   M1       1    1 --->   M4M5     4    3    1.007980E+02   5.406805E+13   3.558824E-02
     287   M1       1    1 --->   M4M5     6    1    1.037690E+02   8.720813E+07   5.740143E-08
     288   M1       1    1 --->   M4M5     8    2    9.991700E+01   3.731460E+14   2.456092E-01
     289   M1       1    1 --->   M4N1     2    1    1.168710E+02   4.662982E+13   3.069230E-02
     290   M1       1    1 --->   M4N1     4    2    1.164790E+02   6.018016E+14   3.961130E-01
     291   M1       1    1 --->   M5M5     0    2    9.412400E+01   7.301199E+12   4.805737E-03
     292   M1       1    1 --->   M5M5     4    2    1.013840E+02   2.411399E+14   1.587212E-01
     293   M1       1    1 --->   M5M5     8    1    1.040630E+02   7.083448E+11   4.662410E-04
     294   M1       1    1 --->   M5N1     4    1    1.170520E+02   1.327621E+14   8.738562E-02
     295   M1       1    1 --->   M5N1     6    1    1.172040E+02   1.019383E+14   6.709701E-02
     296   M1       1    1 --->   N1N1     0    1    1.252630E+02   9.418969E+12   6.199678E-03

     297   M2       1    1 --->   M4M4     0    1    5.085700E+01   2.757029E+12   1.814710E-03
     298   M2       1    1 --->   M4M4     4    1    5.376100E+01   3.326107E+14   2.189283E-01
     299   M2       1    1 --->   M4M5     2    1    5.091000E+01   1.600998E+13   1.053796E-02
     300   M2       1    1 --->   M4M5     4    3    5.098200E+01   3.441814E+13   2.265443E-02
     301   M2       1    1 --->   M4M5     6    1    5.395300E+01   4.264115E+14   2.806692E-01
     302   M2       1    1 --->   M4M5     8    2    5.010100E+01   2.996271E+15   1.972181E+00
     303   M2       1    1 --->   M4N1     2    1    6.705500E+01   1.357984E+14   8.938416E-02
     304   M2       1    1 --->   M4N1     4    2    6.666300E+01   3.905602E+14   2.570714E-01
     305   M2       1    1 --->   M5M5     0    2    4.430800E+01   3.665627E+13   2.412759E-02
     306   M2       1    1 --->   M5M5     4    2    5.156800E+01   3.321223E+14   2.186069E-01
     307   M2       1    1 --->   M5M5     8    1    5.424700E+01   3.745242E+14   2.465163E-01
     308   M2       1    1 --->   M5N1     4    1    6.723600E+01   3.741438E+13   2.462659E-02
     309   M2       1    1 --->   M5N1     6    1    6.738800E+01   1.698334E+12   1.117864E-03
     310   M2       1    1 --->   N1N1     0    1    7.544700E+01   1.806868E+12   1.189302E-03

     311   M3       3    1 --->   M4M4     0    1    4.783700E+01   2.327098E+12   1.531724E-03
     312   M3       3    1 --->   M4M4     4    1    5.074100E+01   2.934106E+14   1.931263E-01
     313   M3       3    1 --->   M4M5     2    1    4.789000E+01   4.982700E+12   3.279673E-03
     314   M3       3    1 --->   M4M5     4    3    4.796200E+01   7.667088E+13   5.046569E-02
     315   M3       3    1 --->   M4M5     6    1    5.093300E+01   3.722818E+14   2.450403E-01
     316   M3       3    1 --->   M4M5     8    2    4.708100E+01   2.725802E+15   1.794155E+00
     317   M3       3    1 --->   M4N1     2    1    6.403500E+01   1.543617E+13   1.016027E-02
     318   M3       3    1 --->   M4N1     4    2    6.364300E+01   2.199782E+14   1.447923E-01
     319   M3       3    1 --->   M5M5     0    2    4.128800E+01   4.121780E+13   2.713005E-02
     320   M3       3    1 --->   M5M5     4    2    4.854800E+01   1.948481E+14   1.282513E-01
     321   M3       3    1 --->   M5M5     8    1    5.122700E+01   7.453988E+14   4.906304E-01
     322   M3       3    1 --->   M5N1     4    1    6.421600E+01   1.618631E+14   1.065402E-01
     323   M3       3    1 --->   M5N1     6    1    6.436800E+01   1.914257E+14   1.259987E-01
     324   M3       3    1 --->   N1N1     0    1    7.242700E+01   2.679048E+12   1.763381E-03
