# Atomic number Z= 30  Date:21-03-2017

# Number Shelli   2Ji Eigi ---> Shellf   2Jf Eigf       Energy(eV) BranchingRatio TransitionYield  Intensity(eV)  Weight(%)
     1     K        1    1 --->     L1     1    1     8.460216E+03   8.827824E-07   4.839626E-01   3.614489E-03   100.0
     2     K        1    1 --->     L2     1    1     8.614711E+03   2.983706E-01   4.839626E-01   1.243966E+03   100.0
     3     K        1    1 --->     L3     3    1     8.638093E+03   5.815540E-01   4.839626E-01   2.431195E+03   100.0
     4     K        1    1 --->     M1     1    1     9.516667E+03   1.784576E-07   4.839626E-01   8.219240E-04   100.0
     5     K        1    1 --->     M2     1    1     9.566483E+03   4.057674E-02   4.839626E-01   1.878630E+02   100.0
     6     K        1    1 --->     M3     3    1     9.569504E+03   7.937278E-02   4.839626E-01   3.675977E+02   100.0
     7     K        1    1 --->     M4     3    1     9.651650E+03   5.098272E-05   4.839626E-01   2.381422E-01   100.0
     8     K        1    1 --->     M5     5    1     9.651980E+03   7.379702E-05   4.839626E-01   3.447205E-01   100.0
     9     K        1    1 --->     N1     1    1     9.658765E+03   1.192931E-08   4.839626E-01   5.576333E-05   100.0

    10     L1       1    1 --->     L2     1    1     1.544951E+02   5.708354E-03   9.063057E-04   7.992827E-04   100.0
    11     L1       1    1 --->     L3     3    1     1.778772E+02   1.780942E-02   9.063057E-04   2.871077E-03   100.0
    12     L1       1    1 --->     M1     1    1     1.056451E+03   9.307466E-08   9.063057E-04   8.911601E-08   100.0
    13     L1       1    1 --->     M2     1    1     1.106268E+03   3.418365E-01   9.063057E-04   3.427309E-01   100.0
    14     L1       1    1 --->     M3     3    1     1.109288E+03   6.313579E-01   9.063057E-04   6.347380E-01   100.0
    15     L1       1    1 --->     M4     3    1     1.191435E+03   1.323152E-03   9.063057E-04   1.428745E-03   100.0
    16     L1       1    1 --->     M5     5    1     1.191764E+03   1.964555E-03   9.063057E-04   2.121920E-03   100.0
    17     L1       1    1 --->     N1     1    1     1.198549E+03   8.484743E-09   9.063057E-04   9.216568E-09   100.0

    18     L2       1    1 --->     L3     3    1     2.338209E+01   9.234073E-09   1.115995E-02   2.409566E-09   100.0
    19     L2       1    1 --->     M1     1    1     9.019563E+02   5.042198E-02   1.115995E-02   5.075369E-01   100.0
    20     L2       1    1 --->     M2     1    1     9.517724E+02   1.006664E-08   1.115995E-02   1.069252E-07   100.0
    21     L2       1    1 --->     M3     3    1     9.547925E+02   1.494862E-04   1.115995E-02   1.592841E-03   100.0
    22     L2       1    1 --->     M4     3    1     1.036939E+03   9.473225E-01   1.115995E-02   1.096260E+01   100.0
    23     L2       1    1 --->     M5     5    1     1.037269E+03   5.298705E-07   1.115995E-02   6.133709E-06   100.0
    24     L2       1    1 --->     N1     1    1     1.044054E+03   2.105455E-03   1.115995E-02   2.453189E-02   100.0

    25     L3       3    1 --->     M1     1    1     8.785743E+02   5.366142E-02   1.060752E-02   5.000972E-01   100.0
    26     L3       3    1 --->     M2     1    1     9.283903E+02   7.534155E-05   1.060752E-02   7.419573E-04   100.0
    27     L3       3    1 --->     M3     3    1     9.314104E+02   7.260209E-05   1.060752E-02   7.173052E-04   100.0
    28     L3       3    1 --->     M4     3    1     1.013557E+03   9.655571E-02   1.060752E-02   1.038102E+00   100.0
    29     L3       3    1 --->     M5     5    1     1.013886E+03   8.474024E-01   1.060752E-02   9.113658E+00   100.0
    30     L3       3    1 --->     N1     1    1     1.020672E+03   2.232533E-03   1.060752E-02   2.417118E-02   100.0

    31     M1       1    1 --->     M2     1    1     4.981606E+01   2.924844E-01   1.211084E-05   1.764601E-04   100.0
    32     M1       1    1 --->     M3     3    1     5.283615E+01   7.066222E-01   1.211084E-05   4.521608E-04   100.0
    33     M1       1    1 --->     M4     3    1     1.349830E+02   3.533132E-04   1.211084E-05   5.775819E-07   100.0
    34     M1       1    1 --->     M5     5    1     1.353122E+02   5.398504E-04   1.211084E-05   8.846769E-07   100.0
    35     M1       1    1 --->     N1     1    1     1.420976E+02   1.846660E-07   1.211084E-05   3.177957E-10   100.0

    36     M2       1    1 --->     M3     3    1     3.020090E+00   1.108736E-09   4.568031E-05   1.529598E-13   100.0
    37     M2       1    1 --->     M4     3    1     8.516698E+01   9.485702E-01   4.568031E-05   3.690369E-03   100.0
    38     M2       1    1 --->     M5     5    1     8.549611E+01   2.349206E-09   4.568031E-05   9.174799E-12   100.0
    39     M2       1    1 --->     N1     1    1     9.228154E+01   5.142978E-02   4.568031E-05   2.167996E-04   100.0

    40     M3       3    1 --->     M4     3    1     8.214689E+01   9.285117E-02   4.314826E-05   3.291106E-04   100.0
    41     M3       3    1 --->     M5     5    1     8.247602E+01   8.505034E-01   4.314826E-05   3.026684E-03   100.0
    42     M3       3    1 --->     N1     1    1     8.926145E+01   5.664544E-02   4.314826E-05   2.181686E-04   100.0

