# Atomic number Z= 30  Date:21-03-2017

# Record Shelli   2Ji Eigi ---> Shellf   2Jf Eigf     Energy (eV)      Rate(1/s)    Width(eV)
       1   K        1    1 --->   L1       1    1    8.460216E+03   1.072210E+09   7.057414E-07
       2   K        1    1 --->   L2       1    1    8.614711E+03   3.623950E+14   2.385327E-01
       3   K        1    1 --->   L3       3    1    8.638093E+03   7.063440E+14   4.649241E-01
       4   K        1    1 --->   M1       1    1    9.516667E+03   2.167510E+08   1.426681E-07
       5   K        1    1 --->   M2       1    1    9.566483E+03   4.928370E+13   3.243912E-02
       6   K        1    1 --->   M3       3    1    9.569504E+03   9.640460E+13   6.345466E-02
       7   K        1    1 --->   M4       3    1    9.651650E+03   6.192260E+10   4.075819E-05
       8   K        1    1 --->   M5       5    1    9.651980E+03   8.963240E+10   5.899712E-05
       9   K        1    1 --->   N1       1    1    9.658765E+03   1.448910E+07   9.536899E-09

      10   L1       1    1 --->   L2       1    1    1.544951E+02   5.379040E+10   3.540548E-05
      11   L1       1    1 --->   L3       3    1    1.778772E+02   1.678200E+11   1.104611E-04
      12   L1       1    1 --->   M1       1    1    1.056451E+03   8.770520E+05   5.772861E-10
      13   L1       1    1 --->   M2       1    1    1.106268E+03   3.221160E+12   2.120206E-03
      14   L1       1    1 --->   M3       3    1    1.109288E+03   5.949350E+12   3.915933E-03
      15   L1       1    1 --->   M4       3    1    1.191435E+03   1.246820E+10   8.206718E-06
      16   L1       1    1 --->   M5       5    1    1.191764E+03   1.851220E+10   1.218495E-05
      17   L1       1    1 --->   N1       1    1    1.198549E+03   7.995260E+04   5.262576E-11

      18   L2       1    1 --->   L3       3    1    2.338209E+01   1.199280E+05   7.893804E-11
      19   L2       1    1 --->   M1       1    1    9.019563E+02   6.548580E+11   4.310354E-04
      20   L2       1    1 --->   M2       1    1    9.517724E+02   1.307410E+05   8.605529E-11
      21   L2       1    1 --->   M3       3    1    9.547925E+02   1.941460E+09   1.277892E-06
      22   L2       1    1 --->   M4       3    1    1.036939E+03   1.230340E+13   8.098245E-03
      23   L2       1    1 --->   M5       5    1    1.037269E+03   6.881720E+06   4.529630E-09
      24   L2       1    1 --->   N1       1    1    1.044054E+03   2.734470E+10   1.799861E-05

      25   L3       3    1 --->   M1       1    1    8.785743E+02   6.916440E+11   4.552483E-04
      26   L3       3    1 --->   M2       1    1    9.283903E+02   9.710800E+08   6.391764E-07
      27   L3       3    1 --->   M3       3    1    9.314104E+02   9.357710E+08   6.159356E-07
      28   L3       3    1 --->   M4       3    1    1.013557E+03   1.244510E+12   8.191513E-04
      29   L3       3    1 --->   M5       5    1    1.013886E+03   1.092220E+13   7.189122E-03
      30   L3       3    1 --->   N1       1    1    1.020672E+03   2.877520E+10   1.894018E-05

      31   M1       1    1 --->   M2       1    1    4.981606E+01   2.068010E+10   1.361189E-05
      32   M1       1    1 --->   M3       3    1    5.283615E+01   4.996170E+10   3.288539E-05
      33   M1       1    1 --->   M4       3    1    1.349830E+02   2.498100E+07   1.644279E-08
      34   M1       1    1 --->   M5       5    1    1.353122E+02   3.817010E+07   2.512402E-08
      35   M1       1    1 --->   N1       1    1    1.420976E+02   1.305680E+04   8.594142E-12

      36   M2       1    1 --->   M3       3    1    3.020090E+00   2.592790E+02   1.706605E-13
      37   M2       1    1 --->   M4       3    1    8.516698E+01   2.218240E+11   1.460072E-04
      38   M2       1    1 --->   M5       5    1    8.549611E+01   5.493640E+02   3.615979E-13
      39   M2       1    1 --->   N1       1    1    9.228154E+01   1.202690E+10   7.916249E-06

      40   M3       3    1 --->   M4       3    1    8.214689E+01   2.022630E+10   1.331319E-05
      41   M3       3    1 --->   M5       5    1    8.247602E+01   1.852700E+11   1.219469E-04
      42   M3       3    1 --->   N1       1    1    8.926145E+01   1.233940E+10   8.121940E-06

      43   M4       3    1 --->   M5       5    1    3.291300E-01   3.025050E-01   1.991124E-16
      44   M4       3    1 --->   N1       1    1    7.114560E+00   2.889660E+01   1.902009E-14

      45   M5       5    1 --->   N1       1    1    6.785430E+00   2.375750E+01   1.563747E-14
