# Atomic number Z= 30  Date:21-03-2017

# Radiative Yields
# Shelli ---> Shellf    Yield
  K      ---> L1    4.272E-07
  K      ---> L2    1.444E-01
  K      ---> L3    2.815E-01
  K      ---> M1    8.637E-08
  K      ---> M2    1.964E-02
  K      ---> M3    3.841E-02
  K      ---> M4    2.467E-05
  K      ---> M5    3.572E-05
  K      ---> N1    5.773E-09
  K      FLyield    4.840E-01

  L1     ---> L2    5.174E-06
  L1     ---> L3    1.614E-05
  L1     ---> M1    8.435E-11
  L1     ---> M2    3.098E-04
  L1     ---> M3    5.722E-04
  L1     ---> M4    1.199E-06
  L1     ---> M5    1.780E-06
  L1     ---> N1    7.690E-12
  L1     FLyield    9.063E-04

  L2     ---> L3    1.031E-10
  L2     ---> M1    5.627E-04
  L2     ---> M2    1.123E-10
  L2     ---> M3    1.668E-06
  L2     ---> M4    1.057E-02
  L2     ---> M5    5.913E-09
  L2     ---> N1    2.350E-05
  L2     FLyield    1.116E-02

  L3     ---> M1    5.692E-04
  L3     ---> M2    7.992E-07
  L3     ---> M3    7.701E-07
  L3     ---> M4    1.024E-03
  L3     ---> M5    8.989E-03
  L3     ---> N1    2.368E-05
  L3     FLyield    1.061E-02

  M1     ---> M2    3.542E-06
  M1     ---> M3    8.558E-06
  M1     ---> M4    4.279E-09
  M1     ---> M5    6.538E-09
  M1     ---> N1    2.236E-12
  M1     FLyield    1.211E-05

  M2     ---> M3    5.065E-14
  M2     ---> M4    4.333E-05
  M2     ---> M5    1.073E-13
  M2     ---> N1    2.349E-06
  M2     FLyield    4.568E-05

  M3     ---> M4    4.006E-06
  M3     ---> M5    3.670E-05
  M3     ---> N1    2.444E-06
  M3     FLyield    4.315E-05


# Non Radiative Yields

# Shelli ---> Shellf    Yield
  K      ---> L1    1.805E-01
  K      ---> L2    2.508E-01
  K      ---> L3    7.841E-02
  K      ---> M1    2.480E-03
  K      ---> M2    3.395E-03
  K      ---> M3    3.979E-04
  K      ---> M4    1.466E-05
  K      ---> M5    3.534E-06
  K      ---> N1    2.435E-06
  K      NRyield    5.160E-01


  L1     ---> L2    2.556E-01
  L1     ---> L3    6.635E-01
  L1     ---> M1    5.235E-02
  L1     ---> M2    9.273E-03
  L1     ---> M3    1.123E-03
  L1     ---> M4    1.594E-02
  L1     ---> M5    1.237E-03
  L1     ---> N1    1.281E-05
  L1     NRyield    9.991E-01


  L2     ---> L3    9.724E-03
  L2     ---> M1    8.466E-02
  L2     ---> M2    4.966E-01
  L2     ---> M3    6.235E-02
  L2     ---> M4    2.751E-01
  L2     ---> M5    6.033E-02
  L2     ---> N1    6.936E-06
  L2     NRyield    9.888E-01


  L3     ---> M1    8.364E-02
  L3     ---> M2    3.095E-01
  L3     ---> M3    2.504E-01
  L3     ---> M4    2.654E-01
  L3     ---> M5    8.041E-02
  L3     ---> N1    6.415E-06
  L3     NRyield    9.894E-01


  M1     ---> M2    2.689E-01
  M1     ---> M3    4.616E-01
  M1     ---> M4    1.850E-01
  M1     ---> M5    8.288E-02
  M1     ---> N1    1.613E-03
  M1     NRyield    1.000E+00


  M2     ---> M4    8.468E-01
  M2     ---> M5    1.528E-01
  M2     ---> N1    3.530E-04
  M2     NRyield    1.000E+00


  M3     ---> M4    7.350E-01
  M3     ---> M5    2.644E-01
  M3     ---> N1    5.307E-04
  M3     NRyield    1.000E+00


