<--- Calculations for Z= 40 i=1
<--- Date:26-11-2019


<--- The following bounds were found for i=  1
Min. shelli #    1 Max. shelli #   17
Min. 2Ji+1=    2 Max. 2Ji+1=   14
Min. Eigi=    1 Max. Eigi=   16
Min. shellf #    1 Max. shellf #   17
Min. shellf2#    0 Max. shellf2#    0
Min. 2Jf+1=    2 Max. 2Jf+1=   14
Min. Eigf=    1 Max. Eigf=   16

<--- Calculations for Z= 40 i=2
<--- Date:26-11-2019


<--- The following bounds were found for i=  2
Min. shelli #    1 Max. shelli #    1
Min. 2Ji+1=    2 Max. 2Ji+1=   10
Min. Eigi=    1 Max. Eigi=    4
Min. shellf #    2 Max. shellf #   17
Min. shellf2#    2 Max. shellf2#   17
Min. 2Jf+1=    1 Max. 2Jf+1=   17
Min. Eigf=    1 Max. Eigf=   81

 <--- The input file is empty! No calculations for picsect.in

<--- Calculations for Z= 40 i=4
<--- Date:26-11-2019


<--- The following bounds were found for i=  4
Min. shelli #  101 Max. shelli #  117
Min. 2Ji+1=    1 Max. 2Ji+1=   15
Min. Eigi=    1 Max. Eigi=   30
Min. shellf #  101 Max. shellf # 1717
Min. shellf2#    0 Max. shellf2#    0
Min. 2Jf+1=    1 Max. 2Jf+1=   17
Min. Eigf=    1 Max. Eigf=   81

<--- Radiative natural (life-time) width
# 1 K  Width=   2.814540E+00 eV
# 2 L1 Width=   3.409041E-02 eV
# 3 L2 Width=   5.249466E-02 eV
# 4 L3 Width=   5.106980E-02 eV
# 5 M1 Width=   5.219799E-04 eV
# 6 M2 Width=   5.335640E-04 eV
# 7 M3 Width=   4.730836E-04 eV
# 8 M4 Width=   2.787901E-05 eV
# 9 M5 Width=   2.611279E-05 eV
#10 N1 Width=   2.291915E-05 eV
#11 N2 Width=   2.216731E-05 eV
#12 N3 Width=   8.727933E-06 eV
#13 N4 Width=   1.142108E-16 eV
#17 O1 Width=   5.338340E-16 eV

<--- Radiationless natural (life-time) width
# 1 K  Width=   1.032460E+00 eV
