# Atomic number Z= 40  Date:26-11-2019

# Radiative Yields
# Shelli ---> Shellf    Yield
  K      ---> K     1.077E-16
  K      ---> L1    3.572E-06
  K      ---> L2    2.115E-01
  K      ---> L3    4.050E-01
  K      ---> M1    8.574E-07
  K      ---> M2    3.410E-02
  K      ---> M3    6.644E-02
  K      ---> M4    1.418E-04
  K      ---> M5    2.037E-04
  K      ---> N1    1.409E-07
  K      ---> N2    4.023E-03
  K      ---> N3    1.018E-02
  K      ---> N4    6.285E-06
  K      ---> O1    1.759E-08
  K      FLyield    7.316E-01


# Non Radiative Yields

# Shelli ---> Shellf    Yield
  K      ---> L1    9.612E-02
  K      ---> L2    1.074E-01
  K      ---> L3    5.897E-02
  K      ---> M1    2.134E-03
  K      ---> M2    2.550E-03
  K      ---> M3    1.052E-03
  K      ---> M4    5.837E-05
  K      ---> M5    4.038E-05
  K      ---> N1    3.648E-05
  K      ---> N2    2.847E-05
  K      ---> N3    1.147E-05
  K      ---> N4    2.162E-08
  K      ---> O1    1.188E-07
  K      NRyield    2.684E-01


