# Atomic number Z= 83 ENDL/EADL type formats
# Perkins and Cullen, UCRL-ID-117796 (2002 rev.1)

 83000  0  0  2.08980+ 2 180404  2  0.00000+ 0  1.00000+50  0.00000+ 0 
91921  0   .00000+ 0   .00000+ 0   .00000+ 0   .00000+ 0   .00000+ 0 
 1.00000+ 0 6.09233- 5 
 3.00000+ 0 1.46580- 6 
 5.00000+ 0 2.59729- 6 
 6.00000+ 0 2.21746- 6 
 8.00000+ 0 6.00583- 8 
 1.00000+ 1 6.58382- 8 
 1.10000+ 1 7.10354- 8 
 1.30000+ 1 9.41341- 8 
 1.40000+ 1 8.44173- 8 

 83000  0  0  2.08980+ 2 180404  2  0.00000+ 0  1.00000+50  0.00000+ 0 
91922  0   .00000+ 0   .00000+ 0   .00000+ 0   .00000+ 0   .00000+ 0 
 1.00000+ 0 2.00311- 6 
 3.00000+ 0 1.19714- 5 
 5.00000+ 0 3.69256- 6 
 6.00000+ 0 4.05958- 6 
 8.00000+ 0 1.72936- 5 
 1.00000+ 1 1.25343- 5 
 1.10000+ 1 9.52095- 6 
 1.30000+ 1 2.74882- 6 
 1.40000+ 1 2.79535- 6 

 83000  0  7  2.08980+ 2 180404  2  0.00000+ 0  1.00000+50  0.00000+ 0 
92931 91   .00000+ 0  1.00000+ 0   .00000+ 0   .00000+ 0   .00000+ 0 
 1.00000+ 0 4.54102-16 2.20650- 6 
 3.00000+ 0 5.12480- 4 7.41320- 2 
 5.00000+ 0 2.81714- 1 7.48147- 2 
 6.00000+ 0 4.73223- 1 7.71080- 2 
 8.00000+ 0 1.64609- 4 8.65189- 2 
 1.00000+ 1 5.43270- 2 8.68245- 2 
 1.10000+ 1 1.05311- 1 8.73432- 2 
 1.30000+ 1 1.51153- 3 8.78373- 2 
 1.40000+ 1 1.84012- 3 8.79456- 2 
 1.60000+ 1 4.67746- 5 8.95803- 2 
 1.80000+ 1 1.34417- 2 8.97135- 2 
 1.90000+ 1 2.66463- 2 8.98422- 2 
 2.10000+ 1 4.26012- 4 9.00585- 2 
 2.20000+ 1 5.14450- 4 9.00825- 2 
 2.40000+ 1 6.89678- 7 9.03653- 2 
 2.50000+ 1 7.66036- 7 9.03706- 2 
 2.70000+ 1 1.03444- 5 9.03583- 2 
 2.90000+ 1 2.67220- 3 9.04062- 2 
 3.00000+ 1 5.23229- 3 9.04307- 2 
 3.20000+ 1 6.88717- 5 9.05001- 2 
 3.30000+ 1 6.75498- 5 9.05035- 2 
 4.10000+ 1 1.56766- 6 9.05164- 2 
 4.30000+ 1 4.06709- 4 9.05266- 2 
 4.40000+ 1 2.76478- 5 9.05299- 2 

 83000  0  7  2.08980+ 2 180404  2  0.00000+ 0  1.00000+50  0.00000+ 0 
92931 91   .00000+ 0  3.00000+ 0   .00000+ 0   .00000+ 0   .00000+ 0 
 3.00000+ 0 1.93947-15 2.24919- 6 
 5.00000+ 0 1.78045- 5 6.82665- 4 
 6.00000+ 0 3.57684- 3 2.97602- 3 
 8.00000+ 0 1.04163- 6 1.23869- 2 
 1.00000+ 1 3.64675- 2 1.26925- 2 
 1.10000+ 1 3.95474- 2 1.32112- 2 
 1.30000+ 1 1.38343- 3 1.37053- 2 
 1.40000+ 1 2.07805- 3 1.38136- 2 
 1.60000+ 1 4.56972- 7 1.54483- 2 
 1.80000+ 1 9.54020- 3 1.55815- 2 
 1.90000+ 1 1.14483- 2 1.57102- 2 
 2.10000+ 1 2.25065- 4 1.59265- 2 
 2.20000+ 1 3.55208- 4 1.59505- 2 
 2.40000+ 1 3.14873- 6 1.62333- 2 
 2.50000+ 1 3.92389- 6 1.62386- 2 
 2.70000+ 1 1.07172- 7 1.62263- 2 
 2.90000+ 1 1.86895- 3 1.62742- 2 
 3.00000+ 1 2.26330- 3 1.62987- 2 
 3.20000+ 1 3.47306- 5 1.63681- 2 
 3.30000+ 1 4.19223- 5 1.63715- 2 
 4.10000+ 1 1.64246- 8 1.63844- 2 
 4.30000+ 1 2.15556- 4 1.63946- 2 
 4.40000+ 1 1.22456- 5 1.63979- 2 

 83000  0  7  2.08980+ 2 180404  2  0.00000+ 0  1.00000+50  0.00000+ 0 
92931 91   .00000+ 0  5.00000+ 0   .00000+ 0   .00000+ 0   .00000+ 0 
 5.00000+ 0 4.11728-15 2.80739- 6 
 6.00000+ 0 1.12483- 5 2.29338- 3 
 8.00000+ 0 9.12242- 3 1.17042- 2 
 1.00000+ 1 5.93923- 7 1.20098- 2 
 1.10000+ 1 3.76190- 4 1.25286- 2 
 1.30000+ 1 3.21543- 1 1.30226- 2 
 1.40000+ 1 2.31314- 5 1.31310- 2 
 1.60000+ 1 2.36302- 3 1.47656- 2 
 1.80000+ 1 2.23466- 7 1.48988- 2 
 1.90000+ 1 1.08191- 4 1.50276- 2 
 2.10000+ 1 6.88115- 2 1.52438- 2 
 2.20000+ 1 7.44159- 6 1.52679- 2 
 2.40000+ 1 3.12953- 4 1.55507- 2 
 2.50000+ 1 2.92603- 7 1.55560- 2 
 2.70000+ 1 5.01652- 4 1.55437- 2 
 2.90000+ 1 9.15548- 8 1.55915- 2 
 3.00000+ 1 2.19889- 5 1.56161- 2 
 3.20000+ 1 8.68575- 3 1.56854- 2 
 3.30000+ 1 9.67293- 4 1.56888- 2 
 4.10000+ 1 7.47287- 5 1.57017- 2 
 4.30000+ 1 1.02710- 6 1.57119- 2 
 4.40000+ 1 1.12940- 7 1.57152- 2 

 83000  0  7  2.08980+ 2 180404  2  0.00000+ 0  1.00000+50  0.00000+ 0 
92931 91   .00000+ 0  6.00000+ 0   .00000+ 0   .00000+ 0   .00000+ 0 
 6.00000+ 0 5.05596-15 2.45167- 6 
 8.00000+ 0 1.41897- 2 9.41086- 3 
 1.00000+ 1 1.68245- 4 9.71644- 3 
 1.10000+ 1 1.51858- 4 1.02352- 2 
 1.30000+ 1 2.76180- 2 1.07292- 2 
 1.40000+ 1 2.44377- 1 1.08376- 2 
 1.60000+ 1 3.51751- 3 1.24723- 2 
 1.80000+ 1 3.62737- 5 1.26054- 2 
 1.90000+ 1 3.68281- 5 1.27342- 2 
 2.10000+ 1 5.44071- 3 1.29504- 2 
 2.20000+ 1 4.90552- 2 1.29745- 2 
 2.40000+ 1 4.76263- 5 1.32573- 2 
 2.50000+ 1 2.65819- 4 1.32626- 2 
 2.70000+ 1 7.86588- 4 1.32503- 2 
 2.90000+ 1 6.70487- 6 1.32982- 2 
 3.00000+ 1 6.53989- 6 1.33227- 2 
 3.20000+ 1 1.79184- 3 1.33920- 2 
 3.30000+ 1 5.64963- 3 1.33954- 2 
 4.10000+ 1 1.18085- 4 1.34084- 2 
 4.30000+ 1 8.39572- 7 1.34186- 2 
 4.40000+ 1 4.19838- 8 1.34219- 2 

 83000  0  7  2.08980+ 2 180404  2  0.00000+ 0  1.00000+50  0.00000+ 0 
92931 91   .00000+ 0  8.00000+ 0   .00000+ 0   .00000+ 0   .00000+ 0 
 8.00000+ 0 1.49992-15 2.25310- 6 
 1.00000+ 1 1.03584- 5 3.05603- 4 
 1.10000+ 1 4.51722- 4 8.24357- 4 
 1.30000+ 1 2.05007- 7 1.31840- 3 
 1.40000+ 1 4.79052- 7 1.42672- 3 
 1.60000+ 1 8.65121- 7 3.06141- 3 
 1.80000+ 1 1.34705- 3 3.19460- 3 
 1.90000+ 1 1.03765- 3 3.32334- 3 
 2.10000+ 1 1.54051- 5 3.53959- 3 
 2.20000+ 1 2.11428- 5 3.56364- 3 
 2.40000+ 1 1.28728- 7 3.84644- 3 
 2.50000+ 1 1.69869- 7 3.85173- 3 
 2.70000+ 1 2.86145- 7 3.83945- 3 
 2.90000+ 1 2.90529- 4 3.88732- 3 
 3.00000+ 1 2.47764- 4 3.91186- 3 
 3.20000+ 1 2.87157- 6 3.98120- 3 
 3.30000+ 1 3.12814- 6 3.98460- 3 
 4.10000+ 1 4.53800- 8 3.99753- 3 
 4.30000+ 1 2.96107- 5 4.00772- 3 
 4.40000+ 1 1.43708- 6 4.01101- 3 

 83000  0  7  2.08980+ 2 180404  2  0.00000+ 0  1.00000+50  0.00000+ 0 
92931 91   .00000+ 0  1.00000+ 1   .00000+ 0   .00000+ 0   .00000+ 0 
 1.00000+ 1 1.93869-15 2.67381- 6 
 1.10000+ 1 6.87283- 8 5.18784- 4 
 1.30000+ 1 8.78452- 4 1.01281- 3 
 1.40000+ 1 6.32163-10 1.12114- 3 
 1.60000+ 1 5.83865- 4 2.75581- 3 
 1.80000+ 1 1.40308- 6 2.88900- 3 
 1.90000+ 1 4.73274- 6 3.01777- 3 
 2.10000+ 1 3.05090- 3 3.23399- 3 
 2.20000+ 1 1.21168- 7 3.25806- 3 
 2.40000+ 1 5.93170- 5 3.54087- 3 
 2.50000+ 1 4.78000- 8 3.54616- 3 
 2.70000+ 1 1.23404- 4 3.53384- 3 
 2.90000+ 1 2.06048- 7 3.58171- 3 
 3.00000+ 1 9.80640- 7 3.60629- 3 
 3.20000+ 1 4.49963- 4 3.67560- 3 
 3.30000+ 1 5.05710- 5 3.67902- 3 
 4.10000+ 1 2.09594- 5 3.69193- 3 
 4.30000+ 1 2.07380- 7 3.70205- 3 
 4.40000+ 1 4.45497- 9 3.70538- 3 

 83000  0  7  2.08980+ 2 180404  2  0.00000+ 0  1.00000+50  0.00000+ 0 
92931 91   .00000+ 0  1.10000+ 1   .00000+ 0   .00000+ 0   .00000+ 0 
 1.10000+ 1 3.44411-15 2.44425- 6 
 1.30000+ 1 1.37828- 5 4.94015- 4 
 1.40000+ 1 2.34515- 4 6.02338- 4 
 1.60000+ 1 1.14623- 3 2.23705- 3 
 1.80000+ 1 3.30155- 6 2.37021- 3 
 1.90000+ 1 6.51132- 6 2.49898- 3 
 2.10000+ 1 5.59544- 4 2.71520- 3 
 2.20000+ 1 4.37319- 3 2.73926- 3 
 2.40000+ 1 8.21204- 6 3.02207- 3 
 2.50000+ 1 4.83921- 5 3.02735- 3 
 2.70000+ 1 2.37162- 4 3.01509- 3 
 2.90000+ 1 6.15381- 7 3.06293- 3 
 3.00000+ 1 1.19974- 6 3.08751- 3 
 3.20000+ 1 1.81920- 4 3.15680- 3 
 3.30000+ 1 5.50971- 4 3.16022- 3 
 4.10000+ 1 3.99454- 5 3.17316- 3 
 4.30000+ 1 2.08004- 7 3.18335- 3 
 4.40000+ 1 7.68591- 9 3.18671- 3 

 83000  0  7  2.08980+ 2 180404  2  0.00000+ 0  1.00000+50  0.00000+ 0 
92931 91   .00000+ 0  1.30000+ 1   .00000+ 0   .00000+ 0   .00000+ 0 
 1.30000+ 1 1.08804-14 2.45101- 6 
 1.40000+ 1 2.46136- 9 1.08322- 4 
 1.60000+ 1 1.28359- 6 1.74300- 3 
 1.80000+ 1 1.38737- 3 1.87619- 3 
 1.90000+ 1 1.52869- 4 2.00497- 3 
 2.10000+ 1 9.84013- 6 2.22118- 3 
 2.20000+ 1 1.84772- 6 2.24525- 3 
 2.40000+ 1 3.12570- 2 2.52805- 3 
 2.50000+ 1 2.46932- 5 2.53334- 3 
 2.70000+ 1 2.96688- 7 2.52104- 3 
 2.90000+ 1 2.36407- 4 2.56891- 3 
 3.00000+ 1 2.66063- 5 2.59350- 3 
 3.20000+ 1 2.20575- 6 2.66279- 3 
 3.30000+ 1 4.64943- 7 2.66620- 3 
 4.10000+ 1 9.47799-11 2.67914- 3 
 4.30000+ 1 1.03091- 5 2.68930- 3 
 4.40000+ 1 1.35426- 7 2.69272- 3 

 83000  0  7  2.08980+ 2 180404  2  0.00000+ 0  1.00000+50  0.00000+ 0 
92931 91   .00000+ 0  1.40000+ 1   .00000+ 0   .00000+ 0   .00000+ 0 
 1.40000+ 1 1.12672-14 2.28379- 6 
 1.60000+ 1 1.00458- 6 1.63469- 3 
 1.80000+ 1 2.47098- 9 1.76786- 3 
 1.90000+ 1 8.84334- 4 1.89664- 3 
 2.10000+ 1 1.09734- 6 2.11286- 3 
 2.20000+ 1 2.29585- 5 2.13693- 3 
 2.40000+ 1 1.39250- 3 2.41973- 3 
 2.50000+ 1 2.68418- 2 2.42502- 3 
 2.70000+ 1 2.01998- 7 2.41273- 3 
 2.90000+ 1 3.82652- 8 2.46057- 3 
 3.00000+ 1 1.52845- 4 2.48517- 3 
 3.20000+ 1 7.01468- 7 2.55447- 3 
 3.30000+ 1 2.69658- 6 2.55788- 3 
 4.10000+ 1 2.25901- 7 2.57084- 3 
 4.30000+ 1 1.21462- 5 2.58093- 3 
 4.40000+ 1 1.32060- 6 2.58436- 3 

 83000  0  9  2.08980+ 2 180404  2  0.00000+ 0  1.00000+50  0.00000+ 0 
92932 91   .00000+ 0  1.00000+ 0   .00000+ 0   .00000+ 0   .00000+ 0 
 3.00000+ 0 3.00000+ 0 4.01812- 3 5.74663- 2 
 3.00000+ 0 5.00000+ 0 5.52295- 3 5.81585- 2 
 3.00000+ 0 6.00000+ 0 3.43440- 3 6.04708- 2 
 3.00000+ 0 8.00000+ 0 1.62402- 3 7.00187- 2 
 3.00000+ 0 1.00000+ 1 1.22055- 3 7.03105- 2 
 3.00000+ 0 1.10000+ 1 8.27977- 4 7.08405- 2 
 3.00000+ 0 1.30000+ 1 6.18521- 5 7.13208- 2 
 3.00000+ 0 1.40000+ 1 5.17387- 5 7.14336- 2 
 3.00000+ 0 1.60000+ 1 4.06060- 4 7.31349- 2 
 3.00000+ 0 1.80000+ 1 3.00123- 4 7.32660- 2 
 3.00000+ 0 1.90000+ 1 2.06397- 4 7.33986- 2 
 3.00000+ 0 2.10000+ 1 1.68312- 5 7.36148- 2 
 3.00000+ 0 2.20000+ 1 1.37581- 5 7.36401- 2 
 3.00000+ 0 2.40000+ 1 6.00653- 8 7.39288- 2 
 3.00000+ 0 2.50000+ 1 5.95136- 8 7.39346- 2 
 3.00000+ 0 2.70000+ 1 8.49968- 5 7.39340- 2 
 3.00000+ 0 2.90000+ 1 5.72776- 5 7.39826- 2 
 3.00000+ 0 3.00000+ 1 3.82395- 5 7.40086- 2 
 3.00000+ 0 3.20000+ 1 1.99797- 6 7.40804- 2 
 3.00000+ 0 3.30000+ 1 2.17071- 6 7.40842- 2 
 3.00000+ 0 4.10000+ 1 1.19566- 5 7.41025- 2 
 3.00000+ 0 4.30000+ 1 4.80766- 6 7.41148- 2 
 3.00000+ 0 4.40000+ 1 1.99992- 7 7.41190- 2 
 5.00000+ 0 5.00000+ 0 3.33116- 4 5.87480- 2 
 5.00000+ 0 6.00000+ 0 4.27285- 3 6.11050- 2 
 5.00000+ 0 8.00000+ 0 9.46314- 4 7.06929- 2 
 5.00000+ 0 1.00000+ 1 1.27784- 4 7.09945- 2 
 5.00000+ 0 1.10000+ 1 8.53267- 4 7.15178- 2 
 5.00000+ 0 1.30000+ 1 4.41131- 5 7.20038- 2 
 5.00000+ 0 1.40000+ 1 1.22997- 4 7.21136- 2 
 5.00000+ 0 1.60000+ 1 2.27506- 4 7.38157- 2 
 5.00000+ 0 1.80000+ 1 3.01589- 5 7.39489- 2 
 5.00000+ 0 1.90000+ 1 1.99363- 4 7.40802- 2 
 5.00000+ 0 2.10000+ 1 1.15422- 5 7.42975- 2 
 5.00000+ 0 2.20000+ 1 3.19213- 5 7.43223- 2 
 5.00000+ 0 2.40000+ 1 3.39848- 7 7.46118- 2 
 5.00000+ 0 2.50000+ 1 4.99834- 7 7.46176- 2 
 5.00000+ 0 2.70000+ 1 4.71610- 5 7.46163- 2 
 5.00000+ 0 2.90000+ 1 5.70517- 6 7.46653- 2 
 5.00000+ 0 3.00000+ 1 3.63928- 5 7.46910- 2 
 5.00000+ 0 3.20000+ 1 1.51764- 6 7.47631- 2 
 5.00000+ 0 3.30000+ 1 4.31781- 6 7.47667- 2 
 5.00000+ 0 4.10000+ 1 6.61360- 6 7.47851- 2 
 5.00000+ 0 4.30000+ 1 1.92334- 6 7.47973- 2 
 5.00000+ 0 4.40000+ 1 1.78213- 7 7.48015- 2 
 6.00000+ 0 6.00000+ 0 2.08383- 3 6.34095- 2 
 6.00000+ 0 8.00000+ 0 5.43966- 4 7.29889- 2 
 6.00000+ 0 1.00000+ 1 7.41443- 4 7.32844- 2 
 6.00000+ 0 1.10000+ 1 8.59275- 4 7.38161- 2 
 6.00000+ 0 1.30000+ 1 1.64719- 4 7.42940- 2 
 6.00000+ 0 1.40000+ 1 1.10800- 4 7.44091- 2 
 6.00000+ 0 1.60000+ 1 1.28120- 4 7.61095- 2 
 6.00000+ 0 1.80000+ 1 1.76321- 4 7.62413- 2 
 6.00000+ 0 1.90000+ 1 2.07976- 4 7.63743- 2 
 6.00000+ 0 2.10000+ 1 4.31606- 5 7.65900- 2 
 6.00000+ 0 2.20000+ 1 2.96814- 5 7.66157- 2 
 6.00000+ 0 2.40000+ 1 6.34853- 7 7.69045- 2 
 6.00000+ 0 2.50000+ 1 6.73792- 7 7.69103- 2 
 6.00000+ 0 2.70000+ 1 2.64334- 5 7.69096- 2 
 6.00000+ 0 2.90000+ 1 3.32970- 5 7.69582- 2 
 6.00000+ 0 3.00000+ 1 3.82767- 5 7.69843- 2 
 6.00000+ 0 3.20000+ 1 5.52475- 6 7.70561- 2 
 6.00000+ 0 3.30000+ 1 4.36660- 6 7.70600- 2 
 6.00000+ 0 4.10000+ 1 3.70056- 6 7.70783- 2 
 6.00000+ 0 4.30000+ 1 3.50369- 6 7.70905- 2 
 6.00000+ 0 4.40000+ 1 1.94925- 7 7.70947- 2 
 8.00000+ 0 8.00000+ 0 1.62374- 4 8.24253- 2 
 8.00000+ 0 1.00000+ 1 2.11186- 4 8.27427- 2 
 8.00000+ 0 1.10000+ 1 1.30658- 4 8.32649- 2 
 8.00000+ 0 1.30000+ 1 8.98699- 6 8.37456- 2 
 8.00000+ 0 1.40000+ 1 7.55944- 6 8.38548- 2 
 8.00000+ 0 1.60000+ 1 8.08626- 5 8.55264- 2 
 8.00000+ 0 1.80000+ 1 5.18368- 5 8.56579- 2 
 8.00000+ 0 1.90000+ 1 3.28436- 5 8.57895- 2 
 8.00000+ 0 2.10000+ 1 2.54629- 6 8.60054- 2 
 8.00000+ 0 2.20000+ 1 1.91003- 6 8.60301- 2 
 8.00000+ 0 2.40000+ 1 4.42937- 9 8.63133- 2 
 8.00000+ 0 2.50000+ 1 8.67992- 9 8.63194- 2 
 8.00000+ 0 2.70000+ 1 1.69202- 5 8.63210- 2 
 8.00000+ 0 2.90000+ 1 9.88929- 6 8.63699- 2 
 8.00000+ 0 3.00000+ 1 6.08899- 6 8.63958- 2 
 8.00000+ 0 3.20000+ 1 2.95462- 7 8.64673- 2 
 8.00000+ 0 3.30000+ 1 3.12081- 7 8.64711- 2 
 8.00000+ 0 4.10000+ 1 2.37684- 6 8.64892- 2 
 8.00000+ 0 4.30000+ 1 8.06843- 7 8.65016- 2 
 8.00000+ 0 4.40000+ 1 3.20348- 8 8.65058- 2 
 1.00000+ 1 1.00000+ 1 1.24272- 5 8.30296- 2 
 1.00000+ 1 1.10000+ 1 1.53410- 4 8.35618- 2 
 1.00000+ 1 1.30000+ 1 6.24692- 6 8.40539- 2 
 1.00000+ 1 1.40000+ 1 1.76912- 5 8.41548- 2 
 1.00000+ 1 1.60000+ 1 5.05637- 5 8.58303- 2 
 1.00000+ 1 1.80000+ 1 5.80778- 6 8.59650- 2 
 1.00000+ 1 1.90000+ 1 3.72839- 5 8.60945- 2 
 1.00000+ 1 2.10000+ 1 1.67639- 6 8.63107- 2 
 1.00000+ 1 2.20000+ 1 4.21812- 6 8.63353- 2 
 1.00000+ 1 2.40000+ 1 3.65167- 8 8.66193- 2 
 1.00000+ 1 2.50000+ 1 5.42843- 8 8.66245- 2 
 1.00000+ 1 2.70000+ 1 1.04790- 5 8.66265- 2 
 1.00000+ 1 2.90000+ 1 1.07391- 6 8.66756- 2 
 1.00000+ 1 3.00000+ 1 6.64321- 6 8.67011- 2 
 1.00000+ 1 3.20000+ 1 2.36734- 7 8.67728- 2 
 1.00000+ 1 3.30000+ 1 5.51889- 7 8.67764- 2 
 1.00000+ 1 4.10000+ 1 1.47040- 6 8.67947- 2 
 1.00000+ 1 4.30000+ 1 3.51200- 7 8.68070- 2 
 1.00000+ 1 4.40000+ 1 3.23555- 8 8.68111- 2 
 1.10000+ 1 1.10000+ 1 8.74449- 5 8.40805- 2 
 1.10000+ 1 1.30000+ 1 2.60744- 5 8.45704- 2 
 1.10000+ 1 1.40000+ 1 1.63040- 5 8.46820- 2 
 1.10000+ 1 1.60000+ 1 3.10612- 5 8.63492- 2 
 1.10000+ 1 1.80000+ 1 3.56157- 5 8.64820- 2 
 1.10000+ 1 1.90000+ 1 4.21801- 5 8.66140- 2 
 1.10000+ 1 2.10000+ 1 6.97880- 6 8.68295- 2 
 1.10000+ 1 2.20000+ 1 4.70955- 6 8.68543- 2 
 1.10000+ 1 2.40000+ 1 9.22035- 8 8.71371- 2 
 1.10000+ 1 2.50000+ 1 8.21926- 8 8.71436- 2 
 1.10000+ 1 2.70000+ 1 6.41559- 6 8.71452- 2 
 1.10000+ 1 2.90000+ 1 6.87073- 6 8.71940- 2 
 1.10000+ 1 3.00000+ 1 7.82399- 6 8.72199- 2 
 1.10000+ 1 3.20000+ 1 7.67872- 7 8.72914- 2 
 1.10000+ 1 3.30000+ 1 8.26335- 7 8.72951- 2 
 1.10000+ 1 4.10000+ 1 8.98772- 7 8.73136- 2 
 1.10000+ 1 4.30000+ 1 7.20433- 7 8.73258- 2 
 1.10000+ 1 4.40000+ 1 3.98967- 8 8.73299- 2 
 1.30000+ 1 1.30000+ 1 4.45117- 8 8.50534- 2 
 1.30000+ 1 1.40000+ 1 3.22075- 6 8.51632- 2 
 1.30000+ 1 1.60000+ 1 2.21971- 6 8.68427- 2 
 1.30000+ 1 1.80000+ 1 1.44107- 6 8.69758- 2 
 1.30000+ 1 1.90000+ 1 5.43102- 6 8.71072- 2 
 1.30000+ 1 2.10000+ 1 2.29627- 8 8.73237- 2 
 1.30000+ 1 2.20000+ 1 9.08720- 7 8.73471- 2 
 1.30000+ 1 2.40000+ 1 2.35702- 9 8.76321- 2 
 1.30000+ 1 2.50000+ 1 1.35423- 8 8.76372- 2 
 1.30000+ 1 2.70000+ 1 4.59806- 7 8.76394- 2 
 1.30000+ 1 2.90000+ 1 2.69871- 7 8.76883- 2 
 1.30000+ 1 3.00000+ 1 1.03668- 6 8.77141- 2 
 1.30000+ 1 3.20000+ 1 1.16649- 8 8.77855- 2 
 1.30000+ 1 3.30000+ 1 9.52049- 8 8.77893- 2 
 1.30000+ 1 4.10000+ 1 6.44442- 8 8.78078- 2 
 1.30000+ 1 4.30000+ 1 5.98447- 8 8.78200- 2 
 1.30000+ 1 4.40000+ 1 4.95426- 9 8.78241- 2 
 1.40000+ 1 1.40000+ 1 6.23603- 7 8.52716- 2 
 1.40000+ 1 1.60000+ 1 1.63193- 6 8.69508- 2 
 1.40000+ 1 1.80000+ 1 3.88441- 6 8.70836- 2 
 1.40000+ 1 1.90000+ 1 4.13505- 6 8.72154- 2 
 1.40000+ 1 2.10000+ 1 7.27477- 7 8.74313- 2 
 1.40000+ 1 2.20000+ 1 3.15958- 7 8.74562- 2 
 1.40000+ 1 2.40000+ 1 1.51558- 8 8.77391- 2 
 1.40000+ 1 2.50000+ 1 4.52518- 9 8.77461- 2 
 1.40000+ 1 2.70000+ 1 3.33035- 7 8.77475- 2 
 1.40000+ 1 2.90000+ 1 6.53596- 7 8.77963- 2 
 1.40000+ 1 3.00000+ 1 7.61248- 7 8.78222- 2 
 1.40000+ 1 3.20000+ 1 9.34968- 8 8.78938- 2 
 1.40000+ 1 3.30000+ 1 6.45028- 8 8.78975- 2 
 1.40000+ 1 4.10000+ 1 4.65633- 8 8.79160- 2 
 1.40000+ 1 4.30000+ 1 6.88241- 8 8.79281- 2 
 1.40000+ 1 4.40000+ 1 3.78000- 9 8.79322- 2 
 1.60000+ 1 1.60000+ 1 1.00662- 5 8.85901- 2 
 1.60000+ 1 1.80000+ 1 1.25660- 5 8.87297- 2 
 1.60000+ 1 1.90000+ 1 7.65115- 6 8.88598- 2 
 1.60000+ 1 2.10000+ 1 5.22102- 7 8.90724- 2 
 1.60000+ 1 2.20000+ 1 5.15212- 7 8.90975- 2 
 1.60000+ 1 2.40000+ 1 9.72318-10 8.93786- 2 
 1.60000+ 1 2.50000+ 1 1.91142- 9 8.93852- 2 
 1.60000+ 1 2.70000+ 1 4.20804- 6 8.93832- 2 
 1.60000+ 1 2.90000+ 1 2.38151- 6 8.94316- 2 
 1.60000+ 1 3.00000+ 1 1.43344- 6 8.94575- 2 
 1.60000+ 1 3.20000+ 1 6.45258- 8 8.95289- 2 
 1.60000+ 1 3.30000+ 1 7.68885- 8 8.95325- 2 
 1.60000+ 1 4.10000+ 1 5.91672- 7 8.95506- 2 
 1.60000+ 1 4.30000+ 1 1.92953- 7 8.95630- 2 
 1.60000+ 1 4.40000+ 1 7.56265- 9 8.95673- 2 
 1.80000+ 1 1.80000+ 1 7.29205- 7 8.88563- 2 
 1.80000+ 1 1.90000+ 1 8.78049- 6 8.89900- 2 
 1.80000+ 1 2.10000+ 1 3.62979- 7 8.92087- 2 
 1.80000+ 1 2.20000+ 1 1.14218- 6 8.92286- 2 
 1.80000+ 1 2.40000+ 1 8.02423- 9 8.95128- 2 
 1.80000+ 1 2.50000+ 1 1.16216- 8 8.95172- 2 
 1.80000+ 1 2.70000+ 1 2.58508- 6 8.95159- 2 
 1.80000+ 1 2.90000+ 1 2.66673- 7 8.95653- 2 
 1.80000+ 1 3.00000+ 1 1.62220- 6 8.95905- 2 
 1.80000+ 1 3.20000+ 1 4.88218- 8 8.96620- 2 
 1.80000+ 1 3.30000+ 1 1.26895- 7 8.96657- 2 
 1.80000+ 1 4.10000+ 1 3.62323- 7 8.96838- 2 
 1.80000+ 1 4.30000+ 1 8.29042- 8 8.96960- 2 
 1.80000+ 1 4.40000+ 1 7.63007- 9 8.97001- 2 
 1.90000+ 1 1.90000+ 1 4.92809- 6 8.91181- 2 
 1.90000+ 1 2.10000+ 1 1.61325- 6 8.93348- 2 
 1.90000+ 1 2.20000+ 1 8.39612- 7 8.93612- 2 
 1.90000+ 1 2.40000+ 1 1.83120- 8 8.96417- 2 
 1.90000+ 1 2.50000+ 1 1.91334- 8 8.96479- 2 
 1.90000+ 1 2.70000+ 1 1.60207- 6 8.96447- 2 
 1.90000+ 1 2.90000+ 1 1.66341- 6 8.96935- 2 
 1.90000+ 1 3.00000+ 1 1.80273- 6 8.97193- 2 
 1.90000+ 1 3.20000+ 1 1.86292- 7 8.97905- 2 
 1.90000+ 1 3.30000+ 1 1.74499- 7 8.97945- 2 
 1.90000+ 1 4.10000+ 1 2.24666- 7 8.98126- 2 
 1.90000+ 1 4.30000+ 1 1.73484- 7 8.98248- 2 
 1.90000+ 1 4.40000+ 1 9.32033- 9 8.98290- 2 
 2.10000+ 1 2.10000+ 1 3.32263- 9 8.95506- 2 
 2.10000+ 1 2.20000+ 1 2.13791- 7 8.95751- 2 
 2.10000+ 1 2.40000+ 1 6.97124-10 8.98593- 2 
 2.10000+ 1 2.50000+ 1 5.37146- 9 8.98605- 2 
 2.10000+ 1 2.70000+ 1 1.22738- 7 8.98611- 2 
 2.10000+ 1 2.90000+ 1 7.26422- 8 8.99099- 2 
 2.10000+ 1 3.00000+ 1 2.30155- 7 8.99359- 2 
 2.10000+ 1 3.20000+ 1 3.55728- 9 9.00073- 2 
 2.10000+ 1 3.30000+ 1 2.77103- 8 9.00108- 2 
 2.10000+ 1 4.10000+ 1 1.74396- 8 9.00290- 2 
 2.10000+ 1 4.30000+ 1 1.59255- 8 9.00412- 2 
 2.10000+ 1 4.40000+ 1 1.31350- 9 9.00453- 2 
 2.20000+ 1 2.20000+ 1 3.44518- 8 8.95991- 2 
 2.20000+ 1 2.40000+ 1 1.00866- 9 8.98846- 2 
 2.20000+ 1 2.50000+ 1 1.61569- 9 8.98885- 2 
 2.20000+ 1 2.70000+ 1 9.07936- 8 8.98851- 2 
 2.20000+ 1 2.90000+ 1 2.31923- 7 8.99334- 2 
 2.20000+ 1 3.00000+ 1 1.88847- 7 8.99597- 2 
 2.20000+ 1 3.20000+ 1 2.35313- 8 9.00308- 2 
 2.20000+ 1 3.30000+ 1 1.26825- 8 9.00350- 2 
 2.20000+ 1 4.10000+ 1 1.24624- 8 9.00530- 2 
 2.20000+ 1 4.30000+ 1 1.83249- 8 9.00651- 2 
 2.20000+ 1 4.40000+ 1 9.70621-10 9.00692- 2 
 2.40000+ 1 2.40000+ 1 3.54989-12 9.01641- 2 
 2.40000+ 1 2.50000+ 1 5.14495-11 9.01701- 2 
 2.40000+ 1 2.70000+ 1 2.36961-10 9.01681- 2 
 2.40000+ 1 2.90000+ 1 1.15529- 9 9.02168- 2 
 2.40000+ 1 3.00000+ 1 3.23291- 9 9.02425- 2 
 2.40000+ 1 3.20000+ 1 1.16666-10 9.03139- 2 
 2.40000+ 1 3.30000+ 1 4.75521-10 9.03176- 2 
 2.40000+ 1 4.10000+ 1 3.26122-11 9.03360- 2 
 2.40000+ 1 4.30000+ 1 2.39145-10 9.03481- 2 
 2.40000+ 1 4.40000+ 1 1.65745-11 9.03522- 2 
 2.50000+ 1 2.50000+ 1 3.19494-12 9.01759- 2 
 2.50000+ 1 2.70000+ 1 3.48693-10 9.01733- 2 
 2.50000+ 1 2.90000+ 1 2.54387- 9 9.02218- 2 
 2.50000+ 1 3.00000+ 1 3.40051- 9 9.02480- 2 
 2.50000+ 1 3.20000+ 1 3.65769-10 9.03192- 2 
 2.50000+ 1 3.30000+ 1 1.99015-10 9.03231- 2 
 2.50000+ 1 4.10000+ 1 4.91786-11 9.03413- 2 
 2.50000+ 1 4.30000+ 1 2.48911-10 9.03534- 2 
 2.50000+ 1 4.40000+ 1 1.56504-11 9.03575- 2 
 2.70000+ 1 2.70000+ 1 4.40462- 7 9.01624- 2 
 2.70000+ 1 2.90000+ 1 4.99553- 7 9.02131- 2 
 2.70000+ 1 3.00000+ 1 2.90660- 7 9.02392- 2 
 2.70000+ 1 3.20000+ 1 1.23272- 8 9.03077- 2 
 2.70000+ 1 3.30000+ 1 1.67905- 8 9.03120- 2 
 2.70000+ 1 4.10000+ 1 1.23814- 7 9.03287- 2 
 2.70000+ 1 4.30000+ 1 3.99539- 8 9.03411- 2 
 2.70000+ 1 4.40000+ 1 1.56392- 9 9.03454- 2 
 2.90000+ 1 2.90000+ 1 2.91493- 8 9.02589- 2 
 2.90000+ 1 3.00000+ 1 3.16821- 7 9.02857- 2 
 2.90000+ 1 3.20000+ 1 7.91148- 9 9.03575- 2 
 2.90000+ 1 3.30000+ 1 3.49774- 8 9.03583- 2 
 2.90000+ 1 4.10000+ 1 6.92218- 8 9.03768- 2 
 2.90000+ 1 4.30000+ 1 1.59803- 8 9.03890- 2 
 2.90000+ 1 4.40000+ 1 1.49292- 9 9.03930- 2 
 3.00000+ 1 3.00000+ 1 1.50629- 7 9.03100- 2 
 3.00000+ 1 3.20000+ 1 3.22357- 8 9.03808- 2 
 3.00000+ 1 3.30000+ 1 2.29933- 8 9.03861- 2 
 3.00000+ 1 4.10000+ 1 4.15704- 8 9.04014- 2 
 3.00000+ 1 4.30000+ 1 3.17034- 8 9.04136- 2 
 3.00000+ 1 4.40000+ 1 1.50318- 9 9.04180- 2 
 3.20000+ 1 3.20000+ 1 2.14167-10 9.04497- 2 
 3.20000+ 1 3.30000+ 1 3.78281- 9 9.04541- 2 
 3.20000+ 1 4.10000+ 1 1.95574- 9 9.04709- 2 
 3.20000+ 1 4.30000+ 1 2.15302- 9 9.04831- 2 
 3.20000+ 1 4.40000+ 1 2.29243-10 9.04866- 2 
 3.30000+ 1 3.30000+ 1 5.31910-10 9.04575- 2 
 3.30000+ 1 4.10000+ 1 2.12189- 9 9.04742- 2 
 3.30000+ 1 4.30000+ 1 2.46490- 9 9.04860- 2 
 3.30000+ 1 4.40000+ 1 1.08150-10 9.04903- 2 
 4.10000+ 1 4.10000+ 1 8.69122- 9 9.04883- 2 
 4.10000+ 1 4.30000+ 1 5.56958- 9 9.05003- 2 
 4.10000+ 1 4.40000+ 1 2.49838-10 9.05060- 2 
 4.30000+ 1 4.30000+ 1 5.15716-10 9.05108- 2 
 4.30000+ 1 4.40000+ 1 3.27637-10 9.05134- 2 

 83000  0  9  2.08980+ 2 180404  2  0.00000+ 0  1.00000+50  0.00000+ 0 
92932 91   .00000+ 0  3.00000+ 0   .00000+ 0   .00000+ 0   .00000+ 0 
 5.00000+ 0 2.10000+ 1 4.44550- 3 1.66076- 4 
 5.00000+ 0 2.20000+ 1 4.91563- 3 1.90844- 4 
 5.00000+ 0 2.40000+ 1 1.23790- 2 4.80372- 4 
 5.00000+ 0 2.50000+ 1 1.68284- 2 4.86170- 4 
 5.00000+ 0 2.70000+ 1 3.89850- 3 4.84878- 4 
 5.00000+ 0 2.90000+ 1 3.07425- 3 5.33866- 4 
 5.00000+ 0 3.00000+ 1 3.13263- 3 5.59588- 4 
 5.00000+ 0 3.20000+ 1 7.65203- 4 6.31626- 4 
 5.00000+ 0 3.30000+ 1 8.36062- 4 6.35253- 4 
 5.00000+ 0 4.10000+ 1 5.72808- 4 6.53646- 4 
 5.00000+ 0 4.30000+ 1 3.14912- 4 6.65889- 4 
 5.00000+ 0 4.40000+ 1 1.64919- 5 6.70039- 4 
 6.00000+ 0 1.30000+ 1 2.11985- 1 1.62562- 4 
 6.00000+ 0 1.40000+ 1 2.82322- 1 2.77671- 4 
 6.00000+ 0 1.60000+ 1 2.00802- 2 1.97801- 3 
 6.00000+ 0 1.80000+ 1 8.68814- 3 2.10985- 3 
 6.00000+ 0 1.90000+ 1 1.18078- 2 2.24282- 3 
 6.00000+ 0 2.10000+ 1 3.24056- 2 2.45853- 3 
 6.00000+ 0 2.20000+ 1 3.55141- 2 2.48426- 3 
 6.00000+ 0 2.40000+ 1 2.46094- 2 2.77301- 3 
 6.00000+ 0 2.50000+ 1 3.16174- 2 2.77882- 3 
 6.00000+ 0 2.70000+ 1 4.12634- 3 2.77811- 3 
 6.00000+ 0 2.90000+ 1 1.66714- 3 2.82680- 3 
 6.00000+ 0 3.00000+ 1 2.22811- 3 2.85282- 3 
 6.00000+ 0 3.20000+ 1 4.03639- 3 2.92464- 3 
 6.00000+ 0 3.30000+ 1 4.26852- 3 2.92850- 3 
 6.00000+ 0 4.10000+ 1 5.78955- 4 2.94688- 3 
 6.00000+ 0 4.30000+ 1 1.90183- 4 2.95910- 3 
 6.00000+ 0 4.40000+ 1 1.13543- 5 2.96324- 3 
 8.00000+ 0 8.00000+ 0 5.89591- 3 8.29381- 3 
 8.00000+ 0 1.00000+ 1 1.19981- 2 8.61126- 3 
 8.00000+ 0 1.10000+ 1 1.82745- 2 9.13347- 3 
 8.00000+ 0 1.30000+ 1 1.58253- 2 9.61418- 3 
 8.00000+ 0 1.40000+ 1 1.57069- 2 9.72339- 3 
 8.00000+ 0 1.60000+ 1 2.46512- 3 1.13950- 2 
 8.00000+ 0 1.80000+ 1 2.88234- 3 1.15265- 2 
 8.00000+ 0 1.90000+ 1 4.53236- 3 1.16580- 2 
 8.00000+ 0 2.10000+ 1 3.23971- 3 1.18739- 2 
 8.00000+ 0 2.20000+ 1 3.87505- 3 1.18986- 2 
 8.00000+ 0 2.40000+ 1 2.14252- 4 1.21819- 2 
 8.00000+ 0 2.50000+ 1 3.81482- 4 1.21880- 2 
 8.00000+ 0 2.70000+ 1 5.02338- 4 1.21896- 2 
 8.00000+ 0 2.90000+ 1 5.47147- 4 1.22385- 2 
 8.00000+ 0 3.00000+ 1 8.35906- 4 1.22644- 2 
 8.00000+ 0 3.20000+ 1 3.91885- 4 1.23359- 2 
 8.00000+ 0 3.30000+ 1 5.46833- 4 1.23396- 2 
 8.00000+ 0 4.10000+ 1 7.02270- 5 1.23577- 2 
 8.00000+ 0 4.30000+ 1 6.66485- 5 1.23702- 2 
 8.00000+ 0 4.40000+ 1 4.19570- 6 1.23744- 2 
 1.00000+ 1 1.00000+ 1 1.64401- 5 8.89813- 3 
 1.00000+ 1 1.10000+ 1 2.31697- 4 9.43035- 3 
 1.00000+ 1 1.30000+ 1 7.30294- 4 9.92243- 3 
 1.00000+ 1 1.40000+ 1 6.19736- 3 1.00234- 2 
 1.00000+ 1 1.60000+ 1 1.95201- 3 1.16989- 2 
 1.00000+ 1 1.80000+ 1 1.03711- 6 1.18336- 2 
 1.00000+ 1 1.90000+ 1 4.84940- 5 1.19630- 2 
 1.00000+ 1 2.10000+ 1 1.50385- 4 1.21792- 2 
 1.00000+ 1 2.20000+ 1 8.41874- 4 1.22038- 2 
 1.00000+ 1 2.40000+ 1 9.48763- 5 1.24879- 2 
 1.00000+ 1 2.50000+ 1 3.43315- 4 1.24930- 2 
 1.00000+ 1 2.70000+ 1 3.72467- 4 1.24951- 2 
 1.00000+ 1 2.90000+ 1 7.54662- 8 1.25442- 2 
 1.00000+ 1 3.00000+ 1 8.35632- 6 1.25696- 2 
 1.00000+ 1 3.20000+ 1 2.55364- 5 1.26414- 2 
 1.00000+ 1 3.30000+ 1 9.60803- 5 1.26450- 2 
 1.00000+ 1 4.10000+ 1 5.13810- 5 1.26633- 2 
 1.00000+ 1 4.30000+ 1 3.71316- 7 1.26755- 2 
 1.00000+ 1 4.40000+ 1 4.05495- 8 1.26797- 2 
 1.10000+ 1 1.10000+ 1 5.33722- 4 9.94910- 3 
 1.10000+ 1 1.30000+ 1 1.71943- 3 1.04390- 2 
 1.10000+ 1 1.40000+ 1 1.02596- 3 1.05505- 2 
 1.10000+ 1 1.60000+ 1 3.02717- 3 1.22178- 2 
 1.10000+ 1 1.80000+ 1 5.15436- 5 1.23506- 2 
 1.10000+ 1 1.90000+ 1 1.90171- 4 1.24826- 2 
 1.10000+ 1 2.10000+ 1 1.74130- 4 1.26980- 2 
 1.10000+ 1 2.20000+ 1 9.77300- 5 1.27228- 2 
 1.10000+ 1 2.40000+ 1 2.29782- 4 1.30057- 2 
 1.10000+ 1 2.50000+ 1 6.70080- 5 1.30122- 2 
 1.10000+ 1 2.70000+ 1 5.76659- 4 1.30138- 2 
 1.10000+ 1 2.90000+ 1 9.86560- 6 1.30626- 2 
 1.10000+ 1 3.00000+ 1 3.27152- 5 1.30885- 2 
 1.10000+ 1 3.20000+ 1 1.56771- 5 1.31599- 2 
 1.10000+ 1 3.30000+ 1 1.48299- 5 1.31637- 2 
 1.10000+ 1 4.10000+ 1 7.94762- 5 1.31821- 2 
 1.10000+ 1 4.30000+ 1 1.96880- 6 1.31944- 2 
 1.10000+ 1 4.40000+ 1 1.59899- 7 1.31985- 2 
 1.30000+ 1 1.30000+ 1 9.09106- 4 1.09219- 2 
 1.30000+ 1 1.40000+ 1 2.36512- 2 1.10318- 2 
 1.30000+ 1 1.60000+ 1 2.08277- 3 1.27112- 2 
 1.30000+ 1 1.80000+ 1 2.16537- 4 1.28444- 2 
 1.30000+ 1 1.90000+ 1 4.23335- 4 1.29757- 2 
 1.30000+ 1 2.10000+ 1 3.82194- 4 1.31922- 2 
 1.30000+ 1 2.20000+ 1 4.01016- 3 1.32157- 2 
 1.30000+ 1 2.40000+ 1 2.48727- 4 1.35007- 2 
 1.30000+ 1 2.50000+ 1 8.52744- 4 1.35057- 2 
 1.30000+ 1 2.70000+ 1 3.81737- 4 1.35080- 2 
 1.30000+ 1 2.90000+ 1 4.26146- 5 1.35568- 2 
 1.30000+ 1 3.00000+ 1 9.64700- 5 1.35827- 2 
 1.30000+ 1 3.20000+ 1 7.38738- 5 1.36540- 2 
 1.30000+ 1 3.30000+ 1 3.93946- 4 1.36578- 2 
 1.30000+ 1 4.10000+ 1 5.22388- 5 1.36764- 2 
 1.30000+ 1 4.30000+ 1 6.58303- 6 1.36886- 2 
 1.30000+ 1 4.40000+ 1 4.79741- 7 1.36927- 2 
 1.40000+ 1 1.40000+ 1 4.86542- 3 1.11402- 2 
 1.40000+ 1 1.60000+ 1 2.62014- 3 1.28193- 2 
 1.40000+ 1 1.80000+ 1 1.35498- 3 1.29522- 2 
 1.40000+ 1 1.90000+ 1 3.38761- 4 1.30839- 2 
 1.40000+ 1 2.10000+ 1 3.09967- 3 1.32999- 2 
 1.40000+ 1 2.20000+ 1 1.62306- 3 1.33247- 2 
 1.40000+ 1 2.40000+ 1 9.81130- 4 1.36076- 2 
 1.40000+ 1 2.50000+ 1 4.30698- 4 1.36147- 2 
 1.40000+ 1 2.70000+ 1 4.97268- 4 1.36161- 2 
 1.40000+ 1 2.90000+ 1 2.34002- 4 1.36649- 2 
 1.40000+ 1 3.00000+ 1 6.65886- 5 1.36907- 2 
 1.40000+ 1 3.20000+ 1 3.77682- 4 1.37624- 2 
 1.40000+ 1 3.30000+ 1 2.73152- 4 1.37660- 2 
 1.40000+ 1 4.10000+ 1 6.84968- 5 1.37846- 2 
 1.40000+ 1 4.30000+ 1 1.55782- 5 1.37966- 2 
 1.40000+ 1 4.40000+ 1 3.76681- 7 1.38008- 2 
 1.60000+ 1 1.60000+ 1 2.46600- 4 1.44587- 2 
 1.60000+ 1 1.80000+ 1 4.93287- 4 1.45982- 2 
 1.60000+ 1 1.90000+ 1 7.27164- 4 1.47284- 2 
 1.60000+ 1 2.10000+ 1 6.36615- 4 1.49409- 2 
 1.60000+ 1 2.20000+ 1 4.26748- 4 1.49661- 2 
 1.60000+ 1 2.40000+ 1 2.66809- 5 1.52471- 2 
 1.60000+ 1 2.50000+ 1 4.49888- 5 1.52537- 2 
 1.60000+ 1 2.70000+ 1 9.87195- 5 1.52517- 2 
 1.60000+ 1 2.90000+ 1 9.15085- 5 1.53002- 2 
 1.60000+ 1 3.00000+ 1 1.36373- 4 1.53261- 2 
 1.60000+ 1 3.20000+ 1 6.05564- 5 1.53975- 2 
 1.60000+ 1 3.30000+ 1 7.97719- 5 1.54011- 2 
 1.60000+ 1 4.10000+ 1 1.37623- 5 1.54191- 2 
 1.60000+ 1 4.30000+ 1 1.09918- 5 1.54316- 2 
 1.60000+ 1 4.40000+ 1 6.84909- 7 1.54358- 2 
 1.80000+ 1 1.80000+ 1 4.13614-10 1.47248- 2 
 1.80000+ 1 1.90000+ 1 1.08289- 5 1.48586- 2 
 1.80000+ 1 2.10000+ 1 4.04127- 5 1.50773- 2 
 1.80000+ 1 2.20000+ 1 2.12570- 4 1.50971- 2 
 1.80000+ 1 2.40000+ 1 2.35528- 5 1.53813- 2 
 1.80000+ 1 2.50000+ 1 4.79806- 5 1.53858- 2 
 1.80000+ 1 2.70000+ 1 9.14521- 5 1.53845- 2 
 1.80000+ 1 2.90000+ 1 1.21810- 8 1.54338- 2 
 1.80000+ 1 3.00000+ 1 1.97836- 6 1.54591- 2 
 1.80000+ 1 3.20000+ 1 6.02687- 6 1.55306- 2 
 1.80000+ 1 3.30000+ 1 2.19525- 5 1.55342- 2 
 1.80000+ 1 4.10000+ 1 1.25970- 5 1.55523- 2 
 1.80000+ 1 4.30000+ 1 8.68458- 8 1.55646- 2 
 1.80000+ 1 4.40000+ 1 9.41215- 9 1.55687- 2 
 1.90000+ 1 1.90000+ 1 1.61301- 5 1.49866- 2 
 1.90000+ 1 2.10000+ 1 4.69952- 5 1.52034- 2 
 1.90000+ 1 2.20000+ 1 1.79622- 5 1.52298- 2 
 1.90000+ 1 2.40000+ 1 4.21660- 5 1.55102- 2 
 1.90000+ 1 2.50000+ 1 1.47246- 5 1.55165- 2 
 1.90000+ 1 2.70000+ 1 1.41404- 4 1.55133- 2 
 1.90000+ 1 2.90000+ 1 1.97417- 6 1.55620- 2 
 1.90000+ 1 3.00000+ 1 5.48848- 6 1.55879- 2 
 1.90000+ 1 3.20000+ 1 5.60684- 6 1.56591- 2 
 1.90000+ 1 3.30000+ 1 4.69497- 6 1.56630- 2 
 1.90000+ 1 4.10000+ 1 1.95182- 5 1.56811- 2 
 1.90000+ 1 4.30000+ 1 3.49011- 7 1.56934- 2 
 1.90000+ 1 4.40000+ 1 2.66322- 8 1.56975- 2 
 2.10000+ 1 2.10000+ 1 4.56425- 5 1.54191- 2 
 2.10000+ 1 2.20000+ 1 6.01820- 4 1.54437- 2 
 2.10000+ 1 2.40000+ 1 3.98394- 5 1.57279- 2 
 2.10000+ 1 2.50000+ 1 1.40265- 4 1.57291- 2 
 2.10000+ 1 2.70000+ 1 9.07537- 5 1.57297- 2 
 2.10000+ 1 2.90000+ 1 7.79393- 6 1.57785- 2 
 2.10000+ 1 3.00000+ 1 1.06979- 5 1.58044- 2 
 2.10000+ 1 3.20000+ 1 1.59063- 5 1.58758- 2 
 2.10000+ 1 3.30000+ 1 7.37166- 5 1.58793- 2 
 2.10000+ 1 4.10000+ 1 1.19634- 5 1.58976- 2 
 2.10000+ 1 4.30000+ 1 8.67218- 7 1.59098- 2 
 2.10000+ 1 4.40000+ 1 5.20573- 8 1.59139- 2 
 2.20000+ 1 2.20000+ 1 1.22916- 4 1.54676- 2 
 2.20000+ 1 2.40000+ 1 4.17212- 5 1.57531- 2 
 2.20000+ 1 2.50000+ 1 8.80625- 5 1.57571- 2 
 2.20000+ 1 2.70000+ 1 1.07964- 4 1.57536- 2 
 2.20000+ 1 2.90000+ 1 3.57663- 5 1.58020- 2 
 2.20000+ 1 3.00000+ 1 5.97212- 6 1.58282- 2 
 2.20000+ 1 3.20000+ 1 6.66747- 5 1.58993- 2 
 2.20000+ 1 3.30000+ 1 3.55863- 5 1.59036- 2 
 2.20000+ 1 4.10000+ 1 1.53354- 5 1.59215- 2 
 2.20000+ 1 4.30000+ 1 2.21821- 6 1.59336- 2 
 2.20000+ 1 4.40000+ 1 3.89614- 8 1.59377- 2 
 2.40000+ 1 2.40000+ 1 2.23904- 6 1.60327- 2 
 2.40000+ 1 2.50000+ 1 2.41600- 5 1.60386- 2 
 2.40000+ 1 2.70000+ 1 5.54165- 6 1.60366- 2 
 2.40000+ 1 2.90000+ 1 2.92474- 6 1.60853- 2 
 2.40000+ 1 3.00000+ 1 6.48473- 6 1.61110- 2 
 2.40000+ 1 3.20000+ 1 4.80023- 6 1.61824- 2 
 2.40000+ 1 3.30000+ 1 1.24140- 5 1.61861- 2 
 2.40000+ 1 4.10000+ 1 7.29385- 7 1.62046- 2 
 2.40000+ 1 4.30000+ 1 3.90307- 7 1.62166- 2 
 2.40000+ 1 4.40000+ 1 2.99616- 8 1.62207- 2 
 2.50000+ 1 2.50000+ 1 1.95357- 6 1.60445- 2 
 2.50000+ 1 2.70000+ 1 7.26742- 6 1.60418- 2 
 2.50000+ 1 2.90000+ 1 9.37593- 6 1.60904- 2 
 2.50000+ 1 3.00000+ 1 3.59911- 6 1.61165- 2 
 2.50000+ 1 3.20000+ 1 1.06356- 5 1.61877- 2 
 2.50000+ 1 3.30000+ 1 8.74830- 6 1.61917- 2 
 2.50000+ 1 4.10000+ 1 1.01585- 6 1.62099- 2 
 2.50000+ 1 4.30000+ 1 6.99226- 7 1.62219- 2 
 2.50000+ 1 4.40000+ 1 2.39040- 8 1.62261- 2 
 2.70000+ 1 2.70000+ 1 9.89495- 6 1.60310- 2 
 2.70000+ 1 2.90000+ 1 1.86102- 5 1.60816- 2 
 2.70000+ 1 3.00000+ 1 2.48706- 5 1.61078- 2 
 2.70000+ 1 3.20000+ 1 1.91455- 5 1.61762- 2 
 2.70000+ 1 3.30000+ 1 7.08837- 6 1.61805- 2 
 2.70000+ 1 4.10000+ 1 2.75468- 6 1.61973- 2 
 2.70000+ 1 4.30000+ 1 2.09963- 6 1.62097- 2 
 2.70000+ 1 4.40000+ 1 1.29152- 7 1.62140- 2 
 2.90000+ 1 2.90000+ 1 9.17405-11 1.61275- 2 
 2.90000+ 1 3.00000+ 1 3.59273- 7 1.61543- 2 
 2.90000+ 1 3.20000+ 1 1.23417- 6 1.62260- 2 
 2.90000+ 1 3.30000+ 1 5.08746- 6 1.62268- 2 
 2.90000+ 1 4.10000+ 1 2.40620- 6 1.62453- 2 
 2.90000+ 1 4.30000+ 1 1.65672- 8 1.62575- 2 
 2.90000+ 1 4.40000+ 1 1.82115- 9 1.62616- 2 
 3.00000+ 1 3.00000+ 1 4.69234- 7 1.61786- 2 
 3.00000+ 1 3.20000+ 1 7.37469- 7 1.62494- 2 
 3.00000+ 1 3.30000+ 1 2.51186- 7 1.62547- 2 
 3.00000+ 1 4.10000+ 1 3.59343- 6 1.62700- 2 
 3.00000+ 1 4.30000+ 1 5.99064- 8 1.62822- 2 
 3.00000+ 1 4.40000+ 1 4.46068- 9 1.62865- 2 
 3.20000+ 1 3.20000+ 1 1.02184- 6 1.63183- 2 
 3.20000+ 1 3.30000+ 1 9.56518- 6 1.63227- 2 
 3.20000+ 1 4.10000+ 1 1.84062- 6 1.63394- 2 
 3.20000+ 1 4.30000+ 1 1.17917- 7 1.63517- 2 
 3.20000+ 1 4.40000+ 1 1.57388- 8 1.63552- 2 
 3.30000+ 1 3.30000+ 1 1.38948- 6 1.63261- 2 
 3.30000+ 1 4.10000+ 1 1.76445- 6 1.63428- 2 
 3.30000+ 1 4.30000+ 1 2.49429- 7 1.63545- 2 
 3.30000+ 1 4.40000+ 1 2.79034- 9 1.63589- 2 
 4.10000+ 1 4.10000+ 1 1.91890- 7 1.63569- 2 
 4.10000+ 1 4.30000+ 1 2.89818- 7 1.63689- 2 
 4.10000+ 1 4.40000+ 1 1.77280- 8 1.63746- 2 
 4.30000+ 1 4.30000+ 1 7.11608-10 1.63793- 2 
 4.30000+ 1 4.40000+ 1 6.13783-10 1.63819- 2 

 83000  0  9  2.08980+ 2 180404  2  0.00000+ 0  1.00000+50  0.00000+ 0 
92932 91   .00000+ 0  5.00000+ 0   .00000+ 0   .00000+ 0   .00000+ 0 
 6.00000+ 0 1.60000+ 1 4.58302- 3 1.29553- 3 
 6.00000+ 0 1.80000+ 1 3.23091- 2 1.42734- 3 
 6.00000+ 0 1.90000+ 1 9.02802- 3 1.56035- 3 
 6.00000+ 0 2.10000+ 1 3.56322- 2 1.77601- 3 
 6.00000+ 0 2.20000+ 1 1.04441- 2 1.80178- 3 
 6.00000+ 0 2.40000+ 1 1.56797- 3 2.09049- 3 
 6.00000+ 0 2.50000+ 1 2.48845- 3 2.09631- 3 
 6.00000+ 0 2.70000+ 1 9.05812- 4 2.09562- 3 
 6.00000+ 0 2.90000+ 1 5.78124- 3 2.14429- 3 
 6.00000+ 0 3.00000+ 1 1.67254- 3 2.17033- 3 
 6.00000+ 0 3.20000+ 1 4.07478- 3 2.24213- 3 
 6.00000+ 0 3.30000+ 1 1.86282- 3 2.24600- 3 
 6.00000+ 0 4.10000+ 1 1.25743- 4 2.26441- 3 
 6.00000+ 0 4.30000+ 1 3.88224- 4 2.27658- 3 
 6.00000+ 0 4.40000+ 1 9.21755- 6 2.28072- 3 
 8.00000+ 0 8.00000+ 0 5.55815- 4 7.61128- 3 
 8.00000+ 0 1.00000+ 1 2.02386- 2 7.92872- 3 
 8.00000+ 0 1.10000+ 1 1.13933- 3 8.45132- 3 
 8.00000+ 0 1.30000+ 1 3.09681- 3 8.93165- 3 
 8.00000+ 0 1.40000+ 1 1.81761- 3 9.04101- 3 
 8.00000+ 0 1.60000+ 1 2.11439- 4 1.07126- 2 
 8.00000+ 0 1.80000+ 1 3.15082- 3 1.08440- 2 
 8.00000+ 0 1.90000+ 1 3.18628- 4 1.09756- 2 
 8.00000+ 0 2.10000+ 1 4.95022- 4 1.11914- 2 
 8.00000+ 0 2.20000+ 1 2.28360- 4 1.12161- 2 
 8.00000+ 0 2.40000+ 1 1.20958- 4 1.14994- 2 
 8.00000+ 0 2.50000+ 1 5.61924- 5 1.15055- 2 
 8.00000+ 0 2.70000+ 1 4.17271- 5 1.15071- 2 
 8.00000+ 0 2.90000+ 1 5.45230- 4 1.15559- 2 
 8.00000+ 0 3.00000+ 1 5.81301- 5 1.15819- 2 
 8.00000+ 0 3.20000+ 1 5.28836- 5 1.16534- 2 
 8.00000+ 0 3.30000+ 1 3.65487- 5 1.16571- 2 
 8.00000+ 0 4.10000+ 1 5.79611- 6 1.16753- 2 
 8.00000+ 0 4.30000+ 1 3.23130- 5 1.16877- 2 
 8.00000+ 0 4.40000+ 1 3.75957- 7 1.16919- 2 
 1.00000+ 1 1.00000+ 1 2.14402- 2 8.21561- 3 
 1.00000+ 1 1.10000+ 1 5.29715- 2 8.74776- 3 
 1.00000+ 1 1.30000+ 1 2.83048- 2 9.23991- 3 
 1.00000+ 1 1.40000+ 1 4.32216- 2 9.34086- 3 
 1.00000+ 1 1.60000+ 1 5.13921- 3 1.10163- 2 
 1.00000+ 1 1.80000+ 1 8.70776- 3 1.11510- 2 
 1.00000+ 1 1.90000+ 1 1.29565- 2 1.12805- 2 
 1.00000+ 1 2.10000+ 1 6.35121- 3 1.14967- 2 
 1.00000+ 1 2.20000+ 1 9.07524- 3 1.15213- 2 
 1.00000+ 1 2.40000+ 1 5.04485- 4 1.18053- 2 
 1.00000+ 1 2.50000+ 1 4.85929- 4 1.18105- 2 
 1.00000+ 1 2.70000+ 1 1.08183- 3 1.18125- 2 
 1.00000+ 1 2.90000+ 1 1.59737- 3 1.18617- 2 
 1.00000+ 1 3.00000+ 1 2.34153- 3 1.18871- 2 
 1.00000+ 1 3.20000+ 1 7.87415- 4 1.19589- 2 
 1.00000+ 1 3.30000+ 1 1.24318- 3 1.19625- 2 
 1.00000+ 1 4.10000+ 1 1.52207- 4 1.19808- 2 
 1.00000+ 1 4.30000+ 1 1.91374- 4 1.19930- 2 
 1.00000+ 1 4.40000+ 1 1.17428- 5 1.19972- 2 
 1.10000+ 1 1.10000+ 1 9.12054- 4 9.26677- 3 
 1.10000+ 1 1.30000+ 1 2.11499- 2 9.75647- 3 
 1.10000+ 1 1.40000+ 1 2.02354- 3 9.86821- 3 
 1.10000+ 1 1.60000+ 1 3.30454- 4 1.15353- 2 
 1.10000+ 1 1.80000+ 1 8.31640- 3 1.16681- 2 
 1.10000+ 1 1.90000+ 1 3.89594- 4 1.18001- 2 
 1.10000+ 1 2.10000+ 1 4.37977- 3 1.20155- 2 
 1.10000+ 1 2.20000+ 1 4.93893- 4 1.20403- 2 
 1.10000+ 1 2.40000+ 1 2.41468- 4 1.23232- 2 
 1.10000+ 1 2.50000+ 1 7.94157- 5 1.23297- 2 
 1.10000+ 1 2.70000+ 1 6.80371- 5 1.23313- 2 
 1.10000+ 1 2.90000+ 1 1.47848- 3 1.23801- 2 
 1.10000+ 1 3.00000+ 1 7.61583- 5 1.24060- 2 
 1.10000+ 1 3.20000+ 1 4.24092- 4 1.24774- 2 
 1.10000+ 1 3.30000+ 1 2.05609- 4 1.24812- 2 
 1.10000+ 1 4.10000+ 1 9.52319- 6 1.24996- 2 
 1.10000+ 1 4.30000+ 1 8.39243- 5 1.25119- 2 
 1.10000+ 1 4.40000+ 1 6.50691- 7 1.25160- 2 
 1.30000+ 1 1.30000+ 1 2.38145- 2 1.02394- 2 
 1.30000+ 1 1.40000+ 1 9.02479- 2 1.03492- 2 
 1.30000+ 1 1.60000+ 1 8.60412- 4 1.20287- 2 
 1.30000+ 1 1.80000+ 1 4.41924- 3 1.21619- 2 
 1.30000+ 1 1.90000+ 1 4.65588- 3 1.22932- 2 
 1.30000+ 1 2.10000+ 1 8.85416- 3 1.25097- 2 
 1.30000+ 1 2.20000+ 1 2.04790- 2 1.25332- 2 
 1.30000+ 1 2.40000+ 1 1.40536- 3 1.28182- 2 
 1.30000+ 1 2.50000+ 1 3.84717- 3 1.28232- 2 
 1.30000+ 1 2.70000+ 1 1.84760- 4 1.28255- 2 
 1.30000+ 1 2.90000+ 1 7.69453- 4 1.28743- 2 
 1.30000+ 1 3.00000+ 1 9.20973- 4 1.29001- 2 
 1.30000+ 1 3.20000+ 1 9.67662- 4 1.29715- 2 
 1.30000+ 1 3.30000+ 1 2.51092- 3 1.29753- 2 
 1.30000+ 1 4.10000+ 1 2.61696- 5 1.29939- 2 
 1.30000+ 1 4.30000+ 1 8.23008- 5 1.30061- 2 
 1.30000+ 1 4.40000+ 1 4.62188- 6 1.30101- 2 
 1.40000+ 1 1.40000+ 1 3.03232- 3 1.04578- 2 
 1.40000+ 1 1.60000+ 1 3.78641- 4 1.21368- 2 
 1.40000+ 1 1.80000+ 1 6.00950- 3 1.22696- 2 
 1.40000+ 1 1.90000+ 1 5.95363- 4 1.24014- 2 
 1.40000+ 1 2.10000+ 1 1.15183- 2 1.26174- 2 
 1.40000+ 1 2.20000+ 1 1.19442- 3 1.26422- 2 
 1.40000+ 1 2.40000+ 1 6.22286- 4 1.29251- 2 
 1.40000+ 1 2.50000+ 1 1.59202- 4 1.29322- 2 
 1.40000+ 1 2.70000+ 1 7.66742- 5 1.29336- 2 
 1.40000+ 1 2.90000+ 1 9.25852- 4 1.29824- 2 
 1.40000+ 1 3.00000+ 1 1.14004- 4 1.30082- 2 
 1.40000+ 1 3.20000+ 1 1.34142- 3 1.30799- 2 
 1.40000+ 1 3.30000+ 1 5.18268- 4 1.30835- 2 
 1.40000+ 1 4.10000+ 1 1.07144- 5 1.31021- 2 
 1.40000+ 1 4.30000+ 1 5.54871- 5 1.31141- 2 
 1.40000+ 1 4.40000+ 1 7.41068- 7 1.31183- 2 
 1.60000+ 1 1.60000+ 1 1.93445- 5 1.37761- 2 
 1.60000+ 1 1.80000+ 1 8.43755- 4 1.39157- 2 
 1.60000+ 1 1.90000+ 1 4.15488- 5 1.40460- 2 
 1.60000+ 1 2.10000+ 1 1.25602- 4 1.42584- 2 
 1.60000+ 1 2.20000+ 1 5.74445- 5 1.42836- 2 
 1.60000+ 1 2.40000+ 1 3.06282- 5 1.45646- 2 
 1.60000+ 1 2.50000+ 1 4.99421- 6 1.45713- 2 
 1.60000+ 1 2.70000+ 1 7.57597- 6 1.45693- 2 
 1.60000+ 1 2.90000+ 1 1.42460- 4 1.46177- 2 
 1.60000+ 1 3.00000+ 1 1.14960- 5 1.46436- 2 
 1.60000+ 1 3.20000+ 1 1.33547- 5 1.47149- 2 
 1.60000+ 1 3.30000+ 1 9.25168- 6 1.47186- 2 
 1.60000+ 1 4.10000+ 1 1.05082- 6 1.47367- 2 
 1.60000+ 1 4.30000+ 1 8.29264- 6 1.47491- 2 
 1.60000+ 1 4.40000+ 1 8.05780- 8 1.47533- 2 
 1.80000+ 1 1.80000+ 1 8.44485- 4 1.40423- 2 
 1.80000+ 1 1.90000+ 1 2.05471- 3 1.41760- 2 
 1.80000+ 1 2.10000+ 1 9.99275- 4 1.43948- 2 
 1.80000+ 1 2.20000+ 1 1.47402- 3 1.44146- 2 
 1.80000+ 1 2.40000+ 1 5.13142- 5 1.46988- 2 
 1.80000+ 1 2.50000+ 1 6.14927- 5 1.47033- 2 
 1.80000+ 1 2.70000+ 1 1.71808- 4 1.47020- 2 
 1.80000+ 1 2.90000+ 1 3.06055- 4 1.47513- 2 
 1.80000+ 1 3.00000+ 1 3.83993- 4 1.47766- 2 
 1.80000+ 1 3.20000+ 1 1.19237- 4 1.48480- 2 
 1.80000+ 1 3.30000+ 1 1.76375- 4 1.48517- 2 
 1.80000+ 1 4.10000+ 1 2.41215- 5 1.48698- 2 
 1.80000+ 1 4.30000+ 1 3.33917- 5 1.48821- 2 
 1.80000+ 1 4.40000+ 1 1.90200- 6 1.48862- 2 
 1.90000+ 1 1.90000+ 1 3.07909- 5 1.43042- 2 
 1.90000+ 1 2.10000+ 1 7.80432- 4 1.45208- 2 
 1.90000+ 1 2.20000+ 1 6.03678- 5 1.45474- 2 
 1.90000+ 1 2.40000+ 1 4.32013- 5 1.48277- 2 
 1.90000+ 1 2.50000+ 1 1.43405- 5 1.48340- 2 
 1.90000+ 1 2.70000+ 1 1.42994- 5 1.48308- 2 
 1.90000+ 1 2.90000+ 1 3.50808- 4 1.48795- 2 
 1.90000+ 1 3.00000+ 1 1.22354- 5 1.49054- 2 
 1.90000+ 1 3.20000+ 1 9.72079- 5 1.49766- 2 
 1.90000+ 1 3.30000+ 1 4.08418- 5 1.49805- 2 
 1.90000+ 1 4.10000+ 1 2.05495- 6 1.49986- 2 
 1.90000+ 1 4.30000+ 1 2.01083- 5 1.50109- 2 
 1.90000+ 1 4.40000+ 1 1.37437- 7 1.50150- 2 
 2.10000+ 1 2.10000+ 1 8.35646- 4 1.47366- 2 
 2.10000+ 1 2.20000+ 1 2.88938- 3 1.47611- 2 
 2.10000+ 1 2.40000+ 1 1.97983- 4 1.50453- 2 
 2.10000+ 1 2.50000+ 1 5.26403- 4 1.50465- 2 
 2.10000+ 1 2.70000+ 1 2.82916- 5 1.50471- 2 
 2.10000+ 1 2.90000+ 1 1.73011- 4 1.50960- 2 
 2.10000+ 1 3.00000+ 1 1.44999- 4 1.51219- 2 
 2.10000+ 1 3.20000+ 1 1.75122- 4 1.51933- 2 
 2.10000+ 1 3.30000+ 1 4.35019- 4 1.51968- 2 
 2.10000+ 1 4.10000+ 1 4.00241- 6 1.52151- 2 
 2.10000+ 1 4.30000+ 1 1.69048- 5 1.52273- 2 
 2.10000+ 1 4.40000+ 1 8.71009- 7 1.52313- 2 
 2.20000+ 1 2.20000+ 1 8.23735- 5 1.47852- 2 
 2.20000+ 1 2.40000+ 1 1.67863- 5 1.50706- 2 
 2.20000+ 1 2.50000+ 1 3.62419- 5 1.50746- 2 
 2.20000+ 1 2.70000+ 1 1.02869- 5 1.50711- 2 
 2.20000+ 1 2.90000+ 1 2.41906- 4 1.51195- 2 
 2.20000+ 1 3.00000+ 1 1.61151- 5 1.51457- 2 
 2.20000+ 1 3.20000+ 1 2.74591- 4 1.52168- 2 
 2.20000+ 1 3.30000+ 1 8.51369- 5 1.52211- 2 
 2.20000+ 1 4.10000+ 1 1.43522- 6 1.52391- 2 
 2.20000+ 1 4.30000+ 1 1.24910- 5 1.52511- 2 
 2.20000+ 1 4.40000+ 1 1.35386- 7 1.52552- 2 
 2.40000+ 1 2.40000+ 1 5.98180- 6 1.53502- 2 
 2.40000+ 1 2.50000+ 1 3.79685- 5 1.53561- 2 
 2.40000+ 1 2.70000+ 1 4.80855- 6 1.53542- 2 
 2.40000+ 1 2.90000+ 1 8.48178- 6 1.54028- 2 
 2.40000+ 1 3.00000+ 1 6.98223- 6 1.54285- 2 
 2.40000+ 1 3.20000+ 1 1.98482- 5 1.54999- 2 
 2.40000+ 1 3.30000+ 1 3.05072- 5 1.55036- 2 
 2.40000+ 1 4.10000+ 1 5.66797- 7 1.55221- 2 
 2.40000+ 1 4.30000+ 1 9.18165- 7 1.55341- 2 
 2.40000+ 1 4.40000+ 1 3.49446- 8 1.55382- 2 
 2.50000+ 1 2.50000+ 1 1.63735- 6 1.53620- 2 
 2.50000+ 1 2.70000+ 1 2.33590- 6 1.53594- 2 
 2.50000+ 1 2.90000+ 1 1.00537- 5 1.54079- 2 
 2.50000+ 1 3.00000+ 1 2.86396- 6 1.54340- 2 
 2.50000+ 1 3.20000+ 1 3.30110- 5 1.55052- 2 
 2.50000+ 1 3.30000+ 1 1.00623- 5 1.55092- 2 
 2.50000+ 1 4.10000+ 1 4.29369- 7 1.55274- 2 
 2.50000+ 1 4.30000+ 1 5.38084- 7 1.55394- 2 
 2.50000+ 1 4.40000+ 1 1.66303- 8 1.55435- 2 
 2.70000+ 1 2.70000+ 1 7.40653- 7 1.53485- 2 
 2.70000+ 1 2.90000+ 1 3.14319- 5 1.53991- 2 
 2.70000+ 1 3.00000+ 1 9.38258- 7 1.54254- 2 
 2.70000+ 1 3.20000+ 1 2.81951- 6 1.54937- 2 
 2.70000+ 1 3.30000+ 1 1.95306- 6 1.54981- 2 
 2.70000+ 1 4.10000+ 1 2.05407- 7 1.55148- 2 
 2.70000+ 1 4.30000+ 1 1.74926- 6 1.55271- 2 
 2.70000+ 1 4.40000+ 1 1.32365- 8 1.55315- 2 
 2.90000+ 1 2.90000+ 1 2.82010- 5 1.54449- 2 
 2.90000+ 1 3.00000+ 1 6.58635- 5 1.54718- 2 
 2.90000+ 1 3.20000+ 1 2.26501- 5 1.55435- 2 
 2.90000+ 1 3.30000+ 1 3.75219- 5 1.55443- 2 
 2.90000+ 1 4.10000+ 1 4.20423- 6 1.55628- 2 
 2.90000+ 1 4.30000+ 1 5.96665- 6 1.55750- 2 
 2.90000+ 1 4.40000+ 1 3.40892- 7 1.55791- 2 
 3.00000+ 1 3.00000+ 1 4.78575- 7 1.54961- 2 
 3.00000+ 1 3.20000+ 1 1.08432- 5 1.55669- 2 
 3.00000+ 1 3.30000+ 1 4.34986- 6 1.55722- 2 
 3.00000+ 1 4.10000+ 1 3.48907- 7 1.55875- 2 
 3.00000+ 1 4.30000+ 1 3.66134- 6 1.55997- 2 
 3.00000+ 1 4.40000+ 1 1.93865- 8 1.56040- 2 
 3.20000+ 1 3.20000+ 1 8.64981- 6 1.56358- 2 
 3.20000+ 1 3.30000+ 1 4.75689- 5 1.56402- 2 
 3.20000+ 1 4.10000+ 1 4.11648- 7 1.56569- 2 
 3.20000+ 1 4.30000+ 1 2.09466- 6 1.56691- 2 
 3.20000+ 1 4.40000+ 1 1.61538- 7 1.56727- 2 
 3.30000+ 1 3.30000+ 1 5.61407- 6 1.56436- 2 
 3.30000+ 1 4.10000+ 1 2.61640- 7 1.56603- 2 
 3.30000+ 1 4.30000+ 1 1.71648- 6 1.56720- 2 
 3.30000+ 1 4.40000+ 1 9.78201- 9 1.56764- 2 
 4.10000+ 1 4.10000+ 1 1.42447- 8 1.56744- 2 
 4.10000+ 1 4.30000+ 1 2.45058- 7 1.56864- 2 
 4.10000+ 1 4.40000+ 1 2.73216- 9 1.56920- 2 
 4.30000+ 1 4.30000+ 1 1.68983- 7 1.56968- 2 
 4.30000+ 1 4.40000+ 1 3.60210- 8 1.56994- 2 

 83000  0  9  2.08980+ 2 180404  2  0.00000+ 0  1.00000+50  0.00000+ 0 
92932 91   .00000+ 0  6.00000+ 0   .00000+ 0   .00000+ 0   .00000+ 0 
 8.00000+ 0 8.00000+ 0 6.02807- 4 5.31813- 3 
 8.00000+ 0 1.00000+ 1 5.60128- 4 5.63550- 3 
 8.00000+ 0 1.10000+ 1 2.01739- 2 6.15807- 3 
 8.00000+ 0 1.30000+ 1 3.07414- 3 6.63843- 3 
 8.00000+ 0 1.40000+ 1 4.74384- 3 6.74778- 3 
 8.00000+ 0 1.60000+ 1 2.28637- 4 8.41939- 3 
 8.00000+ 0 1.80000+ 1 6.18832- 5 8.55075- 3 
 8.00000+ 0 1.90000+ 1 3.22555- 3 8.68236- 3 
 8.00000+ 0 2.10000+ 1 2.89371- 4 8.89820- 3 
 8.00000+ 0 2.20000+ 1 5.37880- 4 8.92290- 3 
 8.00000+ 0 2.40000+ 1 3.48312- 4 9.20618- 3 
 8.00000+ 0 2.50000+ 1 3.78392- 4 9.21225- 3 
 8.00000+ 0 2.70000+ 1 4.47821- 5 9.21389- 3 
 8.00000+ 0 2.90000+ 1 1.05524- 5 9.26272- 3 
 8.00000+ 0 3.00000+ 1 5.43525- 4 9.28868- 3 
 8.00000+ 0 3.20000+ 1 3.29055- 5 9.36015- 3 
 8.00000+ 0 3.30000+ 1 6.18530- 5 9.36391- 3 
 8.00000+ 0 4.10000+ 1 6.20181- 6 9.38209- 3 
 8.00000+ 0 4.30000+ 1 2.42568- 5 9.39444- 3 
 8.00000+ 0 4.40000+ 1 2.78069- 6 9.39865- 3 
 1.00000+ 1 1.00000+ 1 3.93623- 5 5.92239- 3 
 1.00000+ 1 1.10000+ 1 3.48118- 2 6.45455- 3 
 1.00000+ 1 1.30000+ 1 1.81148- 3 6.94669- 3 
 1.00000+ 1 1.40000+ 1 1.47507- 2 7.04764- 3 
 1.00000+ 1 1.60000+ 1 6.67933- 5 8.72312- 3 
 1.00000+ 1 1.80000+ 1 1.68806- 5 8.85781- 3 
 1.00000+ 1 1.90000+ 1 5.85704- 3 8.98730- 3 
 1.00000+ 1 2.10000+ 1 3.19455- 4 9.20347- 3 
 1.00000+ 1 2.20000+ 1 1.99120- 3 9.22807- 3 
 1.00000+ 1 2.40000+ 1 2.28892- 4 9.51213- 3 
 1.00000+ 1 2.50000+ 1 6.27613- 4 9.51728- 3 
 1.00000+ 1 2.70000+ 1 1.29678- 5 9.51932- 3 
 1.00000+ 1 2.90000+ 1 3.20787- 6 9.56844- 3 
 1.00000+ 1 3.00000+ 1 9.70622- 4 9.59391- 3 
 1.00000+ 1 3.20000+ 1 5.68424- 5 9.66563- 3 
 1.00000+ 1 3.30000+ 1 2.27059- 4 9.66924- 3 
 1.00000+ 1 4.10000+ 1 1.79505- 6 9.68757- 3 
 1.00000+ 1 4.30000+ 1 4.23485- 5 9.69980- 3 
 1.00000+ 1 4.40000+ 1 4.87560- 6 9.70394- 3 
 1.10000+ 1 1.10000+ 1 4.38194- 2 6.97354- 3 
 1.10000+ 1 1.30000+ 1 5.00262- 2 7.46325- 3 
 1.10000+ 1 1.40000+ 1 5.48284- 2 7.57497- 3 
 1.10000+ 1 1.60000+ 1 5.22575- 3 9.24209- 3 
 1.10000+ 1 1.80000+ 1 7.85102- 3 9.37484- 3 
 1.10000+ 1 1.90000+ 1 1.75812- 2 9.50690- 3 
 1.10000+ 1 2.10000+ 1 1.02605- 2 9.72227- 3 
 1.10000+ 1 2.20000+ 1 1.24383- 2 9.74711- 3 
 1.10000+ 1 2.40000+ 1 9.32897- 4 1.00299- 2 
 1.10000+ 1 2.50000+ 1 1.19124- 3 1.00365- 2 
 1.10000+ 1 2.70000+ 1 1.09926- 3 1.00381- 2 
 1.10000+ 1 2.90000+ 1 1.50010- 3 1.00868- 2 
 1.10000+ 1 3.00000+ 1 3.13031- 3 1.01128- 2 
 1.10000+ 1 3.20000+ 1 1.22219- 3 1.01842- 2 
 1.10000+ 1 3.30000+ 1 1.74637- 3 1.01879- 2 
 1.10000+ 1 4.10000+ 1 1.54737- 4 1.02064- 2 
 1.10000+ 1 4.30000+ 1 2.17279- 4 1.02186- 2 
 1.10000+ 1 4.40000+ 1 1.57015- 5 1.02227- 2 
 1.30000+ 1 1.30000+ 1 6.84031- 3 7.94621- 3 
 1.30000+ 1 1.40000+ 1 1.22465- 1 8.05600- 3 
 1.30000+ 1 1.60000+ 1 6.31861- 4 9.73548- 3 
 1.30000+ 1 1.80000+ 1 4.06998- 4 9.86864- 3 
 1.30000+ 1 1.90000+ 1 6.64372- 3 1.00000- 2 
 1.30000+ 1 2.10000+ 1 2.38957- 3 1.02165- 2 
 1.30000+ 1 2.20000+ 1 2.06762- 2 1.02399- 2 
 1.30000+ 1 2.40000+ 1 4.24928- 4 1.05249- 2 
 1.30000+ 1 2.50000+ 1 2.01534- 3 1.05300- 2 
 1.30000+ 1 2.70000+ 1 1.30212- 4 1.05322- 2 
 1.30000+ 1 2.90000+ 1 7.47480- 5 1.05811- 2 
 1.30000+ 1 3.00000+ 1 1.14374- 3 1.06069- 2 
 1.30000+ 1 3.20000+ 1 4.23017- 4 1.06783- 2 
 1.30000+ 1 3.30000+ 1 2.02620- 3 1.06821- 2 
 1.30000+ 1 4.10000+ 1 1.82884- 5 1.07007- 2 
 1.30000+ 1 4.30000+ 1 5.33176- 5 1.07129- 2 
 1.30000+ 1 4.40000+ 1 5.68165- 6 1.07169- 2 
 1.40000+ 1 1.40000+ 1 7.17924- 2 8.16459- 3 
 1.40000+ 1 1.60000+ 1 1.31379- 3 9.84361- 3 
 1.40000+ 1 1.80000+ 1 2.96657- 3 9.97641- 3 
 1.40000+ 1 1.90000+ 1 1.00205- 2 1.01082- 2 
 1.40000+ 1 2.10000+ 1 1.99515- 2 1.03241- 2 
 1.40000+ 1 2.20000+ 1 2.49327- 2 1.03490- 2 
 1.40000+ 1 2.40000+ 1 6.11944- 3 1.06319- 2 
 1.40000+ 1 2.50000+ 1 3.65401- 3 1.06390- 2 
 1.40000+ 1 2.70000+ 1 2.82304- 4 1.06404- 2 
 1.40000+ 1 2.90000+ 1 4.83201- 4 1.06891- 2 
 1.40000+ 1 3.00000+ 1 1.73784- 3 1.07150- 2 
 1.40000+ 1 3.20000+ 1 2.69458- 3 1.07867- 2 
 1.40000+ 1 3.30000+ 1 3.36714- 3 1.07903- 2 
 1.40000+ 1 4.10000+ 1 4.00401- 5 1.08089- 2 
 1.40000+ 1 4.30000+ 1 1.01476- 4 1.08209- 2 
 1.40000+ 1 4.40000+ 1 8.63387- 6 1.08250- 2 
 1.60000+ 1 1.60000+ 1 2.25680- 5 1.14830- 2 
 1.60000+ 1 1.80000+ 1 3.06343- 5 1.16225- 2 
 1.60000+ 1 1.90000+ 1 8.05722- 4 1.17528- 2 
 1.60000+ 1 2.10000+ 1 9.59399- 5 1.19652- 2 
 1.60000+ 1 2.20000+ 1 1.26745- 4 1.19904- 2 
 1.60000+ 1 2.40000+ 1 6.82456- 5 1.22714- 2 
 1.60000+ 1 2.50000+ 1 3.40597- 5 1.22780- 2 
 1.60000+ 1 2.70000+ 1 8.91451- 6 1.22761- 2 
 1.60000+ 1 2.90000+ 1 2.80659- 6 1.23245- 2 
 1.60000+ 1 3.00000+ 1 1.38098- 4 1.23504- 2 
 1.60000+ 1 3.20000+ 1 8.96588- 6 1.24217- 2 
 1.60000+ 1 3.30000+ 1 1.68687- 5 1.24254- 2 
 1.60000+ 1 4.10000+ 1 1.23776- 6 1.24435- 2 
 1.60000+ 1 4.30000+ 1 6.17542- 6 1.24558- 2 
 1.60000+ 1 4.40000+ 1 7.10371- 7 1.24601- 2 
 1.80000+ 1 1.80000+ 1 1.90347- 6 1.17491- 2 
 1.80000+ 1 1.90000+ 1 1.30841- 3 1.18828- 2 
 1.80000+ 1 2.10000+ 1 8.94838- 5 1.21016- 2 
 1.80000+ 1 2.20000+ 1 5.78408- 4 1.21214- 2 
 1.80000+ 1 2.40000+ 1 4.21403- 5 1.24056- 2 
 1.80000+ 1 2.50000+ 1 8.00489- 5 1.24101- 2 
 1.80000+ 1 2.70000+ 1 2.61655- 6 1.24087- 2 
 1.80000+ 1 2.90000+ 1 4.77281- 7 1.24581- 2 
 1.80000+ 1 3.00000+ 1 2.25370- 4 1.24834- 2 
 1.80000+ 1 3.20000+ 1 1.35588- 5 1.25548- 2 
 1.80000+ 1 3.30000+ 1 5.04595- 5 1.25585- 2 
 1.80000+ 1 4.10000+ 1 3.44398- 7 1.25766- 2 
 1.80000+ 1 4.30000+ 1 9.61581- 6 1.25888- 2 
 1.80000+ 1 4.40000+ 1 1.11830- 6 1.25929- 2 
 1.90000+ 1 1.90000+ 1 1.67374- 3 1.20110- 2 
 1.90000+ 1 2.10000+ 1 1.83858- 3 1.22276- 2 
 1.90000+ 1 2.20000+ 1 1.58864- 3 1.22542- 2 
 1.90000+ 1 2.40000+ 1 1.08420- 4 1.25345- 2 
 1.90000+ 1 2.50000+ 1 1.56263- 4 1.25408- 2 
 1.90000+ 1 2.70000+ 1 1.73172- 4 1.25376- 2 
 1.90000+ 1 2.90000+ 1 2.42984- 4 1.25863- 2 
 1.90000+ 1 3.00000+ 1 5.89305- 4 1.26122- 2 
 1.90000+ 1 3.20000+ 1 1.92703- 4 1.26833- 2 
 1.90000+ 1 3.30000+ 1 2.74070- 4 1.26873- 2 
 1.90000+ 1 4.10000+ 1 2.43891- 5 1.27054- 2 
 1.90000+ 1 4.30000+ 1 3.90119- 5 1.27176- 2 
 1.90000+ 1 4.40000+ 1 2.97717- 6 1.27218- 2 
 2.10000+ 1 2.10000+ 1 2.34522- 4 1.24434- 2 
 2.10000+ 1 2.20000+ 1 3.55069- 3 1.24679- 2 
 2.10000+ 1 2.40000+ 1 7.33355- 5 1.27521- 2 
 2.10000+ 1 2.50000+ 1 5.00298- 4 1.27533- 2 
 2.10000+ 1 2.70000+ 1 1.57387- 5 1.27539- 2 
 2.10000+ 1 2.90000+ 1 1.48162- 5 1.28027- 2 
 2.10000+ 1 3.00000+ 1 1.99938- 4 1.28287- 2 
 2.10000+ 1 3.20000+ 1 8.81583- 5 1.29001- 2 
 2.10000+ 1 3.30000+ 1 4.29086- 4 1.29036- 2 
 2.10000+ 1 4.10000+ 1 2.14311- 6 1.29219- 2 
 2.10000+ 1 4.30000+ 1 1.13324- 5 1.29341- 2 
 2.10000+ 1 4.40000+ 1 1.23625- 6 1.29381- 2 
 2.20000+ 1 2.20000+ 1 2.04094- 3 1.24920- 2 
 2.20000+ 1 2.40000+ 1 2.92996- 4 1.27774- 2 
 2.20000+ 1 2.50000+ 1 5.51525- 4 1.27814- 2 
 2.20000+ 1 2.70000+ 1 3.20387- 5 1.27779- 2 
 2.20000+ 1 2.90000+ 1 1.37306- 4 1.28263- 2 
 2.20000+ 1 3.00000+ 1 3.48926- 4 1.28525- 2 
 2.20000+ 1 3.20000+ 1 5.07413- 4 1.29236- 2 
 2.20000+ 1 3.30000+ 1 4.37387- 4 1.29279- 2 
 2.20000+ 1 4.10000+ 1 4.62330- 6 1.29458- 2 
 2.20000+ 1 4.30000+ 1 2.01202- 5 1.29579- 2 
 2.20000+ 1 4.40000+ 1 1.79629- 6 1.29620- 2 
 2.40000+ 1 2.40000+ 1 5.71745- 6 1.30570- 2 
 2.40000+ 1 2.50000+ 1 8.48098- 5 1.30629- 2 
 2.40000+ 1 2.70000+ 1 7.89284- 6 1.30609- 2 
 2.40000+ 1 2.90000+ 1 5.67435- 6 1.31096- 2 
 2.40000+ 1 3.00000+ 1 1.66264- 5 1.31353- 2 
 2.40000+ 1 3.20000+ 1 1.24514- 5 1.32067- 2 
 2.40000+ 1 3.30000+ 1 5.87271- 5 1.32104- 2 
 2.40000+ 1 4.10000+ 1 9.06515- 7 1.32289- 2 
 2.40000+ 1 4.30000+ 1 1.12201- 6 1.32409- 2 
 2.40000+ 1 4.40000+ 1 9.46495- 8 1.32450- 2 
 2.50000+ 1 2.50000+ 1 1.66381- 5 1.30688- 2 
 2.50000+ 1 2.70000+ 1 1.13527- 5 1.30661- 2 
 2.50000+ 1 2.90000+ 1 1.57681- 5 1.31147- 2 
 2.50000+ 1 3.00000+ 1 2.57457- 5 1.31408- 2 
 2.50000+ 1 3.20000+ 1 4.08395- 5 1.32120- 2 
 2.50000+ 1 3.30000+ 1 5.28238- 5 1.32159- 2 
 2.50000+ 1 4.10000+ 1 1.74690- 6 1.32342- 2 
 2.50000+ 1 4.30000+ 1 1.84713- 6 1.32462- 2 
 2.50000+ 1 4.40000+ 1 1.26892- 7 1.32503- 2 
 2.70000+ 1 2.70000+ 1 8.81127- 7 1.30553- 2 
 2.70000+ 1 2.90000+ 1 2.56822- 6 1.31059- 2 
 2.70000+ 1 3.00000+ 1 2.70389- 5 1.31321- 2 
 2.70000+ 1 3.20000+ 1 2.82958- 6 1.32005- 2 
 2.70000+ 1 3.30000+ 1 2.74563- 6 1.32048- 2 
 2.70000+ 1 4.10000+ 1 2.44680- 7 1.32216- 2 
 2.70000+ 1 4.30000+ 1 1.30047- 6 1.32339- 2 
 2.70000+ 1 4.40000+ 1 1.47522- 7 1.32382- 2 
 2.90000+ 1 2.90000+ 1 1.83778- 7 1.31517- 2 
 2.90000+ 1 3.00000+ 1 4.21367- 5 1.31786- 2 
 2.90000+ 1 3.20000+ 1 3.92006- 6 1.32503- 2 
 2.90000+ 1 3.30000+ 1 1.53192- 5 1.32511- 2 
 2.90000+ 1 4.10000+ 1 7.07185- 8 1.32696- 2 
 2.90000+ 1 4.30000+ 1 1.82289- 6 1.32818- 2 
 2.90000+ 1 4.40000+ 1 2.15474- 7 1.32858- 2 
 3.00000+ 1 3.00000+ 1 5.12688- 5 1.32029- 2 
 3.00000+ 1 3.20000+ 1 5.15510- 5 1.32737- 2 
 3.00000+ 1 3.30000+ 1 1.99701- 5 1.32790- 2 
 3.00000+ 1 4.10000+ 1 4.09622- 6 1.32943- 2 
 3.00000+ 1 4.30000+ 1 6.76701- 6 1.33065- 2 
 3.00000+ 1 4.40000+ 1 5.15554- 7 1.33108- 2 
 3.20000+ 1 3.20000+ 1 5.49198- 6 1.33425- 2 
 3.20000+ 1 3.30000+ 1 5.92658- 5 1.33469- 2 
 3.20000+ 1 4.10000+ 1 3.14447- 7 1.33637- 2 
 3.20000+ 1 4.30000+ 1 1.56827- 6 1.33759- 2 
 3.20000+ 1 4.40000+ 1 2.11018- 7 1.33794- 2 
 3.30000+ 1 3.30000+ 1 2.70303- 5 1.33504- 2 
 3.30000+ 1 4.10000+ 1 4.76374- 7 1.33671- 2 
 3.30000+ 1 4.30000+ 1 2.47107- 6 1.33788- 2 
 3.30000+ 1 4.40000+ 1 2.18370- 7 1.33832- 2 
 4.10000+ 1 4.10000+ 1 1.69805- 8 1.33812- 2 
 4.10000+ 1 4.30000+ 1 1.85448- 7 1.33931- 2 
 4.10000+ 1 4.40000+ 1 1.85302- 8 1.33988- 2 
 4.30000+ 1 4.30000+ 1 1.11314- 7 1.34036- 2 
 4.30000+ 1 4.40000+ 1 6.95144- 8 1.34060- 2 

 83000  0  9  2.08980+ 2 180404  2  0.00000+ 0  1.00000+50  0.00000+ 0 
92932 91   .00000+ 0  8.00000+ 0   .00000+ 0   .00000+ 0   .00000+ 0 
 1.00000+ 1 2.40000+ 1 1.16724- 2 1.01070- 4 
 1.00000+ 1 2.50000+ 1 1.69695- 2 1.06217- 4 
 1.00000+ 1 2.70000+ 1 8.74114- 3 1.08257- 4 
 1.00000+ 1 2.90000+ 1 1.06184- 2 1.57378- 4 
 1.00000+ 1 3.00000+ 1 1.57761- 2 1.82850- 4 
 1.00000+ 1 3.20000+ 1 1.08665- 2 2.54571- 4 
 1.00000+ 1 3.30000+ 1 1.64540- 2 2.58180- 4 
 1.00000+ 1 4.10000+ 1 1.70521- 3 2.76494- 4 
 1.00000+ 1 4.30000+ 1 1.52819- 3 2.88745- 4 
 1.00000+ 1 4.40000+ 1 9.49073- 5 2.92884- 4 
 1.10000+ 1 1.90000+ 1 4.33664- 2 9.57779- 5 
 1.10000+ 1 2.10000+ 1 2.81077- 2 3.11208- 4 
 1.10000+ 1 2.20000+ 1 3.82555- 2 3.36034- 4 
 1.10000+ 1 2.40000+ 1 2.09495- 1 6.18876- 4 
 1.10000+ 1 2.50000+ 1 2.21023- 1 6.25369- 4 
 1.10000+ 1 2.70000+ 1 1.28553- 2 6.26988- 4 
 1.10000+ 1 2.90000+ 1 1.34623- 2 6.75785- 4 
 1.10000+ 1 3.00000+ 1 1.46925- 2 7.01680- 4 
 1.10000+ 1 3.20000+ 1 4.15064- 3 7.73113- 4 
 1.10000+ 1 3.30000+ 1 6.44383- 3 7.76867- 4 
 1.10000+ 1 4.10000+ 1 1.88931- 3 7.95311- 4 
 1.10000+ 1 4.30000+ 1 1.43505- 3 8.07577- 4 
 1.10000+ 1 4.40000+ 1 7.81098- 5 8.11685- 4 
 1.30000+ 1 1.60000+ 1 2.56528- 2 3.24421- 4 
 1.30000+ 1 1.80000+ 1 6.47911- 3 4.57578- 4 
 1.30000+ 1 1.90000+ 1 7.55660- 3 5.88943- 4 
 1.30000+ 1 2.10000+ 1 1.08878- 2 8.05444- 4 
 1.30000+ 1 2.20000+ 1 1.27678- 2 8.28877- 4 
 1.30000+ 1 2.40000+ 1 1.04912- 2 1.11388- 3 
 1.30000+ 1 2.50000+ 1 1.10637- 2 1.11894- 3 
 1.30000+ 1 2.70000+ 1 3.91790- 3 1.12118- 3 
 1.30000+ 1 2.90000+ 1 1.03037- 3 1.17003- 3 
 1.30000+ 1 3.00000+ 1 1.04094- 3 1.19587- 3 
 1.30000+ 1 3.20000+ 1 1.02565- 3 1.26723- 3 
 1.30000+ 1 3.30000+ 1 1.72525- 3 1.27102- 3 
 1.30000+ 1 4.10000+ 1 5.14097- 4 1.28960- 3 
 1.30000+ 1 4.30000+ 1 9.78480- 5 1.30179- 3 
 1.30000+ 1 4.40000+ 1 5.05912- 6 1.30587- 3 
 1.40000+ 1 1.60000+ 1 3.68432- 2 4.32518- 4 
 1.40000+ 1 1.80000+ 1 1.35266- 3 5.65354- 4 
 1.40000+ 1 1.90000+ 1 1.25170- 2 6.97112- 4 
 1.40000+ 1 2.10000+ 1 1.46412- 2 9.13073- 4 
 1.40000+ 1 2.20000+ 1 2.01323- 2 9.37917- 4 
 1.40000+ 1 2.40000+ 1 1.63396- 2 1.22082- 3 
 1.40000+ 1 2.50000+ 1 1.51837- 2 1.22787- 3 
 1.40000+ 1 2.70000+ 1 5.47116- 3 1.22927- 3 
 1.40000+ 1 2.90000+ 1 2.56439- 4 1.27809- 3 
 1.40000+ 1 3.00000+ 1 1.83731- 3 1.30393- 3 
 1.40000+ 1 3.20000+ 1 1.82807- 3 1.37559- 3 
 1.40000+ 1 3.30000+ 1 2.37490- 3 1.37923- 3 
 1.40000+ 1 4.10000+ 1 7.20444- 4 1.39780- 3 
 1.40000+ 1 4.30000+ 1 9.38176- 5 1.40985- 3 
 1.40000+ 1 4.40000+ 1 8.68440- 6 1.41398- 3 
 1.60000+ 1 1.60000+ 1 2.38998- 3 2.07186- 3 
 1.60000+ 1 1.80000+ 1 4.43564- 3 2.21143- 3 
 1.60000+ 1 1.90000+ 1 6.37024- 3 2.34158- 3 
 1.60000+ 1 2.10000+ 1 8.76929- 3 2.55415- 3 
 1.60000+ 1 2.20000+ 1 1.10573- 2 2.57930- 3 
 1.60000+ 1 2.40000+ 1 8.51642- 3 2.86031- 3 
 1.60000+ 1 2.50000+ 1 5.95711- 3 2.86694- 3 
 1.60000+ 1 2.70000+ 1 7.99181- 4 2.86493- 3 
 1.60000+ 1 2.90000+ 1 8.02569- 4 2.91339- 3 
 1.60000+ 1 3.00000+ 1 1.25790- 3 2.93929- 3 
 1.60000+ 1 3.20000+ 1 1.00097- 3 3.01066- 3 
 1.60000+ 1 3.30000+ 1 1.61267- 3 3.01427- 3 
 1.60000+ 1 4.10000+ 1 1.09949- 4 3.03234- 3 
 1.60000+ 1 4.30000+ 1 9.98923- 5 3.04478- 3 
 1.60000+ 1 4.40000+ 1 6.36767- 6 3.04901- 3 
 1.80000+ 1 1.80000+ 1 1.57673- 4 2.33801- 3 
 1.80000+ 1 1.90000+ 1 4.67080- 4 2.47179- 3 
 1.80000+ 1 2.10000+ 1 2.45625- 4 2.69049- 3 
 1.80000+ 1 2.20000+ 1 1.31197- 4 2.71031- 3 
 1.80000+ 1 2.40000+ 1 1.06342- 4 2.99454- 3 
 1.80000+ 1 2.50000+ 1 4.43508- 4 2.99900- 3 
 1.80000+ 1 2.70000+ 1 5.30047- 4 2.99768- 3 
 1.80000+ 1 2.90000+ 1 4.00019- 5 3.04701- 3 
 1.80000+ 1 3.00000+ 1 5.82313- 5 3.07230- 3 
 1.80000+ 1 3.20000+ 1 2.13705- 5 3.14377- 3 
 1.80000+ 1 3.30000+ 1 2.36174- 5 3.14742- 3 
 1.80000+ 1 4.10000+ 1 6.82803- 5 3.16551- 3 
 1.80000+ 1 4.30000+ 1 4.20808- 6 3.17777- 3 
 1.80000+ 1 4.40000+ 1 2.63299- 7 3.18187- 3 
 1.90000+ 1 1.90000+ 1 5.42974- 4 2.59984- 3 
 1.90000+ 1 2.10000+ 1 5.84919- 4 2.81656- 3 
 1.90000+ 1 2.20000+ 1 1.18626- 3 2.84300- 3 
 1.90000+ 1 2.40000+ 1 5.03904- 4 3.12343- 3 
 1.90000+ 1 2.50000+ 1 1.13610- 3 3.12967- 3 
 1.90000+ 1 2.70000+ 1 8.81459- 4 3.12646- 3 
 1.90000+ 1 2.90000+ 1 7.34401- 5 3.17525- 3 
 1.90000+ 1 3.00000+ 1 1.66430- 4 3.20108- 3 
 1.90000+ 1 3.20000+ 1 7.87278- 5 3.27227- 3 
 1.90000+ 1 3.30000+ 1 1.45214- 4 3.27623- 3 
 1.90000+ 1 4.10000+ 1 1.14682- 4 3.29431- 3 
 1.90000+ 1 4.30000+ 1 1.12988- 5 3.30659- 3 
 1.90000+ 1 4.40000+ 1 8.20888- 7 3.31073- 3 
 2.10000+ 1 2.10000+ 1 1.04674- 4 3.03235- 3 
 2.10000+ 1 2.20000+ 1 4.61094- 4 3.05686- 3 
 2.10000+ 1 2.40000+ 1 6.73848- 4 3.34105- 3 
 2.10000+ 1 2.50000+ 1 5.62408- 3 3.34227- 3 
 2.10000+ 1 2.70000+ 1 1.05933- 3 3.34286- 3 
 2.10000+ 1 2.90000+ 1 2.91018- 5 3.39168- 3 
 2.10000+ 1 3.00000+ 1 6.80697- 5 3.41762- 3 
 2.10000+ 1 3.20000+ 1 1.89015- 5 3.48901- 3 
 2.10000+ 1 3.30000+ 1 5.37246- 5 3.49252- 3 
 2.10000+ 1 4.10000+ 1 1.35429- 4 3.51079- 3 
 2.10000+ 1 4.30000+ 1 4.60851- 6 3.52300- 3 
 2.10000+ 1 4.40000+ 1 3.62817- 7 3.52706- 3 
 2.20000+ 1 2.20000+ 1 1.93249- 4 3.08084- 3 
 2.20000+ 1 2.40000+ 1 1.64902- 4 3.36633- 3 
 2.20000+ 1 2.50000+ 1 1.39041- 3 3.37030- 3 
 2.20000+ 1 2.70000+ 1 1.46664- 3 3.36681- 3 
 2.20000+ 1 2.90000+ 1 2.71849- 5 3.41519- 3 
 2.20000+ 1 3.00000+ 1 1.69920- 4 3.44141- 3 
 2.20000+ 1 3.20000+ 1 5.44630- 5 3.51254- 3 
 2.20000+ 1 3.30000+ 1 3.31110- 5 3.51679- 3 
 2.20000+ 1 4.10000+ 1 1.89849- 4 3.53474- 3 
 2.20000+ 1 4.30000+ 1 8.21506- 6 3.54681- 3 
 2.20000+ 1 4.40000+ 1 7.89782- 7 3.55094- 3 
 2.40000+ 1 2.40000+ 1 8.78601- 4 3.64590- 3 
 2.40000+ 1 2.50000+ 1 4.36910- 3 3.65183- 3 
 2.40000+ 1 2.70000+ 1 8.07046- 4 3.64985- 3 
 2.40000+ 1 2.90000+ 1 1.35377- 5 3.69852- 3 
 2.40000+ 1 3.00000+ 1 6.38642- 5 3.72422- 3 
 2.40000+ 1 3.20000+ 1 9.46077- 5 3.79562- 3 
 2.40000+ 1 3.30000+ 1 4.42279- 4 3.79934- 3 
 2.40000+ 1 4.10000+ 1 9.33629- 5 3.81779- 3 
 2.40000+ 1 4.30000+ 1 3.22904- 6 3.82983- 3 
 2.40000+ 1 4.40000+ 1 2.94048- 7 3.83394- 3 
 2.50000+ 1 2.50000+ 1 9.36377- 4 3.65766- 3 
 2.50000+ 1 2.70000+ 1 8.42427- 4 3.65505- 3 
 2.50000+ 1 2.90000+ 1 8.18121- 5 3.70360- 3 
 2.50000+ 1 3.00000+ 1 1.11364- 4 3.72972- 3 
 2.50000+ 1 3.20000+ 1 3.07066- 4 3.80093- 3 
 2.50000+ 1 3.30000+ 1 1.42784- 4 3.80487- 3 
 2.50000+ 1 4.10000+ 1 1.15423- 4 3.82309- 3 
 2.50000+ 1 4.30000+ 1 9.05701- 6 3.83511- 3 
 2.50000+ 1 4.40000+ 1 5.01078- 7 3.83926- 3 
 2.70000+ 1 2.70000+ 1 6.31541- 5 3.64419- 3 
 2.70000+ 1 2.90000+ 1 1.23371- 4 3.69482- 3 
 2.70000+ 1 3.00000+ 1 1.43713- 4 3.72099- 3 
 2.70000+ 1 3.20000+ 1 1.60162- 4 3.78941- 3 
 2.70000+ 1 3.30000+ 1 1.72360- 4 3.79374- 3 
 2.70000+ 1 4.10000+ 1 1.69779- 5 3.81047- 3 
 2.70000+ 1 4.30000+ 1 1.29752- 5 3.82286- 3 
 2.70000+ 1 4.40000+ 1 7.98240- 7 3.82718- 3 
 2.90000+ 1 2.90000+ 1 3.26898- 6 3.74067- 3 
 2.90000+ 1 3.00000+ 1 9.05790- 6 3.76750- 3 
 2.90000+ 1 3.20000+ 1 3.03243- 6 3.83923- 3 
 2.90000+ 1 3.30000+ 1 3.39857- 6 3.84002- 3 
 2.90000+ 1 4.10000+ 1 1.33847- 5 3.85852- 3 
 2.90000+ 1 4.30000+ 1 6.14825- 7 3.87074- 3 
 2.90000+ 1 4.40000+ 1 4.18550- 8 3.87478- 3 
 3.00000+ 1 3.00000+ 1 1.11669- 5 3.79177- 3 
 3.00000+ 1 3.20000+ 1 1.30582- 5 3.86260- 3 
 3.00000+ 1 3.30000+ 1 1.79049- 5 3.86787- 3 
 3.00000+ 1 4.10000+ 1 2.12421- 5 3.88317- 3 
 3.00000+ 1 4.30000+ 1 1.52028- 6 3.89540- 3 
 3.00000+ 1 4.40000+ 1 1.08354- 7 3.89973- 3 
 3.20000+ 1 3.20000+ 1 1.01061- 6 3.93148- 3 
 3.20000+ 1 3.30000+ 1 6.22448- 6 3.93587- 3 
 3.20000+ 1 4.10000+ 1 1.83199- 5 3.95265- 3 
 3.20000+ 1 4.30000+ 1 5.97437- 7 3.96486- 3 
 3.20000+ 1 4.40000+ 1 4.57008- 8 3.96839- 3 
 3.30000+ 1 3.30000+ 1 1.34629- 6 3.93926- 3 
 3.30000+ 1 4.10000+ 1 2.46120- 5 3.95597- 3 
 3.30000+ 1 4.30000+ 1 1.04454- 6 3.96774- 3 
 3.30000+ 1 4.40000+ 1 9.20545- 8 3.97210- 3 
 4.10000+ 1 4.10000+ 1 1.14656- 6 3.97008- 3 
 4.10000+ 1 4.30000+ 1 1.69107- 6 3.98209- 3 
 4.10000+ 1 4.40000+ 1 9.52532- 8 3.98775- 3 
 4.30000+ 1 4.30000+ 1 2.47646- 8 3.99254- 3 
 4.30000+ 1 4.40000+ 1 1.44953- 8 3.99512- 3 

 83000  0  9  2.08980+ 2 180404  2  0.00000+ 0  1.00000+50  0.00000+ 0 
92932 91   .00000+ 0  1.00000+ 1   .00000+ 0   .00000+ 0   .00000+ 0 
 1.10000+ 1 2.10000+ 1 4.76786- 3 6.22841- 6 
 1.10000+ 1 2.20000+ 1 1.89162- 3 3.06876- 5 
 1.10000+ 1 2.40000+ 1 4.57662- 2 3.13512- 4 
 1.10000+ 1 2.50000+ 1 2.04741- 2 3.20035- 4 
 1.10000+ 1 2.70000+ 1 3.47488- 3 3.21657- 4 
 1.10000+ 1 2.90000+ 1 4.24506- 3 3.70426- 4 
 1.10000+ 1 3.00000+ 1 3.43057- 3 3.96342- 4 
 1.10000+ 1 3.20000+ 1 1.11636- 3 4.67754- 4 
 1.10000+ 1 3.30000+ 1 2.26635- 3 4.71517- 4 
 1.10000+ 1 4.10000+ 1 4.97690- 4 4.89999- 4 
 1.10000+ 1 4.30000+ 1 3.65980- 4 5.02215- 4 
 1.10000+ 1 4.40000+ 1 1.69646- 5 5.06323- 4 
 1.30000+ 1 1.60000+ 1 9.36205- 3 1.90604- 5 
 1.30000+ 1 1.80000+ 1 4.69588- 2 1.52215- 4 
 1.30000+ 1 1.90000+ 1 5.27357- 2 2.83580- 4 
 1.30000+ 1 2.10000+ 1 2.72429- 2 5.00081- 4 
 1.30000+ 1 2.20000+ 1 2.86491- 2 5.23514- 4 
 1.30000+ 1 2.40000+ 1 1.62019- 1 8.08521- 4 
 1.30000+ 1 2.50000+ 1 3.10563- 1 8.13577- 4 
 1.30000+ 1 2.70000+ 1 1.40687- 2 8.15816- 4 
 1.30000+ 1 2.90000+ 1 1.10298- 2 8.64663- 4 
 1.30000+ 1 3.00000+ 1 1.31001- 2 8.90507- 4 
 1.30000+ 1 3.20000+ 1 3.56371- 3 9.61872- 4 
 1.30000+ 1 3.30000+ 1 5.10381- 3 9.65663- 4 
 1.30000+ 1 4.10000+ 1 2.05106- 3 9.84247- 4 
 1.30000+ 1 4.30000+ 1 1.19343- 3 9.96430- 4 
 1.30000+ 1 4.40000+ 1 6.81946- 5 1.00050- 3 
 1.40000+ 1 1.60000+ 1 6.51287- 3 1.27188- 4 
 1.40000+ 1 1.80000+ 1 6.28655- 2 2.59993- 4 
 1.40000+ 1 1.90000+ 1 4.66684- 3 3.91772- 4 
 1.40000+ 1 2.10000+ 1 8.06247- 4 6.07710- 4 
 1.40000+ 1 2.20000+ 1 3.03092- 3 6.32597- 4 
 1.40000+ 1 2.40000+ 1 4.84106- 3 9.15460- 4 
 1.40000+ 1 2.50000+ 1 3.08659- 3 9.22544- 4 
 1.40000+ 1 2.70000+ 1 1.29716- 3 9.23933- 4 
 1.40000+ 1 2.90000+ 1 8.39655- 3 9.72726- 4 
 1.40000+ 1 3.00000+ 1 9.32186- 4 9.98581- 4 
 1.40000+ 1 3.20000+ 1 1.51188- 4 1.07023- 3 
 1.40000+ 1 3.30000+ 1 3.38382- 4 1.07388- 3 
 1.40000+ 1 4.10000+ 1 1.72737- 4 1.09247- 3 
 1.40000+ 1 4.30000+ 1 4.71925- 4 1.10449- 3 
 1.40000+ 1 4.40000+ 1 6.10695- 6 1.10861- 3 
 1.60000+ 1 1.60000+ 1 3.06798- 4 1.76648- 3 
 1.60000+ 1 1.80000+ 1 5.32638- 3 1.90606- 3 
 1.60000+ 1 1.90000+ 1 3.61561- 4 2.03639- 3 
 1.60000+ 1 2.10000+ 1 2.36893- 4 2.24878- 3 
 1.60000+ 1 2.20000+ 1 4.03977- 4 2.27400- 3 
 1.60000+ 1 2.40000+ 1 1.40886- 4 2.55498- 3 
 1.60000+ 1 2.50000+ 1 3.84136- 4 2.56161- 3 
 1.60000+ 1 2.70000+ 1 9.71117- 5 2.55964- 3 
 1.60000+ 1 2.90000+ 1 6.19400- 4 2.60803- 3 
 1.60000+ 1 3.00000+ 1 9.22077- 5 2.63397- 3 
 1.60000+ 1 3.20000+ 1 1.69162- 5 2.70530- 3 
 1.60000+ 1 3.30000+ 1 5.48902- 5 2.70893- 3 
 1.60000+ 1 4.10000+ 1 1.29497- 5 2.72704- 3 
 1.60000+ 1 4.30000+ 1 3.53656- 5 2.73942- 3 
 1.60000+ 1 4.40000+ 1 5.33414- 7 2.74365- 3 
 1.80000+ 1 1.80000+ 1 4.08907- 3 2.03264- 3 
 1.80000+ 1 1.90000+ 1 1.12821- 2 2.16640- 3 
 1.80000+ 1 2.10000+ 1 1.20084- 2 2.38513- 3 
 1.80000+ 1 2.20000+ 1 1.92454- 2 2.40495- 3 
 1.80000+ 1 2.40000+ 1 8.88559- 3 2.68917- 3 
 1.80000+ 1 2.50000+ 1 1.24939- 2 2.69364- 3 
 1.80000+ 1 2.70000+ 1 1.09255- 3 2.69232- 3 
 1.80000+ 1 2.90000+ 1 1.30184- 3 2.74165- 3 
 1.80000+ 1 3.00000+ 1 2.14386- 3 2.76694- 3 
 1.80000+ 1 3.20000+ 1 1.49496- 3 2.83841- 3 
 1.80000+ 1 3.30000+ 1 2.53997- 3 2.84206- 3 
 1.80000+ 1 4.10000+ 1 1.54454- 4 2.86016- 3 
 1.80000+ 1 4.30000+ 1 1.60697- 4 2.87241- 3 
 1.80000+ 1 4.40000+ 1 1.05745- 5 2.87651- 3 
 1.90000+ 1 1.90000+ 1 1.99234- 4 2.29458- 3 
 1.90000+ 1 2.10000+ 1 4.49842- 4 2.51120- 3 
 1.90000+ 1 2.20000+ 1 2.73823- 4 2.53774- 3 
 1.90000+ 1 2.40000+ 1 4.34092- 3 2.81807- 3 
 1.90000+ 1 2.50000+ 1 6.76997- 4 2.82435- 3 
 1.90000+ 1 2.70000+ 1 8.18785- 5 2.82114- 3 
 1.90000+ 1 2.90000+ 1 1.36246- 3 2.86989- 3 
 1.90000+ 1 3.00000+ 1 6.79252- 5 2.89575- 3 
 1.90000+ 1 3.20000+ 1 6.19096- 5 2.96691- 3 
 1.90000+ 1 3.30000+ 1 6.89942- 5 2.97088- 3 
 1.90000+ 1 4.10000+ 1 1.10380- 5 2.98900- 3 
 1.90000+ 1 4.30000+ 1 7.44482- 5 3.00123- 3 
 1.90000+ 1 4.40000+ 1 6.17943- 7 3.00537- 3 
 2.10000+ 1 2.10000+ 1 4.03520- 4 2.72699- 3 
 2.10000+ 1 2.20000+ 1 9.39391- 4 2.75148- 3 
 2.10000+ 1 2.40000+ 1 7.27421- 4 3.03569- 3 
 2.10000+ 1 2.50000+ 1 2.18119- 3 3.03690- 3 
 2.10000+ 1 2.70000+ 1 2.60466- 5 3.03750- 3 
 2.10000+ 1 2.90000+ 1 1.44901- 3 3.08632- 3 
 2.10000+ 1 3.00000+ 1 4.98563- 4 3.11225- 3 
 2.10000+ 1 3.20000+ 1 8.23518- 5 3.18365- 3 
 2.10000+ 1 3.30000+ 1 1.09588- 4 3.18716- 3 
 2.10000+ 1 4.10000+ 1 3.38645- 6 3.20544- 3 
 2.10000+ 1 4.30000+ 1 7.66954- 5 3.21764- 3 
 2.10000+ 1 4.40000+ 1 7.09507- 7 3.22170- 3 
 2.20000+ 1 2.20000+ 1 1.41630- 4 2.77554- 3 
 2.20000+ 1 2.40000+ 1 4.34914- 4 3.06097- 3 
 2.20000+ 1 2.50000+ 1 3.82746- 4 3.06501- 3 
 2.20000+ 1 2.70000+ 1 8.21018- 5 3.06148- 3 
 2.20000+ 1 2.90000+ 1 1.89325- 3 3.10983- 3 
 2.20000+ 1 3.00000+ 1 6.16722- 5 3.13607- 3 
 2.20000+ 1 3.20000+ 1 8.88762- 5 3.20718- 3 
 2.20000+ 1 3.30000+ 1 4.09334- 5 3.21144- 3 
 2.20000+ 1 4.10000+ 1 1.13025- 5 3.22942- 3 
 2.20000+ 1 4.30000+ 1 1.18710- 4 3.24145- 3 
 2.20000+ 1 4.40000+ 1 7.36685- 7 3.24558- 3 
 2.40000+ 1 2.40000+ 1 1.76918- 3 3.34054- 3 
 2.40000+ 1 2.50000+ 1 1.13161- 2 3.34646- 3 
 2.40000+ 1 2.70000+ 1 1.89003- 5 3.34451- 3 
 2.40000+ 1 2.90000+ 1 1.00179- 3 3.39316- 3 
 2.40000+ 1 3.00000+ 1 7.24246- 4 3.41885- 3 
 2.40000+ 1 3.20000+ 1 1.07887- 4 3.49026- 3 
 2.40000+ 1 3.30000+ 1 2.56179- 4 3.49398- 3 
 2.40000+ 1 4.10000+ 1 2.43870- 6 3.51246- 3 
 2.40000+ 1 4.30000+ 1 7.54537- 5 3.52447- 3 
 2.40000+ 1 4.40000+ 1 3.83913- 6 3.52858- 3 
 2.50000+ 1 2.50000+ 1 5.49757- 4 3.35235- 3 
 2.50000+ 1 2.70000+ 1 7.27463- 5 3.34971- 3 
 2.50000+ 1 2.90000+ 1 1.29498- 3 3.39824- 3 
 2.50000+ 1 3.00000+ 1 1.44917- 4 3.42436- 3 
 2.50000+ 1 3.20000+ 1 1.48757- 4 3.49557- 3 
 2.50000+ 1 3.30000+ 1 3.76726- 5 3.49952- 3 
 2.50000+ 1 4.10000+ 1 1.01375- 5 3.51777- 3 
 2.50000+ 1 4.30000+ 1 7.54951- 5 3.52975- 3 
 2.50000+ 1 4.40000+ 1 1.01966- 6 3.53390- 3 
 2.70000+ 1 2.70000+ 1 7.71531- 6 3.33881- 3 
 2.70000+ 1 2.90000+ 1 1.41765- 4 3.38946- 3 
 2.70000+ 1 3.00000+ 1 2.27308- 6 3.41572- 3 
 2.70000+ 1 3.20000+ 1 5.40221- 6 3.48405- 3 
 2.70000+ 1 3.30000+ 1 6.65754- 6 3.48841- 3 
 2.70000+ 1 4.10000+ 1 2.06484- 6 3.50518- 3 
 2.70000+ 1 4.30000+ 1 7.24795- 6 3.51749- 3 
 2.70000+ 1 4.40000+ 1 5.88991- 8 3.52182- 3 
 2.90000+ 1 2.90000+ 1 9.81658- 5 3.43530- 3 
 2.90000+ 1 3.00000+ 1 2.60575- 4 3.46215- 3 
 2.90000+ 1 3.20000+ 1 1.77493- 4 3.53387- 3 
 2.90000+ 1 3.30000+ 1 3.21436- 4 3.53466- 3 
 2.90000+ 1 4.10000+ 1 1.85613- 5 3.55317- 3 
 2.90000+ 1 4.30000+ 1 2.14765- 5 3.56537- 3 
 2.90000+ 1 4.40000+ 1 1.34119- 6 3.56942- 3 
 3.00000+ 1 3.00000+ 1 2.37664- 6 3.48648- 3 
 3.00000+ 1 3.20000+ 1 5.63772- 6 3.55724- 3 
 3.00000+ 1 3.30000+ 1 2.13617- 6 3.56256- 3 
 3.00000+ 1 4.10000+ 1 1.68465- 6 3.57786- 3 
 3.00000+ 1 4.30000+ 1 1.36299- 5 3.59003- 3 
 3.00000+ 1 4.40000+ 1 7.89083- 8 3.59437- 3 
 3.20000+ 1 3.20000+ 1 3.71532- 6 3.62612- 3 
 3.20000+ 1 3.30000+ 1 1.25588- 5 3.63051- 3 
 3.20000+ 1 4.10000+ 1 4.88776- 7 3.64729- 3 
 3.20000+ 1 4.30000+ 1 1.08041- 5 3.65950- 3 
 3.20000+ 1 4.40000+ 1 3.33870- 7 3.66303- 3 
 3.30000+ 1 3.30000+ 1 1.81810- 6 3.63394- 3 
 3.30000+ 1 4.10000+ 1 1.15068- 6 3.65065- 3 
 3.30000+ 1 4.30000+ 1 1.44707- 5 3.66238- 3 
 3.30000+ 1 4.40000+ 1 7.28343- 8 3.66673- 3 
 4.10000+ 1 4.10000+ 1 1.38150- 7 3.66471- 3 
 4.10000+ 1 4.30000+ 1 1.01895- 6 3.67673- 3 
 4.10000+ 1 4.40000+ 1 8.67502- 9 3.68239- 3 
 4.30000+ 1 4.30000+ 1 6.00072- 7 3.68718- 3 
 4.30000+ 1 4.40000+ 1 1.33487- 7 3.68975- 3 

 83000  0  9  2.08980+ 2 180404  2  0.00000+ 0  1.00000+50  0.00000+ 0 
92932 91   .00000+ 0  1.10000+ 1   .00000+ 0   .00000+ 0   .00000+ 0 
 1.30000+ 1 2.20000+ 1 7.44240- 4 5.47291- 6 
 1.30000+ 1 2.40000+ 1 1.47633- 2 2.89721- 4 
 1.30000+ 1 2.50000+ 1 2.97973- 2 2.94777- 4 
 1.30000+ 1 2.70000+ 1 3.52430- 3 2.97016- 4 
 1.30000+ 1 2.90000+ 1 3.23208- 3 3.45863- 4 
 1.30000+ 1 3.00000+ 1 9.75798- 3 3.71707- 4 
 1.30000+ 1 3.20000+ 1 1.87096- 3 4.43071- 4 
 1.30000+ 1 3.30000+ 1 3.21555- 3 4.46863- 4 
 1.30000+ 1 4.10000+ 1 5.33466- 4 4.65447- 4 
 1.30000+ 1 4.30000+ 1 6.19483- 4 4.77630- 4 
 1.30000+ 1 4.40000+ 1 5.21717- 5 4.81704- 4 
 1.40000+ 1 2.10000+ 1 5.68035- 2 8.89100- 5 
 1.40000+ 1 2.20000+ 1 7.98642- 2 1.13795- 4 
 1.40000+ 1 2.40000+ 1 2.28905- 1 3.96660- 4 
 1.40000+ 1 2.50000+ 1 2.38672- 1 4.03742- 4 
 1.40000+ 1 2.70000+ 1 2.35559- 2 4.05135- 4 
 1.40000+ 1 2.90000+ 1 2.43031- 2 4.53926- 4 
 1.40000+ 1 3.00000+ 1 2.95524- 2 4.79782- 4 
 1.40000+ 1 3.20000+ 1 1.23390- 2 5.51432- 4 
 1.40000+ 1 3.30000+ 1 1.54847- 2 5.55084- 4 
 1.40000+ 1 4.10000+ 1 3.55904- 3 5.73674- 4 
 1.40000+ 1 4.30000+ 1 2.73187- 3 5.85688- 4 
 1.40000+ 1 4.40000+ 1 1.61425- 4 5.89812- 4 
 1.60000+ 1 1.60000+ 1 1.00881- 4 1.24776- 3 
 1.60000+ 1 1.80000+ 1 5.14007- 4 1.38726- 3 
 1.60000+ 1 1.90000+ 1 7.24412- 3 1.51758- 3 
 1.60000+ 1 2.10000+ 1 4.64981- 4 1.72998- 3 
 1.60000+ 1 2.20000+ 1 3.15554- 4 1.75520- 3 
 1.60000+ 1 2.40000+ 1 2.65549- 3 2.03618- 3 
 1.60000+ 1 2.50000+ 1 1.40227- 3 2.04281- 3 
 1.60000+ 1 2.70000+ 1 3.15351- 5 2.04084- 3 
 1.60000+ 1 2.90000+ 1 3.54082- 5 2.08923- 3 
 1.60000+ 1 3.00000+ 1 8.81370- 4 2.11517- 3 
 1.60000+ 1 3.20000+ 1 3.55087- 5 2.18650- 3 
 1.60000+ 1 3.30000+ 1 4.20097- 5 2.19013- 3 
 1.60000+ 1 4.10000+ 1 4.14505- 6 2.20826- 3 
 1.60000+ 1 4.30000+ 1 3.83255- 5 2.22062- 3 
 1.60000+ 1 4.40000+ 1 4.33664- 6 2.22485- 3 
 1.80000+ 1 1.80000+ 1 1.37310- 5 1.51384- 3 
 1.80000+ 1 1.90000+ 1 9.61183- 3 1.64761- 3 
 1.80000+ 1 2.10000+ 1 2.41804- 4 1.86633- 3 
 1.80000+ 1 2.20000+ 1 3.21887- 3 1.88615- 3 
 1.80000+ 1 2.40000+ 1 1.93840- 3 2.17037- 3 
 1.80000+ 1 2.50000+ 1 5.11129- 3 2.17484- 3 
 1.80000+ 1 2.70000+ 1 5.19131- 5 2.17352- 3 
 1.80000+ 1 2.90000+ 1 3.09753- 6 2.22285- 3 
 1.80000+ 1 3.00000+ 1 1.19840- 3 2.24814- 3 
 1.80000+ 1 3.20000+ 1 3.84911- 5 2.31961- 3 
 1.80000+ 1 3.30000+ 1 2.20859- 4 2.32326- 3 
 1.80000+ 1 4.10000+ 1 6.79773- 6 2.34136- 3 
 1.80000+ 1 4.30000+ 1 4.88543- 5 2.35361- 3 
 1.80000+ 1 4.40000+ 1 5.72793- 6 2.35771- 3 
 1.90000+ 1 1.90000+ 1 1.28373- 2 1.77578- 3 
 1.90000+ 1 2.10000+ 1 2.09653- 2 1.99240- 3 
 1.90000+ 1 2.20000+ 1 2.38468- 2 2.01894- 3 
 1.90000+ 1 2.40000+ 1 2.31355- 2 2.29927- 3 
 1.90000+ 1 2.50000+ 1 1.57180- 2 2.30555- 3 
 1.90000+ 1 2.70000+ 1 1.61166- 3 2.30234- 3 
 1.90000+ 1 2.90000+ 1 1.82472- 3 2.35109- 3 
 1.90000+ 1 3.00000+ 1 3.96934- 3 2.37695- 3 
 1.90000+ 1 3.20000+ 1 2.44382- 3 2.44811- 3 
 1.90000+ 1 3.30000+ 1 3.47527- 3 2.45208- 3 
 1.90000+ 1 4.10000+ 1 2.28515- 4 2.47020- 3 
 1.90000+ 1 4.30000+ 1 2.71424- 4 2.48243- 3 
 1.90000+ 1 4.40000+ 1 1.97954- 5 2.48657- 3 
 2.10000+ 1 2.10000+ 1 1.14859- 4 2.20819- 3 
 2.10000+ 1 2.20000+ 1 2.98957- 3 2.23268- 3 
 2.10000+ 1 2.40000+ 1 9.70560- 4 2.51689- 3 
 2.10000+ 1 2.50000+ 1 1.10304- 2 2.51810- 3 
 2.10000+ 1 2.70000+ 1 4.29903- 5 2.51870- 3 
 2.10000+ 1 2.90000+ 1 1.94103- 5 2.56752- 3 
 2.10000+ 1 3.00000+ 1 1.93591- 3 2.59345- 3 
 2.10000+ 1 3.20000+ 1 4.86464- 5 2.66485- 3 
 2.10000+ 1 3.30000+ 1 3.20410- 4 2.66836- 3 
 2.10000+ 1 4.10000+ 1 5.37820- 6 2.68664- 3 
 2.10000+ 1 4.30000+ 1 9.88966- 5 2.69884- 3 
 2.10000+ 1 4.40000+ 1 1.13177- 5 2.70290- 3 
 2.20000+ 1 2.20000+ 1 9.01494- 4 2.25674- 3 
 2.20000+ 1 2.40000+ 1 4.96910- 4 2.54217- 3 
 2.20000+ 1 2.50000+ 1 3.43147- 3 2.54620- 3 
 2.20000+ 1 2.70000+ 1 5.27452- 5 2.54268- 3 
 2.20000+ 1 2.90000+ 1 6.80268- 4 2.59103- 3 
 2.20000+ 1 3.00000+ 1 3.01854- 3 2.61727- 3 
 2.20000+ 1 3.20000+ 1 2.99638- 4 2.68838- 3 
 2.20000+ 1 3.30000+ 1 1.95821- 4 2.69264- 3 
 2.20000+ 1 4.10000+ 1 7.21478- 6 2.71062- 3 
 2.20000+ 1 4.30000+ 1 1.36845- 4 2.72265- 3 
 2.20000+ 1 4.40000+ 1 1.45025- 5 2.72678- 3 
 2.40000+ 1 2.40000+ 1 1.12827- 3 2.82174- 3 
 2.40000+ 1 2.50000+ 1 2.06061- 2 2.82766- 3 
 2.40000+ 1 2.70000+ 1 1.83950- 4 2.82571- 3 
 2.40000+ 1 2.90000+ 1 2.35464- 4 2.87436- 3 
 2.40000+ 1 3.00000+ 1 2.17545- 3 2.90005- 3 
 2.40000+ 1 3.20000+ 1 1.66466- 4 2.97146- 3 
 2.40000+ 1 3.30000+ 1 8.02334- 4 2.97518- 3 
 2.40000+ 1 4.10000+ 1 2.05977- 5 2.99366- 3 
 2.40000+ 1 4.30000+ 1 9.47281- 5 3.00567- 3 
 2.40000+ 1 4.40000+ 1 9.69067- 6 3.00978- 3 
 2.50000+ 1 2.50000+ 1 4.39040- 3 2.83354- 3 
 2.50000+ 1 2.70000+ 1 2.25015- 4 2.83091- 3 
 2.50000+ 1 2.90000+ 1 8.25320- 4 2.87944- 3 
 2.50000+ 1 3.00000+ 1 2.19237- 3 2.90557- 3 
 2.50000+ 1 3.20000+ 1 6.12524- 4 2.97677- 3 
 2.50000+ 1 3.30000+ 1 4.30072- 4 2.98072- 3 
 2.50000+ 1 4.10000+ 1 3.16452- 5 2.99897- 3 
 2.50000+ 1 4.30000+ 1 1.38733- 4 3.01095- 3 
 2.50000+ 1 4.40000+ 1 1.11637- 5 3.01510- 3 
 2.70000+ 1 2.70000+ 1 2.87086- 6 2.82009- 3 
 2.70000+ 1 2.90000+ 1 2.10227- 5 2.87066- 3 
 2.70000+ 1 3.00000+ 1 1.73970- 4 2.89691- 3 
 2.70000+ 1 3.20000+ 1 6.28295- 6 2.96525- 3 
 2.70000+ 1 3.30000+ 1 4.68606- 6 2.96961- 3 
 2.70000+ 1 4.10000+ 1 7.71269- 7 2.98640- 3 
 2.70000+ 1 4.30000+ 1 8.19793- 6 2.99869- 3 
 2.70000+ 1 4.40000+ 1 9.24744- 7 3.00302- 3 
 2.90000+ 1 2.90000+ 1 6.82693- 7 2.91650- 3 
 2.90000+ 1 3.00000+ 1 2.25162- 4 2.94336- 3 
 2.90000+ 1 3.20000+ 1 5.88467- 6 3.01507- 3 
 2.90000+ 1 3.30000+ 1 4.51263- 5 3.01586- 3 
 2.90000+ 1 4.10000+ 1 8.26985- 7 3.03437- 3 
 2.90000+ 1 4.30000+ 1 9.35589- 6 3.04657- 3 
 2.90000+ 1 4.40000+ 1 1.12622- 6 3.05062- 3 
 3.00000+ 1 3.00000+ 1 2.85099- 4 2.96768- 3 
 3.00000+ 1 3.20000+ 1 3.62186- 4 3.03844- 3 
 3.00000+ 1 3.30000+ 1 3.12111- 4 3.04376- 3 
 3.00000+ 1 4.10000+ 1 2.67552- 5 3.05906- 3 
 3.00000+ 1 4.30000+ 1 3.66856- 5 3.07123- 3 
 3.00000+ 1 4.40000+ 1 2.83704- 6 3.07557- 3 
 3.20000+ 1 3.20000+ 1 2.16613- 6 3.10732- 3 
 3.20000+ 1 3.30000+ 1 3.83873- 5 3.11171- 3 
 3.20000+ 1 4.10000+ 1 6.84880- 7 3.12849- 3 
 3.20000+ 1 4.30000+ 1 1.26090- 5 3.14070- 3 
 3.20000+ 1 4.40000+ 1 1.47141- 6 3.14423- 3 
 3.30000+ 1 3.30000+ 1 9.48926- 6 3.11514- 3 
 3.30000+ 1 4.10000+ 1 7.94724- 7 3.13185- 3 
 3.30000+ 1 4.30000+ 1 1.78580- 5 3.14358- 3 
 3.30000+ 1 4.40000+ 1 1.86467- 6 3.14793- 3 
 4.10000+ 1 4.10000+ 1 5.16628- 8 3.14599- 3 
 4.10000+ 1 4.30000+ 1 1.17563- 6 3.15793- 3 
 4.10000+ 1 4.40000+ 1 1.16426- 7 3.16359- 3 
 4.30000+ 1 4.30000+ 1 5.96249- 7 3.16844- 3 
 4.30000+ 1 4.40000+ 1 3.73230- 7 3.17103- 3 

 83000  0  9  2.08980+ 2 180404  2  0.00000+ 0  1.00000+50  0.00000+ 0 
92932 91   .00000+ 0  1.30000+ 1   .00000+ 0   .00000+ 0   .00000+ 0 
 1.40000+ 1 3.20000+ 1 5.03446- 3 5.71893- 5 
 1.40000+ 1 3.30000+ 1 2.81533- 3 6.08423- 5 
 1.40000+ 1 4.10000+ 1 1.52052- 4 7.94359- 5 
 1.40000+ 1 4.30000+ 1 1.41132- 4 9.14447- 5 
 1.40000+ 1 4.40000+ 1 1.22926- 5 9.55693- 5 
 1.60000+ 1 1.60000+ 1 6.81051- 8 7.53502- 4 
 1.60000+ 1 1.80000+ 1 1.05599- 3 8.93013- 4 
 1.60000+ 1 1.90000+ 1 6.65220- 4 1.02338- 3 
 1.60000+ 1 2.10000+ 1 3.46748- 2 1.23574- 3 
 1.60000+ 1 2.20000+ 1 3.05788- 3 1.26097- 3 
 1.60000+ 1 2.40000+ 1 1.78966- 2 1.54194- 3 
 1.60000+ 1 2.50000+ 1 5.03093- 3 1.54857- 3 
 1.60000+ 1 2.70000+ 1 1.21832- 5 1.54661- 3 
 1.60000+ 1 2.90000+ 1 1.59833- 4 1.59499- 3 
 1.60000+ 1 3.00000+ 1 9.12139- 5 1.62093- 3 
 1.60000+ 1 3.20000+ 1 2.37022- 3 1.69226- 3 
 1.60000+ 1 3.30000+ 1 1.01225- 3 1.69589- 3 
 1.60000+ 1 4.10000+ 1 2.05142- 6 1.71402- 3 
 1.60000+ 1 4.30000+ 1 1.21466- 5 1.72637- 3 
 1.60000+ 1 4.40000+ 1 4.43788- 7 1.73060- 3 
 1.80000+ 1 1.80000+ 1 3.78641- 4 1.01960- 3 
 1.80000+ 1 1.90000+ 1 4.02536- 3 1.15336- 3 
 1.80000+ 1 2.10000+ 1 3.02967- 2 1.37209- 3 
 1.80000+ 1 2.20000+ 1 3.67029- 3 1.39191- 3 
 1.80000+ 1 2.40000+ 1 1.47167- 2 1.67613- 3 
 1.80000+ 1 2.50000+ 1 7.75078- 3 1.68059- 3 
 1.80000+ 1 2.70000+ 1 8.11779- 5 1.67928- 3 
 1.80000+ 1 2.90000+ 1 1.09255- 4 1.72860- 3 
 1.80000+ 1 3.00000+ 1 5.02047- 4 1.75390- 3 
 1.80000+ 1 3.20000+ 1 2.02407- 3 1.82536- 3 
 1.80000+ 1 3.30000+ 1 8.13724- 4 1.82902- 3 
 1.80000+ 1 4.10000+ 1 9.41971- 6 1.84711- 3 
 1.80000+ 1 4.30000+ 1 2.53466- 5 1.85937- 3 
 1.80000+ 1 4.40000+ 1 2.22476- 6 1.86347- 3 
 1.90000+ 1 1.90000+ 1 1.46189- 3 1.28155- 3 
 1.90000+ 1 2.10000+ 1 5.80202- 2 1.49816- 3 
 1.90000+ 1 2.20000+ 1 1.71730- 3 1.52472- 3 
 1.90000+ 1 2.40000+ 1 4.84018- 3 1.80502- 3 
 1.90000+ 1 2.50000+ 1 1.95499- 3 1.81131- 3 
 1.90000+ 1 2.70000+ 1 1.23811- 4 1.80810- 3 
 1.90000+ 1 2.90000+ 1 4.70906- 4 1.85684- 3 
 1.90000+ 1 3.00000+ 1 3.64670- 4 1.88271- 3 
 1.90000+ 1 3.20000+ 1 3.99561- 3 1.95387- 3 
 1.90000+ 1 3.30000+ 1 1.57681- 3 1.95783- 3 
 1.90000+ 1 4.10000+ 1 1.65212- 5 1.97596- 3 
 1.90000+ 1 4.30000+ 1 3.96573- 5 1.98818- 3 
 1.90000+ 1 4.40000+ 1 1.79885- 6 1.99233- 3 
 2.10000+ 1 2.10000+ 1 6.02991- 2 1.71395- 3 
 2.10000+ 1 2.20000+ 1 1.11571- 1 1.73844- 3 
 2.10000+ 1 2.40000+ 1 7.09689- 2 2.02265- 3 
 2.10000+ 1 2.50000+ 1 1.17633- 1 2.02386- 3 
 2.10000+ 1 2.70000+ 1 6.53139- 3 2.02446- 3 
 2.10000+ 1 2.90000+ 1 5.89921- 3 2.07327- 3 
 2.10000+ 1 3.00000+ 1 7.93537- 3 2.09921- 3 
 2.10000+ 1 3.20000+ 1 1.08854- 2 2.17061- 3 
 2.10000+ 1 3.30000+ 1 1.71656- 2 2.17412- 3 
 2.10000+ 1 4.10000+ 1 9.08700- 4 2.19239- 3 
 2.10000+ 1 4.30000+ 1 8.13686- 4 2.20459- 3 
 2.10000+ 1 4.40000+ 1 5.55823- 5 2.20866- 3 
 2.20000+ 1 2.20000+ 1 1.09408- 3 1.76251- 3 
 2.20000+ 1 2.40000+ 1 1.39970- 2 2.04793- 3 
 2.20000+ 1 2.50000+ 1 5.13450- 3 2.05197- 3 
 2.20000+ 1 2.70000+ 1 3.73102- 4 2.04844- 3 
 2.20000+ 1 2.90000+ 1 3.40101- 3 2.09679- 3 
 2.20000+ 1 3.00000+ 1 1.92164- 4 2.12303- 3 
 2.20000+ 1 3.20000+ 1 7.70801- 3 2.19414- 3 
 2.20000+ 1 3.30000+ 1 2.17633- 3 2.19840- 3 
 2.20000+ 1 4.10000+ 1 5.07120- 5 2.21638- 3 
 2.20000+ 1 4.30000+ 1 2.04644- 5 2.22840- 3 
 2.20000+ 1 4.40000+ 1 1.23264- 6 2.23254- 3 
 2.40000+ 1 2.40000+ 1 5.71495- 2 2.32750- 3 
 2.40000+ 1 2.50000+ 1 1.99674- 1 2.33341- 3 
 2.40000+ 1 2.70000+ 1 4.10884- 3 2.33147- 3 
 2.40000+ 1 2.90000+ 1 2.25222- 3 2.38012- 3 
 2.40000+ 1 3.00000+ 1 9.87810- 4 2.40581- 3 
 2.40000+ 1 3.20000+ 1 5.47820- 3 2.47722- 3 
 2.40000+ 1 3.30000+ 1 7.66338- 3 2.48094- 3 
 2.40000+ 1 4.10000+ 1 5.93960- 4 2.49942- 3 
 2.40000+ 1 4.30000+ 1 1.87450- 4 2.51143- 3 
 2.40000+ 1 4.40000+ 1 5.81080- 6 2.51554- 3 
 2.50000+ 1 2.50000+ 1 1.76618- 2 2.33931- 3 
 2.50000+ 1 2.70000+ 1 7.19516- 4 2.33667- 3 
 2.50000+ 1 2.90000+ 1 8.71357- 4 2.38520- 3 
 2.50000+ 1 3.00000+ 1 3.50952- 4 2.41132- 3 
 2.50000+ 1 3.20000+ 1 5.02287- 3 2.48253- 3 
 2.50000+ 1 3.30000+ 1 1.52697- 3 2.48648- 3 
 2.50000+ 1 4.10000+ 1 9.87810- 5 2.50473- 3 
 2.50000+ 1 4.30000+ 1 4.18754- 5 2.51670- 3 
 2.50000+ 1 4.40000+ 1 1.77542- 6 2.52085- 3 
 2.70000+ 1 2.70000+ 1 4.56106- 7 2.32583- 3 
 2.70000+ 1 2.90000+ 1 2.18069- 5 2.37641- 3 
 2.70000+ 1 3.00000+ 1 9.26752- 6 2.40269- 3 
 2.70000+ 1 3.20000+ 1 4.96947- 4 2.47101- 3 
 2.70000+ 1 3.30000+ 1 1.22734- 4 2.47537- 3 
 2.70000+ 1 4.10000+ 1 1.42335- 7 2.49215- 3 
 2.70000+ 1 4.30000+ 1 1.48824- 6 2.50445- 3 
 2.70000+ 1 4.40000+ 1 6.02571- 8 2.50877- 3 
 2.90000+ 1 2.90000+ 1 9.88516- 6 2.42226- 3 
 2.90000+ 1 3.00000+ 1 6.64120- 5 2.44911- 3 
 2.90000+ 1 3.20000+ 1 3.83050- 4 2.52082- 3 
 2.90000+ 1 3.30000+ 1 2.29269- 4 2.52161- 3 
 2.90000+ 1 4.10000+ 1 2.07056- 6 2.54013- 3 
 2.90000+ 1 4.30000+ 1 3.64555- 6 2.55233- 3 
 2.90000+ 1 4.40000+ 1 3.07678- 7 2.55638- 3 
 3.00000+ 1 3.00000+ 1 2.14414- 5 2.47345- 3 
 3.00000+ 1 3.20000+ 1 6.88697- 4 2.54419- 3 
 3.00000+ 1 3.30000+ 1 2.54609- 4 2.54952- 3 
 3.00000+ 1 4.10000+ 1 1.94791- 6 2.56483- 3 
 3.00000+ 1 4.30000+ 1 5.32038- 6 2.57699- 3 
 3.00000+ 1 4.40000+ 1 2.07558- 7 2.58132- 3 
 3.20000+ 1 3.20000+ 1 4.07713- 4 2.61308- 3 
 3.20000+ 1 3.30000+ 1 1.31968- 3 2.61747- 3 
 3.20000+ 1 4.10000+ 1 6.62028- 5 2.63425- 3 
 3.20000+ 1 4.30000+ 1 6.28987- 5 2.64646- 3 
 3.20000+ 1 4.40000+ 1 3.79888- 6 2.64998- 3 
 3.30000+ 1 3.30000+ 1 2.76358- 4 2.62090- 3 
 3.30000+ 1 4.10000+ 1 1.98289- 5 2.63762- 3 
 3.30000+ 1 4.30000+ 1 1.26927- 5 2.64934- 3 
 3.30000+ 1 4.40000+ 1 1.08586- 7 2.65369- 3 
 4.10000+ 1 4.10000+ 1 1.04298- 8 2.65172- 3 
 4.10000+ 1 4.30000+ 1 1.94712- 7 2.66368- 3 
 4.10000+ 1 4.40000+ 1 5.52547- 9 2.66935- 3 
 4.30000+ 1 4.30000+ 1 6.90632- 8 2.67416- 3 
 4.30000+ 1 4.40000+ 1 2.47472- 8 2.67675- 3 

 83000  0  9  2.08980+ 2 180404  2  0.00000+ 0  1.00000+50  0.00000+ 0 
92932 91   .00000+ 0  1.40000+ 1   .00000+ 0   .00000+ 0   .00000+ 0 
 1.60000+ 1 1.60000+ 1 2.81537- 5 6.45426- 4 
 1.60000+ 1 1.80000+ 1 5.47924- 4 7.84922- 4 
 1.60000+ 1 1.90000+ 1 1.59535- 3 9.15285- 4 
 1.60000+ 1 2.10000+ 1 6.53575- 3 1.12765- 3 
 1.60000+ 1 2.20000+ 1 3.09292- 2 1.15288- 3 
 1.60000+ 1 2.40000+ 1 7.67947- 3 1.43385- 3 
 1.60000+ 1 2.50000+ 1 1.49013- 2 1.44048- 3 
 1.60000+ 1 2.70000+ 1 1.94700- 5 1.43852- 3 
 1.60000+ 1 2.90000+ 1 3.94372- 5 1.48690- 3 
 1.60000+ 1 3.00000+ 1 2.31540- 4 1.51284- 3 
 1.60000+ 1 3.20000+ 1 5.66741- 4 1.58417- 3 
 1.60000+ 1 3.30000+ 1 2.75637- 3 1.58780- 3 
 1.60000+ 1 4.10000+ 1 3.12817- 6 1.60594- 3 
 1.60000+ 1 4.30000+ 1 1.18094- 5 1.61828- 3 
 1.60000+ 1 4.40000+ 1 1.11768- 6 1.62251- 3 
 1.80000+ 1 1.80000+ 1 5.43885- 6 9.11508- 4 
 1.80000+ 1 1.90000+ 1 5.05179- 3 1.04526- 3 
 1.80000+ 1 2.10000+ 1 3.24696- 4 1.26400- 3 
 1.80000+ 1 2.20000+ 1 3.62629- 2 1.28381- 3 
 1.80000+ 1 2.40000+ 1 4.10220- 3 1.56804- 3 
 1.80000+ 1 2.50000+ 1 1.10292- 2 1.57250- 3 
 1.80000+ 1 2.70000+ 1 5.45115- 5 1.57119- 3 
 1.80000+ 1 2.90000+ 1 1.82797- 6 1.62051- 3 
 1.80000+ 1 3.00000+ 1 6.60004- 4 1.64581- 3 
 1.80000+ 1 3.20000+ 1 3.79692- 4 1.71727- 3 
 1.80000+ 1 3.30000+ 1 2.71685- 3 1.72092- 3 
 1.80000+ 1 4.10000+ 1 7.08987- 6 1.73902- 3 
 1.80000+ 1 4.30000+ 1 2.69804- 5 1.75127- 3 
 1.80000+ 1 4.40000+ 1 2.98141- 6 1.75538- 3 
 1.90000+ 1 1.90000+ 1 3.18866- 3 1.17346- 3 
 1.90000+ 1 2.10000+ 1 6.41817- 3 1.39006- 3 
 1.90000+ 1 2.20000+ 1 4.76759- 2 1.41662- 3 
 1.90000+ 1 2.40000+ 1 3.76143- 3 1.69693- 3 
 1.90000+ 1 2.50000+ 1 5.25676- 3 1.70322- 3 
 1.90000+ 1 2.70000+ 1 2.34474- 4 1.70001- 3 
 1.90000+ 1 2.90000+ 1 5.49879- 4 1.74875- 3 
 1.90000+ 1 3.00000+ 1 8.09301- 4 1.77462- 3 
 1.90000+ 1 3.20000+ 1 9.90310- 4 1.84578- 3 
 1.90000+ 1 3.30000+ 1 4.02913- 3 1.84974- 3 
 1.90000+ 1 4.10000+ 1 3.04057- 5 1.86787- 3 
 1.90000+ 1 4.30000+ 1 6.09675- 5 1.88009- 3 
 1.90000+ 1 4.40000+ 1 3.82826- 6 1.88424- 3 
 2.10000+ 1 2.10000+ 1 1.62607- 3 1.60585- 3 
 2.10000+ 1 2.20000+ 1 7.94968- 2 1.63034- 3 
 2.10000+ 1 2.40000+ 1 7.29595- 3 1.91456- 3 
 2.10000+ 1 2.50000+ 1 6.60946- 2 1.91577- 3 
 2.10000+ 1 2.70000+ 1 3.62670- 4 1.91637- 3 
 2.10000+ 1 2.90000+ 1 6.51225- 5 1.96518- 3 
 2.10000+ 1 3.00000+ 1 1.57397- 3 1.99112- 3 
 2.10000+ 1 3.20000+ 1 1.36581- 3 2.06252- 3 
 2.10000+ 1 3.30000+ 1 6.88981- 3 2.06602- 3 
 2.10000+ 1 4.10000+ 1 4.09998- 5 2.08430- 3 
 2.10000+ 1 4.30000+ 1 1.88158- 5 2.09650- 3 
 2.10000+ 1 4.40000+ 1 1.76778- 6 2.10057- 3 
 2.20000+ 1 2.20000+ 1 8.60601- 2 1.65442- 3 
 2.20000+ 1 2.40000+ 1 4.96470- 2 1.93983- 3 
 2.20000+ 1 2.50000+ 1 8.46033- 2 1.94388- 3 
 2.20000+ 1 2.70000+ 1 6.32626- 3 1.94035- 3 
 2.20000+ 1 2.90000+ 1 5.38123- 3 1.98869- 3 
 2.20000+ 1 3.00000+ 1 9.80958- 3 2.01493- 3 
 2.20000+ 1 3.20000+ 1 1.42456- 2 2.08604- 3 
 2.20000+ 1 3.30000+ 1 1.39405- 2 2.09031- 3 
 2.20000+ 1 4.10000+ 1 8.85860- 4 2.10829- 3 
 2.20000+ 1 4.30000+ 1 7.83893- 4 2.12031- 3 
 2.20000+ 1 4.40000+ 1 4.92861- 5 2.12444- 3 
 2.40000+ 1 2.40000+ 1 8.76232- 3 2.21941- 3 
 2.40000+ 1 2.50000+ 1 1.91443- 1 2.22532- 3 
 2.40000+ 1 2.70000+ 1 9.15935- 4 2.22337- 3 
 2.40000+ 1 2.90000+ 1 7.16308- 4 2.27202- 3 
 2.40000+ 1 3.00000+ 1 4.89694- 4 2.29772- 3 
 2.40000+ 1 3.20000+ 1 1.26723- 3 2.36913- 3 
 2.40000+ 1 3.30000+ 1 5.88100- 3 2.37285- 3 
 2.40000+ 1 4.10000+ 1 1.15016- 4 2.39132- 3 
 2.40000+ 1 4.30000+ 1 4.22541- 5 2.40334- 3 
 2.40000+ 1 4.40000+ 1 2.01699- 6 2.40744- 3 
 2.50000+ 1 2.50000+ 1 9.99765- 2 2.23122- 3 
 2.50000+ 1 2.70000+ 1 3.99460- 3 2.22858- 3 
 2.50000+ 1 2.90000+ 1 2.32356- 3 2.27711- 3 
 2.50000+ 1 3.00000+ 1 1.14455- 3 2.30323- 3 
 2.50000+ 1 3.20000+ 1 4.79618- 3 2.37444- 3 
 2.50000+ 1 3.30000+ 1 7.61912- 3 2.37838- 3 
 2.50000+ 1 4.10000+ 1 5.92522- 4 2.39664- 3 
 2.50000+ 1 4.30000+ 1 1.99089- 4 2.40861- 3 
 2.50000+ 1 4.40000+ 1 7.11766- 6 2.41276- 3 
 2.70000+ 1 2.70000+ 1 5.87187- 8 2.21775- 3 
 2.70000+ 1 2.90000+ 1 5.65200- 6 2.26832- 3 
 2.70000+ 1 3.00000+ 1 2.96896- 5 2.29460- 3 
 2.70000+ 1 3.20000+ 1 1.82231- 4 2.36292- 3 
 2.70000+ 1 3.30000+ 1 4.15137- 4 2.36728- 3 
 2.70000+ 1 4.10000+ 1 3.11051- 8 2.38408- 3 
 2.70000+ 1 4.30000+ 1 1.50981- 6 2.39636- 3 
 2.70000+ 1 4.40000+ 1 1.53933- 7 2.40068- 3 
 2.90000+ 1 2.90000+ 1 6.55351- 8 2.31417- 3 
 2.90000+ 1 3.00000+ 1 7.92478- 5 2.34102- 3 
 2.90000+ 1 3.20000+ 1 7.38139- 5 2.41273- 3 
 2.90000+ 1 3.30000+ 1 5.49971- 4 2.41352- 3 
 2.90000+ 1 4.10000+ 1 3.45323- 7 2.43203- 3 
 2.90000+ 1 4.30000+ 1 3.22773- 6 2.44424- 3 
 2.90000+ 1 4.40000+ 1 3.65953- 7 2.44828- 3 
 3.00000+ 1 3.00000+ 1 5.17699- 5 2.36536- 3 
 3.00000+ 1 3.20000+ 1 3.62481- 4 2.43610- 3 
 3.00000+ 1 3.30000+ 1 5.10052- 4 2.44143- 3 
 3.00000+ 1 4.10000+ 1 4.32112- 6 2.45674- 3 
 3.00000+ 1 4.30000+ 1 8.36846- 6 2.46890- 3 
 3.00000+ 1 4.40000+ 1 4.84307- 7 2.47323- 3 
 3.20000+ 1 3.20000+ 1 8.20356- 5 2.50499- 3 
 3.20000+ 1 3.30000+ 1 9.79565- 4 2.50938- 3 
 3.20000+ 1 4.10000+ 1 1.59307- 5 2.52616- 3 
 3.20000+ 1 4.30000+ 1 8.51971- 6 2.53837- 3 
 3.20000+ 1 4.40000+ 1 1.57189- 6 2.54189- 3 
 3.30000+ 1 3.30000+ 1 8.51832- 4 2.51281- 3 
 3.30000+ 1 4.10000+ 1 6.67442- 5 2.52952- 3 
 3.30000+ 1 4.30000+ 1 6.14901- 5 2.54124- 3 
 3.30000+ 1 4.40000+ 1 4.25575- 6 2.54560- 3 
 4.10000+ 1 4.10000+ 1 2.48520- 9 2.54365- 3 
 4.10000+ 1 4.30000+ 1 2.01568- 7 2.55559- 3 
 4.10000+ 1 4.40000+ 1 1.82616- 8 2.56126- 3 
 4.30000+ 1 4.30000+ 1 5.16957- 8 2.56604- 3 
 4.30000+ 1 4.40000+ 1 5.51711- 8 2.56866- 3 
