 # S-Yields (as defined by McGuire)

# Atomic number Z= 83  Date:04-04-2018

# Shelli ---> Shellf   RadYield  AugYield  SupYield  ModYield
  K      ---> L1      5.125E-04 2.192E-02 2.244E-02 2.244E-02
  K      ---> L2      2.817E-01 7.639E-03 2.894E-01 2.905E-01
  K      ---> L3      4.732E-01 7.290E-03 4.805E-01 5.280E-01
  K      ---> M1      1.646E-04 8.899E-04 1.054E-03 4.160E-02
  K      ---> M2      5.433E-02 3.227E-04 5.465E-02 1.557E-01
  K      ---> M3      1.053E-01 3.624E-04 1.057E-01 2.933E-01
  K      ---> M4      1.512E-03 1.535E-05 1.527E-03 3.875E-01
  K      ---> M5      1.840E-03 1.399E-05 1.854E-03 4.906E-01

  L1     ---> L2      1.780E-05 5.118E-02 5.120E-02 5.120E-02
  L1     ---> L3      3.577E-03 6.761E-01 6.797E-01 6.854E-01
  L1     ---> M1      1.042E-06 9.415E-02 9.415E-02 1.304E-01
  L1     ---> M2      3.647E-02 1.118E-02 4.765E-02 1.136E-01
  L1     ---> M3      3.955E-02 8.382E-03 4.793E-02 3.141E-01
  L1     ---> M4      1.383E-03 3.473E-02 3.612E-02 3.118E-01
  L1     ---> M5      2.078E-03 2.171E-02 2.379E-02 5.999E-01

  L2     ---> L3      1.125E-05 1.109E-01 1.109E-01 1.109E-01
  L2     ---> M1      9.122E-03 3.276E-02 4.188E-02 4.740E-02
  L2     ---> M2      5.939E-07 2.180E-01 2.180E-01 2.294E-01
  L2     ---> M3      3.762E-04 4.158E-02 4.195E-02 1.190E-01
  L2     ---> M4      3.215E-01 1.879E-01 5.094E-01 7.022E-01
  L2     ---> M5      2.313E-05 2.959E-02 2.961E-02 2.007E-01

  L3     ---> M1      1.419E-02 3.555E-02 4.974E-02 4.974E-02
  L3     ---> M2      1.682E-04 6.188E-02 6.205E-02 6.675E-02
  L3     ---> M3      1.519E-04 2.571E-01 2.572E-01 2.927E-01
  L3     ---> M4      2.762E-02 1.732E-01 2.008E-01 2.714E-01
  L3     ---> M5      2.444E-01 2.213E-01 4.656E-01 6.905E-01

  M1     ---> M2      1.036E-05 9.443E-02 9.444E-02 9.444E-02
  M1     ---> M3      4.517E-04 5.953E-01 5.957E-01 6.040E-01
  M1     ---> M4      2.050E-07 9.426E-02 9.426E-02 2.004E-01
  M1     ---> M5      4.791E-07 1.296E-01 1.296E-01 5.730E-01

  M2     ---> M3      6.873E-08 8.831E-02 8.831E-02 8.831E-02
  M2     ---> M4      8.785E-04 6.877E-01 6.886E-01 6.946E-01
  M2     ---> M5      6.322E-10 9.758E-02 9.758E-02 1.665E-01

  M3     ---> M4      1.378E-05 6.811E-02 6.812E-02 6.812E-02
  M3     ---> M5      2.345E-04 7.159E-01 7.162E-01 7.167E-01

  M4     ---> M5      2.461E-09 8.155E-03 8.155E-03 8.155E-03

