# Atomic number Z= 83  Date:M2-M1-L2L3

# Radiative Yields
# Shelli ---> Shellf    Yield
  K      ---> K     4.541E-16
  K      ---> L1    5.125E-04
  K      ---> L2    2.817E-01
  K      ---> L3    4.732E-01
  K      ---> M1    1.646E-04
  K      ---> M2    5.433E-02
  K      ---> M3    1.053E-01
  K      ---> M4    1.512E-03
  K      ---> M5    1.840E-03
  K      ---> N1    4.677E-05
  K      ---> N2    1.344E-02
  K      ---> N3    2.665E-02
  K      ---> N4    4.260E-04
  K      ---> N5    5.145E-04
  K      ---> N6    6.897E-07
  K      ---> N7    7.660E-07
  K      ---> O1    1.034E-05
  K      ---> O2    2.672E-03
  K      ---> O3    5.232E-03
  K      ---> O4    6.887E-05
  K      ---> O5    6.755E-05
  K      ---> P1    1.568E-06
  K      ---> P2    4.067E-04
  K      ---> P3    2.765E-05
  K      FLyield    9.682E-01

  L1     ---> L1    1.939E-15
  L1     ---> L2    1.780E-05
  L1     ---> L3    3.577E-03
  L1     ---> M1    1.042E-06
  L1     ---> M2    3.647E-02
  L1     ---> M3    3.955E-02
  L1     ---> M4    1.383E-03
  L1     ---> M5    2.078E-03
  L1     ---> N1    4.570E-07
  L1     ---> N2    9.540E-03
  L1     ---> N3    1.145E-02
  L1     ---> N4    2.251E-04
  L1     ---> N5    3.552E-04
  L1     ---> N6    3.149E-06
  L1     ---> N7    3.924E-06
  L1     ---> O1    1.072E-07
  L1     ---> O2    1.869E-03
  L1     ---> O3    2.263E-03
  L1     ---> O4    3.473E-05
  L1     ---> O5    4.192E-05
  L1     ---> P1    1.642E-08
  L1     ---> P2    2.156E-04
  L1     ---> P3    1.225E-05
  L1     FLyield    1.091E-01

  L2     ---> L2    4.117E-15
  L2     ---> L3    1.125E-05
  L2     ---> M1    9.122E-03
  L2     ---> M2    5.939E-07
  L2     ---> M3    3.762E-04
  L2     ---> M4    3.215E-01
  L2     ---> M5    2.313E-05
  L2     ---> N1    2.363E-03
  L2     ---> N2    2.235E-07
  L2     ---> N3    1.082E-04
  L2     ---> N4    6.881E-02
  L2     ---> N5    7.442E-06
  L2     ---> N6    3.130E-04
  L2     ---> N7    2.926E-07
  L2     ---> O1    5.017E-04
  L2     ---> O2    9.155E-08
  L2     ---> O3    2.199E-05
  L2     ---> O4    8.686E-03
  L2     ---> O5    9.673E-04
  L2     ---> P1    7.473E-05
  L2     ---> P2    1.027E-06
  L2     ---> P3    1.129E-07
  L2     FLyield    4.129E-01

  L3     ---> L3    5.056E-15
  L3     ---> M1    1.419E-02
  L3     ---> M2    1.682E-04
  L3     ---> M3    1.519E-04
  L3     ---> M4    2.762E-02
  L3     ---> M5    2.444E-01
  L3     ---> N1    3.518E-03
  L3     ---> N2    3.627E-05
  L3     ---> N3    3.683E-05
  L3     ---> N4    5.441E-03
  L3     ---> N5    4.906E-02
  L3     ---> N6    4.763E-05
  L3     ---> N7    2.658E-04
  L3     ---> O1    7.866E-04
  L3     ---> O2    6.705E-06
  L3     ---> O3    6.540E-06
  L3     ---> O4    1.792E-03
  L3     ---> O5    5.650E-03
  L3     ---> P1    1.181E-04
  L3     ---> P2    8.396E-07
  L3     ---> P3    4.198E-08
  L3     FLyield    3.533E-01

  M1     ---> M1    1.500E-15
  M1     ---> M2    1.036E-05
  M1     ---> M3    4.517E-04
  M1     ---> M4    2.050E-07
  M1     ---> M5    4.791E-07
  M1     ---> N1    8.651E-07
  M1     ---> N2    1.347E-03
  M1     ---> N3    1.038E-03
  M1     ---> N4    1.541E-05
  M1     ---> N5    2.114E-05
  M1     ---> N6    1.287E-07
  M1     ---> N7    1.699E-07
  M1     ---> O1    2.861E-07
  M1     ---> O2    2.905E-04
  M1     ---> O3    2.478E-04
  M1     ---> O4    2.872E-06
  M1     ---> O5    3.128E-06
  M1     ---> P1    4.538E-08
  M1     ---> P2    2.961E-05
  M1     ---> P3    1.437E-06
  M1     FLyield    3.461E-03

  M2     ---> M2    1.939E-15
  M2     ---> M3    6.873E-08
  M2     ---> M4    8.785E-04
  M2     ---> M5    6.322E-10
  M2     ---> N1    5.839E-04
  M2     ---> N2    1.403E-06
  M2     ---> N3    4.733E-06
  M2     ---> N4    3.051E-03
  M2     ---> N5    1.212E-07
  M2     ---> N6    5.932E-05
  M2     ---> N7    4.780E-08
  M2     ---> O1    1.234E-04
  M2     ---> O2    2.060E-07
  M2     ---> O3    9.806E-07
  M2     ---> O4    4.500E-04
  M2     ---> O5    5.057E-05
  M2     ---> P1    2.096E-05
  M2     ---> P2    2.074E-07
  M2     ---> P3    4.455E-09
  M2     FLyield    5.225E-03

  M3     ---> M3    3.444E-15
  M3     ---> M4    1.378E-05
  M3     ---> M5    2.345E-04
  M3     ---> N1    1.146E-03
  M3     ---> N2    3.302E-06
  M3     ---> N3    6.511E-06
  M3     ---> N4    5.595E-04
  M3     ---> N5    4.373E-03
  M3     ---> N6    8.212E-06
  M3     ---> N7    4.839E-05
  M3     ---> O1    2.372E-04
  M3     ---> O2    6.154E-07
  M3     ---> O3    1.200E-06
  M3     ---> O4    1.819E-04
  M3     ---> O5    5.510E-04
  M3     ---> P1    3.995E-05
  M3     ---> P2    2.080E-07
  M3     ---> P3    7.686E-09
  M3     FLyield    7.406E-03

  M4     ---> M4    1.088E-14
  M4     ---> M5    2.461E-09
  M4     ---> N1    1.284E-06
  M4     ---> N2    1.387E-03
  M4     ---> N3    1.529E-04
  M4     ---> N4    9.840E-06
  M4     ---> N5    1.848E-06
  M4     ---> N6    3.126E-02
  M4     ---> N7    2.469E-05
  M4     ---> O1    2.967E-07
  M4     ---> O2    2.364E-04
  M4     ---> O3    2.661E-05
  M4     ---> O4    2.206E-06
  M4     ---> O5    4.649E-07
  M4     ---> P1    9.478E-11
  M4     ---> P2    1.031E-05
  M4     ---> P3    1.354E-07
  M4     FLyield    3.311E-02

  M5     ---> M5    1.127E-14
  M5     ---> N1    1.005E-06
  M5     ---> N2    2.471E-09
  M5     ---> N3    8.843E-04
  M5     ---> N4    1.097E-06
  M5     ---> N5    2.296E-05
  M5     ---> N6    1.392E-03
  M5     ---> N7    2.684E-02
  M5     ---> O1    2.020E-07
  M5     ---> O2    3.827E-08
  M5     ---> O3    1.528E-04
  M5     ---> O4    7.015E-07
  M5     ---> O5    2.697E-06
  M5     ---> P1    2.259E-07
  M5     ---> P2    1.215E-05
  M5     ---> P3    1.321E-06
  M5     FLyield    2.931E-02


# Non Radiative Yields

# Shelli ---> Shellf    Yield
  K      ---> L1    1.791E-02
  K      ---> L2    7.306E-03
  K      ---> L3    5.206E-03
  K      ---> M1    7.275E-04
  K      ---> M2    3.103E-04
  K      ---> M3    2.749E-04
  K      ---> M4    1.531E-05
  K      ---> M5    1.336E-05
  K      ---> N1    4.028E-05
  K      ---> N2    1.614E-05
  K      ---> N3    1.325E-05
  K      ---> N4    7.147E-07
  K      ---> N5    6.166E-07
  K      ---> N6    5.561E-09
  K      ---> N7    7.175E-09
  K      ---> O1    1.425E-06
  K      ---> O2    4.756E-07
  K      ---> O3    2.806E-07
  K      ---> O4    8.335E-09
  K      ---> O5    5.227E-09
  K      ---> P1    1.451E-08
  K      ---> P2    8.434E-10
  K      NRyield    3.183E-02


  L1     ---> L2    5.118E-02
  L1     ---> L3    6.761E-01
  L1     ---> M1    8.826E-02
  L1     ---> M2    1.116E-02
  L1     ---> M3    7.848E-03
  L1     ---> M4    3.382E-02
  L1     ---> M5    1.685E-02
  L1     ---> N1    3.094E-03
  L1     ---> N2    4.695E-04
  L1     ---> N3    3.170E-04
  L1     ---> N4    1.039E-03
  L1     ---> N5    5.223E-04
  L1     ---> N6    5.971E-05
  L1     ---> N7    4.332E-05
  L1     ---> O1    8.459E-05
  L1     ---> O2    9.106E-06
  L1     ---> O3    5.116E-06
  L1     ---> O4    1.256E-05
  L1     ---> O5    3.406E-06
  L1     ---> P1    4.994E-07
  L1     ---> P2    1.325E-09
  L1     NRyield    8.909E-01


  L2     ---> L3    1.109E-01
  L2     ---> M1    3.220E-02
  L2     ---> M2    1.966E-01
  L2     ---> M3    4.066E-02
  L2     ---> M4    1.641E-01
  L2     ---> M5    2.655E-02
  L2     ---> N1    1.317E-03
  L2     ---> N2    6.702E-03
  L2     ---> N3    1.467E-03
  L2     ---> N4    5.428E-03
  L2     ---> N5    7.775E-04
  L2     ---> N6    1.161E-04
  L2     ---> N7    6.095E-05
  L2     ---> O1    3.985E-05
  L2     ---> O2    1.647E-04
  L2     ---> O3    1.970E-05
  L2     ---> O4    5.889E-05
  L2     ---> O5    7.602E-06
  L2     ---> P1    2.620E-07
  L2     ---> P2    2.050E-07
  L2     NRyield    5.871E-01


  L3     ---> M1    3.495E-02
  L3     ---> M2    6.184E-02
  L3     ---> M3    2.132E-01
  L3     ---> M4    1.664E-01
  L3     ---> M5    1.495E-01
  L3     ---> N1    1.368E-03
  L3     ---> N2    2.404E-03
  L3     ---> N3    6.904E-03
  L3     ---> N4    5.121E-03
  L3     ---> N5    4.375E-03
  L3     ---> N6    1.940E-04
  L3     ---> N7    1.669E-04
  L3     ---> O1    3.776E-05
  L3     ---> O2    6.367E-05
  L3     ---> O3    1.342E-04
  L3     ---> O4    6.685E-05
  L3     ---> O5    3.020E-05
  L3     ---> P1    2.210E-07
  L3     ---> P2    1.808E-07
  L3     NRyield    6.467E-01


  M1     ---> M2    9.443E-02
  M1     ---> M3    5.953E-01
  M1     ---> M4    9.426E-02
  M1     ---> M5    1.296E-01
  M1     ---> N1    5.319E-02
  M1     ---> N2    2.297E-03
  M1     ---> N3    5.426E-03
  M1     ---> N4    8.233E-03
  M1     ---> N5    3.699E-03
  M1     ---> N6    6.766E-03
  M1     ---> N7    2.547E-03
  M1     ---> O1    6.935E-04
  M1     ---> O2    3.280E-05
  M1     ---> O3    6.500E-05
  M1     ---> O4    2.620E-05
  M1     ---> O5    2.709E-05
  M1     ---> P1    2.933E-06
  M1     ---> P2    3.926E-08
  M1     NRyield    9.965E-01


  M2     ---> M3    8.831E-02
  M2     ---> M4    6.877E-01
  M2     ---> M5    9.758E-02
  M2     ---> N1    8.090E-03
  M2     ---> N2    7.690E-02
  M2     ---> N3    7.670E-03
  M2     ---> N4    6.498E-03
  M2     ---> N5    3.257E-03
  M2     ---> N6    1.528E-02
  M2     ---> N7    2.335E-03
  M2     ---> O1    1.732E-04
  M2     ---> O2    8.990E-04
  M2     ---> O3    2.554E-05
  M2     ---> O4    2.790E-05
  M2     ---> O5    1.751E-05
  M2     ---> P1    1.166E-06
  M2     ---> P2    7.336E-07
  M2     NRyield    9.948E-01


  M3     ---> M4    6.811E-02
  M3     ---> M5    7.159E-01
  M3     ---> N1    1.377E-02
  M3     ---> N2    2.171E-02
  M3     ---> N3    1.103E-01
  M3     ---> N4    1.759E-02
  M3     ---> N5    9.235E-03
  M3     ---> N6    2.542E-02
  M3     ---> N7    8.857E-03
  M3     ---> O1    2.187E-04
  M3     ---> O2    2.882E-04
  M3     ---> O3    1.026E-03
  M3     ---> O4    5.532E-05
  M3     ---> O5    3.001E-05
  M3     ---> P1    1.344E-06
  M3     ---> P2    9.695E-07
  M3     NRyield    9.926E-01


  M4     ---> M5    8.155E-03
  M4     ---> N1    6.604E-02
  M4     ---> N2    6.441E-02
  M4     ---> N3    7.458E-02
  M4     ---> N4    4.107E-01
  M4     ---> N5    3.415E-02
  M4     ---> N6    2.781E-01
  M4     ---> N7    2.630E-02
  M4     ---> O1    6.529E-04
  M4     ---> O2    6.946E-04
  M4     ---> O3    9.722E-04
  M4     ---> O4    1.860E-03
  M4     ---> O5    3.090E-04
  M4     ---> P1    2.107E-07
  M4     ---> P2    9.381E-08
  M4     NRyield    9.669E-01


  M5     ---> N1    6.585E-02
  M5     ---> N2    6.063E-02
  M5     ---> N3    7.301E-02
  M5     ---> N4    1.648E-01
  M5     ---> N5    2.717E-01
  M5     ---> N6    2.096E-01
  M5     ---> N7    1.207E-01
  M5     ---> O1    6.345E-04
  M5     ---> O2    7.070E-04
  M5     ---> O3    9.375E-04
  M5     ---> O4    1.088E-03
  M5     ---> O5    9.843E-04
  M5     ---> P1    2.223E-07
  M5     ---> P2    1.069E-07
  M5     NRyield    9.707E-01


