# Atomic number Z= 29  Date:04-11-2021

# Number Shelli	  2Ji		  Eigi ---> 	 Shellf	  2Jf		  Eigf		Energy(eV)			BranchingRatio			 LevelRadYield		 Intensity(eV)			 Weight(%)		  RadWidth(eV)		  AugWidth(eV)		  TotWidth(eV)
	 1	   K1	    0	         1 ---> 	   K1	    2	         1	         0.0916684	                    0.0	               0.0	       6.85282e-23	               0.0	               0.0	               0.0	           3.04017
	 2	   K1	    0	         1 ---> 	   L1	    0	         1	                 0	                    0.0	               0.0	                 0	               0.0	               0.0	               0.0	           8.34992
	 3	   K1	    0	         1 ---> 	   L1	    2	         1	           7879.78	                    0.0	               0.0	       0.000650222	               0.0	               0.0	               0.0	           8.43709
	 4	   K1	    0	         1 ---> 	   L2	    2	         2	           8027.14	                    0.0	               0.0	            276.65	               0.0	               0.0	               0.0	           2.78377
	 5	   K1	    0	         1 ---> 	   L2	    0	         1	                 0	                    0.0	               0.0	                 0	               0.0	               0.0	               0.0	           2.75446
	 6	   K1	    0	         1 ---> 	   L3	    2	         1	           8047.17	                    0.0	               0.0	           535.075	               0.0	               0.0	               0.0	           5.74741
	 7	   K1	    0	         1 ---> 	   L3	    4	         1	           8047.25	                    0.0	               0.0	         0.0249243	               0.0	               0.0	               0.0	           6.04803
	 8	   K1	    0	         1 ---> 	   M1	    0	         1	                 0	                    0.0	               0.0	                 0	               0.0	               0.0	               0.0	           4.48626
	 9	   K1	    0	         1 ---> 	   M1	    2	         1	           8854.17	                    0.0	               0.0	       1.19349e-06	               0.0	               0.0	               0.0	            4.7788
	10	   K1	    0	         1 ---> 	   M2	    2	         2	           8900.36	                    0.0	               0.0	           47.2103	               0.0	               0.0	               0.0	           4.32357
	11	   K1	    0	         1 ---> 	   M2	    0	         1	                 0	                    0.0	               0.0	                 0	               0.0	               0.0	               0.0	           4.44218
	12	   K1	    0	         1 ---> 	   M3	    2	         1	           8902.77	                    0.0	               0.0	           68.3066	               0.0	               0.0	               0.0	           4.25619
	13	   K1	    0	         1 ---> 	   M3	    4	         1	           8903.02	                    0.0	               0.0	        0.00432152	               0.0	               0.0	               0.0	           4.32307
	14	   K1	    0	         1 ---> 	   M4	    4	         2	           8978.14	                    0.0	               0.0	            0.9366	               0.0	               0.0	               0.0	            1.5173
	15	   K1	    0	         1 ---> 	   M4	    2	         1	            8978.5	                    0.0	               0.0	       2.60411e-05	               0.0	               0.0	               0.0	            1.5173
	16	   K1	    0	         1 ---> 	   M5	    4	         1	           8978.62	                    0.0	               0.0	         0.0678043	               0.0	               0.0	               0.0	            1.5173
	17	   K1	    0	         1 ---> 	   M5	    6	         1	           8978.74	                    0.0	               0.0	       4.89478e-05	               0.0	               0.0	               0.0	            1.5173
	18	   K1	    0	         1 ---> 	   N1	    0	         1	                 0	                    0.0	               0.0	                 0	               0.0	               0.0	               0.0	            1.5173
	19	   K1	    2	         1 ---> 	   L1	    0	         1	           7879.54	                    0.0	               0.0	       0.000661425	               0.0	               0.0	               0.0	           8.35549
	20	   K1	    2	         1 ---> 	   L1	    2	         1	           7879.69	                    0.0	               0.0	          0.001296	               0.0	               0.0	               0.0	           8.44266
	21	   K1	    2	         1 ---> 	   L2	    2	         2	           8027.05	                    0.0	               0.0	           540.762	               0.0	               0.0	               0.0	           2.78934
	22	   K1	    2	         1 ---> 	   L2	    0	         1	           8027.09	                    0.0	               0.0	           271.534	               0.0	               0.0	               0.0	           2.76003
	23	   K1	    2	         1 ---> 	   L3	    2	         1	           8047.07	                    0.0	               0.0	           267.783	               0.0	               0.0	               0.0	           5.75298
	24	   K1	    2	         1 ---> 	   L3	    4	         1	           8047.16	                    0.0	               0.0	            1328.6	               0.0	               0.0	               0.0	            6.0536
	25	   K1	    2	         1 ---> 	   M1	    0	         1	            8853.9	                    0.0	               0.0	       0.000156108	               0.0	               0.0	               0.0	           4.49183
	26	   K1	    2	         1 ---> 	   M1	    2	         1	           8854.08	                    0.0	               0.0	       0.000291404	               0.0	               0.0	               0.0	           4.78437
	27	   K1	    2	         1 ---> 	   M2	    2	         2	           8900.27	                    0.0	               0.0	           71.1098	               0.0	               0.0	               0.0	           4.32914
	28	   K1	    2	         1 ---> 	   M2	    0	         1	           8900.41	                    0.0	               0.0	           40.0202	               0.0	               0.0	               0.0	           4.44775
	29	   K1	    2	         1 ---> 	   M3	    2	         1	           8902.68	                    0.0	               0.0	           47.1299	               0.0	               0.0	               0.0	           4.26176
	30	   K1	    2	         1 ---> 	   M3	    4	         1	           8902.93	                    0.0	               0.0	               196	               0.0	               0.0	               0.0	           4.32864
	31	   K1	    2	         1 ---> 	   M4	    4	         2	           8978.05	                    0.0	               0.0	        0.00730476	               0.0	               0.0	               0.0	           1.52287
	32	   K1	    2	         1 ---> 	   M4	    2	         1	            8978.4	                    0.0	               0.0	         0.0612528	               0.0	               0.0	               0.0	           1.52287
	33	   K1	    2	         1 ---> 	   M5	    4	         1	           8978.53	                    0.0	               0.0	          0.094095	               0.0	               0.0	               0.0	           1.52287
	34	   K1	    2	         1 ---> 	   M5	    6	         1	           8978.65	                    0.0	               0.0	          0.137929	               0.0	               0.0	               0.0	           1.52287
	35	   K1	    2	         1 ---> 	   N1	    0	         1	           8979.39	                    0.0	               0.0	       1.72426e-05	               0.0	               0.0	               0.0	           1.52287
	36	   L1	    0	         1 ---> 	   L1	    2	         1	          0.151679	                    0.0	               0.0	       4.04593e-24	               0.0	               0.0	               0.0	           13.7524
	37	   L1	    0	         1 ---> 	   L2	    2	         2	            147.51	                    0.0	               0.0	        0.00018062	               0.0	               0.0	               0.0	           8.09909
	38	   L1	    0	         1 ---> 	   L2	    0	         1	                 0	                    0.0	               0.0	                 0	               0.0	               0.0	               0.0	           8.06978
	39	   L1	    0	         1 ---> 	   L3	    2	         1	           167.536	                    0.0	               0.0	       0.000606073	               0.0	               0.0	               0.0	           11.0627
	40	   L1	    0	         1 ---> 	   L3	    4	         1	           167.619	                    0.0	               0.0	       1.22789e-11	               0.0	               0.0	               0.0	           11.3634
	41	   L1	    0	         1 ---> 	   M1	    0	         1	                 0	                    0.0	               0.0	                 0	               0.0	               0.0	               0.0	           9.80158
	42	   L1	    0	         1 ---> 	   M1	    2	         1	           974.543	                    0.0	               0.0	       1.52821e-09	               0.0	               0.0	               0.0	           10.0941
	43	   L1	    0	         1 ---> 	   M2	    2	         2	           1020.73	                    0.0	               0.0	          0.101171	               0.0	               0.0	               0.0	           9.63889
	44	   L1	    0	         1 ---> 	   M2	    0	         1	                 0	                    0.0	               0.0	                 0	               0.0	               0.0	               0.0	            9.7575
	45	   L1	    0	         1 ---> 	   M3	    2	         1	           1023.14	                    0.0	               0.0	          0.141726	               0.0	               0.0	               0.0	           9.57151
	46	   L1	    0	         1 ---> 	   M3	    4	         1	           1023.39	                    0.0	               0.0	       1.19634e-07	               0.0	               0.0	               0.0	           9.63839
	47	   L1	    0	         1 ---> 	   M4	    4	         2	           1098.51	                    0.0	               0.0	        0.00281298	               0.0	               0.0	               0.0	           6.83262
	48	   L1	    0	         1 ---> 	   M4	    2	         1	           1098.87	                    0.0	               0.0	       1.53345e-11	               0.0	               0.0	               0.0	           6.83262
	49	   L1	    0	         1 ---> 	   M5	    4	         1	              1099	                    0.0	               0.0	       0.000190828	               0.0	               0.0	               0.0	           6.83262
	50	   L1	    0	         1 ---> 	   M5	    6	         1	           1099.11	                    0.0	               0.0	       1.89117e-09	               0.0	               0.0	               0.0	           6.83262
	51	   L1	    0	         1 ---> 	   N1	    0	         1	                 0	                    0.0	               0.0	                 0	               0.0	               0.0	               0.0	           6.83262
	52	   L1	    2	         1 ---> 	   L2	    2	         2	           147.358	                    0.0	               0.0	       0.000352862	               0.0	               0.0	               0.0	           8.18626
	53	   L1	    2	         1 ---> 	   L2	    0	         1	           147.399	                    0.0	               0.0	        0.00017738	               0.0	               0.0	               0.0	           8.15695
	54	   L1	    2	         1 ---> 	   L3	    2	         1	           167.384	                    0.0	               0.0	       0.000303382	               0.0	               0.0	               0.0	           11.1499
	55	   L1	    2	         1 ---> 	   L3	    4	         1	           167.467	                    0.0	               0.0	        0.00150833	               0.0	               0.0	               0.0	           11.4505
	56	   L1	    2	         1 ---> 	   M1	    0	         1	           974.207	                    0.0	               0.0	       1.92789e-09	               0.0	               0.0	               0.0	           9.88875
	57	   L1	    2	         1 ---> 	   M1	    2	         1	           974.392	                    0.0	               0.0	       9.01664e-08	               0.0	               0.0	               0.0	           10.1813
	58	   L1	    2	         1 ---> 	   M2	    2	         2	           1020.58	                    0.0	               0.0	          0.115342	               0.0	               0.0	               0.0	           9.72606
	59	   L1	    2	         1 ---> 	   M2	    0	         1	           1020.72	                    0.0	               0.0	         0.0647303	               0.0	               0.0	               0.0	           9.84467
	60	   L1	    2	         1 ---> 	   M3	    2	         1	           1022.99	                    0.0	               0.0	         0.0727452	               0.0	               0.0	               0.0	           9.65868
	61	   L1	    2	         1 ---> 	   M3	    4	         1	           1023.24	                    0.0	               0.0	          0.301208	               0.0	               0.0	               0.0	           9.72556
	62	   L1	    2	         1 ---> 	   M4	    4	         2	           1098.36	                    0.0	               0.0	        4.2219e-05	               0.0	               0.0	               0.0	           6.91979
	63	   L1	    2	         1 ---> 	   M4	    2	         1	           1098.71	                    0.0	               0.0	       0.000368857	               0.0	               0.0	               0.0	           6.91979
	64	   L1	    2	         1 ---> 	   M5	    4	         1	           1098.84	                    0.0	               0.0	        0.00057388	               0.0	               0.0	               0.0	           6.91979
	65	   L1	    2	         1 ---> 	   M5	    6	         1	           1098.96	                    0.0	               0.0	       0.000851778	               0.0	               0.0	               0.0	           6.91979
	66	   L1	    2	         1 ---> 	   N1	    0	         1	            1099.7	                    0.0	               0.0	       2.29505e-10	               0.0	               0.0	               0.0	           6.91979
	67	   L2	    2	         2 ---> 	   L2	    0	         1	         0.0409984	                    0.0	               0.0	       2.31636e-21	               0.0	               0.0	               0.0	           2.50363
	68	   L2	    2	         2 ---> 	   L3	    2	         1	           20.0261	                    0.0	               0.0	       3.27575e-11	               0.0	               0.0	               0.0	           5.49658
	69	   L2	    2	         2 ---> 	   L3	    4	         1	           20.1089	                    0.0	               0.0	       1.65363e-10	               0.0	               0.0	               0.0	            5.7972
	70	   L2	    2	         2 ---> 	   M1	    0	         1	           826.849	                    0.0	               0.0	         0.0204593	               0.0	               0.0	               0.0	           4.23543
	71	   L2	    2	         2 ---> 	   M1	    2	         1	           827.033	                    0.0	               0.0	          0.039966	               0.0	               0.0	               0.0	           4.52797
	72	   L2	    2	         2 ---> 	   M2	    2	         2	            873.22	                    0.0	               0.0	       6.06199e-07	               0.0	               0.0	               0.0	           4.07274
	73	   L2	    2	         2 ---> 	   M2	    0	         1	           873.363	                    0.0	               0.0	       3.24531e-09	               0.0	               0.0	               0.0	           4.19135
	74	   L2	    2	         2 ---> 	   M3	    2	         1	           875.633	                    0.0	               0.0	       8.44109e-05	               0.0	               0.0	               0.0	           4.00536
	75	   L2	    2	         2 ---> 	   M3	    4	         1	           875.877	                    0.0	               0.0	       8.42303e-05	               0.0	               0.0	               0.0	           4.07224
	76	   L2	    2	         2 ---> 	   M4	    4	         2	           950.999	                    0.0	               0.0	          0.652648	               0.0	               0.0	               0.0	           1.26647
	77	   L2	    2	         2 ---> 	   M4	    2	         1	           951.356	                    0.0	               0.0	           0.19602	               0.0	               0.0	               0.0	           1.26647
	78	   L2	    2	         2 ---> 	   M5	    4	         1	           951.485	                    0.0	               0.0	          0.344756	               0.0	               0.0	               0.0	           1.26647
	79	   L2	    2	         2 ---> 	   M5	    6	         1	           951.604	                    0.0	               0.0	       3.66671e-07	               0.0	               0.0	               0.0	           1.26647
	80	   L2	    2	         2 ---> 	   N1	    0	         1	           952.342	                    0.0	               0.0	        0.00151884	               0.0	               0.0	               0.0	           1.26647
	81	   L2	    0	         1 ---> 	   L3	    2	         1	           19.9851	                    0.0	               0.0	       6.68528e-11	               0.0	               0.0	               0.0	           5.46727
	82	   L2	    0	         1 ---> 	   L3	    4	         1	           20.0679	                    0.0	               0.0	       1.18149e-14	               0.0	               0.0	               0.0	           5.76789
	83	   L2	    0	         1 ---> 	   M1	    0	         1	                 0	                    0.0	               0.0	                 0	               0.0	               0.0	               0.0	           4.20612
	84	   L2	    0	         1 ---> 	   M1	    2	         1	           826.992	                    0.0	               0.0	         0.0205363	               0.0	               0.0	               0.0	           4.49866
	85	   L2	    0	         1 ---> 	   M2	    2	         2	           873.179	                    0.0	               0.0	       3.84598e-09	               0.0	               0.0	               0.0	           4.04343
	86	   L2	    0	         1 ---> 	   M2	    0	         1	                 0	                    0.0	               0.0	                 0	               0.0	               0.0	               0.0	           4.16204
	87	   L2	    0	         1 ---> 	   M3	    2	         1	           875.592	                    0.0	               0.0	       2.28436e-09	               0.0	               0.0	               0.0	           3.97605
	88	   L2	    0	         1 ---> 	   M3	    4	         1	           875.836	                    0.0	               0.0	       5.77173e-05	               0.0	               0.0	               0.0	           4.04293
	89	   L2	    0	         1 ---> 	   M4	    4	         2	           950.958	                    0.0	               0.0	       7.78926e-08	               0.0	               0.0	               0.0	           1.23716
	90	   L2	    0	         1 ---> 	   M4	    2	         1	           951.315	                    0.0	               0.0	          0.402986	               0.0	               0.0	               0.0	           1.23716
	91	   L2	    0	         1 ---> 	   M5	    4	         1	           951.444	                    0.0	               0.0	       4.42598e-08	               0.0	               0.0	               0.0	           1.23716
	92	   L2	    0	         1 ---> 	   M5	    6	         1	           951.563	                    0.0	               0.0	       8.19493e-08	               0.0	               0.0	               0.0	           1.23716
	93	   L2	    0	         1 ---> 	   N1	    0	         1	                 0	                    0.0	               0.0	                 0	               0.0	               0.0	               0.0	           1.23716
	94	   L3	    2	         1 ---> 	   L3	    4	         1	         0.0828006	                    0.0	               0.0	       7.33152e-21	               0.0	               0.0	               0.0	           8.76084
	95	   L3	    2	         1 ---> 	   M1	    0	         1	           806.823	                    0.0	               0.0	         0.0124057	               0.0	               0.0	               0.0	           7.19907
	96	   L3	    2	         1 ---> 	   M1	    2	         1	           807.007	                    0.0	               0.0	        0.00621513	               0.0	               0.0	               0.0	           7.49161
	97	   L3	    2	         1 ---> 	   M2	    2	         2	           853.194	                    0.0	               0.0	        2.7219e-05	               0.0	               0.0	               0.0	           7.03638
	98	   L3	    2	         1 ---> 	   M2	    0	         1	           853.337	                    0.0	               0.0	       1.11651e-08	               0.0	               0.0	               0.0	           7.15499
	99	   L3	    2	         1 ---> 	   M3	    2	         1	           855.606	                    0.0	               0.0	        9.5466e-06	               0.0	               0.0	               0.0	             6.969
	100	   L3	    2	         1 ---> 	   M3	    4	         1	           855.851	                    0.0	               0.0	       1.20215e-05	               0.0	               0.0	               0.0	           7.03588
	101	   L3	    2	         1 ---> 	   M4	    4	         2	           930.973	                    0.0	               0.0	          0.147589	               0.0	               0.0	               0.0	           4.23011
	102	   L3	    2	         1 ---> 	   M4	    2	         1	            931.33	                    0.0	               0.0	         0.0295802	               0.0	               0.0	               0.0	           4.23011
	103	   L3	    2	         1 ---> 	   M5	    4	         1	           931.459	                    0.0	               0.0	          0.161285	               0.0	               0.0	               0.0	           4.23011
	104	   L3	    2	         1 ---> 	   M5	    6	         1	           931.578	                    0.0	               0.0	       6.98969e-08	               0.0	               0.0	               0.0	           4.23011
	105	   L3	    2	         1 ---> 	   N1	    0	         1	           932.316	                    0.0	               0.0	       0.000902857	               0.0	               0.0	               0.0	           4.23011
	106	   L3	    4	         1 ---> 	   M1	    0	         1	            806.74	                    0.0	               0.0	        5.4562e-09	               0.0	               0.0	               0.0	           7.49969
	107	   L3	    4	         1 ---> 	   M1	    2	         1	           806.924	                    0.0	               0.0	         0.0287701	               0.0	               0.0	               0.0	           7.79223
	108	   L3	    4	         1 ---> 	   M2	    2	         2	           853.111	                    0.0	               0.0	       2.04953e-05	               0.0	               0.0	               0.0	             7.337
	109	   L3	    4	         1 ---> 	   M2	    0	         1	           853.254	                    0.0	               0.0	       1.53503e-05	               0.0	               0.0	               0.0	           7.45561
	110	   L3	    4	         1 ---> 	   M3	    2	         1	           855.524	                    0.0	               0.0	       1.33974e-05	               0.0	               0.0	               0.0	           7.26962
	111	   L3	    4	         1 ---> 	   M3	    4	         1	           855.769	                    0.0	               0.0	       2.61133e-05	               0.0	               0.0	               0.0	            7.3365
	112	   L3	    4	         1 ---> 	   M4	    4	         2	            930.89	                    0.0	               0.0	        0.00583938	               0.0	               0.0	               0.0	           4.53073
	113	   L3	    4	         1 ---> 	   M4	    2	         1	           931.248	                    0.0	               0.0	        0.00547991	               0.0	               0.0	               0.0	           4.53073
	114	   L3	    4	         1 ---> 	   M5	    4	         1	           931.376	                    0.0	               0.0	         0.0760645	               0.0	               0.0	               0.0	           4.53073
	115	   L3	    4	         1 ---> 	   M5	    6	         1	           931.496	                    0.0	               0.0	          0.447499	               0.0	               0.0	               0.0	           4.53073
	116	   L3	    4	         1 ---> 	   N1	    0	         1	           932.233	                    0.0	               0.0	        5.4763e-10	               0.0	               0.0	               0.0	           4.53073
	117	   M1	    0	         1 ---> 	   M1	    2	         1	          0.184183	                    0.0	               0.0	       9.20022e-25	               0.0	               0.0	               0.0	           6.23046
	118	   M1	    0	         1 ---> 	   M2	    2	         2	           46.3705	                    0.0	               0.0	       4.60959e-05	               0.0	               0.0	               0.0	           5.77523
	119	   M1	    0	         1 ---> 	   M2	    0	         1	                 0	                    0.0	               0.0	                 0	               0.0	               0.0	               0.0	           5.89384
	120	   M1	    0	         1 ---> 	   M3	    2	         1	           48.7833	                    0.0	               0.0	       8.33711e-05	               0.0	               0.0	               0.0	           5.70785
	121	   M1	    0	         1 ---> 	   M3	    4	         1	           49.0282	                    0.0	               0.0	       1.61632e-13	               0.0	               0.0	               0.0	           5.77473
	122	   M1	    0	         1 ---> 	   M4	    4	         2	            124.15	                    0.0	               0.0	       4.50883e-08	               0.0	               0.0	               0.0	           2.96896
	123	   M1	    0	         1 ---> 	   M4	    2	         1	           124.507	                    0.0	               0.0	       2.71307e-15	               0.0	               0.0	               0.0	           2.96896
	124	   M1	    0	         1 ---> 	   M5	    4	         1	           124.636	                    0.0	               0.0	       2.68723e-09	               0.0	               0.0	               0.0	           2.96896
	125	   M1	    0	         1 ---> 	   M5	    6	         1	           124.755	                    0.0	               0.0	       3.77428e-16	               0.0	               0.0	               0.0	           2.96896
	126	   M1	    0	         1 ---> 	   N1	    0	         1	                 0	                    0.0	               0.0	                 0	               0.0	               0.0	               0.0	           2.96896
	127	   M1	    2	         1 ---> 	   M2	    2	         2	           46.1863	                    0.0	               0.0	       7.44325e-05	               0.0	               0.0	               0.0	           6.06777
	128	   M1	    2	         1 ---> 	   M2	    0	         1	           46.3292	                    0.0	               0.0	       4.25727e-05	               0.0	               0.0	               0.0	           6.18638
	129	   M1	    2	         1 ---> 	   M3	    2	         1	           48.5992	                    0.0	               0.0	       6.23367e-05	               0.0	               0.0	               0.0	           6.00039
	130	   M1	    2	         1 ---> 	   M3	    4	         1	           48.8441	                    0.0	               0.0	       0.000266035	               0.0	               0.0	               0.0	           6.06727
	131	   M1	    2	         1 ---> 	   M4	    4	         2	           123.966	                    0.0	               0.0	       2.02952e-08	               0.0	               0.0	               0.0	            3.2615
	132	   M1	    2	         1 ---> 	   M4	    2	         1	           124.323	                    0.0	               0.0	       1.83555e-07	               0.0	               0.0	               0.0	            3.2615
	133	   M1	    2	         1 ---> 	   M5	    4	         1	           124.452	                    0.0	               0.0	       2.89732e-07	               0.0	               0.0	               0.0	            3.2615
	134	   M1	    2	         1 ---> 	   M5	    6	         1	           124.571	                    0.0	               0.0	       4.35484e-07	               0.0	               0.0	               0.0	            3.2615
	135	   M1	    2	         1 ---> 	   N1	    0	         1	           125.309	                    0.0	               0.0	       1.97657e-14	               0.0	               0.0	               0.0	            3.2615
	136	   M2	    2	         2 ---> 	   M2	    0	         1	            0.1429	                    0.0	               0.0	       1.36624e-19	               0.0	               0.0	               0.0	           5.73115
	137	   M2	    2	         2 ---> 	   M3	    2	         1	           2.41282	                    0.0	               0.0	       3.08853e-15	               0.0	               0.0	               0.0	           5.54516
	138	   M2	    2	         2 ---> 	   M3	    4	         1	           2.65771	                    0.0	               0.0	       2.03198e-14	               0.0	               0.0	               0.0	           5.61204
	139	   M2	    2	         2 ---> 	   M4	    4	         2	           77.7796	                    0.0	               0.0	       0.000542587	               0.0	               0.0	               0.0	           2.80627
	140	   M2	    2	         2 ---> 	   M4	    2	         1	           78.1367	                    0.0	               0.0	       0.000130472	               0.0	               0.0	               0.0	           2.80627
	141	   M2	    2	         2 ---> 	   M5	    4	         1	           78.2655	                    0.0	               0.0	       0.000210746	               0.0	               0.0	               0.0	           2.80627
	142	   M2	    2	         2 ---> 	   M5	    6	         1	           78.3848	                    0.0	               0.0	       1.55932e-12	               0.0	               0.0	               0.0	           2.80627
	143	   M2	    2	         2 ---> 	   N1	    0	         1	           79.1223	                    0.0	               0.0	        3.1017e-05	               0.0	               0.0	               0.0	           2.80627
	144	   M2	    0	         1 ---> 	   M3	    2	         1	           2.26992	                    0.0	               0.0	       5.61136e-15	               0.0	               0.0	               0.0	           5.66377
	145	   M2	    0	         1 ---> 	   M3	    4	         1	           2.51481	                    0.0	               0.0	       3.06118e-18	               0.0	               0.0	               0.0	           5.73065
	146	   M2	    0	         1 ---> 	   M4	    4	         2	           77.6367	                    0.0	               0.0	       3.50946e-13	               0.0	               0.0	               0.0	           2.92488
	147	   M2	    0	         1 ---> 	   M4	    2	         1	           77.9938	                    0.0	               0.0	       0.000280391	               0.0	               0.0	               0.0	           2.92488
	148	   M2	    0	         1 ---> 	   M5	    4	         1	           78.1226	                    0.0	               0.0	       2.04343e-13	               0.0	               0.0	               0.0	           2.92488
	149	   M2	    0	         1 ---> 	   M5	    6	         1	           78.2419	                    0.0	               0.0	       5.71937e-14	               0.0	               0.0	               0.0	           2.92488
	150	   M2	    0	         1 ---> 	   N1	    0	         1	                 0	                    0.0	               0.0	                 0	               0.0	               0.0	               0.0	           2.92488
	151	   M3	    2	         1 ---> 	   M3	    4	         1	          0.244888	                    0.0	               0.0	       1.02072e-18	               0.0	               0.0	               0.0	           5.54466
	152	   M3	    2	         1 ---> 	   M4	    4	         2	           75.3668	                    0.0	               0.0	        0.00029318	               0.0	               0.0	               0.0	           2.73889
	153	   M3	    2	         1 ---> 	   M4	    2	         1	           75.7239	                    0.0	               0.0	       8.11647e-05	               0.0	               0.0	               0.0	           2.73889
	154	   M3	    2	         1 ---> 	   M5	    4	         1	           75.8527	                    0.0	               0.0	       0.000428066	               0.0	               0.0	               0.0	           2.73889
	155	   M3	    2	         1 ---> 	   M5	    6	         1	            75.972	                    0.0	               0.0	       7.94211e-13	               0.0	               0.0	               0.0	           2.73889
	156	   M3	    2	         1 ---> 	   N1	    0	         1	           76.7094	                    0.0	               0.0	       4.56571e-05	               0.0	               0.0	               0.0	           2.73889
	157	   M3	    4	         1 ---> 	   M4	    4	         2	           75.1219	                    0.0	               0.0	       1.30391e-05	               0.0	               0.0	               0.0	           2.80577
	158	   M3	    4	         1 ---> 	   M4	    2	         1	            75.479	                    0.0	               0.0	        1.3057e-05	               0.0	               0.0	               0.0	           2.80577
	159	   M3	    4	         1 ---> 	   M5	    4	         1	           75.6078	                    0.0	               0.0	       0.000185594	               0.0	               0.0	               0.0	           2.80577
	160	   M3	    4	         1 ---> 	   M5	    6	         1	           75.7271	                    0.0	               0.0	        0.00111608	               0.0	               0.0	               0.0	           2.80577
	161	   M3	    4	         1 ---> 	   N1	    0	         1	           76.4645	                    0.0	               0.0	       2.11837e-13	               0.0	               0.0	               0.0	           2.80577
	162	   M4	    4	         2 ---> 	   M4	    2	         1	          0.357126	                    0.0	               0.0	         0.0119707	               0.0	               0.0	               0.0	       2.22521e-16
	163	   M4	    4	         2 ---> 	   M5	    4	         1	          0.485901	                    0.0	               0.0	         0.0129616	               0.0	               0.0	               0.0	       2.08492e-16
	164	   M4	    4	         2 ---> 	   M5	    6	         1	          0.605186	                    0.0	               0.0	          0.101827	               0.0	               0.0	               0.0	       1.94506e-16
	165	   M4	    4	         2 ---> 	   N1	    0	         1	           1.34264	                    0.0	               0.0	         0.0289307	               0.0	               0.0	               0.0	       1.94506e-16
	166	   M4	    2	         1 ---> 	   M5	    4	         1	          0.128775	                    0.0	               0.0	         0.0193163	               0.0	               0.0	               0.0	       4.20012e-17
	167	   M4	    2	         1 ---> 	   M5	    6	         1	           0.24806	                    0.0	               0.0	       7.05656e-08	               0.0	               0.0	               0.0	       2.80155e-17
	168	   M4	    2	         1 ---> 	   N1	    0	         1	          0.985519	                    0.0	               0.0	       3.06183e-08	               0.0	               0.0	               0.0	       2.80155e-17
	169	   M5	    4	         1 ---> 	   M5	    6	         1	          0.119285	                    0.0	               0.0	           0.02955	               0.0	               0.0	               0.0	       1.39857e-17
	170	   M5	    4	         1 ---> 	   N1	    0	         1	          0.856744	                    0.0	               0.0	        0.00194806	               0.0	               0.0	               0.0	       1.39857e-17
	171	   M5	    6	         1 ---> 	   N1	    0	         1	          0.737459	                    0.0	               0.0	          0.258111	               0.0	               0.0	               0.0	       1.82723e-31
