# Atomic number Z= 29  Date:04-11-2021

# Number Shelli	  2Ji		  Eigi ---> 	 Shellf	  2Jf		  Eigf		Energy(eV)			BranchingRatio			 LevelRadYield		 Intensity(eV)			 Weight(%)		  RadWidth(eV)		  AugWidth(eV)		  TotWidth(eV)
	 1	   K1	    0	         1 ---> 	   K1	    2	         1	         0.0916684	                    0.0	               0.0	       6.85275e-23	               0.0	               0.0	               0.0	            3.0402
	 2	   K1	    0	         1 ---> 	   L1	    0	         1	                 0	                    0.0	               0.0	                 0	               0.0	               0.0	               0.0	           8.21418
	 3	   K1	    0	         1 ---> 	   L1	    2	         1	           7879.78	                    0.0	               0.0	       0.000650217	               0.0	               0.0	               0.0	           8.30386
	 4	   K1	    0	         1 ---> 	   L2	    2	         2	           8027.14	                    0.0	               0.0	           276.647	               0.0	               0.0	               0.0	           2.25325
	 5	   K1	    0	         1 ---> 	   L2	    0	         1	                 0	                    0.0	               0.0	                 0	               0.0	               0.0	               0.0	           2.24337
	 6	   K1	    0	         1 ---> 	   L3	    2	         1	           8047.17	                    0.0	               0.0	            535.07	               0.0	               0.0	               0.0	           2.24544
	 7	   K1	    0	         1 ---> 	   L3	    4	         1	           8047.25	                    0.0	               0.0	         0.0249242	               0.0	               0.0	               0.0	           2.24407
	 8	   K1	    0	         1 ---> 	   M1	    0	         1	                 0	                    0.0	               0.0	                 0	               0.0	               0.0	               0.0	           4.48628
	 9	   K1	    0	         1 ---> 	   M1	    2	         1	           8854.17	                    0.0	               0.0	       1.19348e-06	               0.0	               0.0	               0.0	           4.77882
	10	   K1	    0	         1 ---> 	   M2	    2	         2	           8900.36	                    0.0	               0.0	           47.2098	               0.0	               0.0	               0.0	           4.32359
	11	   K1	    0	         1 ---> 	   M2	    0	         1	                 0	                    0.0	               0.0	                 0	               0.0	               0.0	               0.0	            4.4422
	12	   K1	    0	         1 ---> 	   M3	    2	         1	           8902.77	                    0.0	               0.0	            68.306	               0.0	               0.0	               0.0	           4.25621
	13	   K1	    0	         1 ---> 	   M3	    4	         1	           8903.02	                    0.0	               0.0	        0.00432147	               0.0	               0.0	               0.0	           4.32309
	14	   K1	    0	         1 ---> 	   M4	    4	         2	           8978.14	                    0.0	               0.0	            0.9366	               0.0	               0.0	               0.0	           1.51732
	15	   K1	    0	         1 ---> 	   M4	    2	         1	            8978.5	                    0.0	               0.0	       2.60409e-05	               0.0	               0.0	               0.0	           1.51732
	16	   K1	    0	         1 ---> 	   M5	    4	         1	           8978.62	                    0.0	               0.0	         0.0678037	               0.0	               0.0	               0.0	           1.51732
	17	   K1	    0	         1 ---> 	   M5	    6	         1	           8978.74	                    0.0	               0.0	       4.89473e-05	               0.0	               0.0	               0.0	           1.51732
	18	   K1	    0	         1 ---> 	   N1	    0	         1	                 0	                    0.0	               0.0	                 0	               0.0	               0.0	               0.0	           1.51732
	19	   K1	    2	         1 ---> 	   L1	    0	         1	           7879.54	                    0.0	               0.0	       0.000661419	               0.0	               0.0	               0.0	           8.21974
	20	   K1	    2	         1 ---> 	   L1	    2	         1	           7879.69	                    0.0	               0.0	          0.001296	               0.0	               0.0	               0.0	           8.30942
	21	   K1	    2	         1 ---> 	   L2	    2	         2	           8027.05	                    0.0	               0.0	           540.758	               0.0	               0.0	               0.0	           2.25881
	22	   K1	    2	         1 ---> 	   L2	    0	         1	           8027.09	                    0.0	               0.0	           271.532	               0.0	               0.0	               0.0	           2.24893
	23	   K1	    2	         1 ---> 	   L3	    2	         1	           8047.07	                    0.0	               0.0	           267.781	               0.0	               0.0	               0.0	             2.251
	24	   K1	    2	         1 ---> 	   L3	    4	         1	           8047.16	                    0.0	               0.0	           1328.59	               0.0	               0.0	               0.0	           2.24963
	25	   K1	    2	         1 ---> 	   M1	    0	         1	            8853.9	                    0.0	               0.0	       0.000156107	               0.0	               0.0	               0.0	           4.49184
	26	   K1	    2	         1 ---> 	   M1	    2	         1	           8854.08	                    0.0	               0.0	       0.000291401	               0.0	               0.0	               0.0	           4.78438
	27	   K1	    2	         1 ---> 	   M2	    2	         2	           8900.27	                    0.0	               0.0	           71.1092	               0.0	               0.0	               0.0	           4.32915
	28	   K1	    2	         1 ---> 	   M2	    0	         1	           8900.41	                    0.0	               0.0	           40.0199	               0.0	               0.0	               0.0	           4.44776
	29	   K1	    2	         1 ---> 	   M3	    2	         1	           8902.68	                    0.0	               0.0	           47.1295	               0.0	               0.0	               0.0	           4.26177
	30	   K1	    2	         1 ---> 	   M3	    4	         1	           8902.93	                    0.0	               0.0	           195.998	               0.0	               0.0	               0.0	           4.32865
	31	   K1	    2	         1 ---> 	   M4	    4	         2	           8978.05	                    0.0	               0.0	        0.00730469	               0.0	               0.0	               0.0	           1.52288
	32	   K1	    2	         1 ---> 	   M4	    2	         1	            8978.4	                    0.0	               0.0	         0.0612523	               0.0	               0.0	               0.0	           1.52288
	33	   K1	    2	         1 ---> 	   M5	    4	         1	           8978.53	                    0.0	               0.0	          0.094095	               0.0	               0.0	               0.0	           1.52288
	34	   K1	    2	         1 ---> 	   M5	    6	         1	           8978.65	                    0.0	               0.0	          0.137928	               0.0	               0.0	               0.0	           1.52288
	35	   K1	    2	         1 ---> 	   N1	    0	         1	           8979.39	                    0.0	               0.0	       1.72425e-05	               0.0	               0.0	               0.0	           1.52288
	36	   L1	    0	         1 ---> 	   L1	    2	         1	          0.151679	                    0.0	               0.0	       4.12796e-24	               0.0	               0.0	               0.0	           13.4834
	37	   L1	    0	         1 ---> 	   L2	    2	         2	            147.51	                    0.0	               0.0	       0.000184283	               0.0	               0.0	               0.0	           7.43279
	38	   L1	    0	         1 ---> 	   L2	    0	         1	                 0	                    0.0	               0.0	                 0	               0.0	               0.0	               0.0	           7.42291
	39	   L1	    0	         1 ---> 	   L3	    2	         1	           167.536	                    0.0	               0.0	        0.00061836	               0.0	               0.0	               0.0	           7.42498
	40	   L1	    0	         1 ---> 	   L3	    4	         1	           167.619	                    0.0	               0.0	       1.25279e-11	               0.0	               0.0	               0.0	           7.42361
	41	   L1	    0	         1 ---> 	   M1	    0	         1	                 0	                    0.0	               0.0	                 0	               0.0	               0.0	               0.0	           9.66582
	42	   L1	    0	         1 ---> 	   M1	    2	         1	           974.543	                    0.0	               0.0	       1.55919e-09	               0.0	               0.0	               0.0	           9.95836
	43	   L1	    0	         1 ---> 	   M2	    2	         2	           1020.73	                    0.0	               0.0	          0.103221	               0.0	               0.0	               0.0	           9.50313
	44	   L1	    0	         1 ---> 	   M2	    0	         1	                 0	                    0.0	               0.0	                 0	               0.0	               0.0	               0.0	           9.62174
	45	   L1	    0	         1 ---> 	   M3	    2	         1	           1023.14	                    0.0	               0.0	            0.1446	               0.0	               0.0	               0.0	           9.43575
	46	   L1	    0	         1 ---> 	   M3	    4	         1	           1023.39	                    0.0	               0.0	        1.2206e-07	               0.0	               0.0	               0.0	           9.50263
	47	   L1	    0	         1 ---> 	   M4	    4	         2	           1098.51	                    0.0	               0.0	           0.00287	               0.0	               0.0	               0.0	           6.69686
	48	   L1	    0	         1 ---> 	   M4	    2	         1	           1098.87	                    0.0	               0.0	       1.56454e-11	               0.0	               0.0	               0.0	           6.69686
	49	   L1	    0	         1 ---> 	   M5	    4	         1	              1099	                    0.0	               0.0	       0.000194697	               0.0	               0.0	               0.0	           6.69686
	50	   L1	    0	         1 ---> 	   M5	    6	         1	           1099.11	                    0.0	               0.0	       1.92951e-09	               0.0	               0.0	               0.0	           6.69686
	51	   L1	    0	         1 ---> 	   N1	    0	         1	                 0	                    0.0	               0.0	                 0	               0.0	               0.0	               0.0	           6.69686
	52	   L1	    2	         1 ---> 	   L2	    2	         2	           147.358	                    0.0	               0.0	       0.000359789	               0.0	               0.0	               0.0	           7.52247
	53	   L1	    2	         1 ---> 	   L2	    0	         1	           147.399	                    0.0	               0.0	       0.000180862	               0.0	               0.0	               0.0	           7.51259
	54	   L1	    2	         1 ---> 	   L3	    2	         1	           167.384	                    0.0	               0.0	       0.000309339	               0.0	               0.0	               0.0	           7.51466
	55	   L1	    2	         1 ---> 	   L3	    4	         1	           167.467	                    0.0	               0.0	        0.00153794	               0.0	               0.0	               0.0	           7.51329
	56	   L1	    2	         1 ---> 	   M1	    0	         1	           974.207	                    0.0	               0.0	       1.96574e-09	               0.0	               0.0	               0.0	            9.7555
	57	   L1	    2	         1 ---> 	   M1	    2	         1	           974.392	                    0.0	               0.0	       9.19367e-08	               0.0	               0.0	               0.0	            10.048
	58	   L1	    2	         1 ---> 	   M2	    2	         2	           1020.58	                    0.0	               0.0	          0.117607	               0.0	               0.0	               0.0	           9.59281
	59	   L1	    2	         1 ---> 	   M2	    0	         1	           1020.72	                    0.0	               0.0	         0.0660012	               0.0	               0.0	               0.0	           9.71142
	60	   L1	    2	         1 ---> 	   M3	    2	         1	           1022.99	                    0.0	               0.0	         0.0741734	               0.0	               0.0	               0.0	           9.52543
	61	   L1	    2	         1 ---> 	   M3	    4	         1	           1023.24	                    0.0	               0.0	          0.307121	               0.0	               0.0	               0.0	           9.59231
	62	   L1	    2	         1 ---> 	   M4	    4	         2	           1098.36	                    0.0	               0.0	       4.30478e-05	               0.0	               0.0	               0.0	           6.78654
	63	   L1	    2	         1 ---> 	   M4	    2	         1	           1098.71	                    0.0	               0.0	       0.000376098	               0.0	               0.0	               0.0	           6.78654
	64	   L1	    2	         1 ---> 	   M5	    4	         1	           1098.84	                    0.0	               0.0	       0.000585148	               0.0	               0.0	               0.0	           6.78654
	65	   L1	    2	         1 ---> 	   M5	    6	         1	           1098.96	                    0.0	               0.0	         0.0008685	               0.0	               0.0	               0.0	           6.78654
	66	   L1	    2	         1 ---> 	   N1	    0	         1	            1099.7	                    0.0	               0.0	       2.34011e-10	               0.0	               0.0	               0.0	           6.78654
	67	   L2	    2	         2 ---> 	   L2	    0	         1	         0.0409984	                    0.0	               0.0	       3.98627e-21	               0.0	               0.0	               0.0	           1.46198
	68	   L2	    2	         2 ---> 	   L3	    2	         1	           20.0261	                    0.0	               0.0	       5.63729e-11	               0.0	               0.0	               0.0	           1.46405
	69	   L2	    2	         2 ---> 	   L3	    4	         1	           20.1089	                    0.0	               0.0	       2.84575e-10	               0.0	               0.0	               0.0	           1.46268
	70	   L2	    2	         2 ---> 	   M1	    0	         1	           826.849	                    0.0	               0.0	         0.0352088	               0.0	               0.0	               0.0	           3.70489
	71	   L2	    2	         2 ---> 	   M1	    2	         1	           827.033	                    0.0	               0.0	          0.068778	               0.0	               0.0	               0.0	           3.99743
	72	   L2	    2	         2 ---> 	   M2	    2	         2	            873.22	                    0.0	               0.0	       1.04322e-06	               0.0	               0.0	               0.0	            3.5422
	73	   L2	    2	         2 ---> 	   M2	    0	         1	           873.363	                    0.0	               0.0	        5.5849e-09	               0.0	               0.0	               0.0	           3.66081
	74	   L2	    2	         2 ---> 	   M3	    2	         1	           875.633	                    0.0	               0.0	       0.000145264	               0.0	               0.0	               0.0	           3.47482
	75	   L2	    2	         2 ---> 	   M3	    4	         1	           875.877	                    0.0	               0.0	       0.000144953	               0.0	               0.0	               0.0	            3.5417
	76	   L2	    2	         2 ---> 	   M4	    4	         2	           950.999	                    0.0	               0.0	           1.12315	               0.0	               0.0	               0.0	          0.735931
	77	   L2	    2	         2 ---> 	   M4	    2	         1	           951.356	                    0.0	               0.0	          0.337334	               0.0	               0.0	               0.0	          0.735931
	78	   L2	    2	         2 ---> 	   M5	    4	         1	           951.485	                    0.0	               0.0	          0.593296	               0.0	               0.0	               0.0	          0.735931
	79	   L2	    2	         2 ---> 	   M5	    6	         1	           951.604	                    0.0	               0.0	        6.3101e-07	               0.0	               0.0	               0.0	          0.735931
	80	   L2	    2	         2 ---> 	   N1	    0	         1	           952.342	                    0.0	               0.0	         0.0026138	               0.0	               0.0	               0.0	          0.735931
	81	   L2	    0	         1 ---> 	   L3	    2	         1	           19.9851	                    0.0	               0.0	       1.13915e-10	               0.0	               0.0	               0.0	           1.45416
	82	   L2	    0	         1 ---> 	   L3	    4	         1	           20.0679	                    0.0	               0.0	       2.01321e-14	               0.0	               0.0	               0.0	           1.45279
	83	   L2	    0	         1 ---> 	   M1	    0	         1	                 0	                    0.0	               0.0	                 0	               0.0	               0.0	               0.0	           3.69501
	84	   L2	    0	         1 ---> 	   M1	    2	         1	           826.992	                    0.0	               0.0	          0.034993	               0.0	               0.0	               0.0	           3.98755
	85	   L2	    0	         1 ---> 	   M2	    2	         2	           873.179	                    0.0	               0.0	        6.5534e-09	               0.0	               0.0	               0.0	           3.53232
	86	   L2	    0	         1 ---> 	   M2	    0	         1	                 0	                    0.0	               0.0	                 0	               0.0	               0.0	               0.0	           3.65093
	87	   L2	    0	         1 ---> 	   M3	    2	         1	           875.592	                    0.0	               0.0	       3.89246e-09	               0.0	               0.0	               0.0	           3.46494
	88	   L2	    0	         1 ---> 	   M3	    4	         1	           875.836	                    0.0	               0.0	       9.83485e-05	               0.0	               0.0	               0.0	           3.53182
	89	   L2	    0	         1 ---> 	   M4	    4	         2	           950.958	                    0.0	               0.0	       1.32726e-07	               0.0	               0.0	               0.0	          0.726046
	90	   L2	    0	         1 ---> 	   M4	    2	         1	           951.315	                    0.0	               0.0	          0.686672	               0.0	               0.0	               0.0	          0.726046
	91	   L2	    0	         1 ---> 	   M5	    4	         1	           951.444	                    0.0	               0.0	       7.54172e-08	               0.0	               0.0	               0.0	          0.726046
	92	   L2	    0	         1 ---> 	   M5	    6	         1	           951.563	                    0.0	               0.0	       1.39638e-07	               0.0	               0.0	               0.0	          0.726046
	93	   L2	    0	         1 ---> 	   N1	    0	         1	                 0	                    0.0	               0.0	                 0	               0.0	               0.0	               0.0	          0.726046
	94	   L3	    2	         1 ---> 	   L3	    4	         1	         0.0828006	                    0.0	               0.0	       4.25937e-20	               0.0	               0.0	               0.0	           1.45486
	95	   L3	    2	         1 ---> 	   M1	    0	         1	           806.823	                    0.0	               0.0	         0.0720733	               0.0	               0.0	               0.0	           3.69708
	96	   L3	    2	         1 ---> 	   M1	    2	         1	           807.007	                    0.0	               0.0	         0.0361078	               0.0	               0.0	               0.0	           3.98962
	97	   L3	    2	         1 ---> 	   M2	    2	         2	           853.194	                    0.0	               0.0	       0.000158134	               0.0	               0.0	               0.0	           3.53439
	98	   L3	    2	         1 ---> 	   M2	    0	         1	           853.337	                    0.0	               0.0	       6.48652e-08	               0.0	               0.0	               0.0	             3.653
	99	   L3	    2	         1 ---> 	   M3	    2	         1	           855.606	                    0.0	               0.0	       5.54626e-05	               0.0	               0.0	               0.0	           3.46701
	100	   L3	    2	         1 ---> 	   M3	    4	         1	           855.851	                    0.0	               0.0	       6.98406e-05	               0.0	               0.0	               0.0	           3.53389
	101	   L3	    2	         1 ---> 	   M4	    4	         2	           930.973	                    0.0	               0.0	           0.85744	               0.0	               0.0	               0.0	          0.728116
	102	   L3	    2	         1 ---> 	   M4	    2	         1	            931.33	                    0.0	               0.0	          0.171851	               0.0	               0.0	               0.0	          0.728116
	103	   L3	    2	         1 ---> 	   M5	    4	         1	           931.459	                    0.0	               0.0	           0.93701	               0.0	               0.0	               0.0	          0.728116
	104	   L3	    2	         1 ---> 	   M5	    6	         1	           931.578	                    0.0	               0.0	       4.06078e-07	               0.0	               0.0	               0.0	          0.728116
	105	   L3	    2	         1 ---> 	   N1	    0	         1	           932.316	                    0.0	               0.0	        0.00524529	               0.0	               0.0	               0.0	          0.728116
	106	   L3	    4	         1 ---> 	   M1	    0	         1	            806.74	                    0.0	               0.0	       3.40154e-08	               0.0	               0.0	               0.0	           3.69571
	107	   L3	    4	         1 ---> 	   M1	    2	         1	           806.924	                    0.0	               0.0	          0.179361	               0.0	               0.0	               0.0	           3.98825
	108	   L3	    4	         1 ---> 	   M2	    2	         2	           853.111	                    0.0	               0.0	       0.000127773	               0.0	               0.0	               0.0	           3.53302
	109	   L3	    4	         1 ---> 	   M2	    0	         1	           853.254	                    0.0	               0.0	       9.56976e-05	               0.0	               0.0	               0.0	           3.65163
	110	   L3	    4	         1 ---> 	   M3	    2	         1	           855.524	                    0.0	               0.0	       8.35228e-05	               0.0	               0.0	               0.0	           3.46564
	111	   L3	    4	         1 ---> 	   M3	    4	         1	           855.769	                    0.0	               0.0	       0.000162797	               0.0	               0.0	               0.0	           3.53252
	112	   L3	    4	         1 ---> 	   M4	    4	         2	            930.89	                    0.0	               0.0	         0.0364042	               0.0	               0.0	               0.0	          0.726746
	113	   L3	    4	         1 ---> 	   M4	    2	         1	           931.248	                    0.0	               0.0	         0.0341632	               0.0	               0.0	               0.0	          0.726746
	114	   L3	    4	         1 ---> 	   M5	    4	         1	           931.376	                    0.0	               0.0	          0.474205	               0.0	               0.0	               0.0	          0.726746
	115	   L3	    4	         1 ---> 	   M5	    6	         1	           931.496	                    0.0	               0.0	           2.78982	               0.0	               0.0	               0.0	          0.726746
	116	   L3	    4	         1 ---> 	   N1	    0	         1	           932.233	                    0.0	               0.0	       3.41407e-09	               0.0	               0.0	               0.0	          0.726746
	117	   M1	    0	         1 ---> 	   M1	    2	         1	          0.184183	                    0.0	               0.0	       9.20022e-25	               0.0	               0.0	               0.0	           6.23046
	118	   M1	    0	         1 ---> 	   M2	    2	         2	           46.3705	                    0.0	               0.0	       4.60959e-05	               0.0	               0.0	               0.0	           5.77523
	119	   M1	    0	         1 ---> 	   M2	    0	         1	                 0	                    0.0	               0.0	                 0	               0.0	               0.0	               0.0	           5.89384
	120	   M1	    0	         1 ---> 	   M3	    2	         1	           48.7833	                    0.0	               0.0	       8.33711e-05	               0.0	               0.0	               0.0	           5.70785
	121	   M1	    0	         1 ---> 	   M3	    4	         1	           49.0282	                    0.0	               0.0	       1.61632e-13	               0.0	               0.0	               0.0	           5.77473
	122	   M1	    0	         1 ---> 	   M4	    4	         2	            124.15	                    0.0	               0.0	       4.50883e-08	               0.0	               0.0	               0.0	           2.96896
	123	   M1	    0	         1 ---> 	   M4	    2	         1	           124.507	                    0.0	               0.0	       2.71307e-15	               0.0	               0.0	               0.0	           2.96896
	124	   M1	    0	         1 ---> 	   M5	    4	         1	           124.636	                    0.0	               0.0	       2.68723e-09	               0.0	               0.0	               0.0	           2.96896
	125	   M1	    0	         1 ---> 	   M5	    6	         1	           124.755	                    0.0	               0.0	       3.77428e-16	               0.0	               0.0	               0.0	           2.96896
	126	   M1	    0	         1 ---> 	   N1	    0	         1	                 0	                    0.0	               0.0	                 0	               0.0	               0.0	               0.0	           2.96896
	127	   M1	    2	         1 ---> 	   M2	    2	         2	           46.1863	                    0.0	               0.0	       7.44325e-05	               0.0	               0.0	               0.0	           6.06777
	128	   M1	    2	         1 ---> 	   M2	    0	         1	           46.3292	                    0.0	               0.0	       4.25727e-05	               0.0	               0.0	               0.0	           6.18638
	129	   M1	    2	         1 ---> 	   M3	    2	         1	           48.5992	                    0.0	               0.0	       6.23367e-05	               0.0	               0.0	               0.0	           6.00039
	130	   M1	    2	         1 ---> 	   M3	    4	         1	           48.8441	                    0.0	               0.0	       0.000266035	               0.0	               0.0	               0.0	           6.06727
	131	   M1	    2	         1 ---> 	   M4	    4	         2	           123.966	                    0.0	               0.0	       2.02952e-08	               0.0	               0.0	               0.0	            3.2615
	132	   M1	    2	         1 ---> 	   M4	    2	         1	           124.323	                    0.0	               0.0	       1.83555e-07	               0.0	               0.0	               0.0	            3.2615
	133	   M1	    2	         1 ---> 	   M5	    4	         1	           124.452	                    0.0	               0.0	       2.89732e-07	               0.0	               0.0	               0.0	            3.2615
	134	   M1	    2	         1 ---> 	   M5	    6	         1	           124.571	                    0.0	               0.0	       4.35484e-07	               0.0	               0.0	               0.0	            3.2615
	135	   M1	    2	         1 ---> 	   N1	    0	         1	           125.309	                    0.0	               0.0	       1.97657e-14	               0.0	               0.0	               0.0	            3.2615
	136	   M2	    2	         2 ---> 	   M2	    0	         1	            0.1429	                    0.0	               0.0	       1.36624e-19	               0.0	               0.0	               0.0	           5.73115
	137	   M2	    2	         2 ---> 	   M3	    2	         1	           2.41282	                    0.0	               0.0	       3.08853e-15	               0.0	               0.0	               0.0	           5.54516
	138	   M2	    2	         2 ---> 	   M3	    4	         1	           2.65771	                    0.0	               0.0	       2.03198e-14	               0.0	               0.0	               0.0	           5.61204
	139	   M2	    2	         2 ---> 	   M4	    4	         2	           77.7796	                    0.0	               0.0	       0.000542587	               0.0	               0.0	               0.0	           2.80627
	140	   M2	    2	         2 ---> 	   M4	    2	         1	           78.1367	                    0.0	               0.0	       0.000130472	               0.0	               0.0	               0.0	           2.80627
	141	   M2	    2	         2 ---> 	   M5	    4	         1	           78.2655	                    0.0	               0.0	       0.000210746	               0.0	               0.0	               0.0	           2.80627
	142	   M2	    2	         2 ---> 	   M5	    6	         1	           78.3848	                    0.0	               0.0	       1.55932e-12	               0.0	               0.0	               0.0	           2.80627
	143	   M2	    2	         2 ---> 	   N1	    0	         1	           79.1223	                    0.0	               0.0	        3.1017e-05	               0.0	               0.0	               0.0	           2.80627
	144	   M2	    0	         1 ---> 	   M3	    2	         1	           2.26992	                    0.0	               0.0	       5.61136e-15	               0.0	               0.0	               0.0	           5.66377
	145	   M2	    0	         1 ---> 	   M3	    4	         1	           2.51481	                    0.0	               0.0	       3.06118e-18	               0.0	               0.0	               0.0	           5.73065
	146	   M2	    0	         1 ---> 	   M4	    4	         2	           77.6367	                    0.0	               0.0	       3.50946e-13	               0.0	               0.0	               0.0	           2.92488
	147	   M2	    0	         1 ---> 	   M4	    2	         1	           77.9938	                    0.0	               0.0	       0.000280391	               0.0	               0.0	               0.0	           2.92488
	148	   M2	    0	         1 ---> 	   M5	    4	         1	           78.1226	                    0.0	               0.0	       2.04343e-13	               0.0	               0.0	               0.0	           2.92488
	149	   M2	    0	         1 ---> 	   M5	    6	         1	           78.2419	                    0.0	               0.0	       5.71937e-14	               0.0	               0.0	               0.0	           2.92488
	150	   M2	    0	         1 ---> 	   N1	    0	         1	                 0	                    0.0	               0.0	                 0	               0.0	               0.0	               0.0	           2.92488
	151	   M3	    2	         1 ---> 	   M3	    4	         1	          0.244888	                    0.0	               0.0	       1.02072e-18	               0.0	               0.0	               0.0	           5.54466
	152	   M3	    2	         1 ---> 	   M4	    4	         2	           75.3668	                    0.0	               0.0	        0.00029318	               0.0	               0.0	               0.0	           2.73889
	153	   M3	    2	         1 ---> 	   M4	    2	         1	           75.7239	                    0.0	               0.0	       8.11647e-05	               0.0	               0.0	               0.0	           2.73889
	154	   M3	    2	         1 ---> 	   M5	    4	         1	           75.8527	                    0.0	               0.0	       0.000428066	               0.0	               0.0	               0.0	           2.73889
	155	   M3	    2	         1 ---> 	   M5	    6	         1	            75.972	                    0.0	               0.0	       7.94211e-13	               0.0	               0.0	               0.0	           2.73889
	156	   M3	    2	         1 ---> 	   N1	    0	         1	           76.7094	                    0.0	               0.0	       4.56571e-05	               0.0	               0.0	               0.0	           2.73889
	157	   M3	    4	         1 ---> 	   M4	    4	         2	           75.1219	                    0.0	               0.0	       1.30391e-05	               0.0	               0.0	               0.0	           2.80577
	158	   M3	    4	         1 ---> 	   M4	    2	         1	            75.479	                    0.0	               0.0	        1.3057e-05	               0.0	               0.0	               0.0	           2.80577
	159	   M3	    4	         1 ---> 	   M5	    4	         1	           75.6078	                    0.0	               0.0	       0.000185594	               0.0	               0.0	               0.0	           2.80577
	160	   M3	    4	         1 ---> 	   M5	    6	         1	           75.7271	                    0.0	               0.0	        0.00111608	               0.0	               0.0	               0.0	           2.80577
	161	   M3	    4	         1 ---> 	   N1	    0	         1	           76.4645	                    0.0	               0.0	       2.11837e-13	               0.0	               0.0	               0.0	           2.80577
	162	   M4	    4	         2 ---> 	   M4	    2	         1	          0.357126	                    0.0	               0.0	         0.0119707	               0.0	               0.0	               0.0	       2.22521e-16
	163	   M4	    4	         2 ---> 	   M5	    4	         1	          0.485901	                    0.0	               0.0	         0.0129616	               0.0	               0.0	               0.0	       2.08492e-16
	164	   M4	    4	         2 ---> 	   M5	    6	         1	          0.605186	                    0.0	               0.0	          0.101827	               0.0	               0.0	               0.0	       1.94506e-16
	165	   M4	    4	         2 ---> 	   N1	    0	         1	           1.34264	                    0.0	               0.0	         0.0289307	               0.0	               0.0	               0.0	       1.94506e-16
	166	   M4	    2	         1 ---> 	   M5	    4	         1	          0.128775	                    0.0	               0.0	         0.0193163	               0.0	               0.0	               0.0	       4.20012e-17
	167	   M4	    2	         1 ---> 	   M5	    6	         1	           0.24806	                    0.0	               0.0	       7.05656e-08	               0.0	               0.0	               0.0	       2.80155e-17
	168	   M4	    2	         1 ---> 	   N1	    0	         1	          0.985519	                    0.0	               0.0	       3.06183e-08	               0.0	               0.0	               0.0	       2.80155e-17
	169	   M5	    4	         1 ---> 	   M5	    6	         1	          0.119285	                    0.0	               0.0	           0.02955	               0.0	               0.0	               0.0	       1.39857e-17
	170	   M5	    4	         1 ---> 	   N1	    0	         1	          0.856744	                    0.0	               0.0	        0.00194806	               0.0	               0.0	               0.0	       1.39857e-17
	171	   M5	    6	         1 ---> 	   N1	    0	         1	          0.737459	                    0.0	               0.0	          0.258111	               0.0	               0.0	               0.0	       1.82723e-31
