# Atomic number Z= 26  Date:12-04-2022

# Number Shelli	  2Ji		  Eigi ---> 	 Shellf	  2Jf		  Eigf		Energy(eV)			BranchingRatio			 LevelRadYield		 Intensity(eV)			 Weight(%)		  RadWidth(eV)		  AugWidth(eV)		  TotWidth(eV)
	 1	   K1	    2	         4 ---> 	   K1	    4	         4	 1.23960728879E+01	                    0.0	               0.0	6.307698740995857e-13	               0.0	               0.0	               0.0	1.2469000000000001
	 2	   K1	    2	         4 ---> 	   K1	    2	         3	 2.14710195488E+01	                    0.0	               0.0	9.439275197468199e-12	               0.0	               0.0	               0.0	            1.1634
	 3	   K1	    2	         4 ---> 	   K1	    0	         1	 2.38493568819E+01	                    0.0	               0.0	6.194449457755736e-12	               0.0	               0.0	               0.0	           1.10367
	 4	   K1	    2	         4 ---> 	   K1	    4	         3	 2.52063132248E+01	                    0.0	               0.0	1.9215310613066064e-11	               0.0	               0.0	               0.0	           1.25285
	 5	   K1	    2	         4 ---> 	   K1	    2	         2	 3.28067137753E+01	                    0.0	               0.0	2.0373406295886878e-10	               0.0	               0.0	               0.0	           1.32568
	 6	   K1	    2	         4 ---> 	   K1	    6	         1	 3.98405498599E+01	                    0.0	               0.0	4.569082738760255e-14	               0.0	               0.0	               0.0	           1.14917
	 7	   K1	    2	         4 ---> 	   K1	    4	         2	 4.26747229738E+01	                    0.0	               0.0	1.6753481402295733e-10	               0.0	               0.0	               0.0	           1.13723
	 8	   K1	    2	         4 ---> 	   K1	    2	         1	 4.45844816104E+01	                    0.0	               0.0	1.533698211990565e-11	               0.0	               0.0	               0.0	           1.18516
	 9	   K1	    2	         4 ---> 	   K1	    4	         1	 7.16062636829E+01	                    0.0	               0.0	4.403232970546346e-12	               0.0	               0.0	               0.0	           0.89677
	10	   K1	    2	         4 ---> 	   L1	    2	         4	 6.43220718721E+03	                    0.0	               0.0	2.70524819722892e-06	               0.0	               0.0	               0.0	0.6707099999999999
	11	   K1	    2	         4 ---> 	   L1	    4	         4	 6.44870012511E+03	                    0.0	               0.0	2.62442023642421e-05	               0.0	               0.0	               0.0	            0.6707
	12	   K1	    2	         4 ---> 	   L1	    2	         3	 6.45285992285E+03	                    0.0	               0.0	3.4650096075143507e-06	               0.0	               0.0	               0.0	0.6707299999999999
	13	   K1	    2	         4 ---> 	   L1	    4	         3	 6.47311434660E+03	                    0.0	               0.0	9.116678042164495e-05	               0.0	               0.0	               0.0	0.6706599999999999
	14	   K1	    2	         4 ---> 	   L1	    2	         2	 6.47531656966E+03	                    0.0	               0.0	3.525018636903151e-05	               0.0	               0.0	               0.0	0.6706599999999999
	15	   K1	    2	         4 ---> 	   L1	    0	         1	 6.47648545675E+03	                    0.0	               0.0	3.877091074071112e-06	               0.0	               0.0	               0.0	0.6706599999999999
	16	   K1	    2	         4 ---> 	   L1	    6	         1	 6.49033814639E+03	                    0.0	               0.0	6.006608619128894e-06	               0.0	               0.0	               0.0	0.6706599999999999
	17	   K1	    2	         4 ---> 	   L1	    4	         2	 6.49360709869E+03	                    0.0	               0.0	1.2232021537950275e-06	               0.0	               0.0	               0.0	0.6706599999999999
	18	   K1	    2	         4 ---> 	   L1	    2	         1	 6.49361366986E+03	                    0.0	               0.0	9.537262903057987e-07	               0.0	               0.0	               0.0	0.6706599999999999
	19	   K1	    2	         4 ---> 	   L1	    4	         1	 6.53146790236E+03	                    0.0	               0.0	2.193432563443262e-06	               0.0	               0.0	               0.0	           0.67065
	20	   K1	    2	         4 ---> 	   L3	    0	         2	 6.53715535986E+03	                    0.0	               0.0	128.97552103625057	               0.0	               0.0	               0.0	           0.67065
	21	   K1	    2	         4 ---> 	   L2	    4	         2	 6.55748862013E+03	                    0.0	               0.0	188.66007757274255	               0.0	               0.0	               0.0	           0.67065
	22	   K1	    2	         4 ---> 	   L2	    4	         1	 6.57361720139E+03	                    0.0	               0.0	0.32032386603845314	               0.0	               0.0	               0.0	           0.67065
	23	   K1	    2	         4 ---> 	   L2	    2	         1	 6.57914763834E+03	                    0.0	               0.0	0.8875485121927696	               0.0	               0.0	               0.0	           0.67065
	24	   K1	    2	         4 ---> 	   L3	    0	         1	 6.58792628680E+03	                    0.0	               0.0	0.0010297174977110326	               0.0	               0.0	               0.0	            1.3413
	25	   K1	    4	         4 ---> 	   K1	    2	         3	 9.07494666097E+00	                    0.0	               0.0	2.7819891029423883e-12	               0.0	               0.0	               0.0	             1.069
	26	   K1	    4	         4 ---> 	   K1	    0	         1	 1.14532839940E+01	                    0.0	               0.0	3.981390682295343e-17	               0.0	               0.0	               0.0	1.0092700000000001
	27	   K1	    4	         4 ---> 	   K1	    4	         3	 1.28102403370E+01	                    0.0	               0.0	1.4581164153356128e-11	               0.0	               0.0	               0.0	1.1584500000000002
	28	   K1	    4	         4 ---> 	   K1	    2	         2	 2.04106408874E+01	                    0.0	               0.0	1.4874137952288055e-11	               0.0	               0.0	               0.0	           1.23128
	29	   K1	    4	         4 ---> 	   K1	    6	         1	 2.74444769721E+01	                    0.0	               0.0	5.575584885586529e-11	               0.0	               0.0	               0.0	           1.05477
	30	   K1	    4	         4 ---> 	   K1	    4	         2	 3.02786500859E+01	                    0.0	               0.0	1.9132327179219713e-10	               0.0	               0.0	               0.0	           1.04283
	31	   K1	    4	         4 ---> 	   K1	    2	         1	 3.21884087225E+01	                    0.0	               0.0	4.388197870875001e-13	               0.0	               0.0	               0.0	           1.09076
	32	   K1	    4	         4 ---> 	   K1	    4	         1	 5.92101907951E+01	                    0.0	               0.0	2.918542910415023e-10	               0.0	               0.0	               0.0	           0.80237
	33	   K1	    4	         4 ---> 	   L1	    2	         4	 6.41981111433E+03	                    0.0	               0.0	8.365637141022598e-05	               0.0	               0.0	               0.0	           0.57631
	34	   K1	    4	         4 ---> 	   L1	    4	         4	 6.43630405223E+03	                    0.0	               0.0	1.24497322577824e-06	               0.0	               0.0	               0.0	            0.5763
	35	   K1	    4	         4 ---> 	   L1	    2	         3	 6.44046384996E+03	                    0.0	               0.0	2.498645487244295e-05	               0.0	               0.0	               0.0	           0.57633
	36	   K1	    4	         4 ---> 	   L1	    4	         3	 6.46071827371E+03	                    0.0	               0.0	0.00021926865906907235	               0.0	               0.0	               0.0	           0.57626
	37	   K1	    4	         4 ---> 	   L1	    2	         2	 6.46292049677E+03	                    0.0	               0.0	4.861380123433741e-05	               0.0	               0.0	               0.0	           0.57626
	38	   K1	    4	         4 ---> 	   L1	    0	         1	 6.46408938386E+03	                    0.0	               0.0	3.092754640345066e-06	               0.0	               0.0	               0.0	           0.57626
	39	   K1	    4	         4 ---> 	   L1	    6	         1	 6.47794207350E+03	                    0.0	               0.0	0.00010009530564498789	               0.0	               0.0	               0.0	           0.57626
	40	   K1	    4	         4 ---> 	   L1	    4	         2	 6.48121102581E+03	                    0.0	               0.0	3.4728820596396223e-05	               0.0	               0.0	               0.0	           0.57626
	41	   K1	    4	         4 ---> 	   L1	    2	         1	 6.48121759697E+03	                    0.0	               0.0	1.9247056787462472e-05	               0.0	               0.0	               0.0	           0.57626
	42	   K1	    4	         4 ---> 	   L1	    4	         1	 6.51907182947E+03	                    0.0	               0.0	2.3186185452187238e-06	               0.0	               0.0	               0.0	           0.57625
	43	   K1	    4	         4 ---> 	   L3	    0	         2	 6.52475928697E+03	                    0.0	               0.0	0.0018535320155219862	               0.0	               0.0	               0.0	           0.57625
	44	   K1	    4	         4 ---> 	   L2	    4	         2	 6.54509254725E+03	                    0.0	               0.0	408.28544771940574	               0.0	               0.0	               0.0	           0.57625
	45	   K1	    4	         4 ---> 	   L2	    4	         1	 6.56122112850E+03	                    0.0	               0.0	0.09761993059450912	               0.0	               0.0	               0.0	           0.57625
	46	   K1	    4	         4 ---> 	   L2	    2	         1	 6.56675156545E+03	                    0.0	               0.0	 4.428571362905259	               0.0	               0.0	               0.0	           0.57625
	47	   K1	    4	         4 ---> 	   L3	    0	         1	 6.57553021391E+03	                    0.0	               0.0	6.578493782098141e-05	               0.0	               0.0	               0.0	1.2469000000000001
	48	   K1	    2	         3 ---> 	   K1	    0	         1	 2.37833733308E+00	                    0.0	               0.0	2.2689977697845198e-14	               0.0	               0.0	               0.0	           0.92577
	49	   K1	    2	         3 ---> 	   K1	    4	         3	 3.73529367598E+00	                    0.0	               0.0	7.904276719827661e-14	               0.0	               0.0	               0.0	           1.07495
	50	   K1	    2	         3 ---> 	   K1	    2	         2	 1.13356942265E+01	                    0.0	               0.0	2.153576339519184e-12	               0.0	               0.0	               0.0	           1.14778
	51	   K1	    2	         3 ---> 	   K1	    6	         1	 1.83695303111E+01	                    0.0	               0.0	1.813993616049348e-14	               0.0	               0.0	               0.0	0.9712700000000001
	52	   K1	    2	         3 ---> 	   K1	    4	         2	 2.12037034250E+01	                    0.0	               0.0	6.052940743962886e-12	               0.0	               0.0	               0.0	           0.95933
	53	   K1	    2	         3 ---> 	   K1	    2	         1	 2.31134620616E+01	                    0.0	               0.0	1.5382357848664913e-11	               0.0	               0.0	               0.0	           1.00726
	54	   K1	    2	         3 ---> 	   K1	    4	         1	 5.01352441341E+01	                    0.0	               0.0	2.9692626228949006e-10	               0.0	               0.0	               0.0	           0.71887
	55	   K1	    2	         3 ---> 	   L1	    2	         4	 6.41073616767E+03	                    0.0	               0.0	4.1859288402747844e-05	               0.0	               0.0	               0.0	           0.49281
	56	   K1	    2	         3 ---> 	   L1	    4	         4	 6.42722910557E+03	                    0.0	               0.0	1.6963234950228794e-05	               0.0	               0.0	               0.0	            0.4928
	57	   K1	    2	         3 ---> 	   L1	    2	         3	 6.43138890330E+03	                    0.0	               0.0	5.31932968135284e-06	               0.0	               0.0	               0.0	0.49283000000000005
	58	   K1	    2	         3 ---> 	   L1	    4	         3	 6.45164332705E+03	                    0.0	               0.0	1.954546743166375e-05	               0.0	               0.0	               0.0	0.49276000000000003
	59	   K1	    2	         3 ---> 	   L1	    2	         2	 6.45384555011E+03	                    0.0	               0.0	8.189026605522801e-05	               0.0	               0.0	               0.0	0.49276000000000003
	60	   K1	    2	         3 ---> 	   L1	    0	         1	 6.45501443720E+03	                    0.0	               0.0	5.9091462933314025e-05	               0.0	               0.0	               0.0	0.49276000000000003
	61	   K1	    2	         3 ---> 	   L1	    6	         1	 6.46886712684E+03	                    0.0	               0.0	3.174798546096057e-05	               0.0	               0.0	               0.0	0.49276000000000003
	62	   K1	    2	         3 ---> 	   L1	    4	         2	 6.47213607914E+03	                    0.0	               0.0	6.996022818723733e-06	               0.0	               0.0	               0.0	0.49276000000000003
	63	   K1	    2	         3 ---> 	   L1	    2	         1	 6.47214265031E+03	                    0.0	               0.0	2.8041114481259692e-05	               0.0	               0.0	               0.0	0.49276000000000003
	64	   K1	    2	         3 ---> 	   L1	    4	         1	 6.50999688281E+03	                    0.0	               0.0	7.888848409880777e-06	               0.0	               0.0	               0.0	           0.49275
	65	   K1	    2	         3 ---> 	   L3	    0	         2	 6.51568434031E+03	                    0.0	               0.0	23.334792535462995	               0.0	               0.0	               0.0	           0.49275
	66	   K1	    2	         3 ---> 	   L2	    4	         2	 6.53601760059E+03	                    0.0	               0.0	 4.040357902449896	               0.0	               0.0	               0.0	           0.49275
	67	   K1	    2	         3 ---> 	   L2	    4	         1	 6.55214618184E+03	                    0.0	               0.0	188.97610013595093	               0.0	               0.0	               0.0	           0.49275
	68	   K1	    2	         3 ---> 	   L2	    2	         1	 6.55767661879E+03	                    0.0	               0.0	 5.463797126095951	               0.0	               0.0	               0.0	           0.49275
	69	   K1	    2	         3 ---> 	   L3	    0	         1	 6.56645526725E+03	                    0.0	               0.0	0.4656675564325725	               0.0	               0.0	               0.0	            1.1634
	70	   K1	    0	         1 ---> 	   K1	    4	         3	 1.35695634291E+00	                    0.0	               0.0	5.799675251838975e-22	               0.0	               0.0	               0.0	           1.01522
	71	   K1	    0	         1 ---> 	   K1	    2	         2	 8.95735689339E+00	                    0.0	               0.0	3.6024161748487366e-13	               0.0	               0.0	               0.0	           1.08805
	72	   K1	    0	         1 ---> 	   K1	    6	         1	                 0	                    0.0	               0.0	               0.0	               0.0	               0.0	               0.0	           0.91154
	73	   K1	    0	         1 ---> 	   K1	    4	         2	 1.88253660919E+01	                    0.0	               0.0	1.683963000874999e-14	               0.0	               0.0	               0.0	            0.8996
	74	   K1	    0	         1 ---> 	   K1	    2	         1	 2.07351247285E+01	                    0.0	               0.0	2.9280283818161956e-11	               0.0	               0.0	               0.0	           0.94753
	75	   K1	    0	         1 ---> 	   K1	    4	         1	 4.77569068010E+01	                    0.0	               0.0	3.153585419158276e-14	               0.0	               0.0	               0.0	0.6591400000000001
	76	   K1	    0	         1 ---> 	   L1	    2	         4	 6.40835783033E+03	                    0.0	               0.0	1.4609599296925574e-05	               0.0	               0.0	               0.0	           0.43308
	77	   K1	    0	         1 ---> 	   L1	    4	         4	 6.42485076823E+03	                    0.0	               0.0	3.3146126285656726e-07	               0.0	               0.0	               0.0	           0.43307
	78	   K1	    0	         1 ---> 	   L1	    2	         3	 6.42901056597E+03	                    0.0	               0.0	5.138082089358312e-06	               0.0	               0.0	               0.0	0.43310000000000004
	79	   K1	    0	         1 ---> 	   L1	    4	         3	 6.44926498972E+03	                    0.0	               0.0	2.628430391117677e-07	               0.0	               0.0	               0.0	           0.43303
	80	   K1	    0	         1 ---> 	   L1	    2	         2	 6.45146721278E+03	                    0.0	               0.0	3.978155708966674e-05	               0.0	               0.0	               0.0	           0.43303
	81	   K1	    0	         1 ---> 	   L1	    0	         1	                 0	                    0.0	               0.0	               0.0	               0.0	               0.0	               0.0	           0.43303
	82	   K1	    0	         1 ---> 	   L1	    6	         1	                 0	                    0.0	               0.0	               0.0	               0.0	               0.0	               0.0	           0.43303
	83	   K1	    0	         1 ---> 	   L1	    4	         2	 6.46975774181E+03	                    0.0	               0.0	3.0836587348371847e-06	               0.0	               0.0	               0.0	           0.43303
	84	   K1	    0	         1 ---> 	   L1	    2	         1	 6.46976431297E+03	                    0.0	               0.0	2.9005937990850263e-06	               0.0	               0.0	               0.0	           0.43303
	85	   K1	    0	         1 ---> 	   L1	    4	         1	 6.50761854547E+03	                    0.0	               0.0	8.049325872092884e-08	               0.0	               0.0	               0.0	           0.43302
	86	   K1	    0	         1 ---> 	   L3	    0	         2	                 0	                    0.0	               0.0	               0.0	               0.0	               0.0	               0.0	           0.43302
	87	   K1	    0	         1 ---> 	   L2	    4	         2	 6.53363926325E+03	                    0.0	               0.0	0.00031526903702929214	               0.0	               0.0	               0.0	           0.43302
	88	   K1	    0	         1 ---> 	   L2	    4	         1	 6.54976784450E+03	                    0.0	               0.0	0.0013885352388992446	               0.0	               0.0	               0.0	           0.43302
	89	   K1	    0	         1 ---> 	   L2	    2	         1	 6.55529828146E+03	                    0.0	               0.0	55.829098194090015	               0.0	               0.0	               0.0	           0.43302
	90	   K1	    0	         1 ---> 	   L3	    0	         1	                 0	                    0.0	               0.0	               0.0	               0.0	               0.0	               0.0	           1.10367
	91	   K1	    4	         3 ---> 	   K1	    2	         2	 7.60040055048E+00	                    0.0	               0.0	5.511038350413795e-13	               0.0	               0.0	               0.0	           1.23723
	92	   K1	    4	         3 ---> 	   K1	    6	         1	 1.46342366351E+01	                    0.0	               0.0	1.488550149170303e-11	               0.0	               0.0	               0.0	           1.06072
	93	   K1	    4	         3 ---> 	   K1	    4	         2	 1.74684097490E+01	                    0.0	               0.0	6.715411517493677e-12	               0.0	               0.0	               0.0	           1.04878
	94	   K1	    4	         3 ---> 	   K1	    2	         1	 1.93781683856E+01	                    0.0	               0.0	9.689324734570487e-12	               0.0	               0.0	               0.0	           1.09671
	95	   K1	    4	         3 ---> 	   K1	    4	         1	 4.63999504581E+01	                    0.0	               0.0	2.299622886479588e-10	               0.0	               0.0	               0.0	           0.80832
	96	   K1	    4	         3 ---> 	   L1	    2	         4	 6.40700087399E+03	                    0.0	               0.0	5.026693650456099e-05	               0.0	               0.0	               0.0	           0.58226
	97	   K1	    4	         3 ---> 	   L1	    4	         4	 6.42349381189E+03	                    0.0	               0.0	3.906519022862543e-05	               0.0	               0.0	               0.0	           0.58225
	98	   K1	    4	         3 ---> 	   L1	    2	         3	 6.42765360962E+03	                    0.0	               0.0	1.4545321283378313e-05	               0.0	               0.0	               0.0	           0.58228
	99	   K1	    4	         3 ---> 	   L1	    4	         3	 6.44790803337E+03	                    0.0	               0.0	0.00013020134024158033	               0.0	               0.0	               0.0	           0.58221
	100	   K1	    4	         3 ---> 	   L1	    2	         2	 6.45011025643E+03	                    0.0	               0.0	1.2391436515139917e-05	               0.0	               0.0	               0.0	           0.58221
	101	   K1	    4	         3 ---> 	   L1	    0	         1	 6.45127914352E+03	                    0.0	               0.0	1.2667097607345887e-05	               0.0	               0.0	               0.0	           0.58221
	102	   K1	    4	         3 ---> 	   L1	    6	         1	 6.46513183317E+03	                    0.0	               0.0	0.00019988486475989466	               0.0	               0.0	               0.0	           0.58221
	103	   K1	    4	         3 ---> 	   L1	    4	         2	 6.46840078547E+03	                    0.0	               0.0	4.999963671546768e-05	               0.0	               0.0	               0.0	           0.58221
	104	   K1	    4	         3 ---> 	   L1	    2	         1	 6.46840735663E+03	                    0.0	               0.0	2.6203131802523705e-05	               0.0	               0.0	               0.0	           0.58221
	105	   K1	    4	         3 ---> 	   L1	    4	         1	 6.50626158913E+03	                    0.0	               0.0	3.7114239654561054e-06	               0.0	               0.0	               0.0	            0.5822
	106	   K1	    4	         3 ---> 	   L3	    0	         2	 6.51194904663E+03	                    0.0	               0.0	0.0007550664068290018	               0.0	               0.0	               0.0	            0.5822
	107	   K1	    4	         3 ---> 	   L2	    4	         2	 6.53228230691E+03	                    0.0	               0.0	111.23145691505307	               0.0	               0.0	               0.0	            0.5822
	108	   K1	    4	         3 ---> 	   L2	    4	         1	 6.54841088816E+03	                    0.0	               0.0	 299.7596739556243	               0.0	               0.0	               0.0	            0.5822
	109	   K1	    4	         3 ---> 	   L2	    2	         1	 6.55394132512E+03	                    0.0	               0.0	1.7747603382530344	               0.0	               0.0	               0.0	            0.5822
	110	   K1	    4	         3 ---> 	   L3	    0	         1	 6.56271997358E+03	                    0.0	               0.0	0.00039604278498059765	               0.0	               0.0	               0.0	           1.25285
	111	   K1	    2	         2 ---> 	   K1	    6	         1	 7.03383608463E+00	                    0.0	               0.0	2.9186877128399913e-18	               0.0	               0.0	               0.0	           1.13355
	112	   K1	    2	         2 ---> 	   K1	    4	         2	 9.86800919851E+00	                    0.0	               0.0	1.76602449637879e-12	               0.0	               0.0	               0.0	           1.12161
	113	   K1	    2	         2 ---> 	   K1	    2	         1	 1.17777678351E+01	                    0.0	               0.0	1.0725818158408832e-11	               0.0	               0.0	               0.0	           1.16954
	114	   K1	    2	         2 ---> 	   K1	    4	         1	 3.87995499076E+01	                    0.0	               0.0	1.152436141888128e-13	               0.0	               0.0	               0.0	           0.88115
	115	   K1	    2	         2 ---> 	   L1	    2	         4	 6.39940047344E+03	                    0.0	               0.0	3.6106751010545207e-07	               0.0	               0.0	               0.0	           0.65509
	116	   K1	    2	         2 ---> 	   L1	    4	         4	 6.41589341134E+03	                    0.0	               0.0	1.311287515108801e-05	               0.0	               0.0	               0.0	           0.65508
	117	   K1	    2	         2 ---> 	   L1	    2	         3	 6.42005320907E+03	                    0.0	               0.0	2.3750538110241107e-05	               0.0	               0.0	               0.0	           0.65511
	118	   K1	    2	         2 ---> 	   L1	    4	         3	 6.44030763282E+03	                    0.0	               0.0	1.614137533288464e-05	               0.0	               0.0	               0.0	           0.65504
	119	   K1	    2	         2 ---> 	   L1	    2	         2	 6.44250985588E+03	                    0.0	               0.0	8.381129827633679e-05	               0.0	               0.0	               0.0	           0.65504
	120	   K1	    2	         2 ---> 	   L1	    0	         1	 6.44367874297E+03	                    0.0	               0.0	2.5657028220741087e-06	               0.0	               0.0	               0.0	           0.65504
	121	   K1	    2	         2 ---> 	   L1	    6	         1	 6.45753143262E+03	                    0.0	               0.0	1.6310054426763367e-05	               0.0	               0.0	               0.0	           0.65504
	122	   K1	    2	         2 ---> 	   L1	    4	         2	 6.46080038492E+03	                    0.0	               0.0	4.0525565723884224e-05	               0.0	               0.0	               0.0	           0.65504
	123	   K1	    2	         2 ---> 	   L1	    2	         1	 6.46080695608E+03	                    0.0	               0.0	3.916556372027155e-06	               0.0	               0.0	               0.0	           0.65504
	124	   K1	    2	         2 ---> 	   L1	    4	         1	 6.49866118858E+03	                    0.0	               0.0	7.661590884062418e-05	               0.0	               0.0	               0.0	           0.65503
	125	   K1	    2	         2 ---> 	   L3	    0	         2	 6.50434864608E+03	                    0.0	               0.0	0.010435096400943804	               0.0	               0.0	               0.0	           0.65503
	126	   K1	    2	         2 ---> 	   L2	    4	         2	 6.52468190636E+03	                    0.0	               0.0	17.750574421542186	               0.0	               0.0	               0.0	           0.65503
	127	   K1	    2	         2 ---> 	   L2	    4	         1	 6.54081048761E+03	                    0.0	               0.0	103.73808274613216	               0.0	               0.0	               0.0	           0.65503
	128	   K1	    2	         2 ---> 	   L2	    2	         1	 6.54634092457E+03	                    0.0	               0.0	219.99887314591626	               0.0	               0.0	               0.0	           0.65503
	129	   K1	    2	         2 ---> 	   L3	    0	         1	 6.55511957303E+03	                    0.0	               0.0	 13.94722200352231	               0.0	               0.0	               0.0	           1.32568
	130	   K1	    6	         1 ---> 	   K1	    4	         2	 2.83417311388E+00	                    0.0	               0.0	1.0937565889311601e-13	               0.0	               0.0	               0.0	            0.9451
	131	   K1	    6	         1 ---> 	   K1	    2	         1	 4.74393175048E+00	                    0.0	               0.0	1.0507540706242996e-18	               0.0	               0.0	               0.0	0.9930300000000001
	132	   K1	    6	         1 ---> 	   K1	    4	         1	 3.17657138230E+01	                    0.0	               0.0	1.3553331141294738e-11	               0.0	               0.0	               0.0	0.7046399999999999
	133	   K1	    6	         1 ---> 	   L1	    2	         4	 6.39236663735E+03	                    0.0	               0.0	9.139588485407698e-07	               0.0	               0.0	               0.0	           0.47858
	134	   K1	    6	         1 ---> 	   L1	    4	         4	 6.40885957525E+03	                    0.0	               0.0	0.00013236241261544294	               0.0	               0.0	               0.0	           0.47857
	135	   K1	    6	         1 ---> 	   L1	    2	         3	 6.41301937299E+03	                    0.0	               0.0	1.4628530659872035e-05	               0.0	               0.0	               0.0	            0.4786
	136	   K1	    6	         1 ---> 	   L1	    4	         3	 6.43327379674E+03	                    0.0	               0.0	5.387721355891079e-05	               0.0	               0.0	               0.0	           0.47853
	137	   K1	    6	         1 ---> 	   L1	    2	         2	 6.43547601980E+03	                    0.0	               0.0	2.5718455760698593e-06	               0.0	               0.0	               0.0	           0.47853
	138	   K1	    6	         1 ---> 	   L1	    0	         1	                 0	                    0.0	               0.0	               0.0	               0.0	               0.0	               0.0	           0.47853
	139	   K1	    6	         1 ---> 	   L1	    6	         1	 6.45049759653E+03	                    0.0	               0.0	0.0002940301212314862	               0.0	               0.0	               0.0	           0.47853
	140	   K1	    6	         1 ---> 	   L1	    4	         2	 6.45376654883E+03	                    0.0	               0.0	7.251573616609837e-05	               0.0	               0.0	               0.0	           0.47853
	141	   K1	    6	         1 ---> 	   L1	    2	         1	 6.45377312000E+03	                    0.0	               0.0	4.965089557004749e-07	               0.0	               0.0	               0.0	           0.47853
	142	   K1	    6	         1 ---> 	   L1	    4	         1	 6.49162735250E+03	                    0.0	               0.0	6.651532076370789e-06	               0.0	               0.0	               0.0	           0.47852
	143	   K1	    6	         1 ---> 	   L3	    0	         2	                 0	                    0.0	               0.0	               0.0	               0.0	               0.0	               0.0	           0.47852
	144	   K1	    6	         1 ---> 	   L2	    4	         2	 6.51764807027E+03	                    0.0	               0.0	 84.50488696400343	               0.0	               0.0	               0.0	           0.47852
	145	   K1	    6	         1 ---> 	   L2	    4	         1	 6.53377665153E+03	                    0.0	               0.0	270.85474428061895	               0.0	               0.0	               0.0	           0.47852
	146	   K1	    6	         1 ---> 	   L2	    2	         1	 6.53930708848E+03	                    0.0	               0.0	0.002164075669914877	               0.0	               0.0	               0.0	           0.47852
	147	   K1	    6	         1 ---> 	   L3	    0	         1	                 0	                    0.0	               0.0	               0.0	               0.0	               0.0	               0.0	           1.14917
	148	   K1	    4	         2 ---> 	   K1	    2	         1	 1.90975863660E+00	                    0.0	               0.0	2.023460475480704e-14	               0.0	               0.0	               0.0	           0.98109
	149	   K1	    4	         2 ---> 	   K1	    4	         1	 2.89315407091E+01	                    0.0	               0.0	1.3960005566297148e-10	               0.0	               0.0	               0.0	            0.6927
	150	   K1	    4	         2 ---> 	   L1	    2	         4	 6.38953246424E+03	                    0.0	               0.0	2.012983804786311e-05	               0.0	               0.0	               0.0	           0.46664
	151	   K1	    4	         2 ---> 	   L1	    4	         4	 6.40602540214E+03	                    0.0	               0.0	5.253979774522164e-05	               0.0	               0.0	               0.0	           0.46663
	152	   K1	    4	         2 ---> 	   L1	    2	         3	 6.41018519988E+03	                    0.0	               0.0	9.770074856195374e-06	               0.0	               0.0	               0.0	           0.46666
	153	   K1	    4	         2 ---> 	   L1	    4	         3	 6.43043962362E+03	                    0.0	               0.0	2.679518711708482e-05	               0.0	               0.0	               0.0	           0.46659
	154	   K1	    4	         2 ---> 	   L1	    2	         2	 6.43264184668E+03	                    0.0	               0.0	2.2527498739590035e-06	               0.0	               0.0	               0.0	           0.46659
	155	   K1	    4	         2 ---> 	   L1	    0	         1	 6.43381073377E+03	                    0.0	               0.0	4.5652801142309425e-06	               0.0	               0.0	               0.0	           0.46659
	156	   K1	    4	         2 ---> 	   L1	    6	         1	 6.44766342342E+03	                    0.0	               0.0	5.0457606464997174e-05	               0.0	               0.0	               0.0	           0.46659
	157	   K1	    4	         2 ---> 	   L1	    4	         2	 6.45093237572E+03	                    0.0	               0.0	0.00010085353158988483	               0.0	               0.0	               0.0	           0.46659
	158	   K1	    4	         2 ---> 	   L1	    2	         1	 6.45093894688E+03	                    0.0	               0.0	0.00011186082525404541	               0.0	               0.0	               0.0	           0.46659
	159	   K1	    4	         2 ---> 	   L1	    4	         1	 6.48879317938E+03	                    0.0	               0.0	1.0743445042161306e-05	               0.0	               0.0	               0.0	           0.46658
	160	   K1	    4	         2 ---> 	   L3	    0	         2	 6.49448063688E+03	                    0.0	               0.0	0.00021621162745239831	               0.0	               0.0	               0.0	           0.46658
	161	   K1	    4	         2 ---> 	   L2	    4	         2	 6.51481389716E+03	                    0.0	               0.0	20.733844078995517	               0.0	               0.0	               0.0	           0.46658
	162	   K1	    4	         2 ---> 	   L2	    4	         1	 6.53094247841E+03	                    0.0	               0.0	1.7866290062884589	               0.0	               0.0	               0.0	           0.46658
	163	   K1	    4	         2 ---> 	   L2	    2	         1	 6.53647291537E+03	                    0.0	               0.0	243.27421168274304	               0.0	               0.0	               0.0	           0.46658
	164	   K1	    4	         2 ---> 	   L3	    0	         1	 6.54525156383E+03	                    0.0	               0.0	0.0022518246575328957	               0.0	               0.0	               0.0	           1.13723
	165	   K1	    2	         1 ---> 	   K1	    4	         1	 2.70217820725E+01	                    0.0	               0.0	1.7852856272179434e-11	               0.0	               0.0	               0.0	           0.74063
	166	   K1	    2	         1 ---> 	   L1	    2	         4	 6.38762270560E+03	                    0.0	               0.0	1.240832802596454e-06	               0.0	               0.0	               0.0	           0.51457
	167	   K1	    2	         1 ---> 	   L1	    4	         4	 6.40411564350E+03	                    0.0	               0.0	2.8170583292444614e-05	               0.0	               0.0	               0.0	           0.51456
	168	   K1	    2	         1 ---> 	   L1	    2	         3	 6.40827544124E+03	                    0.0	               0.0	3.248301843849047e-05	               0.0	               0.0	               0.0	           0.51459
	169	   K1	    2	         1 ---> 	   L1	    4	         3	 6.42852986499E+03	                    0.0	               0.0	1.4777219138236978e-05	               0.0	               0.0	               0.0	           0.51452
	170	   K1	    2	         1 ---> 	   L1	    2	         2	 6.43073208805E+03	                    0.0	               0.0	1.550041716526576e-05	               0.0	               0.0	               0.0	           0.51452
	171	   K1	    2	         1 ---> 	   L1	    0	         1	 6.43190097513E+03	                    0.0	               0.0	2.515049121559392e-06	               0.0	               0.0	               0.0	           0.51452
	172	   K1	    2	         1 ---> 	   L1	    6	         1	 6.44575366478E+03	                    0.0	               0.0	5.740020851688929e-06	               0.0	               0.0	               0.0	           0.51452
	173	   K1	    2	         1 ---> 	   L1	    4	         2	 6.44902261708E+03	                    0.0	               0.0	0.00010081568617332059	               0.0	               0.0	               0.0	           0.51452
	174	   K1	    2	         1 ---> 	   L1	    2	         1	 6.44902918825E+03	                    0.0	               0.0	2.2978965763082196e-05	               0.0	               0.0	               0.0	           0.51452
	175	   K1	    2	         1 ---> 	   L1	    4	         1	 6.48688342075E+03	                    0.0	               0.0	2.9267161745086376e-05	               0.0	               0.0	               0.0	           0.51451
	176	   K1	    2	         1 ---> 	   L3	    0	         2	 6.49257087825E+03	                    0.0	               0.0	0.016221767528681777	               0.0	               0.0	               0.0	           0.51451
	177	   K1	    2	         1 ---> 	   L2	    4	         2	 6.51290413852E+03	                    0.0	               0.0	2.6081692328313517	               0.0	               0.0	               0.0	           0.51451
	178	   K1	    2	         1 ---> 	   L2	    4	         1	 6.52903271977E+03	                    0.0	               0.0	 36.37309856715725	               0.0	               0.0	               0.0	           0.51451
	179	   K1	    2	         1 ---> 	   L2	    2	         1	 6.53456315673E+03	                    0.0	               0.0	0.34380674986352217	               0.0	               0.0	               0.0	           0.51451
	180	   K1	    2	         1 ---> 	   L3	    0	         1	 6.54334180519E+03	                    0.0	               0.0	169.53956311019033	               0.0	               0.0	               0.0	           1.18516
	181	   K1	    4	         1 ---> 	   L1	    2	         4	 6.36060092353E+03	                    0.0	               0.0	1.3258076376890434e-05	               0.0	               0.0	               0.0	           0.22618
	182	   K1	    4	         1 ---> 	   L1	    4	         4	 6.37709386143E+03	                    0.0	               0.0	3.1209959060546756e-07	               0.0	               0.0	               0.0	0.22616999999999998
	183	   K1	    4	         1 ---> 	   L1	    2	         3	 6.38125365917E+03	                    0.0	               0.0	0.00024842757045171864	               0.0	               0.0	               0.0	0.22619999999999998
	184	   K1	    4	         1 ---> 	   L1	    4	         3	 6.40150808291E+03	                    0.0	               0.0	1.2620429807809087e-06	               0.0	               0.0	               0.0	           0.22613
	185	   K1	    4	         1 ---> 	   L1	    2	         2	 6.40371030597E+03	                    0.0	               0.0	1.8630192943320205e-05	               0.0	               0.0	               0.0	           0.22613
	186	   K1	    4	         1 ---> 	   L1	    0	         1	 6.40487919306E+03	                    0.0	               0.0	2.060454517723284e-07	               0.0	               0.0	               0.0	           0.22613
	187	   K1	    4	         1 ---> 	   L1	    6	         1	 6.41873188271E+03	                    0.0	               0.0	7.461145350909645e-06	               0.0	               0.0	               0.0	           0.22613
	188	   K1	    4	         1 ---> 	   L1	    4	         2	 6.42200083501E+03	                    0.0	               0.0	5.167868214394713e-06	               0.0	               0.0	               0.0	           0.22613
	189	   K1	    4	         1 ---> 	   L1	    2	         1	 6.42200740617E+03	                    0.0	               0.0	1.3502839016330694e-05	               0.0	               0.0	               0.0	           0.22613
	190	   K1	    4	         1 ---> 	   L1	    4	         1	 6.45986163867E+03	                    0.0	               0.0	0.0005047009628572034	               0.0	               0.0	               0.0	           0.22612
	191	   K1	    4	         1 ---> 	   L3	    0	         2	 6.46554909617E+03	                    0.0	               0.0	5.4681886445339096e-08	               0.0	               0.0	               0.0	           0.22612
	192	   K1	    4	         1 ---> 	   L2	    4	         2	 6.48588235645E+03	                    0.0	               0.0	0.6668134241364646	               0.0	               0.0	               0.0	           0.22612
	193	   K1	    4	         1 ---> 	   L2	    4	         1	 6.50201093770E+03	                    0.0	               0.0	17.696537180310703	               0.0	               0.0	               0.0	           0.22612
	194	   K1	    4	         1 ---> 	   L2	    2	         1	 6.50754137466E+03	                    0.0	               0.0	19.669996035231332	               0.0	               0.0	               0.0	           0.22612
	195	   K1	    4	         1 ---> 	   L3	    0	         1	 6.51632002312E+03	                    0.0	               0.0	0.006420022596355921	               0.0	               0.0	               0.0	           0.89677
	196	   L1	    2	         4 ---> 	   L1	    4	         4	 1.64929379000E+01	                    0.0	               0.0	7.591809408089438e-10	               0.0	               0.0	               0.0	           0.00011
	197	   L1	    2	         4 ---> 	   L1	    2	         3	 2.06527356357E+01	                    0.0	               0.0	5.781834956095249e-07	               0.0	               0.0	               0.0	0.00014000000000000001
	198	   L1	    2	         4 ---> 	   L1	    4	         3	 4.09071593830E+01	                    0.0	               0.0	5.238530983208074e-07	               0.0	               0.0	               0.0	7.000000000000001e-05
	199	   L1	    2	         4 ---> 	   L1	    2	         2	 4.31093824430E+01	                    0.0	               0.0	3.500433967797064e-07	               0.0	               0.0	               0.0	7.000000000000001e-05
	200	   L1	    2	         4 ---> 	   L1	    0	         1	 4.42782695311E+01	                    0.0	               0.0	1.3957433952412762e-07	               0.0	               0.0	               0.0	7.000000000000001e-05
	201	   L1	    2	         4 ---> 	   L1	    6	         1	 5.81309591771E+01	                    0.0	               0.0	8.948607494356463e-10	               0.0	               0.0	               0.0	7.000000000000001e-05
	202	   L1	    2	         4 ---> 	   L1	    4	         2	 6.13999114798E+01	                    0.0	               0.0	2.8463697102565485e-06	               0.0	               0.0	               0.0	7.000000000000001e-05
	203	   L1	    2	         4 ---> 	   L1	    2	         1	 6.14064826418E+01	                    0.0	               0.0	7.642740729374272e-07	               0.0	               0.0	               0.0	7.000000000000001e-05
	204	   L1	    2	         4 ---> 	   L1	    4	         1	 9.92607151428E+01	                    0.0	               0.0	2.6317361291423538e-08	               0.0	               0.0	               0.0	             6e-05
	205	   L1	    2	         4 ---> 	   L3	    0	         2	 1.04948172643E+02	                    0.0	               0.0	2.0490739612867297	               0.0	               0.0	               0.0	             6e-05
	206	   L1	    2	         4 ---> 	   L2	    4	         2	 1.25281432921E+02	                    0.0	               0.0	 6.291651543543146	               0.0	               0.0	               0.0	             6e-05
	207	   L1	    2	         4 ---> 	   L2	    4	         1	 1.41410014171E+02	                    0.0	               0.0	0.0026305940807258	               0.0	               0.0	               0.0	             6e-05
	208	   L1	    2	         4 ---> 	   L2	    2	         1	 1.46940451128E+02	                    0.0	               0.0	0.7621253669509496	               0.0	               0.0	               0.0	             6e-05
	209	   L1	    2	         4 ---> 	   L3	    0	         1	 1.55719099587E+02	                    0.0	               0.0	0.007768504624968525	               0.0	               0.0	               0.0	0.6707099999999999
	210	   L1	    4	         4 ---> 	   L1	    2	         3	 4.15979773568E+00	                    0.0	               0.0	8.139062776780729e-12	               0.0	               0.0	               0.0	0.00013000000000000002
	211	   L1	    4	         4 ---> 	   L1	    4	         3	 2.44142214830E+01	                    0.0	               0.0	8.244344244145189e-07	               0.0	               0.0	               0.0	             6e-05
	212	   L1	    4	         4 ---> 	   L1	    2	         2	 2.66164445430E+01	                    0.0	               0.0	4.394957402572597e-07	               0.0	               0.0	               0.0	             6e-05
	213	   L1	    4	         4 ---> 	   L1	    0	         1	 2.77853316311E+01	                    0.0	               0.0	5.985092072032648e-12	               0.0	               0.0	               0.0	             6e-05
	214	   L1	    4	         4 ---> 	   L1	    6	         1	 4.16380212771E+01	                    0.0	               0.0	2.1609898550928839e-07	               0.0	               0.0	               0.0	             6e-05
	215	   L1	    4	         4 ---> 	   L1	    4	         2	 4.49069735798E+01	                    0.0	               0.0	1.4207184800130048e-06	               0.0	               0.0	               0.0	             6e-05
	216	   L1	    4	         4 ---> 	   L1	    2	         1	 4.49135447418E+01	                    0.0	               0.0	3.537621588192404e-08	               0.0	               0.0	               0.0	             6e-05
	217	   L1	    4	         4 ---> 	   L1	    4	         1	 8.27677772428E+01	                    0.0	               0.0	3.75135646880632e-07	               0.0	               0.0	               0.0	             5e-05
	218	   L1	    4	         4 ---> 	   L3	    0	         2	 8.84552347434E+01	                    0.0	               0.0	8.135136940881609e-10	               0.0	               0.0	               0.0	             5e-05
	219	   L1	    4	         4 ---> 	   L2	    4	         2	 1.08788495021E+02	                    0.0	               0.0	 11.14933891467637	               0.0	               0.0	               0.0	             5e-05
	220	   L1	    4	         4 ---> 	   L2	    4	         1	 1.24917076271E+02	                    0.0	               0.0	2.7502374762493074	               0.0	               0.0	               0.0	             5e-05
	221	   L1	    4	         4 ---> 	   L2	    2	         1	 1.30447513228E+02	                    0.0	               0.0	0.06481930724008544	               0.0	               0.0	               0.0	             5e-05
	222	   L1	    4	         4 ---> 	   L3	    0	         1	 1.39226161687E+02	                    0.0	               0.0	1.1267586057947321e-08	               0.0	               0.0	               0.0	            0.6707
	223	   L1	    2	         3 ---> 	   L1	    4	         3	 2.02544237473E+01	                    0.0	               0.0	2.06867780439572e-08	               0.0	               0.0	               0.0	             9e-05
	224	   L1	    2	         3 ---> 	   L1	    2	         2	 2.24566468073E+01	                    0.0	               0.0	1.5853962094413103e-08	               0.0	               0.0	               0.0	             9e-05
	225	   L1	    2	         3 ---> 	   L1	    0	         1	 2.36255338954E+01	                    0.0	               0.0	6.83496676144039e-08	               0.0	               0.0	               0.0	             9e-05
	226	   L1	    2	         3 ---> 	   L1	    6	         1	 3.74782235414E+01	                    0.0	               0.0	4.386768614998257e-10	               0.0	               0.0	               0.0	             9e-05
	227	   L1	    2	         3 ---> 	   L1	    4	         2	 4.07471758441E+01	                    0.0	               0.0	4.931796552831611e-07	               0.0	               0.0	               0.0	             9e-05
	228	   L1	    2	         3 ---> 	   L1	    2	         1	 4.07537470061E+01	                    0.0	               0.0	1.6206433634642122e-07	               0.0	               0.0	               0.0	             9e-05
	229	   L1	    2	         3 ---> 	   L1	    4	         1	 7.86079795071E+01	                    0.0	               0.0	3.8873153841284723e-07	               0.0	               0.0	               0.0	             8e-05
	230	   L1	    2	         3 ---> 	   L3	    0	         2	 8.42954370078E+01	                    0.0	               0.0	 0.057442570651839	               0.0	               0.0	               0.0	             8e-05
	231	   L1	    2	         3 ---> 	   L2	    4	         2	 1.04628697285E+02	                    0.0	               0.0	0.08081993539328813	               0.0	               0.0	               0.0	             8e-05
	232	   L1	    2	         3 ---> 	   L2	    4	         1	 1.20757278536E+02	                    0.0	               0.0	 5.343273128224479	               0.0	               0.0	               0.0	             8e-05
	233	   L1	    2	         3 ---> 	   L2	    2	         1	 1.26287715492E+02	                    0.0	               0.0	 2.663613748978482	               0.0	               0.0	               0.0	             8e-05
	234	   L1	    2	         3 ---> 	   L3	    0	         1	 1.35066363951E+02	                    0.0	               0.0	1.1084105632825687	               0.0	               0.0	               0.0	0.6707299999999999
	235	   L1	    4	         3 ---> 	   L1	    2	         2	 2.20222306001E+00	                    0.0	               0.0	1.0203160591186137e-09	               0.0	               0.0	               0.0	             2e-05
	236	   L1	    4	         3 ---> 	   L1	    0	         1	 3.37111014809E+00	                    0.0	               0.0	4.648163571416862e-15	               0.0	               0.0	               0.0	             2e-05
	237	   L1	    4	         3 ---> 	   L1	    6	         1	 1.72237997941E+01	                    0.0	               0.0	1.2782643999084674e-06	               0.0	               0.0	               0.0	             2e-05
	238	   L1	    4	         3 ---> 	   L1	    4	         2	 2.04927520968E+01	                    0.0	               0.0	1.492516399345434e-06	               0.0	               0.0	               0.0	             2e-05
	239	   L1	    4	         3 ---> 	   L1	    2	         1	 2.04993232588E+01	                    0.0	               0.0	3.506570689368861e-07	               0.0	               0.0	               0.0	             2e-05
	240	   L1	    4	         3 ---> 	   L1	    4	         1	 5.83535557598E+01	                    0.0	               0.0	2.8762790816226577e-05	               0.0	               0.0	               0.0	             1e-05
	241	   L1	    4	         3 ---> 	   L3	    0	         2	 6.40410132604E+01	                    0.0	               0.0	1.9063394681226083e-09	               0.0	               0.0	               0.0	             1e-05
	242	   L1	    4	         3 ---> 	   L2	    4	         2	 8.43742735378E+01	                    0.0	               0.0	0.03657108512522911	               0.0	               0.0	               0.0	             1e-05
	243	   L1	    4	         3 ---> 	   L2	    4	         1	 1.00502854788E+02	                    0.0	               0.0	12.460880051896076	               0.0	               0.0	               0.0	             1e-05
	244	   L1	    4	         3 ---> 	   L2	    2	         1	 1.06033291745E+02	                    0.0	               0.0	0.06157991554738033	               0.0	               0.0	               0.0	             1e-05
	245	   L1	    4	         3 ---> 	   L3	    0	         1	 1.14811940204E+02	                    0.0	               0.0	9.428407408286134e-09	               0.0	               0.0	               0.0	0.6706599999999999
	246	   L1	    2	         2 ---> 	   L1	    0	         1	 1.16888708807E+00	                    0.0	               0.0	5.089226395449346e-11	               0.0	               0.0	               0.0	             2e-05
	247	   L1	    2	         2 ---> 	   L1	    6	         1	 1.50215767341E+01	                    0.0	               0.0	2.2374915573004413e-10	               0.0	               0.0	               0.0	             2e-05
	248	   L1	    2	         2 ---> 	   L1	    4	         2	 1.82905290368E+01	                    0.0	               0.0	2.1718503386283815e-08	               0.0	               0.0	               0.0	             2e-05
	249	   L1	    2	         2 ---> 	   L1	    2	         1	 1.82971001988E+01	                    0.0	               0.0	1.2704044898240087e-06	               0.0	               0.0	               0.0	             2e-05
	250	   L1	    2	         2 ---> 	   L1	    4	         1	 5.61513326998E+01	                    0.0	               0.0	8.422543672626543e-06	               0.0	               0.0	               0.0	             1e-05
	251	   L1	    2	         2 ---> 	   L3	    0	         2	 6.18387902004E+01	                    0.0	               0.0	0.020357803645541194	               0.0	               0.0	               0.0	             1e-05
	252	   L1	    2	         2 ---> 	   L2	    4	         2	 8.21720504778E+01	                    0.0	               0.0	0.05021245044978117	               0.0	               0.0	               0.0	             1e-05
	253	   L1	    2	         2 ---> 	   L2	    4	         1	 9.83006317284E+01	                    0.0	               0.0	0.7373211847652912	               0.0	               0.0	               0.0	             1e-05
	254	   L1	    2	         2 ---> 	   L2	    2	         1	 1.03831068685E+02	                    0.0	               0.0	 5.791596586947821	               0.0	               0.0	               0.0	             1e-05
	255	   L1	    2	         2 ---> 	   L3	    0	         1	 1.12609717144E+02	                    0.0	               0.0	 1.213910020105265	               0.0	               0.0	               0.0	0.6706599999999999
	256	   L1	    0	         1 ---> 	   L1	    6	         1	                 0	                    0.0	               0.0	               0.0	               0.0	               0.0	               0.0	             2e-05
	257	   L1	    0	         1 ---> 	   L1	    4	         2	 1.71216419487E+01	                    0.0	               0.0	3.9027587080944765e-10	               0.0	               0.0	               0.0	             2e-05
	258	   L1	    0	         1 ---> 	   L1	    2	         1	 1.71282131107E+01	                    0.0	               0.0	3.988404829346711e-07	               0.0	               0.0	               0.0	             2e-05
	259	   L1	    0	         1 ---> 	   L1	    4	         1	 5.49824456117E+01	                    0.0	               0.0	5.369640080930274e-10	               0.0	               0.0	               0.0	             1e-05
	260	   L1	    0	         1 ---> 	   L3	    0	         2	                 0	                    0.0	               0.0	               0.0	               0.0	               0.0	               0.0	             1e-05
	261	   L1	    0	         1 ---> 	   L2	    4	         2	 8.10031633897E+01	                    0.0	               0.0	8.761672857268056e-10	               0.0	               0.0	               0.0	             1e-05
	262	   L1	    0	         1 ---> 	   L2	    4	         1	 9.71317446403E+01	                    0.0	               0.0	1.1304265997355904e-08	               0.0	               0.0	               0.0	             1e-05
	263	   L1	    0	         1 ---> 	   L2	    2	         1	 1.02662181597E+02	                    0.0	               0.0	2.5665545399250003	               0.0	               0.0	               0.0	             1e-05
	264	   L1	    0	         1 ---> 	   L3	    0	         1	                 0	                    0.0	               0.0	               0.0	               0.0	               0.0	               0.0	0.6706599999999999
	265	   L1	    6	         1 ---> 	   L1	    4	         2	 3.26895230269E+00	                    0.0	               0.0	1.722214656806436e-08	               0.0	               0.0	               0.0	             2e-05
	266	   L1	    6	         1 ---> 	   L1	    2	         1	 3.27552346471E+00	                    0.0	               0.0	8.662893887727853e-15	               0.0	               0.0	               0.0	             2e-05
	267	   L1	    6	         1 ---> 	   L1	    4	         1	 4.11297559657E+01	                    0.0	               0.0	6.834725997245213e-07	               0.0	               0.0	               0.0	             1e-05
	268	   L1	    6	         1 ---> 	   L3	    0	         2	                 0	                    0.0	               0.0	               0.0	               0.0	               0.0	               0.0	             1e-05
	269	   L1	    6	         1 ---> 	   L2	    4	         2	 6.71504737437E+01	                    0.0	               0.0	1.6177378538003875	               0.0	               0.0	               0.0	             1e-05
	270	   L1	    6	         1 ---> 	   L2	    4	         1	 8.32790549943E+01	                    0.0	               0.0	12.567539326560267	               0.0	               0.0	               0.0	             1e-05
	271	   L1	    6	         1 ---> 	   L2	    2	         1	 8.88094919508E+01	                    0.0	               0.0	2.4209486479363955e-08	               0.0	               0.0	               0.0	             1e-05
	272	   L1	    6	         1 ---> 	   L3	    0	         1	                 0	                    0.0	               0.0	               0.0	               0.0	               0.0	               0.0	0.6706599999999999
	273	   L1	    4	         2 ---> 	   L1	    2	         1	 6.57116201956E-03	                    0.0	               0.0	2.423666866108761e-19	               0.0	               0.0	               0.0	             2e-05
	274	   L1	    4	         2 ---> 	   L1	    4	         1	 3.78608036630E+01	                    0.0	               0.0	8.636210566266356e-06	               0.0	               0.0	               0.0	             1e-05
	275	   L1	    4	         2 ---> 	   L3	    0	         2	 4.35482611636E+01	                    0.0	               0.0	2.266239756079631e-11	               0.0	               0.0	               0.0	             1e-05
	276	   L1	    4	         2 ---> 	   L2	    4	         2	 6.38815214410E+01	                    0.0	               0.0	0.06652368810910364	               0.0	               0.0	               0.0	             1e-05
	277	   L1	    4	         2 ---> 	   L2	    4	         1	 8.00101026916E+01	                    0.0	               0.0	0.014671154254460078	               0.0	               0.0	               0.0	             1e-05
	278	   L1	    4	         2 ---> 	   L2	    2	         1	 8.55405396481E+01	                    0.0	               0.0	10.587749037477503	               0.0	               0.0	               0.0	             1e-05
	279	   L1	    4	         2 ---> 	   L3	    0	         1	 9.43191881069E+01	                    0.0	               0.0	3.002310223486734e-08	               0.0	               0.0	               0.0	0.6706599999999999
	280	   L1	    2	         1 ---> 	   L1	    4	         1	 3.78542325010E+01	                    0.0	               0.0	1.433992318251405e-06	               0.0	               0.0	               0.0	             1e-05
	281	   L1	    2	         1 ---> 	   L3	    0	         2	 4.35416900016E+01	                    0.0	               0.0	0.002847003571905379	               0.0	               0.0	               0.0	             1e-05
	282	   L1	    2	         1 ---> 	   L2	    4	         2	 6.38749502790E+01	                    0.0	               0.0	0.032758189985745034	               0.0	               0.0	               0.0	             1e-05
	283	   L1	    2	         1 ---> 	   L2	    4	         1	 8.00035315296E+01	                    0.0	               0.0	0.05172807340122677	               0.0	               0.0	               0.0	             1e-05
	284	   L1	    2	         1 ---> 	   L2	    2	         1	 8.55339684861E+01	                    0.0	               0.0	0.5371423428972275	               0.0	               0.0	               0.0	             1e-05
	285	   L1	    2	         1 ---> 	   L3	    0	         1	 9.43126169449E+01	                    0.0	               0.0	 6.365656830592254	               0.0	               0.0	               0.0	0.6706599999999999
	286	   L1	    4	         1 ---> 	   L3	    0	         2	 5.68745750065E+00	                    0.0	               0.0	1.4541751719776102e-15	               0.0	               0.0	               0.0	               0.0
	287	   L1	    4	         1 ---> 	   L2	    4	         2	 2.60207177780E+01	                    0.0	               0.0	0.037155198886579116	               0.0	               0.0	               0.0	               0.0
	288	   L1	    4	         1 ---> 	   L2	    4	         1	 4.21492990286E+01	                    0.0	               0.0	2.3155431145376157	               0.0	               0.0	               0.0	               0.0
	289	   L1	    4	         1 ---> 	   L2	    2	         1	 4.76797359851E+01	                    0.0	               0.0	3.2725163099165107	               0.0	               0.0	               0.0	               0.0
	290	   L1	    4	         1 ---> 	   L3	    0	         1	 5.64583844440E+01	                    0.0	               0.0	3.682531353723619e-07	               0.0	               0.0	               0.0	           0.67065
	291	   L3	    0	         2 ---> 	   L2	    4	         2	 2.03332602773E+01	                    0.0	               0.0	0.00048702428377353686	               0.0	               0.0	               0.0	               0.0
	292	   L3	    0	         2 ---> 	   L2	    4	         1	 3.64618415280E+01	                    0.0	               0.0	0.0022701100792952068	               0.0	               0.0	               0.0	               0.0
	293	   L3	    0	         2 ---> 	   L2	    2	         1	 4.19922784845E+01	                    0.0	               0.0	2.9958355581958833	               0.0	               0.0	               0.0	               0.0
	294	   L3	    0	         2 ---> 	   L3	    0	         1	                 0	                    0.0	               0.0	               0.0	               0.0	               0.0	               0.0	           0.67065
	295	   L2	    4	         2 ---> 	   L2	    4	         1	 1.61285812506E+01	                    0.0	               0.0	2.8151335366421932	               0.0	               0.0	               0.0	               0.0
	296	   L2	    4	         2 ---> 	   L2	    2	         1	 2.16590182071E+01	                    0.0	               0.0	 3.954930166578171	               0.0	               0.0	               0.0	               0.0
	297	   L2	    4	         2 ---> 	   L3	    0	         1	 3.04376666660E+01	                    0.0	               0.0	3.0125576466980276e-06	               0.0	               0.0	               0.0	           0.67065
	298	   L2	    4	         1 ---> 	   L2	    2	         1	 5.53043695653E+00	                    0.0	               0.0	 1.973669861971613	               0.0	               0.0	               0.0	               0.0
	299	   L2	    4	         1 ---> 	   L3	    0	         1	 1.43090854153E+01	                    0.0	               0.0	0.0038480461002314875	               0.0	               0.0	               0.0	           0.67065
	300	   L2	    2	         1 ---> 	   L3	    0	         1	 8.77864845882E+00	                    0.0	               0.0	1.8811389554614284	               0.0	               0.0	               0.0	           0.67065
