# Atomic number Z= 26  Date:12-04-2022

# Number Shelli	  2Ji		  Eigi ---> 	 Shellf	  2Jf		  Eigf		Energy(eV)			BranchingRatio			 LevelRadYield		 Intensity(eV)			 Weight(%)		  RadWidth(eV)		  AugWidth(eV)		  TotWidth(eV)
	 1	   K1	    2	         2 ---> 	   K1	    4	         1	 2.67783760602E+00	                    0.0	               0.0	6.5410239832982756e-15	               0.0	               0.0	               0.0	           2.41391
	 2	   K1	    2	         2 ---> 	   K1	    2	         1	 4.96863411570E+00	                    0.0	               0.0	5.1446186690654074e-14	               0.0	               0.0	               0.0	           2.34062
	 3	   K1	    2	         2 ---> 	   K1	    0	         1	 5.27804852168E+00	                    0.0	               0.0	9.165702998981139e-14	               0.0	               0.0	               0.0	           2.33056
	 4	   K1	    2	         2 ---> 	   L1	    2	         2	 6.28213260201E+03	                    0.0	               0.0	0.0005781342422000777	               0.0	               0.0	               0.0	1.3047099999999998
	 5	   K1	    2	         2 ---> 	   L1	    4	         1	 6.28412487761E+03	                    0.0	               0.0	0.0002353249511581602	               0.0	               0.0	               0.0	           1.33116
	 6	   K1	    2	         2 ---> 	   L1	    2	         1	 6.28627388935E+03	                    0.0	               0.0	0.00024805842993350124	               0.0	               0.0	               0.0	            1.3288
	 7	   K1	    2	         2 ---> 	   L1	    0	         1	 6.28671340275E+03	                    0.0	               0.0	4.7154601178432205e-06	               0.0	               0.0	               0.0	           1.33147
	 8	   K1	    2	         2 ---> 	   L2	    0	         2	 6.39948480027E+03	                    0.0	               0.0	44.518251673602244	               0.0	               0.0	               0.0	           1.45207
	 9	   K1	    2	         2 ---> 	   L2	    4	         3	 6.40973955682E+03	                    0.0	               0.0	138.59984865263817	               0.0	               0.0	               0.0	           1.22634
	10	   K1	    2	         2 ---> 	   L2	    2	         4	 6.41000499046E+03	                    0.0	               0.0	 43.16398048707167	               0.0	               0.0	               0.0	1.2278499999999999
	11	   K1	    2	         2 ---> 	   L2	    2	         3	 6.41309291418E+03	                    0.0	               0.0	20.004703275532155	               0.0	               0.0	               0.0	           1.22654
	12	   K1	    2	         2 ---> 	   L3	    0	         1	 6.41563333236E+03	                    0.0	               0.0	  18.5839190753126	               0.0	               0.0	               0.0	           1.24958
	13	   K1	    2	         2 ---> 	   L3	    4	         2	 6.42090677019E+03	                    0.0	               0.0	131.16953663217345	               0.0	               0.0	               0.0	           1.22647
	14	   K1	    2	         2 ---> 	   L3	    2	         2	 6.42247816951E+03	                    0.0	               0.0	101.00917576485047	               0.0	               0.0	               0.0	           1.22694
	15	   K1	    2	         2 ---> 	   L3	    6	         1	 6.42361537177E+03	                    0.0	               0.0	0.00650353816967201	               0.0	               0.0	               0.0	1.2264899999999999
	16	   K1	    2	         2 ---> 	   L3	    4	         1	 6.42507156982E+03	                    0.0	               0.0	 19.93536559798918	               0.0	               0.0	               0.0	1.2262799999999998
	17	   K1	    2	         2 ---> 	   L3	    2	         1	 6.42766311206E+03	                    0.0	               0.0	10.129919716687985	               0.0	               0.0	               0.0	1.2339099999999998
	18	   K1	    2	         2 ---> 	   M1	    2	         2	 7.11303864631E+03	                    0.0	               0.0	0.0003489485562431174	               0.0	               0.0	               0.0	1.2227199999999998
	19	   K1	    2	         2 ---> 	   M1	    4	         1	 7.12807664941E+03	                    0.0	               0.0	0.00011871989416849576	               0.0	               0.0	               0.0	            1.2227
	20	   K1	    2	         2 ---> 	   M1	    2	         1	 7.12981249383E+03	                    0.0	               0.0	5.281067067577559e-05	               0.0	               0.0	               0.0	            1.2227
	21	   K1	    2	         2 ---> 	   M1	    0	         1	 7.13055469762E+03	                    0.0	               0.0	1.395747914257512e-06	               0.0	               0.0	               0.0	            1.2227
	22	   K1	    2	         2 ---> 	   M2	    0	         1	 7.15731598871E+03	                    0.0	               0.0	 70.84658570683484	               0.0	               0.0	               0.0	            2.4454
	23	   K1	    4	         1 ---> 	   K1	    2	         1	 2.29079650967E+00	                    0.0	               0.0	4.026319866783562e-14	               0.0	               0.0	               0.0	           2.30913
	24	   K1	    4	         1 ---> 	   K1	    0	         1	 2.60021091566E+00	                    0.0	               0.0	5.199203278211924e-18	               0.0	               0.0	               0.0	2.2990700000000004
	25	   K1	    4	         1 ---> 	   L1	    2	         2	 6.27945476441E+03	                    0.0	               0.0	0.00017981520843059364	               0.0	               0.0	               0.0	           1.27322
	26	   K1	    4	         1 ---> 	   L1	    4	         1	 6.28144704001E+03	                    0.0	               0.0	0.00074028390641825	               0.0	               0.0	               0.0	           1.29967
	27	   K1	    4	         1 ---> 	   L1	    2	         1	 6.28359605174E+03	                    0.0	               0.0	0.0005078598702099118	               0.0	               0.0	               0.0	1.2973100000000002
	28	   K1	    4	         1 ---> 	   L1	    0	         1	 6.28403556515E+03	                    0.0	               0.0	0.0002608611990189505	               0.0	               0.0	               0.0	1.2999800000000001
	29	   K1	    4	         1 ---> 	   L2	    0	         2	 6.39680696266E+03	                    0.0	               0.0	0.0008104729951854787	               0.0	               0.0	               0.0	1.4205800000000002
	30	   K1	    4	         1 ---> 	   L2	    4	         3	 6.40706171922E+03	                    0.0	               0.0	152.55229367952884	               0.0	               0.0	               0.0	1.1948500000000002
	31	   K1	    4	         1 ---> 	   L2	    2	         4	 6.40732715286E+03	                    0.0	               0.0	126.39217896065004	               0.0	               0.0	               0.0	           1.19636
	32	   K1	    4	         1 ---> 	   L2	    2	         3	 6.41041507658E+03	                    0.0	               0.0	2.4118702531283644	               0.0	               0.0	               0.0	1.1950500000000002
	33	   K1	    4	         1 ---> 	   L3	    0	         1	 6.41295549476E+03	                    0.0	               0.0	0.0010963964445900353	               0.0	               0.0	               0.0	1.2180900000000001
	34	   K1	    4	         1 ---> 	   L3	    4	         2	 6.41822893258E+03	                    0.0	               0.0	142.41835638901907	               0.0	               0.0	               0.0	1.1949800000000002
	35	   K1	    4	         1 ---> 	   L3	    2	         2	 6.41980033190E+03	                    0.0	               0.0	23.649111623646743	               0.0	               0.0	               0.0	1.1954500000000001
	36	   K1	    4	         1 ---> 	   L3	    6	         1	 6.42093753416E+03	                    0.0	               0.0	  412.808507500389	               0.0	               0.0	               0.0	             1.195
	37	   K1	    4	         1 ---> 	   L3	    4	         1	 6.42239373222E+03	                    0.0	               0.0	1.7391119482602682	               0.0	               0.0	               0.0	           1.19479
	38	   K1	    4	         1 ---> 	   L3	    2	         1	 6.42498527446E+03	                    0.0	               0.0	27.090740365090063	               0.0	               0.0	               0.0	           1.20242
	39	   K1	    4	         1 ---> 	   M1	    2	         2	 7.11036080871E+03	                    0.0	               0.0	3.775769424809814e-05	               0.0	               0.0	               0.0	           1.19123
	40	   K1	    4	         1 ---> 	   M1	    4	         1	 7.12539881180E+03	                    0.0	               0.0	0.00033252507262562065	               0.0	               0.0	               0.0	           1.19121
	41	   K1	    4	         1 ---> 	   M1	    2	         1	 7.12713465623E+03	                    0.0	               0.0	0.00031472844397570094	               0.0	               0.0	               0.0	           1.19121
	42	   K1	    4	         1 ---> 	   M1	    0	         1	 7.12787686002E+03	                    0.0	               0.0	0.0001336930234473981	               0.0	               0.0	               0.0	           1.19121
	43	   K1	    4	         1 ---> 	   M2	    0	         1	 7.15463815110E+03	                    0.0	               0.0	0.002026840359448172	               0.0	               0.0	               0.0	           2.41391
	44	   K1	    2	         1 ---> 	   K1	    0	         1	 3.09414405985E-01	                    0.0	               0.0	1.1261999834768405e-17	               0.0	               0.0	               0.0	2.2257800000000003
	45	   K1	    2	         1 ---> 	   L1	    2	         2	 6.27716396790E+03	                    0.0	               0.0	0.00011792454597077718	               0.0	               0.0	               0.0	           1.19993
	46	   K1	    2	         1 ---> 	   L1	    4	         1	 6.27915624350E+03	                    0.0	               0.0	0.0006438460410553825	               0.0	               0.0	               0.0	           1.22638
	47	   K1	    2	         1 ---> 	   L1	    2	         1	 6.28130525523E+03	                    0.0	               0.0	0.0002498419607280242	               0.0	               0.0	               0.0	           1.22402
	48	   K1	    2	         1 ---> 	   L1	    0	         1	 6.28174476864E+03	                    0.0	               0.0	7.147959538171277e-05	               0.0	               0.0	               0.0	           1.22669
	49	   K1	    2	         1 ---> 	   L2	    0	         2	 6.39451616615E+03	                    0.0	               0.0	 16.19665351106132	               0.0	               0.0	               0.0	           1.34729
	50	   K1	    2	         1 ---> 	   L2	    4	         3	 6.40477092271E+03	                    0.0	               0.0	 5.736318610765965	               0.0	               0.0	               0.0	1.1215600000000001
	51	   K1	    2	         1 ---> 	   L2	    2	         4	 6.40503635635E+03	                    0.0	               0.0	 5.901054874112878	               0.0	               0.0	               0.0	           1.12307
	52	   K1	    2	         1 ---> 	   L2	    2	         3	 6.40812428007E+03	                    0.0	               0.0	110.87781036452452	               0.0	               0.0	               0.0	           1.12176
	53	   K1	    2	         1 ---> 	   L3	    0	         1	 6.41066469825E+03	                    0.0	               0.0	 42.84928719985999	               0.0	               0.0	               0.0	            1.1448
	54	   K1	    2	         1 ---> 	   L3	    4	         2	 6.41593813607E+03	                    0.0	               0.0	 19.04311955122391	               0.0	               0.0	               0.0	           1.12169
	55	   K1	    2	         1 ---> 	   L3	    2	         2	 6.41750953539E+03	                    0.0	               0.0	0.054557050960781985	               0.0	               0.0	               0.0	           1.12216
	56	   K1	    2	         1 ---> 	   L3	    6	         1	 6.41864673765E+03	                    0.0	               0.0	0.0007220446209643034	               0.0	               0.0	               0.0	           1.12171
	57	   K1	    2	         1 ---> 	   L3	    4	         1	 6.42010293571E+03	                    0.0	               0.0	 290.4226060513449	               0.0	               0.0	               0.0	            1.1215
	58	   K1	    2	         1 ---> 	   L3	    2	         1	 6.42269447795E+03	                    0.0	               0.0	 72.99846287113915	               0.0	               0.0	               0.0	           1.12913
	59	   K1	    2	         1 ---> 	   M1	    2	         2	 7.10807001220E+03	                    0.0	               0.0	2.850339693162807e-05	               0.0	               0.0	               0.0	           1.11794
	60	   K1	    2	         1 ---> 	   M1	    4	         1	 7.12310801529E+03	                    0.0	               0.0	0.00034572490926177216	               0.0	               0.0	               0.0	           1.11792
	61	   K1	    2	         1 ---> 	   M1	    2	         1	 7.12484385972E+03	                    0.0	               0.0	0.0001376499497269411	               0.0	               0.0	               0.0	           1.11792
	62	   K1	    2	         1 ---> 	   M1	    0	         1	 7.12558606351E+03	                    0.0	               0.0	2.3277339239143603e-05	               0.0	               0.0	               0.0	           1.11792
	63	   K1	    2	         1 ---> 	   M2	    0	         1	 7.15234735459E+03	                    0.0	               0.0	 7.799002710045742	               0.0	               0.0	               0.0	           2.34062
	64	   K1	    0	         1 ---> 	   L1	    2	         2	 6.27685455349E+03	                    0.0	               0.0	5.063921800915532e-06	               0.0	               0.0	               0.0	           1.18987
	65	   K1	    0	         1 ---> 	   L1	    4	         1	 6.27884682909E+03	                    0.0	               0.0	0.000285319549275369	               0.0	               0.0	               0.0	           1.21632
	66	   K1	    0	         1 ---> 	   L1	    2	         1	 6.28099584083E+03	                    0.0	               0.0	7.169132329567145e-05	               0.0	               0.0	               0.0	1.2139600000000002
	67	   K1	    0	         1 ---> 	   L1	    0	         1	                 0	                    0.0	               0.0	               0.0	               0.0	               0.0	               0.0	           1.21663
	68	   K1	    0	         1 ---> 	   L2	    0	         2	                 0	                    0.0	               0.0	               0.0	               0.0	               0.0	               0.0	1.3372300000000001
	69	   K1	    0	         1 ---> 	   L2	    4	         3	 6.40446150830E+03	                    0.0	               0.0	2.538335215999613e-05	               0.0	               0.0	               0.0	1.1115000000000002
	70	   K1	    0	         1 ---> 	   L2	    2	         4	 6.40472694194E+03	                    0.0	               0.0	3.8864911170176173	               0.0	               0.0	               0.0	           1.11301
	71	   K1	    0	         1 ---> 	   L2	    2	         3	 6.40781486566E+03	                    0.0	               0.0	 57.16463051441113	               0.0	               0.0	               0.0	1.1117000000000001
	72	   K1	    0	         1 ---> 	   L3	    0	         1	                 0	                    0.0	               0.0	               0.0	               0.0	               0.0	               0.0	           1.13474
	73	   K1	    0	         1 ---> 	   L3	    4	         2	 6.41562872167E+03	                    0.0	               0.0	3.2121733816252783e-06	               0.0	               0.0	               0.0	1.1116300000000001
	74	   K1	    0	         1 ---> 	   L3	    2	         2	 6.41720012099E+03	                    0.0	               0.0	 53.62029365024687	               0.0	               0.0	               0.0	            1.1121
	75	   K1	    0	         1 ---> 	   L3	    6	         1	                 0	                    0.0	               0.0	               0.0	               0.0	               0.0	               0.0	           1.11165
	76	   K1	    0	         1 ---> 	   L3	    4	         1	 6.41979352130E+03	                    0.0	               0.0	0.0037125203465256823	               0.0	               0.0	               0.0	           1.11144
	77	   K1	    0	         1 ---> 	   L3	    2	         1	 6.42238506354E+03	                    0.0	               0.0	 76.70242148591149	               0.0	               0.0	               0.0	           1.11907
	78	   K1	    0	         1 ---> 	   M1	    2	         2	 7.10776059779E+03	                    0.0	               0.0	5.800318310475943e-06	               0.0	               0.0	               0.0	           1.10788
	79	   K1	    0	         1 ---> 	   M1	    4	         1	 7.12279860088E+03	                    0.0	               0.0	0.0001468786086479812	               0.0	               0.0	               0.0	           1.10786
	80	   K1	    0	         1 ---> 	   M1	    2	         1	 7.12453444531E+03	                    0.0	               0.0	1.9257691189923353e-05	               0.0	               0.0	               0.0	           1.10786
	81	   K1	    0	         1 ---> 	   M1	    0	         1	                 0	                    0.0	               0.0	               0.0	               0.0	               0.0	               0.0	           1.10786
	82	   K1	    0	         1 ---> 	   M2	    0	         1	                 0	                    0.0	               0.0	               0.0	               0.0	               0.0	               0.0	           2.33056
	83	   L1	    2	         2 ---> 	   L1	    4	         1	 1.99227559968E+00	                    0.0	               0.0	3.59779020472026e-14	               0.0	               0.0	               0.0	           0.19047
	84	   L1	    2	         2 ---> 	   L1	    2	         1	 4.14128733499E+00	                    0.0	               0.0	3.6450657067192327e-13	               0.0	               0.0	               0.0	           0.18811
	85	   L1	    2	         2 ---> 	   L1	    0	         1	 4.58080074019E+00	                    0.0	               0.0	8.192810670707634e-13	               0.0	               0.0	               0.0	           0.19078
	86	   L1	    2	         2 ---> 	   L2	    0	         2	 1.17352198255E+02	                    0.0	               0.0	0.0015487506290245694	               0.0	               0.0	               0.0	           0.31138
	87	   L1	    2	         2 ---> 	   L2	    4	         3	 1.27606954809E+02	                    0.0	               0.0	0.008323608872045168	               0.0	               0.0	               0.0	           0.08565
	88	   L1	    2	         2 ---> 	   L2	    2	         4	 1.27872388449E+02	                    0.0	               0.0	0.0026417407942903206	               0.0	               0.0	               0.0	           0.08716
	89	   L1	    2	         2 ---> 	   L2	    2	         3	 1.30960312171E+02	                    0.0	               0.0	0.0012652361726623906	               0.0	               0.0	               0.0	           0.08585
	90	   L1	    2	         2 ---> 	   L3	    0	         1	 1.33500730348E+02	                    0.0	               0.0	0.0013513767601669858	               0.0	               0.0	               0.0	           0.10889
	91	   L1	    2	         2 ---> 	   L3	    4	         2	 1.38774168175E+02	                    0.0	               0.0	0.01140748003203418	               0.0	               0.0	               0.0	           0.08578
	92	   L1	    2	         2 ---> 	   L3	    2	         2	 1.40345567494E+02	                    0.0	               0.0	0.009125522674136364	               0.0	               0.0	               0.0	           0.08625
	93	   L1	    2	         2 ---> 	   L3	    6	         1	 1.41482769754E+02	                    0.0	               0.0	2.9600260591096717e-10	               0.0	               0.0	               0.0	            0.0858
	94	   L1	    2	         2 ---> 	   L3	    4	         1	 1.42938967809E+02	                    0.0	               0.0	0.0017701418311526394	               0.0	               0.0	               0.0	           0.08559
	95	   L1	    2	         2 ---> 	   L3	    2	         1	 1.45530510051E+02	                    0.0	               0.0	0.001135443500490055	               0.0	               0.0	               0.0	           0.09322
	96	   L1	    2	         2 ---> 	   M1	    2	         2	 8.30906044301E+02	                    0.0	               0.0	4.450189736735858e-07	               0.0	               0.0	               0.0	           0.08203
	97	   L1	    2	         2 ---> 	   M1	    4	         1	 8.45944047392E+02	                    0.0	               0.0	5.51633563881694e-07	               0.0	               0.0	               0.0	           0.08201
	98	   L1	    2	         2 ---> 	   M1	    2	         1	 8.47679891819E+02	                    0.0	               0.0	3.2433701182427753e-07	               0.0	               0.0	               0.0	           0.08201
	99	   L1	    2	         2 ---> 	   M1	    0	         1	 8.48422095608E+02	                    0.0	               0.0	9.676847934830345e-09	               0.0	               0.0	               0.0	           0.08201
	100	   L1	    2	         2 ---> 	   M2	    0	         1	 8.75183386695E+02	                    0.0	               0.0	 8.459060837131085	               0.0	               0.0	               0.0	1.3047099999999998
	101	   L1	    4	         1 ---> 	   L1	    2	         1	 2.14901173531E+00	                    0.0	               0.0	3.428403630262876e-13	               0.0	               0.0	               0.0	           0.21456
	102	   L1	    4	         1 ---> 	   L1	    0	         1	 2.58852514051E+00	                    0.0	               0.0	5.901288925918165e-17	               0.0	               0.0	               0.0	           0.21723
	103	   L1	    4	         1 ---> 	   L2	    0	         2	 1.15359922656E+02	                    0.0	               0.0	6.292556754766778e-12	               0.0	               0.0	               0.0	0.33782999999999996
	104	   L1	    4	         1 ---> 	   L2	    4	         3	 1.25614679209E+02	                    0.0	               0.0	0.006321442616865351	               0.0	               0.0	               0.0	            0.1121
	105	   L1	    4	         1 ---> 	   L2	    2	         4	 1.25880112849E+02	                    0.0	               0.0	0.005264177812986175	               0.0	               0.0	               0.0	           0.11361
	106	   L1	    4	         1 ---> 	   L2	    2	         3	 1.28968036571E+02	                    0.0	               0.0	0.00011287306613560668	               0.0	               0.0	               0.0	            0.1123
	107	   L1	    4	         1 ---> 	   L3	    0	         1	 1.31508454749E+02	                    0.0	               0.0	2.2641991177514945e-11	               0.0	               0.0	               0.0	0.13534000000000002
	108	   L1	    4	         1 ---> 	   L3	    4	         2	 1.36781892576E+02	                    0.0	               0.0	0.008578614121195793	               0.0	               0.0	               0.0	           0.11223
	109	   L1	    4	         1 ---> 	   L3	    2	         2	 1.38353291894E+02	                    0.0	               0.0	0.0014832329481420067	               0.0	               0.0	               0.0	            0.1127
	110	   L1	    4	         1 ---> 	   L3	    6	         1	 1.39490494155E+02	                    0.0	               0.0	0.026826687418963924	               0.0	               0.0	               0.0	           0.11225
	111	   L1	    4	         1 ---> 	   L3	    4	         1	 1.40946692209E+02	                    0.0	               0.0	0.0001138689741275632	               0.0	               0.0	               0.0	           0.11204
	112	   L1	    4	         1 ---> 	   L3	    2	         1	 1.43538234451E+02	                    0.0	               0.0	0.0019342352024483982	               0.0	               0.0	               0.0	           0.11967
	113	   L1	    4	         1 ---> 	   M1	    2	         2	 8.28913768701E+02	                    0.0	               0.0	2.0899520328155127e-08	               0.0	               0.0	               0.0	0.10848000000000001
	114	   L1	    4	         1 ---> 	   M1	    4	         1	 8.43951771792E+02	                    0.0	               0.0	9.062965339668815e-07	               0.0	               0.0	               0.0	           0.10846
	115	   L1	    4	         1 ---> 	   M1	    2	         1	 8.45687616219E+02	                    0.0	               0.0	3.191733875857832e-07	               0.0	               0.0	               0.0	           0.10846
	116	   L1	    4	         1 ---> 	   M1	    0	         1	 8.46429820009E+02	                    0.0	               0.0	1.2707937688330635e-07	               0.0	               0.0	               0.0	           0.10846
	117	   L1	    4	         1 ---> 	   M2	    0	         1	 8.73191111096E+02	                    0.0	               0.0	2.4791533495612398e-06	               0.0	               0.0	               0.0	           1.33116
	118	   L1	    2	         1 ---> 	   L1	    0	         1	 4.39513405201E-01	                    0.0	               0.0	4.897731782580525e-16	               0.0	               0.0	               0.0	           0.21487
	119	   L1	    2	         1 ---> 	   L2	    0	         2	 1.13210910920E+02	                    0.0	               0.0	0.00038456236574285486	               0.0	               0.0	               0.0	           0.33547
	120	   L1	    2	         1 ---> 	   L2	    4	         3	 1.23465667474E+02	                    0.0	               0.0	0.00017639144277532807	               0.0	               0.0	               0.0	           0.10974
	121	   L1	    2	         1 ---> 	   L2	    2	         4	 1.23731101114E+02	                    0.0	               0.0	0.00020831157932073863	               0.0	               0.0	               0.0	           0.11125
	122	   L1	    2	         1 ---> 	   L2	    2	         3	 1.26819024836E+02	                    0.0	               0.0	0.004616026533537052	               0.0	               0.0	               0.0	           0.10994
	123	   L1	    2	         1 ---> 	   L3	    0	         1	 1.29359443013E+02	                    0.0	               0.0	0.0019243240283917623	               0.0	               0.0	               0.0	           0.13298
	124	   L1	    2	         1 ---> 	   L3	    4	         2	 1.34632880840E+02	                    0.0	               0.0	0.0009532246936499908	               0.0	               0.0	               0.0	           0.10987
	125	   L1	    2	         1 ---> 	   L3	    2	         2	 1.36204280159E+02	                    0.0	               0.0	1.28246296082035e-07	               0.0	               0.0	               0.0	           0.11034
	126	   L1	    2	         1 ---> 	   L3	    6	         1	 1.37341482420E+02	                    0.0	               0.0	1.7702707694113175e-11	               0.0	               0.0	               0.0	           0.10989
	127	   L1	    2	         1 ---> 	   L3	    4	         1	 1.38797680474E+02	                    0.0	               0.0	0.017902976796959142	               0.0	               0.0	               0.0	           0.10968
	128	   L1	    2	         1 ---> 	   L3	    2	         1	 1.41389222716E+02	                    0.0	               0.0	0.00474028458673359	               0.0	               0.0	               0.0	           0.11731
	129	   L1	    2	         1 ---> 	   M1	    2	         2	 8.26764756966E+02	                    0.0	               0.0	5.0182310833177505e-08	               0.0	               0.0	               0.0	           0.10612
	130	   L1	    2	         1 ---> 	   M1	    4	         1	 8.41802760057E+02	                    0.0	               0.0	4.7597920342641113e-07	               0.0	               0.0	               0.0	            0.1061
	131	   L1	    2	         1 ---> 	   M1	    2	         1	 8.43538604484E+02	                    0.0	               0.0	3.501436039442651e-07	               0.0	               0.0	               0.0	            0.1061
	132	   L1	    2	         1 ---> 	   M1	    0	         1	 8.44280808273E+02	                    0.0	               0.0	5.933975263148678e-08	               0.0	               0.0	               0.0	            0.1061
	133	   L1	    2	         1 ---> 	   M2	    0	         1	 8.71042099360E+02	                    0.0	               0.0	0.7451686858299704	               0.0	               0.0	               0.0	            1.3288
	134	   L1	    0	         1 ---> 	   L2	    0	         2	                 0	                    0.0	               0.0	               0.0	               0.0	               0.0	               0.0	           0.33814
	135	   L1	    0	         1 ---> 	   L2	    4	         3	 1.23026154069E+02	                    0.0	               0.0	3.4654999476403126e-13	               0.0	               0.0	               0.0	0.11241000000000001
	136	   L1	    0	         1 ---> 	   L2	    2	         4	 1.23291587709E+02	                    0.0	               0.0	0.00014309416595998726	               0.0	               0.0	               0.0	0.11392000000000001
	137	   L1	    0	         1 ---> 	   L2	    2	         3	 1.26379511430E+02	                    0.0	               0.0	0.002240157654981639	               0.0	               0.0	               0.0	           0.11261
	138	   L1	    0	         1 ---> 	   L3	    0	         1	                 0	                    0.0	               0.0	               0.0	               0.0	               0.0	               0.0	           0.13565
	139	   L1	    0	         1 ---> 	   L3	    4	         2	 1.34193367435E+02	                    0.0	               0.0	7.285883975628252e-14	               0.0	               0.0	               0.0	           0.11254
	140	   L1	    0	         1 ---> 	   L3	    2	         2	 1.35764766754E+02	                    0.0	               0.0	0.0028932045956210246	               0.0	               0.0	               0.0	           0.11301
	141	   L1	    0	         1 ---> 	   L3	    6	         1	                 0	                    0.0	               0.0	               0.0	               0.0	               0.0	               0.0	0.11256000000000001
	142	   L1	    0	         1 ---> 	   L3	    4	         1	 1.38358167069E+02	                    0.0	               0.0	1.0085941947930295e-10	               0.0	               0.0	               0.0	           0.11235
	143	   L1	    0	         1 ---> 	   L3	    2	         1	 1.40949709311E+02	                    0.0	               0.0	0.0048296902578033865	               0.0	               0.0	               0.0	           0.11998
	144	   L1	    0	         1 ---> 	   M1	    2	         2	 8.26325243561E+02	                    0.0	               0.0	4.371645990233529e-09	               0.0	               0.0	               0.0	0.10879000000000001
	145	   L1	    0	         1 ---> 	   M1	    4	         1	 8.41363246651E+02	                    0.0	               0.0	1.2782924269418459e-07	               0.0	               0.0	               0.0	           0.10877
	146	   L1	    0	         1 ---> 	   M1	    2	         1	 8.43099091079E+02	                    0.0	               0.0	4.133066775675406e-08	               0.0	               0.0	               0.0	           0.10877
	147	   L1	    0	         1 ---> 	   M1	    0	         1	                 0	                    0.0	               0.0	               0.0	               0.0	               0.0	               0.0	           0.10877
	148	   L1	    0	         1 ---> 	   M2	    0	         1	                 0	                    0.0	               0.0	               0.0	               0.0	               0.0	               0.0	           1.33147
	149	   L2	    0	         2 ---> 	   L2	    4	         3	 1.02547565535E+01	                    0.0	               0.0	1.976026130350139e-14	               0.0	               0.0	               0.0	           0.23301
	150	   L2	    0	         2 ---> 	   L2	    2	         4	 1.05201901937E+01	                    0.0	               0.0	7.581310716895319e-13	               0.0	               0.0	               0.0	0.23451999999999998
	151	   L2	    0	         2 ---> 	   L2	    2	         3	 1.36081139152E+01	                    0.0	               0.0	2.254344357614744e-14	               0.0	               0.0	               0.0	           0.23321
	152	   L2	    0	         2 ---> 	   L3	    0	         1	                 0	                    0.0	               0.0	               0.0	               0.0	               0.0	               0.0	           0.25625
	153	   L2	    0	         2 ---> 	   L3	    4	         2	 2.14219699199E+01	                    0.0	               0.0	6.16793405727388e-13	               0.0	               0.0	               0.0	           0.23314
	154	   L2	    0	         2 ---> 	   L3	    2	         2	 2.29933692387E+01	                    0.0	               0.0	5.167755889437674e-12	               0.0	               0.0	               0.0	0.23360999999999998
	155	   L2	    0	         2 ---> 	   L3	    6	         1	 2.41305714990E+01	                    0.0	               0.0	1.1167088879697593e-21	               0.0	               0.0	               0.0	0.23315999999999998
	156	   L2	    0	         2 ---> 	   L3	    4	         1	 2.55867695533E+01	                    0.0	               0.0	1.199573116390094e-12	               0.0	               0.0	               0.0	           0.23295
	157	   L2	    0	         2 ---> 	   L3	    2	         1	 2.81783117955E+01	                    0.0	               0.0	1.2331905987787224e-11	               0.0	               0.0	               0.0	           0.24058
	158	   L2	    0	         2 ---> 	   M1	    2	         2	 7.13553846045E+02	                    0.0	               0.0	0.06355973210072029	               0.0	               0.0	               0.0	0.22938999999999998
	159	   L2	    0	         2 ---> 	   M1	    4	         1	 7.28591849136E+02	                    0.0	               0.0	2.0032790213731632e-08	               0.0	               0.0	               0.0	           0.22937
	160	   L2	    0	         2 ---> 	   M1	    2	         1	 7.30327693563E+02	                    0.0	               0.0	0.00026274149571335636	               0.0	               0.0	               0.0	           0.22937
	161	   L2	    0	         2 ---> 	   M1	    0	         1	                 0	                    0.0	               0.0	               0.0	               0.0	               0.0	               0.0	           0.22937
	162	   L2	    0	         2 ---> 	   M2	    0	         1	                 0	                    0.0	               0.0	               0.0	               0.0	               0.0	               0.0	           1.45207
	163	   L2	    4	         3 ---> 	   L2	    2	         4	 2.65433640128E-01	                    0.0	               0.0	2.7860247426096964e-16	               0.0	               0.0	               0.0	           0.00879
	164	   L2	    4	         3 ---> 	   L2	    2	         3	 3.35335736162E+00	                    0.0	               0.0	1.260013385369315e-11	               0.0	               0.0	               0.0	0.0074800000000000005
	165	   L2	    4	         3 ---> 	   L3	    0	         1	 5.89377553938E+00	                    0.0	               0.0	3.146337726301401e-14	               0.0	               0.0	               0.0	0.030520000000000002
	166	   L2	    4	         3 ---> 	   L3	    4	         2	 1.11672133663E+01	                    0.0	               0.0	1.0912215342211691e-09	               0.0	               0.0	               0.0	           0.00741
	167	   L2	    4	         3 ---> 	   L3	    2	         2	 1.27386126851E+01	                    0.0	               0.0	2.6356246076429314e-10	               0.0	               0.0	               0.0	           0.00788
	168	   L2	    4	         3 ---> 	   L3	    6	         1	 1.38758149455E+01	                    0.0	               0.0	5.116232092430941e-09	               0.0	               0.0	               0.0	           0.00743
	169	   L2	    4	         3 ---> 	   L3	    4	         1	 1.53320129998E+01	                    0.0	               0.0	1.7576087592279485e-12	               0.0	               0.0	               0.0	           0.00722
	170	   L2	    4	         3 ---> 	   L3	    2	         1	 1.79235552419E+01	                    0.0	               0.0	2.130946640855336e-10	               0.0	               0.0	               0.0	0.014849999999999999
	171	   L2	    4	         3 ---> 	   M1	    2	         2	 7.03299089492E+02	                    0.0	               0.0	3.2896359536388156	               0.0	               0.0	               0.0	           0.00366
	172	   L2	    4	         3 ---> 	   M1	    4	         1	 7.18337092583E+02	                    0.0	               0.0	 4.557072054200486	               0.0	               0.0	               0.0	           0.00364
	173	   L2	    4	         3 ---> 	   M1	    2	         1	 7.20072937010E+02	                    0.0	               0.0	0.7398885826034407	               0.0	               0.0	               0.0	           0.00364
	174	   L2	    4	         3 ---> 	   M1	    0	         1	 7.20815140799E+02	                    0.0	               0.0	1.033820477104929e-08	               0.0	               0.0	               0.0	           0.00364
	175	   L2	    4	         3 ---> 	   M2	    0	         1	 7.47576431886E+02	                    0.0	               0.0	0.009458724757430226	               0.0	               0.0	               0.0	           1.22634
	176	   L2	    2	         4 ---> 	   L2	    2	         3	 3.08792372149E+00	                    0.0	               0.0	3.945737912710254e-13	               0.0	               0.0	               0.0	           0.00899
	177	   L2	    2	         4 ---> 	   L3	    0	         1	 5.62834189925E+00	                    0.0	               0.0	5.623254400130215e-11	               0.0	               0.0	               0.0	           0.03203
	178	   L2	    2	         4 ---> 	   L3	    4	         2	 1.09017797262E+01	                    0.0	               0.0	7.072651465824544e-10	               0.0	               0.0	               0.0	           0.00892
	179	   L2	    2	         4 ---> 	   L3	    2	         2	 1.24731790450E+01	                    0.0	               0.0	7.246675111083735e-10	               0.0	               0.0	               0.0	0.009389999999999999
	180	   L2	    2	         4 ---> 	   L3	    6	         1	 1.36103813054E+01	                    0.0	               0.0	1.7284010104339793e-12	               0.0	               0.0	               0.0	           0.00894
	181	   L2	    2	         4 ---> 	   L3	    4	         1	 1.50665793597E+01	                    0.0	               0.0	6.656588401089823e-12	               0.0	               0.0	               0.0	           0.00873
	182	   L2	    2	         4 ---> 	   L3	    2	         1	 1.76581216018E+01	                    0.0	               0.0	7.862976142699038e-10	               0.0	               0.0	               0.0	           0.01636
	183	   L2	    2	         4 ---> 	   M1	    2	         2	 7.03033655852E+02	                    0.0	               0.0	0.6735133981649386	               0.0	               0.0	               0.0	           0.00517
	184	   L2	    2	         4 ---> 	   M1	    4	         1	 7.18071658943E+02	                    0.0	               0.0	2.6359762831229228	               0.0	               0.0	               0.0	           0.00515
	185	   L2	    2	         4 ---> 	   M1	    2	         1	 7.19807503370E+02	                    0.0	               0.0	0.33129340701308246	               0.0	               0.0	               0.0	           0.00515
	186	   L2	    2	         4 ---> 	   M1	    0	         1	 7.20549707159E+02	                    0.0	               0.0	0.08461022085124811	               0.0	               0.0	               0.0	           0.00515
	187	   L2	    2	         4 ---> 	   M2	    0	         1	 7.47310998246E+02	                    0.0	               0.0	1.4130188016652963e-06	               0.0	               0.0	               0.0	1.2278499999999999
	188	   L2	    2	         3 ---> 	   L3	    0	         1	 2.54041817776E+00	                    0.0	               0.0	2.75391641940031e-14	               0.0	               0.0	               0.0	           0.03072
	189	   L2	    2	         3 ---> 	   L3	    4	         2	 7.81385600469E+00	                    0.0	               0.0	4.0600849678705637e-13	               0.0	               0.0	               0.0	0.0076100000000000004
	190	   L2	    2	         3 ---> 	   L3	    2	         2	 9.38525532352E+00	                    0.0	               0.0	1.2321447506738698e-10	               0.0	               0.0	               0.0	           0.00808
	191	   L2	    2	         3 ---> 	   L3	    6	         1	 1.05224575839E+01	                    0.0	               0.0	4.768204625738147e-16	               0.0	               0.0	               0.0	           0.00763
	192	   L2	    2	         3 ---> 	   L3	    4	         1	 1.19786556382E+01	                    0.0	               0.0	2.3243682576671414e-09	               0.0	               0.0	               0.0	0.0074199999999999995
	193	   L2	    2	         3 ---> 	   L3	    2	         1	 1.45701978803E+01	                    0.0	               0.0	3.670026263167251e-10	               0.0	               0.0	               0.0	           0.01505
	194	   L2	    2	         3 ---> 	   M1	    2	         2	 6.99945732130E+02	                    0.0	               0.0	1.1750196782452043	               0.0	               0.0	               0.0	           0.00386
	195	   L2	    2	         3 ---> 	   M1	    4	         1	 7.14983735221E+02	                    0.0	               0.0	0.07061916458116121	               0.0	               0.0	               0.0	           0.00384
	196	   L2	    2	         3 ---> 	   M1	    2	         1	 7.16719579648E+02	                    0.0	               0.0	 2.173799458894887	               0.0	               0.0	               0.0	           0.00384
	197	   L2	    2	         3 ---> 	   M1	    0	         1	 7.17461783438E+02	                    0.0	               0.0	 1.478598057807347	               0.0	               0.0	               0.0	           0.00384
	198	   L2	    2	         3 ---> 	   M2	    0	         1	 7.44223074525E+02	                    0.0	               0.0	3.355649799267918e-08	               0.0	               0.0	               0.0	           1.22654
	199	   L3	    0	         1 ---> 	   L3	    4	         2	 5.27343782694E+00	                    0.0	               0.0	1.2865894718830725e-15	               0.0	               0.0	               0.0	           0.03065
	200	   L3	    0	         1 ---> 	   L3	    2	         2	 6.84483714577E+00	                    0.0	               0.0	6.7004155475253374e-12	               0.0	               0.0	               0.0	0.031120000000000002
	201	   L3	    0	         1 ---> 	   L3	    6	         1	 7.98203940613E+00	                    0.0	               0.0	1.6828516038646776e-24	               0.0	               0.0	               0.0	0.030670000000000003
	202	   L3	    0	         1 ---> 	   L3	    4	         1	 9.43823746040E+00	                    0.0	               0.0	9.407002168063321e-14	               0.0	               0.0	               0.0	           0.03046
	203	   L3	    0	         1 ---> 	   L3	    2	         1	 1.20297797026E+01	                    0.0	               0.0	7.438916276862691e-11	               0.0	               0.0	               0.0	           0.03809
	204	   L3	    0	         1 ---> 	   M1	    2	         2	 6.97405313953E+02	                    0.0	               0.0	0.015965503324108572	               0.0	               0.0	               0.0	            0.0269
	205	   L3	    0	         1 ---> 	   M1	    4	         1	 7.12443317043E+02	                    0.0	               0.0	7.614079604834217e-09	               0.0	               0.0	               0.0	           0.02688
	206	   L3	    0	         1 ---> 	   M1	    2	         1	 7.14179161470E+02	                    0.0	               0.0	0.23525669979889524	               0.0	               0.0	               0.0	           0.02688
	207	   L3	    0	         1 ---> 	   M1	    0	         1	                 0	                    0.0	               0.0	               0.0	               0.0	               0.0	               0.0	           0.02688
	208	   L3	    0	         1 ---> 	   M2	    0	         1	                 0	                    0.0	               0.0	               0.0	               0.0	               0.0	               0.0	           1.24958
	209	   L3	    4	         2 ---> 	   L3	    2	         2	 1.57139931883E+00	                    0.0	               0.0	1.420239096575903e-13	               0.0	               0.0	               0.0	           0.00801
	210	   L3	    4	         2 ---> 	   L3	    6	         1	 2.70860157919E+00	                    0.0	               0.0	1.6102056254906875e-14	               0.0	               0.0	               0.0	           0.00756
	211	   L3	    4	         2 ---> 	   L3	    4	         1	 4.16479963347E+00	                    0.0	               0.0	1.4986119300265464e-11	               0.0	               0.0	               0.0	           0.00735
	212	   L3	    4	         2 ---> 	   L3	    2	         1	 6.75634187562E+00	                    0.0	               0.0	4.925412905270976e-11	               0.0	               0.0	               0.0	           0.01498
	213	   L3	    4	         2 ---> 	   M1	    2	         2	 6.92131876126E+02	                    0.0	               0.0	 2.864939765667927	               0.0	               0.0	               0.0	           0.00379
	214	   L3	    4	         2 ---> 	   M1	    4	         1	 7.07169879216E+02	                    0.0	               0.0	 4.318682117982165	               0.0	               0.0	               0.0	           0.00377
	215	   L3	    4	         2 ---> 	   M1	    2	         1	 7.08905723644E+02	                    0.0	               0.0	1.4194121008247667	               0.0	               0.0	               0.0	           0.00377
	216	   L3	    4	         2 ---> 	   M1	    0	         1	 7.09647927433E+02	                    0.0	               0.0	1.1273446409406385e-09	               0.0	               0.0	               0.0	           0.00377
	217	   L3	    4	         2 ---> 	   M2	    0	         1	 7.36409218520E+02	                    0.0	               0.0	0.007526390454922664	               0.0	               0.0	               0.0	           1.22647
	218	   L3	    2	         2 ---> 	   L3	    6	         1	 1.13720226036E+00	                    0.0	               0.0	4.488572468015582e-19	               0.0	               0.0	               0.0	0.008029999999999999
	219	   L3	    2	         2 ---> 	   L3	    4	         1	 2.59340031464E+00	                    0.0	               0.0	2.9280763518476724e-12	               0.0	               0.0	               0.0	           0.00782
	220	   L3	    2	         2 ---> 	   L3	    2	         1	 5.18494255678E+00	                    0.0	               0.0	5.371364780606265e-12	               0.0	               0.0	               0.0	0.015449999999999998
	221	   L3	    2	         2 ---> 	   M1	    2	         2	 6.90560476807E+02	                    0.0	               0.0	2.3387087193273697	               0.0	               0.0	               0.0	           0.00426
	222	   L3	    2	         2 ---> 	   M1	    4	         1	 7.05598479898E+02	                    0.0	               0.0	0.6235230998110456	               0.0	               0.0	               0.0	           0.00424
	223	   L3	    2	         2 ---> 	   M1	    2	         1	 7.07334324325E+02	                    0.0	               0.0	0.1715153609198967	               0.0	               0.0	               0.0	           0.00424
	224	   L3	    2	         2 ---> 	   M1	    0	         1	 7.08076528114E+02	                    0.0	               0.0	1.3282936244431525	               0.0	               0.0	               0.0	           0.00424
	225	   L3	    2	         2 ---> 	   M2	    0	         1	 7.34837819201E+02	                    0.0	               0.0	4.3661116773325093e-08	               0.0	               0.0	               0.0	           1.22694
	226	   L3	    6	         1 ---> 	   L3	    4	         1	 1.45619805428E+00	                    0.0	               0.0	8.349356698272001e-13	               0.0	               0.0	               0.0	           0.00737
	227	   L3	    6	         1 ---> 	   L3	    2	         1	 4.04774029642E+00	                    0.0	               0.0	1.7181888543206016e-14	               0.0	               0.0	               0.0	             0.015
	228	   L3	    6	         1 ---> 	   M1	    2	         2	 6.89423274546E+02	                    0.0	               0.0	1.651756950850349e-06	               0.0	               0.0	               0.0	           0.00381
	229	   L3	    6	         1 ---> 	   M1	    4	         1	 7.04461277637E+02	                    0.0	               0.0	12.235176327804565	               0.0	               0.0	               0.0	           0.00379
	230	   L3	    6	         1 ---> 	   M1	    2	         1	 7.06197122064E+02	                    0.0	               0.0	7.169739696485745e-07	               0.0	               0.0	               0.0	           0.00379
	231	   L3	    6	         1 ---> 	   M1	    0	         1	                 0	                    0.0	               0.0	               0.0	               0.0	               0.0	               0.0	           0.00379
	232	   L3	    6	         1 ---> 	   M2	    0	         1	 7.33700616941E+02	                    0.0	               0.0	6.305294628286093e-09	               0.0	               0.0	               0.0	1.2264899999999999
	233	   L3	    4	         1 ---> 	   L3	    2	         1	 2.59154224215E+00	                    0.0	               0.0	5.871454449270861e-13	               0.0	               0.0	               0.0	           0.01479
	234	   L3	    4	         1 ---> 	   M1	    2	         2	 6.87967076492E+02	                    0.0	               0.0	1.9278275577042756	               0.0	               0.0	               0.0	            0.0036
	235	   L3	    4	         1 ---> 	   M1	    4	         1	 7.03005079583E+02	                    0.0	               0.0	0.048976748268926486	               0.0	               0.0	               0.0	           0.00358
	236	   L3	    4	         1 ---> 	   M1	    2	         1	 7.04740924010E+02	                    0.0	               0.0	 7.041564490241729	               0.0	               0.0	               0.0	           0.00358
	237	   L3	    4	         1 ---> 	   M1	    0	         1	 7.05483127800E+02	                    0.0	               0.0	1.3236159500046953e-06	               0.0	               0.0	               0.0	           0.00358
	238	   L3	    4	         1 ---> 	   M2	    0	         1	 7.32244418887E+02	                    0.0	               0.0	0.007225264266859249	               0.0	               0.0	               0.0	1.2262799999999998
	239	   L3	    2	         1 ---> 	   M1	    2	         2	 6.85375534250E+02	                    0.0	               0.0	0.01387259743975358	               0.0	               0.0	               0.0	0.011229999999999999
	240	   L3	    2	         1 ---> 	   M1	    4	         1	 7.00413537341E+02	                    0.0	               0.0	0.2505902275958666	               0.0	               0.0	               0.0	           0.01121
	241	   L3	    2	         1 ---> 	   M1	    2	         1	 7.02149381768E+02	                    0.0	               0.0	 0.763260183288426	               0.0	               0.0	               0.0	           0.01121
	242	   L3	    2	         1 ---> 	   M1	    0	         1	 7.02891585557E+02	                    0.0	               0.0	  0.71152022718958	               0.0	               0.0	               0.0	           0.01121
	243	   L3	    2	         1 ---> 	   M2	    0	         1	 7.29652876644E+02	                    0.0	               0.0	5.785770299569e-07	               0.0	               0.0	               0.0	1.2339099999999998
	244	   M1	    2	         2 ---> 	   M1	    4	         1	 1.50380030908E+01	                    0.0	               0.0	2.617185923406258e-08	               0.0	               0.0	               0.0	             2e-05
	245	   M1	    2	         2 ---> 	   M1	    2	         1	 1.67738475180E+01	                    0.0	               0.0	2.5223527188961698e-08	               0.0	               0.0	               0.0	             2e-05
	246	   M1	    2	         2 ---> 	   M1	    0	         1	 1.75160513075E+01	                    0.0	               0.0	3.798271234865302e-08	               0.0	               0.0	               0.0	             2e-05
	247	   M1	    2	         2 ---> 	   M2	    0	         1	 4.42773423945E+01	                    0.0	               0.0	   11.069335598625	               0.0	               0.0	               0.0	1.2227199999999998
	248	   M1	    4	         1 ---> 	   M1	    2	         1	 1.73584442718E+00	                    0.0	               0.0	0.6856813083019131	               0.0	               0.0	               0.0	               0.0
	249	   M1	    4	         1 ---> 	   M1	    0	         1	 2.47804821671E+00	                    0.0	               0.0	0.00021040123391942605	               0.0	               0.0	               0.0	               0.0
	250	   M1	    4	         1 ---> 	   M2	    0	         1	 2.92393393037E+01	                    0.0	               0.0	 0.630661871211476	               0.0	               0.0	               0.0	            1.2227
	251	   M1	    2	         1 ---> 	   M1	    0	         1	 7.42203789534E-01	                    0.0	               0.0	2.243090780135049e-08	               0.0	               0.0	               0.0	               0.0
	252	   M1	    2	         1 ---> 	   M2	    0	         1	 2.75034948765E+01	                    0.0	               0.0	    6.875873719125	               0.0	               0.0	               0.0	            1.2227
	253	   M1	    0	         1 ---> 	   M2	    0	         1	                 0	                    0.0	               0.0	               0.0	               0.0	               0.0	               0.0	            1.2227
