# Atomic number Z= 26  Date:24-04-2022

# Number Shelli	  2Ji		  Eigi ---> 	 Shellf	  2Jf		  Eigf		Energy(eV)			BranchingRatio			 LevelRadYield		 Intensity(eV)			 Weight(%)		  RadWidth(eV)		  AugWidth(eV)		  TotWidth(eV)
	 1	 K1K1	    0	         1 ---> 	 K1L1	    0	         1	                 0	                    0.0	               0.0	                 0	               0.0	               0.0	               0.0	           3.40894
	 2	 K1K1	    0	         1 ---> 	 K1L1	    2	         1	           6587.04	                    0.0	               0.0	       0.000904895	               0.0	               0.0	               0.0	           3.65346
	 3	 K1K1	    0	         1 ---> 	 K1L2	    2	         2	              6682	                    0.0	               0.0	           2041.91	               0.0	               0.0	               0.0	           3.96301
	 4	 K1K1	    0	         1 ---> 	 K1L2	    0	         1	                 0	                    0.0	               0.0	                 0	               0.0	               0.0	               0.0	            3.2813
	 5	 K1K1	    0	         1 ---> 	 K1L2	    2	         1	            6700.4	                    0.0	               0.0	           342.004	               0.0	               0.0	               0.0	           3.39887
	 6	 K1K1	    0	         1 ---> 	 K1L2	    4	         1	           6707.83	                    0.0	               0.0	         0.0514826	               0.0	               0.0	               0.0	           3.28873
	 7	 K1K1	    0	         1 ---> 	 K1M1	    0	         1	                 0	                    0.0	               0.0	                 0	               0.0	               0.0	               0.0	           3.73802
	 8	 K1K1	    0	         1 ---> 	 K1M1	    2	         1	           7497.81	                    0.0	               0.0	       0.000316354	               0.0	               0.0	               0.0	           3.64219
	 9	 K1K1	    0	         1 ---> 	 L1L1	    0	         1	                 0	                    0.0	               0.0	                 0	               0.0	               0.0	               0.0	           2.57367
	10	 K1K1	    0	         1 ---> 	 L1L2	    2	         2	             13001	                    0.0	               0.0	           2.59878	               0.0	               0.0	               0.0	           2.87945
	11	 K1K1	    0	         1 ---> 	 L1L2	    0	         1	                 0	                    0.0	               0.0	                 0	               0.0	               0.0	               0.0	           2.73145
	12	 K1K1	    0	         1 ---> 	 L1L2	    2	         1	           13037.4	                    0.0	               0.0	         0.0383284	               0.0	               0.0	               0.0	           2.73953
	13	 K1K1	    0	         1 ---> 	 L1L2	    4	         1	             13045	                    0.0	               0.0	       0.000121514	               0.0	               0.0	               0.0	           2.73605
	14	 K1K1	    0	         1 ---> 	 L2L2	    0	         2	                 0	                    0.0	               0.0	                 0	               0.0	               0.0	               0.0	            2.5267
	15	 K1K1	    0	         1 ---> 	 L2L2	    4	         2	                 0	                    0.0	               0.0	                 0	               0.0	               0.0	               0.0	           2.52644
	16	 K1K1	    0	         1 ---> 	 L2L2	    2	         1	                 0	                    0.0	               0.0	                 0	               0.0	               0.0	               0.0	           2.52598
	17	 K1K1	    0	         1 ---> 	 L2L2	    0	         1	                 0	                    0.0	               0.0	                 0	               0.0	               0.0	               0.0	           2.52633
	18	 K1K1	    0	         1 ---> 	 L2L2	    4	         1	                 0	                    0.0	               0.0	                 0	               0.0	               0.0	               0.0	           2.52614
	19	 K1K1	    0	         1 ---> 	 L1M1	    0	         1	                 0	                    0.0	               0.0	                 0	               0.0	               0.0	               0.0	           2.56785
	20	 K1K1	    0	         1 ---> 	 L1M1	    2	         1	           13792.7	                    0.0	               0.0	       2.25723e-07	               0.0	               0.0	               0.0	           2.56511
	21	 K1K1	    0	         1 ---> 	 L2M1	    2	         2	           13913.9	                    0.0	               0.0	          0.198969	               0.0	               0.0	               0.0	           2.52153
	22	 K1K1	    0	         1 ---> 	 L2M1	    0	         1	                 0	                    0.0	               0.0	                 0	               0.0	               0.0	               0.0	           2.51808
	23	 K1K1	    0	         1 ---> 	 L2M1	    2	         1	           13925.8	                    0.0	               0.0	          0.235063	               0.0	               0.0	               0.0	           2.52236
	24	 K1K1	    0	         1 ---> 	 L2M1	    4	         1	           13927.8	                    0.0	               0.0	       3.34918e-05	               0.0	               0.0	               0.0	           2.51808
	25	 K1K1	    0	         1 ---> 	 M1M1	    0	         1	                 0	                    0.0	               0.0	                 0	               0.0	               0.0	               0.0	           2.51808
	26	 K1L1	    0	         1 ---> 	 K1L1	    2	         1	           25.9269	                    0.0	               0.0	       3.25157e-13	               0.0	               0.0	               0.0	           2.02624
	27	 K1L1	    0	         1 ---> 	 K1L2	    2	         2	           120.893	                    0.0	               0.0	        0.00185174	               0.0	               0.0	               0.0	           2.33579
	28	 K1L1	    0	         1 ---> 	 K1L2	    0	         1	                 0	                    0.0	               0.0	                 0	               0.0	               0.0	               0.0	           1.65408
	29	 K1L1	    0	         1 ---> 	 K1L2	    2	         1	           139.292	                    0.0	               0.0	       0.000572547	               0.0	               0.0	               0.0	           1.77166
	30	 K1L1	    0	         1 ---> 	 K1L2	    4	         1	           146.718	                    0.0	               0.0	       4.88699e-11	               0.0	               0.0	               0.0	           1.66152
	31	 K1L1	    0	         1 ---> 	 K1M1	    0	         1	                 0	                    0.0	               0.0	                 0	               0.0	               0.0	               0.0	            2.1108
	32	 K1L1	    0	         1 ---> 	 K1M1	    2	         1	           936.698	                    0.0	               0.0	       6.12202e-09	               0.0	               0.0	               0.0	           2.01497
	33	 K1L1	    0	         1 ---> 	 L1L1	    0	         1	                 0	                    0.0	               0.0	                 0	               0.0	               0.0	               0.0	           0.94645
	34	 K1L1	    0	         1 ---> 	 L1L2	    2	         2	           6439.84	                    0.0	               0.0	           558.326	               0.0	               0.0	               0.0	           1.25223
	35	 K1L1	    0	         1 ---> 	 L1L2	    0	         1	                 0	                    0.0	               0.0	                 0	               0.0	               0.0	               0.0	           1.10424
	36	 K1L1	    0	         1 ---> 	 L1L2	    2	         1	           6476.25	                    0.0	               0.0	           15.8348	               0.0	               0.0	               0.0	           1.11231
	37	 K1L1	    0	         1 ---> 	 L1L2	    4	         1	           6483.89	                    0.0	               0.0	         0.0119941	               0.0	               0.0	               0.0	           1.10883
	38	 K1L1	    0	         1 ---> 	 L2L2	    0	         2	                 0	                    0.0	               0.0	                 0	               0.0	               0.0	               0.0	          0.899483
	39	 K1L1	    0	         1 ---> 	 L2L2	    4	         2	                 0	                    0.0	               0.0	                 0	               0.0	               0.0	               0.0	          0.899225
	40	 K1L1	    0	         1 ---> 	 L2L2	    2	         1	                 0	                    0.0	               0.0	                 0	               0.0	               0.0	               0.0	          0.898769
	41	 K1L1	    0	         1 ---> 	 L2L2	    0	         1	                 0	                    0.0	               0.0	                 0	               0.0	               0.0	               0.0	          0.899118
	42	 K1L1	    0	         1 ---> 	 L2L2	    4	         1	                 0	                    0.0	               0.0	                 0	               0.0	               0.0	               0.0	          0.898923
	43	 K1L1	    0	         1 ---> 	 L1M1	    0	         1	                 0	                    0.0	               0.0	                 0	               0.0	               0.0	               0.0	           0.94063
	44	 K1L1	    0	         1 ---> 	 L1M1	    2	         1	           7231.62	                    0.0	               0.0	       4.05628e-05	               0.0	               0.0	               0.0	          0.937894
	45	 K1L1	    0	         1 ---> 	 L2M1	    2	         2	           7352.75	                    0.0	               0.0	           0.18553	               0.0	               0.0	               0.0	          0.894316
	46	 K1L1	    0	         1 ---> 	 L2M1	    0	         1	                 0	                    0.0	               0.0	                 0	               0.0	               0.0	               0.0	          0.890864
	47	 K1L1	    0	         1 ---> 	 L2M1	    2	         1	            7364.7	                    0.0	               0.0	          0.197433	               0.0	               0.0	               0.0	          0.895143
	48	 K1L1	    0	         1 ---> 	 L2M1	    4	         1	           7366.65	                    0.0	               0.0	       1.67224e-05	               0.0	               0.0	               0.0	          0.890864
	49	 K1L1	    0	         1 ---> 	 M1M1	    0	         1	                 0	                    0.0	               0.0	                 0	               0.0	               0.0	               0.0	          0.890864
	50	 K1L1	    2	         1 ---> 	 K1L2	    2	         2	           94.9665	                    0.0	               0.0	       9.30496e-05	               0.0	               0.0	               0.0	           2.58031
	51	 K1L1	    2	         1 ---> 	 K1L2	    0	         1	           104.716	                    0.0	               0.0	       0.000316205	               0.0	               0.0	               0.0	            1.8986
	52	 K1L1	    2	         1 ---> 	 K1L2	    2	         1	           113.365	                    0.0	               0.0	        0.00112221	               0.0	               0.0	               0.0	           2.01617
	53	 K1L1	    2	         1 ---> 	 K1L2	    4	         1	           120.791	                    0.0	               0.0	         0.0028475	               0.0	               0.0	               0.0	           1.90603
	54	 K1L1	    2	         1 ---> 	 K1M1	    0	         1	           907.148	                    0.0	               0.0	         4.227e-09	               0.0	               0.0	               0.0	           2.35532
	55	 K1L1	    2	         1 ---> 	 K1M1	    2	         1	           910.771	                    0.0	               0.0	       1.17376e-07	               0.0	               0.0	               0.0	           2.25949
	56	 K1L1	    2	         1 ---> 	 L1L1	    0	         1	           6304.95	                    0.0	               0.0	       0.000417814	               0.0	               0.0	               0.0	           1.19097
	57	 K1L1	    2	         1 ---> 	 L1L2	    2	         2	           6413.91	                    0.0	               0.0	           17.6613	               0.0	               0.0	               0.0	           1.49675
	58	 K1L1	    2	         1 ---> 	 L1L2	    0	         1	           6444.84	                    0.0	               0.0	           193.875	               0.0	               0.0	               0.0	           1.34875
	59	 K1L1	    2	         1 ---> 	 L1L2	    2	         1	           6450.32	                    0.0	               0.0	           561.722	               0.0	               0.0	               0.0	           1.35683
	60	 K1L1	    2	         1 ---> 	 L1L2	    4	         1	           6457.96	                    0.0	               0.0	           953.705	               0.0	               0.0	               0.0	           1.35335
	61	 K1L1	    2	         1 ---> 	 L2L2	    0	         2	                 0	                    0.0	               0.0	                 0	               0.0	               0.0	               0.0	             1.144
	62	 K1L1	    2	         1 ---> 	 L2L2	    4	         2	                 0	                    0.0	               0.0	                 0	               0.0	               0.0	               0.0	           1.14374
	63	 K1L1	    2	         1 ---> 	 L2L2	    2	         1	                 0	                    0.0	               0.0	                 0	               0.0	               0.0	               0.0	           1.14328
	64	 K1L1	    2	         1 ---> 	 L2L2	    0	         1	                 0	                    0.0	               0.0	                 0	               0.0	               0.0	               0.0	           1.14363
	65	 K1L1	    2	         1 ---> 	 L2L2	    4	         1	                 0	                    0.0	               0.0	                 0	               0.0	               0.0	               0.0	           1.14344
	66	 K1L1	    2	         1 ---> 	 L1M1	    0	         1	           7199.06	                    0.0	               0.0	       5.90619e-05	               0.0	               0.0	               0.0	           1.18515
	67	 K1L1	    2	         1 ---> 	 L1M1	    2	         1	           7205.69	                    0.0	               0.0	       0.000219472	               0.0	               0.0	               0.0	           1.18241
	68	 K1L1	    2	         1 ---> 	 L2M1	    2	         2	           7326.82	                    0.0	               0.0	        0.00816552	               0.0	               0.0	               0.0	           1.13883
	69	 K1L1	    2	         1 ---> 	 L2M1	    0	         1	           7328.06	                    0.0	               0.0	         0.0135071	               0.0	               0.0	               0.0	           1.13538
	70	 K1L1	    2	         1 ---> 	 L2M1	    2	         1	           7338.77	                    0.0	               0.0	        0.00559033	               0.0	               0.0	               0.0	           1.13966
	71	 K1L1	    2	         1 ---> 	 L2M1	    4	         1	           7340.72	                    0.0	               0.0	         0.0713886	               0.0	               0.0	               0.0	           1.13538
	72	 K1L1	    2	         1 ---> 	 M1M1	    0	         1	           8065.17	                    0.0	               0.0	       1.84126e-08	               0.0	               0.0	               0.0	           1.13538
	73	 K1L2	    2	         2 ---> 	 K1L2	    0	         1	           9.74989	                    0.0	               0.0	       1.35995e-12	               0.0	               0.0	               0.0	           2.20815
	74	 K1L2	    2	         2 ---> 	 K1L2	    2	         1	           18.3988	                    0.0	               0.0	       1.08207e-11	               0.0	               0.0	               0.0	           2.32572
	75	 K1L2	    2	         2 ---> 	 K1L2	    4	         1	           25.8246	                    0.0	               0.0	       9.15415e-11	               0.0	               0.0	               0.0	           2.21558
	76	 K1L2	    2	         2 ---> 	 K1M1	    0	         1	           812.181	                    0.0	               0.0	         0.0466998	               0.0	               0.0	               0.0	           2.66487
	77	 K1L2	    2	         2 ---> 	 K1M1	    2	         1	           815.805	                    0.0	               0.0	        0.00704758	               0.0	               0.0	               0.0	           2.56904
	78	 K1L2	    2	         2 ---> 	 L1L1	    0	         1	           6209.98	                    0.0	               0.0	         0.0114763	               0.0	               0.0	               0.0	           1.50052
	79	 K1L2	    2	         2 ---> 	 L1L2	    2	         2	           6318.95	                    0.0	               0.0	        2.5388e-05	               0.0	               0.0	               0.0	            1.8063
	80	 K1L2	    2	         2 ---> 	 L1L2	    0	         1	           6349.88	                    0.0	               0.0	       5.60096e-05	               0.0	               0.0	               0.0	            1.6583
	81	 K1L2	    2	         2 ---> 	 L1L2	    2	         1	           6355.36	                    0.0	               0.0	        0.00013757	               0.0	               0.0	               0.0	           1.66638
	82	 K1L2	    2	         2 ---> 	 L1L2	    4	         1	              6363	                    0.0	               0.0	       4.89555e-05	               0.0	               0.0	               0.0	            1.6629
	83	 K1L2	    2	         2 ---> 	 L2L2	    0	         2	           6438.86	                    0.0	               0.0	           103.243	               0.0	               0.0	               0.0	           1.45355
	84	 K1L2	    2	         2 ---> 	 L2L2	    4	         2	           6461.54	                    0.0	               0.0	             456.1	               0.0	               0.0	               0.0	           1.45329
	85	 K1L2	    2	         2 ---> 	 L2L2	    2	         1	            6471.6	                    0.0	               0.0	           11.2473	               0.0	               0.0	               0.0	           1.45283
	86	 K1L2	    2	         2 ---> 	 L2L2	    0	         1	           6472.59	                    0.0	               0.0	         0.0104192	               0.0	               0.0	               0.0	           1.45318
	87	 K1L2	    2	         2 ---> 	 L2L2	    4	         1	           6482.53	                    0.0	               0.0	           5.10727	               0.0	               0.0	               0.0	           1.45299
	88	 K1L2	    2	         2 ---> 	 L1M1	    0	         1	           7104.09	                    0.0	               0.0	        0.00122234	               0.0	               0.0	               0.0	            1.4947
	89	 K1L2	    2	         2 ---> 	 L1M1	    2	         1	           7110.73	                    0.0	               0.0	       0.000168712	               0.0	               0.0	               0.0	           1.49196
	90	 K1L2	    2	         2 ---> 	 L2M1	    2	         2	           7231.86	                    0.0	               0.0	       4.87003e-05	               0.0	               0.0	               0.0	           1.44838
	91	 K1L2	    2	         2 ---> 	 L2M1	    0	         1	            7233.1	                    0.0	               0.0	       1.73056e-05	               0.0	               0.0	               0.0	           1.44493
	92	 K1L2	    2	         2 ---> 	 L2M1	    2	         1	           7243.81	                    0.0	               0.0	       1.68245e-05	               0.0	               0.0	               0.0	           1.44921
	93	 K1L2	    2	         2 ---> 	 L2M1	    4	         1	           7245.76	                    0.0	               0.0	       1.54301e-05	               0.0	               0.0	               0.0	           1.44493
	94	 K1L2	    2	         2 ---> 	 M1M1	    0	         1	            7970.2	                    0.0	               0.0	       0.000144469	               0.0	               0.0	               0.0	           1.44493
	95	 K1L2	    0	         1 ---> 	 K1L2	    2	         1	           8.64893	                    0.0	               0.0	       9.56459e-12	               0.0	               0.0	               0.0	           1.64401
	96	 K1L2	    0	         1 ---> 	 K1L2	    4	         1	           16.0748	                    0.0	               0.0	       6.31725e-15	               0.0	               0.0	               0.0	           1.53387
	97	 K1L2	    0	         1 ---> 	 K1M1	    0	         1	                 0	                    0.0	               0.0	                 0	               0.0	               0.0	               0.0	           1.98316
	98	 K1L2	    0	         1 ---> 	 K1M1	    2	         1	           806.055	                    0.0	               0.0	         0.0314794	               0.0	               0.0	               0.0	           1.88733
	99	 K1L2	    0	         1 ---> 	 L1L1	    0	         1	                 0	                    0.0	               0.0	                 0	               0.0	               0.0	               0.0	          0.818804
	100	 K1L2	    0	         1 ---> 	 L1L2	    2	         2	            6309.2	                    0.0	               0.0	       4.32486e-05	               0.0	               0.0	               0.0	           1.12458
	101	 K1L2	    0	         1 ---> 	 L1L2	    0	         1	                 0	                    0.0	               0.0	                 0	               0.0	               0.0	               0.0	          0.976588
	102	 K1L2	    0	         1 ---> 	 L1L2	    2	         1	           6345.61	                    0.0	               0.0	       6.08604e-05	               0.0	               0.0	               0.0	          0.984663
	103	 K1L2	    0	         1 ---> 	 L1L2	    4	         1	           6353.25	                    0.0	               0.0	       4.18745e-06	               0.0	               0.0	               0.0	          0.981187
	104	 K1L2	    0	         1 ---> 	 L2L2	    0	         2	                 0	                    0.0	               0.0	                 0	               0.0	               0.0	               0.0	          0.771836
	105	 K1L2	    0	         1 ---> 	 L2L2	    4	         2	           6451.79	                    0.0	               0.0	        0.00517572	               0.0	               0.0	               0.0	          0.771578
	106	 K1L2	    0	         1 ---> 	 L2L2	    2	         1	           6461.85	                    0.0	               0.0	            191.91	               0.0	               0.0	               0.0	          0.771122
	107	 K1L2	    0	         1 ---> 	 L2L2	    0	         1	                 0	                    0.0	               0.0	                 0	               0.0	               0.0	               0.0	          0.771471
	108	 K1L2	    0	         1 ---> 	 L2L2	    4	         1	           6472.78	                    0.0	               0.0	        0.00052187	               0.0	               0.0	               0.0	          0.771276
	109	 K1L2	    0	         1 ---> 	 L1M1	    0	         1	                 0	                    0.0	               0.0	                 0	               0.0	               0.0	               0.0	          0.812983
	110	 K1L2	    0	         1 ---> 	 L1M1	    2	         1	           7100.98	                    0.0	               0.0	         0.0011218	               0.0	               0.0	               0.0	          0.810247
	111	 K1L2	    0	         1 ---> 	 L2M1	    2	         2	           7222.11	                    0.0	               0.0	       3.49723e-05	               0.0	               0.0	               0.0	          0.766669
	112	 K1L2	    0	         1 ---> 	 L2M1	    0	         1	                 0	                    0.0	               0.0	                 0	               0.0	               0.0	               0.0	          0.763217
	113	 K1L2	    0	         1 ---> 	 L2M1	    2	         1	           7234.06	                    0.0	               0.0	       3.51303e-07	               0.0	               0.0	               0.0	          0.767496
	114	 K1L2	    0	         1 ---> 	 L2M1	    4	         1	           7236.01	                    0.0	               0.0	       2.36043e-06	               0.0	               0.0	               0.0	          0.763217
	115	 K1L2	    0	         1 ---> 	 M1M1	    0	         1	                 0	                    0.0	               0.0	                 0	               0.0	               0.0	               0.0	          0.763217
	116	 K1L2	    2	         1 ---> 	 K1L2	    4	         1	           7.42583	                    0.0	               0.0	       5.53122e-12	               0.0	               0.0	               0.0	           1.65145
	117	 K1L2	    2	         1 ---> 	 K1M1	    0	         1	           793.782	                    0.0	               0.0	         0.0137885	               0.0	               0.0	               0.0	           2.10073
	118	 K1L2	    2	         1 ---> 	 K1M1	    2	         1	           797.406	                    0.0	               0.0	         0.0708569	               0.0	               0.0	               0.0	            2.0049
	119	 K1L2	    2	         1 ---> 	 L1L1	    0	         1	           6191.58	                    0.0	               0.0	       6.50599e-05	               0.0	               0.0	               0.0	           0.93638
	120	 K1L2	    2	         1 ---> 	 L1L2	    2	         2	           6300.55	                    0.0	               0.0	        0.00011581	               0.0	               0.0	               0.0	           1.24216
	121	 K1L2	    2	         1 ---> 	 L1L2	    0	         1	           6331.48	                    0.0	               0.0	        4.0428e-05	               0.0	               0.0	               0.0	           1.09416
	122	 K1L2	    2	         1 ---> 	 L1L2	    2	         1	           6336.96	                    0.0	               0.0	        2.3446e-05	               0.0	               0.0	               0.0	           1.10224
	123	 K1L2	    2	         1 ---> 	 L1L2	    4	         1	            6344.6	                    0.0	               0.0	       0.000220987	               0.0	               0.0	               0.0	           1.09876
	124	 K1L2	    2	         1 ---> 	 L2L2	    0	         2	           6420.46	                    0.0	               0.0	         0.0846358	               0.0	               0.0	               0.0	          0.889412
	125	 K1L2	    2	         1 ---> 	 L2L2	    4	         2	           6443.14	                    0.0	               0.0	           43.1134	               0.0	               0.0	               0.0	          0.889154
	126	 K1L2	    2	         1 ---> 	 L2L2	    2	         1	            6453.2	                    0.0	               0.0	           107.807	               0.0	               0.0	               0.0	          0.888698
	127	 K1L2	    2	         1 ---> 	 L2L2	    0	         1	           6454.19	                    0.0	               0.0	           167.236	               0.0	               0.0	               0.0	          0.889047
	128	 K1L2	    2	         1 ---> 	 L2L2	    4	         1	           6464.13	                    0.0	               0.0	           257.197	               0.0	               0.0	               0.0	          0.888852
	129	 K1L2	    2	         1 ---> 	 L1M1	    0	         1	           7085.69	                    0.0	               0.0	       0.000332116	               0.0	               0.0	               0.0	          0.930559
	130	 K1L2	    2	         1 ---> 	 L1M1	    2	         1	           7092.33	                    0.0	               0.0	        0.00105256	               0.0	               0.0	               0.0	          0.927823
	131	 K1L2	    2	         1 ---> 	 L2M1	    2	         2	           7213.46	                    0.0	               0.0	       2.32438e-05	               0.0	               0.0	               0.0	          0.884245
	132	 K1L2	    2	         1 ---> 	 L2M1	    0	         1	            7214.7	                    0.0	               0.0	       1.37061e-05	               0.0	               0.0	               0.0	          0.880793
	133	 K1L2	    2	         1 ---> 	 L2M1	    2	         1	           7225.41	                    0.0	               0.0	       7.42563e-06	               0.0	               0.0	               0.0	          0.885072
	134	 K1L2	    2	         1 ---> 	 L2M1	    4	         1	           7227.36	                    0.0	               0.0	       7.85628e-05	               0.0	               0.0	               0.0	          0.880793
	135	 K1L2	    2	         1 ---> 	 M1M1	    0	         1	            7951.8	                    0.0	               0.0	       6.86921e-07	               0.0	               0.0	               0.0	          0.880793
	136	 K1L2	    4	         1 ---> 	 K1M1	    0	         1	           786.357	                    0.0	               0.0	       2.83509e-08	               0.0	               0.0	               0.0	           1.99059
	137	 K1L2	    4	         1 ---> 	 K1M1	    2	         1	            789.98	                    0.0	               0.0	          0.160044	               0.0	               0.0	               0.0	           1.89476
	138	 K1L2	    4	         1 ---> 	 L1L1	    0	         1	           6184.16	                    0.0	               0.0	       5.89501e-08	               0.0	               0.0	               0.0	           0.82624
	139	 K1L2	    4	         1 ---> 	 L1L2	    2	         2	           6293.12	                    0.0	               0.0	        0.00014129	               0.0	               0.0	               0.0	           1.13202
	140	 K1L2	    4	         1 ---> 	 L1L2	    0	         1	           6324.05	                    0.0	               0.0	       7.39218e-06	               0.0	               0.0	               0.0	          0.984024
	141	 K1L2	    4	         1 ---> 	 L1L2	    2	         1	           6329.53	                    0.0	               0.0	       0.000157125	               0.0	               0.0	               0.0	          0.992099
	142	 K1L2	    4	         1 ---> 	 L1L2	    4	         1	           6337.17	                    0.0	               0.0	       0.000446622	               0.0	               0.0	               0.0	          0.988623
	143	 K1L2	    4	         1 ---> 	 L2L2	    0	         2	           6413.03	                    0.0	               0.0	        0.00147092	               0.0	               0.0	               0.0	          0.779272
	144	 K1L2	    4	         1 ---> 	 L2L2	    4	         2	           6435.71	                    0.0	               0.0	           68.4335	               0.0	               0.0	               0.0	          0.779014
	145	 K1L2	    4	         1 ---> 	 L2L2	    2	         1	           6445.77	                    0.0	               0.0	           241.105	               0.0	               0.0	               0.0	          0.778558
	146	 K1L2	    4	         1 ---> 	 L2L2	    0	         1	           6446.77	                    0.0	               0.0	        0.00410399	               0.0	               0.0	               0.0	          0.778907
	147	 K1L2	    4	         1 ---> 	 L2L2	    4	         1	            6456.7	                    0.0	               0.0	           648.588	               0.0	               0.0	               0.0	          0.778712
	148	 K1L2	    4	         1 ---> 	 L1M1	    0	         1	           7078.27	                    0.0	               0.0	       5.86224e-08	               0.0	               0.0	               0.0	          0.820419
	149	 K1L2	    4	         1 ---> 	 L1M1	    2	         1	            7084.9	                    0.0	               0.0	        0.00492892	               0.0	               0.0	               0.0	          0.817683
	150	 K1L2	    4	         1 ---> 	 L2M1	    2	         2	           7206.03	                    0.0	               0.0	       1.51017e-06	               0.0	               0.0	               0.0	          0.774105
	151	 K1L2	    4	         1 ---> 	 L2M1	    0	         1	           7207.27	                    0.0	               0.0	       3.93806e-06	               0.0	               0.0	               0.0	          0.770653
	152	 K1L2	    4	         1 ---> 	 L2M1	    2	         1	           7217.98	                    0.0	               0.0	       8.60593e-05	               0.0	               0.0	               0.0	          0.774932
	153	 K1L2	    4	         1 ---> 	 L2M1	    4	         1	           7219.93	                    0.0	               0.0	       0.000169909	               0.0	               0.0	               0.0	          0.770653
	154	 K1L2	    4	         1 ---> 	 M1M1	    0	         1	           7944.38	                    0.0	               0.0	        1.0247e-09	               0.0	               0.0	               0.0	          0.770653
	155	 K1M1	    0	         1 ---> 	 K1M1	    2	         1	           3.62361	                    0.0	               0.0	       1.22471e-16	               0.0	               0.0	               0.0	           2.34405
	156	 K1M1	    0	         1 ---> 	 L1L1	    0	         1	                 0	                    0.0	               0.0	                 0	               0.0	               0.0	               0.0	           1.27553
	157	 K1M1	    0	         1 ---> 	 L1L2	    2	         2	           5506.77	                    0.0	               0.0	         0.0659546	               0.0	               0.0	               0.0	           1.58131
	158	 K1M1	    0	         1 ---> 	 L1L2	    0	         1	                 0	                    0.0	               0.0	                 0	               0.0	               0.0	               0.0	           1.43331
	159	 K1M1	    0	         1 ---> 	 L1L2	    2	         1	           5543.18	                    0.0	               0.0	        0.00573254	               0.0	               0.0	               0.0	           1.44139
	160	 K1M1	    0	         1 ---> 	 L1L2	    4	         1	           5550.82	                    0.0	               0.0	       3.14698e-06	               0.0	               0.0	               0.0	           1.43791
	161	 K1M1	    0	         1 ---> 	 L2L2	    0	         2	                 0	                    0.0	               0.0	                 0	               0.0	               0.0	               0.0	           1.22856
	162	 K1M1	    0	         1 ---> 	 L2L2	    4	         2	                 0	                    0.0	               0.0	                 0	               0.0	               0.0	               0.0	            1.2283
	163	 K1M1	    0	         1 ---> 	 L2L2	    2	         1	                 0	                    0.0	               0.0	                 0	               0.0	               0.0	               0.0	           1.22784
	164	 K1M1	    0	         1 ---> 	 L2L2	    0	         1	                 0	                    0.0	               0.0	                 0	               0.0	               0.0	               0.0	           1.22819
	165	 K1M1	    0	         1 ---> 	 L2L2	    4	         1	                 0	                    0.0	               0.0	                 0	               0.0	               0.0	               0.0	             1.228
	166	 K1M1	    0	         1 ---> 	 L1M1	    0	         1	                 0	                    0.0	               0.0	                 0	               0.0	               0.0	               0.0	           1.26971
	167	 K1M1	    0	         1 ---> 	 L1M1	    2	         1	           6298.54	                    0.0	               0.0	       0.000126805	               0.0	               0.0	               0.0	           1.26697
	168	 K1M1	    0	         1 ---> 	 L2M1	    2	         2	           6419.67	                    0.0	               0.0	           263.208	               0.0	               0.0	               0.0	           1.22339
	169	 K1M1	    0	         1 ---> 	 L2M1	    0	         1	                 0	                    0.0	               0.0	                 0	               0.0	               0.0	               0.0	           1.21994
	170	 K1M1	    0	         1 ---> 	 L2M1	    2	         1	           6431.62	                    0.0	               0.0	           310.018	               0.0	               0.0	               0.0	           1.22422
	171	 K1M1	    0	         1 ---> 	 L2M1	    4	         1	           6433.57	                    0.0	               0.0	         0.0113172	               0.0	               0.0	               0.0	           1.21994
	172	 K1M1	    0	         1 ---> 	 M1M1	    0	         1	                 0	                    0.0	               0.0	                 0	               0.0	               0.0	               0.0	           1.21994
	173	 K1M1	    2	         1 ---> 	 L1L1	    0	         1	           5394.18	                    0.0	               0.0	       5.86218e-08	               0.0	               0.0	               0.0	            1.1797
	174	 K1M1	    2	         1 ---> 	 L1L2	    2	         2	           5503.14	                    0.0	               0.0	       0.000170418	               0.0	               0.0	               0.0	           1.48548
	175	 K1M1	    2	         1 ---> 	 L1L2	    0	         1	           5534.07	                    0.0	               0.0	         0.0118553	               0.0	               0.0	               0.0	           1.33748
	176	 K1M1	    2	         1 ---> 	 L1L2	    2	         1	           5539.55	                    0.0	               0.0	         0.0336943	               0.0	               0.0	               0.0	           1.34556
	177	 K1M1	    2	         1 ---> 	 L1L2	    4	         1	           5547.19	                    0.0	               0.0	         0.0596134	               0.0	               0.0	               0.0	           1.34208
	178	 K1M1	    2	         1 ---> 	 L2L2	    0	         2	                 0	                    0.0	               0.0	                 0	               0.0	               0.0	               0.0	           1.13273
	179	 K1M1	    2	         1 ---> 	 L2L2	    4	         2	                 0	                    0.0	               0.0	                 0	               0.0	               0.0	               0.0	           1.13247
	180	 K1M1	    2	         1 ---> 	 L2L2	    2	         1	                 0	                    0.0	               0.0	                 0	               0.0	               0.0	               0.0	           1.13201
	181	 K1M1	    2	         1 ---> 	 L2L2	    0	         1	                 0	                    0.0	               0.0	                 0	               0.0	               0.0	               0.0	           1.13236
	182	 K1M1	    2	         1 ---> 	 L2L2	    4	         1	                 0	                    0.0	               0.0	                 0	               0.0	               0.0	               0.0	           1.13217
	183	 K1M1	    2	         1 ---> 	 L1M1	    0	         1	           6288.29	                    0.0	               0.0	       0.000218929	               0.0	               0.0	               0.0	           1.17388
	184	 K1M1	    2	         1 ---> 	 L1M1	    2	         1	           6294.92	                    0.0	               0.0	        0.00060729	               0.0	               0.0	               0.0	           1.17114
	185	 K1M1	    2	         1 ---> 	 L2M1	    2	         2	           6416.05	                    0.0	               0.0	           315.605	               0.0	               0.0	               0.0	           1.12756
	186	 K1M1	    2	         1 ---> 	 L2M1	    0	         1	           6417.29	                    0.0	               0.0	           193.398	               0.0	               0.0	               0.0	           1.12411
	187	 K1M1	    2	         1 ---> 	 L2M1	    2	         1	              6428	                    0.0	               0.0	           260.324	               0.0	               0.0	               0.0	           1.12839
	188	 K1M1	    2	         1 ---> 	 L2M1	    4	         1	           6429.95	                    0.0	               0.0	           950.392	               0.0	               0.0	               0.0	           1.12411
	189	 K1M1	    2	         1 ---> 	 M1M1	    0	         1	            7154.4	                    0.0	               0.0	       0.000150727	               0.0	               0.0	               0.0	           1.12411
	190	 L1L1	    0	         1 ---> 	 L1L2	    2	         2	           108.963	                    0.0	               0.0	          0.187044	               0.0	               0.0	               0.0	          0.416953
	191	 L1L1	    0	         1 ---> 	 L1L2	    0	         1	                 0	                    0.0	               0.0	                 0	               0.0	               0.0	               0.0	          0.268958
	192	 L1L1	    0	         1 ---> 	 L1L2	    2	         1	           145.373	                    0.0	               0.0	         0.0181056	               0.0	               0.0	               0.0	          0.277033
	193	 L1L1	    0	         1 ---> 	 L1L2	    4	         1	           153.014	                    0.0	               0.0	       8.41747e-09	               0.0	               0.0	               0.0	          0.273556
	194	 L1L1	    0	         1 ---> 	 L2L2	    0	         2	                 0	                    0.0	               0.0	                 0	               0.0	               0.0	               0.0	         0.0642052
	195	 L1L1	    0	         1 ---> 	 L2L2	    4	         2	                 0	                    0.0	               0.0	                 0	               0.0	               0.0	               0.0	         0.0639473
	196	 L1L1	    0	         1 ---> 	 L2L2	    2	         1	                 0	                    0.0	               0.0	                 0	               0.0	               0.0	               0.0	          0.063491
	197	 L1L1	    0	         1 ---> 	 L2L2	    0	         1	                 0	                    0.0	               0.0	                 0	               0.0	               0.0	               0.0	         0.0638409
	198	 L1L1	    0	         1 ---> 	 L2L2	    4	         1	                 0	                    0.0	               0.0	                 0	               0.0	               0.0	               0.0	         0.0636454
	199	 L1L1	    0	         1 ---> 	 L1M1	    0	         1	                 0	                    0.0	               0.0	                 0	               0.0	               0.0	               0.0	          0.105353
	200	 L1L1	    0	         1 ---> 	 L1M1	    2	         1	           900.742	                    0.0	               0.0	       8.26605e-07	               0.0	               0.0	               0.0	          0.102616
	201	 L1L1	    0	         1 ---> 	 L2M1	    2	         2	           1021.87	                    0.0	               0.0	        0.00536253	               0.0	               0.0	               0.0	         0.0590388
	202	 L1L1	    0	         1 ---> 	 L2M1	    0	         1	                 0	                    0.0	               0.0	                 0	               0.0	               0.0	               0.0	         0.0555865
	203	 L1L1	    0	         1 ---> 	 L2M1	    2	         1	           1033.82	                    0.0	               0.0	        0.00992918	               0.0	               0.0	               0.0	         0.0598654
	204	 L1L1	    0	         1 ---> 	 L2M1	    4	         1	           1035.77	                    0.0	               0.0	       1.26889e-09	               0.0	               0.0	               0.0	         0.0555865
	205	 L1L1	    0	         1 ---> 	 M1M1	    0	         1	                 0	                    0.0	               0.0	                 0	               0.0	               0.0	               0.0	         0.0555865
	206	 L1L2	    2	         2 ---> 	 L1L2	    0	         1	           30.9282	                    0.0	               0.0	       1.13013e-10	               0.0	               0.0	               0.0	          0.574737
	207	 L1L2	    2	         2 ---> 	 L1L2	    2	         1	           36.4096	                    0.0	               0.0	       1.56428e-10	               0.0	               0.0	               0.0	          0.582812
	208	 L1L2	    2	         2 ---> 	 L1L2	    4	         1	           44.0509	                    0.0	               0.0	       5.75613e-10	               0.0	               0.0	               0.0	          0.579336
	209	 L1L2	    2	         2 ---> 	 L2L2	    0	         2	            119.91	                    0.0	               0.0	        0.00112294	               0.0	               0.0	               0.0	          0.369985
	210	 L1L2	    2	         2 ---> 	 L2L2	    4	         2	           142.591	                    0.0	               0.0	         0.0111056	               0.0	               0.0	               0.0	          0.369727
	211	 L1L2	    2	         2 ---> 	 L2L2	    2	         1	           152.651	                    0.0	               0.0	       7.01792e-05	               0.0	               0.0	               0.0	          0.369271
	212	 L1L2	    2	         2 ---> 	 L2L2	    0	         1	           153.643	                    0.0	               0.0	       0.000185533	               0.0	               0.0	               0.0	           0.36962
	213	 L1L2	    2	         2 ---> 	 L2L2	    4	         1	            163.58	                    0.0	               0.0	        0.00102305	               0.0	               0.0	               0.0	          0.369425
	214	 L1L2	    2	         2 ---> 	 L1M1	    0	         1	           785.144	                    0.0	               0.0	          0.283229	               0.0	               0.0	               0.0	          0.411132
	215	 L1L2	    2	         2 ---> 	 L1M1	    2	         1	           791.778	                    0.0	               0.0	        0.00516509	               0.0	               0.0	               0.0	          0.408396
	216	 L1L2	    2	         2 ---> 	 L2M1	    2	         2	           912.909	                    0.0	               0.0	       5.23104e-08	               0.0	               0.0	               0.0	          0.364818
	217	 L1L2	    2	         2 ---> 	 L2M1	    0	         1	           914.151	                    0.0	               0.0	       2.33117e-10	               0.0	               0.0	               0.0	          0.361366
	218	 L1L2	    2	         2 ---> 	 L2M1	    2	         1	           924.858	                    0.0	               0.0	       5.10637e-08	               0.0	               0.0	               0.0	          0.365645
	219	 L1L2	    2	         2 ---> 	 L2M1	    4	         1	           926.808	                    0.0	               0.0	       2.96249e-08	               0.0	               0.0	               0.0	          0.361366
	220	 L1L2	    2	         2 ---> 	 M1M1	    0	         1	           1651.26	                    0.0	               0.0	         0.0025852	               0.0	               0.0	               0.0	          0.361366
	221	 L1L2	    0	         1 ---> 	 L1L2	    2	         1	           5.48142	                    0.0	               0.0	       6.36925e-12	               0.0	               0.0	               0.0	          0.434817
	222	 L1L2	    0	         1 ---> 	 L1L2	    4	         1	           13.1227	                    0.0	               0.0	       7.40322e-15	               0.0	               0.0	               0.0	          0.431341
	223	 L1L2	    0	         1 ---> 	 L2L2	    0	         2	                 0	                    0.0	               0.0	                 0	               0.0	               0.0	               0.0	           0.22199
	224	 L1L2	    0	         1 ---> 	 L2L2	    4	         2	           111.663	                    0.0	               0.0	       1.25188e-11	               0.0	               0.0	               0.0	          0.221732
	225	 L1L2	    0	         1 ---> 	 L2L2	    2	         1	           121.723	                    0.0	               0.0	        0.00217192	               0.0	               0.0	               0.0	          0.221276
	226	 L1L2	    0	         1 ---> 	 L2L2	    0	         1	                 0	                    0.0	               0.0	                 0	               0.0	               0.0	               0.0	          0.221625
	227	 L1L2	    0	         1 ---> 	 L2L2	    4	         1	           132.652	                    0.0	               0.0	       3.47991e-12	               0.0	               0.0	               0.0	           0.22143
	228	 L1L2	    0	         1 ---> 	 L1M1	    0	         1	                 0	                    0.0	               0.0	                 0	               0.0	               0.0	               0.0	          0.263137
	229	 L1L2	    0	         1 ---> 	 L1M1	    2	         1	            760.85	                    0.0	               0.0	            0.1041	               0.0	               0.0	               0.0	          0.260401
	230	 L1L2	    0	         1 ---> 	 L2M1	    2	         2	            881.98	                    0.0	               0.0	       1.14458e-07	               0.0	               0.0	               0.0	          0.216823
	231	 L1L2	    0	         1 ---> 	 L2M1	    0	         1	                 0	                    0.0	               0.0	                 0	               0.0	               0.0	               0.0	          0.213371
	232	 L1L2	    0	         1 ---> 	 L2M1	    2	         1	            893.93	                    0.0	               0.0	       7.31834e-08	               0.0	               0.0	               0.0	           0.21765
	233	 L1L2	    0	         1 ---> 	 L2M1	    4	         1	            895.88	                    0.0	               0.0	       7.38649e-10	               0.0	               0.0	               0.0	          0.213371
	234	 L1L2	    0	         1 ---> 	 M1M1	    0	         1	                 0	                    0.0	               0.0	                 0	               0.0	               0.0	               0.0	          0.213371
	235	 L1L2	    2	         1 ---> 	 L1L2	    4	         1	           7.64128	                    0.0	               0.0	       2.89238e-11	               0.0	               0.0	               0.0	          0.439416
	236	 L1L2	    2	         1 ---> 	 L2L2	    0	         2	              83.5	                    0.0	               0.0	       2.49934e-05	               0.0	               0.0	               0.0	          0.230065
	237	 L1L2	    2	         1 ---> 	 L2L2	    4	         2	           106.182	                    0.0	               0.0	       3.18048e-07	               0.0	               0.0	               0.0	          0.229807
	238	 L1L2	    2	         1 ---> 	 L2L2	    2	         1	           116.241	                    0.0	               0.0	        0.00125965	               0.0	               0.0	               0.0	          0.229351
	239	 L1L2	    2	         1 ---> 	 L2L2	    0	         1	           117.233	                    0.0	               0.0	         0.0016893	               0.0	               0.0	               0.0	            0.2297
	240	 L1L2	    2	         1 ---> 	 L2L2	    4	         1	            127.17	                    0.0	               0.0	         0.0033918	               0.0	               0.0	               0.0	          0.229505
	241	 L1L2	    2	         1 ---> 	 L1M1	    0	         1	           748.734	                    0.0	               0.0	         0.0148255	               0.0	               0.0	               0.0	          0.271212
	242	 L1L2	    2	         1 ---> 	 L1M1	    2	         1	           755.369	                    0.0	               0.0	          0.296065	               0.0	               0.0	               0.0	          0.268476
	243	 L1L2	    2	         1 ---> 	 L2M1	    2	         2	           876.499	                    0.0	               0.0	        4.0168e-07	               0.0	               0.0	               0.0	          0.224898
	244	 L1L2	    2	         1 ---> 	 L2M1	    0	         1	           877.741	                    0.0	               0.0	       1.60481e-08	               0.0	               0.0	               0.0	          0.221446
	245	 L1L2	    2	         1 ---> 	 L2M1	    2	         1	           888.449	                    0.0	               0.0	        4.4904e-07	               0.0	               0.0	               0.0	          0.225725
	246	 L1L2	    2	         1 ---> 	 L2M1	    4	         1	           890.399	                    0.0	               0.0	       2.75411e-08	               0.0	               0.0	               0.0	          0.221446
	247	 L1L2	    2	         1 ---> 	 M1M1	    0	         1	           1614.85	                    0.0	               0.0	       3.60515e-05	               0.0	               0.0	               0.0	          0.221446
	248	 L1L2	    4	         1 ---> 	 L2L2	    0	         2	           75.8587	                    0.0	               0.0	       3.57331e-13	               0.0	               0.0	               0.0	          0.226589
	249	 L1L2	    4	         1 ---> 	 L2L2	    4	         2	           98.5404	                    0.0	               0.0	       0.000312021	               0.0	               0.0	               0.0	          0.226331
	250	 L1L2	    4	         1 ---> 	 L2L2	    2	         1	             108.6	                    0.0	               0.0	        0.00165868	               0.0	               0.0	               0.0	          0.225875
	251	 L1L2	    4	         1 ---> 	 L2L2	    0	         1	           109.592	                    0.0	               0.0	       8.77972e-12	               0.0	               0.0	               0.0	          0.226224
	252	 L1L2	    4	         1 ---> 	 L2L2	    4	         1	           119.529	                    0.0	               0.0	        0.00670109	               0.0	               0.0	               0.0	          0.226029
	253	 L1L2	    4	         1 ---> 	 L1M1	    0	         1	           741.093	                    0.0	               0.0	       1.10823e-07	               0.0	               0.0	               0.0	          0.267736
	254	 L1L2	    4	         1 ---> 	 L1M1	    2	         1	           747.728	                    0.0	               0.0	          0.522527	               0.0	               0.0	               0.0	             0.265
	255	 L1L2	    4	         1 ---> 	 L2M1	    2	         2	           868.858	                    0.0	               0.0	       8.57508e-08	               0.0	               0.0	               0.0	          0.221422
	256	 L1L2	    4	         1 ---> 	 L2M1	    0	         1	             870.1	                    0.0	               0.0	       1.08318e-09	               0.0	               0.0	               0.0	           0.21797
	257	 L1L2	    4	         1 ---> 	 L2M1	    2	         1	           880.807	                    0.0	               0.0	       2.08671e-07	               0.0	               0.0	               0.0	          0.222249
	258	 L1L2	    4	         1 ---> 	 L2M1	    4	         1	           882.758	                    0.0	               0.0	       3.40016e-07	               0.0	               0.0	               0.0	           0.21797
	259	 L1L2	    4	         1 ---> 	 M1M1	    0	         1	            1607.2	                    0.0	               0.0	       1.15748e-09	               0.0	               0.0	               0.0	           0.21797
	260	 L2L2	    0	         2 ---> 	 L2L2	    4	         2	           22.6818	                    0.0	               0.0	       1.35475e-11	               0.0	               0.0	               0.0	         0.0169795
	261	 L2L2	    0	         2 ---> 	 L2L2	    2	         1	           32.7414	                    0.0	               0.0	       2.60734e-08	               0.0	               0.0	               0.0	         0.0165232
	262	 L2L2	    0	         2 ---> 	 L2L2	    0	         1	                 0	                    0.0	               0.0	                 0	               0.0	               0.0	               0.0	         0.0168731
	263	 L2L2	    0	         2 ---> 	 L2L2	    4	         1	           43.6701	                    0.0	               0.0	       7.01289e-12	               0.0	               0.0	               0.0	         0.0166776
	264	 L2L2	    0	         2 ---> 	 L1M1	    0	         1	                 0	                    0.0	               0.0	                 0	               0.0	               0.0	               0.0	         0.0583851
	265	 L2L2	    0	         2 ---> 	 L1M1	    2	         1	                 0	                    0.0	               0.0	                 0	               0.0	               0.0	               0.0	         0.0556486
	266	 L2L2	    0	         2 ---> 	 L2M1	    2	         2	           792.999	                    0.0	               0.0	           3.97445	               0.0	               0.0	               0.0	          0.012071
	267	 L2L2	    0	         2 ---> 	 L2M1	    0	         1	                 0	                    0.0	               0.0	                 0	               0.0	               0.0	               0.0	        0.00861869
	268	 L2L2	    0	         2 ---> 	 L2M1	    2	         1	           804.949	                    0.0	               0.0	          0.963242	               0.0	               0.0	               0.0	         0.0128976
	269	 L2L2	    0	         2 ---> 	 L2M1	    4	         1	           806.899	                    0.0	               0.0	       7.00203e-07	               0.0	               0.0	               0.0	        0.00861869
	270	 L2L2	    0	         2 ---> 	 M1M1	    0	         1	                 0	                    0.0	               0.0	                 0	               0.0	               0.0	               0.0	        0.00861869
	271	 L2L2	    4	         2 ---> 	 L2L2	    2	         1	           10.0596	                    0.0	               0.0	       1.79096e-10	               0.0	               0.0	               0.0	         0.0162653
	272	 L2L2	    4	         2 ---> 	 L2L2	    0	         1	           11.0513	                    0.0	               0.0	        1.2159e-14	               0.0	               0.0	               0.0	         0.0166152
	273	 L2L2	    4	         2 ---> 	 L2L2	    4	         1	           20.9884	                    0.0	               0.0	       9.14989e-09	               0.0	               0.0	               0.0	         0.0164198
	274	 L2L2	    4	         2 ---> 	 L1M1	    0	         1	                 0	                    0.0	               0.0	                 0	               0.0	               0.0	               0.0	         0.0581272
	275	 L2L2	    4	         2 ---> 	 L1M1	    2	         1	                 0	                    0.0	               0.0	                 0	               0.0	               0.0	               0.0	         0.0553907
	276	 L2L2	    4	         2 ---> 	 L2M1	    2	         2	           770.317	                    0.0	               0.0	           13.8485	               0.0	               0.0	               0.0	         0.0118132
	277	 L2L2	    4	         2 ---> 	 L2M1	    0	         1	            771.56	                    0.0	               0.0	       1.86473e-06	               0.0	               0.0	               0.0	        0.00836081
	278	 L2L2	    4	         2 ---> 	 L2M1	    2	         1	           782.267	                    0.0	               0.0	           8.71571	               0.0	               0.0	               0.0	         0.0126397
	279	 L2L2	    4	         2 ---> 	 L2M1	    4	         1	           784.217	                    0.0	               0.0	           1.50859	               0.0	               0.0	               0.0	        0.00836081
	280	 L2L2	    4	         2 ---> 	 M1M1	    0	         1	                 0	                    0.0	               0.0	                 0	               0.0	               0.0	               0.0	        0.00836081
	281	 L2L2	    2	         1 ---> 	 L2L2	    0	         1	          0.991631	                    0.0	               0.0	       1.27462e-13	               0.0	               0.0	               0.0	         0.0161589
	282	 L2L2	    2	         1 ---> 	 L2L2	    4	         1	           10.9288	                    0.0	               0.0	       2.53284e-09	               0.0	               0.0	               0.0	         0.0159635
	283	 L2L2	    2	         1 ---> 	 L1M1	    0	         1	                 0	                    0.0	               0.0	                 0	               0.0	               0.0	               0.0	         0.0576709
	284	 L2L2	    2	         1 ---> 	 L1M1	    2	         1	                 0	                    0.0	               0.0	                 0	               0.0	               0.0	               0.0	         0.0549344
	285	 L2L2	    2	         1 ---> 	 L2M1	    2	         2	           760.258	                    0.0	               0.0	           2.02296	               0.0	               0.0	               0.0	         0.0113569
	286	 L2L2	    2	         1 ---> 	 L2M1	    0	         1	             761.5	                    0.0	               0.0	           4.79454	               0.0	               0.0	               0.0	        0.00790453
	287	 L2L2	    2	         1 ---> 	 L2M1	    2	         1	           772.207	                    0.0	               0.0	           1.65821	               0.0	               0.0	               0.0	         0.0121834
	288	 L2L2	    2	         1 ---> 	 L2M1	    4	         1	           774.157	                    0.0	               0.0	           5.82264	               0.0	               0.0	               0.0	        0.00790453
	289	 L2L2	    2	         1 ---> 	 M1M1	    0	         1	                 0	                    0.0	               0.0	                 0	               0.0	               0.0	               0.0	        0.00790453
	290	 L2L2	    0	         1 ---> 	 L2L2	    4	         1	           9.93712	                    0.0	               0.0	       3.62503e-14	               0.0	               0.0	               0.0	         0.0163133
	291	 L2L2	    0	         1 ---> 	 L1M1	    0	         1	                 0	                    0.0	               0.0	                 0	               0.0	               0.0	               0.0	         0.0580208
	292	 L2L2	    0	         1 ---> 	 L1M1	    2	         1	                 0	                    0.0	               0.0	                 0	               0.0	               0.0	               0.0	         0.0552843
	293	 L2L2	    0	         1 ---> 	 L2M1	    2	         2	           759.266	                    0.0	               0.0	          0.667505	               0.0	               0.0	               0.0	         0.0117067
	294	 L2L2	    0	         1 ---> 	 L2M1	    0	         1	                 0	                    0.0	               0.0	                 0	               0.0	               0.0	               0.0	        0.00825437
	295	 L2L2	    0	         1 ---> 	 L2M1	    2	         1	           771.216	                    0.0	               0.0	           4.11013	               0.0	               0.0	               0.0	         0.0125333
	296	 L2L2	    0	         1 ---> 	 L2M1	    4	         1	           773.166	                    0.0	               0.0	       1.52815e-06	               0.0	               0.0	               0.0	        0.00825437
	297	 L2L2	    0	         1 ---> 	 M1M1	    0	         1	                 0	                    0.0	               0.0	                 0	               0.0	               0.0	               0.0	        0.00825437
	298	 L2L2	    4	         1 ---> 	 L1M1	    0	         1	                 0	                    0.0	               0.0	                 0	               0.0	               0.0	               0.0	         0.0578254
	299	 L2L2	    4	         1 ---> 	 L1M1	    2	         1	                 0	                    0.0	               0.0	                 0	               0.0	               0.0	               0.0	         0.0550889
	300	 L2L2	    4	         1 ---> 	 L2M1	    2	         2	           749.329	                    0.0	               0.0	          0.465537	               0.0	               0.0	               0.0	         0.0115113
	301	 L2L2	    4	         1 ---> 	 L2M1	    0	         1	           750.571	                    0.0	               0.0	       1.62093e-07	               0.0	               0.0	               0.0	        0.00805895
	302	 L2L2	    4	         1 ---> 	 L2M1	    2	         1	           761.279	                    0.0	               0.0	           7.38317	               0.0	               0.0	               0.0	         0.0123378
	303	 L2L2	    4	         1 ---> 	 L2M1	    4	         1	           763.229	                    0.0	               0.0	           15.8165	               0.0	               0.0	               0.0	        0.00805895
	304	 L2L2	    4	         1 ---> 	 M1M1	    0	         1	                 0	                    0.0	               0.0	                 0	               0.0	               0.0	               0.0	        0.00805895
	305	 L1M1	    0	         1 ---> 	 L1M1	    2	         1	           6.63478	                    0.0	               0.0	        7.7818e-16	               0.0	               0.0	               0.0	         0.0967963
	306	 L1M1	    0	         1 ---> 	 L2M1	    2	         2	           127.765	                    0.0	               0.0	         0.0229679	               0.0	               0.0	               0.0	         0.0532188
	307	 L1M1	    0	         1 ---> 	 L2M1	    0	         1	                 0	                    0.0	               0.0	                 0	               0.0	               0.0	               0.0	         0.0497664
	308	 L1M1	    0	         1 ---> 	 L2M1	    2	         1	           139.715	                    0.0	               0.0	         0.0397108	               0.0	               0.0	               0.0	         0.0540453
	309	 L1M1	    0	         1 ---> 	 L2M1	    4	         1	           141.665	                    0.0	               0.0	       7.36562e-10	               0.0	               0.0	               0.0	         0.0497664
	310	 L1M1	    0	         1 ---> 	 M1M1	    0	         1	                 0	                    0.0	               0.0	                 0	               0.0	               0.0	               0.0	         0.0497664
	311	 L1M1	    2	         1 ---> 	 L2M1	    2	         2	            121.13	                    0.0	               0.0	         0.0237753	               0.0	               0.0	               0.0	         0.0504822
	312	 L1M1	    2	         1 ---> 	 L2M1	    0	         1	           122.372	                    0.0	               0.0	         0.0152436	               0.0	               0.0	               0.0	         0.0470299
	313	 L1M1	    2	         1 ---> 	 L2M1	    2	         1	            133.08	                    0.0	               0.0	         0.0294594	               0.0	               0.0	               0.0	         0.0513088
	314	 L1M1	    2	         1 ---> 	 L2M1	    4	         1	            135.03	                    0.0	               0.0	          0.114744	               0.0	               0.0	               0.0	         0.0470299
	315	 L1M1	    2	         1 ---> 	 M1M1	    0	         1	           859.477	                    0.0	               0.0	       2.01161e-07	               0.0	               0.0	               0.0	         0.0470299
	316	 L2M1	    2	         2 ---> 	 L2M1	    0	         1	           1.24231	                    0.0	               0.0	       5.84644e-13	               0.0	               0.0	               0.0	        0.00345235
	317	 L2M1	    2	         2 ---> 	 L2M1	    2	         1	           11.9497	                    0.0	               0.0	       1.68768e-09	               0.0	               0.0	               0.0	        0.00773124
	318	 L2M1	    2	         2 ---> 	 L2M1	    4	         1	           13.8998	                    0.0	               0.0	       1.13522e-08	               0.0	               0.0	               0.0	        0.00345235
	319	 L2M1	    2	         2 ---> 	 M1M1	    0	         1	           738.347	                    0.0	               0.0	           17.1903	               0.0	               0.0	               0.0	        0.00345235
	320	 L2M1	    0	         1 ---> 	 L2M1	    2	         1	           10.7073	                    0.0	               0.0	         0.0830863	               0.0	               0.0	               0.0	        0.00427889
	321	 L2M1	    0	         1 ---> 	 L2M1	    4	         1	           12.6575	                    0.0	               0.0	       1.20172e-05	               0.0	               0.0	               0.0	       1.28834e-09
	322	 L2M1	    0	         1 ---> 	 M1M1	    0	         1	                 0	                    0.0	               0.0	                 0	               0.0	               0.0	               0.0	       1.11633e-10
	323	 L2M1	    2	         1 ---> 	 L2M1	    4	         1	           1.95014	                    0.0	               0.0	       3.00175e-12	               0.0	               0.0	               0.0	        0.00427889
	324	 L2M1	    2	         1 ---> 	 M1M1	    0	         1	           726.397	                    0.0	               0.0	            16.912	               0.0	               0.0	               0.0	        0.00427889
	325	 L2M1	    4	         1 ---> 	 M1M1	    0	         1	           724.447	                    0.0	               0.0	            28.111	               0.0	               0.0	               0.0	       1.17671e-09
