# Atomic number Z= 26  Date:24-04-2022

# Number Shelli	  2Ji		  Eigi ---> 	 Shellf	  2Jf		  Eigf		Energy(eV)			BranchingRatio			 LevelRadYield		 Intensity(eV)			 Weight(%)		  RadWidth(eV)		  AugWidth(eV)		  TotWidth(eV)
	 1	 K1K1	    1	         1 ---> 	 K1L1	    1	         2	           6567.95	                    0.0	               0.0	       0.000443627	               0.0	               0.0	               0.0	            3.7425
	 2	 K1K1	    1	         1 ---> 	 K1L1	    1	         1	            6588.3	                    0.0	               0.0	       0.000302979	               0.0	               0.0	               0.0	           4.00248
	 3	 K1K1	    1	         1 ---> 	 K1L1	    3	         1	           6597.71	                    0.0	               0.0	       0.000543362	               0.0	               0.0	               0.0	           3.98587
	 4	 K1K1	    1	         1 ---> 	 K1L2	    1	         3	           6685.75	                    0.0	               0.0	           532.216	               0.0	               0.0	               0.0	           4.22228
	 5	 K1K1	    1	         1 ---> 	 K1L2	    3	         3	           6687.78	                    0.0	               0.0	           1214.03	               0.0	               0.0	               0.0	           4.30697
	 6	 K1K1	    1	         1 ---> 	 K1L2	    1	         2	           6696.49	                    0.0	               0.0	           312.006	               0.0	               0.0	               0.0	           3.97236
	 7	 K1K1	    1	         1 ---> 	 K1L2	    1	         1	            6705.1	                    0.0	               0.0	           131.873	               0.0	               0.0	               0.0	           3.76575
	 8	 K1K1	    1	         1 ---> 	 K1L2	    3	         2	           6705.49	                    0.0	               0.0	           171.471	               0.0	               0.0	               0.0	           3.75965
	 9	 K1K1	    1	         1 ---> 	 K1L2	    3	         1	            6710.7	                    0.0	               0.0	            133.95	               0.0	               0.0	               0.0	            3.7053
	10	 K1K1	    1	         1 ---> 	 K1L2	    5	         1	           6715.19	                    0.0	               0.0	          0.027147	               0.0	               0.0	               0.0	           3.63213
	11	 K1K1	    1	         1 ---> 	 K1M1	    1	         1	            7511.4	                    0.0	               0.0	       0.000122572	               0.0	               0.0	               0.0	           3.97534
	12	 K1K1	    1	         1 ---> 	 L1L1	    1	         1	             12906	                    0.0	               0.0	       1.16363e-07	               0.0	               0.0	               0.0	           2.89272
	13	 K1K1	    1	         1 ---> 	 L1L2	    1	         3	           13012.4	                    0.0	               0.0	          0.761851	               0.0	               0.0	               0.0	           2.89279
	14	 K1K1	    1	         1 ---> 	 L1L2	    3	         3	           13013.1	                    0.0	               0.0	           1.60284	               0.0	               0.0	               0.0	            2.8929
	15	 K1K1	    1	         1 ---> 	 L1L2	    1	         2	           13042.9	                    0.0	               0.0	        0.00882762	               0.0	               0.0	               0.0	           2.89337
	16	 K1K1	    1	         1 ---> 	 L1L3	    3	         2	           13049.2	                    0.0	               0.0	        0.00917288	               0.0	               0.0	               0.0	            2.8931
	17	 K1K1	    1	         1 ---> 	 L1L2	    1	         1	             13050	                    0.0	               0.0	         0.0108658	               0.0	               0.0	               0.0	           2.89289
	18	 K1K1	    1	         1 ---> 	 L1L2	    3	         1	           13055.8	                    0.0	               0.0	        0.00753899	               0.0	               0.0	               0.0	           2.89298
	19	 K1K1	    1	         1 ---> 	 L1L2	    5	         1	           13060.1	                    0.0	               0.0	       6.80584e-05	               0.0	               0.0	               0.0	           2.89267
	20	 K1K1	    1	         1 ---> 	 L2L2	    1	         3	                 0	                    0.0	               0.0	                 0	               0.0	               0.0	               0.0	           2.89306
	21	 K1K1	    1	         1 ---> 	 L2L2	    3	         3	                 0	                    0.0	               0.0	                 0	               0.0	               0.0	               0.0	           2.89312
	22	 K1K1	    1	         1 ---> 	 L2L2	    5	         2	                 0	                    0.0	               0.0	                 0	               0.0	               0.0	               0.0	           2.89299
	23	 K1K1	    1	         1 ---> 	 L2L2	    1	         2	                 0	                    0.0	               0.0	                 0	               0.0	               0.0	               0.0	           2.89372
	24	 K1K1	    1	         1 ---> 	 L2L2	    3	         2	                 0	                    0.0	               0.0	                 0	               0.0	               0.0	               0.0	             2.893
	25	 K1K1	    1	         1 ---> 	 L2L2	    1	         1	                 0	                    0.0	               0.0	                 0	               0.0	               0.0	               0.0	           2.89269
	26	 K1K1	    1	         1 ---> 	 L2L2	    3	         1	                 0	                    0.0	               0.0	                 0	               0.0	               0.0	               0.0	           2.89335
	27	 K1K1	    1	         1 ---> 	 L2L2	    5	         1	                 0	                    0.0	               0.0	                 0	               0.0	               0.0	               0.0	           2.89266
	28	 K1K1	    1	         1 ---> 	 L1M1	    1	         1	           13812.7	                    0.0	               0.0	        2.1556e-07	               0.0	               0.0	               0.0	           2.89272
	29	 K1K1	    1	         1 ---> 	 L2M1	    1	         1	           13934.2	                    0.0	               0.0	          0.061466	               0.0	               0.0	               0.0	           2.89263
	30	 K1K1	    1	         1 ---> 	 L2M1	    3	         1	           13946.9	                    0.0	               0.0	          0.118796	               0.0	               0.0	               0.0	           2.89263
	31	 K1L1	    1	         2 ---> 	 K1L1	    1	         1	           20.3486	                    0.0	               0.0	       5.31528e-13	               0.0	               0.0	               0.0	           1.95972
	32	 K1L1	    1	         2 ---> 	 K1L1	    3	         1	           29.7643	                    0.0	               0.0	       3.64184e-13	               0.0	               0.0	               0.0	           1.94311
	33	 K1L1	    1	         2 ---> 	 K1L2	    1	         3	           117.802	                    0.0	               0.0	        0.00049579	               0.0	               0.0	               0.0	           2.17952
	34	 K1L1	    1	         2 ---> 	 K1L2	    3	         3	           119.828	                    0.0	               0.0	        0.00124483	               0.0	               0.0	               0.0	           2.26421
	35	 K1L1	    1	         2 ---> 	 K1L2	    1	         2	           128.543	                    0.0	               0.0	       0.000422115	               0.0	               0.0	               0.0	            1.9296
	36	 K1L1	    1	         2 ---> 	 K1L2	    1	         1	           137.158	                    0.0	               0.0	       0.000246407	               0.0	               0.0	               0.0	             1.723
	37	 K1L1	    1	         2 ---> 	 K1L2	    3	         2	            137.54	                    0.0	               0.0	        0.00027043	               0.0	               0.0	               0.0	           1.71689
	38	 K1L1	    1	         2 ---> 	 K1L2	    3	         1	           142.757	                    0.0	               0.0	       0.000281668	               0.0	               0.0	               0.0	           1.66254
	39	 K1L1	    1	         2 ---> 	 K1L2	    5	         1	           147.239	                    0.0	               0.0	        3.1837e-11	               0.0	               0.0	               0.0	           1.58936
	40	 K1L1	    1	         2 ---> 	 K1M1	    1	         1	            943.45	                    0.0	               0.0	       7.47745e-06	               0.0	               0.0	               0.0	           1.93258
	41	 K1L1	    1	         2 ---> 	 L1L1	    1	         1	           6338.04	                    0.0	               0.0	        0.00247451	               0.0	               0.0	               0.0	          0.849965
	42	 K1L1	    1	         2 ---> 	 L1L2	    1	         3	           6444.42	                    0.0	               0.0	           194.025	               0.0	               0.0	               0.0	           0.85003
	43	 K1L1	    1	         2 ---> 	 L1L2	    3	         3	           6445.19	                    0.0	               0.0	           389.634	               0.0	               0.0	               0.0	          0.850139
	44	 K1L1	    1	         2 ---> 	 L1L2	    1	         2	           6474.92	                    0.0	               0.0	           2.59077	               0.0	               0.0	               0.0	          0.850607
	45	 K1L1	    1	         2 ---> 	 L1L3	    3	         2	           6481.25	                    0.0	               0.0	           7.48241	               0.0	               0.0	               0.0	          0.850341
	46	 K1L1	    1	         2 ---> 	 L1L2	    1	         1	           6482.06	                    0.0	               0.0	           4.23411	               0.0	               0.0	               0.0	          0.850126
	47	 K1L1	    1	         2 ---> 	 L1L2	    3	         1	            6487.8	                    0.0	               0.0	            2.1771	               0.0	               0.0	               0.0	          0.850216
	48	 K1L1	    1	         2 ---> 	 L1L2	    5	         1	           6492.12	                    0.0	               0.0	        0.00723462	               0.0	               0.0	               0.0	          0.849905
	49	 K1L1	    1	         2 ---> 	 L2L2	    1	         3	                 0	                    0.0	               0.0	                 0	               0.0	               0.0	               0.0	          0.850296
	50	 K1L1	    1	         2 ---> 	 L2L2	    3	         3	                 0	                    0.0	               0.0	                 0	               0.0	               0.0	               0.0	          0.850364
	51	 K1L1	    1	         2 ---> 	 L2L2	    5	         2	                 0	                    0.0	               0.0	                 0	               0.0	               0.0	               0.0	          0.850233
	52	 K1L1	    1	         2 ---> 	 L2L2	    1	         2	                 0	                    0.0	               0.0	                 0	               0.0	               0.0	               0.0	          0.850958
	53	 K1L1	    1	         2 ---> 	 L2L2	    3	         2	                 0	                    0.0	               0.0	                 0	               0.0	               0.0	               0.0	          0.850238
	54	 K1L1	    1	         2 ---> 	 L2L2	    1	         1	                 0	                    0.0	               0.0	                 0	               0.0	               0.0	               0.0	          0.849927
	55	 K1L1	    1	         2 ---> 	 L2L2	    3	         1	                 0	                    0.0	               0.0	                 0	               0.0	               0.0	               0.0	          0.850589
	56	 K1L1	    1	         2 ---> 	 L2L2	    5	         1	                 0	                    0.0	               0.0	                 0	               0.0	               0.0	               0.0	          0.849904
	57	 K1L1	    1	         2 ---> 	 L1M1	    1	         1	           7244.72	                    0.0	               0.0	       0.000332846	               0.0	               0.0	               0.0	          0.849955
	58	 K1L1	    1	         2 ---> 	 L2M1	    1	         1	           7366.27	                    0.0	               0.0	          0.382404	               0.0	               0.0	               0.0	           0.84987
	59	 K1L1	    1	         2 ---> 	 L2M1	    3	         1	           7378.98	                    0.0	               0.0	          0.743595	               0.0	               0.0	               0.0	           0.84987
	60	 K1L1	    1	         1 ---> 	 K1L1	    3	         1	           9.41565	                    0.0	               0.0	       2.04077e-15	               0.0	               0.0	               0.0	           2.20309
	61	 K1L1	    1	         1 ---> 	 K1L2	    1	         3	           97.4531	                    0.0	               0.0	        6.2713e-05	               0.0	               0.0	               0.0	            2.4395
	62	 K1L1	    1	         1 ---> 	 K1L2	    3	         3	           99.4798	                    0.0	               0.0	       1.05702e-05	               0.0	               0.0	               0.0	           2.52419
	63	 K1L1	    1	         1 ---> 	 K1L2	    1	         2	           108.195	                    0.0	               0.0	       7.53528e-05	               0.0	               0.0	               0.0	           2.18958
	64	 K1L1	    1	         1 ---> 	 K1L2	    1	         1	           116.809	                    0.0	               0.0	       9.58166e-05	               0.0	               0.0	               0.0	           1.98298
	65	 K1L1	    1	         1 ---> 	 K1L2	    3	         2	           117.191	                    0.0	               0.0	        0.00053108	               0.0	               0.0	               0.0	           1.97687
	66	 K1L1	    1	         1 ---> 	 K1L2	    3	         1	           122.409	                    0.0	               0.0	       0.000100077	               0.0	               0.0	               0.0	           1.92252
	67	 K1L1	    1	         1 ---> 	 K1L2	    5	         1	            126.89	                    0.0	               0.0	       2.64818e-12	               0.0	               0.0	               0.0	           1.84935
	68	 K1L1	    1	         1 ---> 	 K1M1	    1	         1	           923.101	                    0.0	               0.0	       2.42454e-06	               0.0	               0.0	               0.0	           2.19256
	69	 K1L1	    1	         1 ---> 	 L1L1	    1	         1	           6317.69	                    0.0	               0.0	       0.000186261	               0.0	               0.0	               0.0	           1.10994
	70	 K1L1	    1	         1 ---> 	 L1L2	    1	         3	           6424.07	                    0.0	               0.0	           5.01578	               0.0	               0.0	               0.0	           1.11001
	71	 K1L1	    1	         1 ---> 	 L1L2	    3	         3	           6424.85	                    0.0	               0.0	           3.14897	               0.0	               0.0	               0.0	           1.11012
	72	 K1L1	    1	         1 ---> 	 L1L2	    1	         2	           6454.57	                    0.0	               0.0	           159.764	               0.0	               0.0	               0.0	           1.11059
	73	 K1L1	    1	         1 ---> 	 L1L3	    3	         2	            6460.9	                    0.0	               0.0	           257.784	               0.0	               0.0	               0.0	           1.11032
	74	 K1L1	    1	         1 ---> 	 L1L2	    1	         1	           6461.71	                    0.0	               0.0	           38.1665	               0.0	               0.0	               0.0	           1.11011
	75	 K1L1	    1	         1 ---> 	 L1L2	    3	         1	           6467.46	                    0.0	               0.0	           135.807	               0.0	               0.0	               0.0	            1.1102
	76	 K1L1	    1	         1 ---> 	 L1L2	    5	         1	           6471.77	                    0.0	               0.0	        0.00278926	               0.0	               0.0	               0.0	           1.10989
	77	 K1L1	    1	         1 ---> 	 L2L2	    1	         3	                 0	                    0.0	               0.0	                 0	               0.0	               0.0	               0.0	           1.11028
	78	 K1L1	    1	         1 ---> 	 L2L2	    3	         3	                 0	                    0.0	               0.0	                 0	               0.0	               0.0	               0.0	           1.11034
	79	 K1L1	    1	         1 ---> 	 L2L2	    5	         2	                 0	                    0.0	               0.0	                 0	               0.0	               0.0	               0.0	           1.11021
	80	 K1L1	    1	         1 ---> 	 L2L2	    1	         2	                 0	                    0.0	               0.0	                 0	               0.0	               0.0	               0.0	           1.11094
	81	 K1L1	    1	         1 ---> 	 L2L2	    3	         2	                 0	                    0.0	               0.0	                 0	               0.0	               0.0	               0.0	           1.11022
	82	 K1L1	    1	         1 ---> 	 L2L2	    1	         1	                 0	                    0.0	               0.0	                 0	               0.0	               0.0	               0.0	           1.10991
	83	 K1L1	    1	         1 ---> 	 L2L2	    3	         1	                 0	                    0.0	               0.0	                 0	               0.0	               0.0	               0.0	           1.11057
	84	 K1L1	    1	         1 ---> 	 L2L2	    5	         1	                 0	                    0.0	               0.0	                 0	               0.0	               0.0	               0.0	           1.10988
	85	 K1L1	    1	         1 ---> 	 L1M1	    1	         1	           7224.37	                    0.0	               0.0	       0.000182196	               0.0	               0.0	               0.0	           1.10994
	86	 K1L1	    1	         1 ---> 	 L2M1	    1	         1	           7345.92	                    0.0	               0.0	           1.09935	               0.0	               0.0	               0.0	           1.10985
	87	 K1L1	    1	         1 ---> 	 L2M1	    3	         1	           7358.63	                    0.0	               0.0	           2.18924	               0.0	               0.0	               0.0	           1.10985
	88	 K1L1	    3	         1 ---> 	 K1L2	    1	         3	           88.0375	                    0.0	               0.0	       2.71899e-06	               0.0	               0.0	               0.0	           2.42289
	89	 K1L1	    3	         1 ---> 	 K1L2	    3	         3	           90.0642	                    0.0	               0.0	       3.82897e-05	               0.0	               0.0	               0.0	           2.50758
	90	 K1L1	    3	         1 ---> 	 K1L2	    1	         2	            98.779	                    0.0	               0.0	       8.60141e-05	               0.0	               0.0	               0.0	           2.17297
	91	 K1L1	    3	         1 ---> 	 K1L2	    1	         1	           107.393	                    0.0	               0.0	       0.000217581	               0.0	               0.0	               0.0	           1.96637
	92	 K1L1	    3	         1 ---> 	 K1L2	    3	         2	           107.776	                    0.0	               0.0	       0.000277088	               0.0	               0.0	               0.0	           1.96026
	93	 K1L1	    3	         1 ---> 	 K1L2	    3	         1	           112.993	                    0.0	               0.0	       0.000728806	               0.0	               0.0	               0.0	           1.90591
	94	 K1L1	    3	         1 ---> 	 K1L2	    5	         1	           117.475	                    0.0	               0.0	        0.00157351	               0.0	               0.0	               0.0	           1.83274
	95	 K1L1	    3	         1 ---> 	 K1M1	    1	         1	           913.686	                    0.0	               0.0	       9.18428e-09	               0.0	               0.0	               0.0	           2.17595
	96	 K1L1	    3	         1 ---> 	 L1L1	    1	         1	           6308.27	                    0.0	               0.0	       0.000289566	               0.0	               0.0	               0.0	           1.09333
	97	 K1L1	    3	         1 ---> 	 L1L2	    1	         3	           6414.65	                    0.0	               0.0	           1.54574	               0.0	               0.0	               0.0	            1.0934
	98	 K1L1	    3	         1 ---> 	 L1L2	    3	         3	           6415.43	                    0.0	               0.0	           8.77945	               0.0	               0.0	               0.0	           1.09351
	99	 K1L1	    3	         1 ---> 	 L1L2	    1	         2	           6445.15	                    0.0	               0.0	           39.7106	               0.0	               0.0	               0.0	           1.09398
	100	 K1L1	    3	         1 ---> 	 L1L3	    3	         2	           6451.48	                    0.0	               0.0	           134.406	               0.0	               0.0	               0.0	           1.09371
	101	 K1L1	    3	         1 ---> 	 L1L2	    1	         1	            6452.3	                    0.0	               0.0	           159.411	               0.0	               0.0	               0.0	            1.0935
	102	 K1L1	    3	         1 ---> 	 L1L2	    3	         1	           6458.04	                    0.0	               0.0	           261.779	               0.0	               0.0	               0.0	           1.09359
	103	 K1L1	    3	         1 ---> 	 L1L2	    5	         1	           6462.35	                    0.0	               0.0	           599.016	               0.0	               0.0	               0.0	           1.09328
	104	 K1L1	    3	         1 ---> 	 L2L2	    1	         3	                 0	                    0.0	               0.0	                 0	               0.0	               0.0	               0.0	           1.09367
	105	 K1L1	    3	         1 ---> 	 L2L2	    3	         3	                 0	                    0.0	               0.0	                 0	               0.0	               0.0	               0.0	           1.09373
	106	 K1L1	    3	         1 ---> 	 L2L2	    5	         2	                 0	                    0.0	               0.0	                 0	               0.0	               0.0	               0.0	            1.0936
	107	 K1L1	    3	         1 ---> 	 L2L2	    1	         2	                 0	                    0.0	               0.0	                 0	               0.0	               0.0	               0.0	           1.09433
	108	 K1L1	    3	         1 ---> 	 L2L2	    3	         2	                 0	                    0.0	               0.0	                 0	               0.0	               0.0	               0.0	           1.09361
	109	 K1L1	    3	         1 ---> 	 L2L2	    1	         1	                 0	                    0.0	               0.0	                 0	               0.0	               0.0	               0.0	            1.0933
	110	 K1L1	    3	         1 ---> 	 L2L2	    3	         1	                 0	                    0.0	               0.0	                 0	               0.0	               0.0	               0.0	           1.09396
	111	 K1L1	    3	         1 ---> 	 L2L2	    5	         1	                 0	                    0.0	               0.0	                 0	               0.0	               0.0	               0.0	           1.09327
	112	 K1L1	    3	         1 ---> 	 L1M1	    1	         1	           7214.95	                    0.0	               0.0	       0.000112564	               0.0	               0.0	               0.0	           1.09333
	113	 K1L1	    3	         1 ---> 	 L2M1	    1	         1	                 0	                    0.0	               0.0	                 0	               0.0	               0.0	               0.0	           1.09324
	114	 K1L1	    3	         1 ---> 	 L2M1	    3	         1	                 0	                    0.0	               0.0	                 0	               0.0	               0.0	               0.0	           1.09324
	115	 K1L2	    1	         3 ---> 	 K1L2	    3	         3	            2.0267	                    0.0	               0.0	       4.13834e-15	               0.0	               0.0	               0.0	           2.74399
	116	 K1L2	    1	         3 ---> 	 K1L2	    1	         2	           10.7415	                    0.0	               0.0	       1.01182e-12	               0.0	               0.0	               0.0	           2.40938
	117	 K1L2	    1	         3 ---> 	 K1L2	    1	         1	           19.3559	                    0.0	               0.0	       1.48426e-12	               0.0	               0.0	               0.0	           2.20277
	118	 K1L2	    1	         3 ---> 	 K1L2	    3	         2	           19.7381	                    0.0	               0.0	        1.4917e-11	               0.0	               0.0	               0.0	           2.19667
	119	 K1L2	    1	         3 ---> 	 K1L2	    3	         1	           24.9554	                    0.0	               0.0	       9.47876e-13	               0.0	               0.0	               0.0	           2.14232
	120	 K1L2	    1	         3 ---> 	 K1L2	    5	         1	           29.4372	                    0.0	               0.0	       2.03726e-15	               0.0	               0.0	               0.0	           2.06914
	121	 K1L2	    1	         3 ---> 	 K1M1	    1	         1	           825.648	                    0.0	               0.0	        9.0993e-05	               0.0	               0.0	               0.0	           2.41236
	122	 K1L2	    1	         3 ---> 	 L1L1	    1	         1	           6220.23	                    0.0	               0.0	        0.00263304	               0.0	               0.0	               0.0	           1.32974
	123	 K1L2	    1	         3 ---> 	 L1L2	    1	         3	           6326.62	                    0.0	               0.0	        2.9728e-06	               0.0	               0.0	               0.0	           1.32981
	124	 K1L2	    1	         3 ---> 	 L1L2	    3	         3	           6327.39	                    0.0	               0.0	       6.85813e-06	               0.0	               0.0	               0.0	           1.32992
	125	 K1L2	    1	         3 ---> 	 L1L2	    1	         2	           6357.12	                    0.0	               0.0	       3.19924e-06	               0.0	               0.0	               0.0	           1.33039
	126	 K1L3	    1	         3 ---> 	 L1L3	    3	         2	           6363.45	                    0.0	               0.0	       2.08791e-05	               0.0	               0.0	               0.0	           1.33012
	127	 K1L2	    1	         3 ---> 	 L1L2	    1	         1	           6364.26	                    0.0	               0.0	       3.09028e-05	               0.0	               0.0	               0.0	           1.32991
	128	 K1L2	    1	         3 ---> 	 L1L2	    3	         1	              6370	                    0.0	               0.0	       1.72299e-05	               0.0	               0.0	               0.0	              1.33
	129	 K1L2	    1	         3 ---> 	 L1L2	    5	         1	           6374.31	                    0.0	               0.0	       9.14777e-07	               0.0	               0.0	               0.0	           1.32969
	130	 K1L2	    1	         3 ---> 	 L2L2	    1	         3	           6445.02	                    0.0	               0.0	           37.8054	               0.0	               0.0	               0.0	           1.33008
	131	 K1L2	    1	         3 ---> 	 L2L2	    3	         3	            6467.5	                    0.0	               0.0	           152.806	               0.0	               0.0	               0.0	           1.33014
	132	 K1L2	    1	         3 ---> 	 L2L2	    5	         2	           6467.97	                    0.0	               0.0	       0.000637571	               0.0	               0.0	               0.0	           1.33001
	133	 K1L2	    1	         3 ---> 	 L2L2	    1	         2	           6475.12	                    0.0	               0.0	           7.57259	               0.0	               0.0	               0.0	           1.33074
	134	 K1L2	    1	         3 ---> 	 L2L2	    3	         2	            6478.4	                    0.0	               0.0	           0.80669	               0.0	               0.0	               0.0	           1.33002
	135	 K1L2	    1	         3 ---> 	 L2L2	    1	         1	           6480.15	                    0.0	               0.0	          0.939168	               0.0	               0.0	               0.0	           1.32971
	136	 K1L2	    1	         3 ---> 	 L2L2	    3	         1	           6487.02	                    0.0	               0.0	           1.01269	               0.0	               0.0	               0.0	           1.33037
	137	 K1L2	    1	         3 ---> 	 L2L2	    5	         1	           6490.45	                    0.0	               0.0	       0.000441258	               0.0	               0.0	               0.0	           1.32968
	138	 K1L2	    1	         3 ---> 	 L1M1	    1	         1	           7126.92	                    0.0	               0.0	         0.0402112	               0.0	               0.0	               0.0	           1.32974
	139	 K1L2	    1	         3 ---> 	 L2M1	    1	         1	           7248.47	                    0.0	               0.0	       4.28122e-06	               0.0	               0.0	               0.0	           1.32965
	140	 K1L2	    1	         3 ---> 	 L2M1	    3	         1	           7261.17	                    0.0	               0.0	        0.00061743	               0.0	               0.0	               0.0	           1.32965
	141	 K1L2	    3	         3 ---> 	 K1L2	    1	         2	           8.71478	                    0.0	               0.0	       2.07285e-12	               0.0	               0.0	               0.0	           2.49407
	142	 K1L2	    3	         3 ---> 	 K1L2	    1	         1	           17.3292	                    0.0	               0.0	        2.0763e-13	               0.0	               0.0	               0.0	           2.28747
	143	 K1L2	    3	         3 ---> 	 K1L2	    3	         2	           17.7114	                    0.0	               0.0	       4.32399e-12	               0.0	               0.0	               0.0	           2.28136
	144	 K1L2	    3	         3 ---> 	 K1L2	    3	         1	           22.9288	                    0.0	               0.0	       5.19631e-12	               0.0	               0.0	               0.0	           2.22701
	145	 K1L2	    3	         3 ---> 	 K1L2	    5	         1	           27.4105	                    0.0	               0.0	       6.36765e-11	               0.0	               0.0	               0.0	           2.15383
	146	 K1L2	    3	         3 ---> 	 K1M1	    1	         1	           823.622	                    0.0	               0.0	          0.031237	               0.0	               0.0	               0.0	           2.49705
	147	 K1L2	    3	         3 ---> 	 L1L1	    1	         1	           6218.21	                    0.0	               0.0	          0.011853	               0.0	               0.0	               0.0	           1.41443
	148	 K1L2	    3	         3 ---> 	 L1L2	    1	         3	           6324.59	                    0.0	               0.0	       2.63532e-06	               0.0	               0.0	               0.0	            1.4145
	149	 K1L2	    3	         3 ---> 	 L1L2	    3	         3	           6325.37	                    0.0	               0.0	       8.44968e-06	               0.0	               0.0	               0.0	           1.41461
	150	 K1L2	    3	         3 ---> 	 L1L2	    1	         2	           6355.09	                    0.0	               0.0	       6.77713e-05	               0.0	               0.0	               0.0	           1.41508
	151	 K1L3	    3	         3 ---> 	 L1L3	    3	         2	           6361.42	                    0.0	               0.0	       9.49537e-05	               0.0	               0.0	               0.0	           1.41481
	152	 K1L2	    3	         3 ---> 	 L1L2	    1	         1	           6362.23	                    0.0	               0.0	        1.3707e-05	               0.0	               0.0	               0.0	            1.4146
	153	 K1L2	    3	         3 ---> 	 L1L2	    3	         1	           6367.98	                    0.0	               0.0	       2.24131e-05	               0.0	               0.0	               0.0	           1.41469
	154	 K1L2	    3	         3 ---> 	 L1L2	    5	         1	           6372.29	                    0.0	               0.0	       2.04688e-05	               0.0	               0.0	               0.0	           1.41438
	155	 K1L2	    3	         3 ---> 	 L2L2	    1	         3	              6443	                    0.0	               0.0	           70.9845	               0.0	               0.0	               0.0	           1.41477
	156	 K1L2	    3	         3 ---> 	 L2L2	    3	         3	           6465.47	                    0.0	               0.0	           34.2632	               0.0	               0.0	               0.0	           1.41483
	157	 K1L2	    3	         3 ---> 	 L2L2	    5	         2	           6465.94	                    0.0	               0.0	           286.372	               0.0	               0.0	               0.0	            1.4147
	158	 K1L2	    3	         3 ---> 	 L2L2	    1	         2	           6473.09	                    0.0	               0.0	           1.26625	               0.0	               0.0	               0.0	           1.41543
	159	 K1L2	    3	         3 ---> 	 L2L2	    3	         2	           6476.37	                    0.0	               0.0	           4.19331	               0.0	               0.0	               0.0	           1.41471
	160	 K1L2	    3	         3 ---> 	 L2L2	    1	         1	           6478.12	                    0.0	               0.0	          0.161254	               0.0	               0.0	               0.0	            1.4144
	161	 K1L2	    3	         3 ---> 	 L2L2	    3	         1	           6484.99	                    0.0	               0.0	           1.05829	               0.0	               0.0	               0.0	           1.41506
	162	 K1L2	    3	         3 ---> 	 L2L2	    5	         1	           6488.42	                    0.0	               0.0	           2.67982	               0.0	               0.0	               0.0	           1.41437
	163	 K1L2	    3	         3 ---> 	 L1M1	    1	         1	           7124.89	                    0.0	               0.0	          0.682273	               0.0	               0.0	               0.0	           1.41443
	164	 K1L2	    3	         3 ---> 	 L2M1	    1	         1	           7246.44	                    0.0	               0.0	        0.00554827	               0.0	               0.0	               0.0	           1.41434
	165	 K1L2	    3	         3 ---> 	 L2M1	    3	         1	           7259.15	                    0.0	               0.0	        0.00906283	               0.0	               0.0	               0.0	           1.41434
	166	 K1L2	    1	         2 ---> 	 K1L2	    1	         1	           8.61443	                    0.0	               0.0	       2.16028e-12	               0.0	               0.0	               0.0	           1.95286
	167	 K1L2	    1	         2 ---> 	 K1L2	    3	         2	           8.99664	                    0.0	               0.0	       1.43902e-12	               0.0	               0.0	               0.0	           1.94675
	168	 K1L2	    1	         2 ---> 	 K1L2	    3	         1	            14.214	                    0.0	               0.0	       4.65477e-12	               0.0	               0.0	               0.0	            1.8924
	169	 K1L2	    1	         2 ---> 	 K1L2	    5	         1	           18.6957	                    0.0	               0.0	       3.29162e-15	               0.0	               0.0	               0.0	           1.81923
	170	 K1L2	    1	         2 ---> 	 K1M1	    1	         1	           814.907	                    0.0	               0.0	         0.0296804	               0.0	               0.0	               0.0	           2.16244
	171	 K1L2	    1	         2 ---> 	 L1L1	    1	         1	           6209.49	                    0.0	               0.0	        0.00142338	               0.0	               0.0	               0.0	           1.07982
	172	 K1L2	    1	         2 ---> 	 L1L2	    1	         3	           6315.88	                    0.0	               0.0	       2.84642e-06	               0.0	               0.0	               0.0	           1.07989
	173	 K1L2	    1	         2 ---> 	 L1L2	    3	         3	           6316.65	                    0.0	               0.0	       4.51075e-05	               0.0	               0.0	               0.0	              1.08
	174	 K1L2	    1	         2 ---> 	 L1L2	    1	         2	           6346.38	                    0.0	               0.0	       9.77457e-09	               0.0	               0.0	               0.0	           1.08047
	175	 K1L3	    1	         2 ---> 	 L1L3	    3	         2	           6352.71	                    0.0	               0.0	       5.49037e-05	               0.0	               0.0	               0.0	            1.0802
	176	 K1L2	    1	         2 ---> 	 L1L2	    1	         1	           6353.52	                    0.0	               0.0	       3.04886e-05	               0.0	               0.0	               0.0	           1.07999
	177	 K1L2	    1	         2 ---> 	 L1L2	    3	         1	           6359.26	                    0.0	               0.0	       2.26896e-05	               0.0	               0.0	               0.0	           1.08008
	178	 K1L2	    1	         2 ---> 	 L1L2	    5	         1	           6363.57	                    0.0	               0.0	       8.98212e-06	               0.0	               0.0	               0.0	           1.07977
	179	 K1L2	    1	         2 ---> 	 L2L2	    1	         3	           6434.28	                    0.0	               0.0	            15.031	               0.0	               0.0	               0.0	           1.08016
	180	 K1L2	    1	         2 ---> 	 L2L2	    3	         3	           6456.76	                    0.0	               0.0	           81.7787	               0.0	               0.0	               0.0	           1.08022
	181	 K1L2	    1	         2 ---> 	 L2L2	    5	         2	           6457.23	                    0.0	               0.0	       0.000900635	               0.0	               0.0	               0.0	           1.08009
	182	 K1L2	    1	         2 ---> 	 L2L2	    1	         2	           6464.38	                    0.0	               0.0	           31.4684	               0.0	               0.0	               0.0	           1.08082
	183	 K1L2	    1	         2 ---> 	 L2L2	    3	         2	           6467.65	                    0.0	               0.0	           65.1448	               0.0	               0.0	               0.0	            1.0801
	184	 K1L2	    1	         2 ---> 	 L2L2	    1	         1	           6469.41	                    0.0	               0.0	          0.713039	               0.0	               0.0	               0.0	           1.07979
	185	 K1L2	    1	         2 ---> 	 L2L2	    3	         1	           6476.28	                    0.0	               0.0	           4.76404	               0.0	               0.0	               0.0	           1.08045
	186	 K1L2	    1	         2 ---> 	 L2L2	    5	         1	           6479.71	                    0.0	               0.0	        4.9801e-05	               0.0	               0.0	               0.0	           1.07976
	187	 K1L2	    1	         2 ---> 	 L1M1	    1	         1	           7116.18	                    0.0	               0.0	           1.88396	               0.0	               0.0	               0.0	           1.07982
	188	 K1L2	    1	         2 ---> 	 L2M1	    1	         1	           7237.73	                    0.0	               0.0	       0.000406277	               0.0	               0.0	               0.0	           1.07973
	189	 K1L2	    1	         2 ---> 	 L2M1	    3	         1	           7250.43	                    0.0	               0.0	         0.0321959	               0.0	               0.0	               0.0	           1.07973
	190	 K1L2	    1	         1 ---> 	 K1L2	    3	         2	          0.382213	                    0.0	               0.0	       4.26313e-18	               0.0	               0.0	               0.0	           1.74015
	191	 K1L2	    1	         1 ---> 	 K1L2	    3	         1	           5.59954	                    0.0	               0.0	       1.08671e-12	               0.0	               0.0	               0.0	           1.68579
	192	 K1L2	    1	         1 ---> 	 K1L2	    5	         1	           10.0813	                    0.0	               0.0	       1.81598e-16	               0.0	               0.0	               0.0	           1.61262
	193	 K1L2	    1	         1 ---> 	 K1M1	    1	         1	           806.292	                    0.0	               0.0	         0.0244525	               0.0	               0.0	               0.0	           1.95583
	194	 K1L2	    1	         1 ---> 	 L1L1	    1	         1	           6200.88	                    0.0	               0.0	       7.96832e-05	               0.0	               0.0	               0.0	           0.87322
	195	 K1L2	    1	         1 ---> 	 L1L2	    1	         3	           6307.26	                    0.0	               0.0	       3.24645e-05	               0.0	               0.0	               0.0	          0.873285
	196	 K1L2	    1	         1 ---> 	 L1L2	    3	         3	           6308.04	                    0.0	               0.0	       2.31036e-05	               0.0	               0.0	               0.0	          0.873394
	197	 K1L2	    1	         1 ---> 	 L1L2	    1	         2	           6337.76	                    0.0	               0.0	       4.64794e-06	               0.0	               0.0	               0.0	          0.873862
	198	 K1L3	    1	         1 ---> 	 L1L3	    3	         2	           6344.09	                    0.0	               0.0	       1.65194e-05	               0.0	               0.0	               0.0	          0.873596
	199	 K1L2	    1	         1 ---> 	 L1L2	    1	         1	            6344.9	                    0.0	               0.0	       2.11748e-05	               0.0	               0.0	               0.0	          0.873381
	200	 K1L2	    1	         1 ---> 	 L1L2	    3	         1	           6350.65	                    0.0	               0.0	       6.79824e-05	               0.0	               0.0	               0.0	          0.873471
	201	 K1L2	    1	         1 ---> 	 L1L2	    5	         1	           6354.96	                    0.0	               0.0	       8.18436e-06	               0.0	               0.0	               0.0	           0.87316
	202	 K1L2	    1	         1 ---> 	 L2L2	    1	         3	           6425.67	                    0.0	               0.0	          0.231226	               0.0	               0.0	               0.0	          0.873551
	203	 K1L2	    1	         1 ---> 	 L2L2	    3	         3	           6448.14	                    0.0	               0.0	           25.0225	               0.0	               0.0	               0.0	          0.873619
	204	 K1L2	    1	         1 ---> 	 L2L2	    5	         2	           6448.62	                    0.0	               0.0	        1.3292e-06	               0.0	               0.0	               0.0	          0.873488
	205	 K1L2	    1	         1 ---> 	 L2L2	    1	         2	           6455.76	                    0.0	               0.0	           22.1603	               0.0	               0.0	               0.0	          0.874213
	206	 K1L2	    1	         1 ---> 	 L2L2	    3	         2	           6459.04	                    0.0	               0.0	           22.5825	               0.0	               0.0	               0.0	          0.873493
	207	 K1L2	    1	         1 ---> 	 L2L2	    1	         1	           6460.79	                    0.0	               0.0	           27.8097	               0.0	               0.0	               0.0	          0.873182
	208	 K1L2	    1	         1 ---> 	 L2L2	    3	         1	           6467.66	                    0.0	               0.0	           102.521	               0.0	               0.0	               0.0	          0.873844
	209	 K1L2	    1	         1 ---> 	 L2L2	    5	         1	           6471.09	                    0.0	               0.0	       0.000756412	               0.0	               0.0	               0.0	          0.873159
	210	 K1L2	    1	         1 ---> 	 L1M1	    1	         1	           7107.56	                    0.0	               0.0	          0.434267	               0.0	               0.0	               0.0	           0.87321
	211	 K1L2	    1	         1 ---> 	 L2M1	    1	         1	           7229.11	                    0.0	               0.0	       0.000199714	               0.0	               0.0	               0.0	          0.873125
	212	 K1L2	    1	         1 ---> 	 L2M1	    3	         1	           7241.82	                    0.0	               0.0	        0.00769342	               0.0	               0.0	               0.0	          0.873125
	213	 K1L2	    3	         2 ---> 	 K1L2	    3	         1	           5.21732	                    0.0	               0.0	       3.31371e-12	               0.0	               0.0	               0.0	           1.67969
	214	 K1L2	    3	         2 ---> 	 K1L2	    5	         1	           9.69905	                    0.0	               0.0	       5.13353e-12	               0.0	               0.0	               0.0	           1.60652
	215	 K1L2	    3	         2 ---> 	 K1M1	    1	         1	            805.91	                    0.0	               0.0	          0.021713	               0.0	               0.0	               0.0	           1.94973
	216	 K1L2	    3	         2 ---> 	 L1L1	    1	         1	            6200.5	                    0.0	               0.0	       0.000502294	               0.0	               0.0	               0.0	          0.867118
	217	 K1L2	    3	         2 ---> 	 L1L2	    1	         3	           6306.88	                    0.0	               0.0	       3.04064e-05	               0.0	               0.0	               0.0	          0.867183
	218	 K1L2	    3	         2 ---> 	 L1L2	    3	         3	           6307.65	                    0.0	               0.0	       0.000128406	               0.0	               0.0	               0.0	          0.867292
	219	 K1L2	    3	         2 ---> 	 L1L2	    1	         2	           6337.38	                    0.0	               0.0	       2.68405e-05	               0.0	               0.0	               0.0	           0.86776
	220	 K1L3	    3	         2 ---> 	 L1L3	    3	         2	           6343.71	                    0.0	               0.0	       9.14319e-06	               0.0	               0.0	               0.0	          0.867494
	221	 K1L2	    3	         2 ---> 	 L1L2	    1	         1	           6344.52	                    0.0	               0.0	       1.09329e-07	               0.0	               0.0	               0.0	          0.867279
	222	 K1L2	    3	         2 ---> 	 L1L2	    3	         1	           6350.26	                    0.0	               0.0	       5.44881e-06	               0.0	               0.0	               0.0	          0.867369
	223	 K1L2	    3	         2 ---> 	 L1L2	    5	         1	           6354.58	                    0.0	               0.0	       0.000102696	               0.0	               0.0	               0.0	          0.867058
	224	 K1L2	    3	         2 ---> 	 L2L2	    1	         3	           6425.28	                    0.0	               0.0	          0.060269	               0.0	               0.0	               0.0	          0.867449
	225	 K1L2	    3	         2 ---> 	 L2L2	    3	         3	           6447.76	                    0.0	               0.0	           1.65539	               0.0	               0.0	               0.0	          0.867517
	226	 K1L2	    3	         2 ---> 	 L2L2	    5	         2	           6448.23	                    0.0	               0.0	           31.9334	               0.0	               0.0	               0.0	          0.867386
	227	 K1L2	    3	         2 ---> 	 L2L2	    1	         2	           6455.38	                    0.0	               0.0	           25.5761	               0.0	               0.0	               0.0	          0.868111
	228	 K1L2	    3	         2 ---> 	 L2L2	    3	         2	           6458.66	                    0.0	               0.0	           113.856	               0.0	               0.0	               0.0	          0.867391
	229	 K1L2	    3	         2 ---> 	 L2L2	    1	         1	           6460.41	                    0.0	               0.0	           72.6454	               0.0	               0.0	               0.0	           0.86708
	230	 K1L2	    3	         2 ---> 	 L2L2	    3	         1	           6467.28	                    0.0	               0.0	           62.3478	               0.0	               0.0	               0.0	          0.867742
	231	 K1L2	    3	         2 ---> 	 L2L2	    5	         1	           6470.71	                    0.0	               0.0	           91.7624	               0.0	               0.0	               0.0	          0.867057
	232	 K1L2	    3	         2 ---> 	 L1M1	    1	         1	           7107.18	                    0.0	               0.0	           1.98936	               0.0	               0.0	               0.0	          0.867108
	233	 K1L2	    3	         2 ---> 	 L2M1	    1	         1	           7228.73	                    0.0	               0.0	          0.015588	               0.0	               0.0	               0.0	          0.867023
	234	 K1L2	    3	         2 ---> 	 L2M1	    3	         1	           7241.44	                    0.0	               0.0	         0.0261803	               0.0	               0.0	               0.0	          0.867023
	235	 K1L2	    3	         1 ---> 	 K1L2	    5	         1	           4.48172	                    0.0	               0.0	       5.57562e-13	               0.0	               0.0	               0.0	           1.55216
	236	 K1L2	    3	         1 ---> 	 K1M1	    1	         1	           800.693	                    0.0	               0.0	         0.0248774	               0.0	               0.0	               0.0	           1.89538
	237	 K1L2	    3	         1 ---> 	 L1L1	    1	         1	           6195.28	                    0.0	               0.0	       0.000222753	               0.0	               0.0	               0.0	          0.812764
	238	 K1L2	    3	         1 ---> 	 L1L2	    1	         3	           6301.66	                    0.0	               0.0	       6.24555e-05	               0.0	               0.0	               0.0	          0.812829
	239	 K1L2	    3	         1 ---> 	 L1L2	    3	         3	           6302.44	                    0.0	               0.0	       7.88889e-05	               0.0	               0.0	               0.0	          0.812938
	240	 K1L2	    3	         1 ---> 	 L1L2	    1	         2	           6332.16	                    0.0	               0.0	       1.35552e-05	               0.0	               0.0	               0.0	          0.813406
	241	 K1L3	    3	         1 ---> 	 L1L3	    3	         2	           6338.49	                    0.0	               0.0	       2.34129e-05	               0.0	               0.0	               0.0	           0.81314
	242	 K1L2	    3	         1 ---> 	 L1L2	    1	         1	            6339.3	                    0.0	               0.0	       4.41518e-05	               0.0	               0.0	               0.0	          0.812925
	243	 K1L2	    3	         1 ---> 	 L1L2	    3	         1	           6345.05	                    0.0	               0.0	       0.000204848	               0.0	               0.0	               0.0	          0.813015
	244	 K1L2	    3	         1 ---> 	 L1L2	    5	         1	           6349.36	                    0.0	               0.0	       3.78191e-05	               0.0	               0.0	               0.0	          0.812704
	245	 K1L2	    3	         1 ---> 	 L2L2	    1	         3	           6420.07	                    0.0	               0.0	         0.0526053	               0.0	               0.0	               0.0	          0.813095
	246	 K1L2	    3	         1 ---> 	 L2L2	    3	         3	           6442.54	                    0.0	               0.0	           21.0539	               0.0	               0.0	               0.0	          0.813163
	247	 K1L2	    3	         1 ---> 	 L2L2	    5	         2	           6443.02	                    0.0	               0.0	           13.9202	               0.0	               0.0	               0.0	          0.813032
	248	 K1L2	    3	         1 ---> 	 L2L2	    1	         2	           6450.16	                    0.0	               0.0	           9.53334	               0.0	               0.0	               0.0	          0.813757
	249	 K1L2	    3	         1 ---> 	 L2L2	    3	         2	           6453.44	                    0.0	               0.0	           7.26593	               0.0	               0.0	               0.0	          0.813037
	250	 K1L2	    3	         1 ---> 	 L2L2	    1	         1	           6455.19	                    0.0	               0.0	           132.689	               0.0	               0.0	               0.0	          0.812726
	251	 K1L2	    3	         1 ---> 	 L2L2	    3	         1	           6462.07	                    0.0	               0.0	           42.0867	               0.0	               0.0	               0.0	          0.813388
	252	 K1L2	    3	         1 ---> 	 L2L2	    5	         1	           6465.49	                    0.0	               0.0	           172.935	               0.0	               0.0	               0.0	          0.812703
	253	 K1L2	    3	         1 ---> 	 L1M1	    1	         1	           7101.96	                    0.0	               0.0	           2.08826	               0.0	               0.0	               0.0	          0.812754
	254	 K1L2	    3	         1 ---> 	 L2M1	    1	         1	           7223.51	                    0.0	               0.0	         0.0173355	               0.0	               0.0	               0.0	          0.812669
	255	 K1L2	    3	         1 ---> 	 L2M1	    3	         1	           7236.22	                    0.0	               0.0	         0.0298329	               0.0	               0.0	               0.0	          0.812669
	256	 K1L2	    5	         1 ---> 	 K1M1	    1	         1	           796.211	                    0.0	               0.0	       3.86849e-08	               0.0	               0.0	               0.0	           1.82221
	257	 K1L2	    5	         1 ---> 	 L1L1	    1	         1	            6190.8	                    0.0	               0.0	       2.68975e-08	               0.0	               0.0	               0.0	           0.73959
	258	 K1L2	    5	         1 ---> 	 L1L2	    1	         3	           6297.18	                    0.0	               0.0	       3.99618e-07	               0.0	               0.0	               0.0	          0.739655
	259	 K1L2	    5	         1 ---> 	 L1L2	    3	         3	           6297.96	                    0.0	               0.0	       9.69149e-05	               0.0	               0.0	               0.0	          0.739764
	260	 K1L2	    5	         1 ---> 	 L1L2	    1	         2	           6327.68	                    0.0	               0.0	       1.74427e-06	               0.0	               0.0	               0.0	          0.740232
	261	 K1L3	    5	         1 ---> 	 L1L3	    3	         2	           6334.01	                    0.0	               0.0	       0.000104827	               0.0	               0.0	               0.0	          0.739966
	262	 K1L2	    5	         1 ---> 	 L1L2	    1	         1	           6334.82	                    0.0	               0.0	       4.31792e-06	               0.0	               0.0	               0.0	          0.739751
	263	 K1L2	    5	         1 ---> 	 L1L2	    3	         1	           6340.57	                    0.0	               0.0	       1.14948e-05	               0.0	               0.0	               0.0	          0.739841
	264	 K1L2	    5	         1 ---> 	 L1L2	    5	         1	           6344.88	                    0.0	               0.0	       0.000302578	               0.0	               0.0	               0.0	           0.73953
	265	 K1L2	    5	         1 ---> 	 L2L2	    1	         3	           6415.59	                    0.0	               0.0	       0.000916544	               0.0	               0.0	               0.0	          0.739921
	266	 K1L2	    5	         1 ---> 	 L2L2	    3	         3	           6438.06	                    0.0	               0.0	           1.48948	               0.0	               0.0	               0.0	          0.739989
	267	 K1L2	    5	         1 ---> 	 L2L2	    5	         2	           6438.53	                    0.0	               0.0	           35.0412	               0.0	               0.0	               0.0	          0.739858
	268	 K1L2	    5	         1 ---> 	 L2L2	    1	         2	           6445.68	                    0.0	               0.0	       0.000646515	               0.0	               0.0	               0.0	          0.740583
	269	 K1L2	    5	         1 ---> 	 L2L2	    3	         2	           6448.96	                    0.0	               0.0	           122.147	               0.0	               0.0	               0.0	          0.739863
	270	 K1L2	    5	         1 ---> 	 L2L2	    1	         1	           6450.71	                    0.0	               0.0	        0.00192592	               0.0	               0.0	               0.0	          0.739552
	271	 K1L2	    5	         1 ---> 	 L2L2	    3	         1	           6457.58	                    0.0	               0.0	           56.8995	               0.0	               0.0	               0.0	          0.740214
	272	 K1L2	    5	         1 ---> 	 L2L2	    5	         1	           6461.01	                    0.0	               0.0	           386.727	               0.0	               0.0	               0.0	          0.739529
	273	 K1L2	    5	         1 ---> 	 L1M1	    1	         1	           7097.48	                    0.0	               0.0	        1.4294e-08	               0.0	               0.0	               0.0	           0.73958
	274	 K1L2	    5	         1 ---> 	 L2M1	    1	         1	                 0	                    0.0	               0.0	                 0	               0.0	               0.0	               0.0	          0.739495
	275	 K1L2	    5	         1 ---> 	 L2M1	    3	         1	           7231.74	                    0.0	               0.0	       8.39164e-05	               0.0	               0.0	               0.0	          0.739495
	276	 K1M1	    1	         1 ---> 	 L1L1	    1	         1	           5394.59	                    0.0	               0.0	       2.35751e-07	               0.0	               0.0	               0.0	            1.0828
	277	 K1M1	    1	         1 ---> 	 L1L2	    1	         3	           5500.97	                    0.0	               0.0	          0.742185	               0.0	               0.0	               0.0	           1.08287
	278	 K1M1	    1	         1 ---> 	 L1L2	    3	         3	           5501.74	                    0.0	               0.0	           1.16438	               0.0	               0.0	               0.0	           1.08298
	279	 K1M1	    1	         1 ---> 	 L1L2	    1	         2	           5531.47	                    0.0	               0.0	          0.478535	               0.0	               0.0	               0.0	           1.08345
	280	 K1M1	    1	         1 ---> 	 L1L3	    3	         2	            5537.8	                    0.0	               0.0	          0.788533	               0.0	               0.0	               0.0	           1.08318
	281	 K1M1	    1	         1 ---> 	 L1L2	    1	         1	           5538.61	                    0.0	               0.0	           0.17309	               0.0	               0.0	               0.0	           1.08297
	282	 K1M1	    1	         1 ---> 	 L1L2	    3	         1	           5544.35	                    0.0	               0.0	          0.351783	               0.0	               0.0	               0.0	           1.08306
	283	 K1M1	    1	         1 ---> 	 L1L2	    5	         1	           5548.67	                    0.0	               0.0	       1.15899e-07	               0.0	               0.0	               0.0	           1.08275
	284	 K1M1	    1	         1 ---> 	 L2L2	    1	         3	                 0	                    0.0	               0.0	                 0	               0.0	               0.0	               0.0	           1.08314
	285	 K1M1	    1	         1 ---> 	 L2L2	    3	         3	                 0	                    0.0	               0.0	                 0	               0.0	               0.0	               0.0	            1.0832
	286	 K1M1	    1	         1 ---> 	 L2L2	    5	         2	                 0	                    0.0	               0.0	                 0	               0.0	               0.0	               0.0	           1.08307
	287	 K1M1	    1	         1 ---> 	 L2L2	    1	         2	                 0	                    0.0	               0.0	                 0	               0.0	               0.0	               0.0	            1.0838
	288	 K1M1	    1	         1 ---> 	 L2L2	    3	         2	                 0	                    0.0	               0.0	                 0	               0.0	               0.0	               0.0	           1.08308
	289	 K1M1	    1	         1 ---> 	 L2L2	    1	         1	                 0	                    0.0	               0.0	                 0	               0.0	               0.0	               0.0	           1.08277
	290	 K1M1	    1	         1 ---> 	 L2L2	    3	         1	                 0	                    0.0	               0.0	                 0	               0.0	               0.0	               0.0	           1.08343
	291	 K1M1	    1	         1 ---> 	 L2L2	    5	         1	                 0	                    0.0	               0.0	                 0	               0.0	               0.0	               0.0	           1.08274
	292	 K1M1	    1	         1 ---> 	 L1M1	    1	         1	           6301.27	                    0.0	               0.0	        0.00106786	               0.0	               0.0	               0.0	            1.0828
	293	 K1M1	    1	         1 ---> 	 L2M1	    1	         1	           6422.82	                    0.0	               0.0	           807.618	               0.0	               0.0	               0.0	           1.08271
	294	 K1M1	    1	         1 ---> 	 L2M1	    3	         1	           6435.53	                    0.0	               0.0	           1587.74	               0.0	               0.0	               0.0	           1.08271
	295	 L1L1	    1	         1 ---> 	 L1L2	    1	         3	           106.383	                    0.0	               0.0	           31.6897	               0.0	               0.0	               0.0	       0.000255084
	296	 L1L1	    1	         1 ---> 	 L1L2	    3	         3	           107.158	                    0.0	               0.0	           67.0493	               0.0	               0.0	               0.0	       0.000364222
	297	 L1L1	    1	         1 ---> 	 L1L2	    1	         2	           136.883	                    0.0	               0.0	           2.28838	               0.0	               0.0	               0.0	       0.000831591
	298	 L1L1	    1	         1 ---> 	 L1L3	    3	         2	           143.212	                    0.0	               0.0	           2.44924	               0.0	               0.0	               0.0	       0.000566008
	299	 L1L1	    1	         1 ---> 	 L1L2	    1	         1	           144.024	                    0.0	               0.0	           3.35518	               0.0	               0.0	               0.0	       0.000350681
	300	 L1L1	    1	         1 ---> 	 L1L2	    3	         1	           149.768	                    0.0	               0.0	           2.84004	               0.0	               0.0	               0.0	       0.000440797
	301	 L1L1	    1	         1 ---> 	 L1L2	    5	         1	           154.079	                    0.0	               0.0	       3.06733e-06	               0.0	               0.0	               0.0	       0.000130276
	302	 L1L1	    1	         1 ---> 	 L2L2	    1	         3	                 0	                    0.0	               0.0	                 0	               0.0	               0.0	               0.0	        0.00052059
	303	 L1L1	    1	         1 ---> 	 L2L2	    3	         3	                 0	                    0.0	               0.0	                 0	               0.0	               0.0	               0.0	       0.000588744
	304	 L1L1	    1	         1 ---> 	 L2L2	    5	         2	                 0	                    0.0	               0.0	                 0	               0.0	               0.0	               0.0	       0.000457436
	305	 L1L1	    1	         1 ---> 	 L2L2	    1	         2	                 0	                    0.0	               0.0	                 0	               0.0	               0.0	               0.0	        0.00118337
	306	 L1L1	    1	         1 ---> 	 L2L2	    3	         2	                 0	                    0.0	               0.0	                 0	               0.0	               0.0	               0.0	       0.000463397
	307	 L1L1	    1	         1 ---> 	 L2L2	    1	         1	                 0	                    0.0	               0.0	                 0	               0.0	               0.0	               0.0	        0.00015209
	308	 L1L1	    1	         1 ---> 	 L2L2	    3	         1	                 0	                    0.0	               0.0	                 0	               0.0	               0.0	               0.0	       0.000813828
	309	 L1L1	    1	         1 ---> 	 L2L2	    5	         1	                 0	                    0.0	               0.0	                 0	               0.0	               0.0	               0.0	        0.00012917
	310	 L1L1	    1	         1 ---> 	 L1M1	    1	         1	           906.682	                    0.0	               0.0	        1.8112e-05	               0.0	               0.0	               0.0	       0.000180262
	311	 L1L1	    1	         1 ---> 	 L2M1	    1	         1	           1028.24	                    0.0	               0.0	           0.13672	               0.0	               0.0	               0.0	       9.49334e-05
	312	 L1L1	    1	         1 ---> 	 L2M1	    3	         1	           1040.94	                    0.0	               0.0	          0.209687	               0.0	               0.0	               0.0	       9.49334e-05
	313	 L1L2	    1	         3 ---> 	 L1L2	    3	         3	          0.775704	                    0.0	               0.0	       1.12096e-12	               0.0	               0.0	               0.0	        0.00042944
	314	 L1L2	    1	         3 ---> 	 L1L2	    1	         2	              30.5	                    0.0	               0.0	        1.9792e-08	               0.0	               0.0	               0.0	       0.000896809
	315	 L1L3	    1	         3 ---> 	 L1L3	    3	         2	           36.8292	                    0.0	               0.0	       2.12223e-07	               0.0	               0.0	               0.0	       0.000631226
	316	 L1L2	    1	         3 ---> 	 L1L2	    1	         1	           37.6412	                    0.0	               0.0	       1.63201e-07	               0.0	               0.0	               0.0	       0.000415899
	317	 L1L2	    1	         3 ---> 	 L1L2	    3	         1	           43.3848	                    0.0	               0.0	       1.90777e-07	               0.0	               0.0	               0.0	       0.000506015
	318	 L1L2	    1	         3 ---> 	 L1L2	    5	         1	           47.6963	                    0.0	               0.0	       1.36208e-10	               0.0	               0.0	               0.0	       0.000195493
	319	 L1L2	    1	         3 ---> 	 L2L2	    1	         3	           118.405	                    0.0	               0.0	          0.796301	               0.0	               0.0	               0.0	       0.000585808
	320	 L1L2	    1	         3 ---> 	 L2L2	    3	         3	           140.882	                    0.0	               0.0	           7.49287	               0.0	               0.0	               0.0	       0.000653962
	321	 L1L2	    1	         3 ---> 	 L2L2	    5	         2	           141.354	                    0.0	               0.0	       4.08194e-09	               0.0	               0.0	               0.0	       0.000522654
	322	 L1L2	    1	         3 ---> 	 L2L2	    1	         2	           148.501	                    0.0	               0.0	        0.00227591	               0.0	               0.0	               0.0	        0.00124859
	323	 L1L2	    1	         3 ---> 	 L2L2	    3	         2	           151.778	                    0.0	               0.0	          0.181013	               0.0	               0.0	               0.0	       0.000528615
	324	 L1L2	    1	         3 ---> 	 L2L2	    1	         1	            153.53	                    0.0	               0.0	          0.155939	               0.0	               0.0	               0.0	       0.000217308
	325	 L1L2	    1	         3 ---> 	 L2L2	    3	         1	           160.403	                    0.0	               0.0	          0.713766	               0.0	               0.0	               0.0	       0.000879046
	326	 L1L2	    1	         3 ---> 	 L2L2	    5	         1	           163.829	                    0.0	               0.0	       2.86833e-08	               0.0	               0.0	               0.0	       0.000194388
	327	 L1L2	    1	         3 ---> 	 L1M1	    1	         1	           800.299	                    0.0	               0.0	           13.3922	               0.0	               0.0	               0.0	        0.00024548
	328	 L1L2	    1	         3 ---> 	 L2M1	    1	         1	           921.853	                    0.0	               0.0	        0.00314844	               0.0	               0.0	               0.0	       0.000160151
	329	 L1L2	    1	         3 ---> 	 L2M1	    3	         1	           934.557	                    0.0	               0.0	         0.0110146	               0.0	               0.0	               0.0	       0.000160151
	330	 L1L2	    3	         3 ---> 	 L1L2	    1	         2	           29.7243	                    0.0	               0.0	       1.19303e-07	               0.0	               0.0	               0.0	        0.00100595
	331	 L1L3	    3	         3 ---> 	 L1L3	    3	         2	           36.0535	                    0.0	               0.0	        6.5471e-08	               0.0	               0.0	               0.0	       0.000740364
	332	 L1L2	    3	         3 ---> 	 L1L2	    1	         1	           36.8655	                    0.0	               0.0	       1.76589e-09	               0.0	               0.0	               0.0	       0.000525037
	333	 L1L2	    3	         3 ---> 	 L1L2	    3	         1	           42.6091	                    0.0	               0.0	        1.1712e-07	               0.0	               0.0	               0.0	       0.000615153
	334	 L1L2	    3	         3 ---> 	 L1L2	    5	         1	           46.9206	                    0.0	               0.0	       5.11481e-07	               0.0	               0.0	               0.0	       0.000304631
	335	 L1L2	    3	         3 ---> 	 L2L2	    1	         3	           117.629	                    0.0	               0.0	          0.897287	               0.0	               0.0	               0.0	       0.000694946
	336	 L1L2	    3	         3 ---> 	 L2L2	    3	         3	           140.107	                    0.0	               0.0	          0.889783	               0.0	               0.0	               0.0	         0.0007631
	337	 L1L2	    3	         3 ---> 	 L2L2	    5	         2	           140.578	                    0.0	               0.0	           8.35478	               0.0	               0.0	               0.0	       0.000631792
	338	 L1L2	    3	         3 ---> 	 L2L2	    1	         2	           147.725	                    0.0	               0.0	          0.100071	               0.0	               0.0	               0.0	        0.00135773
	339	 L1L2	    3	         3 ---> 	 L2L2	    3	         2	           151.003	                    0.0	               0.0	        0.00398112	               0.0	               0.0	               0.0	       0.000637753
	340	 L1L2	    3	         3 ---> 	 L2L2	    1	         1	           152.754	                    0.0	               0.0	         0.0878409	               0.0	               0.0	               0.0	       0.000326446
	341	 L1L2	    3	         3 ---> 	 L2L2	    3	         1	           159.627	                    0.0	               0.0	          0.152667	               0.0	               0.0	               0.0	       0.000988184
	342	 L1L2	    3	         3 ---> 	 L2L2	    5	         1	           163.054	                    0.0	               0.0	          0.691144	               0.0	               0.0	               0.0	       0.000303526
	343	 L1L2	    3	         3 ---> 	 L1M1	    1	         1	           799.524	                    0.0	               0.0	           69.3277	               0.0	               0.0	               0.0	       0.000354618
	344	 L1L2	    3	         3 ---> 	 L2M1	    1	         1	           921.077	                    0.0	               0.0	        0.00448862	               0.0	               0.0	               0.0	       0.000269289
	345	 L1L2	    3	         3 ---> 	 L2M1	    3	         1	           933.782	                    0.0	               0.0	          0.061788	               0.0	               0.0	               0.0	       0.000269289
	346	 L1L3	    1	         2 ---> 	 L1L3	    3	         2	           6.32922	                    0.0	               0.0	       1.36471e-09	               0.0	               0.0	               0.0	        0.00120773
	347	 L1L2	    1	         2 ---> 	 L1L2	    1	         1	           7.14123	                    0.0	               0.0	       1.24187e-09	               0.0	               0.0	               0.0	       0.000992406
	348	 L1L2	    1	         2 ---> 	 L1L2	    3	         1	           12.8848	                    0.0	               0.0	       2.45055e-11	               0.0	               0.0	               0.0	        0.00108252
	349	 L1L2	    1	         2 ---> 	 L1L2	    5	         1	           17.1963	                    0.0	               0.0	       1.87263e-12	               0.0	               0.0	               0.0	          0.000772
	350	 L1L2	    1	         2 ---> 	 L2L2	    1	         3	           87.9051	                    0.0	               0.0	       0.000342985	               0.0	               0.0	               0.0	        0.00116231
	351	 L1L2	    1	         2 ---> 	 L2L2	    3	         3	           110.382	                    0.0	               0.0	       0.000940833	               0.0	               0.0	               0.0	        0.00123047
	352	 L1L2	    1	         2 ---> 	 L2L2	    5	         2	           110.854	                    0.0	               0.0	       2.48455e-09	               0.0	               0.0	               0.0	        0.00109916
	353	 L1L2	    1	         2 ---> 	 L2L2	    1	         2	           118.001	                    0.0	               0.0	          0.295923	               0.0	               0.0	               0.0	         0.0018251
	354	 L1L2	    1	         2 ---> 	 L2L2	    3	         2	           121.278	                    0.0	               0.0	           0.24963	               0.0	               0.0	               0.0	        0.00110512
	355	 L1L2	    1	         2 ---> 	 L2L2	    1	         1	            123.03	                    0.0	               0.0	        0.00593785	               0.0	               0.0	               0.0	       0.000793815
	356	 L1L2	    1	         2 ---> 	 L2L2	    3	         1	           129.903	                    0.0	               0.0	         0.0399107	               0.0	               0.0	               0.0	        0.00145555
	357	 L1L2	    1	         2 ---> 	 L2L2	    5	         1	           133.329	                    0.0	               0.0	        9.4126e-11	               0.0	               0.0	               0.0	       0.000770895
	358	 L1L2	    1	         2 ---> 	 L1M1	    1	         1	           769.799	                    0.0	               0.0	           60.3502	               0.0	               0.0	               0.0	       0.000821987
	359	 L1L2	    1	         2 ---> 	 L2M1	    1	         1	           891.353	                    0.0	               0.0	       0.000432564	               0.0	               0.0	               0.0	       0.000736658
	360	 L1L2	    1	         2 ---> 	 L2M1	    3	         1	           904.057	                    0.0	               0.0	         0.0012518	               0.0	               0.0	               0.0	       0.000736658
	361	 L1L2	    3	         2 ---> 	 L1L2	    1	         1	          0.812013	                    0.0	               0.0	       1.11134e-13	               0.0	               0.0	               0.0	       0.000726823
	362	 L1L2	    3	         2 ---> 	 L1L2	    3	         1	           6.55559	                    0.0	               0.0	        8.6343e-10	               0.0	               0.0	               0.0	       0.000816939
	363	 L1L2	    3	         2 ---> 	 L1L2	    5	         1	           10.8671	                    0.0	               0.0	       1.36378e-08	               0.0	               0.0	               0.0	       0.000506417
	364	 L1L2	    3	         2 ---> 	 L2L2	    1	         3	           81.5759	                    0.0	               0.0	        0.00778437	               0.0	               0.0	               0.0	       0.000896732
	365	 L1L2	    3	         2 ---> 	 L2L2	    3	         3	           104.053	                    0.0	               0.0	         0.0368224	               0.0	               0.0	               0.0	       0.000964886
	366	 L1L2	    3	         2 ---> 	 L2L2	    5	         2	           104.524	                    0.0	               0.0	       8.51388e-05	               0.0	               0.0	               0.0	       0.000833578
	367	 L1L2	    3	         2 ---> 	 L2L2	    1	         2	           111.672	                    0.0	               0.0	          0.101568	               0.0	               0.0	               0.0	        0.00155952
	368	 L1L2	    3	         2 ---> 	 L2L2	    3	         2	           114.949	                    0.0	               0.0	          0.529357	               0.0	               0.0	               0.0	       0.000839539
	369	 L1L2	    3	         2 ---> 	 L2L2	    1	         1	           116.701	                    0.0	               0.0	            0.2499	               0.0	               0.0	               0.0	       0.000528232
	370	 L1L2	    3	         2 ---> 	 L2L2	    3	         1	           123.574	                    0.0	               0.0	          0.419806	               0.0	               0.0	               0.0	        0.00118997
	371	 L1L2	    3	         2 ---> 	 L2L2	    5	         1	               127	                    0.0	               0.0	          0.384194	               0.0	               0.0	               0.0	       0.000505312
	372	 L1L2	    3	         2 ---> 	 L1M1	    1	         1	            763.47	                    0.0	               0.0	            116.13	               0.0	               0.0	               0.0	       0.000556404
	373	 L1L2	    3	         2 ---> 	 L2M1	    1	         1	           885.024	                    0.0	               0.0	        0.00161871	               0.0	               0.0	               0.0	       0.000471075
	374	 L1L2	    3	         2 ---> 	 L2M1	    3	         1	           897.728	                    0.0	               0.0	         0.0255278	               0.0	               0.0	               0.0	       0.000471075
	375	 L1L2	    1	         1 ---> 	 L1L2	    3	         1	           5.74358	                    0.0	               0.0	       4.31068e-09	               0.0	               0.0	               0.0	       0.000601612
	376	 L1L2	    1	         1 ---> 	 L1L2	    5	         1	           10.0551	                    0.0	               0.0	       8.81661e-13	               0.0	               0.0	               0.0	        0.00029109
	377	 L1L2	    1	         1 ---> 	 L2L2	    1	         3	           80.7639	                    0.0	               0.0	        0.00416734	               0.0	               0.0	               0.0	       0.000681405
	378	 L1L2	    1	         1 ---> 	 L2L2	    3	         3	           103.241	                    0.0	               0.0	        0.00173679	               0.0	               0.0	               0.0	       0.000749559
	379	 L1L2	    1	         1 ---> 	 L2L2	    5	         2	           103.712	                    0.0	               0.0	       3.01507e-13	               0.0	               0.0	               0.0	       0.000618251
	380	 L1L2	    1	         1 ---> 	 L2L2	    1	         2	            110.86	                    0.0	               0.0	          0.110057	               0.0	               0.0	               0.0	        0.00134419
	381	 L1L2	    1	         1 ---> 	 L2L2	    3	         2	           114.137	                    0.0	               0.0	          0.344157	               0.0	               0.0	               0.0	       0.000624212
	382	 L1L2	    1	         1 ---> 	 L2L2	    1	         1	           115.889	                    0.0	               0.0	          0.229152	               0.0	               0.0	               0.0	       0.000312905
	383	 L1L2	    1	         1 ---> 	 L2L2	    3	         1	           122.762	                    0.0	               0.0	          0.938474	               0.0	               0.0	               0.0	       0.000974643
	384	 L1L2	    1	         1 ---> 	 L2L2	    5	         1	           126.188	                    0.0	               0.0	       2.14183e-09	               0.0	               0.0	               0.0	       0.000289985
	385	 L1L2	    1	         1 ---> 	 L1M1	    1	         1	           762.658	                    0.0	               0.0	           53.1065	               0.0	               0.0	               0.0	       0.000341077
	386	 L1L2	    1	         1 ---> 	 L2M1	    1	         1	           884.212	                    0.0	               0.0	       0.000281983	               0.0	               0.0	               0.0	       0.000255748
	387	 L1L2	    1	         1 ---> 	 L2M1	    3	         1	           896.916	                    0.0	               0.0	        0.00100703	               0.0	               0.0	               0.0	       0.000255748
	388	 L1L2	    3	         1 ---> 	 L1L2	    5	         1	           4.31153	                    0.0	               0.0	       9.12923e-10	               0.0	               0.0	               0.0	       0.000381206
	389	 L1L2	    3	         1 ---> 	 L2L2	    1	         3	           75.0203	                    0.0	               0.0	       0.000851368	               0.0	               0.0	               0.0	       0.000771521
	390	 L1L2	    3	         1 ---> 	 L2L2	    3	         3	           97.4975	                    0.0	               0.0	         0.0625678	               0.0	               0.0	               0.0	       0.000839675
	391	 L1L2	    3	         1 ---> 	 L2L2	    5	         2	           97.9688	                    0.0	               0.0	         0.0016357	               0.0	               0.0	               0.0	       0.000708367
	392	 L1L2	    3	         1 ---> 	 L2L2	    1	         2	           105.116	                    0.0	               0.0	          0.123467	               0.0	               0.0	               0.0	         0.0014343
	393	 L1L2	    3	         1 ---> 	 L2L2	    3	         2	           108.394	                    0.0	               0.0	        0.00371367	               0.0	               0.0	               0.0	       0.000714328
	394	 L1L2	    3	         1 ---> 	 L2L2	    1	         1	           110.145	                    0.0	               0.0	          0.432335	               0.0	               0.0	               0.0	       0.000403021
	395	 L1L2	    3	         1 ---> 	 L2L2	    3	         1	           117.018	                    0.0	               0.0	          0.684681	               0.0	               0.0	               0.0	        0.00106476
	396	 L1L2	    3	         1 ---> 	 L2L2	    5	         1	           120.444	                    0.0	               0.0	          0.782962	               0.0	               0.0	               0.0	       0.000380101
	397	 L1L2	    3	         1 ---> 	 L1M1	    1	         1	           756.914	                    0.0	               0.0	           112.398	               0.0	               0.0	               0.0	       0.000431193
	398	 L1L2	    3	         1 ---> 	 L2M1	    1	         1	           878.468	                    0.0	               0.0	       0.000968388	               0.0	               0.0	               0.0	       0.000345864
	399	 L1L2	    3	         1 ---> 	 L2M1	    3	         1	           891.173	                    0.0	               0.0	         0.0131192	               0.0	               0.0	               0.0	       0.000345864
	400	 L1L2	    5	         1 ---> 	 L2L2	    1	         3	           70.7088	                    0.0	               0.0	       8.48541e-10	               0.0	               0.0	               0.0	       0.000460999
	401	 L1L2	    5	         1 ---> 	 L2L2	    3	         3	           93.1859	                    0.0	               0.0	         0.0314343	               0.0	               0.0	               0.0	       0.000529153
	402	 L1L2	    5	         1 ---> 	 L2L2	    5	         2	           93.6573	                    0.0	               0.0	          0.755784	               0.0	               0.0	               0.0	       0.000397845
	403	 L1L2	    5	         1 ---> 	 L2L2	    1	         2	           100.805	                    0.0	               0.0	       4.87173e-09	               0.0	               0.0	               0.0	        0.00112378
	404	 L1L2	    5	         1 ---> 	 L2L2	    3	         2	           104.082	                    0.0	               0.0	           4.11129	               0.0	               0.0	               0.0	       0.000403806
	405	 L1L2	    5	         1 ---> 	 L2L2	    1	         1	           105.833	                    0.0	               0.0	       1.94191e-08	               0.0	               0.0	               0.0	       9.24991e-05
	406	 L1L2	    5	         1 ---> 	 L2L2	    3	         1	           112.707	                    0.0	               0.0	           2.67827	               0.0	               0.0	               0.0	       0.000754237
	407	 L1L2	    5	         1 ---> 	 L2L2	    5	         1	           116.133	                    0.0	               0.0	           20.7098	               0.0	               0.0	               0.0	        6.9579e-05
	408	 L1L2	    5	         1 ---> 	 L1M1	    1	         1	           752.603	                    0.0	               0.0	       0.000665796	               0.0	               0.0	               0.0	       0.000120671
	409	 L1L2	    5	         1 ---> 	 L2M1	    1	         1	                 0	                    0.0	               0.0	                 0	               0.0	               0.0	               0.0	       3.53422e-05
	410	 L1L2	    5	         1 ---> 	 L2M1	    3	         1	           886.861	                    0.0	               0.0	       0.000115651	               0.0	               0.0	               0.0	       3.53422e-05
	411	 L2L2	    1	         3 ---> 	 L2L2	    3	         3	           22.4772	                    0.0	               0.0	       5.61768e-10	               0.0	               0.0	               0.0	       0.000919468
	412	 L2L2	    1	         3 ---> 	 L2L2	    5	         2	           22.9485	                    0.0	               0.0	       1.73698e-10	               0.0	               0.0	               0.0	        0.00078816
	413	 L2L2	    1	         3 ---> 	 L2L2	    1	         2	            30.096	                    0.0	               0.0	       1.12972e-07	               0.0	               0.0	               0.0	         0.0015141
	414	 L2L2	    1	         3 ---> 	 L2L2	    3	         2	           33.3733	                    0.0	               0.0	       3.54601e-07	               0.0	               0.0	               0.0	       0.000794121
	415	 L2L2	    1	         3 ---> 	 L2L2	    1	         1	           35.1247	                    0.0	               0.0	       5.02227e-08	               0.0	               0.0	               0.0	       0.000482814
	416	 L2L2	    1	         3 ---> 	 L2L2	    3	         1	           41.9981	                    0.0	               0.0	        1.9245e-08	               0.0	               0.0	               0.0	        0.00114455
	417	 L2L2	    1	         3 ---> 	 L2L2	    5	         1	           45.4242	                    0.0	               0.0	        8.1441e-11	               0.0	               0.0	               0.0	       0.000459894
	418	 L2L2	    1	         3 ---> 	 L1M1	    1	         1	                 0	                    0.0	               0.0	                 0	               0.0	               0.0	               0.0	       0.000510986
	419	 L2L2	    1	         3 ---> 	 L2M1	    1	         1	           803.448	                    0.0	               0.0	            39.438	               0.0	               0.0	               0.0	       0.000425657
	420	 L2L2	    1	         3 ---> 	 L2M1	    3	         1	           816.152	                    0.0	               0.0	           14.3486	               0.0	               0.0	               0.0	       0.000425657
	421	 L2L2	    3	         3 ---> 	 L2L2	    5	         2	          0.471306	                    0.0	               0.0	       6.44596e-14	               0.0	               0.0	               0.0	       0.000856314
	422	 L2L2	    3	         3 ---> 	 L2L2	    1	         2	           7.61878	                    0.0	               0.0	       3.45578e-10	               0.0	               0.0	               0.0	        0.00158225
	423	 L2L2	    3	         3 ---> 	 L2L2	    3	         2	           10.8961	                    0.0	               0.0	       1.40968e-10	               0.0	               0.0	               0.0	       0.000862275
	424	 L2L2	    3	         3 ---> 	 L2L2	    1	         1	           12.6475	                    0.0	               0.0	       2.74156e-10	               0.0	               0.0	               0.0	       0.000550968
	425	 L2L2	    3	         3 ---> 	 L2L2	    3	         1	           19.5209	                    0.0	               0.0	       4.69415e-08	               0.0	               0.0	               0.0	        0.00121271
	426	 L2L2	    3	         3 ---> 	 L2L2	    5	         1	            22.947	                    0.0	               0.0	       1.07717e-08	               0.0	               0.0	               0.0	       0.000528048
	427	 L2L2	    3	         3 ---> 	 L1M1	    1	         1	                 0	                    0.0	               0.0	                 0	               0.0	               0.0	               0.0	        0.00057914
	428	 L2L2	    3	         3 ---> 	 L2M1	    1	         1	           780.971	                    0.0	               0.0	           102.555	               0.0	               0.0	               0.0	       0.000493811
	429	 L2L2	    3	         3 ---> 	 L2M1	    3	         1	           793.675	                    0.0	               0.0	           1.59995	               0.0	               0.0	               0.0	       0.000493811
	430	 L2L2	    5	         2 ---> 	 L2L2	    1	         2	           7.14747	                    0.0	               0.0	       1.18966e-14	               0.0	               0.0	               0.0	        0.00145094
	431	 L2L2	    5	         2 ---> 	 L2L2	    3	         2	           10.4248	                    0.0	               0.0	       4.02853e-09	               0.0	               0.0	               0.0	       0.000730967
	432	 L2L2	    5	         2 ---> 	 L2L2	    1	         1	           12.1762	                    0.0	               0.0	       1.26284e-13	               0.0	               0.0	               0.0	        0.00041966
	433	 L2L2	    5	         2 ---> 	 L2L2	    3	         1	           19.0496	                    0.0	               0.0	       3.79154e-09	               0.0	               0.0	               0.0	         0.0010814
	434	 L2L2	    5	         2 ---> 	 L2L2	    5	         1	           22.4757	                    0.0	               0.0	       1.38987e-07	               0.0	               0.0	               0.0	        0.00039674
	435	 L2L2	    5	         2 ---> 	 L1M1	    1	         1	                 0	                    0.0	               0.0	                 0	               0.0	               0.0	               0.0	       0.000447832
	436	 L2L2	    5	         2 ---> 	 L2M1	    1	         1	           780.499	                    0.0	               0.0	       5.50417e-05	               0.0	               0.0	               0.0	       0.000362503
	437	 L2L2	    5	         2 ---> 	 L2M1	    3	         1	           793.204	                    0.0	               0.0	           158.641	               0.0	               0.0	               0.0	       0.000362503
	438	 L2L2	    1	         2 ---> 	 L2L2	    3	         2	           3.27729	                    0.0	               0.0	       5.22485e-12	               0.0	               0.0	               0.0	         0.0014569
	439	 L2L2	    1	         2 ---> 	 L2L2	    1	         1	           5.02869	                    0.0	               0.0	       9.55768e-12	               0.0	               0.0	               0.0	         0.0011456
	440	 L2L2	    1	         2 ---> 	 L2L2	    3	         1	           11.9021	                    0.0	               0.0	       5.70428e-09	               0.0	               0.0	               0.0	        0.00180733
	441	 L2L2	    1	         2 ---> 	 L2L2	    5	         1	           15.3282	                    0.0	               0.0	       3.72914e-15	               0.0	               0.0	               0.0	        0.00112268
	442	 L2L2	    1	         2 ---> 	 L1M1	    1	         1	                 0	                    0.0	               0.0	                 0	               0.0	               0.0	               0.0	        0.00117377
	443	 L2L2	    1	         2 ---> 	 L2M1	    1	         1	           773.352	                    0.0	               0.0	           27.7542	               0.0	               0.0	               0.0	        0.00108844
	444	 L2L2	    1	         2 ---> 	 L2M1	    3	         1	           786.056	                    0.0	               0.0	           24.1936	               0.0	               0.0	               0.0	        0.00108844
	445	 L2L2	    3	         2 ---> 	 L2L2	    1	         1	            1.7514	                    0.0	               0.0	       1.65445e-11	               0.0	               0.0	               0.0	       0.000425621
	446	 L2L2	    3	         2 ---> 	 L2L2	    3	         1	           8.62483	                    0.0	               0.0	       2.66475e-09	               0.0	               0.0	               0.0	        0.00108736
	447	 L2L2	    3	         2 ---> 	 L2L2	    5	         1	           12.0509	                    0.0	               0.0	       3.63652e-08	               0.0	               0.0	               0.0	       0.000402701
	448	 L2L2	    3	         2 ---> 	 L1M1	    1	         1	                 0	                    0.0	               0.0	                 0	               0.0	               0.0	               0.0	       0.000453793
	449	 L2L2	    3	         2 ---> 	 L2M1	    1	         1	           770.075	                    0.0	               0.0	            8.6357	               0.0	               0.0	               0.0	       0.000368464
	450	 L2L2	    3	         2 ---> 	 L2M1	    3	         1	           782.779	                    0.0	               0.0	           95.5922	               0.0	               0.0	               0.0	       0.000368464
	451	 L2L2	    1	         1 ---> 	 L2L2	    3	         1	           6.87343	                    0.0	               0.0	       9.98888e-09	               0.0	               0.0	               0.0	       0.000776052
	452	 L2L2	    1	         1 ---> 	 L2L2	    5	         1	           10.2995	                    0.0	               0.0	       5.14691e-12	               0.0	               0.0	               0.0	       9.13937e-05
	453	 L2L2	    1	         1 ---> 	 L1M1	    1	         1	                 0	                    0.0	               0.0	                 0	               0.0	               0.0	               0.0	       0.000142486
	454	 L2L2	    1	         1 ---> 	 L2M1	    1	         1	           768.323	                    0.0	               0.0	           5.97995	               0.0	               0.0	               0.0	       5.71569e-05
	455	 L2L2	    1	         1 ---> 	 L2M1	    3	         1	           781.028	                    0.0	               0.0	           45.9897	               0.0	               0.0	               0.0	       5.71569e-05
	456	 L2L2	    3	         1 ---> 	 L2L2	    5	         1	           3.42608	                    0.0	               0.0	       8.12406e-11	               0.0	               0.0	               0.0	       0.000753132
	457	 L2L2	    3	         1 ---> 	 L1M1	    1	         1	                 0	                    0.0	               0.0	                 0	               0.0	               0.0	               0.0	       0.000804224
	458	 L2L2	    3	         1 ---> 	 L2M1	    1	         1	            761.45	                    0.0	               0.0	           2.97499	               0.0	               0.0	               0.0	       0.000718895
	459	 L2L2	    3	         1 ---> 	 L2M1	    3	         1	           774.154	                    0.0	               0.0	           100.196	               0.0	               0.0	               0.0	       0.000718895
	460	 L2L2	    5	         1 ---> 	 L1M1	    1	         1	                 0	                    0.0	               0.0	                 0	               0.0	               0.0	               0.0	       0.000119566
	461	 L2L2	    5	         1 ---> 	 L2M1	    1	         1	           758.024	                    0.0	               0.0	        5.6438e-05	               0.0	               0.0	               0.0	       3.42368e-05
	462	 L2L2	    5	         1 ---> 	 L2M1	    3	         1	           770.728	                    0.0	               0.0	           154.146	               0.0	               0.0	               0.0	       3.42368e-05
	463	 L1M1	    1	         1 ---> 	 L2M1	    1	         1	           121.554	                    0.0	               0.0	           32.5313	               0.0	               0.0	               0.0	       8.53288e-05
	464	 L1M1	    1	         1 ---> 	 L2M1	    3	         1	           134.258	                    0.0	               0.0	           98.3268	               0.0	               0.0	               0.0	       8.53288e-05
	465	 L2M1	    1	         1 ---> 	 L2M1	    3	         1	           12.7044	                    0.0	               0.0	            4.2348	               0.0	               0.0	               0.0	       1.26894e-11
