# Atomic number Z= 50  Date:21-03-2017

# Radiative Yields
# Shelli ---> Shellf    Yield
  K      ---> K     1.582E-16
  K      ---> L1    1.585E-05
  K      ---> L2    2.458E-01
  K      ---> L3    4.599E-01
  K      ---> M1    4.360E-06
  K      ---> M2    4.378E-02
  K      ---> M3    8.507E-02
  K      ---> M4    3.495E-04
  K      ---> M5    4.844E-04
  K      ---> N1    9.383E-07
  K      ---> N2    8.190E-03
  K      ---> N3    1.599E-02
  K      ---> N4    5.697E-05
  K      ---> N5    7.993E-05
  K      ---> O1    1.117E-07
  K      ---> O2    6.946E-04
  K      FLyield    8.604E-01

  L1     ---> L1    4.244E-16
  L1     ---> L2    3.019E-05
  L1     ---> L3    3.301E-04
  L1     ---> M1    5.490E-06
  L1     ---> M2    1.183E-02
  L1     ---> M3    1.956E-02
  L1     ---> M4    1.575E-04
  L1     ---> M5    2.350E-04
  L1     ---> N1    1.570E-06
  L1     ---> N2    2.362E-03
  L1     ---> N3    4.007E-03
  L1     ---> N4    1.812E-05
  L1     ---> N5    2.719E-05
  L1     ---> O1    1.898E-07
  L1     ---> O2    1.831E-04
  L1     FLyield    3.875E-02

  L2     ---> L2    4.965E-16
  L2     ---> L3    2.837E-08
  L2     ---> M1    1.948E-03
  L2     ---> M2    1.429E-05
  L2     ---> M3    2.422E-05
  L2     ---> M4    6.423E-02
  L2     ---> M5    7.834E-06
  L2     ---> N1    3.976E-04
  L2     ---> N2    2.723E-06
  L2     ---> N3    5.923E-06
  L2     ---> N4    7.193E-03
  L2     ---> N5    1.299E-03
  L2     ---> O1    4.289E-05
  L2     ---> O2    2.652E-06
  L2     FLyield    7.517E-02

  L3     ---> L3    4.574E-16
  L3     ---> M1    2.362E-03
  L3     ---> M2    1.203E-05
  L3     ---> M3    3.182E-05
  L3     ---> M4    6.158E-03
  L3     ---> M5    5.449E-02
  L3     ---> N1    4.765E-04
  L3     ---> N2    2.874E-06
  L3     ---> N3    4.877E-06
  L3     ---> N4    1.395E-03
  L3     ---> N5    6.483E-03
  L3     ---> O1    4.366E-05
  L3     ---> O2    1.638E-06
  L3     FLyield    7.146E-02


# Non Radiative Yields

# Shelli ---> Shellf    Yield
  K      ---> L1    5.355E-02
  K      ---> L2    4.899E-02
  K      ---> L3    3.293E-02
  K      ---> M1    1.523E-03
  K      ---> M2    1.457E-03
  K      ---> M3    9.401E-04
  K      ---> M4    6.034E-05
  K      ---> M5    3.245E-05
  K      ---> N1    4.355E-05
  K      ---> N2    3.858E-05
  K      ---> N3    1.377E-05
  K      ---> N4    4.994E-07
  K      ---> N5    2.213E-07
  K      ---> O1    2.214E-07
  K      ---> O2    1.630E-08
  K      NRyield    1.396E-01


  L1     ---> L2    1.661E-01
  L1     ---> L3    2.961E-01
  L1     ---> M1    2.641E-01
  L1     ---> M2    4.290E-02
  L1     ---> M3    2.186E-02
  L1     ---> M4    1.385E-01
  L1     ---> M5    2.490E-02
  L1     ---> N1    4.501E-03
  L1     ---> N2    7.714E-04
  L1     ---> N3    1.945E-04
  L1     ---> N4    1.150E-03
  L1     ---> N5    1.422E-04
  L1     ---> O1    1.022E-05
  L1     ---> O2    2.112E-08
  L1     NRyield    9.612E-01


  L2     ---> L3    1.009E-01
  L2     ---> M1    4.465E-02
  L2     ---> M2    3.466E-01
  L2     ---> M3    4.069E-02
  L2     ---> M4    3.586E-01
  L2     ---> M5    2.317E-02
  L2     ---> N1    9.190E-04
  L2     ---> N2    5.395E-03
  L2     ---> N3    4.574E-04
  L2     ---> N4    3.010E-03
  L2     ---> N5    4.150E-04
  L2     ---> O1    2.467E-06
  L2     ---> O2    1.072E-06
  L2     NRyield    9.248E-01


  L3     ---> M1    4.474E-02
  L3     ---> M2    1.370E-01
  L3     ---> M3    2.757E-01
  L3     ---> M4    3.055E-01
  L3     ---> M5    1.545E-01
  L3     ---> N1    9.043E-04
  L3     ---> N2    2.940E-03
  L3     ---> N3    3.329E-03
  L3     ---> N4    3.152E-03
  L3     ---> N5    8.234E-04
  L3     ---> O1    2.366E-06
  L3     ---> O2    8.588E-07
  L3     NRyield    9.285E-01


