# Atomic number Z= 29  Date:29-06-2020

# Record Shelli   2Ji Eigi ---> Shellf   2Jf Eigf     Energy (eV)      Rate(1/s)    Width(eV)
       2   K        0    1 --->   L1       2    1    7.879622E+03   8.978950E+07   5.910052E-08
       4   K        0    1 --->   L3       2    1    8.047112E+03   5.890690E+14   3.877322E-01
       5   K        0    1 --->   L2       2    2    8.027045E+03   3.049220E+14   2.007033E-01
       6   K        0    1 --->   L3       4    1    8.047195E+03   2.742710E+10   1.805284E-05
       8   K        0    1 --->   M1       2    1    8.853928E+03   5.676770E+07   3.736518E-08
      10   K        0    1 --->   M3       2    1    8.902526E+03   6.853630E+13   4.511141E-02
      11   K        0    1 --->   M2       2    2    8.900115E+03   4.803320E+13   3.161603E-02
      12   K        0    1 --->   M3       4    1    8.902770E+03   4.320460E+09   2.843778E-06
      13   K        0    1 --->   M4       2    1    8.978252E+03   1.559210E+04   1.026291E-11
      14   K        0    1 --->   M5       4    1    8.978381E+03   1.825520E+10   1.201579E-05
      15   K        0    1 --->   M4       4    2    8.977895E+03   2.912290E+11   1.916904E-04
      18   K        2    1 --->   L1       0    1    7.879090E+03   2.956250E+07   1.945839E-08
      19   K        2    1 --->   L1       2    1    7.879402E+03   7.725810E+07   5.085220E-08
      20   K        2    1 --->   L2       0    1    8.026865E+03   1.008370E+14   6.637212E-02
      21   K        2    1 --->   L3       2    1    8.046891E+03   9.942880E+13   6.544522E-02
      22   K        2    1 --->   L2       2    2    8.026825E+03   2.008250E+14   1.321854E-01
      23   K        2    1 --->   L3       4    1    8.046974E+03   4.930960E+14   3.245617E-01
      24   K        2    1 --->   M1       0    1    8.852725E+03   1.434940E+07   9.444946E-09
      25   K        2    1 --->   M1       2    1    8.853707E+03   3.485320E+07   2.294079E-08
      26   K        2    1 --->   M2       0    1    8.900035E+03   1.304990E+13   8.589600E-03
      27   K        2    1 --->   M3       2    1    8.902305E+03   1.533300E+13   1.009236E-02
      28   K        2    1 --->   M2       2    2    8.899894E+03   2.316930E+13   1.525031E-02
      29   K        2    1 --->   M3       4    1    8.902550E+03   6.354130E+13   4.182364E-02
      30   K        2    1 --->   M4       2    1    8.978031E+03   4.616700E+10   3.038767E-05
      31   K        2    1 --->   M5       4    1    8.978160E+03   7.111060E+10   4.680585E-05
      32   K        2    1 --->   M4       4    2    8.977674E+03   5.465380E+09   3.597378E-06
      33   K        2    1 --->   M5       6    1    8.978279E+03   1.045050E+11   6.878644E-05
      34   K        2    1 --->   N1       0    1    8.979017E+03   2.696610E+06   1.774941E-09

      35   L1       0    1 --->   L1       2    1    3.117100E-01   9.472050E-06   6.234616E-21
      37   L1       0    1 --->   L3       2    1    1.678014E+02   1.498340E+11   9.862253E-05
      38   L1       0    1 --->   L2       2    2    1.477346E+02   5.083220E+10   3.345836E-05
      39   L1       0    1 --->   L3       4    1    1.678843E+02   3.044410E+03   2.003867E-12
      41   L1       0    1 --->   M1       2    1    9.746174E+02   3.855660E+04   2.537841E-11
      43   L1       0    1 --->   M3       2    1    1.023215E+03   3.805260E+12   2.504668E-03
      44   L1       0    1 --->   M2       2    2    1.020804E+03   2.808830E+12   1.848805E-03
      45   L1       0    1 --->   M3       4    1    1.023460E+03   3.206890E+06   2.110813E-09
      46   L1       0    1 --->   M4       2    1    1.098941E+03   3.797390E+03   2.499487E-12
      47   L1       0    1 --->   M5       4    1    1.099070E+03   8.283980E+08   5.452615E-07
      48   L1       0    1 --->   M4       4    2    1.098584E+03   1.326030E+10   8.728088E-06
      50   L1       2    1 --->   L2       0    1    1.474632E+02   1.671080E+10   1.099925E-05
      51   L1       2    1 --->   L3       2    1    1.674897E+02   2.513070E+10   1.654133E-05
      52   L1       2    1 --->   L2       2    2    1.474229E+02   3.325540E+10   2.188910E-05
      53   L1       2    1 --->   L3       4    1    1.675725E+02   1.248220E+11   8.215933E-05
      54   L1       2    1 --->   M1       0    1    9.733229E+02   1.131820E+04   7.449774E-12
      55   L1       2    1 --->   M1       2    1    9.743057E+02   4.484280E+05   2.951607E-10
      56   L1       2    1 --->   M2       0    1    1.020634E+03   7.961030E+11   5.240045E-04
      57   L1       2    1 --->   M3       2    1    1.022903E+03   8.951450E+11   5.891951E-04
      58   L1       2    1 --->   M2       2    2    1.020492E+03   1.417610E+12   9.330878E-04
      59   L1       2    1 --->   M3       4    1    1.023148E+03   3.686640E+12   2.426590E-03
      60   L1       2    1 --->   M4       2    1    1.098629E+03   4.082290E+09   2.687012E-06
      61   L1       2    1 --->   M5       4    1    1.098758E+03   6.349920E+09   4.179593E-06
      62   L1       2    1 --->   M4       4    2    1.098272E+03   4.711600E+08   3.101231E-07
      63   L1       2    1 --->   M5       6    1    1.098878E+03   9.415460E+09   6.197368E-06
      64   L1       2    1 --->   N1       0    1    1.099615E+03   2.430340E+03   1.599679E-12

      65   L2       0    1 --->   L3       2    1    2.002650E+01   7.594380E+04   4.998712E-11
      66   L2       0    1 --->   L3       4    1    2.010935E+01   1.289930E+01   8.490473E-15
      68   L2       0    1 --->   M1       2    1    8.268425E+02   4.352780E+11   2.865052E-04
      70   L2       0    1 --->   M3       2    1    8.754402E+02   8.128600E+05   5.350342E-10
      71   L2       0    1 --->   M2       2    2    8.730291E+02   2.169410E+05   1.427932E-10
      72   L2       0    1 --->   M3       4    1    8.756847E+02   1.123980E+09   7.398171E-07
      73   L2       0    1 --->   M4       2    1    9.511659E+02   8.553930E+12   5.630299E-03
      74   L2       0    1 --->   M5       4    1    9.512951E+02   9.412590E+05   6.195479E-10
      75   L2       0    1 --->   M4       4    2    9.508091E+02   1.654240E+06   1.088841E-09
      89   L2       2    2 --->   L2       0    1    4.027000E-02   4.121790E-04   2.713011E-19
      90   L2       2    2 --->   L3       2    1    2.006677E+01   1.268850E+04   8.351722E-12
      91   L2       2    2 --->   L3       4    1    2.014962E+01   6.367230E+04   4.190987E-11
      92   L2       2    2 --->   M1       0    1    8.258999E+02   1.378190E+11   9.071411E-05
      93   L2       2    2 --->   M1       2    1    8.268828E+02   2.890570E+11   1.902608E-04
      94   L2       2    2 --->   M2       0    1    8.732108E+02   9.461410E+04   6.227613E-11
      95   L2       2    2 --->   M3       2    1    8.754805E+02   5.607160E+08   3.690700E-07
      96   L2       2    2 --->   M2       2    2    8.730694E+02   4.031290E+06   2.653443E-09
      97   L2       2    2 --->   M3       4    1    8.757250E+02   5.605540E+08   3.689633E-07
      98   L2       2    2 --->   M4       2    1    9.512061E+02   1.420050E+12   9.346939E-04
      99   L2       2    2 --->   M5       4    1    9.513354E+02   2.496450E+12   1.643193E-03
     100   L2       2    2 --->   M4       4    2    9.508493E+02   4.726630E+12   3.111124E-03
     101   L2       2    2 --->   M5       6    1    9.514549E+02   2.380800E+06   1.567071E-09
     102   L2       2    2 --->   N1       0    1    9.521921E+02   1.886460E+10   1.241690E-05

      77   L3       2    1 --->   L3       4    1    8.285000E-02   2.281150E-03   1.501480E-18
      78   L3       2    1 --->   M1       0    1    8.058332E+02   2.602330E+11   1.712885E-04
      79   L3       2    1 --->   M1       2    1    8.068160E+02   1.402900E+11   9.234055E-05
      80   L3       2    1 --->   M2       0    1    8.531440E+02   3.423900E+03   2.253652E-12
      81   L3       2    1 --->   M3       2    1    8.554137E+02   1.923810E+08   1.266275E-07
      82   L3       2    1 --->   M2       2    2    8.530026E+02   5.620770E+08   3.699658E-07
      83   L3       2    1 --->   M3       4    1    8.556582E+02   2.435850E+08   1.603306E-07
      84   L3       2    1 --->   M4       2    1    9.311394E+02   7.020600E+11   4.621043E-04
      85   L3       2    1 --->   M5       4    1    9.312686E+02   3.817620E+12   2.512803E-03
      86   L3       2    1 --->   M4       4    2    9.307826E+02   3.495780E+12   2.300964E-03
      87   L3       2    1 --->   M5       6    1    9.313881E+02   1.481510E+06   9.751476E-10
      88   L3       2    1 --->   N1       0    1    9.321253E+02   4.455290E+10   2.932525E-05
     103   L3       4    1 --->   M1       0    1    8.057503E+02   7.329790E+04   4.824555E-11
     104   L3       4    1 --->   M1       2    1    8.067332E+02   4.177550E+11   2.749713E-04
     105   L3       4    1 --->   M2       0    1    8.530612E+02   2.037090E+08   1.340837E-07
     106   L3       4    1 --->   M3       2    1    8.553309E+02   1.755120E+08   1.155241E-07
     107   L3       4    1 --->   M2       2    2    8.529197E+02   2.715740E+08   1.787532E-07
     108   L3       4    1 --->   M3       4    1    8.555754E+02   3.431340E+08   2.258549E-07
     109   L3       4    1 --->   M4       2    1    9.310565E+02   8.357000E+10   5.500677E-05
     110   L3       4    1 --->   M5       4    1    9.311857E+02   1.158250E+12   7.623740E-04
     111   L3       4    1 --->   M4       4    2    9.306997E+02   8.933410E+10   5.880077E-05
     112   L3       4    1 --->   M5       6    1    9.313053E+02   6.805760E+12   4.479632E-03
     113   L3       4    1 --->   N1       0    1    9.320424E+02   1.725440E+04   1.135705E-11

     114   M1       0    1 --->   M1       2    1    9.828300E-01   9.275620E-06   6.105324E-21
     116   M1       0    1 --->   M3       2    1    4.958055E+01   4.272360E+10   2.812118E-05
     117   M1       0    1 --->   M2       2    2    4.716943E+01   2.479320E+10   1.631918E-05
     118   M1       0    1 --->   M3       4    1    4.982505E+01   8.590400E+01   5.654304E-14
     119   M1       0    1 --->   M4       2    1    1.253062E+02   1.099680E-01   7.238225E-17
     120   M1       0    1 --->   M5       4    1    1.254354E+02   4.769520E+06   3.139355E-09
     121   M1       0    1 --->   M4       4    2    1.249494E+02   6.994530E+07   4.603883E-08
     123   M1       2    1 --->   M2       0    1    4.632803E+01   6.063540E+09   3.991094E-06
     124   M1       2    1 --->   M3       2    1    4.859772E+01   8.517700E+09   5.606452E-06
     125   M1       2    1 --->   M2       2    2    4.618660E+01   1.064150E+10   7.004362E-06
     126   M1       2    1 --->   M3       4    1    4.884223E+01   3.594140E+10   2.365706E-05
     127   M1       2    1 --->   M4       2    1    1.243234E+02   9.724780E+06   6.400966E-09
     128   M1       2    1 --->   M5       4    1    1.244526E+02   1.533620E+07   1.009447E-08
     129   M1       2    1 --->   M4       4    2    1.239666E+02   1.081710E+06   7.119944E-10
     130   M1       2    1 --->   M5       6    1    1.245721E+02   2.302630E+07   1.515619E-08
     131   M1       2    1 --->   N1       0    1    1.253093E+02   1.036040E+00   6.819339E-16

     132   M2       0    1 --->   M3       2    1    2.269690E+00   1.322720E+02   8.706301E-14
     133   M2       0    1 --->   M3       4    1    2.514200E+00   6.484900E-02   4.268439E-17
     134   M2       0    1 --->   M4       2    1    7.799534E+01   1.917640E+11   1.262214E-04
     135   M2       0    1 --->   M5       4    1    7.812456E+01   1.395960E+02   9.188375E-14
     136   M2       0    1 --->   M4       4    2    7.763854E+01   2.411760E+02   1.587449E-13
     144   M2       2    2 --->   M2       0    1    1.414300E-01   1.578810E-02   1.039192E-17
     145   M2       2    2 --->   M3       2    1    2.411120E+00   2.198120E+01   1.446829E-14
     146   M2       2    2 --->   M3       4    1    2.655630E+00   1.299250E+02   8.551819E-14
     147   M2       2    2 --->   M4       2    1    7.813678E+01   2.844820E+10   1.872494E-05
     148   M2       2    2 --->   M5       4    1    7.826600E+01   4.580620E+10   3.015019E-05
     149   M2       2    2 --->   M4       4    2    7.777997E+01   1.191270E+11   7.841081E-05
     150   M2       2    2 --->   M5       6    1    7.838550E+01   3.397230E+02   2.236097E-13
     151   M2       2    2 --->   N1       0    1    7.912269E+01   6.697490E+09   4.408368E-06

     138   M3       2    1 --->   M3       4    1    2.445100E-01   6.930940E-02   4.562027E-17
     139   M3       2    1 --->   M4       2    1    7.572566E+01   1.791510E+10   1.179193E-05
     140   M3       2    1 --->   M5       4    1    7.585488E+01   9.419820E+10   6.200238E-05
     141   M3       2    1 --->   M4       4    2    7.536885E+01   6.454320E+10   4.248310E-05
     142   M3       2    1 --->   M5       6    1    7.597438E+01   1.734970E+02   1.141978E-13
     143   M3       2    1 --->   N1       0    1    7.671157E+01   9.883990E+09   6.505760E-06
     152   M3       4    1 --->   M4       2    1    7.548115E+01   1.770690E+09   1.165489E-06
     153   M3       4    1 --->   M5       4    1    7.561037E+01   2.512430E+10   1.653711E-05
     154   M3       4    1 --->   M4       4    2    7.512434E+01   1.775620E+09   1.168734E-06
     155   M3       4    1 --->   M5       6    1    7.572987E+01   1.508620E+11   9.929917E-05
     156   M3       4    1 --->   N1       0    1    7.646706E+01   2.833570E+01   1.865090E-14

     157   M4       2    1 --->   M5       4    1    1.292200E-01   4.300280E-02   2.830496E-17
     158   M4       2    1 --->   M5       6    1    2.487300E-01   8.181260E-08   5.385003E-23
     159   M4       2    1 --->   N1       0    1    9.859100E-01   8.804760E-09   5.795398E-24
     162   M4       4    2 --->   M4       2    1    3.568100E-01   3.949090E-02   2.599338E-17
     163   M4       4    2 --->   M5       4    1    4.860300E-01   3.126950E-02   2.058196E-17
     164   M4       4    2 --->   M5       6    1    6.055300E-01   1.991070E-01   1.310546E-16
     165   M4       4    2 --->   N1       0    1    1.342720E+00   2.547920E-02   1.677071E-17

     160   M5       4    1 --->   M5       6    1    1.195100E-01   2.117120E-02   1.393514E-17
     161   M5       4    1 --->   N1       0    1    8.566900E-01   1.934370E-04   1.273225E-19
