 # S-Yields (as defined by McGuire)

# Atomic number Z= 29  Date:29-06-2020

# Shelli ---> Shellf   RadYield  AugYield  SupYield  ModYield
  K      ---> L1      4.571E-08 2.279E-01 2.279E-01 2.279E-01
  K      ---> L2      1.348E-01 2.939E-01 4.287E-01 4.874E-01
  K      ---> L3      2.637E-01 1.166E-01 3.802E-01 5.357E-01
  K      ---> M1      2.277E-08 3.107E-03 3.107E-03 1.107E-01
  K      ---> M2      1.746E-02 3.806E-03 2.126E-02 5.164E-01
  K      ---> M3      3.400E-02 4.627E-04 3.446E-02 2.959E-01

  L1     ---> L2      4.914E-06 2.572E-01 2.572E-01 2.572E-01
  L1     ---> L3      1.468E-05 6.723E-01 6.723E-01 6.735E-01
  L1     ---> M1      3.470E-11 5.158E-02 5.158E-02 1.382E-01
  L1     ---> M2      2.313E-04 8.154E-03 8.385E-03 4.302E-01
  L1     ---> M3      4.296E-04 7.464E-04 1.176E-03 3.046E-01

  L2     ---> L3      7.793E-11 4.549E-03 4.549E-03 4.549E-03
  L2     ---> M1      4.384E-04 9.463E-02 9.506E-02 9.548E-02
  L2     ---> M2      3.218E-09 5.567E-01 5.567E-01 5.897E-01
  L2     ---> M3      1.147E-06 6.878E-02 6.878E-02 1.152E-01

  L3     ---> M1      4.139E-04 9.193E-02 9.235E-02 9.235E-02
  L3     ---> M2      5.110E-07 3.461E-01 3.461E-01 3.766E-01
  L3     ---> M3      4.907E-07 3.276E-01 3.276E-01 3.711E-01

  M1     ---> M2      3.356E-06 3.294E-01 3.294E-01 3.294E-01
  M1     ---> M3      7.889E-06 4.706E-01 4.706E-01 4.706E-01

  M2     ---> M3      3.061E-14 0.000E+00 3.061E-14 3.061E-14

