# Atomic number Z= 29  Date:29-06-2020

#	Number	Shelli	2Ji	Eigi	--->	Shellf	2Jf	Eigf	Energy(eV)	BranchingRatio	TransitionYield	Intensity(eV)	Weight(%)	RadWidth(eV)	AugWidth(eV)	TotWidth(eV)
	1	K	0	1	--->	L2	1	1	9.26E+02	8.89E+11	8.89E+11	8.89E+11	8.89E+11	8.89E+11	8.89E+11	5.85E-04
	2	K	0	1	--->	L2	1	2	9.25E+02	5.12E+11	5.12E+11	5.12E+11	5.12E+11	5.12E+11	5.12E+11	3.37E-04
	3	K	0	1	--->	L2	3	1	9.29E+02	5.16E+10	5.16E+10	5.16E+10	5.16E+10	5.16E+10	5.16E+10	3.39E-05
	4	K	0	1	--->	L2	3	3	9.26E+02	8.69E+12	8.69E+12	8.69E+12	8.69E+12	8.69E+12	8.69E+12	5.72E-03
	5	K	0	1	--->	L2	3	4	9.26E+02	6.57E+11	6.57E+11	6.57E+11	6.57E+11	6.57E+11	6.57E+11	4.32E-04
	6	K	0	1	--->	L2	5	1	9.29E+02	1.82E+13	1.82E+13	1.82E+13	1.82E+13	1.82E+13	1.82E+13	1.20E-02
	7	K	0	1	--->	L2	5	2	9.28E+02	5.01E+12	5.01E+12	5.01E+12	5.01E+12	5.01E+12	5.01E+12	3.30E-03
	8	K	0	1	--->	L2	5	4	9.26E+02	8.90E+12	8.90E+12	8.90E+12	8.90E+12	8.90E+12	8.90E+12	5.86E-03
	9	K	0	1	--->	L2	7	1	9.29E+02	4.19E+13	4.19E+13	4.19E+13	4.19E+13	4.19E+13	4.19E+13	2.76E-02
	10	K	0	1	--->	L2	7	3	9.25E+02	1.93E+14	1.93E+14	1.93E+14	1.93E+14	1.93E+14	1.93E+14	1.27E-01
	11	K	0	1	--->	L2	9	2	9.25E+02	6.18E+12	6.18E+12	6.18E+12	6.18E+12	6.18E+12	6.18E+12	4.07E-03
	12	K	2	2	--->	L2	1	1	9.26E+02	1.54E+12	1.54E+12	1.54E+12	1.54E+12	1.54E+12	1.54E+12	1.01E-03
	13	K	2	2	--->	L2	1	2	9.26E+02	1.64E+12	1.64E+12	1.64E+12	1.64E+12	1.64E+12	1.64E+12	1.08E-03
	14	K	2	2	--->	L2	3	1	9.29E+02	1.01E+13	1.01E+13	1.01E+13	1.01E+13	1.01E+13	1.01E+13	6.64E-03
	15	K	2	2	--->	L2	3	3	9.26E+02	1.52E+12	1.52E+12	1.52E+12	1.52E+12	1.52E+12	1.52E+12	1.00E-03
	16	K	2	2	--->	L2	3	4	9.26E+02	2.60E+12	2.60E+12	2.60E+12	2.60E+12	2.60E+12	2.60E+12	1.71E-03
	17	K	2	2	--->	L2	5	1	9.29E+02	9.40E+12	9.40E+12	9.40E+12	9.40E+12	9.40E+12	9.40E+12	6.19E-03
	18	K	2	2	--->	L2	5	2	9.28E+02	1.31E+13	1.31E+13	1.31E+13	1.31E+13	1.31E+13	1.31E+13	8.60E-03
	19	K	2	2	--->	L2	5	4	9.26E+02	9.49E+12	9.49E+12	9.49E+12	9.49E+12	9.49E+12	9.49E+12	6.25E-03
	20	K	2	2	--->	L2	7	1	9.29E+02	2.60E+12	2.60E+12	2.60E+12	2.60E+12	2.60E+12	2.60E+12	1.71E-03
	21	K	2	2	--->	L2	7	3	9.25E+02	5.39E+13	5.39E+13	5.39E+13	5.39E+13	5.39E+13	5.39E+13	3.55E-02
	22	K	2	2	--->	L2	9	2	9.25E+02	1.46E+14	1.46E+14	1.46E+14	1.46E+14	1.46E+14	1.46E+14	9.60E-02
	23	K	0	1	--->	L2	1	3	9.20E+02	6.93E+12	6.93E+12	6.93E+12	6.93E+12	6.93E+12	6.93E+12	4.56E-03
	24	K	0	1	--->	L2	3	2	9.27E+02	3.22E+12	3.22E+12	3.22E+12	3.22E+12	3.22E+12	3.22E+12	2.12E-03
	25	K	0	1	--->	L2	5	3	9.27E+02	2.48E+13	2.48E+13	2.48E+13	2.48E+13	2.48E+13	2.48E+13	1.63E-02
	26	K	0	1	--->	L2	7	2	9.28E+02	8.61E+09	8.61E+09	8.61E+09	8.61E+09	8.61E+09	8.61E+09	5.66E-06
	27	K	0	1	--->	L2	9	1	9.29E+02	6.21E+09	6.21E+09	6.21E+09	6.21E+09	6.21E+09	6.21E+09	4.09E-06
	28	K	2	2	--->	L2	1	3	9.20E+02	6.93E+12	6.93E+12	6.93E+12	6.93E+12	6.93E+12	6.93E+12	4.56E-03
	29	K	2	2	--->	L2	3	2	9.27E+02	1.75E+13	1.75E+13	1.75E+13	1.75E+13	1.75E+13	1.75E+13	1.15E-02
	30	K	2	2	--->	L2	5	3	9.27E+02	1.34E+13	1.34E+13	1.34E+13	1.34E+13	1.34E+13	1.34E+13	8.83E-03
	31	K	2	2	--->	L2	7	2	9.28E+02	1.55E+13	1.55E+13	1.55E+13	1.55E+13	1.55E+13	1.55E+13	1.02E-02
	32	K	2	2	--->	L2	9	1	9.29E+02	1.45E+13	1.45E+13	1.45E+13	1.45E+13	1.45E+13	1.45E+13	9.55E-03
	33	K	2	1	--->	L3	1	1	9.06E+02	1.08E+12	1.08E+12	1.08E+12	1.08E+12	1.08E+12	1.08E+12	7.08E-04
	34	K	2	1	--->	L3	1	2	9.06E+02	1.45E+12	1.45E+12	1.45E+12	1.45E+12	1.45E+12	1.45E+12	9.53E-04
	35	K	2	1	--->	L3	3	1	9.09E+02	7.47E+12	7.47E+12	7.47E+12	7.47E+12	7.47E+12	7.47E+12	4.92E-03
	36	K	2	1	--->	L3	3	3	9.06E+02	4.55E+11	4.55E+11	4.55E+11	4.55E+11	4.55E+11	4.55E+11	3.00E-04
	37	K	2	1	--->	L3	3	4	9.06E+02	4.37E+12	4.37E+12	4.37E+12	4.37E+12	4.37E+12	4.37E+12	2.87E-03
	38	K	2	1	--->	L3	5	1	9.09E+02	6.53E+12	6.53E+12	6.53E+12	6.53E+12	6.53E+12	6.53E+12	4.30E-03
	39	K	2	1	--->	L3	5	2	9.08E+02	2.23E+13	2.23E+13	2.23E+13	2.23E+13	2.23E+13	2.23E+13	1.47E-02
	40	K	2	1	--->	L3	5	4	9.06E+02	5.45E+12	5.45E+12	5.45E+12	5.45E+12	5.45E+12	5.45E+12	3.59E-03
	41	K	2	1	--->	L3	7	1	9.09E+02	4.14E+12	4.14E+12	4.14E+12	4.14E+12	4.14E+12	4.14E+12	2.73E-03
	42	K	2	1	--->	L3	7	3	9.05E+02	1.84E+14	1.84E+14	1.84E+14	1.84E+14	1.84E+14	1.84E+14	1.21E-01
	43	K	2	1	--->	L3	9	2	9.05E+02	2.38E+13	2.38E+13	2.38E+13	2.38E+13	2.38E+13	2.38E+13	1.57E-02
	44	K	4	1	--->	L3	1	1	9.06E+02	3.65E+11	3.65E+11	3.65E+11	3.65E+11	3.65E+11	3.65E+11	2.41E-04
	45	K	4	1	--->	L3	1	2	9.05E+02	2.15E+11	2.15E+11	2.15E+11	2.15E+11	2.15E+11	2.15E+11	1.42E-04
	46	K	4	1	--->	L3	3	1	9.09E+02	7.00E+12	7.00E+12	7.00E+12	7.00E+12	7.00E+12	7.00E+12	4.61E-03
	47	K	4	1	--->	L3	3	3	9.06E+02	2.84E+12	2.84E+12	2.84E+12	2.84E+12	2.84E+12	2.84E+12	1.87E-03
	48	K	4	1	--->	L3	3	4	9.06E+02	9.41E+11	9.41E+11	9.41E+11	9.41E+11	9.41E+11	9.41E+11	6.19E-04
	49	K	4	1	--->	L3	5	1	9.09E+02	1.39E+13	1.39E+13	1.39E+13	1.39E+13	1.39E+13	1.39E+13	9.14E-03
	50	K	4	1	--->	L3	5	2	9.08E+02	4.47E+12	4.47E+12	4.47E+12	4.47E+12	4.47E+12	4.47E+12	2.94E-03
	51	K	4	1	--->	L3	5	4	9.06E+02	6.44E+12	6.44E+12	6.44E+12	6.44E+12	6.44E+12	6.44E+12	4.24E-03
	52	K	4	1	--->	L3	7	1	9.09E+02	2.31E+13	2.31E+13	2.31E+13	2.31E+13	2.31E+13	2.31E+13	1.52E-02
	53	K	4	1	--->	L3	7	3	9.05E+02	3.80E+13	3.80E+13	3.80E+13	3.80E+13	3.80E+13	3.80E+13	2.50E-02
	54	K	4	1	--->	L3	9	2	9.05E+02	1.71E+14	1.71E+14	1.71E+14	1.71E+14	1.71E+14	1.71E+14	1.13E-01
	55	K	2	1	--->	L3	1	3	9.00E+02	7.01E+12	7.01E+12	7.01E+12	7.01E+12	7.01E+12	7.01E+12	4.61E-03
	56	K	2	1	--->	L3	3	2	9.07E+02	8.23E+12	8.23E+12	8.23E+12	8.23E+12	8.23E+12	8.23E+12	5.42E-03
	57	K	2	1	--->	L3	5	3	9.07E+02	2.37E+13	2.37E+13	2.37E+13	2.37E+13	2.37E+13	2.37E+13	1.56E-02
	58	K	2	1	--->	L3	7	2	9.08E+02	3.38E+13	3.38E+13	3.38E+13	3.38E+13	3.38E+13	3.38E+13	2.22E-02
	59	K	2	1	--->	L3	9	1	9.09E+02	9.91E+12	9.91E+12	9.91E+12	9.91E+12	9.91E+12	9.91E+12	6.52E-03
	60	K	4	1	--->	L3	1	3	9.00E+02	7.01E+12	7.01E+12	7.01E+12	7.01E+12	7.01E+12	7.01E+12	4.61E-03
	61	K	4	1	--->	L3	3	2	9.07E+02	1.77E+13	1.77E+13	1.77E+13	1.77E+13	1.77E+13	1.77E+13	1.16E-02
	62	K	4	1	--->	L3	5	3	9.07E+02	1.62E+13	1.62E+13	1.62E+13	1.62E+13	1.62E+13	1.62E+13	1.06E-02
	63	K	4	1	--->	L3	7	2	9.08E+02	6.51E+12	6.51E+12	6.51E+12	6.51E+12	6.51E+12	6.51E+12	4.28E-03
	64	K	4	1	--->	L3	9	1	9.09E+02	2.88E+13	2.88E+13	2.88E+13	2.88E+13	2.88E+13	2.88E+13	1.90E-02


